Starting SASC.
Iteration: 1
Step			Log-likelihood			Temperature
1			-38403.486275			99900.000000
1000			-36097.752757			36769.542477
2000			-33584.213822			23501.721022
3000			-32804.211338			21265.130236
4000			-39509.340129			19241.389323
5000			-37691.770853			17410.241977
6000			-35995.385003			15753.359626
7000			-36306.118161			14254.157974
8000			-33476.175313			12897.631004
9000			-28609.082231			11670.200782
10000			-38366.769703			10559.581542
11000			-27302.882385			9554.656721
12000			-32674.509963			8645.367688
13000			-31405.278876			7822.613061
14000			-36917.761657			7078.157611
15000			-31816.673140			6404.549832
16000			-29622.180113			5795.047357
17000			-33593.898731			5243.549468
18000			-37242.795015			4744.536038
19000			-30453.668433			4293.012272
20000			-36088.402060			3884.458716
21000			-34302.013453			3514.786020
22000			-35468.117441			3180.294005
23000			-28543.920688			2877.634626
24000			-25434.580779			2603.778466
25000			-31358.147246			2355.984403
26000			-28088.881216			2131.772185
27000			-23212.812799			1928.897594
28000			-28428.425810			1745.329992
29000			-26111.523729			1579.231987
30000			-21753.190335			1428.941048
31000			-19704.854019			1292.952863
32000			-27378.690599			1169.906280
33000			-16976.501786			1058.569685
34000			-20859.548933			957.828671
35000			-16570.734345			866.674888
36000			-21856.789556			784.195947
37000			-13385.586222			709.566288
38000			-15746.098477			642.038917
39000			-11769.034419			580.937931
40000			-16002.612882			525.651749
41000			-12835.623685			475.626993
42000			-13505.227325			430.362949
43000			-12258.063662			389.406552
44000			-11349.397750			352.347857
45000			-13841.784034			318.815931
46000			-12303.670487			288.475142
47000			-10923.547858			261.021797
48000			-10110.370834			236.181108
49000			-10359.666323			213.704435
50000			-11302.151843			193.366803
51000			-10567.116955			174.964643
52000			-10080.829248			158.313765
53000			-10918.513274			143.247502
54000			-9246.933603			129.615051
55000			-8655.976475			117.279962
56000			-7929.093071			106.118767
57000			-8077.422436			96.019751
58000			-7073.819001			86.881830
59000			-6966.490066			78.613537
60000			-7186.871519			71.132114
61000			-7339.801439			64.362677
62000			-6165.651626			58.237467
63000			-6341.308773			52.695176
64000			-5680.604284			47.680328
65000			-5476.167953			43.142730
66000			-4929.064288			39.036961
67000			-4889.450752			35.321926
68000			-4658.293615			31.960441
69000			-4411.191355			28.918858
70000			-4274.921970			26.166734
71000			-4145.789477			23.676522
72000			-3823.958101			21.423296
73000			-3476.496693			19.384503
74000			-3372.187897			17.539736
75000			-3326.754018			15.870530
76000			-3258.554819			14.360177
77000			-3216.850652			12.993561
78000			-3237.718862			11.757001
79000			-3209.262212			10.638121
80000			-3139.069143			9.625722
81000			-3084.052953			8.709670
82000			-2894.954769			7.880796
83000			-2851.321239			7.130803
84000			-2853.218349			6.452185
85000			-2853.218349			5.838150
86000			-2836.144359			5.282550
87000			-2815.276150			4.779825
88000			-2826.658809			4.324943
89000			-2633.185844			3.913350
90000			-2646.465614			3.540928
91000			-2631.288734			3.203948
92000			-2621.803184			2.899038
93000			-2619.906074			2.623145
94000			-2635.082954			2.373508
95000			-2625.597404			2.147628
96000			-2619.906074			1.943244
97000			-2621.803184			1.758311
98000			-2564.889885			1.590978
99000			-2566.786995			1.439569
100000			-2568.684105			1.302570
101000			-2562.992775			1.178608
102000			-2562.992775			1.066443
103000			-2559.198555			0.964953
104000			-2559.198555			0.873121
105000			-2559.198555			0.790029
106000			-2507.976585			0.714844
107000			-2507.976585			0.646814
108000			-2507.976585			0.585259
109000			-2507.976585			0.529561
110000			-2464.343056			0.479165
111000			-2464.343056			0.433564
112000			-2464.343056			0.392303
113000			-2464.343056			0.354969
114000			-2464.343056			0.321187
115000			-2464.343056			0.290621
116000			-2464.343056			0.262963
117000			-2464.343056			0.237938
118000			-2464.343056			0.215294
119000			-2464.343056			0.194805
120000			-2462.445946			0.176266
121000			-2462.445946			0.159491
122000			-2462.445946			0.144313
123000			-2462.445946			0.130579
124000			-2462.445946			0.118152
125000			-2462.445946			0.106908
126000			-2462.445946			0.096734
127000			-2462.445946			0.087528
128000			-2462.445946			0.079198
129000			-2462.445946			0.071661
130000			-2462.445946			0.064841
131000			-2462.445946			0.058671
132000			-2462.445946			0.053087
133000			-2462.445946			0.048035
134000			-2462.445946			0.043464
135000			-2462.445946			0.039327
136000			-2462.445946			0.035585
137000			-2462.445946			0.032198
138000			-2462.445946			0.029134
139000			-2462.445946			0.026361
140000			-2462.445946			0.023853
141000			-2462.445946			0.021583
142000			-2462.445946			0.019529
143000			-2462.445946			0.017670
144000			-2462.445946			0.015989
145000			-2462.445946			0.014467
146000			-2462.445946			0.013090
147000			-2462.445946			0.011844
148000			-2462.445946			0.010717
149000			-2462.445946			0.009697
150000			-2462.445946			0.008774
151000			-2462.445946			0.007939
152000			-2462.445946			0.007184
153000			-2462.445946			0.006500
154000			-2462.445946			0.005882
155000			-2462.445946			0.005322
156000			-2462.445946			0.004815
157000			-2462.445946			0.004357
158000			-2462.445946			0.003942
159000			-2462.445946			0.003567
160000			-2462.445946			0.003228
161000			-2462.445946			0.002921
162000			-2462.445946			0.002643
163000			-2462.445946			0.002391
164000			-2462.445946			0.002164
165000			-2462.445946			0.001958
166000			-2462.445946			0.001771
167000			-2462.445946			0.001603
168000			-2462.445946			0.001450
169000			-2462.445946			0.001312
170000			-2462.445946			0.001187
171000			-2462.445946			0.001074
Iteration: 2
Step			Log-likelihood			Temperature
1			-40278.039196			99900.000000
1000			-32240.625922			36769.542477
2000			-32968.227798			23501.721022
3000			-30842.971918			21265.130236
4000			-35571.136102			19241.389323
5000			-37330.062074			17410.241977
6000			-35287.510791			15753.359626
7000			-34677.667644			14254.157974
8000			-31103.004999			12897.631004
9000			-32851.193379			11670.200782
10000			-40411.901256			10559.581542
11000			-35264.191324			9554.656721
12000			-28004.124080			8645.367688
13000			-37872.151729			7822.613061
14000			-33516.648012			7078.157611
15000			-35810.649921			6404.549832
16000			-36941.224873			5795.047357
17000			-34272.166850			5243.549468
18000			-30866.182946			4744.536038
19000			-30471.692507			4293.012272
20000			-37578.190603			3884.458716
21000			-30254.020337			3514.786020
22000			-31057.195757			3180.294005
23000			-28860.359912			2877.634626
24000			-25514.538000			2603.778466
25000			-27491.180074			2355.984403
26000			-33068.935894			2131.772185
27000			-34643.106210			1928.897594
28000			-32555.534502			1745.329992
29000			-20794.880087			1579.231987
30000			-25695.440770			1428.941048
31000			-26006.264849			1292.952863
32000			-16319.527010			1169.906280
33000			-29430.196643			1058.569685
34000			-17932.586551			957.828671
35000			-18808.635128			866.674888
36000			-13902.336126			784.195947
37000			-17099.374066			709.566288
38000			-15751.039082			642.038917
39000			-12339.592402			580.937931
40000			-16028.099164			525.651749
41000			-12259.429982			475.626993
42000			-12208.814988			430.362949
43000			-12016.981105			389.406552
44000			-10561.006331			352.347857
45000			-12871.378495			318.815931
46000			-11454.410281			288.475142
47000			-10629.340383			261.021797
48000			-9190.219663			236.181108
49000			-8533.620249			213.704435
50000			-10236.310243			193.366803
51000			-10176.699338			174.964643
52000			-10110.564355			158.313765
53000			-8425.426312			143.247502
54000			-8925.817640			129.615051
55000			-8624.177153			117.279962
56000			-8599.083751			106.118767
57000			-7669.092242			96.019751
58000			-7399.509104			86.881830
59000			-6672.986326			78.613537
60000			-6796.905450			71.132114
61000			-6573.600618			64.362677
62000			-5788.202924			58.237467
63000			-5119.904155			52.695176
64000			-4129.489568			47.680328
65000			-4093.444479			43.142730
66000			-4118.590709			39.036961
67000			-3663.316566			35.321926
68000			-3792.959274			31.960441
69000			-3521.866066			28.918858
70000			-3355.565455			26.166734
71000			-3370.484308			23.676522
72000			-3378.072748			21.423296
73000			-3252.863489			19.384503
74000			-3130.067394			17.539736
75000			-3124.376064			15.870530
76000			-3116.787624			14.360177
77000			-3166.112483			12.993561
78000			-3137.655833			11.757001
79000			-3131.964504			10.638121
80000			-3088.330974			9.625722
81000			-3016.208541			8.709670
82000			-3012.446574			7.880796
83000			-2769.616496			7.130803
84000			-2735.468517			6.452185
85000			-2663.378337			5.838150
86000			-2648.201457			5.282550
87000			-2631.127468			4.779825
88000			-2595.082378			4.324943
89000			-2596.979488			3.913350
90000			-2598.876598			3.540928
91000			-2606.465038			3.203948
92000			-2576.691839			2.899038
93000			-2572.897619			2.623145
94000			-2572.897619			2.373508
95000			-2531.161199			2.147628
96000			-2525.469869			1.943244
97000			-2510.292989			1.758311
98000			-2495.116109			1.590978
99000			-2500.807439			1.439569
100000			-2500.807439			1.302570
101000			-2498.910329			1.178608
102000			-2500.807439			1.066443
103000			-2497.013219			0.964953
104000			-2493.218999			0.873121
105000			-2491.321889			0.790029
106000			-2495.116109			0.714844
107000			-2497.013219			0.646814
108000			-2495.116109			0.585259
109000			-2491.321889			0.529561
110000			-2489.424779			0.479165
111000			-2489.424779			0.433564
112000			-2487.527669			0.392303
113000			-2487.527669			0.354969
114000			-2487.527669			0.321187
115000			-2485.630559			0.290621
116000			-2485.630559			0.262963
117000			-2485.630559			0.237938
118000			-2485.630559			0.215294
119000			-2485.630559			0.194805
120000			-2485.630559			0.176266
121000			-2485.630559			0.159491
122000			-2485.630559			0.144313
123000			-2485.630559			0.130579
124000			-2485.630559			0.118152
125000			-2485.630559			0.106908
126000			-2485.630559			0.096734
127000			-2485.630559			0.087528
128000			-2485.630559			0.079198
129000			-2485.630559			0.071661
130000			-2485.630559			0.064841
131000			-2485.630559			0.058671
132000			-2485.630559			0.053087
133000			-2485.630559			0.048035
134000			-2485.630559			0.043464
135000			-2485.630559			0.039327
136000			-2485.630559			0.035585
137000			-2485.630559			0.032198
138000			-2485.630559			0.029134
139000			-2485.630559			0.026361
140000			-2485.630559			0.023853
141000			-2485.630559			0.021583
142000			-2485.630559			0.019529
143000			-2485.630559			0.017670
144000			-2485.630559			0.015989
145000			-2485.630559			0.014467
146000			-2485.630559			0.013090
147000			-2485.630559			0.011844
148000			-2485.630559			0.010717
149000			-2485.630559			0.009697
150000			-2485.630559			0.008774
151000			-2485.630559			0.007939
152000			-2485.630559			0.007184
153000			-2485.630559			0.006500
154000			-2485.630559			0.005882
155000			-2485.630559			0.005322
156000			-2485.630559			0.004815
157000			-2485.630559			0.004357
158000			-2485.630559			0.003942
159000			-2485.630559			0.003567
160000			-2485.630559			0.003228
161000			-2485.630559			0.002921
162000			-2485.630559			0.002643
163000			-2485.630559			0.002391
164000			-2485.630559			0.002164
165000			-2485.630559			0.001958
166000			-2485.630559			0.001771
167000			-2485.630559			0.001603
168000			-2485.630559			0.001450
169000			-2485.630559			0.001312
170000			-2485.630559			0.001187
171000			-2485.630559			0.001074
Iteration: 3
Step			Log-likelihood			Temperature
1			-39522.737234			99900.000000
1000			-34362.462946			36769.542477
2000			-38075.265672			23501.721022
3000			-37386.207132			21265.130236
4000			-34583.102426			19241.389323
5000			-34435.242124			17410.241977
6000			-32712.774696			15753.359626
7000			-26263.749914			14254.157974
8000			-31520.310528			12897.631004
9000			-34465.868647			11670.200782
10000			-37310.859362			10559.581542
11000			-36201.261058			9554.656721
12000			-36238.150574			8645.367688
13000			-34067.551735			7822.613061
14000			-35181.944113			7078.157611
15000			-40313.257376			6404.549832
16000			-34644.067972			5795.047357
17000			-35831.084101			5243.549468
18000			-32484.148058			4744.536038
19000			-27147.442541			4293.012272
20000			-31366.741379			3884.458716
21000			-28504.084436			3514.786020
22000			-32696.410280			3180.294005
23000			-27560.314621			2877.634626
24000			-31543.961425			2603.778466
25000			-29117.642559			2355.984403
26000			-30616.570762			2131.772185
27000			-24822.318630			1928.897594
28000			-28684.993045			1745.329992
29000			-23156.958021			1579.231987
30000			-26510.825759			1428.941048
31000			-17257.617173			1292.952863
32000			-19217.287856			1169.906280
33000			-18829.400739			1058.569685
34000			-18597.082480			957.828671
35000			-13043.613727			866.674888
36000			-20688.943886			784.195947
37000			-16002.463294			709.566288
38000			-14745.362534			642.038917
39000			-12984.319517			580.937931
40000			-13920.512570			525.651749
41000			-11796.212612			475.626993
42000			-13508.097875			430.362949
43000			-12508.397098			389.406552
44000			-12525.309821			352.347857
45000			-9643.300577			318.815931
46000			-11502.031551			288.475142
47000			-13099.354227			261.021797
48000			-11787.592064			236.181108
49000			-9803.464150			213.704435
50000			-11645.728109			193.366803
51000			-9277.539551			174.964643
52000			-9697.155645			158.313765
53000			-9529.048845			143.247502
54000			-9695.446216			129.615051
55000			-8895.188336			117.279962
56000			-7644.816853			106.118767
57000			-6841.538834			96.019751
58000			-6909.867047			86.881830
59000			-6874.950825			78.613537
60000			-6759.710917			71.132114
61000			-5573.313441			64.362677
62000			-5499.777699			58.237467
63000			-5394.340035			52.695176
64000			-4339.133429			47.680328
65000			-3826.209998			43.142730
66000			-4137.271529			39.036961
67000			-4087.946669			35.321926
68000			-4010.165160			31.960441
69000			-4057.592909			28.918858
70000			-3824.312888			26.166734
71000			-3634.666396			23.676522
72000			-3366.147619			21.423296
73000			-3227.658590			19.384503
74000			-2878.590353			17.539736
75000			-2865.310583			15.870530
76000			-2842.513010			14.360177
77000			-2669.908255			12.993561
78000			-2668.011145			11.757001
79000			-2588.397032			10.638121
80000			-2540.969283			9.625722
81000			-2552.351943			8.709670
82000			-2558.043273			7.880796
83000			-2563.734603			7.130803
84000			-2554.249053			6.452185
85000			-2537.175063			5.838150
86000			-2539.072173			5.282550
87000			-2533.380843			4.779825
88000			-2542.866393			4.324943
89000			-2539.072173			3.913350
90000			-2531.483733			3.540928
91000			-2474.570433			3.203948
92000			-2468.879103			2.899038
93000			-2465.084883			2.623145
94000			-2461.290663			2.373508
95000			-2457.496443			2.147628
96000			-2453.702223			1.943244
97000			-2453.702223			1.758311
98000			-2451.805113			1.590978
99000			-2455.599333			1.439569
100000			-2459.393553			1.302570
101000			-2461.290663			1.178608
102000			-2457.496443			1.066443
103000			-2455.599333			0.964953
104000			-2455.599333			0.873121
105000			-2453.702223			0.790029
106000			-2449.908003			0.714844
107000			-2451.805113			0.646814
108000			-2451.805113			0.585259
109000			-2451.805113			0.529561
110000			-2451.805113			0.479165
111000			-2451.805113			0.433564
112000			-2449.908003			0.392303
113000			-2449.908003			0.354969
114000			-2449.908003			0.321187
115000			-2449.908003			0.290621
116000			-2449.908003			0.262963
117000			-2448.010893			0.237938
118000			-2448.010893			0.215294
119000			-2448.010893			0.194805
120000			-2448.010893			0.176266
121000			-2448.010893			0.159491
122000			-2448.010893			0.144313
123000			-2448.010893			0.130579
124000			-2444.216673			0.118152
125000			-2444.216673			0.106908
126000			-2444.216673			0.096734
127000			-2444.216673			0.087528
128000			-2444.216673			0.079198
129000			-2444.216673			0.071661
130000			-2444.216673			0.064841
131000			-2444.216673			0.058671
132000			-2444.216673			0.053087
133000			-2444.216673			0.048035
134000			-2444.216673			0.043464
135000			-2444.216673			0.039327
136000			-2442.319563			0.035585
137000			-2442.319563			0.032198
138000			-2442.319563			0.029134
139000			-2442.319563			0.026361
140000			-2442.319563			0.023853
141000			-2442.319563			0.021583
142000			-2442.319563			0.019529
143000			-2442.319563			0.017670
144000			-2442.319563			0.015989
145000			-2442.319563			0.014467
146000			-2442.319563			0.013090
147000			-2400.583144			0.011844
148000			-2400.583144			0.010717
149000			-2398.686034			0.009697
150000			-2398.686034			0.008774
151000			-2398.686034			0.007939
152000			-2398.686034			0.007184
153000			-2398.686034			0.006500
154000			-2398.686034			0.005882
155000			-2398.686034			0.005322
156000			-2398.686034			0.004815
157000			-2398.686034			0.004357
158000			-2398.686034			0.003942
159000			-2398.686034			0.003567
160000			-2398.686034			0.003228
161000			-2398.686034			0.002921
162000			-2398.686034			0.002643
163000			-2398.686034			0.002391
164000			-2398.686034			0.002164
165000			-2398.686034			0.001958
166000			-2398.686034			0.001771
167000			-2398.686034			0.001603
168000			-2398.686034			0.001450
169000			-2398.686034			0.001312
170000			-2398.686034			0.001187
171000			-2398.686034			0.001074
Iteration: 4
Step			Log-likelihood			Temperature
1			-40283.633766			99900.000000
1000			-36277.467991			36769.542477
2000			-29577.429394			23501.721022
3000			-34996.285362			21265.130236
4000			-30090.100637			19241.389323
5000			-30880.436156			17410.241977
6000			-37735.700502			15753.359626
7000			-33704.848941			14254.157974
8000			-37945.106911			12897.631004
9000			-29483.896283			11670.200782
10000			-28120.718630			10559.581542
11000			-33394.341556			9554.656721
12000			-32641.775292			8645.367688
13000			-36435.837053			7822.613061
14000			-36893.861630			7078.157611
15000			-35022.877155			6404.549832
16000			-33667.874342			5795.047357
17000			-32878.790866			5243.549468
18000			-30113.988986			4744.536038
19000			-35381.662555			4293.012272
20000			-30220.538000			3884.458716
21000			-32778.006585			3514.786020
22000			-28778.493902			3180.294005
23000			-27991.424871			2877.634626
24000			-33476.336580			2603.778466
25000			-26545.516207			2355.984403
26000			-30744.113942			2131.772185
27000			-34594.297404			1928.897594
28000			-24241.002479			1745.329992
29000			-25145.498809			1579.231987
30000			-25230.572639			1428.941048
31000			-18280.238698			1292.952863
32000			-22110.389480			1169.906280
33000			-19114.102089			1058.569685
34000			-24894.784171			957.828671
35000			-22104.299432			866.674888
36000			-14625.451725			784.195947
37000			-17083.056640			709.566288
38000			-16661.904063			642.038917
39000			-13865.936249			580.937931
40000			-14992.485368			525.651749
41000			-11649.431408			475.626993
42000			-14148.552808			430.362949
43000			-14922.588418			389.406552
44000			-11766.685762			352.347857
45000			-11730.640672			318.815931
46000			-10666.411741			288.475142
47000			-10035.861652			261.021797
48000			-10286.376930			236.181108
49000			-10630.070532			213.704435
50000			-10710.496818			193.366803
51000			-9590.524606			174.964643
52000			-8679.768064			158.313765
53000			-10014.134279			143.247502
54000			-9067.869276			129.615051
55000			-8209.311202			117.279962
56000			-8316.774989			106.118767
57000			-8049.986217			96.019751
58000			-7622.341814			86.881830
59000			-6342.856935			78.613537
60000			-6095.206368			71.132114
61000			-5803.761005			64.362677
62000			-5706.137555			58.237467
63000			-5957.646848			52.695176
64000			-4928.360553			47.680328
65000			-4485.823712			43.142730
66000			-4212.000646			39.036961
67000			-4168.463876			35.321926
68000			-4092.579477			31.960441
69000			-4069.749650			28.918858
70000			-3793.545673			26.166734
71000			-3618.334234			23.676522
72000			-3406.535236			21.423296
73000			-3237.208647			19.384503
74000			-3057.499253			17.539736
75000			-3150.457642			15.870530
76000			-3009.523196			14.360177
77000			-2943.156599			12.993561
78000			-2880.551970			11.757001
79000			-2914.699950			10.638121
80000			-2861.580870			9.625722
81000			-2859.683760			8.709670
82000			-2761.034041			7.880796
83000			-2768.622481			7.130803
84000			-2755.342711			6.452185
85000			-2757.239821			5.838150
86000			-2761.034041			5.282550
87000			-2761.034041			4.779825
88000			-2753.445601			4.324943
89000			-2749.651381			3.913350
90000			-2755.342711			3.540928
91000			-2704.120741			3.203948
92000			-2523.895293			2.899038
93000			-2523.895293			2.623145
94000			-2525.792403			2.373508
95000			-2521.998183			2.147628
96000			-2520.101073			1.943244
97000			-2516.306853			1.758311
98000			-2514.409743			1.590978
99000			-2425.245574			1.439569
100000			-2421.451354			1.302570
101000			-2423.348464			1.178608
102000			-2408.171584			1.066443
103000			-2406.274474			0.964953
104000			-2408.171584			0.873121
105000			-2406.274474			0.790029
106000			-2406.274474			0.714844
107000			-2406.274474			0.646814
108000			-2406.274474			0.585259
109000			-2404.377364			0.529561
110000			-2402.480254			0.479165
111000			-2402.480254			0.433564
112000			-2402.480254			0.392303
113000			-2400.583144			0.354969
114000			-2400.583144			0.321187
115000			-2398.686034			0.290621
116000			-2398.686034			0.262963
117000			-2398.686034			0.237938
118000			-2398.686034			0.215294
119000			-2398.686034			0.194805
120000			-2398.686034			0.176266
121000			-2398.686034			0.159491
122000			-2398.686034			0.144313
123000			-2398.686034			0.130579
124000			-2398.686034			0.118152
125000			-2398.686034			0.106908
126000			-2398.686034			0.096734
127000			-2398.686034			0.087528
128000			-2398.686034			0.079198
129000			-2398.686034			0.071661
130000			-2398.686034			0.064841
131000			-2398.686034			0.058671
132000			-2398.686034			0.053087
133000			-2398.686034			0.048035
134000			-2398.686034			0.043464
135000			-2398.686034			0.039327
136000			-2398.686034			0.035585
137000			-2398.686034			0.032198
138000			-2398.686034			0.029134
139000			-2398.686034			0.026361
140000			-2398.686034			0.023853
141000			-2398.686034			0.021583
142000			-2398.686034			0.019529
143000			-2398.686034			0.017670
144000			-2398.686034			0.015989
145000			-2398.686034			0.014467
146000			-2398.686034			0.013090
147000			-2398.686034			0.011844
148000			-2398.686034			0.010717
149000			-2398.686034			0.009697
150000			-2398.686034			0.008774
151000			-2398.686034			0.007939
152000			-2398.686034			0.007184
153000			-2398.686034			0.006500
154000			-2398.686034			0.005882
155000			-2398.686034			0.005322
156000			-2398.686034			0.004815
157000			-2398.686034			0.004357
158000			-2398.686034			0.003942
159000			-2398.686034			0.003567
160000			-2398.686034			0.003228
161000			-2398.686034			0.002921
162000			-2398.686034			0.002643
163000			-2398.686034			0.002391
164000			-2398.686034			0.002164
165000			-2398.686034			0.001958
166000			-2398.686034			0.001771
167000			-2398.686034			0.001603
168000			-2398.686034			0.001450
169000			-2398.686034			0.001312
170000			-2398.686034			0.001187
171000			-2398.686034			0.001074
Iteration: 5
Step			Log-likelihood			Temperature
1			-41628.963347			99900.000000
1000			-38344.816557			36769.542477
2000			-38443.524944			23501.721022
3000			-37856.265275			21265.130236
4000			-28798.491271			19241.389323
5000			-41634.704448			17410.241977
6000			-38359.031674			15753.359626
7000			-33747.778735			14254.157974
8000			-34787.829037			12897.631004
9000			-34721.984334			11670.200782
10000			-36036.159660			10559.581542
11000			-38300.124505			9554.656721
12000			-29896.906274			8645.367688
13000			-34071.243356			7822.613061
14000			-35550.616840			7078.157611
15000			-36072.354339			6404.549832
16000			-38598.577747			5795.047357
17000			-33640.825163			5243.549468
18000			-32243.388035			4744.536038
19000			-26535.455935			4293.012272
20000			-26682.673951			3884.458716
21000			-34631.541708			3514.786020
22000			-37295.280705			3180.294005
23000			-30217.705543			2877.634626
24000			-38387.327057			2603.778466
25000			-33026.076446			2355.984403
26000			-35593.740154			2131.772185
27000			-32499.723656			1928.897594
28000			-27555.837241			1745.329992
29000			-30147.588658			1579.231987
30000			-31768.922857			1428.941048
31000			-24568.815466			1292.952863
32000			-33391.192404			1169.906280
33000			-26273.537422			1058.569685
34000			-21004.890413			957.828671
35000			-16204.067167			866.674888
36000			-20082.455091			784.195947
37000			-19411.265197			709.566288
38000			-14719.706088			642.038917
39000			-19325.777912			580.937931
40000			-15683.270855			525.651749
41000			-14107.203429			475.626993
42000			-12944.635635			430.362949
43000			-11714.056322			389.406552
44000			-11156.531760			352.347857
45000			-13229.706508			318.815931
46000			-10410.378078			288.475142
47000			-10152.236268			261.021797
48000			-12674.020389			236.181108
49000			-9787.082217			213.704435
50000			-9443.690574			193.366803
51000			-10129.309681			174.964643
52000			-10287.441291			158.313765
53000			-7913.517472			143.247502
54000			-8051.335019			129.615051
55000			-7132.726171			117.279962
56000			-7969.888303			106.118767
57000			-7443.884462			96.019751
58000			-7546.290308			86.881830
59000			-6978.479701			78.613537
60000			-6015.747684			71.132114
61000			-5871.766684			64.362677
62000			-5963.376271			58.237467
63000			-5322.663311			52.695176
64000			-4898.904049			47.680328
65000			-4271.740564			43.142730
66000			-3880.032813			39.036961
67000			-3374.568808			35.321926
68000			-3253.218276			31.960441
69000			-3020.422055			28.918858
70000			-2957.817425			26.166734
71000			-3028.010495			23.676522
72000			-2905.214400			21.423296
73000			-2884.346190			19.384503
74000			-2799.492295			17.539736
75000			-2793.800965			15.870530
76000			-2833.640274			14.360177
77000			-2791.903855			12.993561
78000			-2784.315415			11.757001
79000			-2812.772065			10.638121
80000			-2795.698075			9.625722
81000			-2755.858765			8.709670
82000			-2706.533905			7.880796
83000			-2668.591706			7.130803
84000			-2562.353547			6.452185
85000			-2558.559327			5.838150
86000			-2545.279557			5.282550
87000			-2558.559327			4.779825
88000			-2554.765107			4.324943
89000			-2554.765107			3.913350
90000			-2558.559327			3.540928
91000			-2554.765107			3.203948
92000			-2545.279557			2.899038
93000			-2554.765107			2.623145
94000			-2556.662217			2.373508
95000			-2558.559327			2.147628
96000			-2545.279557			1.943244
97000			-2535.794007			1.758311
98000			-2524.411347			1.590978
99000			-2528.205567			1.439569
100000			-2486.469147			1.302570
101000			-2484.572037			1.178608
102000			-2486.469147			1.066443
103000			-2486.469147			0.964953
104000			-2486.469147			0.873121
105000			-2480.777817			0.790029
106000			-2476.983597			0.714844
107000			-2473.189377			0.646814
108000			-2473.189377			0.585259
109000			-2475.086487			0.529561
110000			-2475.086487			0.479165
111000			-2473.189377			0.433564
112000			-2469.395157			0.392303
113000			-2469.395157			0.354969
114000			-2469.395157			0.321187
115000			-2469.395157			0.290621
116000			-2433.350068			0.262963
117000			-2433.350068			0.237938
118000			-2433.350068			0.215294
119000			-2433.350068			0.194805
120000			-2433.350068			0.176266
121000			-2433.350068			0.159491
122000			-2433.350068			0.144313
123000			-2433.350068			0.130579
124000			-2433.350068			0.118152
125000			-2431.452958			0.106908
126000			-2431.452958			0.096734
127000			-2431.452958			0.087528
128000			-2431.452958			0.079198
129000			-2431.452958			0.071661
130000			-2431.452958			0.064841
131000			-2431.452958			0.058671
132000			-2431.452958			0.053087
133000			-2431.452958			0.048035
134000			-2431.452958			0.043464
135000			-2431.452958			0.039327
136000			-2431.452958			0.035585
137000			-2431.452958			0.032198
138000			-2431.452958			0.029134
139000			-2431.452958			0.026361
140000			-2431.452958			0.023853
141000			-2431.452958			0.021583
142000			-2431.452958			0.019529
143000			-2431.452958			0.017670
144000			-2431.452958			0.015989
145000			-2431.452958			0.014467
146000			-2431.452958			0.013090
147000			-2431.452958			0.011844
148000			-2431.452958			0.010717
149000			-2431.452958			0.009697
150000			-2431.452958			0.008774
151000			-2431.452958			0.007939
152000			-2431.452958			0.007184
153000			-2431.452958			0.006500
154000			-2431.452958			0.005882
155000			-2431.452958			0.005322
156000			-2431.452958			0.004815
157000			-2431.452958			0.004357
158000			-2431.452958			0.003942
159000			-2431.452958			0.003567
160000			-2431.452958			0.003228
161000			-2431.452958			0.002921
162000			-2431.452958			0.002643
163000			-2431.452958			0.002391
164000			-2431.452958			0.002164
165000			-2431.452958			0.001958
166000			-2431.452958			0.001771
167000			-2431.452958			0.001603
168000			-2431.452958			0.001450
169000			-2431.452958			0.001312
170000			-2431.452958			0.001187
171000			-2431.452958			0.001074
Iteration: 6
Step			Log-likelihood			Temperature
1			-40538.840519			99900.000000
1000			-37703.986261			36769.542477
2000			-32508.253283			23501.721022
3000			-35968.385594			21265.130236
4000			-32577.719261			19241.389323
5000			-33369.538435			17410.241977
6000			-35843.959313			15753.359626
7000			-31586.445511			14254.157974
8000			-32229.990929			12897.631004
9000			-35217.924696			11670.200782
10000			-34611.403648			10559.581542
11000			-36460.127179			9554.656721
12000			-36862.373163			8645.367688
13000			-21063.237597			7822.613061
14000			-33515.454637			7078.157611
15000			-33339.853099			6404.549832
16000			-35530.420112			5795.047357
17000			-32409.811820			5243.549468
18000			-33636.725926			4744.536038
19000			-31323.837999			4293.012272
20000			-35890.322701			3884.458716
21000			-33875.459826			3514.786020
22000			-36350.003879			3180.294005
23000			-29377.898633			2877.634626
24000			-30590.216421			2603.778466
25000			-28322.128984			2355.984403
26000			-32665.217933			2131.772185
27000			-30137.279257			1928.897594
28000			-22979.512202			1745.329992
29000			-32221.874757			1579.231987
30000			-24922.240967			1428.941048
31000			-25449.986490			1292.952863
32000			-19692.192903			1169.906280
33000			-19170.525749			1058.569685
34000			-18564.462087			957.828671
35000			-22915.482585			866.674888
36000			-13672.759404			784.195947
37000			-17636.341274			709.566288
38000			-18482.971439			642.038917
39000			-16624.932522			580.937931
40000			-14192.925385			525.651749
41000			-12729.708060			475.626993
42000			-13704.828431			430.362949
43000			-11107.928153			389.406552
44000			-10391.266287			352.347857
45000			-9253.709870			318.815931
46000			-11183.407995			288.475142
47000			-9643.746285			261.021797
48000			-10665.643499			236.181108
49000			-8717.710263			213.704435
50000			-10333.965947			193.366803
51000			-9321.973576			174.964643
52000			-9696.343472			158.313765
53000			-9688.567350			143.247502
54000			-9272.719062			129.615051
55000			-9042.077978			117.279962
56000			-8591.372136			106.118767
57000			-7776.233496			96.019751
58000			-6720.930130			86.881830
59000			-6247.614396			78.613537
60000			-5316.461766			71.132114
61000			-5311.576770			64.362677
62000			-4783.793154			58.237467
63000			-5267.427187			52.695176
64000			-5317.784154			47.680328
65000			-5199.905308			43.142730
66000			-4902.671855			39.036961
67000			-4386.825045			35.321926
68000			-4301.519602			31.960441
69000			-4025.567813			28.918858
70000			-3669.717470			26.166734
71000			-3720.971693			23.676522
72000			-3538.881388			21.423296
73000			-3555.955378			19.384503
74000			-3321.197540			17.539736
75000			-3300.329331			15.870530
76000			-3288.946671			14.360177
77000			-3268.078461			12.993561
78000			-3252.901581			11.757001
79000			-3214.959381			10.638121
80000			-3165.634522			9.625722
81000			-3173.222962			8.709670
82000			-3161.840302			7.880796
83000			-3110.618332			7.130803
84000			-3065.087692			6.452185
85000			-3055.602143			5.838150
86000			-3068.881912			5.282550
87000			-3095.441452			4.779825
88000			-3108.721222			4.324943
89000			-3074.573242			3.913350
90000			-2892.450684			3.540928
91000			-2778.624085			3.203948
92000			-2782.418305			2.899038
93000			-2774.829865			2.623145
94000			-2780.521195			2.373508
95000			-2778.624085			2.147628
96000			-2774.829865			1.943244
97000			-2774.829865			1.758311
98000			-2778.624085			1.590978
99000			-2776.726975			1.439569
100000			-2588.913086			1.302570
101000			-2579.427536			1.178608
102000			-2573.736206			1.066443
103000			-2537.691117			0.964953
104000			-2531.999787			0.873121
105000			-2531.999787			0.790029
106000			-2530.102677			0.714844
107000			-2528.205567			0.646814
108000			-2435.247178			0.585259
109000			-2435.247178			0.529561
110000			-2437.144288			0.479165
111000			-2437.144288			0.433564
112000			-2437.144288			0.392303
113000			-2435.247178			0.354969
114000			-2433.350068			0.321187
115000			-2433.350068			0.290621
116000			-2433.350068			0.262963
117000			-2433.350068			0.237938
118000			-2431.452958			0.215294
119000			-2431.452958			0.194805
120000			-2431.452958			0.176266
121000			-2431.452958			0.159491
122000			-2431.452958			0.144313
123000			-2431.452958			0.130579
124000			-2431.452958			0.118152
125000			-2431.452958			0.106908
126000			-2431.452958			0.096734
127000			-2431.452958			0.087528
128000			-2431.452958			0.079198
129000			-2431.452958			0.071661
130000			-2431.452958			0.064841
131000			-2431.452958			0.058671
132000			-2431.452958			0.053087
133000			-2431.452958			0.048035
134000			-2431.452958			0.043464
135000			-2431.452958			0.039327
136000			-2431.452958			0.035585
137000			-2431.452958			0.032198
138000			-2431.452958			0.029134
139000			-2431.452958			0.026361
140000			-2431.452958			0.023853
141000			-2431.452958			0.021583
142000			-2431.452958			0.019529
143000			-2431.452958			0.017670
144000			-2431.452958			0.015989
145000			-2431.452958			0.014467
146000			-2431.452958			0.013090
147000			-2431.452958			0.011844
148000			-2431.452958			0.010717
149000			-2431.452958			0.009697
150000			-2431.452958			0.008774
151000			-2431.452958			0.007939
152000			-2431.452958			0.007184
153000			-2431.452958			0.006500
154000			-2431.452958			0.005882
155000			-2431.452958			0.005322
156000			-2431.452958			0.004815
157000			-2431.452958			0.004357
158000			-2431.452958			0.003942
159000			-2431.452958			0.003567
160000			-2431.452958			0.003228
161000			-2431.452958			0.002921
162000			-2431.452958			0.002643
163000			-2431.452958			0.002391
164000			-2431.452958			0.002164
165000			-2431.452958			0.001958
166000			-2431.452958			0.001771
167000			-2431.452958			0.001603
168000			-2431.452958			0.001450
169000			-2431.452958			0.001312
170000			-2431.452958			0.001187
171000			-2431.452958			0.001074
Iteration: 7
Step			Log-likelihood			Temperature
1			-42183.203904			99900.000000
1000			-32284.581986			36769.542477
2000			-32941.738604			23501.721022
3000			-36850.157755			21265.130236
4000			-36147.889790			19241.389323
5000			-34020.789628			17410.241977
6000			-38010.887107			15753.359626
7000			-39728.076660			14254.157974
8000			-26598.383099			12897.631004
9000			-34942.741149			11670.200782
10000			-36806.401051			10559.581542
11000			-38234.144949			9554.656721
12000			-34798.320281			8645.367688
13000			-29331.890032			7822.613061
14000			-30341.624667			7078.157611
15000			-39030.209890			6404.549832
16000			-29576.268272			5795.047357
17000			-29255.184562			5243.549468
18000			-29631.568903			4744.536038
19000			-28182.393751			4293.012272
20000			-36709.545842			3884.458716
21000			-33955.085617			3514.786020
22000			-34326.403120			3180.294005
23000			-23324.129474			2877.634626
24000			-35098.236603			2603.778466
25000			-30406.621885			2355.984403
26000			-31042.775441			2131.772185
27000			-26487.098677			1928.897594
28000			-27007.003573			1745.329992
29000			-24761.927805			1579.231987
30000			-25530.509537			1428.941048
31000			-25385.824802			1292.952863
32000			-22202.395004			1169.906280
33000			-20977.937994			1058.569685
34000			-22157.752723			957.828671
35000			-20840.196631			866.674888
36000			-20643.650699			784.195947
37000			-21307.557169			709.566288
38000			-17502.139163			642.038917
39000			-15771.552505			580.937931
40000			-12763.398653			525.651749
41000			-14545.186706			475.626993
42000			-11584.815391			430.362949
43000			-12678.629840			389.406552
44000			-9544.897206			352.347857
45000			-12380.827504			318.815931
46000			-13597.036271			288.475142
47000			-10261.585487			261.021797
48000			-9963.976671			236.181108
49000			-8119.674910			213.704435
50000			-10183.229256			193.366803
51000			-9786.313975			174.964643
52000			-8360.144653			158.313765
53000			-8909.447385			143.247502
54000			-8978.898627			129.615051
55000			-8706.875911			117.279962
56000			-8424.168431			106.118767
57000			-7263.949293			96.019751
58000			-6735.655462			86.881830
59000			-7223.722943			78.613537
60000			-5925.950125			71.132114
61000			-7374.465473			64.362677
62000			-7072.599212			58.237467
63000			-5994.853059			52.695176
64000			-5494.338557			47.680328
65000			-4612.252760			43.142730
66000			-4408.816283			39.036961
67000			-4287.530258			35.321926
68000			-4246.981374			31.960441
69000			-4157.784951			28.918858
70000			-3802.192636			26.166734
71000			-3498.655038			23.676522
72000			-3288.075830			21.423296
73000			-3314.635369			19.384503
74000			-3003.638345			17.539736
75000			-2969.522619			15.870530
76000			-2960.004816			14.360177
77000			-3005.535455			12.993561
78000			-2912.577066			11.757001
79000			-2897.400186			10.638121
80000			-2681.871476			9.625722
81000			-2674.283036			8.709670
82000			-2638.237946			7.880796
83000			-2598.398636			7.130803
84000			-2547.176667			6.452185
85000			-2586.435416			5.838150
86000			-2578.846976			5.282550
87000			-2576.949866			4.779825
88000			-2556.081656			4.324943
89000			-2557.978766			3.913350
90000			-2552.287436			3.540928
91000			-2557.978766			3.203948
92000			-2552.287436			2.899038
93000			-2520.036566			2.623145
94000			-2512.448126			2.373508
95000			-2514.345236			2.147628
96000			-2459.329047			1.943244
97000			-2434.666617			1.758311
98000			-2446.049277			1.590978
99000			-2440.357947			1.439569
100000			-2430.872397			1.302570
101000			-2427.078177			1.178608
102000			-2427.078177			1.066443
103000			-2427.078177			0.964953
104000			-2427.078177			0.873121
105000			-2428.975287			0.790029
106000			-2428.975287			0.714844
107000			-2428.975287			0.646814
108000			-2428.975287			0.585259
109000			-2430.872397			0.529561
110000			-2430.872397			0.479165
111000			-2430.872397			0.433564
112000			-2428.975287			0.392303
113000			-2428.975287			0.354969
114000			-2428.975287			0.321187
115000			-2427.078177			0.290621
116000			-2427.078177			0.262963
117000			-2427.078177			0.237938
118000			-2427.078177			0.215294
119000			-2427.078177			0.194805
120000			-2427.078177			0.176266
121000			-2425.181067			0.159491
122000			-2425.181067			0.144313
123000			-2425.181067			0.130579
124000			-2425.181067			0.118152
125000			-2425.181067			0.106908
126000			-2425.181067			0.096734
127000			-2425.181067			0.087528
128000			-2423.283957			0.079198
129000			-2423.283957			0.071661
130000			-2423.283957			0.064841
131000			-2423.283957			0.058671
132000			-2423.283957			0.053087
133000			-2423.283957			0.048035
134000			-2423.283957			0.043464
135000			-2423.283957			0.039327
136000			-2423.283957			0.035585
137000			-2423.283957			0.032198
138000			-2423.283957			0.029134
139000			-2423.283957			0.026361
140000			-2423.283957			0.023853
141000			-2423.283957			0.021583
142000			-2423.283957			0.019529
143000			-2423.283957			0.017670
144000			-2423.283957			0.015989
145000			-2423.283957			0.014467
146000			-2423.283957			0.013090
147000			-2423.283957			0.011844
148000			-2423.283957			0.010717
149000			-2423.283957			0.009697
150000			-2423.283957			0.008774
151000			-2423.283957			0.007939
152000			-2423.283957			0.007184
153000			-2423.283957			0.006500
154000			-2423.283957			0.005882
155000			-2423.283957			0.005322
156000			-2423.283957			0.004815
157000			-2423.283957			0.004357
158000			-2423.283957			0.003942
159000			-2423.283957			0.003567
160000			-2423.283957			0.003228
161000			-2423.283957			0.002921
162000			-2423.283957			0.002643
163000			-2423.283957			0.002391
164000			-2423.283957			0.002164
165000			-2423.283957			0.001958
166000			-2423.283957			0.001771
167000			-2423.283957			0.001603
168000			-2423.283957			0.001450
169000			-2423.283957			0.001312
170000			-2423.283957			0.001187
171000			-2421.386847			0.001074
Iteration: 8
Step			Log-likelihood			Temperature
1			-38810.972042			99900.000000
1000			-35939.304452			36769.542477
2000			-33625.677478			23501.721022
3000			-31668.780586			21265.130236
4000			-39476.244832			19241.389323
5000			-33009.028870			17410.241977
6000			-33234.157408			15753.359626
7000			-31254.096477			14254.157974
8000			-36577.481074			12897.631004
9000			-37277.491302			11670.200782
10000			-35698.532751			10559.581542
11000			-38111.439775			9554.656721
12000			-38607.520829			8645.367688
13000			-38606.553228			7822.613061
14000			-26401.567461			7078.157611
15000			-32542.861707			6404.549832
16000			-37695.694086			5795.047357
17000			-35377.850818			5243.549468
18000			-37389.813670			4744.536038
19000			-33670.926735			4293.012272
20000			-30387.606854			3884.458716
21000			-33527.590803			3514.786020
22000			-32801.493157			3180.294005
23000			-31016.989982			2877.634626
24000			-28995.048882			2603.778466
25000			-26194.316189			2355.984403
26000			-30721.251862			2131.772185
27000			-33623.762851			1928.897594
28000			-28949.582749			1745.329992
29000			-31446.343814			1579.231987
30000			-24553.192878			1428.941048
31000			-19944.754879			1292.952863
32000			-26478.715581			1169.906280
33000			-18275.095675			1058.569685
34000			-27827.376157			957.828671
35000			-18832.335796			866.674888
36000			-15574.886456			784.195947
37000			-13224.062168			709.566288
38000			-13379.915467			642.038917
39000			-17687.035512			580.937931
40000			-10767.462946			525.651749
41000			-12727.036869			475.626993
42000			-12025.827427			430.362949
43000			-11696.724305			389.406552
44000			-10723.023082			352.347857
45000			-11631.152365			318.815931
46000			-10321.970473			288.475142
47000			-11627.032553			261.021797
48000			-10622.526024			236.181108
49000			-9372.163438			213.704435
50000			-10852.832896			193.366803
51000			-9377.189125			174.964643
52000			-8828.801165			158.313765
53000			-10091.083040			143.247502
54000			-9108.890283			129.615051
55000			-7705.222414			117.279962
56000			-7739.511086			106.118767
57000			-7892.493834			96.019751
58000			-6986.809969			86.881830
59000			-6129.542029			78.613537
60000			-6570.633308			71.132114
61000			-5820.893662			64.362677
62000			-5973.301690			58.237467
63000			-5465.747055			52.695176
64000			-4959.385795			47.680328
65000			-4937.265542			43.142730
66000			-4346.463842			39.036961
67000			-4247.045881			35.321926
68000			-4116.371065			31.960441
69000			-4034.698576			28.918858
70000			-4116.177545			26.166734
71000			-3493.383002			23.676522
72000			-3546.469828			21.423296
73000			-3559.685091			19.384503
74000			-3199.717995			17.539736
75000			-3214.862621			15.870530
76000			-3157.949322			14.360177
77000			-3171.261345			12.993561
78000			-3213.030018			11.757001
79000			-3017.659943			10.638121
80000			-2919.010224			9.625722
81000			-2926.598664			8.709670
82000			-2915.216004			7.880796
83000			-2845.022934			7.130803
84000			-2837.434494			6.452185
85000			-2845.022934			5.838150
86000			-2748.270325			5.282550
87000			-2750.167435			4.779825
88000			-2752.064545			4.324943
89000			-2659.106156			3.913350
90000			-2653.414826			3.540928
91000			-2640.135056			3.203948
92000			-2615.472626			2.899038
93000			-2607.884186			2.623145
94000			-2596.501526			2.373508
95000			-2594.604416			2.147628
96000			-2577.530426			1.943244
97000			-2579.427536			1.758311
98000			-2526.308457			1.590978
99000			-2526.308457			1.439569
100000			-2522.514237			1.302570
101000			-2492.160477			1.178608
102000			-2488.366257			1.066443
103000			-2488.366257			0.964953
104000			-2488.366257			0.873121
105000			-2486.469147			0.790029
106000			-2486.469147			0.714844
107000			-2482.674927			0.646814
108000			-2419.489737			0.585259
109000			-2419.489737			0.529561
110000			-2419.489737			0.479165
111000			-2419.489737			0.433564
112000			-2419.489737			0.392303
113000			-2419.489737			0.354969
114000			-2419.489737			0.321187
115000			-2419.489737			0.290621
116000			-2419.489737			0.262963
117000			-2419.489737			0.237938
118000			-2415.695517			0.215294
119000			-2415.695517			0.194805
120000			-2415.695517			0.176266
121000			-2415.695517			0.159491
122000			-2415.695517			0.144313
123000			-2415.695517			0.130579
124000			-2415.695517			0.118152
125000			-2415.695517			0.106908
126000			-2415.695517			0.096734
127000			-2415.695517			0.087528
128000			-2415.695517			0.079198
129000			-2415.695517			0.071661
130000			-2415.695517			0.064841
131000			-2415.695517			0.058671
132000			-2415.695517			0.053087
133000			-2415.695517			0.048035
134000			-2415.695517			0.043464
135000			-2415.695517			0.039327
136000			-2415.695517			0.035585
137000			-2415.695517			0.032198
138000			-2415.695517			0.029134
139000			-2415.695517			0.026361
140000			-2415.695517			0.023853
141000			-2415.695517			0.021583
142000			-2415.695517			0.019529
143000			-2415.695517			0.017670
144000			-2415.695517			0.015989
145000			-2415.695517			0.014467
146000			-2415.695517			0.013090
147000			-2415.695517			0.011844
148000			-2415.695517			0.010717
149000			-2415.695517			0.009697
150000			-2415.695517			0.008774
151000			-2415.695517			0.007939
152000			-2415.695517			0.007184
153000			-2415.695517			0.006500
154000			-2415.695517			0.005882
155000			-2415.695517			0.005322
156000			-2415.695517			0.004815
157000			-2415.695517			0.004357
158000			-2415.695517			0.003942
159000			-2415.695517			0.003567
160000			-2415.695517			0.003228
161000			-2415.695517			0.002921
162000			-2415.695517			0.002643
163000			-2415.695517			0.002391
164000			-2415.695517			0.002164
165000			-2415.695517			0.001958
166000			-2415.695517			0.001771
167000			-2415.695517			0.001603
168000			-2415.695517			0.001450
169000			-2415.695517			0.001312
170000			-2415.695517			0.001187
171000			-2415.695517			0.001074
Iteration: 9
Step			Log-likelihood			Temperature
1			-41914.717381			99900.000000
1000			-28234.785739			36769.542477
2000			-35949.165364			23501.721022
3000			-27054.322884			21265.130236
4000			-40769.235254			19241.389323
5000			-36072.392431			17410.241977
6000			-28772.342128			15753.359626
7000			-37833.816650			14254.157974
8000			-32945.389075			12897.631004
9000			-37940.441850			11670.200782
10000			-33737.448759			10559.581542
11000			-34396.628443			9554.656721
12000			-35367.764132			8645.367688
13000			-34608.169413			7822.613061
14000			-32975.317702			7078.157611
15000			-30004.428729			6404.549832
16000			-29521.225668			5795.047357
17000			-28271.041867			5243.549468
18000			-35092.252212			4744.536038
19000			-37364.248146			4293.012272
20000			-34961.826526			3884.458716
21000			-24576.694186			3514.786020
22000			-25368.170251			3180.294005
23000			-34912.780269			2877.634626
24000			-33977.748337			2603.778466
25000			-33588.292483			2355.984403
26000			-27076.830177			2131.772185
27000			-24545.319997			1928.897594
28000			-26395.946477			1745.329992
29000			-25757.588013			1579.231987
30000			-25076.170741			1428.941048
31000			-27432.551507			1292.952863
32000			-20599.542265			1169.906280
33000			-19111.894124			1058.569685
34000			-23339.628887			957.828671
35000			-20993.120712			866.674888
36000			-19667.858846			784.195947
37000			-16622.393126			709.566288
38000			-18886.275946			642.038917
39000			-19919.567498			580.937931
40000			-11978.291239			525.651749
41000			-13900.090068			475.626993
42000			-15451.597663			430.362949
43000			-13089.428808			389.406552
44000			-13557.537012			352.347857
45000			-11290.329314			318.815931
46000			-11245.062540			288.475142
47000			-10712.619702			261.021797
48000			-10368.926100			236.181108
49000			-10311.238719			213.704435
50000			-9838.040321			193.366803
51000			-9253.387336			174.964643
52000			-9815.280840			158.313765
53000			-10171.969770			143.247502
54000			-9485.937208			129.615051
55000			-9492.552208			117.279962
56000			-8013.076125			106.118767
57000			-7029.191456			96.019751
58000			-7230.091594			86.881830
59000			-8129.181035			78.613537
60000			-6695.590379			71.132114
61000			-6003.758049			64.362677
62000			-6402.086639			58.237467
63000			-6117.068594			52.695176
64000			-5163.860218			47.680328
65000			-4713.896204			43.142730
66000			-4622.673658			39.036961
67000			-4447.306790			35.321926
68000			-4212.226419			31.960441
69000			-4142.065603			28.918858
70000			-3713.899307			26.166734
71000			-3578.365911			23.676522
72000			-3389.493500			21.423296
73000			-3417.950150			19.384503
74000			-3383.769917			17.539736
75000			-3313.609101			15.870530
76000			-3142.869202			14.360177
77000			-3154.251862			12.993561
78000			-3099.235672			11.757001
79000			-3017.659943			10.638121
80000			-3021.454163			9.625722
81000			-2888.140410			8.709670
82000			-2831.227110			7.880796
83000			-2753.445601			7.130803
84000			-2556.146163			6.452185
85000			-2561.837493			5.838150
86000			-2518.203963			5.282550
87000			-2510.615523			4.779825
88000			-2504.924193			4.324943
89000			-2497.335753			3.913350
90000			-2501.129973			3.540928
91000			-2506.821303			3.203948
92000			-2510.615523			2.899038
93000			-2508.718413			2.623145
94000			-2499.232863			2.373508
95000			-2491.644423			2.147628
96000			-2482.158873			1.943244
97000			-2484.055983			1.758311
98000			-2485.953093			1.590978
99000			-2484.055983			1.439569
100000			-2478.364653			1.302570
101000			-2480.261763			1.178608
102000			-2482.158873			1.066443
103000			-2482.158873			0.964953
104000			-2482.158873			0.873121
105000			-2480.261763			0.790029
106000			-2474.570433			0.714844
107000			-2472.673323			0.646814
108000			-2408.171584			0.585259
109000			-2408.171584			0.529561
110000			-2408.171584			0.479165
111000			-2406.274474			0.433564
112000			-2406.274474			0.392303
113000			-2406.274474			0.354969
114000			-2406.274474			0.321187
115000			-2406.274474			0.290621
116000			-2406.274474			0.262963
117000			-2406.274474			0.237938
118000			-2406.274474			0.215294
119000			-2406.274474			0.194805
120000			-2406.274474			0.176266
121000			-2406.274474			0.159491
122000			-2406.274474			0.144313
123000			-2406.274474			0.130579
124000			-2406.274474			0.118152
125000			-2406.274474			0.106908
126000			-2406.274474			0.096734
127000			-2406.274474			0.087528
128000			-2406.274474			0.079198
129000			-2406.274474			0.071661
130000			-2406.274474			0.064841
131000			-2406.274474			0.058671
132000			-2406.274474			0.053087
133000			-2406.274474			0.048035
134000			-2406.274474			0.043464
135000			-2406.274474			0.039327
136000			-2406.274474			0.035585
137000			-2406.274474			0.032198
138000			-2406.274474			0.029134
139000			-2406.274474			0.026361
140000			-2406.274474			0.023853
141000			-2406.274474			0.021583
142000			-2406.274474			0.019529
143000			-2406.274474			0.017670
144000			-2406.274474			0.015989
145000			-2406.274474			0.014467
146000			-2406.274474			0.013090
147000			-2406.274474			0.011844
148000			-2406.274474			0.010717
149000			-2406.274474			0.009697
150000			-2406.274474			0.008774
151000			-2406.274474			0.007939
152000			-2406.274474			0.007184
153000			-2406.274474			0.006500
154000			-2406.274474			0.005882
155000			-2406.274474			0.005322
156000			-2406.274474			0.004815
157000			-2406.274474			0.004357
158000			-2406.274474			0.003942
159000			-2406.274474			0.003567
160000			-2406.274474			0.003228
161000			-2406.274474			0.002921
162000			-2406.274474			0.002643
163000			-2406.274474			0.002391
164000			-2406.274474			0.002164
165000			-2406.274474			0.001958
166000			-2406.274474			0.001771
167000			-2406.274474			0.001603
168000			-2406.274474			0.001450
169000			-2406.274474			0.001312
170000			-2406.274474			0.001187
171000			-2406.274474			0.001074
Iteration: 10
Step			Log-likelihood			Temperature
1			-40864.111329			99900.000000
1000			-31272.900471			36769.542477
2000			-36830.644186			23501.721022
3000			-33262.156672			21265.130236
4000			-30837.770227			19241.389323
5000			-35667.856457			17410.241977
6000			-33094.835631			15753.359626
7000			-27837.662202			14254.157974
8000			-27184.616498			12897.631004
9000			-37960.794005			11670.200782
10000			-32564.304639			10559.581542
11000			-38272.887644			9554.656721
12000			-27308.896249			8645.367688
13000			-34948.030703			7822.613061
14000			-31643.971625			7078.157611
15000			-35766.989977			6404.549832
16000			-34408.568307			5795.047357
17000			-30753.496893			5243.549468
18000			-33550.458722			4744.536038
19000			-25556.811049			4293.012272
20000			-34140.292821			3884.458716
21000			-27868.118561			3514.786020
22000			-35992.294518			3180.294005
23000			-33580.149897			2877.634626
24000			-27603.484925			2603.778466
25000			-30906.206878			2355.984403
26000			-32614.544271			2131.772185
27000			-29463.919489			1928.897594
28000			-26868.089411			1745.329992
29000			-30109.098151			1579.231987
30000			-18441.806683			1428.941048
31000			-36084.607840			1292.952863
32000			-18970.335185			1169.906280
33000			-23879.868422			1058.569685
34000			-21614.909562			957.828671
35000			-18960.480112			866.674888
36000			-18565.520609			784.195947
37000			-16640.074091			709.566288
38000			-16623.407717			642.038917
39000			-12720.213613			580.937931
40000			-15081.596709			525.651749
41000			-16487.331852			475.626993
42000			-11036.864242			430.362949
43000			-12452.902947			389.406552
44000			-10120.747801			352.347857
45000			-10136.827775			318.815931
46000			-9900.817895			288.475142
47000			-10247.666489			261.021797
48000			-10609.337175			236.181108
49000			-10037.641427			213.704435
50000			-10488.004160			193.366803
51000			-9335.523051			174.964643
52000			-9340.440300			158.313765
53000			-9062.397881			143.247502
54000			-8519.346464			129.615051
55000			-7651.953746			117.279962
56000			-9047.350015			106.118767
57000			-6869.130482			96.019751
58000			-6394.014398			86.881830
59000			-6086.172366			78.613537
60000			-5591.284687			71.132114
61000			-5789.158847			64.362677
62000			-5928.770905			58.237467
63000			-5410.768958			52.695176
64000			-5382.441321			47.680328
65000			-5021.383449			43.142730
66000			-4372.738940			39.036961
67000			-4163.411775			35.321926
68000			-3856.563758			31.960441
69000			-3416.621922			28.918858
70000			-3420.383889			26.166734
71000			-3413.279250			23.676522
72000			-3286.172881			21.423296
73000			-3255.851374			19.384503
74000			-2733.635913			17.539736
75000			-2792.446323			15.870530
76000			-2786.754993			14.360177
77000			-2786.690486			12.993561
78000			-2752.542507			11.757001
79000			-2756.401233			10.638121
80000			-2767.783893			9.625722
81000			-2758.298343			8.709670
82000			-2758.298343			7.880796
83000			-2731.738803			7.130803
84000			-2701.385044			6.452185
85000			-2690.002384			5.838150
86000			-2703.282154			5.282550
87000			-2703.282154			4.779825
88000			-2701.385044			4.324943
89000			-2697.590824			3.913350
90000			-2652.060184			3.540928
91000			-2653.957294			3.203948
92000			-2640.677524			2.899038
93000			-2636.883304			2.623145
94000			-2570.484455			2.373508
95000			-2568.587345			2.147628
96000			-2578.072895			1.943244
97000			-2568.587345			1.758311
98000			-2578.072895			1.590978
99000			-2574.278675			1.439569
100000			-2570.484455			1.302570
101000			-2560.998905			1.178608
102000			-2560.998905			1.066443
103000			-2553.410465			0.964953
104000			-2551.513355			0.873121
105000			-2549.616245			0.790029
106000			-2547.719135			0.714844
107000			-2549.616245			0.646814
108000			-2549.616245			0.585259
109000			-2549.616245			0.529561
110000			-2547.719135			0.479165
111000			-2547.719135			0.433564
112000			-2547.719135			0.392303
113000			-2547.719135			0.354969
114000			-2545.822025			0.321187
115000			-2545.822025			0.290621
116000			-2545.822025			0.262963
117000			-2545.822025			0.237938
118000			-2545.822025			0.215294
119000			-2545.822025			0.194805
120000			-2545.822025			0.176266
121000			-2545.822025			0.159491
122000			-2545.822025			0.144313
123000			-2545.822025			0.130579
124000			-2545.822025			0.118152
125000			-2545.822025			0.106908
126000			-2545.822025			0.096734
127000			-2545.822025			0.087528
128000			-2545.822025			0.079198
129000			-2545.822025			0.071661
130000			-2545.822025			0.064841
131000			-2545.822025			0.058671
132000			-2545.822025			0.053087
133000			-2545.822025			0.048035
134000			-2545.822025			0.043464
135000			-2545.822025			0.039327
136000			-2545.822025			0.035585
137000			-2545.822025			0.032198
138000			-2545.822025			0.029134
139000			-2545.822025			0.026361
140000			-2545.822025			0.023853
141000			-2545.822025			0.021583
142000			-2545.822025			0.019529
143000			-2545.822025			0.017670
144000			-2545.822025			0.015989
145000			-2545.822025			0.014467
146000			-2545.822025			0.013090
147000			-2545.822025			0.011844
148000			-2545.822025			0.010717
149000			-2498.394275			0.009697
150000			-2498.394275			0.008774
151000			-2498.394275			0.007939
152000			-2498.394275			0.007184
153000			-2498.394275			0.006500
154000			-2498.394275			0.005882
155000			-2498.394275			0.005322
156000			-2498.394275			0.004815
157000			-2496.497165			0.004357
158000			-2496.497165			0.003942
159000			-2496.497165			0.003567
160000			-2496.497165			0.003228
161000			-2496.497165			0.002921
162000			-2496.497165			0.002643
163000			-2496.497165			0.002391
164000			-2496.497165			0.002164
165000			-2496.497165			0.001958
166000			-2496.497165			0.001771
167000			-2496.497165			0.001603
168000			-2496.497165			0.001450
169000			-2496.497165			0.001312
170000			-2496.497165			0.001187
171000			-2496.497165			0.001074

Maximum likelihood Tree found: -2398.686034
digraph g {
	"49" -> "50";
	"50" [label="16"];
	"48" -> "49";
	"49" [label="38"];
	"47" -> "48";
	"48" [label="6"];
	"46" -> "47";
	"47" [label="3"];
	"45" -> "46";
	"46" [label="20"];
	"43" -> "44";
	"44" [label="21"];
	"42" -> "43";
	"43" [label="41"];
	"41" -> "42";
	"42" [label="5"];
	"39" -> "40";
	"40" [label="32"];
	"38" -> "39";
	"39" [label="49"];
	"37" -> "38";
	"38" [label="44"];
	"35" -> "36";
	"36" [label="9"];
	"34" -> "35";
	"35" [label="18"];
	"33" -> "34";
	"34" [label="12"];
	"32" -> "33";
	"33" [label="33"];
	"31" -> "32";
	"32" [label="22"];
	"30" -> "31";
	"31" [label="10"];
	"30" -> "37";
	"37" [label="37"];
	"29" -> "30";
	"30" [label="39"];
	"29" -> "41";
	"41" [label="24"];
	"28" -> "29";
	"29" [label="2"];
	"27" -> "28";
	"28" [label="28"];
	"26" -> "27";
	"27" [label="15"];
	"25" -> "26";
	"26" [label="27"];
	"23" -> "24";
	"24" [label="46"];
	"22" -> "23";
	"23" [label="35"];
	"21" -> "22";
	"22" [label="47"];
	"20" -> "21";
	"21" [label="25"];
	"19" -> "20";
	"20" [label="13"];
	"18" -> "19";
	"19" [label="4"];
	"18" -> "25";
	"25" [label="31"];
	"17" -> "18";
	"18" [label="8"];
	"17" -> "45";
	"45" [label="26"];
	"16" -> "17";
	"17" [label="45"];
	"15" -> "16";
	"16" [label="42"];
	"14" -> "15";
	"15" [label="48"];
	"13" -> "14";
	"14" [label="23"];
	"12" -> "13";
	"13" [label="29"];
	"11" -> "12";
	"12" [label="30"];
	"10" -> "11";
	"11" [label="19"];
	"9" -> "10";
	"10" [label="11"];
	"8" -> "9";
	"9" [label="1"];
	"7" -> "8";
	"8" [label="34"];
	"6" -> "7";
	"7" [label="7"];
	"5" -> "6";
	"6" [label="17"];
	"4" -> "5";
	"5" [label="36"];
	"3" -> "4";
	"4" [label="50"];
	"2" -> "3";
	"3" [label="14"];
	"1" -> "2";
	"2" [label="40"];
	"0" -> "1";
	"1" [label="43"];
	"0" [label="germline"];
	labelloc="t";
	label="Confidence score: -2398.686034";
}
Best cell assignment:
35 44 36 17 36 8 47 29 24 7 29 39 3 40 48 29 40 22 23 35 8 44 24 24 23 24 17 24 8 50 50 23 29 29 17 22 7 22 8 36 34 8 43 35 43 16 40 29 24 16 7 8 29 21 8 23 28 39 17 24 24 15 29 29 8 16 24 41 17 29 7 17 44 17 44 24 24 29 6 29 41 17 37 22 24 16 39 22 34 17 29 49 40 28 22 40 29 35 40 24 50 17 17 47 24 36 49 40 40 24 16 29 24 36 36 21 50 38 29 16 50 8 44 24 35 23 43 35 28 44 44 44 44 36 36 44 21 49 44 24 40 24 44 50 24 29 17 36 40 50 40 24 43 27 44 23 50 36 44 28 23 8 23 8 35 44 21 50 17 44 23 50 23 36 50 8 40 36 23 36 44 44 23 39 32 16 50 36 24 39 24 36 17 23 4 36 8 28 40 23 44 23 38 50 16 23 24 36 39 29 50 39 40 44 17 8 43 6 23 40 41 44 29 44 44 44 8 22 29 50 14 36 24 29 24 49 50 36 17 24 39 44 39 40 36 8 44 22 8 17 
alpha: 0.150000
beta: 0.000010
gamma: 1.000000
delta: 1.000000
