Starting SASC.
Iteration: 1
Step			Log-likelihood			Temperature
1			-21536.636092			99900.000000
1000			-21078.678783			36769.542477
2000			-21182.676723			23501.721022
3000			-20278.867108			21265.130236
4000			-21049.101356			19241.389323
5000			-21752.492325			17410.241977
6000			-18677.321524			15753.359626
7000			-18689.859467			14254.157974
8000			-19909.517388			12897.631004
9000			-21258.420431			11670.200782
10000			-19194.862756			10559.581542
11000			-21266.272737			9554.656721
12000			-16961.002813			8645.367688
13000			-19971.681324			7822.613061
14000			-15470.337590			7078.157611
15000			-21360.881076			6404.549832
16000			-18693.744608			5795.047357
17000			-16931.761936			5243.549468
18000			-21319.482737			4744.536038
19000			-18337.989522			4293.012272
20000			-16078.556389			3884.458716
21000			-16878.966968			3514.786020
22000			-18311.237965			3180.294005
23000			-20508.627900			2877.634626
24000			-17701.928390			2603.778466
25000			-18717.509782			2355.984403
26000			-18059.922192			2131.772185
27000			-17246.929791			1928.897594
28000			-19676.749538			1745.329992
29000			-19106.268153			1579.231987
30000			-17939.034885			1428.941048
31000			-19176.674905			1292.952863
32000			-19124.039626			1169.906280
33000			-20942.496012			1058.569685
34000			-18499.048795			957.828671
35000			-13115.499148			866.674888
36000			-17571.033640			784.195947
37000			-16078.860045			709.566288
38000			-14337.715939			642.038917
39000			-16330.337021			580.937931
40000			-14952.238883			525.651749
41000			-13250.478398			475.626993
42000			-13696.949798			430.362949
43000			-12299.319636			389.406552
44000			-12227.751512			352.347857
45000			-11993.360254			318.815931
46000			-11359.018592			288.475142
47000			-10020.921025			261.021797
48000			-11689.232148			236.181108
49000			-10343.660614			213.704435
50000			-11453.293531			193.366803
51000			-8608.094640			174.964643
52000			-9309.697502			158.313765
53000			-8473.660836			143.247502
54000			-6789.472672			129.615051
55000			-7693.961554			117.279962
56000			-7798.233013			106.118767
57000			-7424.648619			96.019751
58000			-7279.092490			86.881830
59000			-6510.959160			78.613537
60000			-5963.708982			71.132114
61000			-5201.197853			64.362677
62000			-5051.540290			58.237467
63000			-4277.060182			52.695176
64000			-4009.235014			47.680328
65000			-3485.561698			43.142730
66000			-3779.814170			39.036961
67000			-3055.686440			35.321926
68000			-3116.018904			31.960441
69000			-3058.412393			28.918858
70000			-3000.298340			26.166734
71000			-2737.927500			23.676522
72000			-2716.824133			21.423296
73000			-2340.650251			19.384503
74000			-2100.672288			17.539736
75000			-2211.243841			15.870530
76000			-2112.782326			14.360177
77000			-2013.569314			12.993561
78000			-1906.000091			11.757001
79000			-1880.494457			10.638121
80000			-1776.367164			9.625722
81000			-1673.341147			8.709670
82000			-1591.657916			7.880796
83000			-1488.343287			7.130803
84000			-1329.437596			6.452185
85000			-1178.088091			5.838150
86000			-1147.115152			5.282550
87000			-1164.189142			4.779825
88000			-1147.115152			4.324943
89000			-1152.806482			3.913350
90000			-1143.320932			3.540928
91000			-1141.423822			3.203948
92000			-1085.352260			2.899038
93000			-1092.979626			2.623145
94000			-1087.318383			2.373508
95000			-1088.268170			2.147628
96000			-1055.266052			1.943244
97000			-1021.209943			1.758311
98000			-1011.859133			1.590978
99000			-936.182642			1.439569
100000			-934.438969			1.302570
101000			-936.643836			1.178608
102000			-939.450934			1.066443
103000			-890.801679			0.964953
104000			-852.344795			0.873121
105000			-818.225446			0.790029
106000			-771.240395			0.714844
107000			-735.163779			0.646814
108000			-702.640277			0.585259
109000			-686.210168			0.529561
110000			-652.822190			0.479165
111000			-634.079805			0.433564
112000			-594.574513			0.392303
113000			-575.723361			0.354969
114000			-564.381894			0.321187
115000			-546.778649			0.290621
116000			-523.602710			0.262963
117000			-487.096178			0.237938
118000			-473.333332			0.215294
119000			-467.307321			0.194805
120000			-466.946683			0.176266
121000			-463.081692			0.159491
122000			-461.349112			0.144313
123000			-457.161391			0.130579
124000			-453.608364			0.118152
125000			-441.996526			0.106908
126000			-437.932394			0.096734
127000			-429.390071			0.087528
128000			-424.317690			0.079198
129000			-422.395743			0.071661
130000			-417.564316			0.064841
131000			-415.506863			0.058671
132000			-415.482219			0.053087
133000			-413.983477			0.048035
134000			-410.852928			0.043464
135000			-410.698611			0.039327
136000			-410.801734			0.035585
137000			-400.276795			0.032198
138000			-395.694148			0.029134
139000			-387.759140			0.026361
140000			-381.000275			0.023853
141000			-378.997805			0.021583
142000			-372.736577			0.019529
143000			-370.575735			0.017670
144000			-370.453568			0.015989
145000			-368.556458			0.014467
146000			-368.447758			0.013090
147000			-368.447758			0.011844
148000			-368.447758			0.010717
149000			-367.857168			0.009697
150000			-365.960058			0.008774
151000			-365.960058			0.007939
152000			-365.960058			0.007184
153000			-364.062948			0.006500
154000			-362.756428			0.005882
155000			-362.350953			0.005322
156000			-359.863253			0.004815
157000			-357.860782			0.004357
158000			-357.860782			0.003942
159000			-357.719219			0.003567
160000			-355.822109			0.003228
161000			-353.924999			0.002921
162000			-353.924999			0.002643
163000			-352.027889			0.002391
164000			-352.027889			0.002164
165000			-352.027889			0.001958
166000			-348.092105			0.001771
167000			-346.194995			0.001603
168000			-346.194995			0.001450
169000			-346.194995			0.001312
170000			-346.194995			0.001187
171000			-346.194995			0.001074
Iteration: 2
Step			Log-likelihood			Temperature
1			-18444.604547			99900.000000
1000			-21101.347342			36769.542477
2000			-20683.059476			23501.721022
3000			-16955.784363			21265.130236
4000			-20776.676752			19241.389323
5000			-17963.575304			17410.241977
6000			-18735.081391			15753.359626
7000			-22270.866090			14254.157974
8000			-18889.009716			12897.631004
9000			-19998.556906			11670.200782
10000			-19610.010638			10559.581542
11000			-21464.683265			9554.656721
12000			-16651.612618			8645.367688
13000			-19557.824261			7822.613061
14000			-22051.201197			7078.157611
15000			-20798.821278			6404.549832
16000			-19537.142071			5795.047357
17000			-17606.026046			5243.549468
18000			-19576.553293			4744.536038
19000			-19104.713739			4293.012272
20000			-19893.380559			3884.458716
21000			-17522.796174			3514.786020
22000			-15778.887770			3180.294005
23000			-18173.546373			2877.634626
24000			-15048.311113			2603.778466
25000			-19669.891914			2355.984403
26000			-14943.333894			2131.772185
27000			-19308.937717			1928.897594
28000			-20465.859429			1745.329992
29000			-17985.404086			1579.231987
30000			-16961.738540			1428.941048
31000			-14814.483349			1292.952863
32000			-17400.925473			1169.906280
33000			-15815.752299			1058.569685
34000			-14116.975161			957.828671
35000			-17351.398143			866.674888
36000			-16557.935758			784.195947
37000			-14349.649115			709.566288
38000			-17107.503388			642.038917
39000			-11776.715481			580.937931
40000			-12957.725203			525.651749
41000			-16968.362889			475.626993
42000			-12401.089210			430.362949
43000			-12950.884431			389.406552
44000			-11607.449079			352.347857
45000			-12289.004262			318.815931
46000			-11890.059727			288.475142
47000			-11679.716888			261.021797
48000			-11950.368600			236.181108
49000			-10434.835749			213.704435
50000			-10052.548124			193.366803
51000			-10099.595589			174.964643
52000			-8735.107227			158.313765
53000			-8696.075993			143.247502
54000			-8409.667885			129.615051
55000			-9539.108639			117.279962
56000			-7971.733685			106.118767
57000			-6871.066124			96.019751
58000			-5806.399908			86.881830
59000			-5150.227634			78.613537
60000			-5067.110019			71.132114
61000			-4675.772430			64.362677
62000			-4672.798134			58.237467
63000			-4942.555579			52.695176
64000			-4955.429830			47.680328
65000			-4846.609261			43.142730
66000			-4486.406245			39.036961
67000			-3780.996144			35.321926
68000			-3262.342261			31.960441
69000			-3230.732462			28.918858
70000			-2824.246479			26.166734
71000			-2428.051538			23.676522
72000			-2170.827737			21.423296
73000			-1639.735289			19.384503
74000			-1640.264419			17.539736
75000			-1713.641772			15.870530
76000			-1470.227383			14.360177
77000			-1495.836024			12.993561
78000			-1302.031803			11.757001
79000			-1272.171845			10.638121
80000			-1308.323407			9.625722
81000			-1323.799290			8.709670
82000			-1208.949559			7.880796
83000			-1205.155339			7.130803
84000			-1112.163038			6.452185
85000			-1089.397718			5.838150
86000			-1093.191938			5.282550
87000			-1085.637410			4.779825
88000			-1079.946080			4.324943
89000			-1068.717738			3.913350
90000			-1066.820628			3.540928
91000			-1070.614847			3.203948
92000			-1064.923518			2.899038
93000			-1064.923518			2.623145
94000			-1061.129298			2.373508
95000			-1061.129298			2.147628
96000			-1053.540858			1.943244
97000			-1044.055308			1.758311
98000			-1047.849528			1.590978
99000			-1045.952418			1.439569
100000			-1038.696657			1.302570
101000			-1040.593767			1.178608
102000			-1040.593767			1.066443
103000			-1042.490877			0.964953
104000			-1044.387987			0.873121
105000			-1044.387987			0.790029
106000			-1042.490877			0.714844
107000			-1042.490877			0.646814
108000			-1042.490877			0.585259
109000			-1042.490877			0.529561
110000			-1040.593767			0.479165
111000			-1038.696657			0.433564
112000			-1038.696657			0.392303
113000			-1038.696657			0.354969
114000			-1033.005327			0.321187
115000			-1033.005327			0.290621
116000			-1033.005327			0.262963
117000			-1033.005327			0.237938
118000			-1033.005327			0.215294
119000			-1033.005327			0.194805
120000			-1033.005327			0.176266
121000			-1033.005327			0.159491
122000			-1033.005327			0.144313
123000			-1033.005327			0.130579
124000			-1033.005327			0.118152
125000			-1031.108217			0.106908
126000			-1031.108217			0.096734
127000			-1031.108217			0.087528
128000			-1031.108217			0.079198
129000			-1031.108217			0.071661
130000			-1031.108217			0.064841
131000			-1031.108217			0.058671
132000			-1031.108217			0.053087
133000			-1031.108217			0.048035
134000			-1031.108217			0.043464
135000			-1031.108217			0.039327
136000			-1031.108217			0.035585
137000			-1031.108217			0.032198
138000			-1031.108217			0.029134
139000			-1031.108217			0.026361
140000			-1031.108217			0.023853
141000			-1031.108217			0.021583
142000			-1031.108217			0.019529
143000			-1031.108217			0.017670
144000			-1031.108217			0.015989
145000			-1031.108217			0.014467
146000			-1031.108217			0.013090
147000			-1031.108217			0.011844
148000			-1031.108217			0.010717
149000			-1031.108217			0.009697
150000			-1031.108217			0.008774
151000			-1031.108217			0.007939
152000			-1031.108217			0.007184
153000			-1031.108217			0.006500
154000			-1031.108217			0.005882
155000			-1031.108217			0.005322
156000			-1031.108217			0.004815
157000			-1031.108217			0.004357
158000			-1031.108217			0.003942
159000			-1031.108217			0.003567
160000			-1031.108217			0.003228
161000			-1031.108217			0.002921
162000			-1031.108217			0.002643
163000			-1031.108217			0.002391
164000			-1031.108217			0.002164
165000			-1031.108217			0.001958
166000			-1031.108217			0.001771
167000			-1031.108217			0.001603
168000			-1031.108217			0.001450
169000			-1031.108217			0.001312
170000			-1031.108217			0.001187
171000			-1031.108217			0.001074
Iteration: 3
Step			Log-likelihood			Temperature
1			-20944.365175			99900.000000
1000			-20673.277240			36769.542477
2000			-20182.706241			23501.721022
3000			-20015.876980			21265.130236
4000			-20136.515402			19241.389323
5000			-17273.746543			17410.241977
6000			-20089.953050			15753.359626
7000			-20835.085706			14254.157974
8000			-19412.607683			12897.631004
9000			-20916.015306			11670.200782
10000			-18458.899956			10559.581542
11000			-18373.702892			9554.656721
12000			-21225.615784			8645.367688
13000			-17022.666255			7822.613061
14000			-20867.212396			7078.157611
15000			-19748.435160			6404.549832
16000			-18873.685615			5795.047357
17000			-17196.853392			5243.549468
18000			-21064.340491			4744.536038
19000			-18090.017007			4293.012272
20000			-20984.964394			3884.458716
21000			-20122.437361			3514.786020
22000			-21175.949394			3180.294005
23000			-20130.213794			2877.634626
24000			-20857.502163			2603.778466
25000			-18929.232333			2355.984403
26000			-18423.264687			2131.772185
27000			-20463.155985			1928.897594
28000			-18985.129501			1745.329992
29000			-19460.207693			1579.231987
30000			-21289.671446			1428.941048
31000			-14669.935960			1292.952863
32000			-15183.525034			1169.906280
33000			-18720.077456			1058.569685
34000			-17109.772048			957.828671
35000			-13804.612486			866.674888
36000			-13866.942409			784.195947
37000			-11917.091888			709.566288
38000			-13664.736393			642.038917
39000			-16860.725688			580.937931
40000			-15983.911927			525.651749
41000			-13646.201527			475.626993
42000			-15222.745446			430.362949
43000			-12647.047834			389.406552
44000			-11602.933607			352.347857
45000			-11644.754836			318.815931
46000			-11898.888604			288.475142
47000			-12029.079618			261.021797
48000			-11916.736675			236.181108
49000			-11201.409985			213.704435
50000			-11625.121147			193.366803
51000			-8823.569403			174.964643
52000			-9909.820288			158.313765
53000			-8048.585025			143.247502
54000			-7345.716221			129.615051
55000			-7277.614885			117.279962
56000			-7948.956026			106.118767
57000			-7204.494256			96.019751
58000			-6336.591323			86.881830
59000			-5184.992734			78.613537
60000			-4681.522599			71.132114
61000			-3851.981160			64.362677
62000			-3839.838238			58.237467
63000			-3997.187788			52.695176
64000			-2721.178706			47.680328
65000			-2708.868266			43.142730
66000			-2701.408840			39.036961
67000			-2382.397647			35.321926
68000			-2223.415814			31.960441
69000			-2348.385116			28.918858
70000			-2277.667508			26.166734
71000			-2134.219507			23.676522
72000			-2119.438152			21.423296
73000			-1893.498013			19.384503
74000			-1729.181802			17.539736
75000			-1704.684877			15.870530
76000			-1748.152902			14.360177
77000			-1738.667352			12.993561
78000			-1704.412900			11.757001
79000			-1711.760606			10.638121
80000			-1708.479097			9.625722
81000			-1679.915975			8.709670
82000			-1717.964647			7.880796
83000			-1751.947122			7.130803
84000			-1691.405107			6.452185
85000			-1655.253545			5.838150
86000			-1634.385335			5.282550
87000			-1636.282445			4.779825
88000			-1621.105565			4.324943
89000			-1627.961647			3.913350
90000			-1626.064537			3.540928
91000			-1629.858757			3.203948
92000			-1633.652977			2.899038
93000			-1629.858757			2.623145
94000			-1620.373208			2.373508
95000			-1618.476098			2.147628
96000			-1614.681878			1.943244
97000			-1614.681878			1.758311
98000			-1612.784768			1.590978
99000			-1614.681878			1.439569
100000			-1610.887658			1.302570
101000			-1610.887658			1.178608
102000			-1608.990548			1.066443
103000			-1608.990548			0.964953
104000			-1607.093438			0.873121
105000			-1603.299218			0.790029
106000			-1603.299218			0.714844
107000			-1603.299218			0.646814
108000			-1603.299218			0.585259
109000			-1603.299218			0.529561
110000			-1603.299218			0.479165
111000			-1603.299218			0.433564
112000			-1603.299218			0.392303
113000			-1603.299218			0.354969
114000			-1603.299218			0.321187
115000			-1603.299218			0.290621
116000			-1601.402108			0.262963
117000			-1601.402108			0.237938
118000			-1601.402108			0.215294
119000			-1601.402108			0.194805
120000			-1601.402108			0.176266
121000			-1601.402108			0.159491
122000			-1601.402108			0.144313
123000			-1601.402108			0.130579
124000			-1601.402108			0.118152
125000			-1601.402108			0.106908
126000			-1601.402108			0.096734
127000			-1601.402108			0.087528
128000			-1601.402108			0.079198
129000			-1601.402108			0.071661
130000			-1601.402108			0.064841
131000			-1601.402108			0.058671
132000			-1601.402108			0.053087
133000			-1601.402108			0.048035
134000			-1601.402108			0.043464
135000			-1601.402108			0.039327
136000			-1601.402108			0.035585
137000			-1601.402108			0.032198
138000			-1601.402108			0.029134
139000			-1601.402108			0.026361
140000			-1601.402108			0.023853
141000			-1601.402108			0.021583
142000			-1601.402108			0.019529
143000			-1601.402108			0.017670
144000			-1601.402108			0.015989
145000			-1601.402108			0.014467
146000			-1601.402108			0.013090
147000			-1601.402108			0.011844
148000			-1601.402108			0.010717
149000			-1601.402108			0.009697
150000			-1601.402108			0.008774
151000			-1601.402108			0.007939
152000			-1601.402108			0.007184
153000			-1601.402108			0.006500
154000			-1601.402108			0.005882
155000			-1601.402108			0.005322
156000			-1601.402108			0.004815
157000			-1601.402108			0.004357
158000			-1601.402108			0.003942
159000			-1601.402108			0.003567
160000			-1601.402108			0.003228
161000			-1601.402108			0.002921
162000			-1601.402108			0.002643
163000			-1601.402108			0.002391
164000			-1601.402108			0.002164
165000			-1601.402108			0.001958
166000			-1601.402108			0.001771
167000			-1601.402108			0.001603
168000			-1601.402108			0.001450
169000			-1601.402108			0.001312
170000			-1601.402108			0.001187
171000			-1601.402108			0.001074
Iteration: 4
Step			Log-likelihood			Temperature
1			-20380.639068			99900.000000
1000			-20466.208377			36769.542477
2000			-16733.704402			23501.721022
3000			-17238.971614			21265.130236
4000			-18922.933372			19241.389323
5000			-19855.715433			17410.241977
6000			-21052.318602			15753.359626
7000			-18167.384553			14254.157974
8000			-19259.373664			12897.631004
9000			-21896.198334			11670.200782
10000			-19771.417831			10559.581542
11000			-17114.234691			9554.656721
12000			-15707.702112			8645.367688
13000			-20349.226198			7822.613061
14000			-16473.800334			7078.157611
15000			-18185.721031			6404.549832
16000			-19860.745851			5795.047357
17000			-19486.314525			5243.549468
18000			-19397.083039			4744.536038
19000			-19794.235505			4293.012272
20000			-15381.675035			3884.458716
21000			-20430.846447			3514.786020
22000			-20926.625543			3180.294005
23000			-18572.842565			2877.634626
24000			-19577.223139			2603.778466
25000			-20093.870444			2355.984403
26000			-20242.252639			2131.772185
27000			-20280.426451			1928.897594
28000			-17009.282509			1745.329992
29000			-17230.414683			1579.231987
30000			-14555.225416			1428.941048
31000			-20849.811635			1292.952863
32000			-19097.814298			1169.906280
33000			-16243.868824			1058.569685
34000			-19461.821964			957.828671
35000			-16451.585995			866.674888
36000			-13494.106105			784.195947
37000			-13920.570392			709.566288
38000			-13206.532411			642.038917
39000			-13482.861164			580.937931
40000			-13546.582111			525.651749
41000			-13385.179046			475.626993
42000			-13548.098381			430.362949
43000			-12331.080816			389.406552
44000			-13161.408540			352.347857
45000			-12540.787315			318.815931
46000			-12732.360945			288.475142
47000			-10824.739278			261.021797
48000			-11114.599202			236.181108
49000			-9695.378538			213.704435
50000			-11729.180813			193.366803
51000			-8852.360663			174.964643
52000			-9559.088842			158.313765
53000			-8338.097678			143.247502
54000			-9663.077609			129.615051
55000			-9596.943467			117.279962
56000			-7952.729671			106.118767
57000			-7098.415938			96.019751
58000			-5760.601325			86.881830
59000			-4698.842021			78.613537
60000			-4213.302898			71.132114
61000			-4213.852948			64.362677
62000			-3137.024459			58.237467
63000			-2882.941888			52.695176
64000			-3318.368015			47.680328
65000			-3200.440136			43.142730
66000			-2923.847463			39.036961
67000			-3030.394337			35.321926
68000			-2598.768724			31.960441
69000			-2816.462311			28.918858
70000			-2623.049867			26.166734
71000			-2279.430596			23.676522
72000			-1774.994277			21.423296
73000			-1797.634235			19.384503
74000			-1590.882004			17.539736
75000			-1473.342656			15.870530
76000			-1623.406448			14.360177
77000			-1433.501688			12.993561
78000			-1655.383744			11.757001
79000			-1656.968181			10.638121
80000			-1575.498924			9.625722
81000			-1448.249333			8.709670
82000			-1512.860383			7.880796
83000			-1423.813147			7.130803
84000			-1454.273379			6.452185
85000			-1435.399040			5.838150
86000			-1388.100304			5.282550
87000			-1348.154522			4.779825
88000			-1331.112785			4.324943
89000			-1336.804115			3.913350
90000			-1327.318565			3.540928
91000			-1323.556599			3.203948
92000			-1312.173939			2.899038
93000			-1310.276829			2.623145
94000			-1176.110624			2.373508
95000			-1183.699064			2.147628
96000			-1181.914003			1.943244
97000			-1181.069577			1.758311
98000			-1171.584027			1.590978
99000			-1171.584027			1.439569
100000			-1173.481137			1.302570
101000			-1173.481137			1.178608
102000			-1175.378247			1.066443
103000			-1165.892697			0.964953
104000			-1160.201367			0.873121
105000			-1160.201367			0.790029
106000			-1158.304257			0.714844
107000			-1156.407147			0.646814
108000			-1156.407147			0.585259
109000			-1156.407147			0.529561
110000			-1156.407147			0.479165
111000			-1156.407147			0.433564
112000			-1156.407147			0.392303
113000			-1156.407147			0.354969
114000			-1156.407147			0.321187
115000			-1156.407147			0.290621
116000			-1156.407147			0.262963
117000			-1156.407147			0.237938
118000			-1156.407147			0.215294
119000			-1156.407147			0.194805
120000			-1156.407147			0.176266
121000			-1156.407147			0.159491
122000			-1156.407147			0.144313
123000			-1156.407147			0.130579
124000			-1156.647945			0.118152
125000			-1156.647945			0.106908
126000			-1156.647945			0.096734
127000			-1156.647945			0.087528
128000			-1156.647945			0.079198
129000			-1156.647945			0.071661
130000			-1156.647945			0.064841
131000			-1156.647945			0.058671
132000			-1156.647945			0.053087
133000			-1156.647945			0.048035
134000			-1156.647945			0.043464
135000			-1156.647945			0.039327
136000			-1156.647945			0.035585
137000			-1156.647945			0.032198
138000			-1156.647945			0.029134
139000			-1156.647945			0.026361
140000			-1156.647945			0.023853
141000			-1156.647945			0.021583
142000			-1156.647945			0.019529
143000			-1156.647945			0.017670
144000			-1156.647945			0.015989
145000			-1156.647945			0.014467
146000			-1156.647945			0.013090
147000			-1156.647945			0.011844
148000			-1156.647945			0.010717
149000			-1156.647945			0.009697
150000			-1156.647945			0.008774
151000			-1156.647945			0.007939
152000			-1156.647945			0.007184
153000			-1156.647945			0.006500
154000			-1156.647945			0.005882
155000			-1156.647945			0.005322
156000			-1156.647945			0.004815
157000			-1156.647945			0.004357
158000			-1156.647945			0.003942
159000			-1156.647945			0.003567
160000			-1156.647945			0.003228
161000			-1156.647945			0.002921
162000			-1156.647945			0.002643
163000			-1156.647945			0.002391
164000			-1156.647945			0.002164
165000			-1156.647945			0.001958
166000			-1156.647945			0.001771
167000			-1156.647945			0.001603
168000			-1156.647945			0.001450
169000			-1156.647945			0.001312
170000			-1156.647945			0.001187
171000			-1156.647945			0.001074
Iteration: 5
Step			Log-likelihood			Temperature
1			-18537.230690			99900.000000
1000			-20211.356411			36769.542477
2000			-20140.903938			23501.721022
3000			-20433.124759			21265.130236
4000			-19067.588957			19241.389323
5000			-18655.391271			17410.241977
6000			-19209.932280			15753.359626
7000			-20422.667996			14254.157974
8000			-22347.349884			12897.631004
9000			-19845.524778			11670.200782
10000			-20448.222396			10559.581542
11000			-21064.921051			9554.656721
12000			-20707.253338			8645.367688
13000			-21052.963670			7822.613061
14000			-20205.022038			7078.157611
15000			-20952.062053			6404.549832
16000			-21190.376659			5795.047357
17000			-19575.036202			5243.549468
18000			-18007.852737			4744.536038
19000			-21340.161403			4293.012272
20000			-17426.620751			3884.458716
21000			-17500.415438			3514.786020
22000			-19730.560675			3180.294005
23000			-19639.827768			2877.634626
24000			-18976.046301			2603.778466
25000			-20011.069087			2355.984403
26000			-17610.656390			2131.772185
27000			-20664.461835			1928.897594
28000			-21600.873668			1745.329992
29000			-17447.607202			1579.231987
30000			-17386.697277			1428.941048
31000			-14806.506731			1292.952863
32000			-20149.359865			1169.906280
33000			-15000.672326			1058.569685
34000			-14371.904278			957.828671
35000			-15592.919669			866.674888
36000			-17864.097511			784.195947
37000			-16648.639469			709.566288
38000			-14476.779612			642.038917
39000			-14498.819293			580.937931
40000			-12897.879850			525.651749
41000			-12235.000506			475.626993
42000			-13132.694579			430.362949
43000			-13063.067564			389.406552
44000			-13357.223161			352.347857
45000			-13742.536740			318.815931
46000			-11848.701539			288.475142
47000			-11638.077303			261.021797
48000			-11098.217269			236.181108
49000			-10508.536996			213.704435
50000			-10494.170193			193.366803
51000			-9836.580461			174.964643
52000			-8559.315270			158.313765
53000			-8851.724340			143.247502
54000			-9690.412049			129.615051
55000			-9503.196558			117.279962
56000			-8958.300562			106.118767
57000			-7726.753648			96.019751
58000			-6611.581350			86.881830
59000			-6344.665121			78.613537
60000			-5804.347583			71.132114
61000			-4533.225117			64.362677
62000			-4369.009440			58.237467
63000			-4129.824220			52.695176
64000			-4192.267583			47.680328
65000			-3448.477294			43.142730
66000			-2883.059250			39.036961
67000			-2608.256804			35.321926
68000			-2424.121755			31.960441
69000			-2129.791105			28.918858
70000			-1893.408650			26.166734
71000			-2220.762097			23.676522
72000			-1776.730759			21.423296
73000			-1877.376590			19.384503
74000			-1651.176535			17.539736
75000			-1544.975417			15.870530
76000			-1404.385612			14.360177
77000			-1474.911361			12.993561
78000			-1344.375298			11.757001
79000			-1308.020044			10.638121
80000			-1287.151834			9.625722
81000			-1281.460504			8.709670
82000			-1230.238534			7.880796
83000			-1232.135644			7.130803
84000			-1226.444314			6.452185
85000			-1232.135644			5.838150
86000			-1230.238534			5.282550
87000			-1232.135644			4.779825
88000			-1222.650094			4.324943
89000			-1232.135644			3.913350
90000			-1199.914862			3.540928
91000			-1199.914862			3.203948
92000			-1192.326422			2.899038
93000			-1196.120642			2.623145
94000			-1188.532202			2.373508
95000			-1182.840872			2.147628
96000			-1188.532202			1.943244
97000			-1188.532202			1.758311
98000			-1188.532202			1.590978
99000			-1184.737982			1.439569
100000			-1184.737982			1.302570
101000			-1179.046652			1.178608
102000			-1180.943762			1.066443
103000			-1180.943762			0.964953
104000			-1180.943762			0.873121
105000			-1179.046652			0.790029
106000			-1180.943762			0.714844
107000			-1177.149542			0.646814
108000			-1177.149542			0.585259
109000			-1173.355322			0.529561
110000			-1173.355322			0.479165
111000			-1173.355322			0.433564
112000			-1169.561102			0.392303
113000			-1169.561102			0.354969
114000			-1169.561102			0.321187
115000			-1169.561102			0.290621
116000			-1169.561102			0.262963
117000			-1169.561102			0.237938
118000			-1169.561102			0.215294
119000			-1169.561102			0.194805
120000			-1169.561102			0.176266
121000			-1169.561102			0.159491
122000			-1169.561102			0.144313
123000			-1169.561102			0.130579
124000			-1169.561102			0.118152
125000			-1169.561102			0.106908
126000			-1169.561102			0.096734
127000			-1169.561102			0.087528
128000			-1167.663992			0.079198
129000			-1167.663992			0.071661
130000			-1167.663992			0.064841
131000			-1167.663992			0.058671
132000			-1167.663992			0.053087
133000			-1167.663992			0.048035
134000			-1167.663992			0.043464
135000			-1167.663992			0.039327
136000			-1146.202071			0.035585
137000			-967.842987			0.032198
138000			-884.501624			0.029134
139000			-837.470179			0.026361
140000			-779.304483			0.023853
141000			-757.386366			0.021583
142000			-734.677876			0.019529
143000			-718.382742			0.017670
144000			-681.984381			0.015989
145000			-656.504984			0.014467
146000			-638.530364			0.013090
147000			-626.689506			0.011844
148000			-614.829055			0.010717
149000			-602.459258			0.009697
150000			-596.328541			0.008774
151000			-591.249274			0.007939
152000			-576.330037			0.007184
153000			-564.123734			0.006500
154000			-546.289794			0.005882
155000			-544.502499			0.005322
156000			-535.609205			0.004815
157000			-530.619120			0.004357
158000			-525.647837			0.003942
159000			-520.187609			0.003567
160000			-516.393389			0.003228
161000			-514.496279			0.002921
162000			-504.314778			0.002643
163000			-494.848097			0.002391
164000			-492.555463			0.002164
165000			-486.709815			0.001958
166000			-483.925973			0.001771
167000			-480.253921			0.001603
168000			-476.037419			0.001450
169000			-476.037419			0.001312
170000			-470.210641			0.001187
171000			-440.244140			0.001074
Iteration: 6
Step			Log-likelihood			Temperature
1			-20145.621925			99900.000000
1000			-18992.395258			36769.542477
2000			-20002.589230			23501.721022
3000			-19185.832082			21265.130236
4000			-19766.250978			19241.389323
5000			-21777.550785			17410.241977
6000			-19167.066181			15753.359626
7000			-20699.732807			14254.157974
8000			-19461.590351			12897.631004
9000			-18758.852690			11670.200782
10000			-21303.996382			10559.581542
11000			-17535.415765			9554.656721
12000			-20211.288006			8645.367688
13000			-20800.539342			7822.613061
14000			-17014.781271			7078.157611
15000			-21693.764926			6404.549832
16000			-20472.867308			5795.047357
17000			-16505.718252			5243.549468
18000			-19268.248369			4744.536038
19000			-19723.035537			4293.012272
20000			-20577.637839			3884.458716
21000			-19399.243748			3514.786020
22000			-19652.870087			3180.294005
23000			-19135.456802			2877.634626
24000			-20767.925346			2603.778466
25000			-18304.382455			2355.984403
26000			-20545.186769			2131.772185
27000			-15174.549699			1928.897594
28000			-17706.369890			1745.329992
29000			-14910.723817			1579.231987
30000			-19605.653418			1428.941048
31000			-19924.182477			1292.952863
32000			-21292.421462			1169.906280
33000			-18036.289502			1058.569685
34000			-14043.366344			957.828671
35000			-16077.509034			866.674888
36000			-17386.193198			784.195947
37000			-18050.158039			709.566288
38000			-16997.877890			642.038917
39000			-16278.905162			580.937931
40000			-15730.334716			525.651749
41000			-14520.919947			475.626993
42000			-12027.430118			430.362949
43000			-14562.492748			389.406552
44000			-13323.257876			352.347857
45000			-10881.690446			318.815931
46000			-13289.160760			288.475142
47000			-12311.652246			261.021797
48000			-11580.980461			236.181108
49000			-9520.673560			213.704435
50000			-10476.841874			193.366803
51000			-10235.903917			174.964643
52000			-10149.185139			158.313765
53000			-10364.815625			143.247502
54000			-8779.224557			129.615051
55000			-8078.736595			117.279962
56000			-6688.851512			106.118767
57000			-7751.955537			96.019751
58000			-7094.964202			86.881830
59000			-6416.898278			78.613537
60000			-6075.107266			71.132114
61000			-5737.965701			64.362677
62000			-4921.447326			58.237467
63000			-4539.138717			52.695176
64000			-4382.757191			47.680328
65000			-3757.469993			43.142730
66000			-3669.936927			39.036961
67000			-3567.672689			35.321926
68000			-3654.939749			31.960441
69000			-3319.957567			28.918858
70000			-2515.255580			26.166734
71000			-2475.995072			23.676522
72000			-2383.889504			21.423296
73000			-2254.435783			19.384503
74000			-2360.744883			17.539736
75000			-1995.376187			15.870530
76000			-1916.783728			14.360177
77000			-1879.851906			12.993561
78000			-1790.798668			11.757001
79000			-1690.792762			10.638121
80000			-1604.820137			9.625722
81000			-1574.572849			8.709670
82000			-1550.209423			7.880796
83000			-1527.145100			7.130803
84000			-1508.174000			6.452185
85000			-1485.302208			5.838150
86000			-1479.610878			5.282550
87000			-1487.199318			4.779825
88000			-1470.125328			4.324943
89000			-1422.697578			3.913350
90000			-1426.491798			3.540928
91000			-1424.594688			3.203948
92000			-1428.388908			2.899038
93000			-1434.080238			2.623145
94000			-1413.212029			2.373508
95000			-1411.314919			2.147628
96000			-1405.623589			1.943244
97000			-1413.212029			1.758311
98000			-1420.800468			1.590978
99000			-1417.006249			1.439569
100000			-1413.212029			1.302570
101000			-1411.314919			1.178608
102000			-1411.720394			1.066443
103000			-1409.823284			0.964953
104000			-1407.926174			0.873121
105000			-1315.555368			0.790029
106000			-1156.063017			0.714844
107000			-1152.268797			0.646814
108000			-1150.513251			0.585259
109000			-1150.513251			0.529561
110000			-1150.513251			0.479165
111000			-1150.513251			0.433564
112000			-1150.513251			0.392303
113000			-1150.513251			0.354969
114000			-1150.513251			0.321187
115000			-1150.513251			0.290621
116000			-1150.513251			0.262963
117000			-1150.513251			0.237938
118000			-1150.513251			0.215294
119000			-1150.513251			0.194805
120000			-1150.513251			0.176266
121000			-1150.513251			0.159491
122000			-1139.741227			0.144313
123000			-1110.426535			0.130579
124000			-1093.518050			0.118152
125000			-1054.690222			0.106908
126000			-910.698188			0.096734
127000			-788.566932			0.087528
128000			-752.957459			0.079198
129000			-723.217834			0.071661
130000			-686.314410			0.064841
131000			-662.695198			0.058671
132000			-647.281732			0.053087
133000			-636.890458			0.048035
134000			-613.114833			0.043464
135000			-590.620697			0.039327
136000			-580.028143			0.035585
137000			-571.919967			0.032198
138000			-564.813585			0.029134
139000			-553.193255			0.026361
140000			-539.879574			0.023853
141000			-526.570282			0.021583
142000			-506.792046			0.019529
143000			-494.099928			0.017670
144000			-483.530787			0.015989
145000			-474.234733			0.014467
146000			-462.838517			0.013090
147000			-457.385375			0.011844
148000			-451.041546			0.010717
149000			-438.108031			0.009697
150000			-425.154481			0.008774
151000			-421.482429			0.007939
152000			-419.477726			0.007184
153000			-411.920324			0.006500
154000			-411.413155			0.005882
155000			-409.410684			0.005322
156000			-402.851257			0.004815
157000			-400.954147			0.004357
158000			-392.125494			0.003942
159000			-390.353014			0.003567
160000			-386.558794			0.003228
161000			-386.450094			0.002921
162000			-384.552984			0.002643
163000			-384.552984			0.002391
164000			-384.411421			0.002164
165000			-384.411421			0.001958
166000			-384.411421			0.001771
167000			-382.514311			0.001603
168000			-378.720091			0.001450
169000			-376.931680			0.001312
170000			-373.028761			0.001187
171000			-373.028761			0.001074
Iteration: 7
Step			Log-likelihood			Temperature
1			-22072.462456			99900.000000
1000			-19658.309229			36769.542477
2000			-20742.327272			23501.721022
3000			-17305.938427			21265.130236
4000			-20185.113304			19241.389323
5000			-20890.577692			17410.241977
6000			-18209.547021			15753.359626
7000			-18514.254230			14254.157974
8000			-21728.006452			12897.631004
9000			-19010.594229			11670.200782
10000			-20495.816698			10559.581542
11000			-18000.756995			9554.656721
12000			-19121.638140			8645.367688
13000			-20427.729548			7822.613061
14000			-21366.358549			7078.157611
15000			-18539.552228			6404.549832
16000			-18623.757427			5795.047357
17000			-18413.268449			5243.549468
18000			-18751.895214			4744.536038
19000			-19643.040463			4293.012272
20000			-18889.313125			3884.458716
21000			-20584.318836			3514.786020
22000			-21516.811668			3180.294005
23000			-19805.327884			2877.634626
24000			-19337.155173			2603.778466
25000			-19595.860027			2355.984403
26000			-17269.838861			2131.772185
27000			-17396.713929			1928.897594
28000			-18475.495271			1745.329992
29000			-18767.641983			1579.231987
30000			-18836.414897			1428.941048
31000			-19041.449306			1292.952863
32000			-18564.031778			1169.906280
33000			-17375.447419			1058.569685
34000			-16333.121913			957.828671
35000			-16324.792949			866.674888
36000			-13721.710873			784.195947
37000			-14340.692147			709.566288
38000			-18826.138595			642.038917
39000			-14453.532936			580.937931
40000			-16963.855846			525.651749
41000			-12476.737176			475.626993
42000			-13081.556366			430.362949
43000			-11416.691744			389.406552
44000			-11974.192442			352.347857
45000			-13022.546597			318.815931
46000			-12601.260909			288.475142
47000			-12000.971917			261.021797
48000			-11317.030474			236.181108
49000			-12093.437846			213.704435
50000			-11516.661824			193.366803
51000			-11527.620871			174.964643
52000			-9966.065235			158.313765
53000			-6784.057700			143.247502
54000			-8846.253877			129.615051
55000			-7657.493987			117.279962
56000			-6809.429022			106.118767
57000			-6216.306685			96.019751
58000			-5298.508477			86.881830
59000			-5708.581390			78.613537
60000			-6157.957968			71.132114
61000			-6181.714650			64.362677
62000			-5868.474222			58.237467
63000			-5010.792827			52.695176
64000			-4241.878416			47.680328
65000			-4190.956872			43.142730
66000			-3963.076622			39.036961
67000			-3409.821214			35.321926
68000			-3239.694129			31.960441
69000			-3001.528289			28.918858
70000			-2964.903462			26.166734
71000			-2397.718139			23.676522
72000			-2141.086381			21.423296
73000			-1961.775968			19.384503
74000			-1892.005003			17.539736
75000			-1575.702533			15.870530
76000			-1491.835351			14.360177
77000			-1413.770145			12.993561
78000			-1521.890071			11.757001
79000			-1400.191310			10.638121
80000			-1385.379363			9.625722
81000			-1362.614043			8.709670
82000			-1356.922713			7.880796
83000			-1352.690764			7.130803
84000			-1328.328449			6.452185
85000			-1326.431339			5.838150
86000			-1337.408524			5.282550
87000			-1255.129952			4.779825
88000			-1067.832117			4.324943
89000			-1062.140787			3.913350
90000			-1073.523447			3.540928
91000			-1064.037897			3.203948
92000			-1062.140787			2.899038
93000			-1062.140787			2.623145
94000			-1024.198588			2.373508
95000			-1019.393990			2.147628
96000			-1021.291100			1.943244
97000			-1013.702660			1.758311
98000			-1009.908440			1.590978
99000			-1009.908440			1.439569
100000			-1011.805550			1.302570
101000			-1013.808020			1.178608
102000			-1013.808020			1.066443
103000			-1013.808020			0.964953
104000			-1013.808020			0.873121
105000			-1010.013800			0.790029
106000			-1011.910910			0.714844
107000			-1008.116690			0.646814
108000			-1006.219580			0.585259
109000			-1006.219580			0.529561
110000			-1006.219580			0.479165
111000			-1006.219580			0.433564
112000			-1006.219580			0.392303
113000			-1006.219580			0.354969
114000			-1006.219580			0.321187
115000			-1002.425360			0.290621
116000			-1002.425360			0.262963
117000			-1002.425360			0.237938
118000			-1002.425360			0.215294
119000			-1000.528250			0.194805
120000			-1000.528250			0.176266
121000			-1000.528250			0.159491
122000			-1000.528250			0.144313
123000			-1000.528250			0.130579
124000			-1000.528250			0.118152
125000			-1000.528250			0.106908
126000			-1000.528250			0.096734
127000			-1000.528250			0.087528
128000			-1000.528250			0.079198
129000			-1000.528250			0.071661
130000			-1000.528250			0.064841
131000			-1000.528250			0.058671
132000			-1000.528250			0.053087
133000			-1000.528250			0.048035
134000			-1000.528250			0.043464
135000			-1000.528250			0.039327
136000			-1000.528250			0.035585
137000			-1000.528250			0.032198
138000			-1000.528250			0.029134
139000			-1000.528250			0.026361
140000			-1000.528250			0.023853
141000			-1000.528250			0.021583
142000			-1000.528250			0.019529
143000			-1000.528250			0.017670
144000			-1000.528250			0.015989
145000			-1000.528250			0.014467
146000			-1000.528250			0.013090
147000			-1000.528250			0.011844
148000			-1000.528250			0.010717
149000			-1000.528250			0.009697
150000			-1000.528250			0.008774
151000			-1000.528250			0.007939
152000			-1000.528250			0.007184
153000			-1000.528250			0.006500
154000			-1000.528250			0.005882
155000			-1000.528250			0.005322
156000			-1000.528250			0.004815
157000			-1000.528250			0.004357
158000			-1000.528250			0.003942
159000			-1000.528250			0.003567
160000			-1000.528250			0.003228
161000			-1000.528250			0.002921
162000			-1000.528250			0.002643
163000			-1000.528250			0.002391
164000			-1000.528250			0.002164
165000			-1000.528250			0.001958
166000			-1000.528250			0.001771
167000			-1000.528250			0.001603
168000			-1000.528250			0.001450
169000			-1000.528250			0.001312
170000			-1000.528250			0.001187
171000			-1000.528250			0.001074
Iteration: 8
Step			Log-likelihood			Temperature
1			-22350.548518			99900.000000
1000			-20838.009724			36769.542477
2000			-20026.560016			23501.721022
3000			-19617.793182			21265.130236
4000			-19625.749644			19241.389323
5000			-20126.951467			17410.241977
6000			-18864.413934			15753.359626
7000			-19643.475458			14254.157974
8000			-20172.607877			12897.631004
9000			-20630.308604			11670.200782
10000			-20766.078123			10559.581542
11000			-20106.738433			9554.656721
12000			-18983.298700			8645.367688
13000			-19417.177984			7822.613061
14000			-18265.476777			7078.157611
15000			-20979.647862			6404.549832
16000			-20334.515273			5795.047357
17000			-21742.804055			5243.549468
18000			-19834.110442			4744.536038
19000			-19257.923269			4293.012272
20000			-17623.345284			3884.458716
21000			-17191.258132			3514.786020
22000			-17251.550921			3180.294005
23000			-17200.839166			2877.634626
24000			-18303.925069			2603.778466
25000			-19983.501360			2355.984403
26000			-16416.919287			2131.772185
27000			-16103.585284			1928.897594
28000			-21067.941190			1745.329992
29000			-17884.996842			1579.231987
30000			-17669.199559			1428.941048
31000			-16142.526599			1292.952863
32000			-18216.313343			1169.906280
33000			-18116.748808			1058.569685
34000			-19204.677299			957.828671
35000			-17455.838354			866.674888
36000			-15242.598495			784.195947
37000			-13398.011061			709.566288
38000			-14036.414254			642.038917
39000			-13822.496680			580.937931
40000			-13466.919485			525.651749
41000			-12426.070795			475.626993
42000			-12603.543318			430.362949
43000			-11047.782464			389.406552
44000			-12808.596937			352.347857
45000			-9888.034044			318.815931
46000			-10859.348517			288.475142
47000			-11065.676843			261.021797
48000			-11045.262503			236.181108
49000			-10664.359643			213.704435
50000			-10604.904682			193.366803
51000			-10630.229745			174.964643
52000			-11271.177995			158.313765
53000			-9887.988238			143.247502
54000			-9063.978736			129.615051
55000			-8651.794172			117.279962
56000			-7305.844634			106.118767
57000			-7105.521208			96.019751
58000			-5992.147687			86.881830
59000			-7233.430494			78.613537
60000			-6761.876003			71.132114
61000			-5541.874924			64.362677
62000			-5202.113131			58.237467
63000			-4218.587734			52.695176
64000			-4533.620108			47.680328
65000			-3935.931961			43.142730
66000			-3409.761014			39.036961
67000			-3115.644234			35.321926
68000			-2998.957410			31.960441
69000			-2616.898159			28.918858
70000			-2454.415240			26.166734
71000			-2575.927039			23.676522
72000			-2440.546499			21.423296
73000			-2140.923256			19.384503
74000			-1842.830064			17.539736
75000			-1924.676659			15.870530
76000			-1636.723663			14.360177
77000			-1572.092953			12.993561
78000			-1572.128160			11.757001
79000			-1496.195960			10.638121
80000			-1498.093070			9.625722
81000			-1475.221278			8.709670
82000			-1499.990180			7.880796
83000			-1477.118388			7.130803
84000			-1482.916190			6.452185
85000			-1488.917685			5.838150
86000			-1456.560343			5.282550
87000			-1462.251673			4.779825
88000			-1448.971903			4.324943
89000			-1458.457453			3.913350
90000			-1454.663233			3.540928
91000			-1447.074793			3.203948
92000			-1433.795023			2.899038
93000			-1433.795023			2.623145
94000			-1422.412364			2.373508
95000			-1428.103694			2.147628
96000			-1430.142367			1.943244
97000			-1426.348147			1.758311
98000			-1428.245257			1.590978
99000			-1163.162714			1.439569
100000			-1163.162714			1.302570
101000			-1168.854044			1.178608
102000			-1170.751154			1.066443
103000			-1170.751154			0.964953
104000			-1168.854044			0.873121
105000			-1166.956934			0.790029
106000			-1168.854044			0.714844
107000			-1165.059824			0.646814
108000			-1165.165185			0.585259
109000			-1163.268075			0.529561
110000			-1163.268075			0.479165
111000			-1163.268075			0.433564
112000			-1163.268075			0.392303
113000			-1163.268075			0.354969
114000			-1161.370965			0.321187
115000			-1160.489966			0.290621
116000			-1156.695746			0.262963
117000			-1156.695746			0.237938
118000			-1156.695746			0.215294
119000			-1156.695746			0.194805
120000			-1156.695746			0.176266
121000			-1156.695746			0.159491
122000			-1156.695746			0.144313
123000			-1156.695746			0.130579
124000			-1156.695746			0.118152
125000			-1156.695746			0.106908
126000			-1156.695746			0.096734
127000			-1156.695746			0.087528
128000			-1156.695746			0.079198
129000			-1156.695746			0.071661
130000			-1156.695746			0.064841
131000			-1156.695746			0.058671
132000			-1156.695746			0.053087
133000			-1156.695746			0.048035
134000			-1156.695746			0.043464
135000			-1156.695746			0.039327
136000			-1156.695746			0.035585
137000			-1156.695746			0.032198
138000			-1156.695746			0.029134
139000			-1156.695746			0.026361
140000			-1156.695746			0.023853
141000			-1156.695746			0.021583
142000			-1156.695746			0.019529
143000			-1156.695746			0.017670
144000			-1156.695746			0.015989
145000			-1156.695746			0.014467
146000			-1156.695746			0.013090
147000			-1156.695746			0.011844
148000			-1156.695746			0.010717
149000			-1156.695746			0.009697
150000			-1156.695746			0.008774
151000			-1156.695746			0.007939
152000			-1156.695746			0.007184
153000			-1156.695746			0.006500
154000			-1156.695746			0.005882
155000			-1156.695746			0.005322
156000			-1156.695746			0.004815
157000			-1156.695746			0.004357
158000			-1156.695746			0.003942
159000			-1156.695746			0.003567
160000			-1156.695746			0.003228
161000			-1156.695746			0.002921
162000			-1156.695746			0.002643
163000			-1156.695746			0.002391
164000			-1156.695746			0.002164
165000			-1156.695746			0.001958
166000			-1156.695746			0.001771
167000			-1156.695746			0.001603
168000			-1156.695746			0.001450
169000			-1156.695746			0.001312
170000			-1156.695746			0.001187
171000			-1156.695746			0.001074
Iteration: 9
Step			Log-likelihood			Temperature
1			-22848.600375			99900.000000
1000			-20081.901385			36769.542477
2000			-20028.683597			23501.721022
3000			-19650.040121			21265.130236
4000			-17826.369407			19241.389323
5000			-21832.057220			17410.241977
6000			-20287.076387			15753.359626
7000			-17539.139698			14254.157974
8000			-20865.595489			12897.631004
9000			-19738.792692			11670.200782
10000			-21063.717107			10559.581542
11000			-18685.897223			9554.656721
12000			-20645.026355			8645.367688
13000			-17703.656388			7822.613061
14000			-19943.171557			7078.157611
15000			-18465.578114			6404.549832
16000			-19223.624693			5795.047357
17000			-18638.616922			5243.549468
18000			-19621.007738			4744.536038
19000			-19632.432849			4293.012272
20000			-17116.621441			3884.458716
21000			-18036.485390			3514.786020
22000			-19111.888724			3180.294005
23000			-20866.270403			2877.634626
24000			-17766.424290			2603.778466
25000			-16981.381383			2355.984403
26000			-18330.940323			2131.772185
27000			-19253.720426			1928.897594
28000			-13822.070773			1745.329992
29000			-20069.655217			1579.231987
30000			-17788.285432			1428.941048
31000			-16144.644383			1292.952863
32000			-14298.439673			1169.906280
33000			-19280.012801			1058.569685
34000			-17378.801039			957.828671
35000			-16675.833081			866.674888
36000			-13166.920916			784.195947
37000			-15938.709661			709.566288
38000			-14423.408422			642.038917
39000			-13418.837597			580.937931
40000			-14415.290822			525.651749
41000			-13280.948116			475.626993
42000			-12401.319408			430.362949
43000			-12680.555208			389.406552
44000			-13746.151836			352.347857
45000			-13162.800018			318.815931
46000			-11926.802785			288.475142
47000			-11745.524653			261.021797
48000			-11469.734131			236.181108
49000			-11378.086452			213.704435
50000			-9972.210618			193.366803
51000			-10181.963031			174.964643
52000			-11307.752884			158.313765
53000			-8934.105737			143.247502
54000			-9690.674760			129.615051
55000			-8247.336273			117.279962
56000			-8514.387409			106.118767
57000			-7589.431580			96.019751
58000			-6986.086127			86.881830
59000			-6318.944840			78.613537
60000			-5528.534662			71.132114
61000			-5238.252548			64.362677
62000			-4778.254649			58.237467
63000			-4577.400567			52.695176
64000			-4601.121245			47.680328
65000			-3909.174136			43.142730
66000			-3111.230614			39.036961
67000			-3312.551864			35.321926
68000			-2963.787057			31.960441
69000			-3162.316315			28.918858
70000			-2890.044294			26.166734
71000			-2366.501769			23.676522
72000			-2161.430821			21.423296
73000			-1962.307417			19.384503
74000			-2037.734175			17.539736
75000			-1950.477131			15.870530
76000			-1820.529496			14.360177
77000			-1752.095799			12.993561
78000			-1724.417846			11.757001
79000			-1711.032716			10.638121
80000			-1732.038540			9.625722
81000			-1579.993279			8.709670
82000			-1515.544620			7.880796
83000			-1295.899156			7.130803
84000			-1307.393865			6.452185
85000			-1318.776525			5.838150
86000			-1314.982305			5.282550
87000			-1250.952546			4.779825
88000			-1220.598786			4.324943
89000			-1218.701676			3.913350
90000			-1222.495896			3.540928
91000			-1222.495896			3.203948
92000			-1237.672776			2.899038
93000			-1190.245026			2.623145
94000			-1190.245026			2.373508
95000			-1184.553696			2.147628
96000			-1176.965256			1.943244
97000			-1180.759476			1.758311
98000			-1175.068146			1.590978
99000			-1175.068146			1.439569
100000			-1176.965256			1.302570
101000			-1178.862366			1.178608
102000			-1182.656586			1.066443
103000			-1184.553696			0.964953
104000			-1184.553696			0.873121
105000			-1178.862366			0.790029
106000			-1178.862366			0.714844
107000			-1178.862366			0.646814
108000			-1171.273926			0.585259
109000			-1165.582596			0.529561
110000			-1165.582596			0.479165
111000			-1161.788376			0.433564
112000			-1161.788376			0.392303
113000			-1161.788376			0.354969
114000			-1161.788376			0.321187
115000			-1161.788376			0.290621
116000			-1161.788376			0.262963
117000			-1161.788376			0.237938
118000			-1159.891266			0.215294
119000			-1159.891266			0.194805
120000			-1159.891266			0.176266
121000			-1159.891266			0.159491
122000			-1159.891266			0.144313
123000			-1159.891266			0.130579
124000			-1159.891266			0.118152
125000			-1159.891266			0.106908
126000			-1159.891266			0.096734
127000			-1159.891266			0.087528
128000			-1159.891266			0.079198
129000			-1159.891266			0.071661
130000			-1159.891266			0.064841
131000			-1159.891266			0.058671
132000			-1159.891266			0.053087
133000			-1159.891266			0.048035
134000			-1159.891266			0.043464
135000			-1159.891266			0.039327
136000			-1159.891266			0.035585
137000			-1159.891266			0.032198
138000			-1159.891266			0.029134
139000			-1159.891266			0.026361
140000			-1159.891266			0.023853
141000			-1159.891266			0.021583
142000			-1159.891266			0.019529
143000			-1159.891266			0.017670
144000			-1159.891266			0.015989
145000			-1159.891266			0.014467
146000			-1159.891266			0.013090
147000			-1159.891266			0.011844
148000			-1159.891266			0.010717
149000			-1159.891266			0.009697
150000			-1159.891266			0.008774
151000			-1159.891266			0.007939
152000			-1159.891266			0.007184
153000			-1159.891266			0.006500
154000			-1159.891266			0.005882
155000			-1159.891266			0.005322
156000			-1159.891266			0.004815
157000			-1159.891266			0.004357
158000			-1159.891266			0.003942
159000			-1159.891266			0.003567
160000			-1159.891266			0.003228
161000			-1159.891266			0.002921
162000			-1159.891266			0.002643
163000			-1159.891266			0.002391
164000			-1159.891266			0.002164
165000			-1159.891266			0.001958
166000			-1159.891266			0.001771
167000			-1159.891266			0.001603
168000			-1159.891266			0.001450
169000			-1159.891266			0.001312
170000			-1159.891266			0.001187
171000			-1159.891266			0.001074
Iteration: 10
Step			Log-likelihood			Temperature
1			-20774.261744			99900.000000
1000			-20006.113745			36769.542477
2000			-20049.591847			23501.721022
3000			-18917.706185			21265.130236
4000			-21999.479202			19241.389323
5000			-20629.457603			17410.241977
6000			-20242.296570			15753.359626
7000			-21003.753581			14254.157974
8000			-22311.745413			12897.631004
9000			-16555.486381			11670.200782
10000			-17906.573471			10559.581542
11000			-18924.964182			9554.656721
12000			-21961.432450			8645.367688
13000			-19203.626535			7822.613061
14000			-20383.462629			7078.157611
15000			-17746.136641			6404.549832
16000			-18545.616567			5795.047357
17000			-20376.727513			5243.549468
18000			-18053.506551			4744.536038
19000			-17642.827700			4293.012272
20000			-18639.140955			3884.458716
21000			-19385.931725			3514.786020
22000			-16498.254218			3180.294005
23000			-19549.895357			2877.634626
24000			-20534.092517			2603.778466
25000			-19393.848538			2355.984403
26000			-20660.326410			2131.772185
27000			-19222.492214			1928.897594
28000			-21954.115647			1745.329992
29000			-17981.986812			1579.231987
30000			-19940.106174			1428.941048
31000			-17648.662647			1292.952863
32000			-17711.800980			1169.906280
33000			-18513.710305			1058.569685
34000			-16471.870970			957.828671
35000			-17076.791072			866.674888
36000			-14735.483152			784.195947
37000			-16981.222354			709.566288
38000			-13094.449096			642.038917
39000			-14498.872953			580.937931
40000			-17071.494719			525.651749
41000			-12722.944208			475.626993
42000			-15306.591247			430.362949
43000			-11775.955924			389.406552
44000			-12660.864233			352.347857
45000			-11143.360868			318.815931
46000			-11901.986560			288.475142
47000			-9860.703588			261.021797
48000			-9746.126031			236.181108
49000			-11650.772050			213.704435
50000			-9637.356339			193.366803
51000			-9322.534001			174.964643
52000			-9395.333755			158.313765
53000			-8709.000418			143.247502
54000			-9133.403564			129.615051
55000			-9615.488155			117.279962
56000			-6383.160336			106.118767
57000			-6352.201927			96.019751
58000			-5781.556110			86.881830
59000			-6653.194679			78.613537
60000			-6694.222625			71.132114
61000			-5273.467349			64.362677
62000			-4920.216039			58.237467
63000			-4875.479365			52.695176
64000			-3759.728386			47.680328
65000			-3524.351548			43.142730
66000			-3311.824542			39.036961
67000			-3224.890162			35.321926
68000			-2406.876664			31.960441
69000			-2124.034175			28.918858
70000			-2153.467856			26.166734
71000			-1976.448326			23.676522
72000			-1804.954764			21.423296
73000			-1810.695517			19.384503
74000			-1873.959583			17.539736
75000			-1908.216873			15.870530
76000			-1911.597329			14.360177
77000			-1492.843281			12.993561
78000			-1474.987919			11.757001
79000			-1421.398858			10.638121
80000			-1374.335730			9.625722
81000			-1378.129950			8.709670
82000			-1282.473450			7.880796
83000			-1276.782121			7.130803
84000			-1240.614863			6.452185
85000			-1192.820859			5.838150
86000			-1187.129529			5.282550
87000			-1190.923749			4.779825
88000			-1192.820859			4.324943
89000			-1187.129529			3.913350
90000			-1179.541089			3.540928
91000			-1179.541089			3.203948
92000			-1181.438199			2.899038
93000			-1179.541089			2.623145
94000			-1176.079549			2.373508
95000			-1179.873769			2.147628
96000			-1181.770879			1.943244
97000			-1181.770879			1.758311
98000			-1172.285329			1.590978
99000			-1164.696889			1.439569
100000			-1164.696889			1.302570
101000			-1159.005559			1.178608
102000			-1160.902669			1.066443
103000			-1160.902669			0.964953
104000			-1162.799779			0.873121
105000			-1162.799779			0.790029
106000			-1160.902669			0.714844
107000			-1159.005559			0.646814
108000			-1159.005559			0.585259
109000			-1160.902669			0.529561
110000			-1155.211339			0.479165
111000			-1155.211339			0.433564
112000			-1155.211339			0.392303
113000			-1153.314229			0.354969
114000			-1153.314229			0.321187
115000			-1153.314229			0.290621
116000			-1137.332770			0.262963
117000			-1079.867604			0.237938
118000			-1043.576720			0.215294
119000			-916.129999			0.194805
120000			-840.072538			0.176266
121000			-769.695695			0.159491
122000			-721.387256			0.144313
123000			-656.294257			0.130579
124000			-617.528391			0.118152
125000			-587.752086			0.106908
126000			-564.641374			0.096734
127000			-548.500287			0.087528
128000			-526.442194			0.079198
129000			-523.905627			0.071661
130000			-508.778933			0.064841
131000			-500.447366			0.058671
132000			-492.149136			0.053087
133000			-476.366926			0.048035
134000			-466.420520			0.043464
135000			-456.832417			0.039327
136000			-443.524699			0.035585
137000			-436.184149			0.032198
138000			-425.630434			0.029134
139000			-418.396175			0.026361
140000			-414.553997			0.023853
141000			-410.775703			0.021583
142000			-405.550088			0.019529
143000			-401.750736			0.017670
144000			-395.894520			0.015989
145000			-391.971542			0.014467
146000			-381.581961			0.013090
147000			-380.991370			0.011844
148000			-378.503670			0.010717
149000			-378.503670			0.009697
150000			-374.595160			0.008774
151000			-374.483111			0.007939
152000			-368.796260			0.007184
153000			-366.899150			0.006500
154000			-366.783739			0.005882
155000			-366.783739			0.005322
156000			-366.783739			0.004815
157000			-364.296039			0.004357
158000			-364.296039			0.003942
159000			-360.501819			0.003567
160000			-360.501819			0.003228
161000			-360.501819			0.002921
162000			-360.501819			0.002643
163000			-358.604709			0.002391
164000			-358.604709			0.002164
165000			-358.604709			0.001958
166000			-358.604709			0.001771
167000			-356.707599			0.001603
168000			-356.707599			0.001450
169000			-356.707599			0.001312
170000			-356.707599			0.001187
171000			-352.913379			0.001074

Maximum likelihood Tree found: -341.530719
digraph g {
	"271" -> "272";
	"272" [color=indianred1, style=filled, label="47"];
	"271" -> "273";
	"273" [color=indianred1, style=filled, label="43"];
	"269" -> "270";
	"270" [color=indianred1, style=filled, label="29"];
	"267" -> "268";
	"268" [color=indianred1, style=filled, label="33"];
	"266" -> "267";
	"267" [color=indianred1, style=filled, label="47"];
	"264" -> "265";
	"265" [color=indianred1, style=filled, label="39"];
	"262" -> "263";
	"263" [color=indianred1, style=filled, label="47"];
	"262" -> "264";
	"264" [color=indianred1, style=filled, label="33"];
	"259" -> "260";
	"260" [color=indianred1, style=filled, label="29"];
	"259" -> "261";
	"261" [color=indianred1, style=filled, label="33"];
	"259" -> "262";
	"262" [color=indianred1, style=filled, label="44"];
	"259" -> "266";
	"266" [color=indianred1, style=filled, label="28"];
	"259" -> "269";
	"269" [color=indianred1, style=filled, label="26"];
	"259" -> "271";
	"271" [color=indianred1, style=filled, label="48"];
	"256" -> "257";
	"257" [color=indianred1, style=filled, label="16"];
	"255" -> "256";
	"256" [color=indianred1, style=filled, label="12"];
	"253" -> "254";
	"254" [color=indianred1, style=filled, label="25"];
	"251" -> "252";
	"252" [color=indianred1, style=filled, label="12"];
	"247" -> "248";
	"248" [color=indianred1, style=filled, label="44"];
	"246" -> "247";
	"247" [color=indianred1, style=filled, label="12"];
	"246" -> "249";
	"249" [color=indianred1, style=filled, label="10"];
	"245" -> "246";
	"246" [color=indianred1, style=filled, label="21"];
	"245" -> "250";
	"250" [color=indianred1, style=filled, label="26"];
	"244" -> "245";
	"245" [color=indianred1, style=filled, label="1"];
	"244" -> "251";
	"251" [color=indianred1, style=filled, label="42"];
	"244" -> "253";
	"253" [color=indianred1, style=filled, label="32"];
	"244" -> "255";
	"255" [color=indianred1, style=filled, label="32"];
	"244" -> "258";
	"258" [color=indianred1, style=filled, label="21"];
	"238" -> "239";
	"239" [color=indianred1, style=filled, label="10"];
	"235" -> "236";
	"236" [color=indianred1, style=filled, label="24"];
	"235" -> "237";
	"237" [color=indianred1, style=filled, label="42"];
	"233" -> "234";
	"234" [color=indianred1, style=filled, label="31"];
	"232" -> "233";
	"233" [color=indianred1, style=filled, label="1"];
	"229" -> "230";
	"230" [color=indianred1, style=filled, label="16"];
	"228" -> "229";
	"229" [color=indianred1, style=filled, label="49"];
	"225" -> "226";
	"226" [color=indianred1, style=filled, label="42"];
	"225" -> "227";
	"227" [color=indianred1, style=filled, label="13"];
	"224" -> "225";
	"225" [color=indianred1, style=filled, label="1"];
	"224" -> "228";
	"228" [color=indianred1, style=filled, label="42"];
	"224" -> "231";
	"231" [color=indianred1, style=filled, label="16"];
	"220" -> "221";
	"221" [color=indianred1, style=filled, label="21"];
	"220" -> "222";
	"222" [color=indianred1, style=filled, label="8"];
	"220" -> "223";
	"223" [color=indianred1, style=filled, label="8"];
	"217" -> "218";
	"218" [color=indianred1, style=filled, label="49"];
	"217" -> "219";
	"219" [color=indianred1, style=filled, label="10"];
	"216" -> "217";
	"217" [color=indianred1, style=filled, label="8"];
	"216" -> "220";
	"220" [color=indianred1, style=filled, label="10"];
	"216" -> "224";
	"224" [color=indianred1, style=filled, label="19"];
	"216" -> "232";
	"232" [color=indianred1, style=filled, label="16"];
	"216" -> "235";
	"235" [color=indianred1, style=filled, label="13"];
	"211" -> "212";
	"212" [color=indianred1, style=filled, label="49"];
	"211" -> "213";
	"213" [color=indianred1, style=filled, label="31"];
	"211" -> "214";
	"214" [color=indianred1, style=filled, label="38"];
	"211" -> "215";
	"215" [color=indianred1, style=filled, label="12"];
	"209" -> "210";
	"210" [color=indianred1, style=filled, label="31"];
	"207" -> "208";
	"208" [color=indianred1, style=filled, label="21"];
	"206" -> "207";
	"207" [color=indianred1, style=filled, label="24"];
	"200" -> "201";
	"201" [color=indianred1, style=filled, label="31"];
	"199" -> "200";
	"200" [color=indianred1, style=filled, label="38"];
	"199" -> "202";
	"202" [color=indianred1, style=filled, label="38"];
	"196" -> "197";
	"197" [color=indianred1, style=filled, label="31"];
	"194" -> "195";
	"195" [color=indianred1, style=filled, label="13"];
	"194" -> "196";
	"196" [color=indianred1, style=filled, label="24"];
	"193" -> "194";
	"194" [color=indianred1, style=filled, label="12"];
	"193" -> "198";
	"198" [color=indianred1, style=filled, label="24"];
	"193" -> "199";
	"199" [color=indianred1, style=filled, label="19"];
	"190" -> "191";
	"191" [color=indianred1, style=filled, label="21"];
	"190" -> "192";
	"192" [color=indianred1, style=filled, label="13"];
	"189" -> "190";
	"190" [color=indianred1, style=filled, label="38"];
	"188" -> "189";
	"189" [color=indianred1, style=filled, label="8"];
	"187" -> "188";
	"188" [color=indianred1, style=filled, label="24"];
	"187" -> "193";
	"193" [color=indianred1, style=filled, label="16"];
	"187" -> "203";
	"203" [color=indianred1, style=filled, label="13"];
	"187" -> "204";
	"204" [color=indianred1, style=filled, label="32"];
	"186" -> "187";
	"187" [color=indianred1, style=filled, label="26"];
	"186" -> "205";
	"205" [color=indianred1, style=filled, label="42"];
	"186" -> "206";
	"206" [color=indianred1, style=filled, label="19"];
	"186" -> "209";
	"209" [color=indianred1, style=filled, label="48"];
	"186" -> "211";
	"211" [color=indianred1, style=filled, label="25"];
	"186" -> "216";
	"216" [color=indianred1, style=filled, label="38"];
	"186" -> "238";
	"238" [color=indianred1, style=filled, label="49"];
	"185" -> "186";
	"186" [label="31"];
	"185" -> "240";
	"240" [color=indianred1, style=filled, label="32"];
	"183" -> "184";
	"184" [color=indianred1, style=filled, label="32"];
	"182" -> "183";
	"183" [color=indianred1, style=filled, label="19"];
	"182" -> "185";
	"185" [label="13"];
	"182" -> "241";
	"241" [color=indianred1, style=filled, label="19"];
	"182" -> "242";
	"242" [color=indianred1, style=filled, label="8"];
	"181" -> "182";
	"182" [label="24"];
	"181" -> "243";
	"243" [color=indianred1, style=filled, label="49"];
	"180" -> "181";
	"181" [label="8"];
	"179" -> "180";
	"180" [label="49"];
	"178" -> "179";
	"179" [label="19"];
	"177" -> "178";
	"178" [label="38"];
	"177" -> "244";
	"244" [label="17"];
	"176" -> "177";
	"177" [label="32"];
	"175" -> "176";
	"176" [label="42"];
	"174" -> "175";
	"175" [label="21"];
	"173" -> "174";
	"174" [label="12"];
	"172" -> "173";
	"173" [label="16"];
	"171" -> "172";
	"172" [color=indianred1, style=filled, label="47"];
	"170" -> "171";
	"171" [color=indianred1, style=filled, label="39"];
	"169" -> "170";
	"170" [color=indianred1, style=filled, label="33"];
	"168" -> "169";
	"169" [color=indianred1, style=filled, label="18"];
	"167" -> "168";
	"168" [color=indianred1, style=filled, label="28"];
	"161" -> "162";
	"162" [color=indianred1, style=filled, label="23"];
	"159" -> "160";
	"160" [color=indianred1, style=filled, label="29"];
	"158" -> "159";
	"159" [color=indianred1, style=filled, label="23"];
	"155" -> "156";
	"156" [color=indianred1, style=filled, label="18"];
	"154" -> "155";
	"155" [color=indianred1, style=filled, label="39"];
	"154" -> "157";
	"157" [color=indianred1, style=filled, label="23"];
	"152" -> "153";
	"153" [color=indianred1, style=filled, label="28"];
	"150" -> "151";
	"151" [color=indianred1, style=filled, label="1"];
	"147" -> "148";
	"148" [color=indianred1, style=filled, label="39"];
	"147" -> "149";
	"149" [color=indianred1, style=filled, label="29"];
	"146" -> "147";
	"147" [color=indianred1, style=filled, label="25"];
	"146" -> "150";
	"150" [color=indianred1, style=filled, label="43"];
	"146" -> "152";
	"152" [color=indianred1, style=filled, label="47"];
	"145" -> "146";
	"146" [color=indianred1, style=filled, label="44"];
	"145" -> "154";
	"154" [color=indianred1, style=filled, label="28"];
	"145" -> "158";
	"158" [color=indianred1, style=filled, label="39"];
	"145" -> "161";
	"161" [color=indianred1, style=filled, label="33"];
	"145" -> "163";
	"163" [color=indianred1, style=filled, label="10"];
	"145" -> "164";
	"164" [color=indianred1, style=filled, label="23"];
	"144" -> "145";
	"145" [label="46"];
	"144" -> "165";
	"165" [color=indianred1, style=filled, label="1"];
	"144" -> "166";
	"166" [color=indianred1, style=filled, label="28"];
	"143" -> "144";
	"144" [label="23"];
	"143" -> "167";
	"167" [color=indianred1, style=filled, label="29"];
	"142" -> "143";
	"143" [label="10"];
	"141" -> "142";
	"142" [label="1"];
	"141" -> "259";
	"259" [color=indianred1, style=filled, label="18"];
	"140" -> "141";
	"141" [label="39"];
	"139" -> "140";
	"140" [label="29"];
	"138" -> "139";
	"139" [label="28"];
	"137" -> "138";
	"138" [label="33"];
	"135" -> "136";
	"136" [color=indianred1, style=filled, label="18"];
	"133" -> "134";
	"134" [color=indianred1, style=filled, label="5"];
	"130" -> "131";
	"131" [color=indianred1, style=filled, label="30"];
	"128" -> "129";
	"129" [color=indianred1, style=filled, label="41"];
	"127" -> "128";
	"128" [color=indianred1, style=filled, label="40"];
	"125" -> "126";
	"126" [color=indianred1, style=filled, label="40"];
	"124" -> "125";
	"125" [color=indianred1, style=filled, label="41"];
	"119" -> "120";
	"120" [color=indianred1, style=filled, label="40"];
	"119" -> "121";
	"121" [color=indianred1, style=filled, label="5"];
	"117" -> "118";
	"118" [color=indianred1, style=filled, label="30"];
	"116" -> "117";
	"117" [color=indianred1, style=filled, label="5"];
	"114" -> "115";
	"115" [color=indianred1, style=filled, label="35"];
	"112" -> "113";
	"113" [color=indianred1, style=filled, label="18"];
	"110" -> "111";
	"111" [color=indianred1, style=filled, label="5"];
	"109" -> "110";
	"110" [color=indianred1, style=filled, label="35"];
	"109" -> "112";
	"112" [color=indianred1, style=filled, label="35"];
	"107" -> "108";
	"108" [color=indianred1, style=filled, label="35"];
	"107" -> "109";
	"109" [color=indianred1, style=filled, label="41"];
	"107" -> "114";
	"114" [color=indianred1, style=filled, label="30"];
	"107" -> "116";
	"116" [color=indianred1, style=filled, label="40"];
	"106" -> "107";
	"107" [color=indianred1, style=filled, label="25"];
	"106" -> "119";
	"119" [color=indianred1, style=filled, label="30"];
	"106" -> "122";
	"122" [color=indianred1, style=filled, label="35"];
	"106" -> "123";
	"123" [color=indianred1, style=filled, label="40"];
	"105" -> "106";
	"106" [label="11"];
	"105" -> "124";
	"124" [color=indianred1, style=filled, label="30"];
	"105" -> "127";
	"127" [color=indianred1, style=filled, label="48"];
	"104" -> "105";
	"105" [label="40"];
	"104" -> "130";
	"130" [color=indianred1, style=filled, label="41"];
	"104" -> "132";
	"132" [color=indianred1, style=filled, label="43"];
	"104" -> "133";
	"133" [color=indianred1, style=filled, label="41"];
	"103" -> "104";
	"104" [label="35"];
	"102" -> "103";
	"103" [label="41"];
	"102" -> "135";
	"135" [color=indianred1, style=filled, label="5"];
	"101" -> "102";
	"102" [label="5"];
	"100" -> "101";
	"101" [label="30"];
	"100" -> "137";
	"137" [label="47"];
	"97" -> "98";
	"98" [color=indianred1, style=filled, label="37"];
	"91" -> "92";
	"92" [color=indianred1, style=filled, label="9"];
	"88" -> "89";
	"89" [color=indianred1, style=filled, label="27"];
	"88" -> "90";
	"90" [color=indianred1, style=filled, label="7"];
	"86" -> "87";
	"87" [color=indianred1, style=filled, label="34"];
	"86" -> "88";
	"88" [color=indianred1, style=filled, label="22"];
	"84" -> "85";
	"85" [color=indianred1, style=filled, label="14"];
	"83" -> "84";
	"84" [color=indianred1, style=filled, label="34"];
	"81" -> "82";
	"82" [color=indianred1, style=filled, label="27"];
	"81" -> "83";
	"83" [color=indianred1, style=filled, label="36"];
	"80" -> "81";
	"81" [color=indianred1, style=filled, label="9"];
	"80" -> "86";
	"86" [color=indianred1, style=filled, label="2"];
	"77" -> "78";
	"78" [color=indianred1, style=filled, label="27"];
	"74" -> "75";
	"75" [color=indianred1, style=filled, label="3"];
	"73" -> "74";
	"74" [color=indianred1, style=filled, label="7"];
	"73" -> "76";
	"76" [color=indianred1, style=filled, label="50"];
	"71" -> "72";
	"72" [color=indianred1, style=filled, label="14"];
	"71" -> "73";
	"73" [color=indianred1, style=filled, label="20"];
	"71" -> "77";
	"77" [color=indianred1, style=filled, label="7"];
	"69" -> "70";
	"70" [color=indianred1, style=filled, label="34"];
	"68" -> "69";
	"69" [color=indianred1, style=filled, label="14"];
	"66" -> "67";
	"67" [color=indianred1, style=filled, label="36"];
	"65" -> "66";
	"66" [color=indianred1, style=filled, label="50"];
	"61" -> "62";
	"62" [color=indianred1, style=filled, label="2"];
	"61" -> "63";
	"63" [color=indianred1, style=filled, label="7"];
	"59" -> "60";
	"60" [color=indianred1, style=filled, label="3"];
	"58" -> "59";
	"59" [color=indianred1, style=filled, label="9"];
	"56" -> "57";
	"57" [color=indianred1, style=filled, label="15"];
	"54" -> "55";
	"55" [color=indianred1, style=filled, label="2"];
	"52" -> "53";
	"53" [color=indianred1, style=filled, label="2"];
	"52" -> "54";
	"54" [color=indianred1, style=filled, label="7"];
	"50" -> "51";
	"51" [color=indianred1, style=filled, label="9"];
	"49" -> "50";
	"50" [color=indianred1, style=filled, label="34"];
	"48" -> "49";
	"49" [color=indianred1, style=filled, label="22"];
	"47" -> "48";
	"48" [color=indianred1, style=filled, label="2"];
	"47" -> "52";
	"52" [color=indianred1, style=filled, label="14"];
	"47" -> "56";
	"56" [color=indianred1, style=filled, label="14"];
	"46" -> "47";
	"47" [color=indianred1, style=filled, label="44"];
	"46" -> "58";
	"58" [color=indianred1, style=filled, label="50"];
	"45" -> "46";
	"46" [color=indianred1, style=filled, label="26"];
	"45" -> "61";
	"61" [color=indianred1, style=filled, label="50"];
	"45" -> "64";
	"64" [color=indianred1, style=filled, label="34"];
	"45" -> "65";
	"65" [color=indianred1, style=filled, label="9"];
	"45" -> "68";
	"68" [color=indianred1, style=filled, label="48"];
	"45" -> "71";
	"71" [color=indianred1, style=filled, label="36"];
	"44" -> "45";
	"45" [label="4"];
	"44" -> "79";
	"79" [color=indianred1, style=filled, label="3"];
	"44" -> "80";
	"80" [color=indianred1, style=filled, label="20"];
	"43" -> "44";
	"44" [label="34"];
	"43" -> "91";
	"91" [color=indianred1, style=filled, label="50"];
	"43" -> "93";
	"93" [color=indianred1, style=filled, label="15"];
	"42" -> "43";
	"43" [label="14"];
	"41" -> "42";
	"42" [label="2"];
	"41" -> "94";
	"94" [color=indianred1, style=filled, label="15"];
	"40" -> "41";
	"41" [label="7"];
	"40" -> "95";
	"95" [color=indianred1, style=filled, label="27"];
	"39" -> "40";
	"40" [label="9"];
	"39" -> "96";
	"96" [color=indianred1, style=filled, label="36"];
	"38" -> "39";
	"39" [label="50"];
	"33" -> "34";
	"34" [color=indianred1, style=filled, label="20"];
	"32" -> "33";
	"33" [color=indianred1, style=filled, label="6"];
	"31" -> "32";
	"32" [color=indianred1, style=filled, label="15"];
	"27" -> "28";
	"28" [color=indianred1, style=filled, label="37"];
	"27" -> "29";
	"29" [color=indianred1, style=filled, label="20"];
	"25" -> "26";
	"26" [color=indianred1, style=filled, label="44"];
	"23" -> "24";
	"24" [color=indianred1, style=filled, label="6"];
	"22" -> "23";
	"23" [color=indianred1, style=filled, label="20"];
	"22" -> "25";
	"25" [color=indianred1, style=filled, label="3"];
	"22" -> "27";
	"27" [color=indianred1, style=filled, label="6"];
	"22" -> "30";
	"30" [color=indianred1, style=filled, label="6"];
	"22" -> "31";
	"31" [color=indianred1, style=filled, label="26"];
	"21" -> "22";
	"22" [label="45"];
	"21" -> "35";
	"35" [color=indianred1, style=filled, label="37"];
	"21" -> "36";
	"36" [color=indianred1, style=filled, label="48"];
	"20" -> "21";
	"21" [label="6"];
	"17" -> "18";
	"18" [color=indianred1, style=filled, label="36"];
	"17" -> "19";
	"19" [color=indianred1, style=filled, label="3"];
	"16" -> "17";
	"17" [color=indianred1, style=filled, label="37"];
	"15" -> "16";
	"16" [color=indianred1, style=filled, label="22"];
	"15" -> "20";
	"20" [color=indianred1, style=filled, label="22"];
	"15" -> "37";
	"37" [color=indianred1, style=filled, label="22"];
	"14" -> "15";
	"15" [color=indianred1, style=filled, label="27"];
	"14" -> "38";
	"38" [color=indianred1, style=filled, label="37"];
	"13" -> "14";
	"14" [label="27"];
	"12" -> "13";
	"13" [label="22"];
	"12" -> "97";
	"97" [color=indianred1, style=filled, label="15"];
	"11" -> "12";
	"12" [label="37"];
	"11" -> "99";
	"99" [color=indianred1, style=filled, label="43"];
	"10" -> "11";
	"11" [label="20"];
	"9" -> "10";
	"10" [label="36"];
	"8" -> "9";
	"9" [label="3"];
	"5" -> "6";
	"6" [color=indianred1, style=filled, label="43"];
	"5" -> "7";
	"7" [color=indianred1, style=filled, label="25"];
	"5" -> "8";
	"8" [label="15"];
	"5" -> "100";
	"100" [label="18"];
	"4" -> "5";
	"5" [label="44"];
	"3" -> "4";
	"4" [label="43"];
	"2" -> "3";
	"3" [label="48"];
	"1" -> "2";
	"2" [label="25"];
	"0" -> "1";
	"1" [label="26"];
	"0" [label="germline"];
	labelloc="t";
	label="Confidence score: -341.530719";
}
Best cell assigment:
109 205 6 99 154 22 158 209 256 67 4 106 176 215 18 21 154 22 163 139 5 9 145 106 107 5 259 155 4 186 5 79 24 44 5 161 148 74 46 269 176 266 5 254 156 145 165 31 166 32 6 31 25 150 176 93 206 72 8 161 115 47 244 75 259 23 119 159 254 161 4 45 158 259 104 212 259 251 107 244 132 35 157 105 153 122 23 261 3 140 254 164 18 44 4 108 261 218 244 150 22 19 266 256 5 244 141 198 79 11 11 259 263 6 225 163 119 5 109 21 244 271 25 99 11 144 68 211 18 160 193 184 3 244 98 145 127 45 259 11 60 3 21 98 68 64 5 270 76 25 261 68 27 165 260 144 11 31 106 5 23 22 22 25 251 108 9 7 270 11 181 7 146 5 259 262 145 144 5 152 271 5 23 106 36 11 273 177 19 249 117 6 44 272 26 261 57 252 7 244 5 262 108 4 119 5 209 205 176 187 23 106 24 250 68 128 106 106 240 74 5 10 244 273 19 267 49 149 220 2 61 132 154 4 191 9 259 5 271 248 5 45 77 45 26 136 25 23 270 213 
alpha: 0.150000
beta: 0.000010
alpha: 0.113000
