Starting SASC.
Iteration: 1
Step			Log-likelihood			Temperature
1			-26518.424986			99900.000000
1000			-24196.620411			36769.542477
2000			-22245.848581			23501.721022
3000			-24787.428350			21265.130236
4000			-23911.927661			19241.389323
5000			-24105.383933			17410.241977
6000			-21877.590897			15753.359626
7000			-24425.505646			14254.157974
8000			-20556.813459			12897.631004
9000			-21299.152606			11670.200782
10000			-22469.472032			10559.581542
11000			-22891.965649			9554.656721
12000			-24423.651878			8645.367688
13000			-23908.377235			7822.613061
14000			-20898.991413			7078.157611
15000			-22679.634707			6404.549832
16000			-21142.282063			5795.047357
17000			-22726.477211			5243.549468
18000			-24334.074254			4744.536038
19000			-20541.183650			4293.012272
20000			-23830.000974			3884.458716
21000			-22161.398434			3514.786020
22000			-22214.215116			3180.294005
23000			-19801.989719			2877.634626
24000			-22118.015121			2603.778466
25000			-21693.772555			2355.984403
26000			-23278.415183			2131.772185
27000			-24944.949508			1928.897594
28000			-21528.324370			1745.329992
29000			-19679.892886			1579.231987
30000			-18237.725318			1428.941048
31000			-19602.753650			1292.952863
32000			-17948.381482			1169.906280
33000			-20299.629798			1058.569685
34000			-17858.416528			957.828671
35000			-20098.674866			866.674888
36000			-16539.819996			784.195947
37000			-16910.833374			709.566288
38000			-15692.658753			642.038917
39000			-17015.003080			580.937931
40000			-19266.028205			525.651749
41000			-15450.549511			475.626993
42000			-13851.812498			430.362949
43000			-13494.916755			389.406552
44000			-16033.431041			352.347857
45000			-13488.070143			318.815931
46000			-12544.658173			288.475142
47000			-13714.834722			261.021797
48000			-10742.022486			236.181108
49000			-12428.980597			213.704435
50000			-10113.564714			193.366803
51000			-8307.924718			174.964643
52000			-8325.506238			158.313765
53000			-9006.624601			143.247502
54000			-7942.717839			129.615051
55000			-6079.025684			117.279962
56000			-5646.103406			106.118767
57000			-4747.008126			96.019751
58000			-4926.898161			86.881830
59000			-4127.524045			78.613537
60000			-4269.757469			71.132114
61000			-4286.590960			64.362677
62000			-3972.606051			58.237467
63000			-3781.030196			52.695176
64000			-4040.482716			47.680328
65000			-3198.099426			43.142730
66000			-3449.672415			39.036961
67000			-3460.018462			35.321926
68000			-3529.374360			31.960441
69000			-2867.450375			28.918858
70000			-2751.756601			26.166734
71000			-2466.717981			23.676522
72000			-1993.208727			21.423296
73000			-1840.553196			19.384503
74000			-1736.212147			17.539736
75000			-1593.928898			15.870530
76000			-1548.398259			14.360177
77000			-1561.742535			12.993561
78000			-1406.727824			11.757001
79000			-1397.647749			10.638121
80000			-1368.215292			9.625722
81000			-1255.309997			8.709670
82000			-1257.207107			7.880796
83000			-1259.104217			7.130803
84000			-1232.544677			6.452185
85000			-1255.309997			5.838150
86000			-1240.133117			5.282550
87000			-1223.059127			4.779825
88000			-1236.338897			4.324943
89000			-1236.338897			3.913350
90000			-1234.441787			3.540928
91000			-1223.059127			3.203948
92000			-1240.133117			2.899038
93000			-1238.236007			2.623145
94000			-1232.544677			2.373508
95000			-1240.133117			2.147628
96000			-1232.544677			1.943244
97000			-1238.236007			1.758311
98000			-1234.441787			1.590978
99000			-1236.338897			1.439569
100000			-1223.059127			1.302570
101000			-1217.367797			1.178608
102000			-1213.573577			1.066443
103000			-1211.676467			0.964953
104000			-1211.676467			0.873121
105000			-1209.779357			0.790029
106000			-1207.882247			0.714844
107000			-1211.676467			0.646814
108000			-1211.676467			0.585259
109000			-1209.779357			0.529561
110000			-1205.985137			0.479165
111000			-1205.985137			0.433564
112000			-1205.985137			0.392303
113000			-1202.190917			0.354969
114000			-1198.396697			0.321187
115000			-1198.396697			0.290621
116000			-1196.499587			0.262963
117000			-1196.499587			0.237938
118000			-1196.499587			0.215294
119000			-1196.499587			0.194805
120000			-1196.499587			0.176266
121000			-1196.499587			0.159491
122000			-1196.499587			0.144313
123000			-1196.499587			0.130579
124000			-1196.499587			0.118152
125000			-1196.499587			0.106908
126000			-1196.499587			0.096734
127000			-1196.499587			0.087528
128000			-1196.499587			0.079198
129000			-1196.499587			0.071661
130000			-1196.499587			0.064841
131000			-1196.499587			0.058671
132000			-1196.499587			0.053087
133000			-1196.499587			0.048035
134000			-1196.499587			0.043464
135000			-1196.499587			0.039327
136000			-1196.499587			0.035585
137000			-1196.499587			0.032198
138000			-1196.499587			0.029134
139000			-1196.499587			0.026361
140000			-1196.499587			0.023853
141000			-1196.499587			0.021583
142000			-1196.499587			0.019529
143000			-1196.499587			0.017670
144000			-1196.499587			0.015989
145000			-1196.499587			0.014467
146000			-1196.499587			0.013090
147000			-1196.499587			0.011844
148000			-1196.499587			0.010717
149000			-1196.499587			0.009697
150000			-1196.499587			0.008774
151000			-1196.499587			0.007939
152000			-1196.499587			0.007184
153000			-1196.499587			0.006500
154000			-1196.499587			0.005882
155000			-1196.499587			0.005322
156000			-1196.499587			0.004815
157000			-1196.499587			0.004357
158000			-1196.499587			0.003942
159000			-1196.499587			0.003567
160000			-1196.499587			0.003228
161000			-1196.499587			0.002921
162000			-1196.499587			0.002643
163000			-1196.499587			0.002391
164000			-1196.499587			0.002164
165000			-1196.499587			0.001958
166000			-1196.499587			0.001771
167000			-1196.499587			0.001603
168000			-1196.499587			0.001450
169000			-1196.499587			0.001312
170000			-1196.499587			0.001187
171000			-1196.499587			0.001074
Iteration: 2
Step			Log-likelihood			Temperature
1			-24552.326984			99900.000000
1000			-22091.223968			36769.542477
2000			-22362.141173			23501.721022
3000			-23166.143502			21265.130236
4000			-22789.307614			19241.389323
5000			-23846.162201			17410.241977
6000			-22826.792428			15753.359626
7000			-22048.809311			14254.157974
8000			-19955.441533			12897.631004
9000			-20281.984960			11670.200782
10000			-23026.179114			10559.581542
11000			-24889.982831			9554.656721
12000			-23550.243920			8645.367688
13000			-23637.271846			7822.613061
14000			-23697.287605			7078.157611
15000			-23524.364558			6404.549832
16000			-25681.798610			5795.047357
17000			-21815.446974			5243.549468
18000			-24982.601428			4744.536038
19000			-21996.095706			4293.012272
20000			-20015.589067			3884.458716
21000			-17846.227534			3514.786020
22000			-23437.814509			3180.294005
23000			-24479.687580			2877.634626
24000			-19817.699550			2603.778466
25000			-20028.539069			2355.984403
26000			-24290.360327			2131.772185
27000			-23836.430302			1928.897594
28000			-22070.416919			1745.329992
29000			-23518.768719			1579.231987
30000			-21800.004117			1428.941048
31000			-19782.787050			1292.952863
32000			-19080.272694			1169.906280
33000			-19572.991268			1058.569685
34000			-23123.251800			957.828671
35000			-22699.236159			866.674888
36000			-17143.349062			784.195947
37000			-16907.982356			709.566288
38000			-15592.084592			642.038917
39000			-16605.368694			580.937931
40000			-13971.654405			525.651749
41000			-18543.132752			475.626993
42000			-15409.373790			430.362949
43000			-15095.233156			389.406552
44000			-13172.065978			352.347857
45000			-13473.331488			318.815931
46000			-12473.251153			288.475142
47000			-12296.943099			261.021797
48000			-10877.283119			236.181108
49000			-11281.666724			213.704435
50000			-10970.136264			193.366803
51000			-10842.756079			174.964643
52000			-8541.075465			158.313765
53000			-8636.607402			143.247502
54000			-8631.878978			129.615051
55000			-8689.943930			117.279962
56000			-7330.363897			106.118767
57000			-5871.641558			96.019751
58000			-5362.427453			86.881830
59000			-4998.486435			78.613537
60000			-4300.361320			71.132114
61000			-3702.222796			64.362677
62000			-4137.352306			58.237467
63000			-3889.057015			52.695176
64000			-4182.191244			47.680328
65000			-3613.386621			43.142730
66000			-3215.165263			39.036961
67000			-2866.502667			35.321926
68000			-2614.909627			31.960441
69000			-2244.542399			28.918858
70000			-1902.663380			26.166734
71000			-1709.085055			23.676522
72000			-1577.839075			21.423296
73000			-1579.736185			19.384503
74000			-1621.241503			17.539736
75000			-1492.343384			15.870530
76000			-1321.603486			14.360177
77000			-1260.895966			12.993561
78000			-1258.998856			11.757001
79000			-1277.969956			10.638121
80000			-1257.101746			9.625722
81000			-1251.410416			8.709670
82000			-1247.616196			7.880796
83000			-1245.824447			7.130803
84000			-1251.515777			6.452185
85000			-1232.544677			5.838150
86000			-1249.618667			5.282550
87000			-1274.281097			4.779825
88000			-1264.795547			4.324943
89000			-1251.515777			3.913350
90000			-1251.515777			3.540928
91000			-1268.589767			3.203948
92000			-1257.207107			2.899038
93000			-1240.133117			2.623145
94000			-1230.647567			2.373508
95000			-1232.544677			2.147628
96000			-1232.544677			1.943244
97000			-1215.470687			1.758311
98000			-1230.647567			1.590978
99000			-1234.441787			1.439569
100000			-1223.059127			1.302570
101000			-1223.059127			1.178608
102000			-1224.956237			1.066443
103000			-1217.367797			0.964953
104000			-1215.470687			0.873121
105000			-1209.779357			0.790029
106000			-1209.779357			0.714844
107000			-1207.882247			0.646814
108000			-1207.882247			0.585259
109000			-1207.882247			0.529561
110000			-1207.882247			0.479165
111000			-1207.882247			0.433564
112000			-1207.882247			0.392303
113000			-1200.293807			0.354969
114000			-1200.293807			0.321187
115000			-1200.293807			0.290621
116000			-1198.396697			0.262963
117000			-1198.396697			0.237938
118000			-1198.396697			0.215294
119000			-1198.396697			0.194805
120000			-1198.396697			0.176266
121000			-1198.396697			0.159491
122000			-1198.396697			0.144313
123000			-1198.396697			0.130579
124000			-1196.499587			0.118152
125000			-1196.499587			0.106908
126000			-1196.499587			0.096734
127000			-1196.499587			0.087528
128000			-1196.499587			0.079198
129000			-1196.499587			0.071661
130000			-1196.499587			0.064841
131000			-1196.499587			0.058671
132000			-1196.499587			0.053087
133000			-1196.499587			0.048035
134000			-1196.499587			0.043464
135000			-1196.499587			0.039327
136000			-1196.499587			0.035585
137000			-1196.499587			0.032198
138000			-1196.499587			0.029134
139000			-1196.499587			0.026361
140000			-1196.499587			0.023853
141000			-1196.499587			0.021583
142000			-1196.499587			0.019529
143000			-1196.499587			0.017670
144000			-1196.499587			0.015989
145000			-1196.499587			0.014467
146000			-1196.499587			0.013090
147000			-1196.499587			0.011844
148000			-1196.499587			0.010717
149000			-1196.499587			0.009697
150000			-1196.499587			0.008774
151000			-1196.499587			0.007939
152000			-1196.499587			0.007184
153000			-1196.499587			0.006500
154000			-1196.499587			0.005882
155000			-1196.499587			0.005322
156000			-1196.499587			0.004815
157000			-1196.499587			0.004357
158000			-1196.499587			0.003942
159000			-1196.499587			0.003567
160000			-1196.499587			0.003228
161000			-1196.499587			0.002921
162000			-1196.499587			0.002643
163000			-1196.499587			0.002391
164000			-1196.499587			0.002164
165000			-1196.499587			0.001958
166000			-1196.499587			0.001771
167000			-1196.499587			0.001603
168000			-1196.499587			0.001450
169000			-1196.499587			0.001312
170000			-1196.499587			0.001187
171000			-1196.499587			0.001074
Iteration: 3
Step			Log-likelihood			Temperature
1			-26164.600766			99900.000000
1000			-22191.959486			36769.542477
2000			-24434.511853			23501.721022
3000			-26011.365829			21265.130236
4000			-18358.822592			19241.389323
5000			-25881.931695			17410.241977
6000			-22667.086241			15753.359626
7000			-24433.673796			14254.157974
8000			-21409.598440			12897.631004
9000			-24077.653550			11670.200782
10000			-22779.332425			10559.581542
11000			-24537.673221			9554.656721
12000			-24542.111285			8645.367688
13000			-26503.426890			7822.613061
14000			-25527.860810			7078.157611
15000			-20779.162628			6404.549832
16000			-23965.775972			5795.047357
17000			-22999.614150			5243.549468
18000			-22957.882440			4744.536038
19000			-21274.678096			4293.012272
20000			-22764.425250			3884.458716
21000			-25025.041582			3514.786020
22000			-23722.922138			3180.294005
23000			-22626.002868			2877.634626
24000			-22954.063006			2603.778466
25000			-22065.321174			2355.984403
26000			-19328.372071			2131.772185
27000			-20561.445037			1928.897594
28000			-21205.587242			1745.329992
29000			-17592.671954			1579.231987
30000			-20855.272801			1428.941048
31000			-22623.336307			1292.952863
32000			-24965.165129			1169.906280
33000			-21011.985264			1058.569685
34000			-17183.567975			957.828671
35000			-19806.640044			866.674888
36000			-17470.206877			784.195947
37000			-20430.859251			709.566288
38000			-13770.968938			642.038917
39000			-18257.646035			580.937931
40000			-17939.511140			525.651749
41000			-16306.753505			475.626993
42000			-14168.734800			430.362949
43000			-13919.173636			389.406552
44000			-15197.248904			352.347857
45000			-15184.403164			318.815931
46000			-11828.134353			288.475142
47000			-11999.064578			261.021797
48000			-12559.585502			236.181108
49000			-10552.435923			213.704435
50000			-13380.033558			193.366803
51000			-10547.273463			174.964643
52000			-10939.805725			158.313765
53000			-8430.785320			143.247502
54000			-8682.998349			129.615051
55000			-7078.746119			117.279962
56000			-7432.470756			106.118767
57000			-6744.964483			96.019751
58000			-6067.025173			86.881830
59000			-4832.190394			78.613537
60000			-4387.394434			71.132114
61000			-4427.034895			64.362677
62000			-3495.776581			58.237467
63000			-3069.300820			52.695176
64000			-2853.556953			47.680328
65000			-2772.243489			43.142730
66000			-2968.333284			39.036961
67000			-2929.600433			35.321926
68000			-2967.461793			31.960441
69000			-2655.939642			28.918858
70000			-2444.441448			26.166734
71000			-2393.668482			23.676522
72000			-2357.743477			21.423296
73000			-2380.027540			19.384503
74000			-2179.115024			17.539736
75000			-2184.806354			15.870530
76000			-2112.812935			14.360177
77000			-2074.870735			12.993561
78000			-2012.233852			11.757001
79000			-1957.249916			10.638121
80000			-1862.394417			9.625722
81000			-1786.703537			8.709670
82000			-1769.629548			7.880796
83000			-1781.417683			7.130803
84000			-1717.926321			6.452185
85000			-1672.395682			5.838150
86000			-1479.342010			5.282550
87000			-1481.239120			4.779825
88000			-1471.753570			4.324943
89000			-1479.342010			3.913350
90000			-1471.753570			3.540928
91000			-1354.723342			3.203948
92000			-1345.237792			2.899038
93000			-1343.340682			2.623145
94000			-1331.958022			2.373508
95000			-1331.958022			2.147628
96000			-1324.369582			1.943244
97000			-1214.659737			1.758311
98000			-1210.865517			1.590978
99000			-1212.762627			1.439569
100000			-1210.865517			1.302570
101000			-1205.174187			1.178608
102000			-1205.174187			1.066443
103000			-1207.071297			0.964953
104000			-1201.379967			0.873121
105000			-1199.482857			0.790029
106000			-1197.585747			0.714844
107000			-1197.585747			0.646814
108000			-1197.585747			0.585259
109000			-1195.688637			0.529561
110000			-1195.688637			0.479165
111000			-1195.688637			0.433564
112000			-1195.688637			0.392303
113000			-1195.688637			0.354969
114000			-1195.688637			0.321187
115000			-1195.688637			0.290621
116000			-1195.688637			0.262963
117000			-1195.688637			0.237938
118000			-1195.688637			0.215294
119000			-1195.688637			0.194805
120000			-1195.688637			0.176266
121000			-1195.688637			0.159491
122000			-1195.688637			0.144313
123000			-1195.688637			0.130579
124000			-1195.688637			0.118152
125000			-1195.688637			0.106908
126000			-1195.688637			0.096734
127000			-1195.688637			0.087528
128000			-1193.791527			0.079198
129000			-1193.791527			0.071661
130000			-1193.791527			0.064841
131000			-1193.791527			0.058671
132000			-1193.791527			0.053087
133000			-1193.791527			0.048035
134000			-1193.791527			0.043464
135000			-1193.791527			0.039327
136000			-1193.791527			0.035585
137000			-1193.791527			0.032198
138000			-1193.791527			0.029134
139000			-1193.791527			0.026361
140000			-1193.791527			0.023853
141000			-1193.791527			0.021583
142000			-1193.791527			0.019529
143000			-1193.791527			0.017670
144000			-1193.791527			0.015989
145000			-1193.791527			0.014467
146000			-1193.791527			0.013090
147000			-1193.791527			0.011844
148000			-1193.791527			0.010717
149000			-1193.791527			0.009697
150000			-1193.791527			0.008774
151000			-1193.791527			0.007939
152000			-1193.791527			0.007184
153000			-1193.791527			0.006500
154000			-1193.791527			0.005882
155000			-1193.791527			0.005322
156000			-1193.791527			0.004815
157000			-1193.791527			0.004357
158000			-1193.791527			0.003942
159000			-1193.791527			0.003567
160000			-1193.791527			0.003228
161000			-1193.791527			0.002921
162000			-1193.791527			0.002643
163000			-1193.791527			0.002391
164000			-1193.791527			0.002164
165000			-1193.791527			0.001958
166000			-1193.791527			0.001771
167000			-1193.791527			0.001603
168000			-1193.791527			0.001450
169000			-1193.791527			0.001312
170000			-1193.791527			0.001187
171000			-1193.791527			0.001074
Iteration: 4
Step			Log-likelihood			Temperature
1			-24697.598119			99900.000000
1000			-23622.615339			36769.542477
2000			-25384.718398			23501.721022
3000			-25412.356775			21265.130236
4000			-24519.926171			19241.389323
5000			-23917.219677			17410.241977
6000			-22590.691627			15753.359626
7000			-22730.873374			14254.157974
8000			-20929.619227			12897.631004
9000			-24559.487233			11670.200782
10000			-22741.997512			10559.581542
11000			-23167.646936			9554.656721
12000			-25299.324175			8645.367688
13000			-21307.858236			7822.613061
14000			-24168.862932			7078.157611
15000			-24587.873537			6404.549832
16000			-24643.394103			5795.047357
17000			-19252.639997			5243.549468
18000			-24651.574056			4744.536038
19000			-21661.333508			4293.012272
20000			-20646.180145			3884.458716
21000			-19505.459084			3514.786020
22000			-22336.517818			3180.294005
23000			-24748.700646			2877.634626
24000			-21049.126968			2603.778466
25000			-22280.986479			2355.984403
26000			-23825.091574			2131.772185
27000			-25585.032137			1928.897594
28000			-21978.922195			1745.329992
29000			-21705.374846			1579.231987
30000			-22469.206242			1428.941048
31000			-24004.563516			1292.952863
32000			-18651.420613			1169.906280
33000			-20328.558364			1058.569685
34000			-19265.699833			957.828671
35000			-22539.807889			866.674888
36000			-23866.552449			784.195947
37000			-17360.206752			709.566288
38000			-16819.155043			642.038917
39000			-15411.997280			580.937931
40000			-16417.419321			525.651749
41000			-17458.285860			475.626993
42000			-15420.119983			430.362949
43000			-13427.371520			389.406552
44000			-13076.405256			352.347857
45000			-15510.194479			318.815931
46000			-12982.744096			288.475142
47000			-12974.962089			261.021797
48000			-11823.515843			236.181108
49000			-11952.578016			213.704435
50000			-10674.854018			193.366803
51000			-9915.626852			174.964643
52000			-8857.892755			158.313765
53000			-9613.079941			143.247502
54000			-8811.846400			129.615051
55000			-7570.148293			117.279962
56000			-8166.925765			106.118767
57000			-6466.286121			96.019751
58000			-5699.961964			86.881830
59000			-6010.045693			78.613537
60000			-4906.338950			71.132114
61000			-4233.318376			64.362677
62000			-4152.543140			58.237467
63000			-3997.917786			52.695176
64000			-3292.281188			47.680328
65000			-3166.442413			43.142730
66000			-3037.954988			39.036961
67000			-2510.840380			35.321926
68000			-2668.409819			31.960441
69000			-2255.610992			28.918858
70000			-2069.582164			26.166734
71000			-2145.212359			23.676522
72000			-1950.215505			21.423296
73000			-1842.531784			19.384503
74000			-1885.154935			17.539736
75000			-1842.596290			15.870530
76000			-1795.534795			14.360177
77000			-1750.004155			12.993561
78000			-1719.650396			11.757001
79000			-1713.959066			10.638121
80000			-1694.987966			9.625722
81000			-1624.794896			8.709670
82000			-1469.683425			7.880796
83000			-1431.741225			7.130803
84000			-1393.799026			6.452185
85000			-1391.901916			5.838150
86000			-1374.827926			5.282550
87000			-1388.107696			4.779825
88000			-1293.252196			4.324943
89000			-1270.486877			3.913350
90000			-1272.383987			3.540928
91000			-1232.544677			3.203948
92000			-1249.618667			2.899038
93000			-1240.133117			2.623145
94000			-1243.927337			2.373508
95000			-1238.236007			2.147628
96000			-1224.956237			1.943244
97000			-1221.162017			1.758311
98000			-1226.853347			1.590978
99000			-1223.059127			1.439569
100000			-1224.956237			1.302570
101000			-1221.162017			1.178608
102000			-1219.264907			1.066443
103000			-1213.573577			0.964953
104000			-1213.573577			0.873121
105000			-1205.985137			0.790029
106000			-1204.088027			0.714844
107000			-1200.293807			0.646814
108000			-1200.293807			0.585259
109000			-1200.293807			0.529561
110000			-1200.293807			0.479165
111000			-1200.293807			0.433564
112000			-1200.293807			0.392303
113000			-1200.293807			0.354969
114000			-1200.293807			0.321187
115000			-1200.293807			0.290621
116000			-1200.293807			0.262963
117000			-1196.499587			0.237938
118000			-1196.499587			0.215294
119000			-1196.499587			0.194805
120000			-1196.499587			0.176266
121000			-1196.499587			0.159491
122000			-1196.499587			0.144313
123000			-1196.499587			0.130579
124000			-1196.499587			0.118152
125000			-1196.499587			0.106908
126000			-1196.499587			0.096734
127000			-1196.499587			0.087528
128000			-1196.499587			0.079198
129000			-1196.499587			0.071661
130000			-1196.499587			0.064841
131000			-1196.499587			0.058671
132000			-1196.499587			0.053087
133000			-1196.499587			0.048035
134000			-1196.499587			0.043464
135000			-1196.499587			0.039327
136000			-1196.499587			0.035585
137000			-1196.499587			0.032198
138000			-1196.499587			0.029134
139000			-1196.499587			0.026361
140000			-1196.499587			0.023853
141000			-1196.499587			0.021583
142000			-1196.499587			0.019529
143000			-1196.499587			0.017670
144000			-1196.499587			0.015989
145000			-1196.499587			0.014467
146000			-1196.499587			0.013090
147000			-1196.499587			0.011844
148000			-1196.499587			0.010717
149000			-1196.499587			0.009697
150000			-1196.499587			0.008774
151000			-1196.499587			0.007939
152000			-1196.499587			0.007184
153000			-1196.499587			0.006500
154000			-1196.499587			0.005882
155000			-1196.499587			0.005322
156000			-1196.499587			0.004815
157000			-1196.499587			0.004357
158000			-1196.499587			0.003942
159000			-1196.499587			0.003567
160000			-1196.499587			0.003228
161000			-1196.499587			0.002921
162000			-1196.499587			0.002643
163000			-1196.499587			0.002391
164000			-1196.499587			0.002164
165000			-1196.499587			0.001958
166000			-1196.499587			0.001771
167000			-1196.499587			0.001603
168000			-1196.499587			0.001450
169000			-1196.499587			0.001312
170000			-1196.499587			0.001187
171000			-1196.499587			0.001074
Iteration: 5
Step			Log-likelihood			Temperature
1			-25818.623014			99900.000000
1000			-24249.457299			36769.542477
2000			-21193.899566			23501.721022
3000			-20088.792316			21265.130236
4000			-21237.313458			19241.389323
5000			-25175.129495			17410.241977
6000			-24321.949766			15753.359626
7000			-24304.752602			14254.157974
8000			-22948.717682			12897.631004
9000			-23421.539268			11670.200782
10000			-19821.367518			10559.581542
11000			-22099.507246			9554.656721
12000			-24478.246255			8645.367688
13000			-21023.045762			7822.613061
14000			-24209.477809			7078.157611
15000			-23455.917529			6404.549832
16000			-26268.243919			5795.047357
17000			-24602.839329			5243.549468
18000			-23107.001959			4744.536038
19000			-25159.264533			4293.012272
20000			-25499.442253			3884.458716
21000			-22024.003847			3514.786020
22000			-21215.837221			3180.294005
23000			-25156.482981			2877.634626
24000			-24735.003689			2603.778466
25000			-20498.979117			2355.984403
26000			-24347.548999			2131.772185
27000			-22994.459070			1928.897594
28000			-23786.044450			1745.329992
29000			-19747.994791			1579.231987
30000			-19041.629556			1428.941048
31000			-18475.727455			1292.952863
32000			-24111.152216			1169.906280
33000			-21823.552964			1058.569685
34000			-19931.004876			957.828671
35000			-23644.474791			866.674888
36000			-16700.375740			784.195947
37000			-20825.761491			709.566288
38000			-18126.401734			642.038917
39000			-20146.090937			580.937931
40000			-17044.001889			525.651749
41000			-12750.545906			475.626993
42000			-12657.472644			430.362949
43000			-15890.453614			389.406552
44000			-12596.343665			352.347857
45000			-15216.878652			318.815931
46000			-12612.525289			288.475142
47000			-12392.581577			261.021797
48000			-12238.379039			236.181108
49000			-10407.336472			213.704435
50000			-11027.665908			193.366803
51000			-11357.814989			174.964643
52000			-9348.567259			158.313765
53000			-6910.991966			143.247502
54000			-8117.612584			129.615051
55000			-7854.585182			117.279962
56000			-7947.236802			106.118767
57000			-7147.227619			96.019751
58000			-6583.377717			86.881830
59000			-5608.227982			78.613537
60000			-4600.587329			71.132114
61000			-5246.411450			64.362677
62000			-5089.058079			58.237467
63000			-4890.443543			52.695176
64000			-4350.421833			47.680328
65000			-4239.053711			43.142730
66000			-3948.229142			39.036961
67000			-3175.640758			35.321926
68000			-2758.162595			31.960441
69000			-2793.635734			28.918858
70000			-2754.201900			26.166734
71000			-2740.035398			23.676522
72000			-2485.113086			21.423296
73000			-2153.763906			19.384503
74000			-1988.973364			17.539736
75000			-1776.959211			15.870530
76000			-1748.397201			14.360177
77000			-1748.397201			12.993561
78000			-1532.513703			11.757001
79000			-1515.545073			10.638121
80000			-1349.320622			9.625722
81000			-1336.040852			8.709670
82000			-1339.835072			7.880796
83000			-1271.539113			7.130803
84000			-1273.436223			6.452185
85000			-1235.494023			5.838150
86000			-1241.185353			5.282550
87000			-1237.391133			4.779825
88000			-1241.185353			4.324943
89000			-1246.876683			3.913350
90000			-1254.465123			3.540928
91000			-1237.391133			3.203948
92000			-1244.814069			2.899038
93000			-1237.225629			2.623145
94000			-1242.916959			2.373508
95000			-1241.019849			2.147628
96000			-1235.328519			1.943244
97000			-1237.225629			1.758311
98000			-1241.019849			1.590978
99000			-1231.534299			1.439569
100000			-1235.328519			1.302570
101000			-1231.534299			1.178608
102000			-1229.637189			1.066443
103000			-1223.945859			0.964953
104000			-1222.048749			0.873121
105000			-1214.460309			0.790029
106000			-1216.357419			0.714844
107000			-1214.460309			0.646814
108000			-1216.357419			0.585259
109000			-1216.357419			0.529561
110000			-1216.357419			0.479165
111000			-1216.357419			0.433564
112000			-1214.460309			0.392303
113000			-1214.460309			0.354969
114000			-1214.460309			0.321187
115000			-1214.460309			0.290621
116000			-1214.460309			0.262963
117000			-1214.460309			0.237938
118000			-1212.563199			0.215294
119000			-1212.563199			0.194805
120000			-1212.563199			0.176266
121000			-1212.563199			0.159491
122000			-1212.563199			0.144313
123000			-1212.563199			0.130579
124000			-1212.563199			0.118152
125000			-1212.563199			0.106908
126000			-1210.666089			0.096734
127000			-1210.666089			0.087528
128000			-1210.666089			0.079198
129000			-1210.666089			0.071661
130000			-1210.666089			0.064841
131000			-1210.666089			0.058671
132000			-1210.666089			0.053087
133000			-1210.666089			0.048035
134000			-1210.666089			0.043464
135000			-1210.666089			0.039327
136000			-1210.666089			0.035585
137000			-1210.666089			0.032198
138000			-1210.666089			0.029134
139000			-1210.666089			0.026361
140000			-1210.666089			0.023853
141000			-1210.666089			0.021583
142000			-1210.666089			0.019529
143000			-1210.666089			0.017670
144000			-1210.666089			0.015989
145000			-1210.666089			0.014467
146000			-1210.666089			0.013090
147000			-1210.666089			0.011844
148000			-1210.666089			0.010717
149000			-1210.666089			0.009697
150000			-1210.666089			0.008774
151000			-1210.666089			0.007939
152000			-1210.666089			0.007184
153000			-1210.666089			0.006500
154000			-1210.666089			0.005882
155000			-1210.666089			0.005322
156000			-1210.666089			0.004815
157000			-1210.666089			0.004357
158000			-1210.666089			0.003942
159000			-1210.666089			0.003567
160000			-1210.666089			0.003228
161000			-1210.666089			0.002921
162000			-1210.666089			0.002643
163000			-1210.666089			0.002391
164000			-1210.666089			0.002164
165000			-1210.666089			0.001958
166000			-1210.666089			0.001771
167000			-1210.666089			0.001603
168000			-1210.666089			0.001450
169000			-1210.666089			0.001312
170000			-1210.666089			0.001187
171000			-1210.666089			0.001074
Iteration: 6
Step			Log-likelihood			Temperature
1			-26400.997687			99900.000000
1000			-23291.123321			36769.542477
2000			-24422.899421			23501.721022
3000			-24081.349278			21265.130236
4000			-23987.548194			19241.389323
5000			-24028.129332			17410.241977
6000			-24640.990414			15753.359626
7000			-24162.691014			14254.157974
8000			-24057.732286			12897.631004
9000			-24009.964566			11670.200782
10000			-22674.176441			10559.581542
11000			-22536.921684			9554.656721
12000			-23343.300690			8645.367688
13000			-25226.073128			7822.613061
14000			-24302.796825			7078.157611
15000			-21215.351394			6404.549832
16000			-23854.949855			5795.047357
17000			-21559.691310			5243.549468
18000			-25545.509522			4744.536038
19000			-23635.492071			4293.012272
20000			-23257.483992			3884.458716
21000			-20890.465400			3514.786020
22000			-20454.462689			3180.294005
23000			-21826.589480			2877.634626
24000			-20770.519985			2603.778466
25000			-23230.719142			2355.984403
26000			-21216.588701			2131.772185
27000			-23469.980725			1928.897594
28000			-25138.723621			1745.329992
29000			-23866.860247			1579.231987
30000			-22988.133507			1428.941048
31000			-23183.425838			1292.952863
32000			-17428.332547			1169.906280
33000			-21472.993419			1058.569685
34000			-18126.218953			957.828671
35000			-20090.953539			866.674888
36000			-19500.078210			784.195947
37000			-20988.319736			709.566288
38000			-16332.097220			642.038917
39000			-16395.715670			580.937931
40000			-16068.585430			525.651749
41000			-14230.898380			475.626993
42000			-16740.983436			430.362949
43000			-15307.415733			389.406552
44000			-15955.348289			352.347857
45000			-11920.327146			318.815931
46000			-12487.589446			288.475142
47000			-11438.648891			261.021797
48000			-12421.260942			236.181108
49000			-11133.956011			213.704435
50000			-11455.110067			193.366803
51000			-12147.893704			174.964643
52000			-10443.855386			158.313765
53000			-9316.201420			143.247502
54000			-9971.813349			129.615051
55000			-8889.322339			117.279962
56000			-7601.108111			106.118767
57000			-6254.528411			96.019751
58000			-6944.233585			86.881830
59000			-6072.998376			78.613537
60000			-6008.117485			71.132114
61000			-6254.716841			64.362677
62000			-5903.820747			58.237467
63000			-4983.897313			52.695176
64000			-3744.717958			47.680328
65000			-3710.307619			43.142730
66000			-3777.462456			39.036961
67000			-3651.542007			35.321926
68000			-3386.286016			31.960441
69000			-2958.084923			28.918858
70000			-2522.155102			26.166734
71000			-2440.505154			23.676522
72000			-2305.770275			21.423296
73000			-2311.461604			19.384503
74000			-2171.075466			17.539736
75000			-2117.891879			15.870530
76000			-2150.142749			14.360177
77000			-1866.253572			12.993561
78000			-1854.870912			11.757001
79000			-1858.665132			10.638121
80000			-1758.118303			9.625722
81000			-1754.324083			8.709670
82000			-1670.915750			7.880796
83000			-1657.635981			7.130803
84000			-1508.215839			6.452185
85000			-1506.318729			5.838150
86000			-1433.312222			5.282550
87000			-1442.797772			4.779825
88000			-1425.723782			4.324943
89000			-1361.434987			3.913350
90000			-1302.737746			3.540928
91000			-1285.663756			3.203948
92000			-1287.560866			2.899038
93000			-1228.750457			2.623145
94000			-1221.162017			2.373508
95000			-1228.750457			2.147628
96000			-1228.750457			1.943244
97000			-1223.059127			1.758311
98000			-1221.162017			1.590978
99000			-1224.956237			1.439569
100000			-1215.470687			1.302570
101000			-1213.573577			1.178608
102000			-1211.676467			1.066443
103000			-1211.676467			0.964953
104000			-1211.676467			0.873121
105000			-1209.779357			0.790029
106000			-1209.779357			0.714844
107000			-1204.088027			0.646814
108000			-1198.396697			0.585259
109000			-1198.396697			0.529561
110000			-1198.396697			0.479165
111000			-1198.396697			0.433564
112000			-1198.396697			0.392303
113000			-1198.396697			0.354969
114000			-1198.396697			0.321187
115000			-1198.396697			0.290621
116000			-1196.499587			0.262963
117000			-1196.499587			0.237938
118000			-1196.499587			0.215294
119000			-1196.499587			0.194805
120000			-1196.499587			0.176266
121000			-1196.499587			0.159491
122000			-1196.499587			0.144313
123000			-1196.499587			0.130579
124000			-1196.499587			0.118152
125000			-1196.499587			0.106908
126000			-1196.499587			0.096734
127000			-1196.499587			0.087528
128000			-1196.499587			0.079198
129000			-1196.499587			0.071661
130000			-1196.499587			0.064841
131000			-1196.499587			0.058671
132000			-1196.499587			0.053087
133000			-1196.499587			0.048035
134000			-1196.499587			0.043464
135000			-1196.499587			0.039327
136000			-1196.499587			0.035585
137000			-1196.499587			0.032198
138000			-1196.499587			0.029134
139000			-1196.499587			0.026361
140000			-1196.499587			0.023853
141000			-1196.499587			0.021583
142000			-1196.499587			0.019529
143000			-1196.499587			0.017670
144000			-1196.499587			0.015989
145000			-1196.499587			0.014467
146000			-1196.499587			0.013090
147000			-1196.499587			0.011844
148000			-1196.499587			0.010717
149000			-1196.499587			0.009697
150000			-1196.499587			0.008774
151000			-1196.499587			0.007939
152000			-1196.499587			0.007184
153000			-1196.499587			0.006500
154000			-1196.499587			0.005882
155000			-1196.499587			0.005322
156000			-1196.499587			0.004815
157000			-1196.499587			0.004357
158000			-1196.499587			0.003942
159000			-1196.499587			0.003567
160000			-1196.499587			0.003228
161000			-1196.499587			0.002921
162000			-1196.499587			0.002643
163000			-1196.499587			0.002391
164000			-1196.499587			0.002164
165000			-1196.499587			0.001958
166000			-1196.499587			0.001771
167000			-1196.499587			0.001603
168000			-1196.499587			0.001450
169000			-1196.499587			0.001312
170000			-1196.499587			0.001187
171000			-1196.499587			0.001074
Iteration: 7
Step			Log-likelihood			Temperature
1			-25135.241364			99900.000000
1000			-21360.637697			36769.542477
2000			-21416.544041			23501.721022
3000			-24351.019230			21265.130236
4000			-22208.809187			19241.389323
5000			-23875.513843			17410.241977
6000			-24302.678872			15753.359626
7000			-18786.854035			14254.157974
8000			-23620.147168			12897.631004
9000			-22865.400499			11670.200782
10000			-24287.341342			10559.581542
11000			-25375.168342			9554.656721
12000			-24702.849580			8645.367688
13000			-24819.493085			7822.613061
14000			-22136.819115			7078.157611
15000			-19998.192543			6404.549832
16000			-24672.295543			5795.047357
17000			-24205.877662			5243.549468
18000			-20669.885896			4744.536038
19000			-24868.517535			4293.012272
20000			-23483.423806			3884.458716
21000			-23201.646747			3514.786020
22000			-21892.010430			3180.294005
23000			-21937.214951			2877.634626
24000			-21932.110021			2603.778466
25000			-24360.168336			2355.984403
26000			-20643.585039			2131.772185
27000			-24511.182803			1928.897594
28000			-18136.593800			1745.329992
29000			-18671.707481			1579.231987
30000			-21522.894814			1428.941048
31000			-23218.649768			1292.952863
32000			-19205.371850			1169.906280
33000			-18882.553961			1058.569685
34000			-21177.891638			957.828671
35000			-20237.623421			866.674888
36000			-20557.356309			784.195947
37000			-18986.242678			709.566288
38000			-15470.010667			642.038917
39000			-14141.690568			580.937931
40000			-13894.749576			525.651749
41000			-15266.780182			475.626993
42000			-16138.819650			430.362949
43000			-14582.527362			389.406552
44000			-14820.128852			352.347857
45000			-12055.378882			318.815931
46000			-11545.995343			288.475142
47000			-14421.748300			261.021797
48000			-12699.052805			236.181108
49000			-12590.845558			213.704435
50000			-11410.016238			193.366803
51000			-10049.465845			174.964643
52000			-8714.939227			158.313765
53000			-8735.357883			143.247502
54000			-7888.417063			129.615051
55000			-6547.070720			117.279962
56000			-7735.216520			106.118767
57000			-7753.542552			96.019751
58000			-6716.992895			86.881830
59000			-5795.464880			78.613537
60000			-5380.379686			71.132114
61000			-4402.070544			64.362677
62000			-4424.164276			58.237467
63000			-4376.828262			52.695176
64000			-4254.983548			47.680328
65000			-4300.491938			43.142730
66000			-3938.350897			39.036961
67000			-3768.648859			35.321926
68000			-3148.593519			31.960441
69000			-2701.739431			28.918858
70000			-2516.403213			26.166734
71000			-2362.963078			23.676522
72000			-2319.265041			21.423296
73000			-2288.814521			19.384503
74000			-2260.486885			17.539736
75000			-2271.837292			15.870530
76000			-2116.887087			14.360177
77000			-2105.504427			12.993561
78000			-2077.047777			11.757001
79000			-1925.730526			10.638121
80000			-1895.376766			9.625722
81000			-1840.360576			8.709670
82000			-1735.661853			7.880796
83000			-1737.558963			7.130803
84000			-1722.382083			6.452185
85000			-1643.548337			5.838150
86000			-1637.857007			5.282550
87000			-1641.651227			4.779825
88000			-1541.104398			4.324943
89000			-1499.367978			3.913350
90000			-1501.265088			3.540928
91000			-1474.705549			3.203948
92000			-1476.602659			2.899038
93000			-1480.396879			2.623145
94000			-1476.602659			2.373508
95000			-1364.673169			2.147628
96000			-1361.020513			1.943244
97000			-1298.415884			1.758311
98000			-1288.930334			1.590978
99000			-1287.033224			1.439569
100000			-1277.547674			1.302570
101000			-1235.933422			1.178608
102000			-1226.447872			1.066443
103000			-1211.270992			0.964953
104000			-1211.270992			0.873121
105000			-1211.270992			0.790029
106000			-1205.985137			0.714844
107000			-1207.882247			0.646814
108000			-1204.088027			0.585259
109000			-1204.088027			0.529561
110000			-1202.190917			0.479165
111000			-1200.293807			0.433564
112000			-1200.293807			0.392303
113000			-1198.396697			0.354969
114000			-1196.499587			0.321187
115000			-1198.396697			0.290621
116000			-1198.396697			0.262963
117000			-1198.396697			0.237938
118000			-1198.396697			0.215294
119000			-1198.396697			0.194805
120000			-1198.396697			0.176266
121000			-1198.396697			0.159491
122000			-1198.396697			0.144313
123000			-1196.499587			0.130579
124000			-1196.499587			0.118152
125000			-1196.499587			0.106908
126000			-1196.499587			0.096734
127000			-1196.499587			0.087528
128000			-1196.499587			0.079198
129000			-1196.499587			0.071661
130000			-1196.499587			0.064841
131000			-1196.499587			0.058671
132000			-1196.499587			0.053087
133000			-1196.499587			0.048035
134000			-1196.499587			0.043464
135000			-1196.499587			0.039327
136000			-1196.499587			0.035585
137000			-1196.499587			0.032198
138000			-1196.499587			0.029134
139000			-1196.499587			0.026361
140000			-1196.499587			0.023853
141000			-1196.499587			0.021583
142000			-1196.499587			0.019529
143000			-1196.499587			0.017670
144000			-1196.499587			0.015989
145000			-1196.499587			0.014467
146000			-1196.499587			0.013090
147000			-1196.499587			0.011844
148000			-1196.499587			0.010717
149000			-1196.499587			0.009697
150000			-1196.499587			0.008774
151000			-1196.499587			0.007939
152000			-1196.499587			0.007184
153000			-1196.499587			0.006500
154000			-1196.499587			0.005882
155000			-1196.499587			0.005322
156000			-1196.499587			0.004815
157000			-1196.499587			0.004357
158000			-1196.499587			0.003942
159000			-1196.499587			0.003567
160000			-1196.499587			0.003228
161000			-1196.499587			0.002921
162000			-1196.499587			0.002643
163000			-1196.499587			0.002391
164000			-1196.499587			0.002164
165000			-1196.499587			0.001958
166000			-1196.499587			0.001771
167000			-1196.499587			0.001603
168000			-1196.499587			0.001450
169000			-1196.499587			0.001312
170000			-1196.499587			0.001187
171000			-1196.499587			0.001074
Iteration: 8
Step			Log-likelihood			Temperature
1			-25218.464777			99900.000000
1000			-19885.016949			36769.542477
2000			-22575.412148			23501.721022
3000			-24014.596095			21265.130236
4000			-25084.747589			19241.389323
5000			-23937.674297			17410.241977
6000			-24597.551087			15753.359626
7000			-23148.354099			14254.157974
8000			-23650.787395			12897.631004
9000			-23680.810667			11670.200782
10000			-25151.535137			10559.581542
11000			-25278.635667			9554.656721
12000			-22153.464914			8645.367688
13000			-22588.079103			7822.613061
14000			-21647.226017			7078.157611
15000			-23056.019181			6404.549832
16000			-25347.563737			5795.047357
17000			-23763.781512			5243.549468
18000			-23224.824898			4744.536038
19000			-22961.124952			4293.012272
20000			-21242.549245			3884.458716
21000			-23154.625990			3514.786020
22000			-23532.965226			3180.294005
23000			-20455.866418			2877.634626
24000			-25522.340905			2603.778466
25000			-22276.211238			2355.984403
26000			-21959.824843			2131.772185
27000			-19775.652323			1928.897594
28000			-24041.409101			1745.329992
29000			-24879.544674			1579.231987
30000			-19350.371886			1428.941048
31000			-20956.678794			1292.952863
32000			-16025.729040			1169.906280
33000			-23538.234312			1058.569685
34000			-19455.606339			957.828671
35000			-19349.121984			866.674888
36000			-17725.178960			784.195947
37000			-22363.533092			709.566288
38000			-19045.972305			642.038917
39000			-18903.012200			580.937931
40000			-13085.296426			525.651749
41000			-16266.163768			475.626993
42000			-14610.045122			430.362949
43000			-15557.697020			389.406552
44000			-13847.881239			352.347857
45000			-12691.794164			318.815931
46000			-10172.772155			288.475142
47000			-11749.484648			261.021797
48000			-12963.554374			236.181108
49000			-12287.457240			213.704435
50000			-11119.010744			193.366803
51000			-9924.789698			174.964643
52000			-10342.326951			158.313765
53000			-8845.833113			143.247502
54000			-9865.358266			129.615051
55000			-10253.037174			117.279962
56000			-8229.395907			106.118767
57000			-7818.004840			96.019751
58000			-6613.339355			86.881830
59000			-5595.069878			78.613537
60000			-5452.430697			71.132114
61000			-4328.222584			64.362677
62000			-3628.495258			58.237467
63000			-3250.106840			52.695176
64000			-2910.138380			47.680328
65000			-2699.397905			43.142730
66000			-2570.458933			39.036961
67000			-2411.295215			35.321926
68000			-2354.317408			31.960441
69000			-2051.457132			28.918858
70000			-1936.313983			26.166734
71000			-1921.201610			23.676522
72000			-1907.921840			21.423296
73000			-1983.806240			19.384503
74000			-1868.082531			17.539736
75000			-1845.252704			15.870530
76000			-1692.038342			14.360177
77000			-1690.315049			12.993561
78000			-1500.522015			11.757001
79000			-1477.756695			10.638121
80000			-1468.271145			9.625722
81000			-1466.374035			8.709670
82000			-1418.946286			7.880796
83000			-1420.843396			7.130803
84000			-1384.798306			6.452185
85000			-1382.901196			5.838150
86000			-1399.975186			5.282550
87000			-1434.123166			4.779825
88000			-1424.637616			4.324943
89000			-1405.666516			3.913350
90000			-1390.489636			3.540928
91000			-1398.605719			3.203948
92000			-1389.120169			2.899038
93000			-1345.486639			2.623145
94000			-1337.898199			2.373508
95000			-1336.001089			2.147628
96000			-1332.206869			1.943244
97000			-1320.824209			1.758311
98000			-1288.573340			1.590978
99000			-1288.573340			1.439569
100000			-1288.573340			1.302570
101000			-1286.676230			1.178608
102000			-1284.779120			1.066443
103000			-1284.779120			0.964953
104000			-1280.984900			0.873121
105000			-1280.984900			0.790029
106000			-1279.087790			0.714844
107000			-1279.087790			0.646814
108000			-1280.984900			0.585259
109000			-1279.087790			0.529561
110000			-1277.190680			0.479165
111000			-1277.190680			0.433564
112000			-1269.602240			0.392303
113000			-1269.602240			0.354969
114000			-1269.602240			0.321187
115000			-1269.602240			0.290621
116000			-1269.602240			0.262963
117000			-1265.808020			0.237938
118000			-1265.913380			0.215294
119000			-1260.222050			0.194805
120000			-1216.588521			0.176266
121000			-1216.588521			0.159491
122000			-1212.794301			0.144313
123000			-1210.897191			0.130579
124000			-1210.897191			0.118152
125000			-1205.739400			0.106908
126000			-1197.689465			0.096734
127000			-1191.998135			0.087528
128000			-1180.615475			0.079198
129000			-1180.615475			0.071661
130000			-1178.718365			0.064841
131000			-1176.821255			0.058671
132000			-1176.821255			0.053087
133000			-1174.924145			0.048035
134000			-1174.924145			0.043464
135000			-1174.924145			0.039327
136000			-1174.924145			0.035585
137000			-1174.924145			0.032198
138000			-1174.924145			0.029134
139000			-1174.924145			0.026361
140000			-1174.924145			0.023853
141000			-1173.027035			0.021583
142000			-1173.027035			0.019529
143000			-1173.027035			0.017670
144000			-1173.027035			0.015989
145000			-1173.027035			0.014467
146000			-1171.129925			0.013090
147000			-1169.232815			0.011844
148000			-1169.232815			0.010717
149000			-1169.232815			0.009697
150000			-1169.232815			0.008774
151000			-1169.232815			0.007939
152000			-1169.232815			0.007184
153000			-1169.232815			0.006500
154000			-1169.232815			0.005882
155000			-1169.232815			0.005322
156000			-1169.232815			0.004815
157000			-1169.232815			0.004357
158000			-1169.232815			0.003942
159000			-1169.232815			0.003567
160000			-1169.232815			0.003228
161000			-1169.232815			0.002921
162000			-1169.232815			0.002643
163000			-1169.232815			0.002391
164000			-1169.232815			0.002164
165000			-1169.232815			0.001958
166000			-1169.232815			0.001771
167000			-1169.232815			0.001603
168000			-1169.232815			0.001450
169000			-1169.232815			0.001312
170000			-1169.232815			0.001187
171000			-1169.232815			0.001074
Iteration: 9
Step			Log-likelihood			Temperature
1			-24533.581658			99900.000000
1000			-23898.844024			36769.542477
2000			-24461.482754			23501.721022
3000			-25425.251731			21265.130236
4000			-23057.673468			19241.389323
5000			-23563.364066			17410.241977
6000			-21489.546765			15753.359626
7000			-25880.645459			14254.157974
8000			-23141.120446			12897.631004
9000			-21109.838379			11670.200782
10000			-21281.806418			10559.581542
11000			-24475.747662			9554.656721
12000			-24819.315116			8645.367688
13000			-23432.561420			7822.613061
14000			-25240.472781			7078.157611
15000			-20725.764947			6404.549832
16000			-25390.111443			5795.047357
17000			-23941.262939			5243.549468
18000			-22944.709366			4744.536038
19000			-21391.063318			4293.012272
20000			-22952.608872			3884.458716
21000			-23851.395272			3514.786020
22000			-23235.086517			3180.294005
23000			-24748.488657			2877.634626
24000			-25242.061419			2603.778466
25000			-23702.856073			2355.984403
26000			-20202.878004			2131.772185
27000			-21319.956310			1928.897594
28000			-23703.142963			1745.329992
29000			-22107.843353			1579.231987
30000			-22322.582674			1428.941048
31000			-19636.507121			1292.952863
32000			-20540.475718			1169.906280
33000			-18347.004441			1058.569685
34000			-20473.828389			957.828671
35000			-21097.627058			866.674888
36000			-20104.354506			784.195947
37000			-17529.072030			709.566288
38000			-14680.851005			642.038917
39000			-18060.492524			580.937931
40000			-16043.738377			525.651749
41000			-14553.653715			475.626993
42000			-13829.371362			430.362949
43000			-13747.053599			389.406552
44000			-13310.766401			352.347857
45000			-13597.135319			318.815931
46000			-13995.606343			288.475142
47000			-11655.414908			261.021797
48000			-11006.178160			236.181108
49000			-11331.984727			213.704435
50000			-10211.778716			193.366803
51000			-9227.625941			174.964643
52000			-10664.604478			158.313765
53000			-8347.485426			143.247502
54000			-8437.042474			129.615051
55000			-7165.897952			117.279962
56000			-7108.807458			106.118767
57000			-6710.546048			96.019751
58000			-6231.207342			86.881830
59000			-5018.798634			78.613537
60000			-4973.874375			71.132114
61000			-4541.642286			64.362677
62000			-4559.791161			58.237467
63000			-4411.861920			52.695176
64000			-4053.188555			47.680328
65000			-2880.655026			43.142730
66000			-2957.334702			39.036961
67000			-2262.365688			35.321926
68000			-2251.385616			31.960441
69000			-2380.317111			28.918858
70000			-2167.435317			26.166734
71000			-2002.200010			23.676522
72000			-1930.109830			21.423296
73000			-1526.085456			19.384503
74000			-1601.969855			17.539736
75000			-1615.185119			15.870530
76000			-1596.214019			14.360177
77000			-1620.876448			12.993561
78000			-1611.455405			11.757001
79000			-1558.336326			10.638121
80000			-1563.862151			9.625722
81000			-1567.656371			8.709670
82000			-1577.141921			7.880796
83000			-1408.750680			7.130803
84000			-1439.104439			6.452185
85000			-1311.998070			5.838150
86000			-1306.306741			5.282550
87000			-1298.833711			4.779825
88000			-1257.097292			4.324943
89000			-1262.788622			3.913350
90000			-1274.171282			3.540928
91000			-1270.377062			3.203948
92000			-1272.274172			2.899038
93000			-1257.207107			2.623145
94000			-1238.236007			2.373508
95000			-1236.338897			2.147628
96000			-1234.441787			1.943244
97000			-1234.441787			1.758311
98000			-1221.162017			1.590978
99000			-1219.264907			1.439569
100000			-1215.470687			1.302570
101000			-1207.882247			1.178608
102000			-1223.059127			1.066443
103000			-1213.573577			0.964953
104000			-1209.779357			0.873121
105000			-1211.676467			0.790029
106000			-1213.573577			0.714844
107000			-1205.985137			0.646814
108000			-1205.985137			0.585259
109000			-1205.985137			0.529561
110000			-1204.088027			0.479165
111000			-1202.190917			0.433564
112000			-1202.190917			0.392303
113000			-1202.190917			0.354969
114000			-1202.190917			0.321187
115000			-1198.396697			0.290621
116000			-1198.396697			0.262963
117000			-1198.396697			0.237938
118000			-1198.396697			0.215294
119000			-1198.396697			0.194805
120000			-1198.396697			0.176266
121000			-1198.396697			0.159491
122000			-1196.499587			0.144313
123000			-1196.499587			0.130579
124000			-1196.499587			0.118152
125000			-1196.499587			0.106908
126000			-1196.499587			0.096734
127000			-1196.499587			0.087528
128000			-1196.499587			0.079198
129000			-1196.499587			0.071661
130000			-1196.499587			0.064841
131000			-1196.499587			0.058671
132000			-1196.499587			0.053087
133000			-1196.499587			0.048035
134000			-1196.499587			0.043464
135000			-1196.499587			0.039327
136000			-1196.499587			0.035585
137000			-1196.499587			0.032198
138000			-1196.499587			0.029134
139000			-1196.499587			0.026361
140000			-1196.499587			0.023853
141000			-1196.499587			0.021583
142000			-1196.499587			0.019529
143000			-1196.499587			0.017670
144000			-1196.499587			0.015989
145000			-1196.499587			0.014467
146000			-1196.499587			0.013090
147000			-1196.499587			0.011844
148000			-1196.499587			0.010717
149000			-1196.499587			0.009697
150000			-1196.499587			0.008774
151000			-1196.499587			0.007939
152000			-1196.499587			0.007184
153000			-1196.499587			0.006500
154000			-1196.499587			0.005882
155000			-1196.499587			0.005322
156000			-1196.499587			0.004815
157000			-1196.499587			0.004357
158000			-1196.499587			0.003942
159000			-1196.499587			0.003567
160000			-1196.499587			0.003228
161000			-1196.499587			0.002921
162000			-1196.499587			0.002643
163000			-1196.499587			0.002391
164000			-1196.499587			0.002164
165000			-1196.499587			0.001958
166000			-1196.499587			0.001771
167000			-1196.499587			0.001603
168000			-1196.499587			0.001450
169000			-1196.499587			0.001312
170000			-1196.499587			0.001187
171000			-1196.499587			0.001074
Iteration: 10
Step			Log-likelihood			Temperature
1			-25956.531482			99900.000000
1000			-22467.444991			36769.542477
2000			-21971.890663			23501.721022
3000			-23346.435106			21265.130236
4000			-21431.666657			19241.389323
5000			-25382.305925			17410.241977
6000			-22993.941465			15753.359626
7000			-24933.942211			14254.157974
8000			-24398.716685			12897.631004
9000			-22120.906246			11670.200782
10000			-19411.932729			10559.581542
11000			-22366.864902			9554.656721
12000			-26092.199731			8645.367688
13000			-24621.112164			7822.613061
14000			-24330.737420			7078.157611
15000			-22226.033055			6404.549832
16000			-24477.222505			5795.047357
17000			-23390.389521			5243.549468
18000			-21465.441750			4744.536038
19000			-23117.276029			4293.012272
20000			-25056.403176			3884.458716
21000			-23974.293413			3514.786020
22000			-22968.634840			3180.294005
23000			-22710.880570			2877.634626
24000			-24076.998771			2603.778466
25000			-24560.133307			2355.984403
26000			-21725.353587			2131.772185
27000			-25945.831982			1928.897594
28000			-22436.735436			1745.329992
29000			-23503.306591			1579.231987
30000			-21324.014107			1428.941048
31000			-19283.600870			1292.952863
32000			-20215.024699			1169.906280
33000			-18307.755259			1058.569685
34000			-20158.490969			957.828671
35000			-18499.601610			866.674888
36000			-21430.956498			784.195947
37000			-17500.304751			709.566288
38000			-15209.139809			642.038917
39000			-15967.495220			580.937931
40000			-18845.676123			525.651749
41000			-11952.771536			475.626993
42000			-14884.142681			430.362949
43000			-14656.240487			389.406552
44000			-11105.192559			352.347857
45000			-13750.417344			318.815931
46000			-12664.420793			288.475142
47000			-13313.389494			261.021797
48000			-11853.420268			236.181108
49000			-12265.832643			213.704435
50000			-9758.653871			193.366803
51000			-9467.012915			174.964643
52000			-8654.767473			158.313765
53000			-8510.198794			143.247502
54000			-8307.402802			129.615051
55000			-7626.815969			117.279962
56000			-7578.003348			106.118767
57000			-6766.115842			96.019751
58000			-5383.867547			86.881830
59000			-5516.084761			78.613537
60000			-5741.094765			71.132114
61000			-5105.000755			64.362677
62000			-5094.568799			58.237467
63000			-4500.147794			52.695176
64000			-3695.659032			47.680328
65000			-3426.942026			43.142730
66000			-3382.907955			39.036961
67000			-2987.404006			35.321926
68000			-3425.857174			31.960441
69000			-2647.318921			28.918858
70000			-2432.895710			26.166734
71000			-2003.256298			23.676522
72000			-2092.388214			21.423296
73000			-1889.379916			19.384503
74000			-1696.440534			17.539736
75000			-1481.952817			15.870530
76000			-1377.611768			14.360177
77000			-1313.110028			12.993561
78000			-1307.418698			11.757001
79000			-1297.933148			10.638121
80000			-1330.184018			9.625722
81000			-1320.698468			8.709670
82000			-1297.933148			7.880796
83000			-1309.315808			7.130803
84000			-1278.962048			6.452185
85000			-1271.373608			5.838150
86000			-1275.167828			5.282550
87000			-1278.962048			4.779825
88000			-1275.167828			4.324943
89000			-1277.064938			3.913350
90000			-1271.373608			3.540928
91000			-1261.888059			3.203948
92000			-1261.888059			2.899038
93000			-1258.093839			2.623145
94000			-1250.505399			2.373508
95000			-1254.299619			2.147628
96000			-1244.814069			1.943244
97000			-1246.711179			1.758311
98000			-1252.402509			1.590978
99000			-1256.196729			1.439569
100000			-1239.122739			1.302570
101000			-1241.019849			1.178608
102000			-1242.916959			1.066443
103000			-1237.225629			0.964953
104000			-1235.328519			0.873121
105000			-1222.048749			0.790029
106000			-1220.151639			0.714844
107000			-1216.357419			0.646814
108000			-1216.357419			0.585259
109000			-1214.460309			0.529561
110000			-1212.563199			0.479165
111000			-1212.563199			0.433564
112000			-1212.563199			0.392303
113000			-1212.563199			0.354969
114000			-1210.666089			0.321187
115000			-1210.666089			0.290621
116000			-1210.666089			0.262963
117000			-1210.666089			0.237938
118000			-1210.666089			0.215294
119000			-1210.666089			0.194805
120000			-1210.666089			0.176266
121000			-1210.666089			0.159491
122000			-1210.666089			0.144313
123000			-1210.666089			0.130579
124000			-1210.666089			0.118152
125000			-1210.666089			0.106908
126000			-1210.666089			0.096734
127000			-1210.666089			0.087528
128000			-1210.666089			0.079198
129000			-1210.666089			0.071661
130000			-1210.666089			0.064841
131000			-1210.666089			0.058671
132000			-1210.666089			0.053087
133000			-1210.666089			0.048035
134000			-1210.666089			0.043464
135000			-1210.666089			0.039327
136000			-1210.666089			0.035585
137000			-1210.666089			0.032198
138000			-1210.666089			0.029134
139000			-1210.666089			0.026361
140000			-1210.666089			0.023853
141000			-1210.666089			0.021583
142000			-1210.666089			0.019529
143000			-1210.666089			0.017670
144000			-1210.666089			0.015989
145000			-1210.666089			0.014467
146000			-1210.666089			0.013090
147000			-1210.666089			0.011844
148000			-1210.666089			0.010717
149000			-1210.666089			0.009697
150000			-1210.666089			0.008774
151000			-1210.666089			0.007939
152000			-1210.666089			0.007184
153000			-1210.666089			0.006500
154000			-1210.666089			0.005882
155000			-1210.666089			0.005322
156000			-1210.666089			0.004815
157000			-1210.666089			0.004357
158000			-1210.666089			0.003942
159000			-1210.666089			0.003567
160000			-1210.666089			0.003228
161000			-1210.666089			0.002921
162000			-1210.666089			0.002643
163000			-1210.666089			0.002391
164000			-1210.666089			0.002164
165000			-1210.666089			0.001958
166000			-1210.666089			0.001771
167000			-1210.666089			0.001603
168000			-1210.666089			0.001450
169000			-1210.666089			0.001312
170000			-1210.666089			0.001187
171000			-1210.666089			0.001074

Maximum likelihood Tree found: -1174.620999
digraph g {
	"54" -> "55";
	"55" [color=indianred1, style=filled, label="22"];
	"53" -> "54";
	"54" [label="34"];
	"52" -> "53";
	"53" [label="31"];
	"51" -> "52";
	"52" [label="41"];
	"50" -> "51";
	"51" [label="49"];
	"49" -> "50";
	"50" [label="39"];
	"48" -> "49";
	"49" [label="3"];
	"47" -> "48";
	"48" [label="29"];
	"46" -> "47";
	"47" [label="6"];
	"45" -> "46";
	"46" [label="15"];
	"44" -> "45";
	"45" [label="35"];
	"41" -> "42";
	"42" [color=indianred1, style=filled, label="7"];
	"40" -> "41";
	"41" [label="44"];
	"39" -> "40";
	"40" [label="16"];
	"38" -> "39";
	"39" [label="21"];
	"37" -> "38";
	"38" [label="12"];
	"36" -> "37";
	"37" [label="13"];
	"35" -> "36";
	"36" [label="43"];
	"34" -> "35";
	"35" [label="38"];
	"33" -> "34";
	"34" [label="32"];
	"32" -> "33";
	"33" [label="25"];
	"31" -> "32";
	"32" [label="48"];
	"30" -> "31";
	"31" [label="11"];
	"29" -> "30";
	"30" [label="19"];
	"28" -> "29";
	"29" [label="17"];
	"27" -> "28";
	"28" [label="10"];
	"26" -> "27";
	"27" [label="14"];
	"25" -> "26";
	"26" [color=indianred1, style=filled, label="22"];
	"25" -> "43";
	"43" [color=indianred1, style=filled, label="28"];
	"24" -> "25";
	"25" [label="47"];
	"23" -> "24";
	"24" [label="45"];
	"22" -> "23";
	"23" [label="50"];
	"21" -> "22";
	"22" [label="8"];
	"20" -> "21";
	"21" [label="2"];
	"19" -> "20";
	"20" [label="42"];
	"19" -> "44";
	"44" [label="20"];
	"16" -> "17";
	"17" [label="24"];
	"15" -> "16";
	"16" [label="9"];
	"14" -> "15";
	"15" [label="23"];
	"13" -> "14";
	"14" [label="33"];
	"12" -> "13";
	"13" [label="36"];
	"11" -> "12";
	"12" [label="18"];
	"11" -> "18";
	"18" [color=indianred1, style=filled, label="28"];
	"10" -> "11";
	"11" [label="4"];
	"9" -> "10";
	"10" [label="30"];
	"8" -> "9";
	"9" [label="1"];
	"7" -> "8";
	"8" [label="46"];
	"6" -> "7";
	"7" [label="40"];
	"5" -> "6";
	"6" [label="26"];
	"5" -> "19";
	"19" [label="37"];
	"4" -> "5";
	"5" [label="5"];
	"3" -> "4";
	"4" [label="7"];
	"2" -> "3";
	"3" [label="22"];
	"1" -> "2";
	"2" [label="27"];
	"0" -> "1";
	"1" [label="28"];
	"0" [label="germline"];
	labelloc="t";
	label="Confidence score: -1174.620999";
}
Best cell assigment:
41 23 11 33 11 30 13 54 23 11 29 35 33 17 9 47 5 47 46 54 47 29 25 42 11 35 35 17 47 19 25 34 11 11 35 54 41 40 55 11 41 47 22 47 43 18 54 25 47 54 54 35 28 10 29 25 17 55 26 11 53 19 53 25 17 17 47 30 47 18 26 17 42 30 30 19 11 38 17 42 29 18 41 17 16 35 25 46 47 47 40 10 16 47 53 19 18 34 34 34 35 17 28 25 17 15 29 45 25 30 47 17 30 42 52 43 41 17 19 11 44 25 19 30 35 30 46 4 32 8 30 35 24 47 45 24 19 19 46 47 17 11 19 35 42 19 41 54 25 19 11 41 54 19 41 25 17 5 30 10 41 19 35 10 25 47 47 7 25 55 15 35 47 47 35 25 43 19 16 35 17 52 34 10 29 47 23 54 40 47 54 41 19 54 54 19 54 25 47 19 17 35 11 46 28 47 41 47 30 25 16 25 11 17 41 51 47 43 46 35 41 11 47 35 47 35 11 40 41 17 31 41 40 40 55 16 37 19 17 19 35 25 19 43 33 18 46 11 47 18 
alpha: 0.150000
beta: 0.000010
alpha: 0.113000
