Starting SASC.
Iteration: 1
Step			Log-likelihood			Temperature
1			-32402.866587			9900.000000
1000			-18371.600075			1054.648417
2000			-12463.591690			387.789398
3000			-11553.843899			142.588387
4000			-7945.408636			52.429098
5000			-6405.541728			19.277939
6000			-5575.000434			7.088410
7000			-4918.219178			2.606376
8000			-4077.773041			0.958353
9000			-3842.434642			0.352382
10000			-3418.062566			0.129569
11000			-2930.537554			0.047642
12000			-2748.414995			0.017518
13000			-2744.620775			0.006441
14000			-2742.723665			0.002368

Maximum likelihood Tree found: -2740.826555
digraph g {
	"49" -> "50";
	"50" [label="34"];
	"48" -> "49";
	"49" [label="12"];
	"47" -> "48";
	"48" [label="2"];
	"45" -> "46";
	"46" [label="40"];
	"44" -> "45";
	"45" [label="1"];
	"43" -> "44";
	"44" [label="8"];
	"42" -> "43";
	"43" [label="24"];
	"40" -> "41";
	"41" [label="39"];
	"39" -> "40";
	"40" [label="16"];
	"38" -> "39";
	"39" [label="31"];
	"37" -> "38";
	"38" [label="10"];
	"37" -> "42";
	"42" [label="17"];
	"36" -> "37";
	"37" [label="5"];
	"35" -> "36";
	"36" [label="7"];
	"34" -> "35";
	"35" [label="50"];
	"33" -> "34";
	"34" [label="32"];
	"32" -> "33";
	"33" [label="30"];
	"31" -> "32";
	"32" [label="20"];
	"30" -> "31";
	"31" [label="48"];
	"29" -> "30";
	"30" [label="42"];
	"28" -> "29";
	"29" [label="27"];
	"27" -> "28";
	"28" [label="25"];
	"26" -> "27";
	"27" [label="14"];
	"26" -> "47";
	"47" [label="21"];
	"25" -> "26";
	"26" [label="13"];
	"24" -> "25";
	"25" [label="43"];
	"23" -> "24";
	"24" [label="29"];
	"22" -> "23";
	"23" [label="38"];
	"21" -> "22";
	"22" [label="15"];
	"20" -> "21";
	"21" [label="35"];
	"19" -> "20";
	"20" [label="22"];
	"18" -> "19";
	"19" [label="23"];
	"17" -> "18";
	"18" [label="28"];
	"16" -> "17";
	"17" [label="41"];
	"15" -> "16";
	"16" [label="33"];
	"13" -> "14";
	"14" [label="47"];
	"12" -> "13";
	"13" [label="45"];
	"11" -> "12";
	"12" [label="44"];
	"10" -> "11";
	"11" [label="37"];
	"9" -> "10";
	"10" [label="36"];
	"8" -> "9";
	"9" [label="49"];
	"7" -> "8";
	"8" [label="19"];
	"7" -> "15";
	"15" [label="9"];
	"6" -> "7";
	"7" [label="26"];
	"5" -> "6";
	"6" [label="11"];
	"4" -> "5";
	"5" [label="18"];
	"3" -> "4";
	"4" [label="6"];
	"2" -> "3";
	"3" [label="4"];
	"1" -> "2";
	"2" [label="46"];
	"0" -> "1";
	"1" [label="3"];
	"0" [label="germline"];
	labelloc="t";
	label="Confidence score: -2740.826555";
}
Best cell assignment:
50 31 41 46 22 7 12 45 6 40 26 10 7 44 23 10 32 14 40 23 7 46 9 32 11 23 23 50 41 14 28 14 14 7 7 23 31 6 46 50 46 7 40 14 32 46 48 50 27 27 31 41 8 41 50 10 6 31 39 41 10 28 7 14 46 46 6 46 28 41 50 44 9 32 14 23 14 41 23 28 21 28 12 12 50 28 32 23 40 41 23 34 23 4 10 7 14 23 14 7 32 14 23 46 27 45 50 22 41 43 32 41 11 9 41 14 50 32 10 50 10 41 32 46 50 14 49 50 9 7 6 32 46 49 5 28 43 14 5 20 40 49 49 13 23 23 49 46 27 6 41 22 31 41 13 50 7 28 14 14 46 50 46 31 7 10 14 10 32 46 41 32 12 28 40 14 25 32 46 28 38 14 50 14 13 23 10 23 10 41 50 49 7 13 23 50 50 23 10 46 14 32 48 10 32 23 46 14 32 50 46 14 13 27 41 49 41 23 10 32 23 26 10 40 7 10 32 10 28 7 23 40 46 50 48 46 7 28 9 7 46 10 46 50 6 28 7 9 23 28 
alpha: 0.150000
beta: 0.000010
gamma: 1.000000
delta: 1.000000
