Starting SASC.
Iteration: 1
Step			Log-likelihood			Temperature
1			-31221.169537			9900.000000
1000			-26608.682073			1054.648417
2000			-16747.216595			387.789398
3000			-9725.889090			142.588387
4000			-6819.748205			52.429098
5000			-5295.800005			19.277939
6000			-4268.888782			7.088410
7000			-3856.512180			2.606376
8000			-3442.077201			0.958353
9000			-3294.134875			0.352382
10000			-3172.719836			0.129569
11000			-2962.140628			0.047642
12000			-2910.918659			0.017518
13000			-2895.774032			0.006441
14000			-2895.774032			0.002368

Maximum likelihood Tree found: -2581.305322
digraph g {
	"49" -> "50";
	"50" [label="18"];
	"48" -> "49";
	"49" [label="19"];
	"47" -> "48";
	"48" [label="13"];
	"46" -> "47";
	"47" [label="5"];
	"45" -> "46";
	"46" [label="24"];
	"43" -> "44";
	"44" [label="28"];
	"42" -> "43";
	"43" [label="3"];
	"41" -> "42";
	"42" [label="39"];
	"40" -> "41";
	"41" [label="48"];
	"38" -> "39";
	"39" [label="45"];
	"37" -> "38";
	"38" [label="17"];
	"36" -> "37";
	"37" [label="11"];
	"36" -> "40";
	"40" [label="25"];
	"35" -> "36";
	"36" [label="31"];
	"34" -> "35";
	"35" [label="21"];
	"33" -> "34";
	"34" [label="23"];
	"32" -> "33";
	"33" [label="1"];
	"31" -> "32";
	"32" [label="9"];
	"30" -> "31";
	"31" [label="12"];
	"29" -> "30";
	"30" [label="40"];
	"28" -> "29";
	"29" [label="2"];
	"27" -> "28";
	"28" [label="14"];
	"26" -> "27";
	"27" [label="4"];
	"25" -> "26";
	"26" [label="7"];
	"24" -> "25";
	"25" [label="38"];
	"22" -> "23";
	"23" [label="33"];
	"21" -> "22";
	"22" [label="41"];
	"20" -> "21";
	"21" [label="49"];
	"19" -> "20";
	"20" [label="6"];
	"19" -> "24";
	"24" [label="30"];
	"18" -> "19";
	"19" [label="35"];
	"17" -> "18";
	"18" [label="20"];
	"16" -> "17";
	"17" [label="44"];
	"15" -> "16";
	"16" [label="32"];
	"14" -> "15";
	"15" [label="34"];
	"14" -> "45";
	"45" [label="43"];
	"13" -> "14";
	"14" [label="50"];
	"12" -> "13";
	"13" [label="47"];
	"11" -> "12";
	"12" [label="10"];
	"9" -> "10";
	"10" [label="36"];
	"8" -> "9";
	"9" [label="29"];
	"7" -> "8";
	"8" [label="15"];
	"7" -> "11";
	"11" [label="37"];
	"6" -> "7";
	"7" [label="46"];
	"5" -> "6";
	"6" [label="8"];
	"4" -> "5";
	"5" [label="42"];
	"3" -> "4";
	"4" [label="16"];
	"2" -> "3";
	"3" [label="22"];
	"1" -> "2";
	"2" [label="27"];
	"0" -> "1";
	"1" [label="26"];
	"0" [label="germline"];
	labelloc="t";
	label="Confidence score: -2581.305322";
}
Best cell assigment:
10 10 19 14 41 14 24 7 6 37 34 24 12 6 10 43 50 23 24 19 39 19 10 49 13 11 35 23 23 22 23 35 13 10 49 23 7 24 7 14 23 19 7 23 6 50 38 24 41 14 7 14 6 35 35 10 50 23 24 14 9 9 14 14 17 10 14 33 39 7 23 44 6 10 7 35 13 44 50 50 44 35 9 39 7 23 10 13 13 7 34 39 10 44 38 22 34 24 24 7 43 23 50 21 23 7 44 23 50 34 35 44 6 14 43 24 44 23 5 24 49 23 6 6 50 22 24 33 24 42 50 24 8 44 23 22 14 7 44 24 50 7 37 24 14 34 7 19 44 23 5 6 24 35 39 39 34 35 39 13 43 10 35 7 14 13 50 24 24 35 44 23 50 23 14 5 39 41 23 10 14 14 10 13 19 44 12 44 24 23 50 13 43 12 11 44 13 50 10 35 12 7 39 24 39 14 7 13 6 7 44 50 14 35 7 14 10 6 39 19 10 44 19 35 35 35 23 39 43 44 48 8 44 35 41 50 44 50 39 44 33 7 21 24 49 23 35 39 9 24 
alpha: 0.150000
beta: 0.000010
alpha: 1.000000
