Starting SASC.
Iteration: 1
Step			Log-likelihood			Temperature
1			-32470.520632			99900.000000
1000			-27648.459653			36769.542477
2000			-29721.637459			23501.721022
3000			-28445.635945			21265.130236
4000			-25652.459439			19241.389323
5000			-27985.740672			17410.241977
6000			-31257.156001			15753.359626
7000			-28614.220707			14254.157974
8000			-32151.468884			12897.631004
9000			-28454.493945			11670.200782
10000			-28856.443810			10559.581542
11000			-24273.066960			9554.656721
12000			-29913.852543			8645.367688
13000			-23871.187440			7822.613061
14000			-24326.487998			7078.157611
15000			-27067.416265			6404.549832
16000			-27352.202698			5795.047357
17000			-24049.316420			5243.549468
18000			-26233.995524			4744.536038
19000			-27901.467338			4293.012272
20000			-27019.472462			3884.458716
21000			-25147.016010			3514.786020
22000			-28854.895648			3180.294005
23000			-26637.408469			2877.634626
24000			-24030.591669			2603.778466
25000			-20233.442204			2355.984403
26000			-28505.548808			2131.772185
27000			-30345.276429			1928.897594
28000			-25402.319523			1745.329992
29000			-26053.409449			1579.231987
30000			-27477.488141			1428.941048
31000			-26198.821276			1292.952863
32000			-24572.349893			1169.906280
33000			-24782.363277			1058.569685
34000			-20316.677592			957.828671
35000			-21232.556581			866.674888
36000			-24292.677288			784.195947
37000			-18390.231219			709.566288
38000			-15482.436515			642.038917
39000			-14799.115377			580.937931
40000			-16165.132244			525.651749
41000			-16244.532261			475.626993
42000			-15512.816690			430.362949
43000			-12574.717997			389.406552
44000			-13135.010510			352.347857
45000			-12813.539760			318.815931
46000			-12160.617230			288.475142
47000			-12455.631040			261.021797
48000			-12079.604544			236.181108
49000			-12105.841550			213.704435
50000			-8573.026821			193.366803
51000			-10125.534270			174.964643
52000			-9128.390407			158.313765
53000			-7860.261774			143.247502
54000			-8281.323431			129.615051
55000			-7153.446084			117.279962
56000			-6842.997367			106.118767
57000			-6872.292605			96.019751
58000			-6966.793317			86.881830
59000			-6054.515027			78.613537
60000			-6640.044691			71.132114
61000			-6473.711827			64.362677
62000			-5565.905078			58.237467
63000			-5147.095318			52.695176
64000			-4470.149587			47.680328
65000			-4234.333228			43.142730
66000			-3871.307900			39.036961
67000			-4237.611394			35.321926
68000			-4053.333698			31.960441
69000			-3599.827652			28.918858
70000			-3007.929336			26.166734
71000			-2980.246767			23.676522
72000			-2853.656452			21.423296
73000			-2772.241990			19.384503
74000			-2683.077821			17.539736
75000			-2516.132142			15.870530
76000			-2440.279996			14.360177
77000			-2438.931193			12.993561
78000			-2311.824824			11.757001
79000			-2290.956615			10.638121
80000			-2180.924235			9.625722
81000			-2112.628276			8.709670
82000			-2118.319606			7.880796
83000			-2082.274516			7.130803
84000			-1989.316127			6.452185
85000			-1989.316127			5.838150
86000			-1998.801677			5.282550
87000			-1921.020168			4.779825
88000			-1945.682597			4.324943
89000			-1928.608607			3.913350
90000			-1930.505717			3.540928
91000			-1917.225948			3.203948
92000			-1907.740398			2.899038
93000			-1911.534618			2.623145
94000			-1902.049068			2.373508
95000			-1900.151958			2.147628
96000			-1888.769298			1.943244
97000			-1894.460628			1.758311
98000			-1883.077968			1.590978
99000			-1884.975078			1.439569
100000			-1883.077968			1.302570
101000			-1883.077968			1.178608
102000			-1884.975078			1.066443
103000			-1883.077968			0.964953
104000			-1883.077968			0.873121
105000			-1881.180858			0.790029
106000			-1797.708018			0.714844
107000			-1797.708018			0.646814
108000			-1797.708018			0.585259
109000			-1797.708018			0.529561
110000			-1797.708018			0.479165
111000			-1797.708018			0.433564
112000			-1754.074489			0.392303
113000			-1752.177379			0.354969
114000			-1752.177379			0.321187
115000			-1752.177379			0.290621
116000			-1752.177379			0.262963
117000			-1752.177379			0.237938
118000			-1752.177379			0.215294
119000			-1706.646739			0.194805
120000			-1706.646739			0.176266
121000			-1706.646739			0.159491
122000			-1706.646739			0.144313
123000			-1706.646739			0.130579
124000			-1706.646739			0.118152
125000			-1706.646739			0.106908
126000			-1706.646739			0.096734
127000			-1706.646739			0.087528
128000			-1706.646739			0.079198
129000			-1706.646739			0.071661
130000			-1706.646739			0.064841
131000			-1706.646739			0.058671
132000			-1706.646739			0.053087
133000			-1706.646739			0.048035
134000			-1706.646739			0.043464
135000			-1706.646739			0.039327
136000			-1706.646739			0.035585
137000			-1706.646739			0.032198
138000			-1706.646739			0.029134
139000			-1706.646739			0.026361
140000			-1706.646739			0.023853
141000			-1706.646739			0.021583
142000			-1706.646739			0.019529
143000			-1706.646739			0.017670
144000			-1706.646739			0.015989
145000			-1706.646739			0.014467
146000			-1706.646739			0.013090
147000			-1706.646739			0.011844
148000			-1706.646739			0.010717
149000			-1706.646739			0.009697
150000			-1706.646739			0.008774
151000			-1706.646739			0.007939
152000			-1706.646739			0.007184
153000			-1706.646739			0.006500
154000			-1706.646739			0.005882
155000			-1706.646739			0.005322
156000			-1706.646739			0.004815
157000			-1706.646739			0.004357
158000			-1706.646739			0.003942
159000			-1706.646739			0.003567
160000			-1706.646739			0.003228
161000			-1706.646739			0.002921
162000			-1706.646739			0.002643
163000			-1706.646739			0.002391
164000			-1706.646739			0.002164
165000			-1706.646739			0.001958
166000			-1706.646739			0.001771
167000			-1706.646739			0.001603
168000			-1706.646739			0.001450
169000			-1706.646739			0.001312
170000			-1706.646739			0.001187
171000			-1706.646739			0.001074
Iteration: 2
Step			Log-likelihood			Temperature
1			-32239.524761			99900.000000
1000			-27957.600717			36769.542477
2000			-28276.127514			23501.721022
3000			-26403.380781			21265.130236
4000			-30232.476099			19241.389323
5000			-31147.393327			17410.241977
6000			-30617.944213			15753.359626
7000			-27875.353506			14254.157974
8000			-28633.713700			12897.631004
9000			-24346.485367			11670.200782
10000			-25811.347613			10559.581542
11000			-30299.669605			9554.656721
12000			-32177.447864			8645.367688
13000			-27978.307660			7822.613061
14000			-27125.904141			7078.157611
15000			-30267.005280			6404.549832
16000			-27419.633655			5795.047357
17000			-23173.024552			5243.549468
18000			-27226.424556			4744.536038
19000			-26949.962552			4293.012272
20000			-26733.225731			3884.458716
21000			-29882.800887			3514.786020
22000			-27784.523840			3180.294005
23000			-22642.511077			2877.634626
24000			-19650.577891			2603.778466
25000			-26909.026628			2355.984403
26000			-25942.286295			2131.772185
27000			-30036.880250			1928.897594
28000			-19273.358021			1745.329992
29000			-23395.232769			1579.231987
30000			-26343.168740			1428.941048
31000			-25092.644887			1292.952863
32000			-23464.947877			1169.906280
33000			-24495.351362			1058.569685
34000			-17921.870826			957.828671
35000			-16890.059871			866.674888
36000			-18482.371596			784.195947
37000			-18598.429516			709.566288
38000			-15250.015657			642.038917
39000			-18344.216779			580.937931
40000			-18402.194439			525.651749
41000			-18576.851732			475.626993
42000			-16765.800696			430.362949
43000			-14832.927005			389.406552
44000			-13808.467037			352.347857
45000			-15099.994379			318.815931
46000			-11824.113350			288.475142
47000			-13024.075036			261.021797
48000			-11181.406519			236.181108
49000			-11746.642696			213.704435
50000			-9024.146118			193.366803
51000			-8578.809072			174.964643
52000			-7675.963503			158.313765
53000			-8578.357525			143.247502
54000			-9821.700553			129.615051
55000			-8589.068703			117.279962
56000			-6731.422665			106.118767
57000			-7555.692069			96.019751
58000			-6596.217642			86.881830
59000			-5516.289938			78.613537
60000			-5174.906900			71.132114
61000			-5133.164642			64.362677
62000			-5226.246205			58.237467
63000			-5242.293926			52.695176
64000			-4322.620717			47.680328
65000			-4011.784960			43.142730
66000			-3498.829275			39.036961
67000			-3649.313778			35.321926
68000			-3355.229477			31.960441
69000			-3404.457576			28.918858
70000			-3131.467259			26.166734
71000			-3025.100086			23.676522
72000			-2750.728713			21.423296
73000			-2769.667559			19.384503
74000			-2746.902239			17.539736
75000			-2659.667433			15.870530
76000			-2644.555060			14.360177
77000			-2285.379655			12.993561
78000			-2234.189939			11.757001
79000			-2241.746126			10.638121
80000			-2139.302186			9.625722
81000			-2137.405076			8.709670
82000			-2103.257097			7.880796
83000			-2101.359987			7.130803
84000			-2048.240907			6.452185
85000			-2044.414434			5.838150
86000			-2005.841809			5.282550
87000			-1952.722730			4.779825
88000			-1967.931863			4.324943
89000			-1969.796720			3.913350
90000			-1971.693830			3.540928
91000			-1916.677640			3.203948
92000			-1920.439607			2.899038
93000			-1886.323880			2.623145
94000			-1829.410581			2.373508
95000			-1825.616361			2.147628
96000			-1827.513471			1.943244
97000			-1827.513471			1.758311
98000			-1827.513471			1.590978
99000			-1825.616361			1.439569
100000			-1730.400350			1.302570
101000			-1730.400350			1.178608
102000			-1732.297460			1.066443
103000			-1730.400350			0.964953
104000			-1728.503240			0.873121
105000			-1732.297460			0.790029
106000			-1734.194570			0.714844
107000			-1732.297460			0.646814
108000			-1728.503240			0.585259
109000			-1728.503240			0.529561
110000			-1726.606130			0.479165
111000			-1726.606130			0.433564
112000			-1724.709020			0.392303
113000			-1724.709020			0.354969
114000			-1724.709020			0.321187
115000			-1722.811910			0.290621
116000			-1722.811910			0.262963
117000			-1722.811910			0.237938
118000			-1722.811910			0.215294
119000			-1720.914800			0.194805
120000			-1720.914800			0.176266
121000			-1720.914800			0.159491
122000			-1720.914800			0.144313
123000			-1720.914800			0.130579
124000			-1720.914800			0.118152
125000			-1720.914800			0.106908
126000			-1720.914800			0.096734
127000			-1720.914800			0.087528
128000			-1720.914800			0.079198
129000			-1720.914800			0.071661
130000			-1720.914800			0.064841
131000			-1720.914800			0.058671
132000			-1720.914800			0.053087
133000			-1720.914800			0.048035
134000			-1720.914800			0.043464
135000			-1720.914800			0.039327
136000			-1720.914800			0.035585
137000			-1720.914800			0.032198
138000			-1720.914800			0.029134
139000			-1720.914800			0.026361
140000			-1720.914800			0.023853
141000			-1720.914800			0.021583
142000			-1720.914800			0.019529
143000			-1720.914800			0.017670
144000			-1720.914800			0.015989
145000			-1720.914800			0.014467
146000			-1720.914800			0.013090
147000			-1720.914800			0.011844
148000			-1720.914800			0.010717
149000			-1720.914800			0.009697
150000			-1720.914800			0.008774
151000			-1720.914800			0.007939
152000			-1720.914800			0.007184
153000			-1720.914800			0.006500
154000			-1720.914800			0.005882
155000			-1720.914800			0.005322
156000			-1720.914800			0.004815
157000			-1720.914800			0.004357
158000			-1720.914800			0.003942
159000			-1720.914800			0.003567
160000			-1720.914800			0.003228
161000			-1720.914800			0.002921
162000			-1720.914800			0.002643
163000			-1720.914800			0.002391
164000			-1720.914800			0.002164
165000			-1720.914800			0.001958
166000			-1720.914800			0.001771
167000			-1720.914800			0.001603
168000			-1720.914800			0.001450
169000			-1720.914800			0.001312
170000			-1720.914800			0.001187
171000			-1720.914800			0.001074
Iteration: 3
Step			Log-likelihood			Temperature
1			-30570.789227			99900.000000
1000			-28567.534785			36769.542477
2000			-27856.930714			23501.721022
3000			-28700.267977			21265.130236
4000			-28655.124378			19241.389323
5000			-28518.558873			17410.241977
6000			-30685.750533			15753.359626
7000			-25999.566059			14254.157974
8000			-28872.561876			12897.631004
9000			-28760.207254			11670.200782
10000			-28552.105717			10559.581542
11000			-30669.482877			9554.656721
12000			-27478.863358			8645.367688
13000			-29662.252328			7822.613061
14000			-29419.648023			7078.157611
15000			-30687.717989			6404.549832
16000			-29159.465353			5795.047357
17000			-31081.504692			5243.549468
18000			-31576.843918			4744.536038
19000			-28647.574030			4293.012272
20000			-31192.305313			3884.458716
21000			-30324.880342			3514.786020
22000			-28551.530995			3180.294005
23000			-30635.780606			2877.634626
24000			-26861.062249			2603.778466
25000			-26556.686064			2355.984403
26000			-24641.654604			2131.772185
27000			-28941.104185			1928.897594
28000			-27344.561429			1745.329992
29000			-27451.685166			1579.231987
30000			-27197.962067			1428.941048
31000			-27699.728612			1292.952863
32000			-22099.008112			1169.906280
33000			-21544.052142			1058.569685
34000			-22149.526347			957.828671
35000			-18811.952679			866.674888
36000			-15925.419065			784.195947
37000			-19409.290136			709.566288
38000			-18396.368257			642.038917
39000			-20732.370452			580.937931
40000			-16850.628177			525.651749
41000			-17209.730271			475.626993
42000			-15614.422041			430.362949
43000			-13980.136445			389.406552
44000			-14062.964217			352.347857
45000			-13351.935013			318.815931
46000			-13284.794336			288.475142
47000			-10871.447442			261.021797
48000			-10587.133133			236.181108
49000			-12158.347816			213.704435
50000			-10182.421156			193.366803
51000			-10436.956427			174.964643
52000			-11181.236355			158.313765
53000			-9346.484651			143.247502
54000			-9669.362872			129.615051
55000			-8037.305817			117.279962
56000			-7139.978633			106.118767
57000			-7534.609763			96.019751
58000			-6388.212864			86.881830
59000			-6624.164076			78.613537
60000			-6289.079344			71.132114
61000			-6235.321036			64.362677
62000			-5170.983667			58.237467
63000			-5006.870446			52.695176
64000			-4887.739558			47.680328
65000			-4425.715562			43.142730
66000			-4150.602361			39.036961
67000			-3842.722236			35.321926
68000			-3492.498717			31.960441
69000			-3095.970477			28.918858
70000			-2968.767347			26.166734
71000			-2842.209286			23.676522
72000			-2609.671092			21.423296
73000			-2812.629607			19.384503
74000			-2772.790297			17.539736
75000			-2595.810761			15.870530
76000			-2449.765546			14.360177
77000			-2489.572602			12.993561
78000			-2491.437459			11.757001
79000			-2487.643239			10.638121
80000			-2302.339274			9.625722
81000			-2349.767024			8.709670
82000			-2258.673491			7.880796
83000			-2216.937072			7.130803
84000			-2216.937072			6.452185
85000			-2216.937072			5.838150
86000			-2239.734645			5.282550
87000			-2249.220195			4.779825
88000			-2095.522033			4.324943
89000			-2080.345153			3.913350
90000			-1987.419017			3.540928
91000			-1981.727687			3.203948
92000			-1983.624797			2.899038
93000			-1989.316127			2.623145
94000			-1983.624797			2.373508
95000			-1981.727687			2.147628
96000			-1996.904567			1.943244
97000			-1932.402827			1.758311
98000			-1896.357738			1.590978
99000			-1860.312648			1.439569
100000			-1862.209758			1.302570
101000			-1860.312648			1.178608
102000			-1858.415538			1.066443
103000			-1858.415538			0.964953
104000			-1858.415538			0.873121
105000			-1858.415538			0.790029
106000			-1862.209758			0.714844
107000			-1860.312648			0.646814
108000			-1858.415538			0.585259
109000			-1858.415538			0.529561
110000			-1858.415538			0.479165
111000			-1856.518428			0.433564
112000			-1845.135768			0.392303
113000			-1845.135768			0.354969
114000			-1845.135768			0.321187
115000			-1845.135768			0.290621
116000			-1845.135768			0.262963
117000			-1845.135768			0.237938
118000			-1845.135768			0.215294
119000			-1845.135768			0.194805
120000			-1845.135768			0.176266
121000			-1845.135768			0.159491
122000			-1845.135768			0.144313
123000			-1845.135768			0.130579
124000			-1845.135768			0.118152
125000			-1845.135768			0.106908
126000			-1845.135768			0.096734
127000			-1845.135768			0.087528
128000			-1845.135768			0.079198
129000			-1845.135768			0.071661
130000			-1845.135768			0.064841
131000			-1845.135768			0.058671
132000			-1845.135768			0.053087
133000			-1845.135768			0.048035
134000			-1845.135768			0.043464
135000			-1845.135768			0.039327
136000			-1845.135768			0.035585
137000			-1845.135768			0.032198
138000			-1845.135768			0.029134
139000			-1845.135768			0.026361
140000			-1845.135768			0.023853
141000			-1845.135768			0.021583
142000			-1845.135768			0.019529
143000			-1845.135768			0.017670
144000			-1845.135768			0.015989
145000			-1845.135768			0.014467
146000			-1845.135768			0.013090
147000			-1845.135768			0.011844
148000			-1845.135768			0.010717
149000			-1845.135768			0.009697
150000			-1845.135768			0.008774
151000			-1845.135768			0.007939
152000			-1845.135768			0.007184
153000			-1845.135768			0.006500
154000			-1845.135768			0.005882
155000			-1845.135768			0.005322
156000			-1845.135768			0.004815
157000			-1845.135768			0.004357
158000			-1845.135768			0.003942
159000			-1845.135768			0.003567
160000			-1845.135768			0.003228
161000			-1845.135768			0.002921
162000			-1845.135768			0.002643
163000			-1845.135768			0.002391
164000			-1845.135768			0.002164
165000			-1845.135768			0.001958
166000			-1845.135768			0.001771
167000			-1845.135768			0.001603
168000			-1845.135768			0.001450
169000			-1845.135768			0.001312
170000			-1845.135768			0.001187
171000			-1845.135768			0.001074
Iteration: 4
Step			Log-likelihood			Temperature
1			-31599.882001			99900.000000
1000			-26587.136584			36769.542477
2000			-27049.251500			23501.721022
3000			-30222.861536			21265.130236
4000			-26627.486108			19241.389323
5000			-28345.347143			17410.241977
6000			-28735.544825			15753.359626
7000			-31371.014853			14254.157974
8000			-23764.600333			12897.631004
9000			-28199.990926			11670.200782
10000			-24622.580905			10559.581542
11000			-24142.397983			9554.656721
12000			-26345.048333			8645.367688
13000			-23921.383141			7822.613061
14000			-30171.542806			7078.157611
15000			-26218.393511			6404.549832
16000			-29212.036126			5795.047357
17000			-24995.865864			5243.549468
18000			-31519.569993			4744.536038
19000			-26827.101950			4293.012272
20000			-26580.902785			3884.458716
21000			-29335.477288			3514.786020
22000			-30453.567126			3180.294005
23000			-26538.650312			2877.634626
24000			-28936.057922			2603.778466
25000			-28954.152342			2355.984403
26000			-24485.956733			2131.772185
27000			-26362.787966			1928.897594
28000			-27502.569865			1745.329992
29000			-23237.939746			1579.231987
30000			-21132.203272			1428.941048
31000			-20009.055494			1292.952863
32000			-21789.779185			1169.906280
33000			-19520.993852			1058.569685
34000			-21690.586997			957.828671
35000			-16661.072606			866.674888
36000			-21631.530239			784.195947
37000			-19468.804281			709.566288
38000			-16610.469290			642.038917
39000			-13825.573281			580.937931
40000			-17169.885123			525.651749
41000			-15952.673443			475.626993
42000			-14144.818548			430.362949
43000			-13487.210383			389.406552
44000			-13743.889113			352.347857
45000			-10720.021753			318.815931
46000			-13581.045452			288.475142
47000			-11064.087659			261.021797
48000			-10166.690129			236.181108
49000			-10511.582945			213.704435
50000			-11148.522260			193.366803
51000			-10121.024637			174.964643
52000			-9139.896241			158.313765
53000			-8950.707136			143.247502
54000			-8120.681896			129.615051
55000			-9154.600999			117.279962
56000			-7940.327434			106.118767
57000			-7935.119905			96.019751
58000			-7785.034120			86.881830
59000			-7311.137825			78.613537
60000			-7233.447237			71.132114
61000			-5991.684624			64.362677
62000			-5117.284027			58.237467
63000			-5098.570954			52.695176
64000			-5137.474916			47.680328
65000			-5025.706693			43.142730
66000			-4542.620968			39.036961
67000			-3719.281074			35.321926
68000			-3401.921238			31.960441
69000			-3058.608838			28.918858
70000			-2948.576458			26.166734
71000			-2969.573682			23.676522
72000			-2939.219922			21.423296
73000			-2755.200253			19.384503
74000			-2463.045316			17.539736
75000			-2493.399076			15.870530
76000			-2468.768899			14.360177
77000			-2510.473065			12.993561
78000			-2317.516154			11.757001
79000			-2228.351985			10.638121
80000			-2182.821345			9.625722
81000			-2197.998225			8.709670
82000			-2186.615565			7.880796
83000			-2120.216716			7.130803
84000			-2067.065383			6.452185
85000			-2061.374053			5.838150
86000			-2019.669887			5.282550
87000			-2021.534743			4.779825
88000			-2032.917403			4.324943
89000			-1989.316127			3.913350
90000			-1951.373927			3.540928
91000			-1894.460628			3.203948
92000			-1888.769298			2.899038
93000			-1883.077968			2.623145
94000			-1886.872188			2.373508
95000			-1869.798198			2.147628
96000			-1869.765945			1.943244
97000			-1860.280395			1.758311
98000			-1860.280395			1.590978
99000			-1862.209758			1.439569
100000			-1856.518428			1.302570
101000			-1858.415538			1.178608
102000			-1856.518428			1.066443
103000			-1854.621318			0.964953
104000			-1854.621318			0.873121
105000			-1852.724208			0.790029
106000			-1852.724208			0.714844
107000			-1854.621318			0.646814
108000			-1852.724208			0.585259
109000			-1852.724208			0.529561
110000			-1852.724208			0.479165
111000			-1848.929988			0.433564
112000			-1850.827098			0.392303
113000			-1850.827098			0.354969
114000			-1848.929988			0.321187
115000			-1848.929988			0.290621
116000			-1816.679118			0.262963
117000			-1816.679118			0.237938
118000			-1816.679118			0.215294
119000			-1816.679118			0.194805
120000			-1816.679118			0.176266
121000			-1816.679118			0.159491
122000			-1816.679118			0.144313
123000			-1816.679118			0.130579
124000			-1816.679118			0.118152
125000			-1816.679118			0.106908
126000			-1816.679118			0.096734
127000			-1816.679118			0.087528
128000			-1816.679118			0.079198
129000			-1816.679118			0.071661
130000			-1816.679118			0.064841
131000			-1816.679118			0.058671
132000			-1816.679118			0.053087
133000			-1816.679118			0.048035
134000			-1816.679118			0.043464
135000			-1816.679118			0.039327
136000			-1816.679118			0.035585
137000			-1816.679118			0.032198
138000			-1816.679118			0.029134
139000			-1816.679118			0.026361
140000			-1816.679118			0.023853
141000			-1816.679118			0.021583
142000			-1816.679118			0.019529
143000			-1816.679118			0.017670
144000			-1816.679118			0.015989
145000			-1816.679118			0.014467
146000			-1816.679118			0.013090
147000			-1816.679118			0.011844
148000			-1816.679118			0.010717
149000			-1816.679118			0.009697
150000			-1816.679118			0.008774
151000			-1816.679118			0.007939
152000			-1816.679118			0.007184
153000			-1816.679118			0.006500
154000			-1816.679118			0.005882
155000			-1816.679118			0.005322
156000			-1816.679118			0.004815
157000			-1816.679118			0.004357
158000			-1816.679118			0.003942
159000			-1816.679118			0.003567
160000			-1816.679118			0.003228
161000			-1816.679118			0.002921
162000			-1816.679118			0.002643
163000			-1816.679118			0.002391
164000			-1816.679118			0.002164
165000			-1816.679118			0.001958
166000			-1816.679118			0.001771
167000			-1816.679118			0.001603
168000			-1816.679118			0.001450
169000			-1816.679118			0.001312
170000			-1816.679118			0.001187
171000			-1816.679118			0.001074
Iteration: 5
Step			Log-likelihood			Temperature
1			-32391.067786			99900.000000
1000			-25678.711181			36769.542477
2000			-27492.406994			23501.721022
3000			-30246.271923			21265.130236
4000			-26744.499952			19241.389323
5000			-27694.532761			17410.241977
6000			-27189.992426			15753.359626
7000			-27622.339982			14254.157974
8000			-27173.531250			12897.631004
9000			-27043.953049			11670.200782
10000			-26153.962118			10559.581542
11000			-26040.554812			9554.656721
12000			-31520.118300			8645.367688
13000			-24781.073142			7822.613061
14000			-24295.495010			7078.157611
15000			-25477.042801			6404.549832
16000			-26511.149585			5795.047357
17000			-25835.558496			5243.549468
18000			-27876.675895			4744.536038
19000			-19096.621776			4293.012272
20000			-31183.728697			3884.458716
21000			-26632.505956			3514.786020
22000			-24614.901544			3180.294005
23000			-28798.460310			2877.634626
24000			-28016.126686			2603.778466
25000			-27551.501845			2355.984403
26000			-27364.450360			2131.772185
27000			-26716.785130			1928.897594
28000			-27881.824756			1745.329992
29000			-27926.490394			1579.231987
30000			-26524.183006			1428.941048
31000			-22869.132167			1292.952863
32000			-26847.835308			1169.906280
33000			-20711.850273			1058.569685
34000			-24205.937961			957.828671
35000			-17528.040191			866.674888
36000			-15147.164102			784.195947
37000			-20894.026577			709.566288
38000			-18648.173670			642.038917
39000			-18455.081906			580.937931
40000			-16879.466028			525.651749
41000			-16028.106295			475.626993
42000			-13591.149655			430.362949
43000			-10977.926111			389.406552
44000			-13208.050773			352.347857
45000			-14108.790976			318.815931
46000			-12427.467729			288.475142
47000			-11080.768769			261.021797
48000			-9813.332193			236.181108
49000			-9985.497080			213.704435
50000			-11126.633621			193.366803
51000			-10729.847353			174.964643
52000			-9602.486061			158.313765
53000			-8848.140022			143.247502
54000			-6809.564801			129.615051
55000			-8311.935217			117.279962
56000			-7874.309786			106.118767
57000			-7688.140819			96.019751
58000			-7558.439444			86.881830
59000			-5635.033786			78.613537
60000			-5384.841041			71.132114
61000			-5558.123117			64.362677
62000			-5035.611537			58.237467
63000			-4481.177460			52.695176
64000			-3924.550154			47.680328
65000			-3980.308171			43.142730
66000			-4013.268615			39.036961
67000			-3653.462785			35.321926
68000			-3613.623475			31.960441
69000			-3466.997699			28.918858
70000			-2768.318757			26.166734
71000			-2868.930092			23.676522
72000			-2760.859330			21.423296
73000			-2610.987641			19.384503
74000			-2597.546604			17.539736
75000			-2607.064408			15.870530
76000			-2470.601502			14.360177
77000			-2506.678845			12.993561
78000			-2398.672590			11.757001
79000			-2385.392820			10.638121
80000			-2163.817992			9.625722
81000			-2167.579959			8.709670
82000			-2086.036483			7.880796
83000			-1983.592544			7.130803
84000			-1913.399474			6.452185
85000			-1919.090804			5.838150
86000			-1860.280395			5.282550
87000			-1795.778655			4.779825
88000			-1788.190215			4.324943
89000			-1788.190215			3.913350
90000			-1786.293105			3.540928
91000			-1797.675765			3.203948
92000			-1793.913799			2.899038
93000			-1778.736919			2.623145
94000			-1790.087325			2.373508
95000			-1790.119579			2.147628
96000			-1786.325359			1.943244
97000			-1782.531139			1.758311
98000			-1782.531139			1.590978
99000			-1767.354259			1.439569
100000			-1769.251369			1.302570
101000			-1771.148479			1.178608
102000			-1767.354259			1.066443
103000			-1769.251369			0.964953
104000			-1767.354259			0.873121
105000			-1765.457149			0.790029
106000			-1767.354259			0.714844
107000			-1767.354259			0.646814
108000			-1763.560039			0.585259
109000			-1731.309169			0.529561
110000			-1731.309169			0.479165
111000			-1731.309169			0.433564
112000			-1731.309169			0.392303
113000			-1729.412059			0.354969
114000			-1729.412059			0.321187
115000			-1727.514949			0.290621
116000			-1727.514949			0.262963
117000			-1727.514949			0.237938
118000			-1727.514949			0.215294
119000			-1727.514949			0.194805
120000			-1727.514949			0.176266
121000			-1727.514949			0.159491
122000			-1727.514949			0.144313
123000			-1727.514949			0.130579
124000			-1727.514949			0.118152
125000			-1727.514949			0.106908
126000			-1727.514949			0.096734
127000			-1727.514949			0.087528
128000			-1727.514949			0.079198
129000			-1727.514949			0.071661
130000			-1727.514949			0.064841
131000			-1727.514949			0.058671
132000			-1727.514949			0.053087
133000			-1727.514949			0.048035
134000			-1727.514949			0.043464
135000			-1727.514949			0.039327
136000			-1727.514949			0.035585
137000			-1727.514949			0.032198
138000			-1727.514949			0.029134
139000			-1727.514949			0.026361
140000			-1727.514949			0.023853
141000			-1727.514949			0.021583
142000			-1727.514949			0.019529
143000			-1727.514949			0.017670
144000			-1727.514949			0.015989
145000			-1727.514949			0.014467
146000			-1727.514949			0.013090
147000			-1727.514949			0.011844
148000			-1727.514949			0.010717
149000			-1727.514949			0.009697
150000			-1727.514949			0.008774
151000			-1727.514949			0.007939
152000			-1727.514949			0.007184
153000			-1727.514949			0.006500
154000			-1727.514949			0.005882
155000			-1727.514949			0.005322
156000			-1727.514949			0.004815
157000			-1727.514949			0.004357
158000			-1727.514949			0.003942
159000			-1727.514949			0.003567
160000			-1727.514949			0.003228
161000			-1727.514949			0.002921
162000			-1727.514949			0.002643
163000			-1727.514949			0.002391
164000			-1727.514949			0.002164
165000			-1727.514949			0.001958
166000			-1727.514949			0.001771
167000			-1727.514949			0.001603
168000			-1727.514949			0.001450
169000			-1727.514949			0.001312
170000			-1727.514949			0.001187
171000			-1727.514949			0.001074
Iteration: 6
Step			Log-likelihood			Temperature
1			-32458.815438			99900.000000
1000			-29899.745863			36769.542477
2000			-29412.414371			23501.721022
3000			-30218.777035			21265.130236
4000			-29695.315371			19241.389323
5000			-17667.611099			17410.241977
6000			-30433.622586			15753.359626
7000			-28909.143595			14254.157974
8000			-29789.546378			12897.631004
9000			-26103.180017			11670.200782
10000			-30113.307118			10559.581542
11000			-30492.180808			9554.656721
12000			-31900.721994			8645.367688
13000			-27788.027779			7822.613061
14000			-27446.140366			7078.157611
15000			-29671.233502			6404.549832
16000			-27506.745287			5795.047357
17000			-29300.077266			5243.549468
18000			-29271.239415			4744.536038
19000			-28079.731170			4293.012272
20000			-24932.003353			3884.458716
21000			-26565.591053			3514.786020
22000			-29583.444550			3180.294005
23000			-25126.540679			2877.634626
24000			-28990.241363			2603.778466
25000			-27940.984114			2355.984403
26000			-28158.764722			2131.772185
27000			-25237.760594			1928.897594
28000			-28785.159965			1745.329992
29000			-30728.771248			1579.231987
30000			-21801.243869			1428.941048
31000			-24482.754752			1292.952863
32000			-22103.937039			1169.906280
33000			-19692.707191			1058.569685
34000			-20650.853390			957.828671
35000			-20795.394375			866.674888
36000			-21445.666289			784.195947
37000			-18674.281663			709.566288
38000			-17119.868206			642.038917
39000			-16831.645399			580.937931
40000			-15422.394639			525.651749
41000			-15959.373524			475.626993
42000			-14154.051910			430.362949
43000			-16026.147736			389.406552
44000			-11758.729091			352.347857
45000			-13049.312188			318.815931
46000			-14854.654377			288.475142
47000			-12371.237589			261.021797
48000			-12006.493935			236.181108
49000			-9905.017965			213.704435
50000			-10924.334909			193.366803
51000			-10006.107262			174.964643
52000			-9225.755830			158.313765
53000			-9211.095004			143.247502
54000			-9523.086044			129.615051
55000			-8941.511866			117.279962
56000			-9326.399420			106.118767
57000			-7935.823640			96.019751
58000			-7127.692879			86.881830
59000			-7096.984332			78.613537
60000			-6728.719221			71.132114
61000			-6040.428923			64.362677
62000			-5233.775978			58.237467
63000			-4551.106664			52.695176
64000			-4607.407149			47.680328
65000			-4003.970746			43.142730
66000			-3623.490227			39.036961
67000			-3576.739798			35.321926
68000			-3528.634728			31.960441
69000			-3447.058998			28.918858
70000			-3282.042683			26.166734
71000			-2853.876387			23.676522
72000			-2560.533914			21.423296
73000			-2549.151254			19.384503
74000			-2463.781304			17.539736
75000			-2515.519328			15.870530
76000			-2502.271811			14.360177
77000			-2443.429148			12.993561
78000			-2256.163567			11.757001
79000			-2170.825871			10.638121
80000			-2102.497659			9.625722
81000			-2157.513848			8.709670
82000			-2159.443211			7.880796
83000			-2167.031651			7.130803
84000			-2163.237431			6.452185
85000			-2140.472112			5.838150
86000			-1901.943707			5.282550
87000			-1900.046597			4.779825
88000			-1884.869717			4.324943
89000			-1882.972607			3.913350
90000			-1877.281277			3.540928
91000			-1882.972607			3.203948
92000			-1871.589947			2.899038
93000			-1875.351914			2.623145
94000			-1873.454804			2.373508
95000			-1865.898617			2.147628
96000			-1860.207287			1.943244
97000			-1820.367978			1.758311
98000			-1824.129944			1.590978
99000			-1818.438614			1.439569
100000			-1816.573758			1.302570
101000			-1816.573758			1.178608
102000			-1812.779538			1.066443
103000			-1812.779538			0.964953
104000			-1805.191098			0.873121
105000			-1808.985318			0.790029
106000			-1801.396878			0.714844
107000			-1799.499768			0.646814
108000			-1801.396878			0.585259
109000			-1801.396878			0.529561
110000			-1795.705548			0.479165
111000			-1795.705548			0.433564
112000			-1797.602658			0.392303
113000			-1797.602658			0.354969
114000			-1793.808438			0.321187
115000			-1793.808438			0.290621
116000			-1793.808438			0.262963
117000			-1793.808438			0.237938
118000			-1793.808438			0.215294
119000			-1793.808438			0.194805
120000			-1793.808438			0.176266
121000			-1793.808438			0.159491
122000			-1793.808438			0.144313
123000			-1793.808438			0.130579
124000			-1793.808438			0.118152
125000			-1793.808438			0.106908
126000			-1793.808438			0.096734
127000			-1793.808438			0.087528
128000			-1793.808438			0.079198
129000			-1793.808438			0.071661
130000			-1793.808438			0.064841
131000			-1793.808438			0.058671
132000			-1793.808438			0.053087
133000			-1793.808438			0.048035
134000			-1793.808438			0.043464
135000			-1793.808438			0.039327
136000			-1793.808438			0.035585
137000			-1793.808438			0.032198
138000			-1793.808438			0.029134
139000			-1793.808438			0.026361
140000			-1793.808438			0.023853
141000			-1793.808438			0.021583
142000			-1793.808438			0.019529
143000			-1793.808438			0.017670
144000			-1793.808438			0.015989
145000			-1793.808438			0.014467
146000			-1793.808438			0.013090
147000			-1793.808438			0.011844
148000			-1793.808438			0.010717
149000			-1793.808438			0.009697
150000			-1793.808438			0.008774
151000			-1793.808438			0.007939
152000			-1793.808438			0.007184
153000			-1793.808438			0.006500
154000			-1793.808438			0.005882
155000			-1793.808438			0.005322
156000			-1793.808438			0.004815
157000			-1793.808438			0.004357
158000			-1793.808438			0.003942
159000			-1793.808438			0.003567
160000			-1793.808438			0.003228
161000			-1793.808438			0.002921
162000			-1793.808438			0.002643
163000			-1793.808438			0.002391
164000			-1793.808438			0.002164
165000			-1793.808438			0.001958
166000			-1793.808438			0.001771
167000			-1793.808438			0.001603
168000			-1793.808438			0.001450
169000			-1793.808438			0.001312
170000			-1793.808438			0.001187
171000			-1793.808438			0.001074
Iteration: 7
Step			Log-likelihood			Temperature
1			-31378.952241			99900.000000
1000			-29366.373516			36769.542477
2000			-28531.952920			23501.721022
3000			-25085.255807			21265.130236
4000			-26407.814229			19241.389323
5000			-29171.519495			17410.241977
6000			-30788.871793			15753.359626
7000			-31697.156504			14254.157974
8000			-28085.706941			12897.631004
9000			-29189.335312			11670.200782
10000			-27189.702145			10559.581542
11000			-30578.163571			9554.656721
12000			-29731.644902			8645.367688
13000			-27489.961577			7822.613061
14000			-26939.386227			7078.157611
15000			-29942.417631			6404.549832
16000			-28575.633440			5795.047357
17000			-25909.261344			5243.549468
18000			-30110.518592			4744.536038
19000			-28345.745861			4293.012272
20000			-22986.779400			3884.458716
21000			-29925.176535			3514.786020
22000			-31004.045716			3180.294005
23000			-27925.534471			2877.634626
24000			-24385.409904			2603.778466
25000			-28180.621108			2355.984403
26000			-25664.959289			2131.772185
27000			-28743.804746			1928.897594
28000			-25722.963364			1745.329992
29000			-28358.541831			1579.231987
30000			-27976.583495			1428.941048
31000			-19856.453946			1292.952863
32000			-24195.027423			1169.906280
33000			-20829.938293			1058.569685
34000			-25463.141320			957.828671
35000			-21372.769775			866.674888
36000			-23181.994048			784.195947
37000			-18230.706874			709.566288
38000			-15448.405871			642.038917
39000			-17076.739052			580.937931
40000			-16704.776482			525.651749
41000			-14716.649149			475.626993
42000			-14804.153660			430.362949
43000			-15632.915179			389.406552
44000			-13145.006275			352.347857
45000			-12559.922319			318.815931
46000			-10996.999810			288.475142
47000			-13987.176577			261.021797
48000			-12113.359645			236.181108
49000			-11164.622810			213.704435
50000			-10888.785298			193.366803
51000			-10317.470752			174.964643
52000			-9786.112850			158.313765
53000			-7755.023469			143.247502
54000			-8067.498310			129.615051
55000			-6971.845419			117.279962
56000			-6776.759785			106.118767
57000			-6982.453997			96.019751
58000			-6879.300484			86.881830
59000			-6975.408026			78.613537
60000			-6958.785583			71.132114
61000			-5852.814393			64.362677
62000			-4903.620173			58.237467
63000			-5241.751458			52.695176
64000			-4338.184637			47.680328
65000			-3844.006532			43.142730
66000			-3822.719029			39.036961
67000			-3795.933715			35.321926
68000			-3561.337144			31.960441
69000			-3260.148204			28.918858
70000			-3232.078595			26.166734
71000			-3109.088980			23.676522
72000			-2987.641687			21.423296
73000			-2699.377730			19.384503
74000			-2443.912949			17.539736
75000			-2442.015839			15.870530
76000			-2247.290832			14.360177
77000			-2192.306895			12.993561
78000			-2216.969325			11.757001
79000			-2201.792445			10.638121
80000			-2108.801803			9.625722
81000			-2070.891856			8.709670
82000			-2070.891856			7.880796
83000			-2063.303416			7.130803
84000			-2078.480296			6.452185
85000			-2068.994746			5.838150
86000			-2086.068736			5.282550
87000			-2068.994746			4.779825
88000			-2017.772777			4.324943
89000			-2021.566997			3.913350
90000			-2004.493007			3.540928
91000			-2012.081447			3.203948
92000			-1977.933467			2.899038
93000			-1974.139247			2.623145
94000			-1979.830577			2.373508
95000			-1958.962367			2.147628
96000			-1960.859477			1.943244
97000			-1960.859477			1.758311
98000			-1911.534618			1.590978
99000			-1903.946178			1.439569
100000			-1902.049068			1.302570
101000			-1896.357738			1.178608
102000			-1892.563518			1.066443
103000			-1890.666408			0.964953
104000			-1888.769298			0.873121
105000			-1886.872188			0.790029
106000			-1884.975078			0.714844
107000			-1883.077968			0.646814
108000			-1881.180858			0.585259
109000			-1881.180858			0.529561
110000			-1881.180858			0.479165
111000			-1881.180858			0.433564
112000			-1881.180858			0.392303
113000			-1807.193568			0.354969
114000			-1807.193568			0.321187
115000			-1803.399348			0.290621
116000			-1803.399348			0.262963
117000			-1803.399348			0.237938
118000			-1803.399348			0.215294
119000			-1803.399348			0.194805
120000			-1803.399348			0.176266
121000			-1771.148479			0.159491
122000			-1771.148479			0.144313
123000			-1771.148479			0.130579
124000			-1771.148479			0.118152
125000			-1771.148479			0.106908
126000			-1771.148479			0.096734
127000			-1771.148479			0.087528
128000			-1771.148479			0.079198
129000			-1771.148479			0.071661
130000			-1771.148479			0.064841
131000			-1771.148479			0.058671
132000			-1771.148479			0.053087
133000			-1771.148479			0.048035
134000			-1771.148479			0.043464
135000			-1771.148479			0.039327
136000			-1771.148479			0.035585
137000			-1771.148479			0.032198
138000			-1771.148479			0.029134
139000			-1771.148479			0.026361
140000			-1771.148479			0.023853
141000			-1771.148479			0.021583
142000			-1771.148479			0.019529
143000			-1771.148479			0.017670
144000			-1771.148479			0.015989
145000			-1771.148479			0.014467
146000			-1771.148479			0.013090
147000			-1771.148479			0.011844
148000			-1771.148479			0.010717
149000			-1771.148479			0.009697
150000			-1771.148479			0.008774
151000			-1771.148479			0.007939
152000			-1771.148479			0.007184
153000			-1771.148479			0.006500
154000			-1771.148479			0.005882
155000			-1771.148479			0.005322
156000			-1771.148479			0.004815
157000			-1771.148479			0.004357
158000			-1771.148479			0.003942
159000			-1771.148479			0.003567
160000			-1771.148479			0.003228
161000			-1771.148479			0.002921
162000			-1771.148479			0.002643
163000			-1771.148479			0.002391
164000			-1771.148479			0.002164
165000			-1769.251369			0.001958
166000			-1769.251369			0.001771
167000			-1769.251369			0.001603
168000			-1769.251369			0.001450
169000			-1769.251369			0.001312
170000			-1769.251369			0.001187
171000			-1769.251369			0.001074
Iteration: 8
Step			Log-likelihood			Temperature
1			-31329.530621			99900.000000
1000			-29537.069483			36769.542477
2000			-30477.390968			23501.721022
3000			-29600.272191			21265.130236
4000			-26637.261938			19241.389323
5000			-22931.279410			17410.241977
6000			-29127.117723			15753.359626
7000			-28888.495320			14254.157974
8000			-25521.353652			12897.631004
9000			-29091.002288			11670.200782
10000			-29518.872464			10559.581542
11000			-25136.375177			9554.656721
12000			-22955.173598			8645.367688
13000			-30631.933557			7822.613061
14000			-26054.253876			7078.157611
15000			-29415.666122			6404.549832
16000			-29185.605599			5795.047357
17000			-27870.984565			5243.549468
18000			-21491.106008			4744.536038
19000			-28349.727763			4293.012272
20000			-27936.603494			3884.458716
21000			-28920.408920			3514.786020
22000			-25883.314618			3180.294005
23000			-27966.098091			2877.634626
24000			-27739.884616			2603.778466
25000			-26495.609021			2355.984403
26000			-26078.549841			2131.772185
27000			-27032.978005			1928.897594
28000			-29153.735931			1745.329992
29000			-24184.113828			1579.231987
30000			-20555.191557			1428.941048
31000			-23132.094466			1292.952863
32000			-18260.186735			1169.906280
33000			-19041.734600			1058.569685
34000			-22901.280438			957.828671
35000			-20419.347304			866.674888
36000			-14806.798437			784.195947
37000			-16704.066907			709.566288
38000			-17866.188994			642.038917
39000			-16208.466596			580.937931
40000			-12898.915845			525.651749
41000			-14498.305498			475.626993
42000			-14279.513357			430.362949
43000			-11934.482999			389.406552
44000			-12048.781720			352.347857
45000			-11920.602093			318.815931
46000			-12507.694655			288.475142
47000			-11190.117988			261.021797
48000			-10705.484101			236.181108
49000			-11458.399313			213.704435
50000			-10724.449362			193.366803
51000			-9593.343620			174.964643
52000			-10266.715065			158.313765
53000			-8989.836871			143.247502
54000			-9302.763259			129.615051
55000			-8687.595248			117.279962
56000			-7827.210409			106.118767
57000			-7576.662878			96.019751
58000			-6823.199358			86.881830
59000			-6228.565345			78.613537
60000			-6351.689813			71.132114
61000			-5693.779689			64.362677
62000			-5111.399177			58.237467
63000			-4263.042065			52.695176
64000			-4083.171404			47.680328
65000			-3872.463182			43.142730
66000			-3978.572328			39.036961
67000			-3929.828029			35.321926
68000			-3670.665788			31.960441
69000			-3452.369127			28.918858
70000			-3140.823795			26.166734
71000			-3311.660454			23.676522
72000			-3174.907268			21.423296
73000			-2655.413182			19.384503
74000			-2585.744651			17.539736
75000			-2519.378055			15.870530
76000			-2336.067960			14.360177
77000			-2343.656400			12.993561
78000			-2320.762067			11.757001
79000			-2256.260327			10.638121
80000			-2260.054547			9.625722
81000			-2032.917403			8.709670
82000			-1987.386764			7.880796
83000			-1953.238784			7.130803
84000			-1955.168147			6.452185
85000			-1958.962367			5.838150
86000			-1953.271037			5.282550
87000			-1949.444564			4.779825
88000			-1951.341674			4.324943
89000			-1949.444564			3.913350
90000			-1951.341674			3.540928
91000			-1941.856124			3.203948
92000			-1858.383285			2.899038
93000			-1809.058425			2.623145
94000			-1809.058425			2.373508
95000			-1788.222469			2.147628
96000			-1790.119579			1.943244
97000			-1792.016689			1.758311
98000			-1793.913799			1.590978
99000			-1788.222469			1.439569
100000			-1744.588939			1.302570
101000			-1742.691829			1.178608
102000			-1740.794719			1.066443
103000			-1737.000499			0.964953
104000			-1737.000499			0.873121
105000			-1737.000499			0.790029
106000			-1737.000499			0.714844
107000			-1737.000499			0.646814
108000			-1737.000499			0.585259
109000			-1737.000499			0.529561
110000			-1735.103389			0.479165
111000			-1735.103389			0.433564
112000			-1735.103389			0.392303
113000			-1735.103389			0.354969
114000			-1735.103389			0.321187
115000			-1735.103389			0.290621
116000			-1735.103389			0.262963
117000			-1735.103389			0.237938
118000			-1733.206279			0.215294
119000			-1733.206279			0.194805
120000			-1733.206279			0.176266
121000			-1733.206279			0.159491
122000			-1733.206279			0.144313
123000			-1733.206279			0.130579
124000			-1733.206279			0.118152
125000			-1733.206279			0.106908
126000			-1733.206279			0.096734
127000			-1733.206279			0.087528
128000			-1733.206279			0.079198
129000			-1733.206279			0.071661
130000			-1733.206279			0.064841
131000			-1733.206279			0.058671
132000			-1733.206279			0.053087
133000			-1733.206279			0.048035
134000			-1733.206279			0.043464
135000			-1733.206279			0.039327
136000			-1733.206279			0.035585
137000			-1733.206279			0.032198
138000			-1733.206279			0.029134
139000			-1733.206279			0.026361
140000			-1733.206279			0.023853
141000			-1733.206279			0.021583
142000			-1733.206279			0.019529
143000			-1733.206279			0.017670
144000			-1733.206279			0.015989
145000			-1733.206279			0.014467
146000			-1733.206279			0.013090
147000			-1733.206279			0.011844
148000			-1733.206279			0.010717
149000			-1733.206279			0.009697
150000			-1733.206279			0.008774
151000			-1733.206279			0.007939
152000			-1733.206279			0.007184
153000			-1733.206279			0.006500
154000			-1733.206279			0.005882
155000			-1733.206279			0.005322
156000			-1733.206279			0.004815
157000			-1733.206279			0.004357
158000			-1733.206279			0.003942
159000			-1733.206279			0.003567
160000			-1733.206279			0.003228
161000			-1733.206279			0.002921
162000			-1733.206279			0.002643
163000			-1733.206279			0.002391
164000			-1733.206279			0.002164
165000			-1733.206279			0.001958
166000			-1733.206279			0.001771
167000			-1733.206279			0.001603
168000			-1733.206279			0.001450
169000			-1733.206279			0.001312
170000			-1733.206279			0.001187
171000			-1733.206279			0.001074
Iteration: 9
Step			Log-likelihood			Temperature
1			-33000.356786			99900.000000
1000			-30318.447184			36769.542477
2000			-25741.805450			23501.721022
3000			-28955.292888			21265.130236
4000			-28790.335241			19241.389323
5000			-26028.650259			17410.241977
6000			-30965.613877			15753.359626
7000			-23872.659418			14254.157974
8000			-28224.415904			12897.631004
9000			-24542.436002			11670.200782
10000			-27186.101446			10559.581542
11000			-26471.805754			9554.656721
12000			-31128.803428			8645.367688
13000			-26146.491013			7822.613061
14000			-28350.082550			7078.157611
15000			-28988.273907			6404.549832
16000			-23678.940104			5795.047357
17000			-28445.351504			5243.549468
18000			-28438.434546			4744.536038
19000			-28903.065225			4293.012272
20000			-26561.034430			3884.458716
21000			-28059.642880			3514.786020
22000			-26007.007969			3180.294005
23000			-26605.576893			2877.634626
24000			-26689.413417			2603.778466
25000			-22180.868283			2355.984403
26000			-28060.604642			2131.772185
27000			-27662.308305			1928.897594
28000			-23148.576217			1745.329992
29000			-18389.908685			1579.231987
30000			-24797.378890			1428.941048
31000			-26848.492053			1292.952863
32000			-26059.042112			1169.906280
33000			-20432.477486			1058.569685
34000			-22611.002035			957.828671
35000			-18807.932685			866.674888
36000			-18572.075175			784.195947
37000			-16203.473162			709.566288
38000			-17646.300239			642.038917
39000			-19143.184523			580.937931
40000			-17048.153389			525.651749
41000			-19171.582506			475.626993
42000			-11533.694255			430.362949
43000			-12590.765718			389.406552
44000			-12770.313846			352.347857
45000			-11201.667754			318.815931
46000			-13844.227686			288.475142
47000			-11824.726164			261.021797
48000			-9440.451792			236.181108
49000			-11254.813248			213.704435
50000			-9470.069563			193.366803
51000			-11933.934691			174.964643
52000			-8679.071460			158.313765
53000			-9908.645079			143.247502
54000			-7143.934120			129.615051
55000			-7562.963814			117.279962
56000			-8213.860220			106.118767
57000			-6577.633582			96.019751
58000			-7040.399405			86.881830
59000			-5625.193449			78.613537
60000			-5886.355398			71.132114
61000			-4944.324484			64.362677
62000			-4673.366129			58.237467
63000			-4929.534645			52.695176
64000			-4366.324592			47.680328
65000			-4186.002383			43.142730
66000			-3436.133725			39.036961
67000			-3451.278351			35.321926
68000			-2844.203156			31.960441
69000			-3079.477047			28.918858
70000			-2967.515305			26.166734
71000			-2760.762570			23.676522
72000			-2667.771927			21.423296
73000			-2626.100014			19.384503
74000			-2677.321984			17.539736
75000			-2561.662782			15.870530
76000			-2413.623696			14.360177
77000			-2440.150983			12.993561
78000			-2440.118729			11.757001
79000			-2392.723233			10.638121
80000			-2119.788938			9.625722
81000			-2066.669858			8.709670
82000			-2131.171598			7.880796
83000			-2148.245588			7.130803
84000			-2040.110318			6.452185
85000			-2019.242109			5.838150
86000			-2040.110318			5.282550
87000			-1996.476789			4.779825
88000			-1907.740398			4.324943
89000			-1865.971725			3.913350
90000			-1852.724208			3.540928
91000			-1847.032878			3.203948
92000			-1854.589065			2.899038
93000			-1847.000625			2.623145
94000			-1848.897735			2.373508
95000			-1843.206405			2.147628
96000			-1843.206405			1.943244
97000			-1839.412185			1.758311
98000			-1837.515075			1.590978
99000			-1835.617965			1.439569
100000			-1833.720855			1.302570
101000			-1837.547328			1.178608
102000			-1835.650218			1.066443
103000			-1833.753108			0.964953
104000			-1829.958888			0.873121
105000			-1828.061778			0.790029
106000			-1773.045589			0.714844
107000			-1773.045589			0.646814
108000			-1740.794719			0.585259
109000			-1737.000499			0.529561
110000			-1738.897609			0.479165
111000			-1738.897609			0.433564
112000			-1737.000499			0.392303
113000			-1737.000499			0.354969
114000			-1733.206279			0.321187
115000			-1733.206279			0.290621
116000			-1733.206279			0.262963
117000			-1733.206279			0.237938
118000			-1733.206279			0.215294
119000			-1733.206279			0.194805
120000			-1733.206279			0.176266
121000			-1733.206279			0.159491
122000			-1733.206279			0.144313
123000			-1733.206279			0.130579
124000			-1733.206279			0.118152
125000			-1733.206279			0.106908
126000			-1733.206279			0.096734
127000			-1733.206279			0.087528
128000			-1733.206279			0.079198
129000			-1733.206279			0.071661
130000			-1733.206279			0.064841
131000			-1733.206279			0.058671
132000			-1731.309169			0.053087
133000			-1731.309169			0.048035
134000			-1731.309169			0.043464
135000			-1731.309169			0.039327
136000			-1731.309169			0.035585
137000			-1731.309169			0.032198
138000			-1731.309169			0.029134
139000			-1731.309169			0.026361
140000			-1731.309169			0.023853
141000			-1731.309169			0.021583
142000			-1731.309169			0.019529
143000			-1731.309169			0.017670
144000			-1731.309169			0.015989
145000			-1731.309169			0.014467
146000			-1731.309169			0.013090
147000			-1731.309169			0.011844
148000			-1731.309169			0.010717
149000			-1731.309169			0.009697
150000			-1731.309169			0.008774
151000			-1731.309169			0.007939
152000			-1731.309169			0.007184
153000			-1731.309169			0.006500
154000			-1731.309169			0.005882
155000			-1731.309169			0.005322
156000			-1731.309169			0.004815
157000			-1731.309169			0.004357
158000			-1731.309169			0.003942
159000			-1731.309169			0.003567
160000			-1731.309169			0.003228
161000			-1731.309169			0.002921
162000			-1731.309169			0.002643
163000			-1731.309169			0.002391
164000			-1731.309169			0.002164
165000			-1731.309169			0.001958
166000			-1731.309169			0.001771
167000			-1731.309169			0.001603
168000			-1731.309169			0.001450
169000			-1731.309169			0.001312
170000			-1731.309169			0.001187
171000			-1731.309169			0.001074
Iteration: 10
Step			Log-likelihood			Temperature
1			-33734.887298			99900.000000
1000			-27440.437358			36769.542477
2000			-28170.856956			23501.721022
3000			-28706.249587			21265.130236
4000			-28832.517368			19241.389323
5000			-28355.521692			17410.241977
6000			-28590.493625			15753.359626
7000			-30294.242141			14254.157974
8000			-29191.484610			12897.631004
9000			-26725.103719			11670.200782
10000			-28806.866762			10559.581542
11000			-29880.425815			9554.656721
12000			-26359.064092			8645.367688
13000			-31103.630783			7822.613061
14000			-31099.185657			7078.157611
15000			-28204.101841			6404.549832
16000			-30322.059562			5795.047357
17000			-26227.078566			5243.549468
18000			-22331.959761			4744.536038
19000			-29498.740243			4293.012272
20000			-26971.282309			3884.458716
21000			-29191.065317			3514.786020
22000			-29460.035640			3180.294005
23000			-25345.761011			2877.634626
24000			-25348.669653			2603.778466
25000			-27166.910411			2355.984403
26000			-20782.915101			2131.772185
27000			-25770.531805			1928.897594
28000			-27926.613568			1745.329992
29000			-21219.792865			1579.231987
30000			-20748.702614			1428.941048
31000			-24318.286744			1292.952863
32000			-19435.075595			1169.906280
33000			-19072.088360			1058.569685
34000			-21913.979692			957.828671
35000			-20318.891396			866.674888
36000			-15350.327815			784.195947
37000			-16557.877942			709.566288
38000			-17751.212951			642.038917
39000			-13084.894052			580.937931
40000			-15450.578525			525.651749
41000			-14929.222227			475.626993
42000			-16026.983266			430.362949
43000			-13505.589244			389.406552
44000			-14591.225795			352.347857
45000			-12805.760858			318.815931
46000			-11963.455702			288.475142
47000			-12702.689368			261.021797
48000			-10961.089573			236.181108
49000			-11596.492405			213.704435
50000			-10901.918538			193.366803
51000			-8996.184947			174.964643
52000			-9767.449548			158.313765
53000			-8894.444743			143.247502
54000			-7296.870481			129.615051
55000			-7106.792415			117.279962
56000			-6542.066454			106.118767
57000			-7120.453387			96.019751
58000			-6196.534410			86.881830
59000			-5899.300956			78.613537
60000			-5411.814036			71.132114
61000			-5187.406750			64.362677
62000			-4147.253849			58.237467
63000			-4785.160766			52.695176
64000			-4749.212436			47.680328
65000			-4633.746754			43.142730
66000			-4696.061103			39.036961
67000			-3873.682971			35.321926
68000			-3349.505894			31.960441
69000			-3246.003432			28.918858
70000			-3372.916281			26.166734
71000			-3033.978661			23.676522
72000			-2840.473443			21.423296
73000			-2554.235609			19.384503
74000			-2643.335271			17.539736
75000			-2489.604856			15.870530
76000			-2491.501966			14.360177
77000			-2440.279996			12.993561
78000			-2510.505319			11.757001
79000			-2447.932943			10.638121
80000			-2201.792445			9.625722
81000			-2133.464232			8.709670
82000			-2093.624923			7.880796
83000			-2076.550933			7.130803
84000			-2032.917403			6.452185
85000			-2038.608733			5.838150
86000			-2032.917403			5.282550
87000			-2023.431853			4.779825
88000			-1974.106994			4.324943
89000			-1983.592544			3.913350
90000			-1976.004104			3.540928
91000			-1985.489654			3.203948
92000			-1970.312774			2.899038
93000			-1951.341674			2.623145
94000			-1949.444564			2.373508
95000			-1949.444564			2.147628
96000			-1951.341674			1.943244
97000			-1947.579707			1.758311
98000			-1943.785487			1.590978
99000			-1896.357738			1.439569
100000			-1848.929988			1.302570
101000			-1848.929988			1.178608
102000			-1847.032878			1.066443
103000			-1847.032878			0.964953
104000			-1847.032878			0.873121
105000			-1845.135768			0.790029
106000			-1841.341548			0.714844
107000			-1841.341548			0.646814
108000			-1841.341548			0.585259
109000			-1843.238658			0.529561
110000			-1829.958888			0.479165
111000			-1784.428249			0.433564
112000			-1782.531139			0.392303
113000			-1782.531139			0.354969
114000			-1782.531139			0.321187
115000			-1782.531139			0.290621
116000			-1782.531139			0.262963
117000			-1782.531139			0.237938
118000			-1782.531139			0.215294
119000			-1782.531139			0.194805
120000			-1782.531139			0.176266
121000			-1782.531139			0.159491
122000			-1782.531139			0.144313
123000			-1782.531139			0.130579
124000			-1782.531139			0.118152
125000			-1782.531139			0.106908
126000			-1782.531139			0.096734
127000			-1782.531139			0.087528
128000			-1782.531139			0.079198
129000			-1782.531139			0.071661
130000			-1782.531139			0.064841
131000			-1782.531139			0.058671
132000			-1782.531139			0.053087
133000			-1782.531139			0.048035
134000			-1782.531139			0.043464
135000			-1782.531139			0.039327
136000			-1782.531139			0.035585
137000			-1782.531139			0.032198
138000			-1782.531139			0.029134
139000			-1782.531139			0.026361
140000			-1782.531139			0.023853
141000			-1782.531139			0.021583
142000			-1782.531139			0.019529
143000			-1782.531139			0.017670
144000			-1782.531139			0.015989
145000			-1782.531139			0.014467
146000			-1782.531139			0.013090
147000			-1782.531139			0.011844
148000			-1782.531139			0.010717
149000			-1782.531139			0.009697
150000			-1782.531139			0.008774
151000			-1782.531139			0.007939
152000			-1782.531139			0.007184
153000			-1782.531139			0.006500
154000			-1782.531139			0.005882
155000			-1782.531139			0.005322
156000			-1782.531139			0.004815
157000			-1782.531139			0.004357
158000			-1782.531139			0.003942
159000			-1782.531139			0.003567
160000			-1782.531139			0.003228
161000			-1782.531139			0.002921
162000			-1782.531139			0.002643
163000			-1782.531139			0.002391
164000			-1782.531139			0.002164
165000			-1780.634029			0.001958
166000			-1780.634029			0.001771
167000			-1780.634029			0.001603
168000			-1780.634029			0.001450
169000			-1780.634029			0.001312
170000			-1780.634029			0.001187
171000			-1780.634029			0.001074

Maximum likelihood Tree found: -1706.646739
digraph g {
	"60" -> "61";
	"61" [label="22"];
	"59" -> "60";
	"60" [color=indianred1, style=filled, label="34"];
	"60" [label="34"];
	"58" -> "59";
	"59" [color=indianred1, style=filled, label="28"];
	"59" [label="28"];
	"56" -> "57";
	"57" [label="35"];
	"55" -> "56";
	"56" [label="14"];
	"54" -> "55";
	"55" [label="44"];
	"53" -> "54";
	"54" [label="12"];
	"52" -> "53";
	"53" [label="45"];
	"51" -> "52";
	"52" [label="24"];
	"50" -> "51";
	"51" [label="19"];
	"49" -> "50";
	"50" [label="32"];
	"48" -> "49";
	"49" [label="9"];
	"46" -> "47";
	"47" [label="2"];
	"45" -> "46";
	"46" [label="41"];
	"44" -> "45";
	"45" [label="11"];
	"43" -> "44";
	"44" [color=indianred1, style=filled, label="5"];
	"44" [label="5"];
	"42" -> "43";
	"43" [color=indianred1, style=filled, label="15"];
	"43" [label="15"];
	"41" -> "42";
	"42" [label="21"];
	"39" -> "40";
	"40" [label="43"];
	"38" -> "39";
	"39" [label="46"];
	"37" -> "38";
	"38" [color=indianred1, style=filled, label="36"];
	"38" [label="36"];
	"36" -> "37";
	"37" [color=indianred1, style=filled, label="6"];
	"37" [label="6"];
	"35" -> "36";
	"36" [color=indianred1, style=filled, label="10"];
	"36" [label="10"];
	"35" -> "41";
	"41" [color=indianred1, style=filled, label="33"];
	"41" [label="33"];
	"34" -> "35";
	"35" [color=indianred1, style=filled, label="20"];
	"35" [label="20"];
	"33" -> "34";
	"34" [label="33"];
	"32" -> "33";
	"33" [label="38"];
	"30" -> "31";
	"31" [label="18"];
	"29" -> "30";
	"30" [label="27"];
	"28" -> "29";
	"29" [label="49"];
	"27" -> "28";
	"28" [label="29"];
	"26" -> "27";
	"27" [label="1"];
	"25" -> "26";
	"26" [label="3"];
	"24" -> "25";
	"25" [label="31"];
	"23" -> "24";
	"24" [label="4"];
	"22" -> "23";
	"23" [color=indianred1, style=filled, label="25"];
	"23" [label="25"];
	"21" -> "22";
	"22" [label="8"];
	"20" -> "21";
	"21" [label="40"];
	"19" -> "20";
	"20" [label="26"];
	"18" -> "19";
	"19" [label="50"];
	"17" -> "18";
	"18" [label="17"];
	"17" -> "32";
	"32" [label="15"];
	"16" -> "17";
	"17" [label="10"];
	"15" -> "16";
	"16" [label="5"];
	"14" -> "15";
	"15" [label="20"];
	"13" -> "14";
	"14" [label="36"];
	"12" -> "13";
	"13" [label="47"];
	"11" -> "12";
	"12" [label="7"];
	"10" -> "11";
	"11" [label="30"];
	"9" -> "10";
	"10" [label="13"];
	"9" -> "48";
	"48" [label="42"];
	"8" -> "9";
	"9" [label="16"];
	"8" -> "58";
	"58" [color=indianred1, style=filled, label="48"];
	"58" [label="48"];
	"7" -> "8";
	"8" [label="37"];
	"6" -> "7";
	"7" [label="25"];
	"5" -> "6";
	"6" [label="39"];
	"4" -> "5";
	"5" [label="23"];
	"3" -> "4";
	"4" [label="28"];
	"2" -> "3";
	"3" [label="34"];
	"1" -> "2";
	"2" [label="48"];
	"0" -> "1";
	"1" [label="6"];
	"0" [label="germline"];
	labelloc="t";
	label="Confidence score: -1706.646739";
}
Best cell assignment:
57 25 8 57 8 61 61 47 28 57 56 58 7 7 25 31 44 31 26 8 40 47 40 58 47 14 47 57 29 14 31 47 8 14 31 6 55 8 61 30 31 26 31 30 5 57 7 28 26 57 29 57 40 40 47 47 31 61 55 46 26 30 26 30 31 8 56 26 30 31 40 30 61 46 57 61 53 26 57 61 26 46 46 14 25 25 47 39 7 40 40 30 61 47 57 61 7 39 55 12 57 26 57 26 31 60 26 6 57 26 61 56 47 46 30 14 8 57 61 30 58 26 57 61 57 61 12 59 8 57 40 8 40 8 30 7 40 31 8 30 15 47 60 30 29 7 39 13 30 14 8 26 61 58 40 61 26 30 30 39 26 46 40 30 14 61 7 26 57 26 14 14 40 31 25 8 45 40 39 61 31 8 26 30 31 61 61 8 47 56 40 61 31 40 30 61 8 61 6 47 11 24 26 26 14 26 14 47 13 46 59 29 39 29 14 61 30 40 46 26 30 59 40 40 27 14 57 30 45 14 31 30 31 26 47 31 47 30 57 7 40 47 30 7 13 57 13 30 40 30 
alpha: 0.150000
beta: 0.000010
gamma: 1.000000
delta: 0.887000
