Starting SASC.
Iteration: 1
Step			Log-likelihood			Temperature
1			-20330.973138			99900.000000
1000			-17486.117276			36769.542477
2000			-18603.497540			23501.721022
3000			-19986.484880			21265.130236
4000			-20113.295129			19241.389323
5000			-19147.366970			17410.241977
6000			-18005.570625			15753.359626
7000			-18056.502314			14254.157974
8000			-16704.003586			12897.631004
9000			-17109.603922			11670.200782
10000			-18067.034708			10559.581542
11000			-17720.300392			9554.656721
12000			-18768.648708			8645.367688
13000			-16863.237651			7822.613061
14000			-19105.055828			7078.157611
15000			-15972.337785			6404.549832
16000			-19900.631130			5795.047357
17000			-19754.263381			5243.549468
18000			-18658.164781			4744.536038
19000			-15954.598153			4293.012272
20000			-17389.473105			3884.458716
21000			-18555.662175			3514.786020
22000			-18457.915550			3180.294005
23000			-18923.024191			2877.634626
24000			-17124.619535			2603.778466
25000			-20444.500560			2355.984403
26000			-18230.875166			2131.772185
27000			-18574.917716			1928.897594
28000			-18170.194060			1745.329992
29000			-20027.840098			1579.231987
30000			-14674.054752			1428.941048
31000			-17806.186395			1292.952863
32000			-17808.631812			1169.906280
33000			-20390.525375			1058.569685
34000			-16835.103535			957.828671
35000			-16860.642645			866.674888
36000			-18564.018856			784.195947
37000			-16766.640469			709.566288
38000			-17755.474640			642.038917
39000			-15436.294247			580.937931
40000			-14656.587883			525.651749
41000			-14060.074277			475.626993
42000			-15154.410619			430.362949
43000			-13122.520743			389.406552
44000			-12297.052126			352.347857
45000			-12200.548647			318.815931
46000			-13304.267939			288.475142
47000			-12317.975945			261.021797
48000			-11690.284728			236.181108
49000			-11630.738330			213.704435
50000			-10915.803410			193.366803
51000			-10450.800426			174.964643
52000			-10355.138593			158.313765
53000			-8484.676011			143.247502
54000			-10234.949182			129.615051
55000			-7458.802734			117.279962
56000			-7199.285707			106.118767
57000			-6589.958615			96.019751
58000			-7096.352128			86.881830
59000			-5189.064536			78.613537
60000			-4309.069369			71.132114
61000			-4616.266334			64.362677
62000			-3607.493462			58.237467
63000			-3470.391328			52.695176
64000			-3108.688389			47.680328
65000			-2892.514610			43.142730
66000			-2697.789603			39.036961
67000			-2559.332827			35.321926
68000			-2544.155947			31.960441
69000			-2726.278506			28.918858
70000			-2788.883135			26.166734
71000			-2460.134801			23.676522
72000			-2193.900174			21.423296
73000			-2174.929075			19.384503
74000			-2055.411145			17.539736
75000			-2053.514036			15.870530
76000			-1966.246976			14.360177
77000			-1907.436567			12.993561
78000			-1875.185697			11.757001
79000			-1960.555646			10.638121
80000			-1797.404188			9.625722
81000			-1704.445798			8.709670
82000			-1655.120939			7.880796
83000			-1651.326719			7.130803
84000			-1643.738279			6.452185
85000			-1579.236539			5.838150
86000			-1596.310529			5.282550
87000			-1471.391551			4.779825
88000			-1494.156870			4.324943
89000			-1477.082880			3.913350
90000			-1467.597331			3.540928
91000			-1477.082880			3.203948
92000			-1471.391551			2.899038
93000			-1478.979990			2.623145
94000			-1467.597331			2.373508
95000			-1461.906001			2.147628
96000			-1458.111781			1.943244
97000			-1454.317561			1.758311
98000			-1429.655131			1.590978
99000			-1429.655131			1.439569
100000			-1427.758021			1.302570
101000			-1397.404261			1.178608
102000			-1397.404261			1.066443
103000			-1397.404261			0.964953
104000			-1395.507151			0.873121
105000			-1340.490962			0.790029
106000			-1257.018122			0.714844
107000			-1257.018122			0.646814
108000			-1255.121012			0.585259
109000			-1255.121012			0.529561
110000			-1255.121012			0.479165
111000			-1255.121012			0.433564
112000			-1255.121012			0.392303
113000			-1255.121012			0.354969
114000			-1255.121012			0.321187
115000			-1253.223902			0.290621
116000			-1253.223902			0.262963
117000			-1253.223902			0.237938
118000			-1253.223902			0.215294
119000			-1253.223902			0.194805
120000			-1253.223902			0.176266
121000			-1253.223902			0.159491
122000			-1253.223902			0.144313
123000			-1253.223902			0.130579
124000			-1253.223902			0.118152
125000			-1253.223902			0.106908
126000			-1253.223902			0.096734
127000			-1253.223902			0.087528
128000			-1249.429682			0.079198
129000			-1190.619273			0.071661
130000			-1190.619273			0.064841
131000			-1190.619273			0.058671
132000			-1190.619273			0.053087
133000			-1190.619273			0.048035
134000			-1190.619273			0.043464
135000			-1190.619273			0.039327
136000			-1190.619273			0.035585
137000			-1190.619273			0.032198
138000			-1190.619273			0.029134
139000			-1190.619273			0.026361
140000			-1190.619273			0.023853
141000			-1190.619273			0.021583
142000			-1190.619273			0.019529
143000			-1190.619273			0.017670
144000			-1190.619273			0.015989
145000			-1190.619273			0.014467
146000			-1190.619273			0.013090
147000			-1190.619273			0.011844
148000			-1190.619273			0.010717
149000			-1190.619273			0.009697
150000			-1190.619273			0.008774
151000			-1190.619273			0.007939
152000			-1190.619273			0.007184
153000			-1190.619273			0.006500
154000			-1190.619273			0.005882
155000			-1190.619273			0.005322
156000			-1190.619273			0.004815
157000			-1190.619273			0.004357
158000			-1190.619273			0.003942
159000			-1190.619273			0.003567
160000			-1190.619273			0.003228
161000			-1190.619273			0.002921
162000			-1190.619273			0.002643
163000			-1190.619273			0.002391
164000			-1190.619273			0.002164
165000			-1190.619273			0.001958
166000			-1190.619273			0.001771
167000			-1190.619273			0.001603
168000			-1190.619273			0.001450
169000			-1190.619273			0.001312
170000			-1190.619273			0.001187
171000			-1190.619273			0.001074
Iteration: 2
Step			Log-likelihood			Temperature
1			-20153.386627			99900.000000
1000			-17784.582197			36769.542477
2000			-15125.948130			23501.721022
3000			-19035.153039			21265.130236
4000			-18346.088660			19241.389323
5000			-19695.769666			17410.241977
6000			-18832.555150			15753.359626
7000			-18503.924151			14254.157974
8000			-19686.606650			12897.631004
9000			-18300.945061			11670.200782
10000			-20551.334016			10559.581542
11000			-18835.821638			9554.656721
12000			-18846.940432			8645.367688
13000			-18293.441703			7822.613061
14000			-19585.007137			7078.157611
15000			-19665.228225			6404.549832
16000			-19731.729674			5795.047357
17000			-18066.858705			5243.549468
18000			-15118.031317			4744.536038
19000			-19931.345516			4293.012272
20000			-16932.275438			3884.458716
21000			-20411.141397			3514.786020
22000			-19156.201613			3180.294005
23000			-17573.454681			2877.634626
24000			-20645.201338			2603.778466
25000			-18270.623554			2355.984403
26000			-17184.315522			2131.772185
27000			-19023.571020			1928.897594
28000			-18404.339084			1745.329992
29000			-18910.448156			1579.231987
30000			-15839.173621			1428.941048
31000			-18531.870586			1292.952863
32000			-20430.860163			1169.906280
33000			-18004.919718			1058.569685
34000			-15437.414218			957.828671
35000			-14641.771629			866.674888
36000			-18685.879604			784.195947
37000			-18149.369782			709.566288
38000			-14619.877150			642.038917
39000			-16732.342901			580.937931
40000			-14255.922313			525.651749
41000			-13657.763786			475.626993
42000			-13981.794231			430.362949
43000			-13358.219767			389.406552
44000			-13270.759188			352.347857
45000			-13616.059619			318.815931
46000			-11449.442681			288.475142
47000			-12329.217914			261.021797
48000			-11062.933562			236.181108
49000			-10730.332340			213.704435
50000			-9639.236071			193.366803
51000			-10043.534594			174.964643
52000			-11622.240957			158.313765
53000			-8192.075365			143.247502
54000			-8016.541392			129.615051
55000			-7153.813735			117.279962
56000			-7557.156334			106.118767
57000			-6372.145753			96.019751
58000			-5860.635632			86.881830
59000			-6465.974984			78.613537
60000			-5847.329448			71.132114
61000			-5385.047425			64.362677
62000			-5387.164470			58.237467
63000			-4621.028155			52.695176
64000			-4668.482319			47.680328
65000			-4525.366322			43.142730
66000			-4002.634807			39.036961
67000			-3552.122485			35.321926
68000			-3466.655776			31.960441
69000			-3050.710728			28.918858
70000			-2795.332995			26.166734
71000			-3016.788522			23.676522
72000			-2881.900192			21.423296
73000			-2270.585069			19.384503
74000			-1986.395900			17.539736
75000			-1724.885002			15.870530
76000			-1556.655028			14.360177
77000			-1507.330168			12.993561
78000			-1454.211088			11.757001
79000			-1395.400679			10.638121
80000			-1395.400679			9.625722
81000			-1410.577559			8.709670
82000			-1404.886229			7.880796
83000			-1402.989119			7.130803
84000			-1349.870039			6.452185
85000			-1334.693159			5.838150
86000			-1342.281599			5.282550
87000			-1334.693159			4.779825
88000			-1291.059630			4.324943
89000			-1279.676970			3.913350
90000			-1272.088530			3.540928
91000			-1192.409911			3.203948
92000			-1182.924361			2.899038
93000			-1177.233031			2.623145
94000			-1127.908171			2.373508
95000			-1135.496611			2.147628
96000			-1143.085051			1.943244
97000			-1135.496611			1.758311
98000			-1124.113951			1.590978
99000			-1126.011061			1.439569
100000			-1127.908171			1.302570
101000			-1126.011061			1.178608
102000			-1124.113951			1.066443
103000			-1124.113951			0.964953
104000			-1118.422621			0.873121
105000			-1059.612212			0.790029
106000			-1019.772902			0.714844
107000			-1019.772902			0.646814
108000			-1019.772902			0.585259
109000			-1017.875792			0.529561
110000			-1019.772902			0.479165
111000			-1019.772902			0.433564
112000			-1017.875792			0.392303
113000			-1017.875792			0.354969
114000			-1017.875792			0.321187
115000			-1017.875792			0.290621
116000			-1017.875792			0.262963
117000			-1017.875792			0.237938
118000			-1017.875792			0.215294
119000			-1017.875792			0.194805
120000			-1017.875792			0.176266
121000			-1017.875792			0.159491
122000			-1017.875792			0.144313
123000			-1017.875792			0.130579
124000			-1017.875792			0.118152
125000			-1017.875792			0.106908
126000			-1017.875792			0.096734
127000			-1017.875792			0.087528
128000			-1017.875792			0.079198
129000			-1017.875792			0.071661
130000			-1017.875792			0.064841
131000			-1017.875792			0.058671
132000			-1017.875792			0.053087
133000			-1017.875792			0.048035
134000			-1017.875792			0.043464
135000			-1017.875792			0.039327
136000			-1017.875792			0.035585
137000			-1017.875792			0.032198
138000			-1017.875792			0.029134
139000			-1017.875792			0.026361
140000			-1017.875792			0.023853
141000			-1017.875792			0.021583
142000			-1017.875792			0.019529
143000			-1017.875792			0.017670
144000			-1017.875792			0.015989
145000			-1017.875792			0.014467
146000			-1017.875792			0.013090
147000			-1017.875792			0.011844
148000			-1017.875792			0.010717
149000			-1017.875792			0.009697
150000			-1017.875792			0.008774
151000			-1017.875792			0.007939
152000			-1017.875792			0.007184
153000			-1017.875792			0.006500
154000			-1017.875792			0.005882
155000			-1017.875792			0.005322
156000			-1017.875792			0.004815
157000			-1017.875792			0.004357
158000			-1017.875792			0.003942
159000			-1017.875792			0.003567
160000			-1017.875792			0.003228
161000			-1017.875792			0.002921
162000			-1017.875792			0.002643
163000			-1017.875792			0.002391
164000			-1017.875792			0.002164
165000			-1017.875792			0.001958
166000			-1017.875792			0.001771
167000			-1017.875792			0.001603
168000			-1017.875792			0.001450
169000			-1017.875792			0.001312
170000			-1017.875792			0.001187
171000			-1017.875792			0.001074
Iteration: 3
Step			Log-likelihood			Temperature
1			-20022.518291			99900.000000
1000			-18485.985159			36769.542477
2000			-18824.406725			23501.721022
3000			-18712.386315			21265.130236
4000			-15864.692156			19241.389323
5000			-19801.213169			17410.241977
6000			-20298.675279			15753.359626
7000			-18690.066703			14254.157974
8000			-18306.856325			12897.631004
9000			-18528.193701			11670.200782
10000			-19071.591008			10559.581542
11000			-20103.234858			9554.656721
12000			-18945.079936			8645.367688
13000			-18809.185914			7822.613061
14000			-18821.327918			7078.157611
15000			-18269.403765			6404.549832
16000			-17858.305620			5795.047357
17000			-19452.511397			5243.549468
18000			-17403.741051			4744.536038
19000			-18896.051196			4293.012272
20000			-17769.818772			3884.458716
21000			-18464.633149			3514.786020
22000			-18141.174367			3180.294005
23000			-18841.706488			2877.634626
24000			-19610.191460			2603.778466
25000			-18191.164869			2355.984403
26000			-18601.289574			2131.772185
27000			-18198.688803			1928.897594
28000			-17806.089635			1745.329992
29000			-13682.323616			1579.231987
30000			-17862.331453			1428.941048
31000			-18964.819278			1292.952863
32000			-14069.081865			1169.906280
33000			-17649.435841			1058.569685
34000			-19174.334125			957.828671
35000			-18820.237143			866.674888
36000			-17820.853060			784.195947
37000			-17231.582004			709.566288
38000			-16526.100381			642.038917
39000			-16322.470384			580.937931
40000			-14275.602988			525.651749
41000			-14248.242952			475.626993
42000			-14138.882055			430.362949
43000			-12468.753787			389.406552
44000			-11816.534075			352.347857
45000			-12844.736351			318.815931
46000			-12456.259776			288.475142
47000			-11108.904071			261.021797
48000			-11784.371986			236.181108
49000			-11014.875481			213.704435
50000			-10859.033860			193.366803
51000			-10118.850111			174.964643
52000			-9361.516186			158.313765
53000			-7655.864721			143.247502
54000			-8415.438864			129.615051
55000			-7141.237700			117.279962
56000			-6971.658923			106.118767
57000			-6311.115700			96.019751
58000			-6061.148729			86.881830
59000			-5161.027180			78.613537
60000			-5966.815123			71.132114
61000			-4716.431962			64.362677
62000			-3960.194652			58.237467
63000			-3747.557067			52.695176
64000			-3364.082823			47.680328
65000			-3332.057727			43.142730
66000			-3152.283826			39.036961
67000			-3089.969477			35.321926
68000			-3138.713775			31.960441
69000			-3085.562443			28.918858
70000			-2978.104494			26.166734
71000			-2911.705645			23.676522
72000			-2800.195450			21.423296
73000			-2495.502570			19.384503
74000			-2419.811690			17.539736
75000			-2480.519210			15.870530
76000			-2507.078750			14.360177
77000			-2296.499541			12.993561
78000			-2357.110301			11.757001
79000			-2071.227254			10.638121
80000			-2097.786794			9.625722
81000			-1933.109976			8.709670
82000			-1893.270666			7.880796
83000			-1771.855627			7.130803
84000			-1760.472967			6.452185
85000			-1733.913428			5.838150
86000			-1722.530768			5.282550
87000			-1686.485678			4.779825
88000			-1688.382788			4.324943
89000			-1646.646368			3.913350
90000			-1639.057928			3.540928
91000			-1608.768675			3.203948
92000			-1597.386015			2.899038
93000			-1597.386015			2.623145
94000			-1599.283125			2.373508
95000			-1379.756962			2.147628
96000			-1256.799600			1.943244
97000			-1256.799600			1.758311
98000			-1251.108271			1.590978
99000			-1247.314051			1.439569
100000			-1247.314051			1.302570
101000			-1243.519831			1.178608
102000			-1241.622721			1.066443
103000			-1241.622721			0.964953
104000			-1235.931391			0.873121
105000			-1230.240061			0.790029
106000			-1232.137171			0.714844
107000			-1228.342951			0.646814
108000			-1228.342951			0.585259
109000			-1228.342951			0.529561
110000			-1230.240061			0.479165
111000			-1228.342951			0.433564
112000			-1228.342951			0.392303
113000			-1230.240061			0.354969
114000			-1230.240061			0.321187
115000			-1228.342951			0.290621
116000			-1228.342951			0.262963
117000			-1228.342951			0.237938
118000			-1228.342951			0.215294
119000			-1228.342951			0.194805
120000			-1228.342951			0.176266
121000			-1228.342951			0.159491
122000			-1228.342951			0.144313
123000			-1228.342951			0.130579
124000			-1228.342951			0.118152
125000			-1228.342951			0.106908
126000			-1228.342951			0.096734
127000			-1228.342951			0.087528
128000			-1228.342951			0.079198
129000			-1228.342951			0.071661
130000			-1228.342951			0.064841
131000			-1228.342951			0.058671
132000			-1228.342951			0.053087
133000			-1228.342951			0.048035
134000			-1228.342951			0.043464
135000			-1228.342951			0.039327
136000			-1228.342951			0.035585
137000			-1228.342951			0.032198
138000			-1228.342951			0.029134
139000			-1228.342951			0.026361
140000			-1228.342951			0.023853
141000			-1228.342951			0.021583
142000			-1228.342951			0.019529
143000			-1228.342951			0.017670
144000			-1228.342951			0.015989
145000			-1228.342951			0.014467
146000			-1228.342951			0.013090
147000			-1228.342951			0.011844
148000			-1228.342951			0.010717
149000			-1228.342951			0.009697
150000			-1228.342951			0.008774
151000			-1228.342951			0.007939
152000			-1228.342951			0.007184
153000			-1228.342951			0.006500
154000			-1228.342951			0.005882
155000			-1228.342951			0.005322
156000			-1228.342951			0.004815
157000			-1228.342951			0.004357
158000			-1228.342951			0.003942
159000			-1228.342951			0.003567
160000			-1228.342951			0.003228
161000			-1228.342951			0.002921
162000			-1228.342951			0.002643
163000			-1228.342951			0.002391
164000			-1228.342951			0.002164
165000			-1228.342951			0.001958
166000			-1228.342951			0.001771
167000			-1228.342951			0.001603
168000			-1228.342951			0.001450
169000			-1228.342951			0.001312
170000			-1228.342951			0.001187
171000			-1228.342951			0.001074
Iteration: 4
Step			Log-likelihood			Temperature
1			-20588.593055			99900.000000
1000			-21094.573114			36769.542477
2000			-20175.685663			23501.721022
3000			-21094.030646			21265.130236
4000			-17905.390261			19241.389323
5000			-17326.120809			17410.241977
6000			-16635.423186			15753.359626
7000			-20809.244213			14254.157974
8000			-19140.637693			12897.631004
9000			-19318.010108			11670.200782
10000			-19509.993579			10559.581542
11000			-19220.547925			9554.656721
12000			-18725.041592			8645.367688
13000			-19275.842716			7822.613061
14000			-20524.478356			7078.157611
15000			-16940.696626			6404.549832
16000			-18464.735748			5795.047357
17000			-17799.269437			5243.549468
18000			-19080.516573			4744.536038
19000			-17113.339474			4293.012272
20000			-18136.922761			3884.458716
21000			-19090.512338			3514.786020
22000			-18011.223862			3180.294005
23000			-15159.726586			2877.634626
24000			-19383.887064			2603.778466
25000			-17487.987972			2355.984403
26000			-16780.811655			2131.772185
27000			-16522.584763			1928.897594
28000			-16460.346599			1745.329992
29000			-21359.394431			1579.231987
30000			-17597.879659			1428.941048
31000			-15938.609099			1292.952863
32000			-15531.917989			1169.906280
33000			-16645.509872			1058.569685
34000			-16525.288207			957.828671
35000			-16400.638934			866.674888
36000			-17265.929343			784.195947
37000			-15681.549167			709.566288
38000			-17619.999912			642.038917
39000			-15341.934227			580.937931
40000			-16753.612887			525.651749
41000			-14281.256225			475.626993
42000			-14906.830398			430.362949
43000			-14487.343317			389.406552
44000			-11490.906338			352.347857
45000			-11638.578958			318.815931
46000			-11274.914402			288.475142
47000			-11652.278022			261.021797
48000			-12313.612843			236.181108
49000			-11553.757316			213.704435
50000			-9414.990053			193.366803
51000			-10491.633752			174.964643
52000			-9147.315703			158.313765
53000			-8113.449429			143.247502
54000			-7116.065055			129.615051
55000			-6632.565875			117.279962
56000			-7375.576244			106.118767
57000			-5815.368858			96.019751
58000			-5630.408003			86.881830
59000			-6893.393613			78.613537
60000			-5845.136218			71.132114
61000			-5766.102666			64.362677
62000			-5094.692838			58.237467
63000			-4938.710525			52.695176
64000			-4755.884231			47.680328
65000			-4303.926347			43.142730
66000			-3900.745014			39.036961
67000			-3625.857587			35.321926
68000			-3112.321342			31.960441
69000			-3089.556022			28.918858
70000			-3032.126668			26.166734
71000			-2860.677195			23.676522
72000			-2890.869688			21.423296
73000			-2691.028072			19.384503
74000			-2163.347055			17.539736
75000			-2114.441490			15.870530
76000			-2095.470390			14.360177
77000			-1982.063085			12.993561
78000			-1955.503545			11.757001
79000			-1790.454976			10.638121
80000			-1851.162496			9.625722
81000			-1788.557866			8.709670
82000			-1807.528966			7.880796
83000			-1798.043416			7.130803
84000			-1697.496587			6.452185
85000			-1646.274617			5.838150
86000			-1608.332417			5.282550
87000			-1627.303517			4.779825
88000			-1617.817967			4.324943
89000			-1632.994847			3.913350
90000			-1631.097737			3.540928
91000			-1475.954012			3.203948
92000			-1474.056902			2.899038
93000			-1475.954012			2.623145
94000			-1474.056902			2.373508
95000			-1466.468462			2.147628
96000			-1458.880023			1.943244
97000			-1456.982913			1.758311
98000			-1451.291583			1.590978
99000			-1384.892733			1.439569
100000			-1382.995623			1.302570
101000			-1381.098513			1.178608
102000			-1381.098513			1.066443
103000			-1381.098513			0.964953
104000			-1379.201403			0.873121
105000			-1379.201403			0.790029
106000			-1379.201403			0.714844
107000			-1379.201403			0.646814
108000			-1379.201403			0.585259
109000			-1379.201403			0.529561
110000			-1379.201403			0.479165
111000			-1379.201403			0.433564
112000			-1379.201403			0.392303
113000			-1379.201403			0.354969
114000			-1379.201403			0.321187
115000			-1381.098513			0.290621
116000			-1381.098513			0.262963
117000			-1381.098513			0.237938
118000			-1381.098513			0.215294
119000			-1379.201403			0.194805
120000			-1379.201403			0.176266
121000			-1379.201403			0.159491
122000			-1379.201403			0.144313
123000			-1379.201403			0.130579
124000			-1377.304293			0.118152
125000			-1377.304293			0.106908
126000			-1377.304293			0.096734
127000			-1375.407183			0.087528
128000			-1371.612963			0.079198
129000			-1371.612963			0.071661
130000			-1371.612963			0.064841
131000			-1371.612963			0.058671
132000			-1371.612963			0.053087
133000			-1371.612963			0.048035
134000			-1371.612963			0.043464
135000			-1371.612963			0.039327
136000			-1371.612963			0.035585
137000			-1371.612963			0.032198
138000			-1371.612963			0.029134
139000			-1371.612963			0.026361
140000			-1371.612963			0.023853
141000			-1371.612963			0.021583
142000			-1371.612963			0.019529
143000			-1371.612963			0.017670
144000			-1371.612963			0.015989
145000			-1371.612963			0.014467
146000			-1371.612963			0.013090
147000			-1371.612963			0.011844
148000			-1371.612963			0.010717
149000			-1371.612963			0.009697
150000			-1371.612963			0.008774
151000			-1371.612963			0.007939
152000			-1371.612963			0.007184
153000			-1371.612963			0.006500
154000			-1371.612963			0.005882
155000			-1371.612963			0.005322
156000			-1371.612963			0.004815
157000			-1371.612963			0.004357
158000			-1371.612963			0.003942
159000			-1371.612963			0.003567
160000			-1371.612963			0.003228
161000			-1371.612963			0.002921
162000			-1371.612963			0.002643
163000			-1371.612963			0.002391
164000			-1371.612963			0.002164
165000			-1371.612963			0.001958
166000			-1371.612963			0.001771
167000			-1371.612963			0.001603
168000			-1371.612963			0.001450
169000			-1371.612963			0.001312
170000			-1371.612963			0.001187
171000			-1371.612963			0.001074
Iteration: 5
Step			Log-likelihood			Temperature
1			-19818.952801			99900.000000
1000			-18595.029362			36769.542477
2000			-17901.777883			23501.721022
3000			-19067.849617			21265.130236
4000			-18265.243080			19241.389323
5000			-18759.292171			17410.241977
6000			-16619.187783			15753.359626
7000			-19297.162473			14254.157974
8000			-19963.306105			12897.631004
9000			-17123.915800			11670.200782
10000			-14476.954673			10559.581542
11000			-19955.324786			9554.656721
12000			-17777.691653			8645.367688
13000			-19681.533973			7822.613061
14000			-19676.519964			7078.157611
15000			-19149.865216			6404.549832
16000			-17613.021228			5795.047357
17000			-18102.988877			5243.549468
18000			-18230.423618			4744.536038
19000			-19141.449866			4293.012272
20000			-19932.140172			3884.458716
21000			-17530.008833			3514.786020
22000			-18483.217208			3180.294005
23000			-20082.824034			2877.634626
24000			-18709.914483			2603.778466
25000			-20352.814788			2355.984403
26000			-19548.923955			2131.772185
27000			-19995.040921			1928.897594
28000			-17128.305316			1745.329992
29000			-17705.402114			1579.231987
30000			-18489.295578			1428.941048
31000			-18056.288218			1292.952863
32000			-18823.562298			1169.906280
33000			-15907.293578			1058.569685
34000			-15658.417382			957.828671
35000			-17641.014652			866.674888
36000			-16259.188434			784.195947
37000			-15781.424515			709.566288
38000			-17291.559374			642.038917
39000			-17217.985540			580.937931
40000			-15677.942629			525.651749
41000			-15043.560227			475.626993
42000			-12551.689997			430.362949
43000			-15233.068808			389.406552
44000			-13991.139089			352.347857
45000			-11364.949412			318.815931
46000			-12770.948421			288.475142
47000			-11661.828079			261.021797
48000			-12240.860079			236.181108
49000			-12001.070715			213.704435
50000			-10322.609121			193.366803
51000			-11038.388468			174.964643
52000			-11041.517045			158.313765
53000			-10404.410624			143.247502
54000			-9979.716014			129.615051
55000			-7327.321585			117.279962
56000			-7884.775801			106.118767
57000			-8798.446825			96.019751
58000			-7061.570759			86.881830
59000			-6620.840106			78.613537
60000			-6586.434100			71.132114
61000			-6250.962327			64.362677
62000			-5760.352669			58.237467
63000			-4364.214572			52.695176
64000			-3907.527120			47.680328
65000			-3674.569632			43.142730
66000			-3668.652529			39.036961
67000			-2998.107702			35.321926
68000			-2881.002937			31.960441
69000			-2926.533577			28.918858
70000			-2761.904302			26.166734
71000			-2532.257233			23.676522
72000			-2170.499068			21.423296
73000			-2007.347609			19.384503
74000			-2124.968428			17.539736
75000			-1859.373030			15.870530
76000			-1908.762396			14.360177
77000			-1825.225050			12.993561
78000			-1878.344130			11.757001
79000			-1692.717632			10.638121
80000			-1660.618748			9.625722
81000			-1618.882329			8.709670
82000			-1609.396779			7.880796
83000			-1541.100819			7.130803
84000			-1544.895039			6.452185
85000			-1533.512379			5.838150
86000			-1546.792149			5.282550
87000			-1499.364400			4.779825
88000			-1406.783339			4.324943
89000			-1357.458479			3.913350
90000			-1351.767149			3.540928
91000			-1361.252699			3.203948
92000			-1302.442290			2.899038
93000			-1317.619170			2.623145
94000			-1311.927840			2.373508
95000			-1268.294310			2.147628
96000			-1253.117430			1.943244
97000			-1245.528990			1.758311
98000			-1241.734770			1.590978
99000			-1241.734770			1.439569
100000			-1243.631880			1.302570
101000			-1243.631880			1.178608
102000			-1236.043440			1.066443
103000			-1226.557890			0.964953
104000			-1226.557890			0.873121
105000			-1222.763670			0.790029
106000			-1224.660780			0.714844
107000			-1224.660780			0.646814
108000			-1222.763670			0.585259
109000			-1220.866560			0.529561
110000			-1220.866560			0.479165
111000			-1220.866560			0.433564
112000			-1220.866560			0.392303
113000			-1220.866560			0.354969
114000			-1220.866560			0.321187
115000			-1220.866560			0.290621
116000			-1218.969450			0.262963
117000			-1218.969450			0.237938
118000			-1218.969450			0.215294
119000			-1218.969450			0.194805
120000			-1218.969450			0.176266
121000			-1218.969450			0.159491
122000			-1218.969450			0.144313
123000			-1218.969450			0.130579
124000			-1218.969450			0.118152
125000			-1218.969450			0.106908
126000			-1218.969450			0.096734
127000			-1218.969450			0.087528
128000			-1218.969450			0.079198
129000			-1218.969450			0.071661
130000			-1218.969450			0.064841
131000			-1218.969450			0.058671
132000			-1218.969450			0.053087
133000			-1218.969450			0.048035
134000			-1217.072340			0.043464
135000			-1217.072340			0.039327
136000			-1215.175230			0.035585
137000			-1215.175230			0.032198
138000			-1215.175230			0.029134
139000			-1215.175230			0.026361
140000			-1215.175230			0.023853
141000			-1215.175230			0.021583
142000			-1215.175230			0.019529
143000			-1215.175230			0.017670
144000			-1215.175230			0.015989
145000			-1215.175230			0.014467
146000			-1215.175230			0.013090
147000			-1215.175230			0.011844
148000			-1215.175230			0.010717
149000			-1215.175230			0.009697
150000			-1215.175230			0.008774
151000			-1215.175230			0.007939
152000			-1215.175230			0.007184
153000			-1215.175230			0.006500
154000			-1215.175230			0.005882
155000			-1215.175230			0.005322
156000			-1215.175230			0.004815
157000			-1215.175230			0.004357
158000			-1215.175230			0.003942
159000			-1215.175230			0.003567
160000			-1215.175230			0.003228
161000			-1215.175230			0.002921
162000			-1215.175230			0.002643
163000			-1215.175230			0.002391
164000			-1215.175230			0.002164
165000			-1215.175230			0.001958
166000			-1215.175230			0.001771
167000			-1215.175230			0.001603
168000			-1215.175230			0.001450
169000			-1215.175230			0.001312
170000			-1215.175230			0.001187
171000			-1215.175230			0.001074
Iteration: 6
Step			Log-likelihood			Temperature
1			-19742.358828			99900.000000
1000			-19650.019092			36769.542477
2000			-17811.452592			23501.721022
3000			-18477.042077			21265.130236
4000			-19012.730828			19241.389323
5000			-15577.363546			17410.241977
6000			-17552.876752			15753.359626
7000			-18063.554125			14254.157974
8000			-17565.015975			12897.631004
9000			-18089.236984			11670.200782
10000			-19021.093349			10559.581542
11000			-19075.212283			9554.656721
12000			-16316.075319			8645.367688
13000			-20317.253499			7822.613061
14000			-17282.880159			7078.157611
15000			-17580.779255			6404.549832
16000			-17538.248179			5795.047357
17000			-19777.899542			5243.549468
18000			-19499.217894			4744.536038
19000			-19598.641694			4293.012272
20000			-17243.750423			3884.458716
21000			-18697.898434			3514.786020
22000			-18067.008294			3180.294005
23000			-19164.789907			2877.634626
24000			-18868.673644			2603.778466
25000			-17916.122014			2355.984403
26000			-17848.975498			2131.772185
27000			-17374.263972			1928.897594
28000			-18261.448860			1745.329992
29000			-14943.256689			1579.231987
30000			-18027.561864			1428.941048
31000			-19444.750012			1292.952863
32000			-17479.851224			1169.906280
33000			-17766.508352			1058.569685
34000			-14511.129067			957.828671
35000			-16917.544266			866.674888
36000			-18753.433735			784.195947
37000			-14434.927973			709.566288
38000			-16511.122860			642.038917
39000			-17730.199397			580.937931
40000			-11492.319647			525.651749
41000			-16660.886111			475.626993
42000			-11986.104872			430.362949
43000			-12375.704476			389.406552
44000			-15166.831226			352.347857
45000			-12183.462979			318.815931
46000			-12139.759103			288.475142
47000			-11957.507531			261.021797
48000			-10454.788167			236.181108
49000			-11184.433683			213.704435
50000			-8920.043706			193.366803
51000			-11308.003859			174.964643
52000			-10965.034568			158.313765
53000			-10241.221073			143.247502
54000			-7896.217128			129.615051
55000			-5713.338374			117.279962
56000			-6749.793815			106.118767
57000			-6463.394714			96.019751
58000			-6406.674935			86.881830
59000			-7746.474453			78.613537
60000			-5797.321428			71.132114
61000			-5047.710796			64.362677
62000			-4637.618345			58.237467
63000			-5084.175180			52.695176
64000			-4857.941130			47.680328
65000			-4830.032787			43.142730
66000			-4136.658134			39.036961
67000			-3831.449200			35.321926
68000			-3344.795029			31.960441
69000			-3312.479652			28.918858
70000			-3069.778588			26.166734
71000			-2559.897837			23.676522
72000			-2751.423909			21.423296
73000			-2601.602003			19.384503
74000			-2509.482202			17.539736
75000			-2344.659406			15.870530
76000			-2416.749586			14.360177
77000			-2109.579035			12.993561
78000			-2151.186441			11.757001
79000			-2090.478922			10.638121
80000			-1978.549433			9.625722
81000			-2022.182962			8.709670
82000			-1816.075295			7.880796
83000			-1766.750435			7.130803
84000			-1704.145806			6.452185
85000			-1707.940026			5.838150
86000			-1734.499566			5.282550
87000			-1713.631356			4.779825
88000			-1707.940026			4.324943
89000			-1618.775856			3.913350
90000			-1540.994347			3.540928
91000			-1501.155037			3.203948
92000			-1408.196648			2.899038
93000			-1408.196648			2.623145
94000			-1311.444039			2.373508
95000			-1284.884499			2.147628
96000			-1231.765420			1.943244
97000			-1239.353860			1.758311
98000			-1239.353860			1.590978
99000			-1237.456750			1.439569
100000			-1239.353860			1.302570
101000			-1233.662530			1.178608
102000			-1233.662530			1.066443
103000			-1233.662530			0.964953
104000			-1233.662530			0.873121
105000			-1226.074090			0.790029
106000			-1224.176980			0.714844
107000			-1218.485650			0.646814
108000			-1205.205880			0.585259
109000			-1205.205880			0.529561
110000			-1205.205880			0.479165
111000			-1205.205880			0.433564
112000			-1205.205880			0.392303
113000			-1205.205880			0.354969
114000			-1205.205880			0.321187
115000			-1205.205880			0.290621
116000			-1205.205880			0.262963
117000			-1205.205880			0.237938
118000			-1199.514550			0.215294
119000			-1199.514550			0.194805
120000			-1199.514550			0.176266
121000			-1199.514550			0.159491
122000			-1199.514550			0.144313
123000			-1199.514550			0.130579
124000			-1197.617440			0.118152
125000			-1195.720330			0.106908
126000			-1195.720330			0.096734
127000			-1195.720330			0.087528
128000			-1195.720330			0.079198
129000			-1195.720330			0.071661
130000			-1195.720330			0.064841
131000			-1195.720330			0.058671
132000			-1195.720330			0.053087
133000			-1195.720330			0.048035
134000			-1195.720330			0.043464
135000			-1195.720330			0.039327
136000			-1195.720330			0.035585
137000			-1195.720330			0.032198
138000			-1195.720330			0.029134
139000			-1195.720330			0.026361
140000			-1195.720330			0.023853
141000			-1195.720330			0.021583
142000			-1195.720330			0.019529
143000			-1195.720330			0.017670
144000			-1195.720330			0.015989
145000			-1195.720330			0.014467
146000			-1195.720330			0.013090
147000			-1195.720330			0.011844
148000			-1195.720330			0.010717
149000			-1195.720330			0.009697
150000			-1195.720330			0.008774
151000			-1195.720330			0.007939
152000			-1195.720330			0.007184
153000			-1195.720330			0.006500
154000			-1195.720330			0.005882
155000			-1195.720330			0.005322
156000			-1195.720330			0.004815
157000			-1195.720330			0.004357
158000			-1195.720330			0.003942
159000			-1195.720330			0.003567
160000			-1195.720330			0.003228
161000			-1195.720330			0.002921
162000			-1195.720330			0.002643
163000			-1195.720330			0.002391
164000			-1195.720330			0.002164
165000			-1195.720330			0.001958
166000			-1195.720330			0.001771
167000			-1195.720330			0.001603
168000			-1195.720330			0.001450
169000			-1195.720330			0.001312
170000			-1195.720330			0.001187
171000			-1195.720330			0.001074
Iteration: 7
Step			Log-likelihood			Temperature
1			-20783.447076			99900.000000
1000			-18103.021130			36769.542477
2000			-19169.712995			23501.721022
3000			-19763.748931			21265.130236
4000			-17635.156216			19241.389323
5000			-15950.475560			17410.241977
6000			-18225.210250			15753.359626
7000			-18658.874356			14254.157974
8000			-20010.599002			12897.631004
9000			-19757.902173			11670.200782
10000			-19104.141056			10559.581542
11000			-19866.650256			9554.656721
12000			-20583.611300			8645.367688
13000			-18743.185783			7822.613061
14000			-17558.207455			7078.157611
15000			-18504.859499			6404.549832
16000			-18769.455042			5795.047357
17000			-18161.778711			5243.549468
18000			-19310.931883			4744.536038
19000			-18589.557966			4293.012272
20000			-17495.699586			3884.458716
21000			-19820.817658			3514.786020
22000			-19362.411880			3180.294005
23000			-19547.683591			2877.634626
24000			-17582.450591			2603.778466
25000			-17679.299961			2355.984403
26000			-20788.311497			2131.772185
27000			-19296.652259			1928.897594
28000			-18598.243021			1745.329992
29000			-15404.049217			1579.231987
30000			-16159.307247			1428.941048
31000			-18102.812874			1292.952863
32000			-16528.604466			1169.906280
33000			-17290.064041			1058.569685
34000			-18605.696608			957.828671
35000			-14974.586947			866.674888
36000			-16877.382423			784.195947
37000			-14969.933564			709.566288
38000			-16166.719684			642.038917
39000			-12298.928661			580.937931
40000			-14058.209420			525.651749
41000			-13386.946122			475.626993
42000			-12229.231070			430.362949
43000			-14408.878648			389.406552
44000			-12733.205580			352.347857
45000			-13555.170258			318.815931
46000			-13572.458343			288.475142
47000			-12529.390960			261.021797
48000			-11801.976766			236.181108
49000			-8090.109387			213.704435
50000			-10765.521325			193.366803
51000			-10185.043762			174.964643
52000			-7638.306931			158.313765
53000			-9929.004259			143.247502
54000			-8140.530862			129.615051
55000			-6672.883147			117.279962
56000			-8926.890318			106.118767
57000			-7043.071782			96.019751
58000			-6765.480910			86.881830
59000			-6020.148298			78.613537
60000			-5304.395366			71.132114
61000			-5354.816840			64.362677
62000			-4908.318673			58.237467
63000			-4413.275566			52.695176
64000			-3741.962497			47.680328
65000			-4020.224851			43.142730
66000			-3590.580739			39.036961
67000			-3406.593324			35.321926
68000			-3567.912179			31.960441
69000			-3120.613517			28.918858
70000			-3063.829231			26.166734
71000			-2842.834964			23.676522
72000			-2787.786521			21.423296
73000			-2738.526168			19.384503
74000			-2653.833539			17.539736
75000			-2120.745634			15.870530
76000			-1948.108625			14.360177
77000			-1794.442716			12.993561
78000			-1712.931494			11.757001
79000			-1697.754614			10.638121
80000			-1718.558317			9.625722
81000			-1729.940977			8.709670
82000			-1731.838087			7.880796
83000			-1697.690107			7.130803
84000			-1385.334568			6.452185
85000			-1309.450169			5.838150
86000			-1282.890629			5.282550
87000			-1269.610859			4.779825
88000			-1076.574152			4.324943
89000			-1072.779932			3.913350
90000			-1070.882822			3.540928
91000			-1068.985712			3.203948
92000			-1059.500162			2.899038
93000			-1061.397272			2.623145
94000			-1057.603052			2.373508
95000			-1055.705942			2.147628
96000			-1059.500162			1.943244
97000			-1053.808832			1.758311
98000			-1053.808832			1.590978
99000			-1053.808832			1.439569
100000			-1053.808832			1.302570
101000			-1061.397272			1.178608
102000			-1061.397272			1.066443
103000			-1057.603052			0.964953
104000			-1057.603052			0.873121
105000			-1063.294382			0.790029
106000			-1057.603052			0.714844
107000			-1055.705942			0.646814
108000			-1055.705942			0.585259
109000			-1050.014612			0.529561
110000			-1046.220392			0.479165
111000			-1044.323282			0.433564
112000			-1044.323282			0.392303
113000			-1044.323282			0.354969
114000			-1044.323282			0.321187
115000			-1044.323282			0.290621
116000			-1044.323282			0.262963
117000			-1044.323282			0.237938
118000			-1044.323282			0.215294
119000			-1044.323282			0.194805
120000			-1044.323282			0.176266
121000			-1044.323282			0.159491
122000			-1044.323282			0.144313
123000			-1044.323282			0.130579
124000			-1044.323282			0.118152
125000			-1040.529062			0.106908
126000			-1040.529062			0.096734
127000			-1040.529062			0.087528
128000			-1040.529062			0.079198
129000			-1040.529062			0.071661
130000			-1040.529062			0.064841
131000			-1040.529062			0.058671
132000			-1040.529062			0.053087
133000			-1040.529062			0.048035
134000			-1040.529062			0.043464
135000			-1040.529062			0.039327
136000			-1040.529062			0.035585
137000			-1040.529062			0.032198
138000			-1040.529062			0.029134
139000			-1040.529062			0.026361
140000			-1040.529062			0.023853
141000			-1040.529062			0.021583
142000			-1040.529062			0.019529
143000			-1040.529062			0.017670
144000			-1040.529062			0.015989
145000			-1040.529062			0.014467
146000			-1040.529062			0.013090
147000			-1040.529062			0.011844
148000			-1040.529062			0.010717
149000			-1040.529062			0.009697
150000			-1040.529062			0.008774
151000			-1040.529062			0.007939
152000			-1040.529062			0.007184
153000			-1040.529062			0.006500
154000			-1040.529062			0.005882
155000			-1038.631952			0.005322
156000			-1038.631952			0.004815
157000			-1038.631952			0.004357
158000			-1038.631952			0.003942
159000			-1038.631952			0.003567
160000			-1038.631952			0.003228
161000			-1038.631952			0.002921
162000			-1038.631952			0.002643
163000			-1038.631952			0.002391
164000			-1038.631952			0.002164
165000			-1038.631952			0.001958
166000			-1038.631952			0.001771
167000			-1038.631952			0.001603
168000			-1038.631952			0.001450
169000			-1038.631952			0.001312
170000			-1038.631952			0.001187
171000			-1038.631952			0.001074
Iteration: 8
Step			Log-likelihood			Temperature
1			-20488.110733			99900.000000
1000			-19334.013898			36769.542477
2000			-19202.087040			23501.721022
3000			-17783.866783			21265.130236
4000			-19854.772117			19241.389323
5000			-17627.400670			17410.241977
6000			-19499.669441			15753.359626
7000			-17706.601328			14254.157974
8000			-17345.033241			12897.631004
9000			-20609.129834			11670.200782
10000			-18677.942216			10559.581542
11000			-18896.142117			9554.656721
12000			-18666.081594			8645.367688
13000			-18138.814032			7822.613061
14000			-18182.884372			7078.157611
15000			-19640.958675			6404.549832
16000			-16758.626896			5795.047357
17000			-16700.397048			5243.549468
18000			-19042.723962			4744.536038
19000			-18683.278758			4293.012272
20000			-18662.577655			3884.458716
21000			-18762.866457			3514.786020
22000			-21445.125006			3180.294005
23000			-19058.906535			2877.634626
24000			-16412.112515			2603.778466
25000			-20762.977585			2355.984403
26000			-18250.239145			2131.772185
27000			-18507.750624			1928.897594
28000			-18724.886165			1745.329992
29000			-19318.191950			1579.231987
30000			-18019.290264			1428.941048
31000			-19308.281267			1292.952863
32000			-17719.752084			1169.906280
33000			-15672.567993			1058.569685
34000			-17144.229863			957.828671
35000			-17202.084349			866.674888
36000			-16440.950366			784.195947
37000			-17688.844178			709.566288
38000			-14475.837483			642.038917
39000			-15393.795425			580.937931
40000			-16206.558994			525.651749
41000			-16261.918292			475.626993
42000			-13506.220760			430.362949
43000			-13371.822071			389.406552
44000			-12769.159749			352.347857
45000			-14279.048259			318.815931
46000			-14965.714211			288.475142
47000			-11228.266572			261.021797
48000			-11174.088970			236.181108
49000			-12477.380174			213.704435
50000			-9493.572057			193.366803
51000			-7772.711459			174.964643
52000			-8749.195369			158.313765
53000			-8675.794480			143.247502
54000			-6962.516482			129.615051
55000			-6628.830323			117.279962
56000			-7362.657100			106.118767
57000			-7888.338408			96.019751
58000			-7963.067525			86.881830
59000			-6917.281962			78.613537
60000			-6869.763291			71.132114
61000			-5617.424352			64.362677
62000			-4978.743355			58.237467
63000			-5187.199680			52.695176
64000			-4192.313552			47.680328
65000			-4247.491009			43.142730
66000			-4703.759167			39.036961
67000			-4149.486357			35.321926
68000			-3679.454628			31.960441
69000			-3376.207311			28.918858
70000			-3104.952836			26.166734
71000			-2854.921359			23.676522
72000			-2660.712405			21.423296
73000			-2584.795752			19.384503
74000			-2484.603710			17.539736
75000			-2297.144609			15.870530
76000			-2183.318010			14.360177
77000			-2099.845170			12.993561
78000			-1817.175783			11.757001
79000			-1796.307573			10.638121
80000			-1798.204683			9.625722
81000			-1637.369628			8.709670
82000			-1622.192748			7.880796
83000			-1614.604308			7.130803
84000			-1510.263259			6.452185
85000			-1514.057479			5.838150
86000			-1301.952912			5.282550
87000			-1227.965622			4.779825
88000			-1218.480072			4.324943
89000			-1207.097413			3.913350
90000			-1210.891633			3.540928
91000			-1199.508973			3.203948
92000			-1191.920533			2.899038
93000			-1201.406083			2.623145
94000			-1197.611863			2.373508
95000			-1201.406083			2.147628
96000			-1210.891633			1.943244
97000			-1190.023423			1.758311
98000			-1176.743653			1.590978
99000			-1180.537873			1.439569
100000			-1182.434983			1.302570
101000			-1182.434983			1.178608
102000			-1176.743653			1.066443
103000			-1176.743653			0.964953
104000			-1174.846543			0.873121
105000			-1174.846543			0.790029
106000			-1174.846543			0.714844
107000			-1174.846543			0.646814
108000			-1172.949433			0.585259
109000			-1172.949433			0.529561
110000			-1172.949433			0.479165
111000			-1171.052323			0.433564
112000			-1171.052323			0.392303
113000			-1169.155213			0.354969
114000			-1169.155213			0.321187
115000			-1008.278192			0.290621
116000			-1008.278192			0.262963
117000			-1008.278192			0.237938
118000			-1006.381082			0.215294
119000			-1006.381082			0.194805
120000			-1006.381082			0.176266
121000			-1006.381082			0.159491
122000			-1004.483973			0.144313
123000			-1002.586863			0.130579
124000			-1002.586863			0.118152
125000			-1002.586863			0.106908
126000			-1002.586863			0.096734
127000			-1002.586863			0.087528
128000			-1002.586863			0.079198
129000			-1002.586863			0.071661
130000			-1002.586863			0.064841
131000			-1002.586863			0.058671
132000			-1002.586863			0.053087
133000			-1002.586863			0.048035
134000			-1002.586863			0.043464
135000			-1002.586863			0.039327
136000			-1002.586863			0.035585
137000			-1002.586863			0.032198
138000			-1002.586863			0.029134
139000			-1002.586863			0.026361
140000			-1002.586863			0.023853
141000			-1002.586863			0.021583
142000			-1002.586863			0.019529
143000			-1002.586863			0.017670
144000			-1002.586863			0.015989
145000			-1002.586863			0.014467
146000			-1002.586863			0.013090
147000			-1002.586863			0.011844
148000			-1002.586863			0.010717
149000			-1002.586863			0.009697
150000			-1002.586863			0.008774
151000			-1002.586863			0.007939
152000			-1002.586863			0.007184
153000			-1002.586863			0.006500
154000			-1002.586863			0.005882
155000			-1002.586863			0.005322
156000			-1002.586863			0.004815
157000			-1002.586863			0.004357
158000			-1002.586863			0.003942
159000			-1002.586863			0.003567
160000			-1002.586863			0.003228
161000			-1002.586863			0.002921
162000			-1002.586863			0.002643
163000			-1002.586863			0.002391
164000			-1002.586863			0.002164
165000			-1002.586863			0.001958
166000			-1002.586863			0.001771
167000			-1002.586863			0.001603
168000			-1002.586863			0.001450
169000			-1002.586863			0.001312
170000			-1002.586863			0.001187
171000			-1002.586863			0.001074
Iteration: 9
Step			Log-likelihood			Temperature
1			-19922.326249			99900.000000
1000			-20222.591520			36769.542477
2000			-19003.600065			23501.721022
3000			-18171.317089			21265.130236
4000			-19272.027921			19241.389323
5000			-20228.599545			17410.241977
6000			-19066.037589			15753.359626
7000			-18903.516462			14254.157974
8000			-19907.419075			12897.631004
9000			-20363.036326			11670.200782
10000			-17804.831753			10559.581542
11000			-18858.894756			9554.656721
12000			-18365.150681			8645.367688
13000			-18337.327420			7822.613061
14000			-19165.660749			7078.157611
15000			-19660.574842			6404.549832
16000			-19946.510718			5795.047357
17000			-19856.675066			5243.549468
18000			-20669.470889			4744.536038
19000			-17534.852678			4293.012272
20000			-16991.672247			3884.458716
21000			-18717.464831			3514.786020
22000			-19722.965376			3180.294005
23000			-19713.254052			2877.634626
24000			-18120.869201			2603.778466
25000			-17934.926008			2355.984403
26000			-18864.413140			2131.772185
27000			-17577.764955			1928.897594
28000			-18655.590351			1745.329992
29000			-19816.873849			1579.231987
30000			-19251.024859			1428.941048
31000			-16288.697767			1292.952863
32000			-17887.202139			1169.906280
33000			-15655.364990			1058.569685
34000			-15168.458630			957.828671
35000			-20533.116421			866.674888
36000			-16720.019054			784.195947
37000			-17003.359923			709.566288
38000			-15522.637637			642.038917
39000			-16634.435009			580.937931
40000			-16818.425482			525.651749
41000			-16619.208359			475.626993
42000			-14616.593145			430.362949
43000			-13061.065557			389.406552
44000			-14315.093349			352.347857
45000			-15973.853694			318.815931
46000			-10011.063789			288.475142
47000			-14702.247536			261.021797
48000			-13006.706113			236.181108
49000			-10704.077817			213.704435
50000			-9413.603158			193.366803
51000			-9979.877281			174.964643
52000			-8760.428440			158.313765
53000			-9281.515033			143.247502
54000			-7956.414433			129.615051
55000			-7905.476905			117.279962
56000			-6952.365289			106.118767
57000			-6673.710056			96.019751
58000			-6173.427167			86.881830
59000			-4833.047087			78.613537
60000			-5081.691670			71.132114
61000			-4386.264479			64.362677
62000			-4724.401603			58.237467
63000			-4011.959090			52.695176
64000			-3437.624404			47.680328
65000			-3418.653305			43.142730
66000			-3382.769482			39.036961
67000			-3082.993851			35.321926
68000			-2861.483530			31.960441
69000			-2815.952890			28.918858
70000			-2920.293939			26.166734
71000			-2732.770331			23.676522
72000			-2418.366128			21.423296
73000			-2414.604161			19.384503
74000			-2403.189248			17.539736
75000			-2247.626229			15.870530
76000			-2279.748085			14.360177
77000			-2236.211316			12.993561
78000			-2132.289560			11.757001
79000			-1969.138102			10.638121
80000			-1948.269892			9.625722
81000			-1953.961222			8.709670
82000			-1897.047922			7.880796
83000			-1900.842142			7.130803
84000			-1764.669517			6.452185
85000			-1753.286857			5.838150
86000			-1751.389747			5.282550
87000			-1755.183967			4.779825
88000			-1603.415169			4.324943
89000			-1368.463811			3.913350
90000			-1307.756291			3.540928
91000			-1294.476521			3.203948
92000			-1288.785191			2.899038
93000			-1300.167851			2.623145
94000			-1296.373631			2.373508
95000			-1277.402531			2.147628
96000			-1267.916982			1.943244
97000			-1108.937071			1.758311
98000			-1107.039961			1.590978
99000			-1112.731291			1.439569
100000			-1108.937071			1.302570
101000			-1105.142851			1.178608
102000			-1099.451521			1.066443
103000			-1101.348631			0.964953
104000			-1101.348631			0.873121
105000			-1101.348631			0.790029
106000			-1099.451521			0.714844
107000			-1095.657301			0.646814
108000			-1095.657301			0.585259
109000			-1095.657301			0.529561
110000			-1095.657301			0.479165
111000			-1097.554411			0.433564
112000			-1095.657301			0.392303
113000			-1095.657301			0.354969
114000			-1095.657301			0.321187
115000			-1091.863081			0.290621
116000			-1091.863081			0.262963
117000			-1091.863081			0.237938
118000			-1091.863081			0.215294
119000			-1091.863081			0.194805
120000			-1091.863081			0.176266
121000			-1091.863081			0.159491
122000			-1091.863081			0.144313
123000			-1091.863081			0.130579
124000			-1091.863081			0.118152
125000			-1091.863081			0.106908
126000			-1091.863081			0.096734
127000			-1091.863081			0.087528
128000			-1091.863081			0.079198
129000			-1091.863081			0.071661
130000			-1091.863081			0.064841
131000			-1091.863081			0.058671
132000			-1091.863081			0.053087
133000			-1091.863081			0.048035
134000			-1091.863081			0.043464
135000			-1091.863081			0.039327
136000			-1091.863081			0.035585
137000			-1091.863081			0.032198
138000			-1091.863081			0.029134
139000			-1091.863081			0.026361
140000			-1091.863081			0.023853
141000			-1091.863081			0.021583
142000			-1091.863081			0.019529
143000			-1091.863081			0.017670
144000			-1091.863081			0.015989
145000			-1091.863081			0.014467
146000			-1091.863081			0.013090
147000			-1091.863081			0.011844
148000			-1091.863081			0.010717
149000			-1091.863081			0.009697
150000			-1091.863081			0.008774
151000			-1091.863081			0.007939
152000			-1091.863081			0.007184
153000			-1091.863081			0.006500
154000			-1091.863081			0.005882
155000			-1091.863081			0.005322
156000			-1091.863081			0.004815
157000			-1091.863081			0.004357
158000			-1091.863081			0.003942
159000			-1091.863081			0.003567
160000			-1091.863081			0.003228
161000			-1091.863081			0.002921
162000			-1091.863081			0.002643
163000			-1091.863081			0.002391
164000			-1091.863081			0.002164
165000			-1091.863081			0.001958
166000			-1091.863081			0.001771
167000			-1091.863081			0.001603
168000			-1091.863081			0.001450
169000			-1091.863081			0.001312
170000			-1091.863081			0.001187
171000			-1091.863081			0.001074
Iteration: 10
Step			Log-likelihood			Temperature
1			-19723.484488			99900.000000
1000			-19061.428138			36769.542477
2000			-18175.122988			23501.721022
3000			-18613.633996			21265.130236
4000			-19610.953863			19241.389323
5000			-17445.826419			17410.241977
6000			-18347.721904			15753.359626
7000			-16267.937995			14254.157974
8000			-18932.128539			12897.631004
9000			-20198.477397			11670.200782
10000			-20049.057256			10559.581542
11000			-18347.604568			9554.656721
12000			-19883.111432			8645.367688
13000			-19521.349824			7822.613061
14000			-18031.517350			7078.157611
15000			-16982.336286			6404.549832
16000			-18511.137229			5795.047357
17000			-17890.491983			5243.549468
18000			-19634.944811			4744.536038
19000			-18837.402053			4293.012272
20000			-17757.629777			3884.458716
21000			-19606.740349			3514.786020
22000			-20173.680115			3180.294005
23000			-15702.540552			2877.634626
24000			-18109.665325			2603.778466
25000			-17489.981842			2355.984403
26000			-19638.035296			2131.772185
27000			-19644.134241			1928.897594
28000			-18355.134341			1745.329992
29000			-15682.751439			1579.231987
30000			-19173.630390			1428.941048
31000			-17781.078257			1292.952863
32000			-15263.405051			1169.906280
33000			-16548.988875			1058.569685
34000			-16830.491302			957.828671
35000			-17270.142857			866.674888
36000			-18129.134962			784.195947
37000			-13090.269873			709.566288
38000			-14157.269536			642.038917
39000			-17149.968182			580.937931
40000			-14293.794167			525.651749
41000			-17688.301710			475.626993
42000			-12181.630375			430.362949
43000			-11659.060127			389.406552
44000			-13976.419595			352.347857
45000			-11986.864217			318.815931
46000			-12332.229155			288.475142
47000			-12666.000396			261.021797
48000			-11891.308041			236.181108
49000			-11546.787529			213.704435
50000			-11675.952275			193.366803
51000			-11540.090506			174.964643
52000			-10587.720718			158.313765
53000			-10089.323260			143.247502
54000			-10481.444467			129.615051
55000			-8238.212980			117.279962
56000			-8644.860159			106.118767
57000			-7056.351551			96.019751
58000			-6165.199498			86.881830
59000			-7036.799891			78.613537
60000			-6279.536312			71.132114
61000			-5567.389918			64.362677
62000			-4083.861588			58.237467
63000			-4239.360100			52.695176
64000			-3971.351539			47.680328
65000			-3456.305224			43.142730
66000			-3275.214773			39.036961
67000			-3229.909907			35.321926
68000			-3277.337657			31.960441
69000			-3174.796958			28.918858
70000			-3284.216523			26.166734
71000			-3039.973135			23.676522
72000			-2481.099771			21.423296
73000			-2265.313033			19.384503
74000			-2288.078353			17.539736
75000			-2259.621703			15.870530
76000			-2464.477328			14.360177
77000			-1980.746535			12.993561
78000			-2009.203185			11.757001
79000			-1761.053528			10.638121
80000			-1740.185318			9.625722
81000			-1626.358719			8.709670
82000			-1603.593399			7.880796
83000			-1626.358719			7.130803
84000			-1561.856980			6.452185
85000			-1588.416519			5.838150
86000			-1582.725190			5.282550
87000			-1561.856980			4.779825
88000			-1554.268540			4.324943
89000			-1504.943680			3.913350
90000			-1497.355240			3.540928
91000			-1503.046570			3.203948
92000			-1506.840790			2.899038
93000			-1485.972580			2.623145
94000			-1434.750611			2.373508
95000			-1423.367951			2.147628
96000			-1377.837311			1.943244
97000			-1328.512452			1.758311
98000			-1320.924012			1.590978
99000			-1319.026902			1.439569
100000			-1105.030802			1.302570
101000			-1101.236582			1.178608
102000			-1101.236582			1.066443
103000			-1048.117502			0.964953
104000			-1048.117502			0.873121
105000			-1048.117502			0.790029
106000			-1048.117502			0.714844
107000			-1044.323282			0.646814
108000			-1040.529062			0.585259
109000			-1040.529062			0.529561
110000			-1040.529062			0.479165
111000			-1040.529062			0.433564
112000			-1040.529062			0.392303
113000			-1040.529062			0.354969
114000			-1038.631952			0.321187
115000			-1038.631952			0.290621
116000			-1038.631952			0.262963
117000			-1038.631952			0.237938
118000			-1038.631952			0.215294
119000			-1038.631952			0.194805
120000			-1038.631952			0.176266
121000			-1038.631952			0.159491
122000			-1038.631952			0.144313
123000			-1038.631952			0.130579
124000			-1038.631952			0.118152
125000			-1038.631952			0.106908
126000			-1038.631952			0.096734
127000			-1038.631952			0.087528
128000			-1038.631952			0.079198
129000			-1038.631952			0.071661
130000			-1038.631952			0.064841
131000			-1038.631952			0.058671
132000			-1038.631952			0.053087
133000			-1038.631952			0.048035
134000			-1038.631952			0.043464
135000			-1038.631952			0.039327
136000			-1038.631952			0.035585
137000			-1038.631952			0.032198
138000			-1038.631952			0.029134
139000			-1038.631952			0.026361
140000			-1038.631952			0.023853
141000			-1038.631952			0.021583
142000			-1038.631952			0.019529
143000			-1038.631952			0.017670
144000			-1038.631952			0.015989
145000			-1038.631952			0.014467
146000			-1038.631952			0.013090
147000			-1038.631952			0.011844
148000			-1038.631952			0.010717
149000			-1038.631952			0.009697
150000			-1038.631952			0.008774
151000			-1038.631952			0.007939
152000			-1038.631952			0.007184
153000			-1038.631952			0.006500
154000			-1038.631952			0.005882
155000			-1038.631952			0.005322
156000			-1038.631952			0.004815
157000			-1038.631952			0.004357
158000			-1038.631952			0.003942
159000			-1038.631952			0.003567
160000			-1038.631952			0.003228
161000			-1038.631952			0.002921
162000			-1038.631952			0.002643
163000			-1038.631952			0.002391
164000			-1038.631952			0.002164
165000			-1038.631952			0.001958
166000			-1038.631952			0.001771
167000			-1038.631952			0.001603
168000			-1038.631952			0.001450
169000			-1038.631952			0.001312
170000			-1038.631952			0.001187
171000			-1038.631952			0.001074

Maximum likelihood Tree found: -1002.586863
digraph g {
	"54" -> "55";
	"55" [label="16"];
	"53" -> "54";
	"54" [label="20"];
	"52" -> "53";
	"53" [label="31"];
	"51" -> "52";
	"52" [label="33"];
	"49" -> "50";
	"50" [label="41"];
	"48" -> "49";
	"49" [label="32"];
	"47" -> "48";
	"48" [label="24"];
	"46" -> "47";
	"47" [label="21"];
	"45" -> "46";
	"46" [color=indianred1, style=filled, label="9"];
	"46" [label="9"];
	"44" -> "45";
	"45" [label="8"];
	"43" -> "44";
	"44" [label="42"];
	"42" -> "43";
	"43" [label="3"];
	"42" -> "51";
	"51" [label="25"];
	"41" -> "42";
	"42" [color=indianred1, style=filled, label="35"];
	"42" [label="35"];
	"40" -> "41";
	"41" [label="28"];
	"39" -> "40";
	"40" [label="22"];
	"37" -> "38";
	"38" [label="18"];
	"36" -> "37";
	"37" [label="40"];
	"35" -> "36";
	"36" [label="44"];
	"34" -> "35";
	"35" [label="49"];
	"33" -> "34";
	"34" [label="45"];
	"33" -> "39";
	"39" [label="5"];
	"32" -> "33";
	"33" [label="15"];
	"31" -> "32";
	"32" [label="23"];
	"30" -> "31";
	"31" [label="26"];
	"29" -> "30";
	"30" [label="9"];
	"28" -> "29";
	"29" [label="4"];
	"26" -> "27";
	"27" [label="30"];
	"25" -> "26";
	"26" [label="48"];
	"24" -> "25";
	"25" [label="29"];
	"23" -> "24";
	"24" [label="47"];
	"22" -> "23";
	"23" [color=green, style=filled, label="36"];
	"21" -> "22";
	"22" [label="11"];
	"20" -> "21";
	"21" [label="27"];
	"19" -> "20";
	"20" [label="38"];
	"18" -> "19";
	"19" [label="14"];
	"18" -> "28";
	"28" [label="17"];
	"16" -> "17";
	"17" [label="50"];
	"15" -> "16";
	"16" [label="1"];
	"14" -> "15";
	"15" [label="36"];
	"13" -> "14";
	"14" [color=indianred1, style=filled, label="39"];
	"14" [label="39"];
	"12" -> "13";
	"13" [color=green, style=filled, label="18"];
	"11" -> "12";
	"12" [label="34"];
	"10" -> "11";
	"11" [label="2"];
	"8" -> "9";
	"9" [label="6"];
	"8" -> "10";
	"10" [label="12"];
	"7" -> "8";
	"8" [label="37"];
	"6" -> "7";
	"7" [label="13"];
	"5" -> "6";
	"6" [label="46"];
	"4" -> "5";
	"5" [label="19"];
	"3" -> "4";
	"4" [label="10"];
	"2" -> "3";
	"3" [label="7"];
	"2" -> "18";
	"18" [label="43"];
	"1" -> "2";
	"2" [label="35"];
	"0" -> "1";
	"1" [label="39"];
	"0" [label="germline"];
	labelloc="t";
	label="Confidence score: -1002.586863";
}
Best cell assignment:
42 54 2 53 55 42 27 50 41 9 15 16 23 17 18 9 42 55 50 42 50 55 48 54 1 27 55 55 16 38 50 18 55 36 42 38 18 33 27 50 38 9 27 9 18 41 9 18 25 33 55 26 33 18 24 16 9 9 38 6 26 32 8 27 33 32 50 38 33 26 36 17 55 27 42 9 55 32 50 16 36 9 54 55 9 8 18 16 42 38 33 42 50 40 18 50 27 16 37 50 9 9 55 37 26 18 33 49 9 50 38 42 42 6 38 42 50 16 49 31 49 27 39 55 2 9 42 42 35 9 17 18 33 55 42 27 18 50 38 18 55 31 27 9 50 40 2 54 18 27 55 30 42 17 55 38 55 33 9 9 33 17 17 16 9 38 55 54 40 27 55 17 38 38 18 55 55 46 55 42 33 42 38 18 27 27 37 9 49 9 8 37 42 14 9 27 2 17 38 8 49 49 47 38 25 48 55 55 9 32 26 50 9 9 33 33 38 36 2 50 50 55 8 55 33 38 54 50 36 50 9 38 16 33 6 18 17 33 15 42 8 9 53 42 16 16 38 18 50 49 
alpha: 0.150000
beta: 0.000010
gamma: 1.000000
delta: 0.887000
