[----]	╒══════════════════════════════════════════════════════════════════════════════════════════════════╕
[----]	|                              Starting Pipeline at 2022-02-18 11:24                               |
[----]	╘══════════════════════════════════════════════════════════════════════════════════════════════════╛
[10.1]	
[10.1]	========================================= Stage sasc (10) ==========================================
[10.2]	
[10.2]	======================================= Stage sasc_rec (10) ========================================
[10.2.172]	Starting SASC.
[10.2.172]	Iteration: 1
[10.2.172]	Step			Log-likelihood			Temperature
[10.2.172]	1			-36947.018672			9900.000000
[10.2.172]	1000			-30271.874118			1054.648417
[10.2.172]	2000			-14511.346394			387.789398
[10.2.172]	3000			-11253.999653			142.588387
[10.2.172]	4000			-7937.525807			52.429098
[10.2.172]	5000			-5718.176830			19.277939
[10.2.172]	6000			-4916.892681			7.088410
[10.2.172]	7000			-4407.860230			2.606376
[10.2.172]	8000			-3639.278499			0.958353
[10.2.172]	9000			-3033.041891			0.352382
[10.2.172]	10000			-2758.670518			0.129569
[10.2.172]	11000			-2739.699418			0.047642
[10.2.172]	12000			-2690.471318			0.017518
[10.2.172]	13000			-2635.487382			0.006441
[10.2.172]	14000			-2393.366878			0.002368
[10.2.172]	
[10.2.172]	Maximum likelihood Tree found: -2381.984218
[10.2.172]	digraph g {
[10.2.172]		"49" -> "50";
[10.2.172]		"50" [label="49"];
[10.2.172]		"48" -> "49";
[10.2.172]		"49" [label="2"];
[10.2.172]		"47" -> "48";
[10.2.172]		"48" [label="12"];
[10.2.172]		"46" -> "47";
[10.2.172]		"47" [label="47"];
[10.2.172]		"45" -> "46";
[10.2.172]		"46" [label="15"];
[10.2.172]		"44" -> "45";
[10.2.172]		"45" [label="4"];
[10.2.172]		"43" -> "44";
[10.2.172]		"44" [label="28"];
[10.2.172]		"42" -> "43";
[10.2.172]		"43" [label="3"];
[10.2.172]		"41" -> "42";
[10.2.172]		"42" [label="24"];
[10.2.172]		"40" -> "41";
[10.2.172]		"41" [label="44"];
[10.2.172]		"39" -> "40";
[10.2.172]		"40" [label="48"];
[10.2.172]		"38" -> "39";
[10.2.172]		"39" [label="43"];
[10.2.172]		"37" -> "38";
[10.2.172]		"38" [label="46"];
[10.2.172]		"36" -> "37";
[10.2.172]		"37" [label="26"];
[10.2.172]		"35" -> "36";
[10.2.172]		"36" [label="17"];
[10.2.172]		"34" -> "35";
[10.2.172]		"35" [label="19"];
[10.2.172]		"33" -> "34";
[10.2.172]		"34" [label="31"];
[10.2.172]		"32" -> "33";
[10.2.172]		"33" [label="18"];
[10.2.172]		"31" -> "32";
[10.2.172]		"32" [label="10"];
[10.2.172]		"30" -> "31";
[10.2.172]		"31" [label="25"];
[10.2.172]		"29" -> "30";
[10.2.172]		"30" [label="23"];
[10.2.172]		"28" -> "29";
[10.2.172]		"29" [label="20"];
[10.2.172]		"27" -> "28";
[10.2.172]		"28" [label="34"];
[10.2.172]		"26" -> "27";
[10.2.172]		"27" [label="37"];
[10.2.172]		"25" -> "26";
[10.2.172]		"26" [label="16"];
[10.2.172]		"24" -> "25";
[10.2.172]		"25" [label="9"];
[10.2.172]		"23" -> "24";
[10.2.172]		"24" [label="6"];
[10.2.172]		"22" -> "23";
[10.2.172]		"23" [label="27"];
[10.2.172]		"21" -> "22";
[10.2.172]		"22" [label="11"];
[10.2.172]		"20" -> "21";
[10.2.172]		"21" [label="5"];
[10.2.172]		"19" -> "20";
[10.2.172]		"20" [label="7"];
[10.2.172]		"18" -> "19";
[10.2.172]		"19" [label="8"];
[10.2.172]		"17" -> "18";
[10.2.172]		"18" [label="41"];
[10.2.172]		"16" -> "17";
[10.2.172]		"17" [label="35"];
[10.2.172]		"14" -> "15";
[10.2.172]		"15" [label="45"];
[10.2.172]		"13" -> "14";
[10.2.172]		"14" [label="50"];
[10.2.172]		"12" -> "13";
[10.2.172]		"13" [label="38"];
[10.2.172]		"11" -> "12";
[10.2.172]		"12" [label="1"];
[10.2.172]		"10" -> "11";
[10.2.172]		"11" [label="39"];
[10.2.172]		"9" -> "10";
[10.2.172]		"10" [label="42"];
[10.2.172]		"8" -> "9";
[10.2.172]		"9" [label="32"];
[10.2.172]		"7" -> "8";
[10.2.172]		"8" [label="13"];
[10.2.172]		"6" -> "7";
[10.2.172]		"7" [label="36"];
[10.2.172]		"5" -> "6";
[10.2.172]		"6" [label="33"];
[10.2.172]		"5" -> "16";
[10.2.172]		"16" [label="40"];
[10.2.172]		"4" -> "5";
[10.2.172]		"5" [label="29"];
[10.2.172]		"3" -> "4";
[10.2.172]		"4" [label="21"];
[10.2.172]		"2" -> "3";
[10.2.172]		"3" [label="14"];
[10.2.172]		"1" -> "2";
[10.2.172]		"2" [label="30"];
[10.2.172]		"0" -> "1";
[10.2.172]		"1" [label="22"];
[10.2.172]		"0" [label="germline"];
[10.2.172]		labelloc="t";
[10.2.172]		label="Confidence score: -2381.984218";
[10.2.172]	}
[10.2.172]	Best cell assignment:
[10.2.172]	28 15 49 21 48 49 42 20 12 29 37 35 34 3 35 50 49 29 40 11 37 12 35 50 37 3 20 50 11 29 12 35 29 12 3 50 29 50 27 43 11 35 12 20 37 37 15 34 29 15 2 35 15 15 1 11 12 35 29 29 41 21 35 28 3 36 33 37 13 35 29 14 29 21 42 12 34 34 28 35 21 21 3 42 35 42 37 28 15 3 29 37 1 35 41 11 37 15 21 29 36 12 50 20 50 33 20 21 28 9 12 37 50 15 15 50 20 12 3 12 18 50 29 35 50 42 35 42 29 35 3 13 34 34 42 21 50 35 12 2 35 50 37 3 40 2 36 15 15 35 12 21 25 3 37 11 21 50 11 41 50 35 21 12 35 21 3 42 37 29 36 35 49 15 50 12 42 37 37 50 36 41 9 21 49 42 49 49 29 28 36 42 37 29 29 26 21 15 50 35 29 50 12 20 3 15 28 35 37 37 14 33 37 37 15 29 37 19 15 36 29 35 50 37 14 14 29 35 34 29 21 50 21 50 48 37 29 42 21 36 3 29 50 12 37 19 28 50 37 15 
[10.2.172]	alpha: 0.150000
[10.2.172]	beta: 0.000010
[10.2.172]	gamma: 1.000000
[10.2.172]	delta: 1.000000

======================================== Pipeline Succeeded ========================================
[]	11:24:37 MSG:  Finished at Fri Feb 18 11:24:37 CET 2022
[]	11:24:37 MSG:  Outputs are: 
[]			data/exp1/sim_10_scs.sasc.mlt.gv (pre-existing)
[]			data/exp1/sim_10_scs.sasc.out.txt (pre-existing)
[]			data/exp1/sim_10_scs.sasc_rec.mlt.gv (pre-existing)
[]			data/exp1/sim_10_scs.sasc_rec.out.txt (pre-existing)
