[----]	╒══════════════════════════════════════════════════════════════════════════════════════════════════╕
[----]	|                              Starting Pipeline at 2022-03-16 13:38                               |
[----]	╘══════════════════════════════════════════════════════════════════════════════════════════════════╛
[14.1]	
[14.1]	========================================= Stage sasc (14) ==========================================
[15.1]	
[15.1]	========================================= Stage sasc (15) ==========================================
[17.1]	
[17.1]	========================================= Stage sasc (17) ==========================================
[30.1]	
[30.1]	========================================= Stage sasc (30) ==========================================
[18.1]	
[18.1]	========================================= Stage sasc (18) ==========================================
[11.1]	
[11.1]	========================================= Stage sasc (11) ==========================================
[13.1]	
[13.1]	========================================= Stage sasc (13) ==========================================
[2.1]	
[2.1]	========================================== Stage sasc (2) ==========================================
[36.1]	
[36.1]	========================================= Stage sasc (36) ==========================================
[19.1]	
[19.1]	========================================= Stage sasc (19) ==========================================
[12.1]	
[12.1]	========================================= Stage sasc (12) ==========================================
[10.1]	
[10.1]	========================================= Stage sasc (10) ==========================================
[37.1]	
[37.1]	========================================= Stage sasc (37) ==========================================
[38.1]	
[38.1]	========================================= Stage sasc (38) ==========================================
[1.1]	
[1.1]	========================================== Stage sasc (1) ==========================================
[3.1]	
[3.1]	========================================== Stage sasc (3) ==========================================
[34.1]	
[34.1]	========================================= Stage sasc (34) ==========================================
[42.1]	
[42.1]	========================================= Stage sasc (42) ==========================================
[35.1]	
[35.1]	========================================= Stage sasc (35) ==========================================
[43.1]	
[43.1]	========================================= Stage sasc (43) ==========================================
[32.1]	
[32.1]	========================================= Stage sasc (32) ==========================================
[48.1]	
[48.1]	========================================= Stage sasc (48) ==========================================
[24.1]	
[24.1]	========================================= Stage sasc (24) ==========================================
[25.1]	
[25.1]	========================================= Stage sasc (25) ==========================================
[31.1]	
[31.1]	========================================= Stage sasc (31) ==========================================
[9.1]	
[9.1]	========================================== Stage sasc (9) ==========================================
[28.1]	
[28.1]	========================================= Stage sasc (28) ==========================================
[13.2]	
[13.2]	======================================= Stage sasc_rec (13) ========================================
[26.1]	
[26.1]	========================================= Stage sasc (26) ==========================================
[23.1]	
[23.1]	========================================= Stage sasc (23) ==========================================
[22.1]	
[22.1]	========================================= Stage sasc (22) ==========================================
[17.2]	
[17.2]	======================================= Stage sasc_rec (17) ========================================
[16.2]	
[16.2]	======================================= Stage sasc_rec (16) ========================================
[27.1]	
[27.1]	========================================= Stage sasc (27) ==========================================
[20.1]	
[20.1]	========================================= Stage sasc (20) ==========================================
[15.2]	
[15.2]	======================================= Stage sasc_rec (15) ========================================
[11.2]	
[11.2]	======================================= Stage sasc_rec (11) ========================================
[7.1]	
[7.1]	========================================== Stage sasc (7) ==========================================
[21.1]	
[21.1]	========================================= Stage sasc (21) ==========================================
[29.1]	
[29.1]	========================================= Stage sasc (29) ==========================================
[8.1]	
[8.1]	========================================== Stage sasc (8) ==========================================
[21.2]	
[21.2]	======================================= Stage sasc_rec (21) ========================================
[4.1]	
[4.1]	========================================== Stage sasc (4) ==========================================
[6.1]	
[6.1]	========================================== Stage sasc (6) ==========================================
[33.1]	
[33.1]	========================================= Stage sasc (33) ==========================================
[46.1]	
[46.1]	========================================= Stage sasc (46) ==========================================
[5.1]	
[5.1]	========================================== Stage sasc (5) ==========================================
[49.1]	
[49.1]	========================================= Stage sasc (49) ==========================================
[39.1]	
[39.1]	========================================= Stage sasc (39) ==========================================
[44.1]	
[44.1]	========================================= Stage sasc (44) ==========================================
[16.1]	
[16.1]	========================================= Stage sasc (16) ==========================================
[40.1]	
[40.1]	========================================= Stage sasc (40) ==========================================
[45.1]	
[45.1]	========================================= Stage sasc (45) ==========================================
[47.1]	
[47.1]	========================================= Stage sasc (47) ==========================================
[50.1]	
[50.1]	========================================= Stage sasc (50) ==========================================
[10.2]	
[10.2]	======================================= Stage sasc_rec (10) ========================================
[12.2]	
[12.2]	======================================= Stage sasc_rec (12) ========================================
[14.2]	
[14.2]	======================================= Stage sasc_rec (14) ========================================
[20.2]	
[20.2]	======================================= Stage sasc_rec (20) ========================================
[19.2]	
[19.2]	======================================= Stage sasc_rec (19) ========================================
[22.2]	
[22.2]	======================================= Stage sasc_rec (22) ========================================
[1.2]	
[1.2]	======================================== Stage sasc_rec (1) ========================================
[18.2]	
[18.2]	======================================= Stage sasc_rec (18) ========================================
[41.1]	
[41.1]	========================================= Stage sasc (41) ==========================================
[33.2]	
[33.2]	======================================= Stage sasc_rec (33) ========================================
[35.2]	
[35.2]	======================================= Stage sasc_rec (35) ========================================
[32.2]	
[32.2]	======================================= Stage sasc_rec (32) ========================================
[34.2]	
[34.2]	======================================= Stage sasc_rec (34) ========================================
[31.2]	
[31.2]	======================================= Stage sasc_rec (31) ========================================
[30.2]	
[30.2]	======================================= Stage sasc_rec (30) ========================================
[2.2]	
[2.2]	======================================== Stage sasc_rec (2) ========================================
[27.2]	
[27.2]	======================================= Stage sasc_rec (27) ========================================
[28.2]	
[28.2]	======================================= Stage sasc_rec (28) ========================================
[29.2]	
[29.2]	======================================= Stage sasc_rec (29) ========================================
[25.2]	
[25.2]	======================================= Stage sasc_rec (25) ========================================
[26.2]	
[26.2]	======================================= Stage sasc_rec (26) ========================================
[23.2]	
[23.2]	======================================= Stage sasc_rec (23) ========================================
[24.2]	
[24.2]	======================================= Stage sasc_rec (24) ========================================
[6.2]	
[6.2]	======================================== Stage sasc_rec (6) ========================================
[8.2]	
[8.2]	======================================== Stage sasc_rec (8) ========================================
[9.2]	
[9.2]	======================================== Stage sasc_rec (9) ========================================
[45.2]	
[45.2]	======================================= Stage sasc_rec (45) ========================================
[39.2]	
[39.2]	======================================= Stage sasc_rec (39) ========================================
[3.2]	
[3.2]	======================================== Stage sasc_rec (3) ========================================
[36.2]	
[36.2]	======================================= Stage sasc_rec (36) ========================================
[42.2]	
[42.2]	======================================= Stage sasc_rec (42) ========================================
[44.2]	
[44.2]	======================================= Stage sasc_rec (44) ========================================
[46.2]	
[46.2]	======================================= Stage sasc_rec (46) ========================================
[40.2]	
[40.2]	======================================= Stage sasc_rec (40) ========================================
[38.2]	
[38.2]	======================================= Stage sasc_rec (38) ========================================
[37.2]	
[37.2]	======================================= Stage sasc_rec (37) ========================================
[41.2]	
[41.2]	======================================= Stage sasc_rec (41) ========================================
[48.2]	
[48.2]	======================================= Stage sasc_rec (48) ========================================
[43.2]	
[43.2]	======================================= Stage sasc_rec (43) ========================================
[47.2]	
[47.2]	======================================= Stage sasc_rec (47) ========================================
[50.2]	
[50.2]	======================================= Stage sasc_rec (50) ========================================
[49.2]	
[49.2]	======================================= Stage sasc_rec (49) ========================================
[4.2]	
[4.2]	======================================== Stage sasc_rec (4) ========================================
[5.2]	
[5.2]	======================================== Stage sasc_rec (5) ========================================
[7.2]	
[7.2]	======================================== Stage sasc_rec (7) ========================================
[]	
[]	============================================ Stage plot ============================================
[0.8994]	==================================================
[0.8994]	Loading files
[0.8994]	==================================================
[0.8994]	Computing tree accuracies
[0.8994]	Computing MP3
[0.8994]	Computing Recurrents
[0.8994]	[{'27'}, {'32'}, {'8', '30'}, {'21', '24'}, {'34'}, {'32', '16', '34'}, {'43', '8', '7'}, {'49', '30'}, {'49', '36'}, {'37'}, {'49'}, {'13', '1', '50'}, {'18', '36'}, {'10'}, {'31', '24'}, {'2', '1', '30'}, {'31', '49', '14', '32'}, {'48', '28'}, {'10', '32'}, {'48'}, {'2', '31'}, {'None'}, {'18', '12'}, {'38'}, {'26', '5', '30'}, {'31', '34', '36'}, {'1'}, {'26', '3'}, {'32', '46'}, {'26', '32', '8', '30'}, {'46'}, {'16', '3'}, {'16', '22', '50'}, {'32'}, {'3'}, {'10', '38'}, {'5'}, {'26', '33'}, {'34', '11'}, {'1', '47'}, {'18', '34'}, {'48'}, {'10', '48'}, {'26', '50', '14', '13'}, {'2'}, {'3'}, {'30'}, {'26', '15'}, {'9', '17', '32', '19'}, {'5', '38', '10', '16', '50'}]
[0.8994]	data/exp4/sim_1_scs.sasc_rec.mlt.gv set()
[0.8994]	data/exp4/sim_2_scs.sasc_rec.mlt.gv {'30', '12'}
[0.8994]	data/exp4/sim_3_scs.sasc_rec.mlt.gv set()
[0.8994]	data/exp4/sim_4_scs.sasc_rec.mlt.gv set()
[0.8994]	data/exp4/sim_5_scs.sasc_rec.mlt.gv set()
[0.8994]	data/exp4/sim_6_scs.sasc_rec.mlt.gv {'34'}
[0.8994]	data/exp4/sim_7_scs.sasc_rec.mlt.gv set()
[0.8994]	data/exp4/sim_8_scs.sasc_rec.mlt.gv {'30'}
[0.8994]	data/exp4/sim_9_scs.sasc_rec.mlt.gv {'36'}
[0.8994]	data/exp4/sim_10_scs.sasc_rec.mlt.gv set()
[0.8994]	data/exp4/sim_11_scs.sasc_rec.mlt.gv {'49'}
[0.8994]	data/exp4/sim_12_scs.sasc_rec.mlt.gv set()
[0.8994]	data/exp4/sim_13_scs.sasc_rec.mlt.gv {'18', '36'}
[0.8994]	data/exp4/sim_14_scs.sasc_rec.mlt.gv set()
[0.8994]	data/exp4/sim_15_scs.sasc_rec.mlt.gv {'31'}
[0.8994]	data/exp4/sim_16_scs.sasc_rec.mlt.gv {'2'}
[0.8994]	data/exp4/sim_17_scs.sasc_rec.mlt.gv {'31', '49'}
[0.8994]	data/exp4/sim_18_scs.sasc_rec.mlt.gv {'48'}
[0.8994]	data/exp4/sim_19_scs.sasc_rec.mlt.gv {'32'}
[0.8994]	data/exp4/sim_20_scs.sasc_rec.mlt.gv {'48'}
[0.8994]	data/exp4/sim_21_scs.sasc_rec.mlt.gv {'2'}
[0.8994]	data/exp4/sim_22_scs.sasc_rec.mlt.gv {'9', '40', '4'}
[0.8994]	data/exp4/sim_23_scs.sasc_rec.mlt.gv {'18'}
[0.8994]	data/exp4/sim_24_scs.sasc_rec.mlt.gv set()
[0.8994]	data/exp4/sim_25_scs.sasc_rec.mlt.gv {'26', '30'}
[0.8994]	data/exp4/sim_26_scs.sasc_rec.mlt.gv set()
[0.8994]	data/exp4/sim_27_scs.sasc_rec.mlt.gv set()
[0.8994]	data/exp4/sim_28_scs.sasc_rec.mlt.gv {'26'}
[0.8994]	data/exp4/sim_29_scs.sasc_rec.mlt.gv set()
[0.8994]	data/exp4/sim_30_scs.sasc_rec.mlt.gv {'26', '8', '32'}
[0.8994]	data/exp4/sim_31_scs.sasc_rec.mlt.gv {'46'}
[0.8994]	data/exp4/sim_32_scs.sasc_rec.mlt.gv {'23', '47', '22', '40'}
[0.8994]	data/exp4/sim_33_scs.sasc_rec.mlt.gv set()
[0.8994]	data/exp4/sim_34_scs.sasc_rec.mlt.gv set()
[0.8994]	data/exp4/sim_35_scs.sasc_rec.mlt.gv {'3'}
[0.8994]	data/exp4/sim_36_scs.sasc_rec.mlt.gv {'10'}
[0.8994]	data/exp4/sim_37_scs.sasc_rec.mlt.gv set()
[0.8994]	data/exp4/sim_38_scs.sasc_rec.mlt.gv set()
[0.8994]	data/exp4/sim_39_scs.sasc_rec.mlt.gv set()
[0.8994]	data/exp4/sim_40_scs.sasc_rec.mlt.gv set()
[0.8994]	data/exp4/sim_41_scs.sasc_rec.mlt.gv {'18'}
[0.8994]	data/exp4/sim_42_scs.sasc_rec.mlt.gv {'48'}
[0.8994]	data/exp4/sim_43_scs.sasc_rec.mlt.gv {'48'}
[0.8994]	data/exp4/sim_44_scs.sasc_rec.mlt.gv {'14', '50'}
[0.8994]	data/exp4/sim_45_scs.sasc_rec.mlt.gv set()
[0.8994]	data/exp4/sim_46_scs.sasc_rec.mlt.gv set()
[0.8994]	data/exp4/sim_47_scs.sasc_rec.mlt.gv {'30'}
[0.8994]	data/exp4/sim_48_scs.sasc_rec.mlt.gv {'26'}
[0.8994]	data/exp4/sim_49_scs.sasc_rec.mlt.gv set()
[0.8994]	data/exp4/sim_50_scs.sasc_rec.mlt.gv set()
[0.8994]	data/exp4/sim_1_scs.sasc.mlt.gv set()
[0.8994]	data/exp4/sim_2_scs.sasc.mlt.gv set()
[0.8994]	data/exp4/sim_3_scs.sasc.mlt.gv set()
[0.8994]	data/exp4/sim_4_scs.sasc.mlt.gv set()
[0.8994]	data/exp4/sim_5_scs.sasc.mlt.gv set()
[0.8994]	data/exp4/sim_6_scs.sasc.mlt.gv set()
[0.8994]	data/exp4/sim_7_scs.sasc.mlt.gv set()
[0.8994]	data/exp4/sim_8_scs.sasc.mlt.gv set()
[0.8994]	data/exp4/sim_9_scs.sasc.mlt.gv set()
[0.8994]	data/exp4/sim_10_scs.sasc.mlt.gv set()
[0.8994]	data/exp4/sim_11_scs.sasc.mlt.gv set()
[0.8994]	data/exp4/sim_12_scs.sasc.mlt.gv set()
[0.8994]	data/exp4/sim_13_scs.sasc.mlt.gv set()
[0.8994]	data/exp4/sim_14_scs.sasc.mlt.gv set()
[0.8994]	data/exp4/sim_15_scs.sasc.mlt.gv set()
[0.8994]	data/exp4/sim_16_scs.sasc.mlt.gv set()
[0.8994]	data/exp4/sim_17_scs.sasc.mlt.gv set()
[0.8994]	data/exp4/sim_18_scs.sasc.mlt.gv set()
[0.8994]	data/exp4/sim_19_scs.sasc.mlt.gv set()
[0.8994]	data/exp4/sim_20_scs.sasc.mlt.gv set()
[0.8994]	data/exp4/sim_21_scs.sasc.mlt.gv set()
[0.8994]	data/exp4/sim_22_scs.sasc.mlt.gv set()
[0.8994]	data/exp4/sim_23_scs.sasc.mlt.gv set()
[0.8994]	data/exp4/sim_24_scs.sasc.mlt.gv set()
[0.8994]	data/exp4/sim_25_scs.sasc.mlt.gv set()
[0.8994]	data/exp4/sim_26_scs.sasc.mlt.gv set()
[0.8994]	data/exp4/sim_27_scs.sasc.mlt.gv set()
[0.8994]	data/exp4/sim_28_scs.sasc.mlt.gv set()
[0.8994]	data/exp4/sim_29_scs.sasc.mlt.gv set()
[0.8994]	data/exp4/sim_30_scs.sasc.mlt.gv set()
[0.8994]	data/exp4/sim_31_scs.sasc.mlt.gv set()
[0.8994]	data/exp4/sim_32_scs.sasc.mlt.gv set()
[0.8994]	data/exp4/sim_33_scs.sasc.mlt.gv set()
[0.8994]	data/exp4/sim_34_scs.sasc.mlt.gv set()
[0.8994]	data/exp4/sim_35_scs.sasc.mlt.gv set()
[0.8994]	data/exp4/sim_36_scs.sasc.mlt.gv set()
[0.8994]	data/exp4/sim_37_scs.sasc.mlt.gv set()
[0.8994]	data/exp4/sim_38_scs.sasc.mlt.gv set()
[0.8994]	data/exp4/sim_39_scs.sasc.mlt.gv set()
[0.8994]	data/exp4/sim_40_scs.sasc.mlt.gv set()
[0.8994]	data/exp4/sim_41_scs.sasc.mlt.gv set()
[0.8994]	data/exp4/sim_42_scs.sasc.mlt.gv set()
[0.8994]	data/exp4/sim_43_scs.sasc.mlt.gv set()
[0.8994]	data/exp4/sim_44_scs.sasc.mlt.gv set()
[0.8994]	data/exp4/sim_45_scs.sasc.mlt.gv set()
[0.8994]	data/exp4/sim_46_scs.sasc.mlt.gv set()
[0.8994]	data/exp4/sim_47_scs.sasc.mlt.gv set()
[0.8994]	data/exp4/sim_48_scs.sasc.mlt.gv set()
[0.8994]	data/exp4/sim_49_scs.sasc.mlt.gv set()
[0.8994]	data/exp4/sim_50_scs.sasc.mlt.gv set()
[0.8994]	[[set(), {'30', '12'}, set(), set(), set(), {'34'}, set(), {'30'}, {'36'}, set(), {'49'}, set(), {'18', '36'}, set(), {'31'}, {'2'}, {'31', '49'}, {'48'}, {'32'}, {'48'}, {'2'}, {'9', '40', '4'}, {'18'}, set(), {'26', '30'}, set(), set(), {'26'}, set(), {'26', '8', '32'}, {'46'}, {'23', '47', '22', '40'}, set(), set(), {'3'}, {'10'}, set(), set(), set(), set(), {'18'}, {'48'}, {'48'}, {'14', '50'}, set(), set(), {'30'}, {'26'}, set(), set()], [set(), set(), set(), set(), set(), set(), set(), set(), set(), set(), set(), set(), set(), set(), set(), set(), set(), set(), set(), set(), set(), set(), set(), set(), set(), set(), set(), set(), set(), set(), set(), set(), set(), set(), set(), set(), set(), set(), set(), set(), set(), set(), set(), set(), set(), set(), set(), set(), set(), set()]]

======================================== Pipeline Succeeded ========================================
[]	13:38:26 MSG:  Finished at Wed Mar 16 13:38:26 CET 2022
[]	13:38:26 MSG:  Outputs are: 
[]			data/exp1/sim_49_scs.sasc.mlt.gv (pre-existing)
[]			data/exp1/sim_49_scs.sasc.out.txt (pre-existing)
[]			data/exp1/sim_49_scs.sasc_rec.mlt.gv (pre-existing)
[]			data/exp1/sim_49_scs.sasc_rec.out.txt (pre-existing)
[]			data/exp1/sim_48_scs.sasc.mlt.gv (pre-existing)
[]			... 995 more ...
