[----]	╒══════════════════════════════════════════════════════════════════════════════════════════════════╕
[----]	|                              Starting Pipeline at 2022-02-21 11:49                               |
[----]	╘══════════════════════════════════════════════════════════════════════════════════════════════════╛
[15.1]	
[15.1]	========================================= Stage sasc (15) ==========================================
[30.1]	
[30.1]	========================================= Stage sasc (30) ==========================================
[18.1]	
[18.1]	========================================= Stage sasc (18) ==========================================
[11.1]	
[11.1]	========================================= Stage sasc (11) ==========================================
[16.1]	
[16.1]	========================================= Stage sasc (16) ==========================================
[26.1]	
[26.1]	========================================= Stage sasc (26) ==========================================
[14.1]	
[14.1]	========================================= Stage sasc (14) ==========================================
[12.1]	
[12.1]	========================================= Stage sasc (12) ==========================================
[1.1]	
[1.1]	========================================== Stage sasc (1) ==========================================
[13.1]	
[13.1]	========================================= Stage sasc (13) ==========================================
[23.1]	
[23.1]	========================================= Stage sasc (23) ==========================================
[3.1]	
[3.1]	========================================== Stage sasc (3) ==========================================
[40.1]	
[40.1]	========================================= Stage sasc (40) ==========================================
[44.1]	
[44.1]	========================================= Stage sasc (44) ==========================================
[38.1]	
[38.1]	========================================= Stage sasc (38) ==========================================
[27.1]	
[27.1]	========================================= Stage sasc (27) ==========================================
[5.1]	
[5.1]	========================================== Stage sasc (5) ==========================================
[28.1]	
[28.1]	========================================= Stage sasc (28) ==========================================
[33.1]	
[33.1]	========================================= Stage sasc (33) ==========================================
[32.1]	
[32.1]	========================================= Stage sasc (32) ==========================================
[29.1]	
[29.1]	========================================= Stage sasc (29) ==========================================
[50.1]	
[50.1]	========================================= Stage sasc (50) ==========================================
[2.1]	
[2.1]	========================================== Stage sasc (2) ==========================================
[10.1]	
[10.1]	========================================= Stage sasc (10) ==========================================
[19.1]	
[19.1]	========================================= Stage sasc (19) ==========================================
[22.1]	
[22.1]	========================================= Stage sasc (22) ==========================================
[11.2]	
[11.2]	======================================= Stage sasc_rec (11) ========================================
[21.1]	
[21.1]	========================================= Stage sasc (21) ==========================================
[25.1]	
[25.1]	========================================= Stage sasc (25) ==========================================
[10.2]	
[10.2]	======================================= Stage sasc_rec (10) ========================================
[7.1]	
[7.1]	========================================== Stage sasc (7) ==========================================
[9.1]	
[9.1]	========================================== Stage sasc (9) ==========================================
[8.1]	
[8.1]	========================================== Stage sasc (8) ==========================================
[31.1]	
[31.1]	========================================= Stage sasc (31) ==========================================
[48.1]	
[48.1]	========================================= Stage sasc (48) ==========================================
[37.1]	
[37.1]	========================================= Stage sasc (37) ==========================================
[35.1]	
[35.1]	========================================= Stage sasc (35) ==========================================
[36.1]	
[36.1]	========================================= Stage sasc (36) ==========================================
[43.1]	
[43.1]	========================================= Stage sasc (43) ==========================================
[34.1]	
[34.1]	========================================= Stage sasc (34) ==========================================
[41.1]	
[41.1]	========================================= Stage sasc (41) ==========================================
[17.1]	
[17.1]	========================================= Stage sasc (17) ==========================================
[20.1]	
[20.1]	========================================= Stage sasc (20) ==========================================
[42.1]	
[42.1]	========================================= Stage sasc (42) ==========================================
[45.1]	
[45.1]	========================================= Stage sasc (45) ==========================================
[46.1]	
[46.1]	========================================= Stage sasc (46) ==========================================
[49.1]	
[49.1]	========================================= Stage sasc (49) ==========================================
[47.1]	
[47.1]	========================================= Stage sasc (47) ==========================================
[4.1]	
[4.1]	========================================== Stage sasc (4) ==========================================
[6.1]	
[6.1]	========================================== Stage sasc (6) ==========================================
[21.2]	
[21.2]	======================================= Stage sasc_rec (21) ========================================
[1.2]	
[1.2]	======================================== Stage sasc_rec (1) ========================================
[12.2]	
[12.2]	======================================= Stage sasc_rec (12) ========================================
[18.2]	
[18.2]	======================================= Stage sasc_rec (18) ========================================
[16.2]	
[16.2]	======================================= Stage sasc_rec (16) ========================================
[14.2]	
[14.2]	======================================= Stage sasc_rec (14) ========================================
[19.2]	
[19.2]	======================================= Stage sasc_rec (19) ========================================
[24.1]	
[24.1]	========================================= Stage sasc (24) ==========================================
[22.2]	
[22.2]	======================================= Stage sasc_rec (22) ========================================
[20.2]	
[20.2]	======================================= Stage sasc_rec (20) ========================================
[15.2]	
[15.2]	======================================= Stage sasc_rec (15) ========================================
[13.2]	
[13.2]	======================================= Stage sasc_rec (13) ========================================
[17.2]	
[17.2]	======================================= Stage sasc_rec (17) ========================================
[39.1]	
[39.1]	========================================= Stage sasc (39) ==========================================
[32.2]	
[32.2]	======================================= Stage sasc_rec (32) ========================================
[31.2]	
[31.2]	======================================= Stage sasc_rec (31) ========================================
[30.2]	
[30.2]	======================================= Stage sasc_rec (30) ========================================
[29.2]	
[29.2]	======================================= Stage sasc_rec (29) ========================================
[2.2]	
[2.2]	======================================== Stage sasc_rec (2) ========================================
[28.2]	
[28.2]	======================================= Stage sasc_rec (28) ========================================
[26.2]	
[26.2]	======================================= Stage sasc_rec (26) ========================================
[27.2]	
[27.2]	======================================= Stage sasc_rec (27) ========================================
[25.2]	
[25.2]	======================================= Stage sasc_rec (25) ========================================
[23.2]	
[23.2]	======================================= Stage sasc_rec (23) ========================================
[24.2]	
[24.2]	======================================= Stage sasc_rec (24) ========================================
[7.2]	
[7.2]	======================================== Stage sasc_rec (7) ========================================
[4.2]	
[4.2]	======================================== Stage sasc_rec (4) ========================================
[49.2]	
[49.2]	======================================= Stage sasc_rec (49) ========================================
[5.2]	
[5.2]	======================================== Stage sasc_rec (5) ========================================
[6.2]	
[6.2]	======================================== Stage sasc_rec (6) ========================================
[8.2]	
[8.2]	======================================== Stage sasc_rec (8) ========================================
[50.2]	
[50.2]	======================================= Stage sasc_rec (50) ========================================
[42.2]	
[42.2]	======================================= Stage sasc_rec (42) ========================================
[40.2]	
[40.2]	======================================= Stage sasc_rec (40) ========================================
[45.2]	
[45.2]	======================================= Stage sasc_rec (45) ========================================
[43.2]	
[43.2]	======================================= Stage sasc_rec (43) ========================================
[44.2]	
[44.2]	======================================= Stage sasc_rec (44) ========================================
[46.2]	
[46.2]	======================================= Stage sasc_rec (46) ========================================
[47.2]	
[47.2]	======================================= Stage sasc_rec (47) ========================================
[48.2]	
[48.2]	======================================= Stage sasc_rec (48) ========================================
[33.2]	
[33.2]	======================================= Stage sasc_rec (33) ========================================
[37.2]	
[37.2]	======================================= Stage sasc_rec (37) ========================================
[35.2]	
[35.2]	======================================= Stage sasc_rec (35) ========================================
[34.2]	
[34.2]	======================================= Stage sasc_rec (34) ========================================
[3.2]	
[3.2]	======================================== Stage sasc_rec (3) ========================================
[38.2]	
[38.2]	======================================= Stage sasc_rec (38) ========================================
[41.2]	
[41.2]	======================================= Stage sasc_rec (41) ========================================
[39.2]	
[39.2]	======================================= Stage sasc_rec (39) ========================================
[36.2]	
[36.2]	======================================= Stage sasc_rec (36) ========================================
[9.2]	
[9.2]	======================================== Stage sasc_rec (9) ========================================
[]	
[]	============================================ Stage plot ============================================
[0.2782]	==================================================
[0.2782]	Loading files
[0.2782]	==================================================
[0.2782]	Computing tree accuracies
[0.2782]	sim 0, anc desc: 0.866216
[0.2782]	sim 1, anc desc: 0.864177
[0.2782]	sim 2, anc desc: 0.818108
[0.2782]	sim 3, anc desc: 0.787879
[0.2782]	sim 4, anc desc: 0.890654
[0.2782]	sim 5, anc desc: 0.802761
[0.2782]	sim 6, anc desc: 0.866397
[0.2782]	sim 7, anc desc: 0.810565
[0.2782]	sim 8, anc desc: 0.850909
[0.2782]	sim 9, anc desc: 0.907138
[0.2782]	sim 10, anc desc: 0.749436
[0.2782]	sim 11, anc desc: 0.844682
[0.2782]	sim 12, anc desc: 0.894490
[0.2782]	sim 13, anc desc: 0.879195
[0.2782]	sim 14, anc desc: 0.838323
[0.2782]	sim 15, anc desc: 0.780899
[0.2782]	sim 16, anc desc: 0.872675
[0.2782]	sim 17, anc desc: 0.777015
[0.2782]	sim 18, anc desc: 0.845517
[0.2782]	sim 19, anc desc: 0.812686
[0.2782]	sim 20, anc desc: 0.825879
[0.2782]	sim 21, anc desc: 0.867187
[0.2782]	sim 22, anc desc: 0.856128
[0.2782]	sim 23, anc desc: 0.841328
[0.2782]	sim 24, anc desc: 0.834699
[0.2782]	sim 25, anc desc: 0.831766
[0.2782]	sim 26, anc desc: 0.846435
[0.2782]	sim 27, anc desc: 0.859248
[0.2782]	sim 28, anc desc: 0.778968
[0.2782]	sim 29, anc desc: 0.849402
[0.2782]	sim 30, anc desc: 0.735395
[0.2782]	sim 31, anc desc: 0.741059
[0.2782]	sim 32, anc desc: 0.855191
[0.2782]	sim 33, anc desc: 0.847189
[0.2782]	sim 34, anc desc: 0.804706
[0.2782]	sim 35, anc desc: 0.846222
[0.2782]	sim 36, anc desc: 0.809237
[0.2782]	sim 37, anc desc: 0.843875
[0.2782]	sim 38, anc desc: 0.881752
[0.2782]	sim 39, anc desc: 0.755991
[0.2782]	sim 40, anc desc: 0.838006
[0.2782]	sim 41, anc desc: 0.848614
[0.2782]	sim 42, anc desc: 0.806688
[0.2782]	sim 43, anc desc: 0.834367
[0.2782]	sim 44, anc desc: 0.801230
[0.2782]	sim 45, anc desc: 0.823654
[0.2782]	sim 46, anc desc: 0.895166
[0.2782]	sim 47, anc desc: 0.738966
[0.2782]	sim 48, anc desc: 0.784236
[0.2782]	sim 49, anc desc: 0.734793
[0.2782]	sim 0, anc desc: 0.866216
[0.2782]	sim 1, anc desc: 0.864177
[0.2782]	sim 2, anc desc: 0.818108
[0.2782]	sim 3, anc desc: 0.787879
[0.2782]	sim 4, anc desc: 0.890654
[0.2782]	sim 5, anc desc: 0.802761
[0.2782]	sim 6, anc desc: 0.866397
[0.2782]	sim 7, anc desc: 0.812386
[0.2782]	sim 8, anc desc: 0.850909
[0.2782]	sim 9, anc desc: 0.907138
[0.2782]	sim 10, anc desc: 0.759725
[0.2782]	sim 11, anc desc: 0.844682
[0.2782]	sim 12, anc desc: 0.894490
[0.2782]	sim 13, anc desc: 0.879195
[0.2782]	sim 14, anc desc: 0.840034
[0.2782]	sim 15, anc desc: 0.780899
[0.2782]	sim 16, anc desc: 0.872675
[0.2782]	sim 17, anc desc: 0.775300
[0.2782]	sim 18, anc desc: 0.845517
[0.2782]	sim 19, anc desc: 0.812686
[0.2782]	sim 20, anc desc: 0.825879
[0.2782]	sim 21, anc desc: 0.867187
[0.2782]	sim 22, anc desc: 0.856128
[0.2782]	sim 23, anc desc: 0.841328
[0.2782]	sim 24, anc desc: 0.836066
[0.2782]	sim 25, anc desc: 0.831766
[0.2782]	sim 26, anc desc: 0.846435
[0.2782]	sim 27, anc desc: 0.860722
[0.2782]	sim 28, anc desc: 0.778968
[0.2782]	sim 29, anc desc: 0.849402
[0.2782]	sim 30, anc desc: 0.735395
[0.2782]	sim 31, anc desc: 0.741059
[0.2782]	sim 32, anc desc: 0.855191
[0.2782]	sim 33, anc desc: 0.847189
[0.2782]	sim 34, anc desc: 0.804706
[0.2782]	sim 35, anc desc: 0.846222
[0.2782]	sim 36, anc desc: 0.809237
[0.2782]	sim 37, anc desc: 0.843875
[0.2782]	sim 38, anc desc: 0.881752
[0.2782]	sim 39, anc desc: 0.755991
[0.2782]	sim 40, anc desc: 0.844237
[0.2782]	sim 41, anc desc: 0.848614
[0.2782]	sim 42, anc desc: 0.814346
[0.2782]	sim 43, anc desc: 0.834367
[0.2782]	sim 44, anc desc: 0.801230
[0.2782]	sim 45, anc desc: 0.823654
[0.2782]	sim 46, anc desc: 0.895166
[0.2782]	sim 47, anc desc: 0.738966
[0.2782]	sim 48, anc desc: 0.788177
[0.2782]	sim 49, anc desc: 0.734793
[0.2782]	reSASC -- Anc-Desc: 0.827542
[0.2782]	SASC -- Anc-Desc: 0.828198
[0.2782]	----------------------------------------
[0.2782]	sim 0, diff lin: 0.943750
[0.2782]	sim 1, diff lin: 0.958137
[0.2782]	sim 2, diff lin: 0.940207
[0.2782]	sim 3, diff lin: 0.940936
[0.2782]	sim 4, diff lin: 0.946774
[0.2782]	sim 5, diff lin: 0.949824
[0.2782]	sim 6, diff lin: 0.956175
[0.2782]	sim 7, diff lin: 0.946694
[0.2782]	sim 8, diff lin: 0.957949
[0.2782]	sim 9, diff lin: 0.956980
[0.2782]	sim 10, diff lin: 0.946038
[0.2782]	sim 11, diff lin: 0.945031
[0.2782]	sim 12, diff lin: 0.945355
[0.2782]	sim 13, diff lin: 0.948718
[0.2782]	sim 14, diff lin: 0.950666
[0.2782]	sim 15, diff lin: 0.940488
[0.2782]	sim 16, diff lin: 0.950583
[0.2782]	sim 17, diff lin: 0.932186
[0.2782]	sim 18, diff lin: 0.936901
[0.2782]	sim 19, diff lin: 0.952643
[0.2782]	sim 20, diff lin: 0.941836
[0.2782]	sim 21, diff lin: 0.954301
[0.2782]	sim 22, diff lin: 0.958183
[0.2782]	sim 23, diff lin: 0.956078
[0.2782]	sim 24, diff lin: 0.931561
[0.2782]	sim 25, diff lin: 0.960178
[0.2782]	sim 26, diff lin: 0.956989
[0.2782]	sim 27, diff lin: 0.947571
[0.2782]	sim 28, diff lin: 0.942864
[0.2782]	sim 29, diff lin: 0.949533
[0.2782]	sim 30, diff lin: 0.944027
[0.2782]	sim 31, diff lin: 0.957917
[0.2782]	sim 32, diff lin: 0.940045
[0.2782]	sim 33, diff lin: 0.948354
[0.2782]	sim 34, diff lin: 0.960000
[0.2782]	sim 35, diff lin: 0.955355
[0.2782]	sim 36, diff lin: 0.952547
[0.2782]	sim 37, diff lin: 0.948014
[0.2782]	sim 38, diff lin: 0.955372
[0.2782]	sim 39, diff lin: 0.945125
[0.2782]	sim 40, diff lin: 0.944026
[0.2782]	sim 41, diff lin: 0.940718
[0.2782]	sim 42, diff lin: 0.954242
[0.2782]	sim 43, diff lin: 0.951692
[0.2782]	sim 44, diff lin: 0.951789
[0.2782]	sim 45, diff lin: 0.958796
[0.2782]	sim 46, diff lin: 0.950983
[0.2782]	sim 47, diff lin: 0.950796
[0.2782]	sim 48, diff lin: 0.945044
[0.2782]	sim 49, diff lin: 0.947822
[0.2782]	sim 0, diff lin: 0.943750
[0.2782]	sim 1, diff lin: 0.958137
[0.2782]	sim 2, diff lin: 0.940207
[0.2782]	sim 3, diff lin: 0.940936
[0.2782]	sim 4, diff lin: 0.946774
[0.2782]	sim 5, diff lin: 0.949824
[0.2782]	sim 6, diff lin: 0.956175
[0.2782]	sim 7, diff lin: 0.947207
[0.2782]	sim 8, diff lin: 0.957949
[0.2782]	sim 9, diff lin: 0.956980
[0.2782]	sim 10, diff lin: 0.949103
[0.2782]	sim 11, diff lin: 0.945031
[0.2782]	sim 12, diff lin: 0.945355
[0.2782]	sim 13, diff lin: 0.948718
[0.2782]	sim 14, diff lin: 0.951188
[0.2782]	sim 15, diff lin: 0.940488
[0.2782]	sim 16, diff lin: 0.950583
[0.2782]	sim 17, diff lin: 0.931664
[0.2782]	sim 18, diff lin: 0.936901
[0.2782]	sim 19, diff lin: 0.952643
[0.2782]	sim 20, diff lin: 0.941836
[0.2782]	sim 21, diff lin: 0.954301
[0.2782]	sim 22, diff lin: 0.958183
[0.2782]	sim 23, diff lin: 0.956078
[0.2782]	sim 24, diff lin: 0.932127
[0.2782]	sim 25, diff lin: 0.960178
[0.2782]	sim 26, diff lin: 0.956989
[0.2782]	sim 27, diff lin: 0.948120
[0.2782]	sim 28, diff lin: 0.942864
[0.2782]	sim 29, diff lin: 0.949533
[0.2782]	sim 30, diff lin: 0.944027
[0.2782]	sim 31, diff lin: 0.957917
[0.2782]	sim 32, diff lin: 0.940045
[0.2782]	sim 33, diff lin: 0.948354
[0.2782]	sim 34, diff lin: 0.960000
[0.2782]	sim 35, diff lin: 0.955355
[0.2782]	sim 36, diff lin: 0.952547
[0.2782]	sim 37, diff lin: 0.948014
[0.2782]	sim 38, diff lin: 0.955372
[0.2782]	sim 39, diff lin: 0.945125
[0.2782]	sim 40, diff lin: 0.946179
[0.2782]	sim 41, diff lin: 0.940718
[0.2782]	sim 42, diff lin: 0.956565
[0.2782]	sim 43, diff lin: 0.951692
[0.2782]	sim 44, diff lin: 0.951789
[0.2782]	sim 45, diff lin: 0.958796
[0.2782]	sim 46, diff lin: 0.950983
[0.2782]	sim 47, diff lin: 0.950796
[0.2782]	sim 48, diff lin: 0.946048
[0.2782]	sim 49, diff lin: 0.947822
[0.2782]	reSASC -- Diff-Lin: 0.948956
[0.2782]	SASC -- Diff-Lin: 0.949159
[0.2782]	----------------------------------------

======================================== Pipeline Succeeded ========================================
[]	11:49:33 MSG:  Finished at Mon Feb 21 11:49:33 CET 2022
[]	11:49:34 MSG:  Outputs are: 
[]			data/exp1/sim_11_scs.sasc_rec.mlt.gv (pre-existing)
[]			data/exp1/sim_11_scs.sasc_rec.out.txt (pre-existing)
[]			data/exp1/sim_11_scs.sasc.mlt.gv (pre-existing)
[]			data/exp1/sim_11_scs.sasc.out.txt (pre-existing)
[]			data/exp1/sim_20_scs.sasc_rec.mlt.gv (pre-existing)
[]			... 195 more ...
