Starting SASC.
Iteration: 1
Step			Log-likelihood			Temperature
1			-23929.448771			99900.000000
1000			-23748.343584			36769.542477
2000			-21080.133046			23501.721022
3000			-20872.462481			21265.130236
4000			-24352.510137			19241.389323
5000			-21891.536134			17410.241977
6000			-21652.209996			15753.359626
7000			-18304.593574			14254.157974
8000			-22310.823855			12897.631004
9000			-21906.836189			11670.200782
10000			-19640.308592			10559.581542
11000			-20135.081993			9554.656721
12000			-21455.948504			8645.367688
13000			-22900.244500			7822.613061
14000			-23858.176604			7078.157611
15000			-19207.917104			6404.549832
16000			-20933.738883			5795.047357
17000			-17086.939244			5243.549468
18000			-21511.518840			4744.536038
19000			-23524.549113			4293.012272
20000			-19016.223913			3884.458716
21000			-22164.294839			3514.786020
22000			-22161.834686			3180.294005
23000			-23966.420311			2877.634626
24000			-21394.466904			2603.778466
25000			-19010.614607			2355.984403
26000			-20778.346028			2131.772185
27000			-23575.738829			1928.897594
28000			-23446.547669			1745.329992
29000			-18948.728449			1579.231987
30000			-19741.752676			1428.941048
31000			-20809.646814			1292.952863
32000			-20398.592600			1169.906280
33000			-16912.754073			1058.569685
34000			-15704.479636			957.828671
35000			-18859.045168			866.674888
36000			-16948.681827			784.195947
37000			-17392.772670			709.566288
38000			-17245.581069			642.038917
39000			-15930.725364			580.937931
40000			-15502.450630			525.651749
41000			-14854.682801			475.626993
42000			-13136.634085			430.362949
43000			-14464.479280			389.406552
44000			-13647.126835			352.347857
45000			-13088.690281			318.815931
46000			-12665.499902			288.475142
47000			-12139.522475			261.021797
48000			-11417.444823			236.181108
49000			-11238.846779			213.704435
50000			-12604.953650			193.366803
51000			-9896.774789			174.964643
52000			-9489.649648			158.313765
53000			-9486.623670			143.247502
54000			-8592.762333			129.615051
55000			-7705.043874			117.279962
56000			-6118.212441			106.118767
57000			-5291.691141			96.019751
58000			-5847.532689			86.881830
59000			-5837.627845			78.613537
60000			-5599.817615			71.132114
61000			-5076.989340			64.362677
62000			-5227.344829			58.237467
63000			-4643.040793			52.695176
64000			-3937.063691			47.680328
65000			-3992.208894			43.142730
66000			-3995.970861			39.036961
67000			-3398.510229			35.321926
68000			-3345.294389			31.960441
69000			-3641.727347			28.918858
70000			-3197.771358			26.166734
71000			-2941.113202			23.676522
72000			-3062.528241			21.423296
73000			-2624.263581			19.384503
74000			-2396.642637			17.539736
75000			-2628.090055			15.870530
76000			-2334.296034			14.360177
77000			-2250.823195			12.993561
78000			-2123.684572			11.757001
79000			-2097.157286			10.638121
80000			-2068.700636			9.625722
81000			-1957.093681			8.709670
82000			-1850.855522			7.880796
83000			-1850.855522			7.130803
84000			-1826.193092			6.452185
85000			-1786.353782			5.838150
86000			-1792.045112			5.282550
87000			-1619.408103			4.779825
88000			-1615.613884			4.324943
89000			-1583.363014			3.913350
90000			-1526.449714			3.540928
91000			-1524.552604			3.203948
92000			-1516.964164			2.899038
93000			-1515.067054			2.623145
94000			-1524.552604			2.373508
95000			-1524.552604			2.147628
96000			-1524.552604			1.943244
97000			-1522.655494			1.758311
98000			-1518.861274			1.590978
99000			-1513.169944			1.439569
100000			-1513.169944			1.302570
101000			-1359.504036			1.178608
102000			-1357.606926			1.066443
103000			-1357.606926			0.964953
104000			-1353.812706			0.873121
105000			-1348.121376			0.790029
106000			-1346.224266			0.714844
107000			-1348.121376			0.646814
108000			-1348.121376			0.585259
109000			-1346.224266			0.529561
110000			-1346.224266			0.479165
111000			-1327.253166			0.433564
112000			-1321.561836			0.392303
113000			-1319.664726			0.354969
114000			-1277.928306			0.321187
115000			-1277.928306			0.290621
116000			-1274.134086			0.262963
117000			-1272.236976			0.237938
118000			-1272.236976			0.215294
119000			-1272.236976			0.194805
120000			-1272.236976			0.176266
121000			-1268.442756			0.159491
122000			-1268.442756			0.144313
123000			-1268.442756			0.130579
124000			-1268.442756			0.118152
125000			-1257.060096			0.106908
126000			-1257.060096			0.096734
127000			-1257.060096			0.087528
128000			-1257.060096			0.079198
129000			-1255.162986			0.071661
130000			-1255.162986			0.064841
131000			-1255.162986			0.058671
132000			-1255.162986			0.053087
133000			-1255.162986			0.048035
134000			-1255.162986			0.043464
135000			-1255.162986			0.039327
136000			-1255.162986			0.035585
137000			-1255.162986			0.032198
138000			-1255.162986			0.029134
139000			-1255.162986			0.026361
140000			-1255.162986			0.023853
141000			-1255.162986			0.021583
142000			-1255.162986			0.019529
143000			-1255.162986			0.017670
144000			-1255.162986			0.015989
145000			-1255.162986			0.014467
146000			-1255.162986			0.013090
147000			-1255.162986			0.011844
148000			-1255.162986			0.010717
149000			-1255.162986			0.009697
150000			-1255.162986			0.008774
151000			-1255.162986			0.007939
152000			-1255.162986			0.007184
153000			-1255.162986			0.006500
154000			-1255.162986			0.005882
155000			-1255.162986			0.005322
156000			-1253.265876			0.004815
157000			-1253.265876			0.004357
158000			-1253.265876			0.003942
159000			-1253.265876			0.003567
160000			-1253.265876			0.003228
161000			-1253.265876			0.002921
162000			-1253.265876			0.002643
163000			-1253.265876			0.002391
164000			-1253.265876			0.002164
165000			-1253.265876			0.001958
166000			-1253.265876			0.001771
167000			-1253.265876			0.001603
168000			-1253.265876			0.001450
169000			-1253.265876			0.001312
170000			-1253.265876			0.001187
171000			-1253.265876			0.001074
Iteration: 2
Step			Log-likelihood			Temperature
1			-22114.409994			99900.000000
1000			-22957.398309			36769.542477
2000			-21588.004376			23501.721022
3000			-20419.525317			21265.130236
4000			-22968.068337			19241.389323
5000			-21596.199791			17410.241977
6000			-21844.038039			15753.359626
7000			-21536.518540			14254.157974
8000			-21635.851419			12897.631004
9000			-21120.670252			11670.200782
10000			-18867.507507			10559.581542
11000			-21885.167484			9554.656721
12000			-21943.810787			8645.367688
13000			-20501.186128			7822.613061
14000			-20198.536889			7078.157611
15000			-23457.402597			6404.549832
16000			-24259.809774			5795.047357
17000			-23096.919446			5243.549468
18000			-20186.400723			4744.536038
19000			-22204.354083			4293.012272
20000			-21816.419977			3884.458716
21000			-21584.037211			3514.786020
22000			-20967.274048			3180.294005
23000			-16146.635276			2877.634626
24000			-20418.150100			2603.778466
25000			-23151.516342			2355.984403
26000			-21763.295058			2131.772185
27000			-23146.525689			1928.897594
28000			-22213.587445			1745.329992
29000			-20883.118049			1579.231987
30000			-19871.556651			1428.941048
31000			-21507.358155			1292.952863
32000			-18473.210589			1169.906280
33000			-19041.164945			1058.569685
34000			-17678.256998			957.828671
35000			-16918.656441			866.674888
36000			-18584.961294			784.195947
37000			-19478.488418			709.566288
38000			-16076.653244			642.038917
39000			-18533.170442			580.937931
40000			-17739.163877			525.651749
41000			-17272.727009			475.626993
42000			-14467.877562			430.362949
43000			-17371.690365			389.406552
44000			-12545.864638			352.347857
45000			-12618.283190			318.815931
46000			-11982.487479			288.475142
47000			-11691.584584			261.021797
48000			-11495.285000			236.181108
49000			-11802.998019			213.704435
50000			-11953.212817			193.366803
51000			-9540.983114			174.964643
52000			-8831.211791			158.313765
53000			-9089.330246			143.247502
54000			-8814.674431			129.615051
55000			-6840.122987			117.279962
56000			-5750.548467			106.118767
57000			-5457.399513			96.019751
58000			-4157.471558			86.881830
59000			-4993.317141			78.613537
60000			-4912.096199			71.132114
61000			-3315.483098			64.362677
62000			-3639.114824			58.237467
63000			-3794.323056			52.695176
64000			-3366.253520			47.680328
65000			-3168.889575			43.142730
66000			-2818.666055			39.036961
67000			-2649.791013			35.321926
68000			-2498.054468			31.960441
69000			-2550.980027			28.918858
70000			-2501.590661			26.166734
71000			-2414.871909			23.676522
72000			-2178.410482			21.423296
73000			-2068.378102			19.384503
74000			-1998.185033			17.539736
75000			-1840.724904			15.870530
76000			-1744.198069			14.360177
77000			-1869.407328			12.993561
78000			-1761.207552			11.757001
79000			-1709.985582			10.638121
80000			-1605.644533			9.625722
81000			-1628.409853			8.709670
82000			-1651.239679			7.880796
83000			-1683.426042			7.130803
84000			-1469.052614			6.452185
85000			-1455.772844			5.838150
86000			-1453.875734			5.282550
87000			-1283.619636			4.779825
88000			-1276.031196			4.324943
89000			-1281.722526			3.913350
90000			-1257.060096			3.540928
91000			-1260.854316			3.203948
92000			-1262.751426			2.899038
93000			-1258.957206			2.623145
94000			-1255.162986			2.373508
95000			-1245.677436			2.147628
96000			-1247.574546			1.943244
97000			-1251.368766			1.758311
98000			-1241.883217			1.590978
99000			-1239.986107			1.439569
100000			-1241.883217			1.302570
101000			-1247.574546			1.178608
102000			-1243.780326			1.066443
103000			-1241.883217			0.964953
104000			-1236.191887			0.873121
105000			-1239.986107			0.790029
106000			-1239.986107			0.714844
107000			-1236.191887			0.646814
108000			-1236.191887			0.585259
109000			-1234.294777			0.529561
110000			-1232.397667			0.479165
111000			-1232.397667			0.433564
112000			-1232.397667			0.392303
113000			-1232.397667			0.354969
114000			-1232.397667			0.321187
115000			-1232.397667			0.290621
116000			-1230.500557			0.262963
117000			-1230.500557			0.237938
118000			-1230.500557			0.215294
119000			-1228.603447			0.194805
120000			-1228.603447			0.176266
121000			-1228.603447			0.159491
122000			-1228.603447			0.144313
123000			-1228.603447			0.130579
124000			-1228.603447			0.118152
125000			-1228.603447			0.106908
126000			-1228.603447			0.096734
127000			-1226.706337			0.087528
128000			-1226.706337			0.079198
129000			-1226.706337			0.071661
130000			-1226.706337			0.064841
131000			-1226.706337			0.058671
132000			-1226.706337			0.053087
133000			-1226.706337			0.048035
134000			-1226.706337			0.043464
135000			-1226.706337			0.039327
136000			-1226.706337			0.035585
137000			-1226.706337			0.032198
138000			-1226.706337			0.029134
139000			-1226.706337			0.026361
140000			-1226.706337			0.023853
141000			-1226.706337			0.021583
142000			-1226.706337			0.019529
143000			-1226.706337			0.017670
144000			-1226.706337			0.015989
145000			-1226.706337			0.014467
146000			-1226.706337			0.013090
147000			-1226.706337			0.011844
148000			-1226.706337			0.010717
149000			-1226.706337			0.009697
150000			-1226.706337			0.008774
151000			-1226.706337			0.007939
152000			-1226.706337			0.007184
153000			-1226.706337			0.006500
154000			-1226.706337			0.005882
155000			-1226.706337			0.005322
156000			-1226.706337			0.004815
157000			-1226.706337			0.004357
158000			-1226.706337			0.003942
159000			-1226.706337			0.003567
160000			-1226.706337			0.003228
161000			-1226.706337			0.002921
162000			-1226.706337			0.002643
163000			-1226.706337			0.002391
164000			-1226.706337			0.002164
165000			-1226.706337			0.001958
166000			-1226.706337			0.001771
167000			-1226.706337			0.001603
168000			-1226.706337			0.001450
169000			-1226.706337			0.001312
170000			-1226.706337			0.001187
171000			-1226.706337			0.001074
Iteration: 3
Step			Log-likelihood			Temperature
1			-24483.528061			99900.000000
1000			-23604.743786			36769.542477
2000			-23056.097799			23501.721022
3000			-18311.918148			21265.130236
4000			-19206.536048			19241.389323
5000			-22667.791388			17410.241977
6000			-20168.687505			15753.359626
7000			-21742.045647			14254.157974
8000			-23158.090191			12897.631004
9000			-19414.971797			11670.200782
10000			-22358.826327			10559.581542
11000			-24076.080386			9554.656721
12000			-21977.486644			8645.367688
13000			-21113.081812			7822.613061
14000			-18849.638861			7078.157611
15000			-20701.124504			6404.549832
16000			-22525.030178			5795.047357
17000			-20804.864417			5243.549468
18000			-21406.450700			4744.536038
19000			-22198.539579			4293.012272
20000			-20606.881819			3884.458716
21000			-20775.525248			3514.786020
22000			-21880.739874			3180.294005
23000			-22349.469790			2877.634626
24000			-21272.101781			2603.778466
25000			-18368.300657			2355.984403
26000			-19419.877368			2131.772185
27000			-22118.737785			1928.897594
28000			-20025.055453			1745.329992
29000			-20042.985548			1579.231987
30000			-19572.813128			1428.941048
31000			-21924.388140			1292.952863
32000			-19037.033456			1169.906280
33000			-17503.857732			1058.569685
34000			-18175.229468			957.828671
35000			-17774.907008			866.674888
36000			-13584.173257			784.195947
37000			-14883.573481			709.566288
38000			-14844.056705			642.038917
39000			-14961.961965			580.937931
40000			-13795.333027			525.651749
41000			-16408.591882			475.626993
42000			-15235.582614			430.362949
43000			-12490.816195			389.406552
44000			-14393.948941			352.347857
45000			-13323.081654			318.815931
46000			-13765.565667			288.475142
47000			-12013.630056			261.021797
48000			-12921.732925			236.181108
49000			-10579.464678			213.704435
50000			-12440.861004			193.366803
51000			-9071.441024			174.964643
52000			-9187.551774			158.313765
53000			-10552.696882			143.247502
54000			-10453.821389			129.615051
55000			-9178.092638			117.279962
56000			-7828.555382			106.118767
57000			-7377.682434			96.019751
58000			-6743.382056			86.881830
59000			-5295.118896			78.613537
60000			-4761.966483			71.132114
61000			-4963.156902			64.362677
62000			-4550.941567			58.237467
63000			-4391.170873			52.695176
64000			-4044.612560			47.680328
65000			-3789.593488			43.142730
66000			-3414.804299			39.036961
67000			-3335.835253			35.321926
68000			-3195.416861			31.960441
69000			-2899.467704			28.918858
70000			-2522.652391			26.166734
71000			-2238.634200			23.676522
72000			-2282.235477			21.423296
73000			-2136.158008			19.384503
74000			-1997.668979			17.539736
75000			-1992.590463			15.870530
76000			-1874.969644			14.360177
77000			-1837.027444			12.993561
78000			-1713.715295			11.757001
79000			-1715.612405			10.638121
80000			-1658.699106			9.625722
81000			-1656.801996			8.709670
82000			-1643.522226			7.880796
83000			-1641.625116			7.130803
84000			-1601.785806			6.452185
85000			-1495.547647			5.838150
86000			-1508.827417			5.282550
87000			-1450.017007			4.779825
88000			-1260.561287			4.324943
89000			-1254.869957			3.913350
90000			-1241.590187			3.540928
91000			-1252.972847			3.203948
92000			-1251.075737			2.899038
93000			-1249.178627			2.623145
94000			-1207.442207			2.373508
95000			-1215.030647			2.147628
96000			-1207.442207			1.943244
97000			-1205.545097			1.758311
98000			-1207.442207			1.590978
99000			-1199.853767			1.439569
100000			-1190.368217			1.302570
101000			-1182.779777			1.178608
102000			-1186.573997			1.066443
103000			-1182.779777			0.964953
104000			-1186.573997			0.873121
105000			-1188.471107			0.790029
106000			-1186.573997			0.714844
107000			-1184.676887			0.646814
108000			-1184.676887			0.585259
109000			-1182.779777			0.529561
110000			-1180.882667			0.479165
111000			-1178.985557			0.433564
112000			-1178.985557			0.392303
113000			-1175.191337			0.354969
114000			-1175.191337			0.321187
115000			-1175.191337			0.290621
116000			-1173.294227			0.262963
117000			-1173.294227			0.237938
118000			-1173.294227			0.215294
119000			-1173.294227			0.194805
120000			-1173.294227			0.176266
121000			-1173.294227			0.159491
122000			-1173.294227			0.144313
123000			-1173.294227			0.130579
124000			-1173.294227			0.118152
125000			-1173.294227			0.106908
126000			-1173.294227			0.096734
127000			-1173.294227			0.087528
128000			-1173.294227			0.079198
129000			-1173.294227			0.071661
130000			-1173.294227			0.064841
131000			-1173.294227			0.058671
132000			-1173.294227			0.053087
133000			-1173.294227			0.048035
134000			-1173.294227			0.043464
135000			-1173.294227			0.039327
136000			-1173.294227			0.035585
137000			-1173.294227			0.032198
138000			-1173.294227			0.029134
139000			-1173.294227			0.026361
140000			-1173.294227			0.023853
141000			-1173.294227			0.021583
142000			-1173.294227			0.019529
143000			-1173.294227			0.017670
144000			-1173.294227			0.015989
145000			-1173.294227			0.014467
146000			-1173.294227			0.013090
147000			-1173.294227			0.011844
148000			-1173.294227			0.010717
149000			-1173.294227			0.009697
150000			-1173.294227			0.008774
151000			-1173.294227			0.007939
152000			-1173.294227			0.007184
153000			-1173.294227			0.006500
154000			-1173.294227			0.005882
155000			-1173.294227			0.005322
156000			-1173.294227			0.004815
157000			-1173.294227			0.004357
158000			-1173.294227			0.003942
159000			-1173.294227			0.003567
160000			-1173.294227			0.003228
161000			-1173.294227			0.002921
162000			-1173.294227			0.002643
163000			-1173.294227			0.002391
164000			-1173.294227			0.002164
165000			-1173.294227			0.001958
166000			-1173.294227			0.001771
167000			-1173.294227			0.001603
168000			-1173.294227			0.001450
169000			-1173.294227			0.001312
170000			-1173.294227			0.001187
171000			-1173.294227			0.001074
Iteration: 4
Step			Log-likelihood			Temperature
1			-21195.027065			99900.000000
1000			-21198.231827			36769.542477
2000			-20728.936086			23501.721022
3000			-22794.199861			21265.130236
4000			-18669.058625			19241.389323
5000			-22486.357828			17410.241977
6000			-22070.019901			15753.359626
7000			-22869.374686			14254.157974
8000			-23336.271999			12897.631004
9000			-20339.506646			11670.200782
10000			-18862.924470			10559.581542
11000			-22558.565343			9554.656721
12000			-21518.462213			8645.367688
13000			-22021.275602			7822.613061
14000			-20479.672851			7078.157611
15000			-22272.887495			6404.549832
16000			-18502.843096			5795.047357
17000			-22223.067156			5243.549468
18000			-20488.821131			4744.536038
19000			-21152.281893			4293.012272
20000			-19407.506532			3884.458716
21000			-22040.709927			3514.786020
22000			-22564.262512			3180.294005
23000			-20380.653608			2877.634626
24000			-20033.306478			2603.778466
25000			-21136.679881			2355.984403
26000			-23240.853456			2131.772185
27000			-21665.328499			1928.897594
28000			-21729.390369			1745.329992
29000			-21423.762141			1579.231987
30000			-18230.679688			1428.941048
31000			-20062.730729			1292.952863
32000			-18918.826237			1169.906280
33000			-16966.277710			1058.569685
34000			-17215.678857			957.828671
35000			-21293.286685			866.674888
36000			-18531.941755			784.195947
37000			-15347.377251			709.566288
38000			-18319.474334			642.038917
39000			-15106.670056			580.937931
40000			-15044.484720			525.651749
41000			-14918.404620			475.626993
42000			-16810.940465			430.362949
43000			-14375.429388			389.406552
44000			-11666.857647			352.347857
45000			-12020.928216			318.815931
46000			-13125.046227			288.475142
47000			-12297.325713			261.021797
48000			-10808.589853			236.181108
49000			-12797.168733			213.704435
50000			-9516.438019			193.366803
51000			-8320.792445			174.964643
52000			-8196.943667			158.313765
53000			-8667.297930			143.247502
54000			-8611.255471			129.615051
55000			-9977.227489			117.279962
56000			-9244.019365			106.118767
57000			-8369.935463			96.019751
58000			-6218.301884			86.881830
59000			-6675.531805			78.613537
60000			-6046.884665			71.132114
61000			-5967.754353			64.362677
62000			-5097.760790			58.237467
63000			-4540.849042			52.695176
64000			-4290.662137			47.680328
65000			-3954.486629			43.142730
66000			-3265.035209			39.036961
67000			-3475.582164			35.321926
68000			-2989.373700			31.960441
69000			-2788.699336			28.918858
70000			-2999.278544			26.166734
71000			-2879.825122			23.676522
72000			-2946.191718			21.423296
73000			-2428.925760			19.384503
74000			-2527.156185			17.539736
75000			-2023.524784			15.870530
76000			-1793.974475			14.360177
77000			-1655.485447			12.993561
78000			-1568.186134			11.757001
79000			-1549.215034			10.638121
80000			-1471.433525			9.625722
81000			-1496.095954			8.709670
82000			-1460.050865			7.880796
83000			-1471.433525			7.130803
84000			-1456.256645			6.452185
85000			-1446.771095			5.838150
86000			-1441.079765			5.282550
87000			-1399.343345			4.779825
88000			-1391.754905			4.324943
89000			-1351.915596			3.913350
90000			-1351.915596			3.540928
91000			-1346.224266			3.203948
92000			-1340.532936			2.899038
93000			-1340.532936			2.623145
94000			-1340.532936			2.373508
95000			-1342.430046			2.147628
96000			-1338.635826			1.943244
97000			-1331.047386			1.758311
98000			-1241.883217			1.590978
99000			-1249.471656			1.439569
100000			-1249.471656			1.302570
101000			-1243.780326			1.178608
102000			-1241.883217			1.066443
103000			-1241.883217			0.964953
104000			-1236.191887			0.873121
105000			-1232.397667			0.790029
106000			-1232.397667			0.714844
107000			-1228.603447			0.646814
108000			-1228.603447			0.585259
109000			-1230.500557			0.529561
110000			-1230.500557			0.479165
111000			-1230.500557			0.433564
112000			-1230.500557			0.392303
113000			-1230.500557			0.354969
114000			-1226.706337			0.321187
115000			-1224.809227			0.290621
116000			-1224.809227			0.262963
117000			-1224.809227			0.237938
118000			-1224.809227			0.215294
119000			-1224.809227			0.194805
120000			-1224.809227			0.176266
121000			-1224.809227			0.159491
122000			-1224.809227			0.144313
123000			-1224.809227			0.130579
124000			-1224.809227			0.118152
125000			-1224.809227			0.106908
126000			-1224.809227			0.096734
127000			-1224.809227			0.087528
128000			-1224.809227			0.079198
129000			-1224.809227			0.071661
130000			-1224.809227			0.064841
131000			-1224.809227			0.058671
132000			-1224.809227			0.053087
133000			-1224.809227			0.048035
134000			-1224.809227			0.043464
135000			-1224.809227			0.039327
136000			-1224.809227			0.035585
137000			-1224.809227			0.032198
138000			-1224.809227			0.029134
139000			-1224.809227			0.026361
140000			-1224.809227			0.023853
141000			-1224.809227			0.021583
142000			-1224.809227			0.019529
143000			-1224.809227			0.017670
144000			-1224.809227			0.015989
145000			-1224.809227			0.014467
146000			-1224.809227			0.013090
147000			-1224.809227			0.011844
148000			-1224.809227			0.010717
149000			-1224.809227			0.009697
150000			-1224.809227			0.008774
151000			-1224.809227			0.007939
152000			-1224.809227			0.007184
153000			-1224.809227			0.006500
154000			-1224.809227			0.005882
155000			-1224.809227			0.005322
156000			-1224.809227			0.004815
157000			-1224.809227			0.004357
158000			-1224.809227			0.003942
159000			-1224.809227			0.003567
160000			-1224.809227			0.003228
161000			-1224.809227			0.002921
162000			-1224.809227			0.002643
163000			-1224.809227			0.002391
164000			-1224.809227			0.002164
165000			-1224.809227			0.001958
166000			-1224.809227			0.001771
167000			-1224.809227			0.001603
168000			-1224.809227			0.001450
169000			-1224.809227			0.001312
170000			-1224.809227			0.001187
171000			-1224.809227			0.001074
Iteration: 5
Step			Log-likelihood			Temperature
1			-23950.284727			99900.000000
1000			-22178.031995			36769.542477
2000			-21822.084892			23501.721022
3000			-22199.662608			21265.130236
4000			-23054.312185			19241.389323
5000			-20615.018566			17410.241977
6000			-22372.519551			15753.359626
7000			-22823.005459			14254.157974
8000			-21910.630409			12897.631004
9000			-23753.718219			11670.200782
10000			-20617.877438			10559.581542
11000			-20454.942856			9554.656721
12000			-21016.217707			8645.367688
13000			-21790.370652			7822.613061
14000			-23195.935630			7078.157611
15000			-23925.021162			6404.549832
16000			-18989.503107			5795.047357
17000			-23502.804223			5243.549468
18000			-23745.446620			4744.536038
19000			-19433.312566			4293.012272
20000			-20603.474639			3884.458716
21000			-20568.376576			3514.786020
22000			-18830.914110			3180.294005
23000			-22204.456683			2877.634626
24000			-18029.952495			2603.778466
25000			-19798.739380			2355.984403
26000			-17892.152465			2131.772185
27000			-21377.882554			1928.897594
28000			-19413.696399			1745.329992
29000			-19659.616961			1579.231987
30000			-20520.265666			1428.941048
31000			-20746.713811			1292.952863
32000			-17308.212113			1169.906280
33000			-20483.698683			1058.569685
34000			-16225.701081			957.828671
35000			-18875.843614			866.674888
36000			-17017.772443			784.195947
37000			-14774.537898			709.566288
38000			-17442.587169			642.038917
39000			-14832.937911			580.937931
40000			-17285.012763			525.651749
41000			-17151.801609			475.626993
42000			-14956.493351			430.362949
43000			-15300.310127			389.406552
44000			-13026.504946			352.347857
45000			-11822.303331			318.815931
46000			-13800.443796			288.475142
47000			-11655.952949			261.021797
48000			-12241.541281			236.181108
49000			-13086.233186			213.704435
50000			-12143.451547			193.366803
51000			-11243.265492			174.964643
52000			-11292.578673			158.313765
53000			-10012.627511			143.247502
54000			-8740.757487			129.615051
55000			-7131.568351			117.279962
56000			-7317.813502			106.118767
57000			-6864.603575			96.019751
58000			-8351.958378			86.881830
59000			-7395.524666			78.613537
60000			-6462.125978			71.132114
61000			-5737.849257			64.362677
62000			-5399.137411			58.237467
63000			-4536.312994			52.695176
64000			-4004.063676			47.680328
65000			-4462.868173			43.142730
66000			-3480.042027			39.036961
67000			-2938.403919			35.321926
68000			-2515.257471			31.960441
69000			-2500.016085			28.918858
70000			-2323.617109			26.166734
71000			-2087.399902			23.676522
72000			-2107.798118			21.423296
73000			-1931.915197			19.384503
74000			-1731.337593			17.539736
75000			-1774.971122			15.870530
76000			-1723.749153			14.360177
77000			-1564.391914			12.993561
78000			-1522.655494			11.757001
79000			-1484.713295			10.638121
80000			-1410.726005			9.625722
81000			-1393.652015			8.709670
82000			-1395.549125			7.880796
83000			-1293.105186			7.130803
84000			-1300.693626			6.452185
85000			-1304.487846			5.838150
86000			-1300.693626			5.282550
87000			-1304.487846			4.779825
88000			-1293.105186			4.324943
89000			-1285.516746			3.913350
90000			-1281.722526			3.540928
91000			-1279.825416			3.203948
92000			-1281.722526			2.899038
93000			-1283.619636			2.623145
94000			-1279.825416			2.373508
95000			-1274.134086			2.147628
96000			-1276.031196			1.943244
97000			-1270.339866			1.758311
98000			-1270.339866			1.590978
99000			-1260.854316			1.439569
100000			-1270.339866			1.302570
101000			-1264.648536			1.178608
102000			-1268.442756			1.066443
103000			-1270.339866			0.964953
104000			-1268.442756			0.873121
105000			-1268.442756			0.790029
106000			-1268.442756			0.714844
107000			-1262.751426			0.646814
108000			-1260.854316			0.585259
109000			-1262.751426			0.529561
110000			-1232.397667			0.479165
111000			-1232.397667			0.433564
112000			-1232.397667			0.392303
113000			-1230.500557			0.354969
114000			-1228.603447			0.321187
115000			-1228.603447			0.290621
116000			-1228.603447			0.262963
117000			-1228.603447			0.237938
118000			-1228.603447			0.215294
119000			-1228.603447			0.194805
120000			-1228.603447			0.176266
121000			-1228.603447			0.159491
122000			-1228.603447			0.144313
123000			-1228.603447			0.130579
124000			-1226.706337			0.118152
125000			-1226.706337			0.106908
126000			-1226.706337			0.096734
127000			-1226.706337			0.087528
128000			-1226.706337			0.079198
129000			-1226.706337			0.071661
130000			-1226.706337			0.064841
131000			-1226.706337			0.058671
132000			-1226.706337			0.053087
133000			-1226.706337			0.048035
134000			-1226.706337			0.043464
135000			-1226.706337			0.039327
136000			-1226.706337			0.035585
137000			-1226.706337			0.032198
138000			-1226.706337			0.029134
139000			-1226.706337			0.026361
140000			-1226.706337			0.023853
141000			-1226.706337			0.021583
142000			-1226.706337			0.019529
143000			-1226.706337			0.017670
144000			-1226.706337			0.015989
145000			-1226.706337			0.014467
146000			-1226.706337			0.013090
147000			-1226.706337			0.011844
148000			-1226.706337			0.010717
149000			-1226.706337			0.009697
150000			-1226.706337			0.008774
151000			-1226.706337			0.007939
152000			-1226.706337			0.007184
153000			-1226.706337			0.006500
154000			-1226.706337			0.005882
155000			-1226.706337			0.005322
156000			-1226.706337			0.004815
157000			-1226.706337			0.004357
158000			-1226.706337			0.003942
159000			-1226.706337			0.003567
160000			-1226.706337			0.003228
161000			-1226.706337			0.002921
162000			-1226.706337			0.002643
163000			-1226.706337			0.002391
164000			-1226.706337			0.002164
165000			-1226.706337			0.001958
166000			-1226.706337			0.001771
167000			-1226.706337			0.001603
168000			-1226.706337			0.001450
169000			-1226.706337			0.001312
170000			-1226.706337			0.001187
171000			-1226.706337			0.001074
Iteration: 6
Step			Log-likelihood			Temperature
1			-24434.590242			99900.000000
1000			-22487.049886			36769.542477
2000			-21877.622975			23501.721022
3000			-19660.869004			21265.130236
4000			-21712.336955			19241.389323
5000			-21983.732121			17410.241977
6000			-21362.016675			15753.359626
7000			-21941.151274			14254.157974
8000			-22744.707895			12897.631004
9000			-21654.409064			11670.200782
10000			-22371.487443			10559.581542
11000			-24056.619647			9554.656721
12000			-23085.187838			8645.367688
13000			-21264.448834			7822.613061
14000			-22961.726100			7078.157611
15000			-20327.217834			6404.549832
16000			-17511.657210			5795.047357
17000			-18974.886212			5243.549468
18000			-20387.201043			4744.536038
19000			-18998.246829			4293.012272
20000			-22424.800043			3884.458716
21000			-22627.183836			3514.786020
22000			-20594.622479			3180.294005
23000			-17450.759228			2877.634626
24000			-23788.745937			2603.778466
25000			-21040.739445			2355.984403
26000			-20348.347129			2131.772185
27000			-21186.224675			1928.897594
28000			-20145.954438			1745.329992
29000			-18366.746656			1579.231987
30000			-21064.311099			1428.941048
31000			-22280.830722			1292.952863
32000			-16404.395885			1169.906280
33000			-19798.853657			1058.569685
34000			-17441.660718			957.828671
35000			-16674.348546			866.674888
36000			-16870.932571			784.195947
37000			-15021.968530			709.566288
38000			-20708.067877			642.038917
39000			-12637.656067			580.937931
40000			-12019.702587			525.651749
41000			-16650.348701			475.626993
42000			-13413.682489			430.362949
43000			-15950.966023			389.406552
44000			-13107.010475			352.347857
45000			-13407.586601			318.815931
46000			-14030.800438			288.475142
47000			-13653.243298			261.021797
48000			-11811.489554			236.181108
49000			-10973.392073			213.704435
50000			-11047.669643			193.366803
51000			-9517.481805			174.964643
52000			-10094.402600			158.313765
53000			-9612.460479			143.247502
54000			-9025.775532			129.615051
55000			-9175.749820			117.279962
56000			-9183.009887			106.118767
57000			-6742.860163			96.019751
58000			-6498.009801			86.881830
59000			-5411.041964			78.613537
60000			-5132.999545			71.132114
61000			-4703.129660			64.362677
62000			-4746.666429			58.237467
63000			-4362.520703			52.695176
64000			-4139.242286			47.680328
65000			-4589.464327			43.142730
66000			-4598.014529			39.036961
67000			-4473.036883			35.321926
68000			-3584.840462			31.960441
69000			-3207.444589			28.918858
70000			-2783.169273			26.166734
71000			-2471.210487			23.676522
72000			-1695.292503			21.423296
73000			-1795.839332			19.384503
74000			-1727.543373			17.539736
75000			-1710.469383			15.870530
76000			-1716.160713			14.360177
77000			-1528.346824			12.993561
78000			-1560.597694			11.757001
79000			-1515.067054			10.638121
80000			-1598.539894			9.625722
81000			-1596.642784			8.709670
82000			-1636.482093			7.880796
83000			-1589.054344			7.130803
84000			-1575.774574			6.452185
85000			-1532.141044			5.838150
86000			-1496.095954			5.282550
87000			-1490.404625			4.779825
88000			-1454.359535			4.324943
89000			-1458.153755			3.913350
90000			-1454.359535			3.540928
91000			-1454.359535			3.203948
92000			-1458.153755			2.899038
93000			-1452.462425			2.623145
94000			-1456.256645			2.373508
95000			-1461.947975			2.147628
96000			-1465.742195			1.943244
97000			-1465.742195			1.758311
98000			-1380.372245			1.590978
99000			-1342.430046			1.439569
100000			-1334.841606			1.302570
101000			-1315.870506			1.178608
102000			-1310.179176			1.066443
103000			-1308.282066			0.964953
104000			-1306.384956			0.873121
105000			-1304.487846			0.790029
106000			-1304.487846			0.714844
107000			-1300.693626			0.646814
108000			-1300.693626			0.585259
109000			-1300.693626			0.529561
110000			-1298.796516			0.479165
111000			-1298.796516			0.433564
112000			-1228.603447			0.392303
113000			-1228.603447			0.354969
114000			-1228.603447			0.321187
115000			-1228.603447			0.290621
116000			-1228.603447			0.262963
117000			-1228.603447			0.237938
118000			-1228.603447			0.215294
119000			-1228.603447			0.194805
120000			-1228.603447			0.176266
121000			-1228.603447			0.159491
122000			-1228.603447			0.144313
123000			-1228.603447			0.130579
124000			-1228.603447			0.118152
125000			-1228.603447			0.106908
126000			-1228.603447			0.096734
127000			-1228.603447			0.087528
128000			-1228.603447			0.079198
129000			-1228.603447			0.071661
130000			-1228.603447			0.064841
131000			-1228.603447			0.058671
132000			-1228.603447			0.053087
133000			-1228.603447			0.048035
134000			-1228.603447			0.043464
135000			-1228.603447			0.039327
136000			-1228.603447			0.035585
137000			-1228.603447			0.032198
138000			-1228.603447			0.029134
139000			-1228.603447			0.026361
140000			-1228.603447			0.023853
141000			-1228.603447			0.021583
142000			-1228.603447			0.019529
143000			-1228.603447			0.017670
144000			-1228.603447			0.015989
145000			-1228.603447			0.014467
146000			-1228.603447			0.013090
147000			-1228.603447			0.011844
148000			-1228.603447			0.010717
149000			-1228.603447			0.009697
150000			-1228.603447			0.008774
151000			-1228.603447			0.007939
152000			-1228.603447			0.007184
153000			-1228.603447			0.006500
154000			-1228.603447			0.005882
155000			-1228.603447			0.005322
156000			-1228.603447			0.004815
157000			-1228.603447			0.004357
158000			-1228.603447			0.003942
159000			-1228.603447			0.003567
160000			-1228.603447			0.003228
161000			-1228.603447			0.002921
162000			-1228.603447			0.002643
163000			-1228.603447			0.002391
164000			-1228.603447			0.002164
165000			-1228.603447			0.001958
166000			-1228.603447			0.001771
167000			-1228.603447			0.001603
168000			-1228.603447			0.001450
169000			-1228.603447			0.001312
170000			-1228.603447			0.001187
171000			-1228.603447			0.001074
Iteration: 7
Step			Log-likelihood			Temperature
1			-22960.676475			99900.000000
1000			-19237.921916			36769.542477
2000			-21762.784843			23501.721022
3000			-22571.496165			21265.130236
4000			-23687.888253			19241.389323
5000			-21405.424431			17410.241977
6000			-19405.055275			15753.359626
7000			-22788.760719			14254.157974
8000			-21995.877183			12897.631004
9000			-22418.674683			11670.200782
10000			-22373.422646			10559.581542
11000			-22374.745034			9554.656721
12000			-20776.047141			8645.367688
13000			-20073.848708			7822.613061
14000			-22595.674794			7078.157611
15000			-20974.082568			6404.549832
16000			-22323.001171			5795.047357
17000			-22571.147217			5243.549468
18000			-21485.689450			4744.536038
19000			-22941.593879			4293.012272
20000			-21638.214813			3884.458716
21000			-19428.928888			3514.786020
22000			-21405.436109			3180.294005
23000			-24049.714367			2877.634626
24000			-21605.266047			2603.778466
25000			-18781.427983			2355.984403
26000			-18184.591844			2131.772185
27000			-19273.503780			1928.897594
28000			-14830.122970			1745.329992
29000			-21286.041354			1579.231987
30000			-20279.359112			1428.941048
31000			-20485.290777			1292.952863
32000			-22760.632442			1169.906280
33000			-17348.095354			1058.569685
34000			-17256.717380			957.828671
35000			-18197.317467			866.674888
36000			-16712.258493			784.195947
37000			-18767.374133			709.566288
38000			-14122.964171			642.038917
39000			-17620.962497			580.937931
40000			-17361.181604			525.651749
41000			-15022.783762			475.626993
42000			-14376.294390			430.362949
43000			-16766.532855			389.406552
44000			-14858.869900			352.347857
45000			-12642.552740			318.815931
46000			-11130.040028			288.475142
47000			-12601.778083			261.021797
48000			-12063.418141			236.181108
49000			-12335.461433			213.704435
50000			-10312.391464			193.366803
51000			-10045.227329			174.964643
52000			-9040.119663			158.313765
53000			-9529.277920			143.247502
54000			-7783.212423			129.615051
55000			-7387.232491			117.279962
56000			-7324.273074			106.118767
57000			-7135.142636			96.019751
58000			-7048.294871			86.881830
59000			-6457.751197			78.613537
60000			-6303.246701			71.132114
61000			-5004.925575			64.362677
62000			-4965.957106			58.237467
63000			-4807.148175			52.695176
64000			-3828.954836			47.680328
65000			-3744.133194			43.142730
66000			-3382.236734			39.036961
67000			-3262.912325			35.321926
68000			-2967.059928			31.960441
69000			-2650.113547			28.918858
70000			-2532.621741			26.166734
71000			-2242.396167			23.676522
72000			-2231.594068			21.423296
73000			-2146.224119			19.384503
74000			-2091.207929			17.539736
75000			-1933.747800			15.870530
76000			-1748.411582			14.360177
77000			-1685.806953			12.993561
78000			-1475.227745			11.757001
79000			-1496.095954			10.638121
80000			-1461.947975			9.625722
81000			-1418.314445			8.709670
82000			-1395.549125			7.880796
83000			-1338.635826			7.130803
84000			-1287.413856			6.452185
85000			-1298.796516			5.838150
86000			-1268.442756			5.282550
87000			-1260.854316			4.779825
88000			-1249.471656			4.324943
89000			-1253.265876			3.913350
90000			-1251.368766			3.540928
91000			-1239.986107			3.203948
92000			-1234.294777			2.899038
93000			-1236.191887			2.623145
94000			-1239.986107			2.373508
95000			-1239.986107			2.147628
96000			-1243.780326			1.943244
97000			-1241.883217			1.758311
98000			-1243.780326			1.590978
99000			-1243.780326			1.439569
100000			-1238.088997			1.302570
101000			-1232.397667			1.178608
102000			-1232.397667			1.066443
103000			-1234.294777			0.964953
104000			-1234.294777			0.873121
105000			-1230.500557			0.790029
106000			-1230.500557			0.714844
107000			-1230.500557			0.646814
108000			-1230.500557			0.585259
109000			-1230.500557			0.529561
110000			-1230.500557			0.479165
111000			-1230.500557			0.433564
112000			-1230.500557			0.392303
113000			-1228.603447			0.354969
114000			-1228.603447			0.321187
115000			-1224.809227			0.290621
116000			-1222.912117			0.262963
117000			-1222.912117			0.237938
118000			-1222.912117			0.215294
119000			-1222.912117			0.194805
120000			-1222.912117			0.176266
121000			-1222.912117			0.159491
122000			-1222.912117			0.144313
123000			-1222.912117			0.130579
124000			-1222.912117			0.118152
125000			-1222.912117			0.106908
126000			-1222.912117			0.096734
127000			-1222.912117			0.087528
128000			-1222.912117			0.079198
129000			-1222.912117			0.071661
130000			-1222.912117			0.064841
131000			-1222.912117			0.058671
132000			-1221.015007			0.053087
133000			-1221.015007			0.048035
134000			-1221.015007			0.043464
135000			-1221.015007			0.039327
136000			-1221.015007			0.035585
137000			-1221.015007			0.032198
138000			-1221.015007			0.029134
139000			-1221.015007			0.026361
140000			-1221.015007			0.023853
141000			-1221.015007			0.021583
142000			-1221.015007			0.019529
143000			-1221.015007			0.017670
144000			-1221.015007			0.015989
145000			-1221.015007			0.014467
146000			-1221.015007			0.013090
147000			-1221.015007			0.011844
148000			-1221.015007			0.010717
149000			-1221.015007			0.009697
150000			-1221.015007			0.008774
151000			-1221.015007			0.007939
152000			-1221.015007			0.007184
153000			-1221.015007			0.006500
154000			-1221.015007			0.005882
155000			-1221.015007			0.005322
156000			-1221.015007			0.004815
157000			-1221.015007			0.004357
158000			-1221.015007			0.003942
159000			-1221.015007			0.003567
160000			-1221.015007			0.003228
161000			-1221.015007			0.002921
162000			-1221.015007			0.002643
163000			-1221.015007			0.002391
164000			-1221.015007			0.002164
165000			-1221.015007			0.001958
166000			-1221.015007			0.001771
167000			-1221.015007			0.001603
168000			-1221.015007			0.001450
169000			-1221.015007			0.001312
170000			-1221.015007			0.001187
171000			-1221.015007			0.001074
Iteration: 8
Step			Log-likelihood			Temperature
1			-23433.889610			99900.000000
1000			-22348.293932			36769.542477
2000			-24141.969021			23501.721022
3000			-21830.204123			21265.130236
4000			-21292.237060			19241.389323
5000			-22341.699508			17410.241977
6000			-17152.607944			15753.359626
7000			-23992.698468			14254.157974
8000			-22221.428073			12897.631004
9000			-20405.626894			11670.200782
10000			-22385.643893			10559.581542
11000			-22082.106296			9554.656721
12000			-19916.843999			8645.367688
13000			-21579.512841			7822.613061
14000			-19318.128267			7078.157611
15000			-22336.603475			6404.549832
16000			-20690.471994			5795.047357
17000			-20886.542746			5243.549468
18000			-23313.330676			4744.536038
19000			-20789.584938			4293.012272
20000			-20401.838513			3884.458716
21000			-21013.379410			3514.786020
22000			-19056.799212			3180.294005
23000			-23092.808531			2877.634626
24000			-22424.392427			2603.778466
25000			-21164.690822			2355.984403
26000			-20412.001384			2131.772185
27000			-24026.626513			1928.897594
28000			-24311.606466			1745.329992
29000			-17868.328623			1579.231987
30000			-18399.023940			1428.941048
31000			-18954.097245			1292.952863
32000			-15942.993601			1169.906280
33000			-18776.123694			1058.569685
34000			-16538.331349			957.828671
35000			-17457.391745			866.674888
36000			-16173.323829			784.195947
37000			-17302.280273			709.566288
38000			-19769.262300			642.038917
39000			-17124.737694			580.937931
40000			-13449.624979			525.651749
41000			-14817.435439			475.626993
42000			-15210.371877			430.362949
43000			-13249.932952			389.406552
44000			-13942.999808			352.347857
45000			-11761.068079			318.815931
46000			-13483.019453			288.475142
47000			-10813.899982			261.021797
48000			-11691.262050			236.181108
49000			-10039.014106			213.704435
50000			-11484.547408			193.366803
51000			-9895.613667			174.964643
52000			-10992.040639			158.313765
53000			-10527.990521			143.247502
54000			-10676.636581			129.615051
55000			-9377.702641			117.279962
56000			-8221.477083			106.118767
57000			-7575.497926			96.019751
58000			-7840.474671			86.881830
59000			-6186.206442			78.613537
60000			-5068.175272			71.132114
61000			-4590.845383			64.362677
62000			-4389.558205			58.237467
63000			-4328.463645			52.695176
64000			-3947.537417			47.680328
65000			-3390.174122			43.142730
66000			-3462.683595			39.036961
67000			-2934.002724			35.321926
68000			-2964.485497			31.960441
69000			-2979.597870			28.918858
70000			-2576.319778			26.166734
71000			-2210.177551			23.676522
72000			-1772.590212			21.423296
73000			-1903.490801			19.384503
74000			-1683.426042			17.539736
75000			-1441.079765			15.870530
76000			-1486.610405			14.360177
77000			-1535.935264			12.993561
78000			-1547.317924			11.757001
79000			-1503.684394			10.638121
80000			-1461.947975			9.625722
81000			-1437.285545			8.709670
82000			-1435.388435			7.880796
83000			-1444.873985			7.130803
84000			-1395.549125			6.452185
85000			-1340.532936			5.838150
86000			-1355.709816			5.282550
87000			-1351.915596			4.779825
88000			-1336.738716			4.324943
89000			-1325.356056			3.913350
90000			-1327.253166			3.540928
91000			-1329.150276			3.203948
92000			-1304.487846			2.899038
93000			-1308.282066			2.623145
94000			-1298.796516			2.373508
95000			-1300.693626			2.147628
96000			-1302.590736			1.943244
97000			-1295.002296			1.758311
98000			-1296.899406			1.590978
99000			-1296.899406			1.439569
100000			-1296.899406			1.302570
101000			-1289.310966			1.178608
102000			-1279.825416			1.066443
103000			-1272.236976			0.964953
104000			-1272.236976			0.873121
105000			-1270.339866			0.790029
106000			-1268.442756			0.714844
107000			-1268.442756			0.646814
108000			-1264.648536			0.585259
109000			-1264.648536			0.529561
110000			-1264.648536			0.479165
111000			-1264.648536			0.433564
112000			-1266.545646			0.392303
113000			-1266.545646			0.354969
114000			-1264.648536			0.321187
115000			-1264.648536			0.290621
116000			-1264.648536			0.262963
117000			-1260.854316			0.237938
118000			-1260.854316			0.215294
119000			-1260.854316			0.194805
120000			-1260.854316			0.176266
121000			-1260.854316			0.159491
122000			-1260.854316			0.144313
123000			-1260.854316			0.130579
124000			-1260.854316			0.118152
125000			-1260.854316			0.106908
126000			-1260.854316			0.096734
127000			-1260.854316			0.087528
128000			-1260.854316			0.079198
129000			-1260.854316			0.071661
130000			-1260.854316			0.064841
131000			-1260.854316			0.058671
132000			-1260.854316			0.053087
133000			-1260.854316			0.048035
134000			-1260.854316			0.043464
135000			-1260.854316			0.039327
136000			-1260.854316			0.035585
137000			-1260.854316			0.032198
138000			-1260.854316			0.029134
139000			-1260.854316			0.026361
140000			-1260.854316			0.023853
141000			-1260.854316			0.021583
142000			-1260.854316			0.019529
143000			-1260.854316			0.017670
144000			-1260.854316			0.015989
145000			-1260.854316			0.014467
146000			-1260.854316			0.013090
147000			-1260.854316			0.011844
148000			-1260.854316			0.010717
149000			-1260.854316			0.009697
150000			-1260.854316			0.008774
151000			-1260.854316			0.007939
152000			-1260.854316			0.007184
153000			-1260.854316			0.006500
154000			-1260.854316			0.005882
155000			-1260.854316			0.005322
156000			-1260.854316			0.004815
157000			-1260.854316			0.004357
158000			-1260.854316			0.003942
159000			-1260.854316			0.003567
160000			-1260.854316			0.003228
161000			-1260.854316			0.002921
162000			-1260.854316			0.002643
163000			-1260.854316			0.002391
164000			-1260.854316			0.002164
165000			-1260.854316			0.001958
166000			-1260.854316			0.001771
167000			-1260.854316			0.001603
168000			-1260.854316			0.001450
169000			-1260.854316			0.001312
170000			-1260.854316			0.001187
171000			-1260.854316			0.001074
Iteration: 9
Step			Log-likelihood			Temperature
1			-24557.579857			99900.000000
1000			-21635.543622			36769.542477
2000			-22397.768381			23501.721022
3000			-21364.467931			21265.130236
4000			-19882.965725			19241.389323
5000			-21376.806514			17410.241977
6000			-23218.900310			15753.359626
7000			-23617.812519			14254.157974
8000			-23212.622580			12897.631004
9000			-22571.422761			11670.200782
10000			-21059.285412			10559.581542
11000			-22664.046939			9554.656721
12000			-23076.986584			8645.367688
13000			-22564.643714			7822.613061
14000			-20741.544375			7078.157611
15000			-23989.388049			6404.549832
16000			-21381.659257			5795.047357
17000			-17896.547821			5243.549468
18000			-19583.330785			4744.536038
19000			-16899.400899			4293.012272
20000			-22857.056678			3884.458716
21000			-22077.505741			3514.786020
22000			-23499.789923			3180.294005
23000			-17844.369928			2877.634626
24000			-21362.623650			2603.778466
25000			-22037.736778			2355.984403
26000			-22633.062848			2131.772185
27000			-21101.775337			1928.897594
28000			-21970.176807			1745.329992
29000			-20757.539267			1579.231987
30000			-17854.430200			1428.941048
31000			-15592.119175			1292.952863
32000			-16383.595240			1169.906280
33000			-15444.273610			1058.569685
34000			-17212.192434			957.828671
35000			-19015.634456			866.674888
36000			-14903.230521			784.195947
37000			-16042.713521			709.566288
38000			-15668.982854			642.038917
39000			-14463.690463			580.937931
40000			-15925.007619			525.651749
41000			-14279.612127			475.626993
42000			-13608.126113			430.362949
43000			-12690.909999			389.406552
44000			-12960.803992			352.347857
45000			-12071.050512			318.815931
46000			-12859.392161			288.475142
47000			-12239.682264			261.021797
48000			-12126.770437			236.181108
49000			-13094.103009			213.704435
50000			-11973.608904			193.366803
51000			-10154.098587			174.964643
52000			-10376.022362			158.313765
53000			-10260.433506			143.247502
54000			-10087.286282			129.615051
55000			-9847.901476			117.279962
56000			-8985.716288			106.118767
57000			-8876.941790			96.019751
58000			-8407.162249			86.881830
59000			-7051.611129			78.613537
60000			-6262.096681			71.132114
61000			-4792.197069			64.362677
62000			-4006.896134			58.237467
63000			-4059.660427			52.695176
64000			-3917.957738			47.680328
65000			-3501.141849			43.142730
66000			-3565.837109			39.036961
67000			-3241.237781			35.321926
68000			-2759.533112			31.960441
69000			-2987.154057			28.918858
70000			-2906.707195			26.166734
71000			-2665.774227			23.676522
72000			-2350.047636			21.423296
73000			-2490.304761			19.384503
74000			-2460.757336			17.539736
75000			-2235.904342			15.870530
76000			-1782.559562			14.360177
77000			-1776.868232			12.993561
78000			-1672.527183			11.757001
79000			-1774.971122			10.638121
80000			-1570.083244			9.625722
81000			-1573.877464			8.709670
82000			-1575.774574			7.880796
83000			-1488.507515			7.130803
84000			-1439.182655			6.452185
85000			-1435.388435			5.838150
86000			-1441.079765			5.282550
87000			-1433.491325			4.779825
88000			-1374.680915			4.324943
89000			-1372.783805			3.913350
90000			-1368.989585			3.540928
91000			-1357.606926			3.203948
92000			-1350.018486			2.899038
93000			-1344.327156			2.623145
94000			-1357.606926			2.373508
95000			-1361.401146			2.147628
96000			-1361.401146			1.943244
97000			-1368.989585			1.758311
98000			-1363.298256			1.590978
99000			-1350.018486			1.439569
100000			-1348.121376			1.302570
101000			-1340.532936			1.178608
102000			-1332.944496			1.066443
103000			-1336.738716			0.964953
104000			-1340.532936			0.873121
105000			-1332.944496			0.790029
106000			-1332.944496			0.714844
107000			-1332.944496			0.646814
108000			-1331.047386			0.585259
109000			-1327.253166			0.529561
110000			-1327.253166			0.479165
111000			-1327.253166			0.433564
112000			-1327.253166			0.392303
113000			-1327.253166			0.354969
114000			-1327.253166			0.321187
115000			-1325.356056			0.290621
116000			-1325.356056			0.262963
117000			-1323.458946			0.237938
118000			-1323.458946			0.215294
119000			-1323.458946			0.194805
120000			-1319.664726			0.176266
121000			-1317.767616			0.159491
122000			-1317.767616			0.144313
123000			-1317.767616			0.130579
124000			-1317.767616			0.118152
125000			-1317.767616			0.106908
126000			-1317.767616			0.096734
127000			-1317.767616			0.087528
128000			-1228.603447			0.079198
129000			-1228.603447			0.071661
130000			-1228.603447			0.064841
131000			-1228.603447			0.058671
132000			-1228.603447			0.053087
133000			-1228.603447			0.048035
134000			-1228.603447			0.043464
135000			-1228.603447			0.039327
136000			-1228.603447			0.035585
137000			-1228.603447			0.032198
138000			-1228.603447			0.029134
139000			-1228.603447			0.026361
140000			-1228.603447			0.023853
141000			-1228.603447			0.021583
142000			-1228.603447			0.019529
143000			-1228.603447			0.017670
144000			-1228.603447			0.015989
145000			-1228.603447			0.014467
146000			-1228.603447			0.013090
147000			-1228.603447			0.011844
148000			-1228.603447			0.010717
149000			-1228.603447			0.009697
150000			-1228.603447			0.008774
151000			-1228.603447			0.007939
152000			-1228.603447			0.007184
153000			-1228.603447			0.006500
154000			-1228.603447			0.005882
155000			-1228.603447			0.005322
156000			-1228.603447			0.004815
157000			-1228.603447			0.004357
158000			-1228.603447			0.003942
159000			-1228.603447			0.003567
160000			-1228.603447			0.003228
161000			-1228.603447			0.002921
162000			-1228.603447			0.002643
163000			-1228.603447			0.002391
164000			-1228.603447			0.002164
165000			-1228.603447			0.001958
166000			-1228.603447			0.001771
167000			-1228.603447			0.001603
168000			-1228.603447			0.001450
169000			-1228.603447			0.001312
170000			-1228.603447			0.001187
171000			-1228.603447			0.001074
Iteration: 10
Step			Log-likelihood			Temperature
1			-23300.253323			99900.000000
1000			-21532.278612			36769.542477
2000			-22714.365814			23501.721022
3000			-22730.665723			21265.130236
4000			-21806.559065			19241.389323
5000			-23848.063504			17410.241977
6000			-22569.159186			15753.359626
7000			-21071.453831			14254.157974
8000			-20767.426593			12897.631004
9000			-21231.224524			11670.200782
10000			-21896.937184			10559.581542
11000			-22409.409068			9554.656721
12000			-19847.694716			8645.367688
13000			-22422.920450			7822.613061
14000			-22380.882072			7078.157611
15000			-23197.149581			6404.549832
16000			-21434.247546			5795.047357
17000			-21374.355258			5243.549468
18000			-22746.540499			4744.536038
19000			-16907.804571			4293.012272
20000			-20337.509718			3884.458716
21000			-21105.880413			3514.786020
22000			-20050.993282			3180.294005
23000			-19374.572502			2877.634626
24000			-19302.068868			2603.778466
25000			-22237.648739			2355.984403
26000			-23459.164854			2131.772185
27000			-24363.796036			1928.897594
28000			-21713.981877			1745.329992
29000			-22429.799316			1579.231987
30000			-19932.575026			1428.941048
31000			-21264.399064			1292.952863
32000			-21403.553735			1169.906280
33000			-21750.924222			1058.569685
34000			-19406.708003			957.828671
35000			-17384.835282			866.674888
36000			-13960.909327			784.195947
37000			-17068.592636			709.566288
38000			-14936.452051			642.038917
39000			-14356.924572			580.937931
40000			-13143.237407			525.651749
41000			-14619.866296			475.626993
42000			-13321.275465			430.362949
43000			-11871.604834			389.406552
44000			-14839.101363			352.347857
45000			-12042.060292			318.815931
46000			-12244.417671			288.475142
47000			-10705.744137			261.021797
48000			-11680.797221			236.181108
49000			-10502.548171			213.704435
50000			-11050.065290			193.366803
51000			-10876.387276			174.964643
52000			-9698.534163			158.313765
53000			-8727.483556			143.247502
54000			-7808.326400			129.615051
55000			-7117.235898			117.279962
56000			-7198.418747			106.118767
57000			-6692.567702			96.019751
58000			-6004.438671			86.881830
59000			-6044.864380			78.613537
60000			-5877.596168			71.132114
61000			-6319.971742			64.362677
62000			-5151.234656			58.237467
63000			-5101.780783			52.695176
64000			-4484.709823			47.680328
65000			-4282.331869			43.142730
66000			-3795.935724			39.036961
67000			-3868.316184			35.321926
68000			-3185.937150			31.960441
69000			-2908.926839			28.918858
70000			-2996.226152			26.166734
71000			-2912.753313			23.676522
72000			-2632.464835			21.423296
73000			-2484.490257			19.384503
74000			-2531.918006			17.539736
75000			-2375.871187			15.870530
76000			-2169.086198			14.360177
77000			-2233.587938			12.993561
78000			-2142.526659			11.757001
79000			-2040.211733			10.638121
80000			-1937.767794			9.625722
81000			-1803.072985			8.709670
82000			-1803.072985			7.880796
83000			-1698.731936			7.130803
84000			-1577.671684			6.452185
85000			-1575.774574			5.838150
86000			-1590.951454			5.282550
87000			-1573.877464			4.779825
88000			-1522.655494			4.324943
89000			-1522.655494			3.913350
90000			-1469.536415			3.540928
91000			-1475.227745			3.203948
92000			-1477.124855			2.899038
93000			-1475.227745			2.623145
94000			-1467.639305			2.373508
95000			-1465.742195			2.147628
96000			-1469.536415			1.943244
97000			-1465.742195			1.758311
98000			-1441.079765			1.590978
99000			-1437.285545			1.439569
100000			-1441.079765			1.302570
101000			-1441.079765			1.178608
102000			-1437.285545			1.066443
103000			-1433.491325			0.964953
104000			-1431.594215			0.873121
105000			-1431.594215			0.790029
106000			-1429.697105			0.714844
107000			-1427.799995			0.646814
108000			-1424.005775			0.585259
109000			-1427.799995			0.529561
110000			-1427.799995			0.479165
111000			-1425.902885			0.433564
112000			-1424.005775			0.392303
113000			-1420.211555			0.354969
114000			-1420.211555			0.321187
115000			-1420.211555			0.290621
116000			-1376.578025			0.262963
117000			-1374.680915			0.237938
118000			-1374.680915			0.215294
119000			-1372.783805			0.194805
120000			-1372.783805			0.176266
121000			-1372.783805			0.159491
122000			-1329.150276			0.144313
123000			-1327.253166			0.130579
124000			-1310.179176			0.118152
125000			-1310.179176			0.106908
126000			-1310.179176			0.096734
127000			-1310.179176			0.087528
128000			-1310.179176			0.079198
129000			-1310.179176			0.071661
130000			-1308.282066			0.064841
131000			-1308.282066			0.058671
132000			-1308.282066			0.053087
133000			-1308.282066			0.048035
134000			-1266.545646			0.043464
135000			-1266.545646			0.039327
136000			-1266.545646			0.035585
137000			-1266.545646			0.032198
138000			-1266.545646			0.029134
139000			-1266.545646			0.026361
140000			-1266.545646			0.023853
141000			-1257.060096			0.021583
142000			-1257.060096			0.019529
143000			-1255.162986			0.017670
144000			-1253.265876			0.015989
145000			-1251.368766			0.014467
146000			-1251.368766			0.013090
147000			-1251.368766			0.011844
148000			-1251.368766			0.010717
149000			-1251.368766			0.009697
150000			-1251.368766			0.008774
151000			-1251.368766			0.007939
152000			-1251.368766			0.007184
153000			-1251.368766			0.006500
154000			-1251.368766			0.005882
155000			-1251.368766			0.005322
156000			-1215.323677			0.004815
157000			-1215.323677			0.004357
158000			-1215.323677			0.003942
159000			-1215.323677			0.003567
160000			-1215.323677			0.003228
161000			-1215.323677			0.002921
162000			-1215.323677			0.002643
163000			-1215.323677			0.002391
164000			-1215.323677			0.002164
165000			-1215.323677			0.001958
166000			-1215.323677			0.001771
167000			-1215.323677			0.001603
168000			-1215.323677			0.001450
169000			-1215.323677			0.001312
170000			-1215.323677			0.001187
171000			-1215.323677			0.001074

Maximum likelihood Tree found: -1173.587257
digraph g {
	"53" -> "54";
	"54" [label="28"];
	"52" -> "53";
	"53" [label="17"];
	"51" -> "52";
	"52" [label="19"];
	"50" -> "51";
	"51" [label="27"];
	"49" -> "50";
	"50" [label="35"];
	"47" -> "48";
	"48" [label="41"];
	"46" -> "47";
	"47" [label="10"];
	"46" -> "49";
	"49" [label="21"];
	"45" -> "46";
	"46" [label="49"];
	"44" -> "45";
	"45" [label="8"];
	"43" -> "44";
	"44" [label="9"];
	"41" -> "42";
	"42" [label="22"];
	"40" -> "41";
	"41" [label="18"];
	"39" -> "40";
	"40" [label="36"];
	"38" -> "39";
	"39" [color=green, style=filled, label="30"];
	"37" -> "38";
	"38" [label="34"];
	"36" -> "37";
	"37" [label="39"];
	"34" -> "35";
	"35" [label="43"];
	"33" -> "34";
	"34" [label="32"];
	"32" -> "33";
	"33" [label="4"];
	"31" -> "32";
	"32" [label="47"];
	"30" -> "31";
	"31" [label="7"];
	"29" -> "30";
	"30" [color=indianred1, style=filled, label="11"];
	"30" [label="11"];
	"28" -> "29";
	"29" [color=indianred1, style=filled, label="40"];
	"29" [label="40"];
	"27" -> "28";
	"28" [label="48"];
	"26" -> "27";
	"27" [label="42"];
	"25" -> "26";
	"26" [label="29"];
	"24" -> "25";
	"25" [label="45"];
	"23" -> "24";
	"24" [label="33"];
	"22" -> "23";
	"23" [label="37"];
	"21" -> "22";
	"22" [label="20"];
	"20" -> "21";
	"21" [label="23"];
	"19" -> "20";
	"20" [label="14"];
	"17" -> "18";
	"18" [label="25"];
	"16" -> "17";
	"17" [label="38"];
	"15" -> "16";
	"16" [label="30"];
	"14" -> "15";
	"15" [label="24"];
	"13" -> "14";
	"14" [label="44"];
	"12" -> "13";
	"13" [label="12"];
	"11" -> "12";
	"12" [label="6"];
	"10" -> "11";
	"11" [color=indianred1, style=filled, label="26"];
	"11" [label="26"];
	"9" -> "10";
	"10" [label="2"];
	"8" -> "9";
	"9" [label="31"];
	"7" -> "8";
	"8" [label="13"];
	"7" -> "19";
	"19" [label="3"];
	"7" -> "36";
	"36" [label="50"];
	"6" -> "7";
	"7" [label="5"];
	"6" -> "43";
	"43" [label="16"];
	"5" -> "6";
	"6" [label="46"];
	"4" -> "5";
	"5" [label="40"];
	"3" -> "4";
	"4" [label="1"];
	"2" -> "3";
	"3" [label="11"];
	"1" -> "2";
	"2" [label="15"];
	"0" -> "1";
	"1" [label="26"];
	"0" [label="germline"];
	labelloc="t";
	label="Confidence score: -1173.587257";
}
Best cell assignment:
53 54 45 7 54 48 54 34 24 7 18 46 46 18 42 54 18 46 47 7 20 14 18 18 54 7 6 14 33 34 24 52 46 4 41 15 15 7 53 42 24 54 34 45 48 35 54 47 22 24 45 42 53 24 41 6 35 35 41 16 35 13 17 48 18 42 24 14 24 48 46 7 46 38 15 53 54 35 54 7 24 23 18 18 54 15 13 17 42 15 48 45 23 42 42 35 54 46 17 42 23 46 18 47 54 34 18 54 46 30 42 42 41 15 7 15 34 54 41 17 48 42 48 44 18 21 15 35 54 42 15 24 54 15 15 35 7 18 46 46 54 42 46 45 24 7 18 13 35 35 23 18 12 23 46 54 34 11 7 48 15 6 45 46 54 35 18 48 42 48 54 35 15 35 18 48 30 7 24 18 16 47 15 34 18 35 52 18 45 15 46 7 7 7 53 14 46 47 42 53 54 48 34 46 18 18 42 35 35 13 18 46 24 54 48 54 14 24 54 6 35 46 15 23 15 7 24 54 46 24 54 42 35 46 7 16 46 24 40 50 48 24 46 42 7 5 15 46 7 16 
alpha: 0.150000
beta: 0.000010
gamma: 1.000000
delta: 0.887000
