Starting SASC.
Iteration: 1
Step			Log-likelihood			Temperature
1			-31381.524750			99900.000000
1000			-28410.793986			36769.542477
2000			-25297.219988			23501.721022
3000			-30158.633418			21265.130236
4000			-30861.056811			19241.389323
5000			-30010.254282			17410.241977
6000			-25619.033848			15753.359626
7000			-27857.450685			14254.157974
8000			-30231.383402			12897.631004
9000			-26245.150489			11670.200782
10000			-26255.662307			10559.581542
11000			-28081.013544			9554.656721
12000			-27777.912757			8645.367688
13000			-24559.012592			7822.613061
14000			-29909.079902			7078.157611
15000			-28876.321921			6404.549832
16000			-27874.117059			5795.047357
17000			-28535.598688			5243.549468
18000			-27814.010675			4744.536038
19000			-28133.918528			4293.012272
20000			-26413.928770			3884.458716
21000			-25097.442879			3514.786020
22000			-27940.897110			3180.294005
23000			-22134.728746			2877.634626
24000			-26383.865291			2603.778466
25000			-25617.755391			2355.984403
26000			-26306.239210			2131.772185
27000			-22872.038888			1928.897594
28000			-24113.778145			1745.329992
29000			-24717.757016			1579.231987
30000			-28347.538450			1428.941048
31000			-23981.953886			1292.952863
32000			-23363.630884			1169.906280
33000			-18081.956292			1058.569685
34000			-18822.717545			957.828671
35000			-13951.284994			866.674888
36000			-17001.401038			784.195947
37000			-14242.865210			709.566288
38000			-17288.981836			642.038917
39000			-14013.584607			580.937931
40000			-16087.527597			525.651749
41000			-14585.775834			475.626993
42000			-14850.752578			430.362949
43000			-11946.036682			389.406552
44000			-13620.211358			352.347857
45000			-10440.555205			318.815931
46000			-13000.970525			288.475142
47000			-13221.642258			261.021797
48000			-11790.763943			236.181108
49000			-11003.345964			213.704435
50000			-8666.176809			193.366803
51000			-8259.136750			174.964643
52000			-9213.925540			158.313765
53000			-8680.160314			143.247502
54000			-6807.246475			129.615051
55000			-7098.976280			117.279962
56000			-7922.471602			106.118767
57000			-7810.451192			96.019751
58000			-7470.745330			86.881830
59000			-6524.351314			78.613537
60000			-4553.039944			71.132114
61000			-4539.695667			64.362677
62000			-4303.943814			58.237467
63000			-3928.251531			52.695176
64000			-3958.089236			47.680328
65000			-4032.012019			43.142730
66000			-3874.648650			39.036961
67000			-3415.037819			35.321926
68000			-3554.649877			31.960441
69000			-3373.172386			28.918858
70000			-3469.924995			26.166734
71000			-3060.891066			23.676522
72000			-3074.106329			21.423296
73000			-2988.800887			19.384503
74000			-2926.196257			17.539736
75000			-2866.611767			15.870530
76000			-2836.838568			14.360177
77000			-2785.681105			12.993561
78000			-2507.386498			11.757001
79000			-2448.576088			10.638121
80000			-2448.576088			9.625722
81000			-2458.061638			8.709670
82000			-2357.514809			7.880796
83000			-2150.729821			7.130803
84000			-2118.478951			6.452185
85000			-2112.787621			5.838150
86000			-2074.845421			5.282550
87000			-2076.742531			4.779825
88000			-2074.845421			4.324943
89000			-2078.639641			3.913350
90000			-2084.330971			3.540928
91000			-2072.948311			3.203948
92000			-2031.211892			2.899038
93000			-2019.829232			2.623145
94000			-2021.726342			2.373508
95000			-2031.211892			2.147628
96000			-2012.240792			1.943244
97000			-2010.343682			1.758311
98000			-2010.343682			1.590978
99000			-1917.385293			1.439569
100000			-1917.385293			1.302570
101000			-1917.385293			1.178608
102000			-1915.488183			1.066443
103000			-1915.488183			0.964953
104000			-1915.488183			0.873121
105000			-1915.488183			0.790029
106000			-1915.488183			0.714844
107000			-1915.488183			0.646814
108000			-1911.693963			0.585259
109000			-1909.796853			0.529561
110000			-1907.899743			0.479165
111000			-1907.899743			0.433564
112000			-1909.796853			0.392303
113000			-1909.796853			0.354969
114000			-1907.899743			0.321187
115000			-1907.899743			0.290621
116000			-1907.899743			0.262963
117000			-1907.899743			0.237938
118000			-1907.899743			0.215294
119000			-1907.899743			0.194805
120000			-1907.899743			0.176266
121000			-1907.899743			0.159491
122000			-1907.899743			0.144313
123000			-1906.002633			0.130579
124000			-1904.105523			0.118152
125000			-1904.105523			0.106908
126000			-1904.105523			0.096734
127000			-1904.105523			0.087528
128000			-1904.105523			0.079198
129000			-1904.105523			0.071661
130000			-1904.105523			0.064841
131000			-1904.105523			0.058671
132000			-1904.105523			0.053087
133000			-1904.105523			0.048035
134000			-1904.105523			0.043464
135000			-1904.105523			0.039327
136000			-1904.105523			0.035585
137000			-1904.105523			0.032198
138000			-1904.105523			0.029134
139000			-1904.105523			0.026361
140000			-1904.105523			0.023853
141000			-1904.105523			0.021583
142000			-1904.105523			0.019529
143000			-1904.105523			0.017670
144000			-1904.105523			0.015989
145000			-1904.105523			0.014467
146000			-1904.105523			0.013090
147000			-1904.105523			0.011844
148000			-1904.105523			0.010717
149000			-1904.105523			0.009697
150000			-1904.105523			0.008774
151000			-1904.105523			0.007939
152000			-1904.105523			0.007184
153000			-1904.105523			0.006500
154000			-1904.105523			0.005882
155000			-1904.105523			0.005322
156000			-1904.105523			0.004815
157000			-1904.105523			0.004357
158000			-1904.105523			0.003942
159000			-1904.105523			0.003567
160000			-1904.105523			0.003228
161000			-1904.105523			0.002921
162000			-1904.105523			0.002643
163000			-1904.105523			0.002391
164000			-1904.105523			0.002164
165000			-1904.105523			0.001958
166000			-1904.105523			0.001771
167000			-1904.105523			0.001603
168000			-1904.105523			0.001450
169000			-1904.105523			0.001312
170000			-1904.105523			0.001187
171000			-1904.105523			0.001074
Iteration: 2
Step			Log-likelihood			Temperature
1			-32055.509010			99900.000000
1000			-28567.925742			36769.542477
2000			-21766.932700			23501.721022
3000			-31564.679417			21265.130236
4000			-26812.832082			19241.389323
5000			-21611.932725			17410.241977
6000			-25619.115872			15753.359626
7000			-29532.156151			14254.157974
8000			-28960.782937			12897.631004
9000			-27921.650466			11670.200782
10000			-27598.766406			10559.581542
11000			-28407.967368			9554.656721
12000			-23640.673448			8645.367688
13000			-26270.748266			7822.613061
14000			-31080.857703			7078.157611
15000			-28696.987889			6404.549832
16000			-29664.094687			5795.047357
17000			-27327.834465			5243.549468
18000			-30669.416449			4744.536038
19000			-25145.542111			4293.012272
20000			-26763.850332			3884.458716
21000			-20925.023483			3514.786020
22000			-22710.664423			3180.294005
23000			-29013.095682			2877.634626
24000			-27422.593205			2603.778466
25000			-28956.789358			2355.984403
26000			-26776.910167			2131.772185
27000			-24472.639730			1928.897594
28000			-26173.769883			1745.329992
29000			-22023.734605			1579.231987
30000			-26195.637948			1428.941048
31000			-23423.570161			1292.952863
32000			-19547.299282			1169.906280
33000			-20892.030785			1058.569685
34000			-19866.878761			957.828671
35000			-19218.149170			866.674888
36000			-18366.997694			784.195947
37000			-17948.797967			709.566288
38000			-14224.392647			642.038917
39000			-13073.638484			580.937931
40000			-13117.465534			525.651749
41000			-14063.102986			475.626993
42000			-14769.783824			430.362949
43000			-11887.296618			389.406552
44000			-11515.430808			352.347857
45000			-11915.741590			318.815931
46000			-13553.709909			288.475142
47000			-11819.461103			261.021797
48000			-10726.878121			236.181108
49000			-10480.538265			213.704435
50000			-11354.164781			193.366803
51000			-9408.424774			174.964643
52000			-8905.412026			158.313765
53000			-9055.588731			143.247502
54000			-6249.528393			129.615051
55000			-7259.424294			117.279962
56000			-6751.353606			106.118767
57000			-6459.521202			96.019751
58000			-5493.033056			86.881830
59000			-5317.537176			78.613537
60000			-5010.269865			71.132114
61000			-4881.137372			64.362677
62000			-3929.600333			58.237467
63000			-3628.572660			52.695176
64000			-3323.686260			47.680328
65000			-2938.605186			43.142730
66000			-2721.243872			39.036961
67000			-2670.054156			35.321926
68000			-2637.771033			31.960441
69000			-2117.323669			28.918858
70000			-2104.043899			26.166734
71000			-2096.455459			23.676522
72000			-2003.497069			21.423296
73000			-2024.365279			19.384503
74000			-1973.143310			17.539736
75000			-1971.246200			15.870530
76000			-1959.863540			14.360177
77000			-1952.275100			12.993561
78000			-1914.332900			11.757001
79000			-1916.230010			10.638121
80000			-1863.110931			9.625722
81000			-1832.757171			8.709670
82000			-1844.139831			7.880796
83000			-1840.345611			7.130803
84000			-1851.728271			6.452185
85000			-1830.860061			5.838150
86000			-1701.856582			5.282550
87000			-1698.062362			4.779825
88000			-1692.371032			4.324943
89000			-1701.856582			3.913350
90000			-1698.062362			3.540928
91000			-1698.062362			3.203948
92000			-1699.959472			2.899038
93000			-1705.650802			2.623145
94000			-1707.547912			2.373508
95000			-1694.268142			2.147628
96000			-1690.473922			1.943244
97000			-1688.576812			1.758311
98000			-1686.679702			1.590978
99000			-1679.091262			1.439569
100000			-1677.194152			1.302570
101000			-1662.017272			1.178608
102000			-1663.914382			1.066443
103000			-1663.914382			0.964953
104000			-1663.914382			0.873121
105000			-1662.017272			0.790029
106000			-1660.120162			0.714844
107000			-1660.120162			0.646814
108000			-1658.223052			0.585259
109000			-1658.223052			0.529561
110000			-1658.223052			0.479165
111000			-1656.325942			0.433564
112000			-1656.325942			0.392303
113000			-1654.428832			0.354969
114000			-1654.428832			0.321187
115000			-1654.428832			0.290621
116000			-1654.428832			0.262963
117000			-1654.428832			0.237938
118000			-1654.428832			0.215294
119000			-1654.428832			0.194805
120000			-1654.428832			0.176266
121000			-1654.428832			0.159491
122000			-1654.428832			0.144313
123000			-1654.428832			0.130579
124000			-1654.428832			0.118152
125000			-1654.428832			0.106908
126000			-1654.428832			0.096734
127000			-1654.428832			0.087528
128000			-1654.428832			0.079198
129000			-1654.428832			0.071661
130000			-1654.428832			0.064841
131000			-1654.428832			0.058671
132000			-1654.428832			0.053087
133000			-1654.428832			0.048035
134000			-1654.428832			0.043464
135000			-1654.428832			0.039327
136000			-1654.428832			0.035585
137000			-1654.428832			0.032198
138000			-1654.428832			0.029134
139000			-1654.428832			0.026361
140000			-1654.428832			0.023853
141000			-1654.428832			0.021583
142000			-1654.428832			0.019529
143000			-1654.428832			0.017670
144000			-1654.428832			0.015989
145000			-1654.428832			0.014467
146000			-1654.428832			0.013090
147000			-1654.428832			0.011844
148000			-1654.428832			0.010717
149000			-1652.531722			0.009697
150000			-1652.531722			0.008774
151000			-1652.531722			0.007939
152000			-1652.531722			0.007184
153000			-1652.531722			0.006500
154000			-1652.531722			0.005882
155000			-1652.531722			0.005322
156000			-1652.531722			0.004815
157000			-1652.531722			0.004357
158000			-1652.531722			0.003942
159000			-1652.531722			0.003567
160000			-1652.531722			0.003228
161000			-1652.531722			0.002921
162000			-1652.531722			0.002643
163000			-1652.531722			0.002391
164000			-1652.531722			0.002164
165000			-1652.531722			0.001958
166000			-1652.531722			0.001771
167000			-1652.531722			0.001603
168000			-1652.531722			0.001450
169000			-1652.531722			0.001312
170000			-1652.531722			0.001187
171000			-1652.531722			0.001074
Iteration: 3
Step			Log-likelihood			Temperature
1			-31378.085317			99900.000000
1000			-23826.563812			36769.542477
2000			-26786.518891			23501.721022
3000			-24726.990378			21265.130236
4000			-28279.081224			19241.389323
5000			-26461.312589			17410.241977
6000			-25807.498643			15753.359626
7000			-28911.367156			14254.157974
8000			-30724.303625			12897.631004
9000			-28843.129865			11670.200782
10000			-22253.924142			10559.581542
11000			-29837.608376			9554.656721
12000			-28387.802893			8645.367688
13000			-25250.947521			7822.613061
14000			-28565.835112			7078.157611
15000			-31217.563899			6404.549832
16000			-29675.245735			5795.047357
17000			-26255.404280			5243.549468
18000			-24955.353151			4744.536038
19000			-28967.022574			4293.012272
20000			-26588.301622			3884.458716
21000			-28115.645324			3514.786020
22000			-28910.291117			3180.294005
23000			-28345.491752			2877.634626
24000			-20922.498822			2603.778466
25000			-24136.625489			2355.984403
26000			-25521.357569			2131.772185
27000			-23748.286824			1928.897594
28000			-24447.590259			1745.329992
29000			-17989.446392			1579.231987
30000			-16530.143681			1428.941048
31000			-21981.578892			1292.952863
32000			-17712.928779			1169.906280
33000			-18308.580164			1058.569685
34000			-26930.414809			957.828671
35000			-16953.844275			866.674888
36000			-20678.915239			784.195947
37000			-16422.993530			709.566288
38000			-11488.205625			642.038917
39000			-16150.319907			580.937931
40000			-17831.646213			525.651749
41000			-17071.981148			475.626993
42000			-10868.935597			430.362949
43000			-11670.703546			389.406552
44000			-11782.304662			352.347857
45000			-11377.935794			318.815931
46000			-12064.947636			288.475142
47000			-12947.124354			261.021797
48000			-12179.445717			236.181108
49000			-10270.164255			213.704435
50000			-10417.262153			193.366803
51000			-10967.532487			174.964643
52000			-10564.758771			158.313765
53000			-9363.920404			143.247502
54000			-8234.462642			129.615051
55000			-8120.765056			117.279962
56000			-6936.141516			106.118767
57000			-7865.247447			96.019751
58000			-7232.709327			86.881830
59000			-6065.153937			78.613537
60000			-5153.585222			71.132114
61000			-5208.923945			64.362677
62000			-5153.623314			58.237467
63000			-4562.628093			52.695176
64000			-4619.670406			47.680328
65000			-4972.242583			43.142730
66000			-4663.045909			39.036961
67000			-4133.209755			35.321926
68000			-3613.498379			31.960441
69000			-3062.052188			28.918858
70000			-2724.334357			26.166734
71000			-2599.157351			23.676522
72000			-2587.774691			21.423296
73000			-2373.401263			19.384503
74000			-2322.179294			17.539736
75000			-2270.989577			15.870530
76000			-2204.590728			14.360177
77000			-2189.381595			12.993561
78000			-2195.105178			11.757001
79000			-2202.693618			10.638121
80000			-2185.619628			9.625722
81000			-2185.619628			8.709670
82000			-2197.002288			7.880796
83000			-2204.590728			7.130803
84000			-2066.101699			6.452185
85000			-2052.821929			5.838150
86000			-2062.307479			5.282550
87000			-2050.924819			4.779825
88000			-2014.879729			4.324943
89000			-2016.776839			3.913350
90000			-2011.085509			3.540928
91000			-2003.497069			3.203948
92000			-2005.394179			2.899038
93000			-2001.567706			2.623145
94000			-1980.731750			2.373508
95000			-1986.423080			2.147628
96000			-1891.567580			1.943244
97000			-1887.773360			1.758311
98000			-1887.773360			1.590978
99000			-1882.082030			1.439569
100000			-1880.184920			1.302570
101000			-1876.390700			1.178608
102000			-1866.905151			1.066443
103000			-1868.802261			0.964953
104000			-1868.802261			0.873121
105000			-1868.802261			0.790029
106000			-1863.110931			0.714844
107000			-1863.110931			0.646814
108000			-1863.110931			0.585259
109000			-1863.110931			0.529561
110000			-1861.213821			0.479165
111000			-1861.213821			0.433564
112000			-1861.213821			0.392303
113000			-1861.213821			0.354969
114000			-1861.213821			0.321187
115000			-1861.213821			0.290621
116000			-1861.213821			0.262963
117000			-1861.213821			0.237938
118000			-1859.316711			0.215294
119000			-1859.316711			0.194805
120000			-1859.316711			0.176266
121000			-1859.316711			0.159491
122000			-1859.316711			0.144313
123000			-1859.316711			0.130579
124000			-1859.316711			0.118152
125000			-1859.316711			0.106908
126000			-1859.316711			0.096734
127000			-1859.316711			0.087528
128000			-1859.316711			0.079198
129000			-1813.786071			0.071661
130000			-1813.786071			0.064841
131000			-1813.786071			0.058671
132000			-1813.786071			0.053087
133000			-1811.888961			0.048035
134000			-1811.888961			0.043464
135000			-1811.888961			0.039327
136000			-1811.888961			0.035585
137000			-1811.888961			0.032198
138000			-1799.925740			0.029134
139000			-1799.925740			0.026361
140000			-1799.925740			0.023853
141000			-1796.131520			0.021583
142000			-1796.131520			0.019529
143000			-1796.131520			0.017670
144000			-1796.131520			0.015989
145000			-1794.234410			0.014467
146000			-1794.234410			0.013090
147000			-1794.234410			0.011844
148000			-1794.234410			0.010717
149000			-1794.234410			0.009697
150000			-1794.234410			0.008774
151000			-1794.234410			0.007939
152000			-1794.234410			0.007184
153000			-1794.234410			0.006500
154000			-1794.234410			0.005882
155000			-1794.234410			0.005322
156000			-1794.234410			0.004815
157000			-1794.234410			0.004357
158000			-1794.234410			0.003942
159000			-1794.234410			0.003567
160000			-1794.234410			0.003228
161000			-1794.234410			0.002921
162000			-1794.234410			0.002643
163000			-1794.234410			0.002391
164000			-1794.234410			0.002164
165000			-1794.234410			0.001958
166000			-1794.234410			0.001771
167000			-1794.234410			0.001603
168000			-1794.234410			0.001450
169000			-1794.234410			0.001312
170000			-1794.234410			0.001187
171000			-1794.234410			0.001074
Iteration: 4
Step			Log-likelihood			Temperature
1			-31879.464822			99900.000000
1000			-28857.086955			36769.542477
2000			-29471.944111			23501.721022
3000			-30728.426218			21265.130236
4000			-28932.578475			19241.389323
5000			-30593.790076			17410.241977
6000			-26546.392258			15753.359626
7000			-24177.737416			14254.157974
8000			-28050.923650			12897.631004
9000			-30580.768333			11670.200782
10000			-30550.150708			10559.581542
11000			-27053.339917			9554.656721
12000			-29105.086470			8645.367688
13000			-28362.205115			7822.613061
14000			-28397.778083			7078.157611
15000			-29462.781094			6404.549832
16000			-24075.466422			5795.047357
17000			-24160.921453			5243.549468
18000			-30170.283002			4744.536038
19000			-29519.275100			4293.012272
20000			-29345.180851			3884.458716
21000			-29728.086212			3514.786020
22000			-25397.347524			3180.294005
23000			-27863.083347			2877.634626
24000			-26653.093642			2603.778466
25000			-21768.255089			2355.984403
26000			-25235.873240			2131.772185
27000			-24572.679402			1928.897594
28000			-20267.221797			1745.329992
29000			-27844.021326			1579.231987
30000			-14614.795527			1428.941048
31000			-18953.102080			1292.952863
32000			-19761.215324			1169.906280
33000			-22077.621927			1058.569685
34000			-16789.821975			957.828671
35000			-21235.445785			866.674888
36000			-17056.557919			784.195947
37000			-14777.571623			709.566288
38000			-14872.817221			642.038917
39000			-17543.156482			580.937931
40000			-17495.837170			525.651749
41000			-14354.788860			475.626993
42000			-14275.746411			430.362949
43000			-11615.945383			389.406552
44000			-13635.312053			352.347857
45000			-12095.533008			318.815931
46000			-11256.913635			288.475142
47000			-14090.586196			261.021797
48000			-10863.657721			236.181108
49000			-8568.488852			213.704435
50000			-10702.784574			193.366803
51000			-11179.551419			174.964643
52000			-10698.899433			158.313765
53000			-10101.573654			143.247502
54000			-9059.679071			129.615051
55000			-7912.035968			117.279962
56000			-7651.873873			106.118767
57000			-6502.236901			96.019751
58000			-6375.737507			86.881830
59000			-6094.094388			78.613537
60000			-5783.710178			71.132114
61000			-5339.502000			64.362677
62000			-5703.263317			58.237467
63000			-5061.846621			52.695176
64000			-4749.855582			47.680328
65000			-4413.298873			43.142730
66000			-3920.824358			39.036961
67000			-4121.401962			35.321926
68000			-3296.681012			31.960441
69000			-3154.397763			28.918858
70000			-2833.850682			26.166734
71000			-2799.702702			23.676522
72000			-2784.525822			21.423296
73000			-2674.493443			19.384503
74000			-2600.538407			17.539736
75000			-2680.184773			15.870530
76000			-2539.798634			14.360177
77000			-2465.811345			12.993561
78000			-2364.554942			11.757001
79000			-2300.149962			10.638121
80000			-2247.030883			9.625722
81000			-2195.808913			8.709670
82000			-2120.537328			7.880796
83000			-2050.312005			7.130803
84000			-2063.591775			6.452185
85000			-2061.726918			5.838150
86000			-2046.550038			5.282550
87000			-2037.064488			4.779825
88000			-2038.961598			4.324943
89000			-2031.373159			3.913350
90000			-2035.135125			3.540928
91000			-1923.237889			3.203948
92000			-1851.147710			2.899038
93000			-1832.176610			2.623145
94000			-1826.485280			2.373508
95000			-1830.279500			2.147628
96000			-1820.793950			1.943244
97000			-1820.793950			1.758311
98000			-1816.999730			1.590978
99000			-1816.999730			1.439569
100000			-1807.514180			1.302570
101000			-1807.514180			1.178608
102000			-1805.617070			1.066443
103000			-1807.514180			0.964953
104000			-1805.617070			0.873121
105000			-1803.719960			0.790029
106000			-1805.617070			0.714844
107000			-1801.822850			0.646814
108000			-1799.925740			0.585259
109000			-1796.131520			0.529561
110000			-1798.028630			0.479165
111000			-1796.131520			0.433564
112000			-1796.131520			0.392303
113000			-1796.131520			0.354969
114000			-1796.131520			0.321187
115000			-1796.131520			0.290621
116000			-1796.131520			0.262963
117000			-1796.131520			0.237938
118000			-1796.131520			0.215294
119000			-1796.131520			0.194805
120000			-1794.234410			0.176266
121000			-1794.234410			0.159491
122000			-1794.234410			0.144313
123000			-1794.234410			0.130579
124000			-1794.234410			0.118152
125000			-1794.234410			0.106908
126000			-1794.234410			0.096734
127000			-1794.234410			0.087528
128000			-1794.234410			0.079198
129000			-1794.234410			0.071661
130000			-1794.234410			0.064841
131000			-1794.234410			0.058671
132000			-1794.234410			0.053087
133000			-1794.234410			0.048035
134000			-1794.234410			0.043464
135000			-1794.234410			0.039327
136000			-1794.234410			0.035585
137000			-1794.234410			0.032198
138000			-1794.234410			0.029134
139000			-1794.234410			0.026361
140000			-1794.234410			0.023853
141000			-1794.234410			0.021583
142000			-1794.234410			0.019529
143000			-1794.234410			0.017670
144000			-1794.234410			0.015989
145000			-1794.234410			0.014467
146000			-1794.234410			0.013090
147000			-1794.234410			0.011844
148000			-1794.234410			0.010717
149000			-1794.234410			0.009697
150000			-1794.234410			0.008774
151000			-1794.234410			0.007939
152000			-1794.234410			0.007184
153000			-1794.234410			0.006500
154000			-1794.234410			0.005882
155000			-1794.234410			0.005322
156000			-1794.234410			0.004815
157000			-1794.234410			0.004357
158000			-1794.234410			0.003942
159000			-1794.234410			0.003567
160000			-1794.234410			0.003228
161000			-1794.234410			0.002921
162000			-1794.234410			0.002643
163000			-1794.234410			0.002391
164000			-1794.234410			0.002164
165000			-1794.234410			0.001958
166000			-1794.234410			0.001771
167000			-1794.234410			0.001603
168000			-1794.234410			0.001450
169000			-1794.234410			0.001312
170000			-1794.234410			0.001187
171000			-1794.234410			0.001074
Iteration: 5
Step			Log-likelihood			Temperature
1			-32074.093069			99900.000000
1000			-25615.611932			36769.542477
2000			-27308.057031			23501.721022
3000			-30835.174592			21265.130236
4000			-29173.188910			19241.389323
5000			-25837.969738			17410.241977
6000			-28420.654899			15753.359626
7000			-25379.478878			14254.157974
8000			-26757.197240			12897.631004
9000			-22948.885049			11670.200782
10000			-28049.897381			10559.581542
11000			-28415.028075			9554.656721
12000			-28290.003440			8645.367688
13000			-26749.013503			7822.613061
14000			-29249.835712			7078.157611
15000			-26215.107584			6404.549832
16000			-28546.380212			5795.047357
17000			-29300.564984			5243.549468
18000			-29529.244451			4744.536038
19000			-26918.463266			4293.012272
20000			-31428.673897			3884.458716
21000			-26624.883341			3514.786020
22000			-29940.067052			3180.294005
23000			-23726.823318			2877.634626
24000			-24872.745313			2603.778466
25000			-25115.226443			2355.984403
26000			-24359.845238			2131.772185
27000			-23693.044861			1928.897594
28000			-22682.310372			1745.329992
29000			-17097.567248			1579.231987
30000			-21470.546732			1428.941048
31000			-20223.872708			1292.952863
32000			-16613.719120			1169.906280
33000			-17706.035177			1058.569685
34000			-16908.474902			957.828671
35000			-17559.327377			866.674888
36000			-15824.146004			784.195947
37000			-23857.879334			709.566288
38000			-16764.262290			642.038917
39000			-15800.773709			580.937931
40000			-18924.440232			525.651749
41000			-13067.952993			475.626993
42000			-15957.415825			430.362949
43000			-14041.692308			389.406552
44000			-12172.819039			352.347857
45000			-11852.805529			318.815931
46000			-13182.043458			288.475142
47000			-9952.584484			261.021797
48000			-11621.616138			236.181108
49000			-10438.652256			213.704435
50000			-10724.453279			193.366803
51000			-8877.266232			174.964643
52000			-9441.605153			158.313765
53000			-9234.245443			143.247502
54000			-10312.733423			129.615051
55000			-9125.696719			117.279962
56000			-7379.077076			106.118767
57000			-7407.727246			96.019751
58000			-7206.009095			86.881830
59000			-6188.014539			78.613537
60000			-5500.266709			71.132114
61000			-5602.775155			64.362677
62000			-4947.826502			58.237467
63000			-5247.569880			52.695176
64000			-3865.163101			47.680328
65000			-3409.281983			43.142730
66000			-2905.392554			39.036961
67000			-2859.732901			35.321926
68000			-2656.838893			31.960441
69000			-2535.681881			28.918858
70000			-2346.873977			26.166734
71000			-2307.034667			23.676522
72000			-2145.780318			21.423296
73000			-2014.879729			19.384503
74000			-2003.497069			17.539736
75000			-2012.982619			15.870530
76000			-1982.628860			14.360177
77000			-2028.159499			12.993561
78000			-1967.451980			11.757001
79000			-1971.246200			10.638121
80000			-1732.210342			9.625722
81000			-1734.107452			8.709670
82000			-1728.416122			7.880796
83000			-1724.621902			7.130803
84000			-1713.239242			6.452185
85000			-1711.342132			5.838150
86000			-1690.473922			5.282550
87000			-1673.399932			4.779825
88000			-1671.502822			4.324943
89000			-1663.914382			3.913350
90000			-1663.914382			3.540928
91000			-1677.194152			3.203948
92000			-1671.502822			2.899038
93000			-1669.605712			2.623145
94000			-1667.708602			2.373508
95000			-1669.605712			2.147628
96000			-1671.502822			1.943244
97000			-1667.708602			1.758311
98000			-1665.811492			1.590978
99000			-1665.811492			1.439569
100000			-1669.605712			1.302570
101000			-1665.811492			1.178608
102000			-1667.708602			1.066443
103000			-1667.708602			0.964953
104000			-1663.914382			0.873121
105000			-1662.017272			0.790029
106000			-1662.017272			0.714844
107000			-1658.223052			0.646814
108000			-1656.325942			0.585259
109000			-1656.325942			0.529561
110000			-1656.325942			0.479165
111000			-1656.325942			0.433564
112000			-1656.325942			0.392303
113000			-1656.325942			0.354969
114000			-1654.428832			0.321187
115000			-1654.428832			0.290621
116000			-1654.428832			0.262963
117000			-1652.531722			0.237938
118000			-1652.531722			0.215294
119000			-1652.531722			0.194805
120000			-1652.531722			0.176266
121000			-1652.531722			0.159491
122000			-1652.531722			0.144313
123000			-1652.531722			0.130579
124000			-1652.531722			0.118152
125000			-1652.531722			0.106908
126000			-1652.531722			0.096734
127000			-1652.531722			0.087528
128000			-1652.531722			0.079198
129000			-1652.531722			0.071661
130000			-1652.531722			0.064841
131000			-1652.531722			0.058671
132000			-1652.531722			0.053087
133000			-1652.531722			0.048035
134000			-1652.531722			0.043464
135000			-1652.531722			0.039327
136000			-1652.531722			0.035585
137000			-1652.531722			0.032198
138000			-1652.531722			0.029134
139000			-1652.531722			0.026361
140000			-1652.531722			0.023853
141000			-1652.531722			0.021583
142000			-1652.531722			0.019529
143000			-1652.531722			0.017670
144000			-1652.531722			0.015989
145000			-1652.531722			0.014467
146000			-1652.531722			0.013090
147000			-1652.531722			0.011844
148000			-1652.531722			0.010717
149000			-1652.531722			0.009697
150000			-1652.531722			0.008774
151000			-1652.531722			0.007939
152000			-1652.531722			0.007184
153000			-1652.531722			0.006500
154000			-1652.531722			0.005882
155000			-1652.531722			0.005322
156000			-1652.531722			0.004815
157000			-1652.531722			0.004357
158000			-1652.531722			0.003942
159000			-1652.531722			0.003567
160000			-1652.531722			0.003228
161000			-1652.531722			0.002921
162000			-1652.531722			0.002643
163000			-1652.531722			0.002391
164000			-1652.531722			0.002164
165000			-1652.531722			0.001958
166000			-1652.531722			0.001771
167000			-1652.531722			0.001603
168000			-1652.531722			0.001450
169000			-1652.531722			0.001312
170000			-1652.531722			0.001187
171000			-1652.531722			0.001074
Iteration: 6
Step			Log-likelihood			Temperature
1			-31612.294847			99900.000000
1000			-30345.978243			36769.542477
2000			-29282.033753			23501.721022
3000			-31614.455823			21265.130236
4000			-29989.435843			19241.389323
5000			-26959.161739			17410.241977
6000			-23262.573840			15753.359626
7000			-25265.473494			14254.157974
8000			-24935.071341			12897.631004
9000			-29265.314550			11670.200782
10000			-30043.704366			10559.581542
11000			-28853.201814			9554.656721
12000			-26916.548639			8645.367688
13000			-25786.598180			7822.613061
14000			-27100.187106			7078.157611
15000			-23931.635011			6404.549832
16000			-29619.531649			5795.047357
17000			-27460.696671			5243.549468
18000			-28262.115672			4744.536038
19000			-27171.514883			4293.012272
20000			-27504.529560			3884.458716
21000			-26833.410012			3514.786020
22000			-26064.678691			3180.294005
23000			-27580.718976			2877.634626
24000			-24912.907157			2603.778466
25000			-24809.668561			2355.984403
26000			-19851.572868			2131.772185
27000			-25420.247696			1928.897594
28000			-25432.213975			1745.329992
29000			-25148.969865			1579.231987
30000			-20627.587612			1428.941048
31000			-21116.294321			1292.952863
32000			-20473.092012			1169.906280
33000			-21945.947257			1058.569685
34000			-22280.683041			957.828671
35000			-20704.061469			866.674888
36000			-17470.582501			784.195947
37000			-13107.088568			709.566288
38000			-16161.599968			642.038917
39000			-16089.483374			580.937931
40000			-17698.332460			525.651749
41000			-14838.384800			475.626993
42000			-12031.825925			430.362949
43000			-14520.101294			389.406552
44000			-12019.642770			352.347857
45000			-12457.837084			318.815931
46000			-14095.336339			288.475142
47000			-9929.033405			261.021797
48000			-12080.447049			236.181108
49000			-11160.747425			213.704435
50000			-10609.081299			193.366803
51000			-9408.146172			174.964643
52000			-10526.274103			158.313765
53000			-10821.836220			143.247502
54000			-9089.619376			129.615051
55000			-9160.607101			117.279962
56000			-8288.297135			106.118767
57000			-7759.971050			96.019751
58000			-6837.755663			86.881830
59000			-6050.815645			78.613537
60000			-5726.641451			71.132114
61000			-5277.058637			64.362677
62000			-5353.459091			58.237467
63000			-4914.780976			52.695176
64000			-4439.993265			47.680328
65000			-4603.880712			43.142730
66000			-3649.124175			39.036961
67000			-3656.454588			35.321926
68000			-3626.100828			31.960441
69000			-3650.698751			28.918858
70000			-3461.632820			26.166734
71000			-3351.600441			23.676522
72000			-3169.606896			21.423296
73000			-2931.758574			19.384503
74000			-2884.330824			17.539736
75000			-2964.009443			15.870530
76000			-2954.523894			14.360177
77000			-2946.935454			12.993561
78000			-2738.543636			11.757001
79000			-2658.865016			10.638121
80000			-2619.025707			9.625722
81000			-2482.885335			8.709670
82000			-2226.775487			7.880796
83000			-2200.215947			7.130803
84000			-2179.347737			6.452185
85000			-2200.215947			5.838150
86000			-2171.759297			5.282550
87000			-2164.170857			4.779825
88000			-2152.788198			4.324943
89000			-1999.090035			3.913350
90000			-1972.562749			3.540928
91000			-1972.562749			3.203948
92000			-1959.282979			2.899038
93000			-1963.077199			2.623145
94000			-1966.871419			2.373508
95000			-1955.488759			2.147628
96000			-1955.488759			1.943244
97000			-1911.855229			1.758311
98000			-1909.958119			1.590978
99000			-1902.369680			1.439569
100000			-1892.884130			1.302570
101000			-1890.987020			1.178608
102000			-1889.089910			1.066443
103000			-1887.192800			0.964953
104000			-1883.398580			0.873121
105000			-1879.604360			0.790029
106000			-1877.707250			0.714844
107000			-1847.353490			0.646814
108000			-1805.617070			0.585259
109000			-1803.719960			0.529561
110000			-1796.131520			0.479165
111000			-1796.131520			0.433564
112000			-1796.131520			0.392303
113000			-1796.131520			0.354969
114000			-1796.131520			0.321187
115000			-1796.131520			0.290621
116000			-1794.234410			0.262963
117000			-1794.234410			0.237938
118000			-1794.234410			0.215294
119000			-1794.234410			0.194805
120000			-1794.234410			0.176266
121000			-1794.234410			0.159491
122000			-1794.234410			0.144313
123000			-1794.234410			0.130579
124000			-1794.234410			0.118152
125000			-1794.234410			0.106908
126000			-1794.234410			0.096734
127000			-1794.234410			0.087528
128000			-1794.234410			0.079198
129000			-1794.234410			0.071661
130000			-1794.234410			0.064841
131000			-1794.234410			0.058671
132000			-1794.234410			0.053087
133000			-1794.234410			0.048035
134000			-1794.234410			0.043464
135000			-1794.234410			0.039327
136000			-1794.234410			0.035585
137000			-1794.234410			0.032198
138000			-1794.234410			0.029134
139000			-1794.234410			0.026361
140000			-1794.234410			0.023853
141000			-1794.234410			0.021583
142000			-1794.234410			0.019529
143000			-1794.234410			0.017670
144000			-1794.234410			0.015989
145000			-1794.234410			0.014467
146000			-1794.234410			0.013090
147000			-1794.234410			0.011844
148000			-1794.234410			0.010717
149000			-1794.234410			0.009697
150000			-1794.234410			0.008774
151000			-1794.234410			0.007939
152000			-1794.234410			0.007184
153000			-1794.234410			0.006500
154000			-1794.234410			0.005882
155000			-1794.234410			0.005322
156000			-1794.234410			0.004815
157000			-1794.234410			0.004357
158000			-1794.234410			0.003942
159000			-1794.234410			0.003567
160000			-1794.234410			0.003228
161000			-1794.234410			0.002921
162000			-1794.234410			0.002643
163000			-1794.234410			0.002391
164000			-1794.234410			0.002164
165000			-1794.234410			0.001958
166000			-1794.234410			0.001771
167000			-1794.234410			0.001603
168000			-1794.234410			0.001450
169000			-1794.234410			0.001312
170000			-1794.234410			0.001187
171000			-1794.234410			0.001074
Iteration: 7
Step			Log-likelihood			Temperature
1			-29597.194520			99900.000000
1000			-27116.692214			36769.542477
2000			-27560.443005			23501.721022
3000			-32098.767177			21265.130236
4000			-29855.438930			19241.389323
5000			-26700.612313			17410.241977
6000			-30737.680155			15753.359626
7000			-29086.534664			14254.157974
8000			-29462.361801			12897.631004
9000			-27025.232216			11670.200782
10000			-28422.079886			10559.581542
11000			-29006.114217			9554.656721
12000			-26941.152401			8645.367688
13000			-28203.126479			7822.613061
14000			-30160.184638			7078.157611
15000			-22450.428924			6404.549832
16000			-27433.541834			5795.047357
17000			-19469.092639			5243.549468
18000			-29176.150381			4744.536038
19000			-26889.833672			4293.012272
20000			-21800.907735			3884.458716
21000			-28471.695026			3514.786020
22000			-22964.689480			3180.294005
23000			-28834.908035			2877.634626
24000			-27809.759069			2603.778466
25000			-27279.257272			2355.984403
26000			-27962.070336			2131.772185
27000			-20262.072935			1928.897594
28000			-17010.745897			1745.329992
29000			-26224.766079			1579.231987
30000			-25712.643144			1428.941048
31000			-19248.705347			1292.952863
32000			-20686.553449			1169.906280
33000			-27821.701715			1058.569685
34000			-19468.899119			957.828671
35000			-19160.153992			866.674888
36000			-20634.965014			784.195947
37000			-17631.391142			709.566288
38000			-17734.093108			642.038917
39000			-16132.369237			580.937931
40000			-19680.982558			525.651749
41000			-11592.271130			475.626993
42000			-14091.172596			430.362949
43000			-11649.421881			389.406552
44000			-11988.488515			352.347857
45000			-13002.205050			318.815931
46000			-12267.003056			288.475142
47000			-11123.658549			261.021797
48000			-12254.201248			236.181108
49000			-10613.942939			213.704435
50000			-10071.864962			193.366803
51000			-9525.283190			174.964643
52000			-9161.709555			158.313765
53000			-6941.753603			143.247502
54000			-7873.797649			129.615051
55000			-8193.693823			117.279962
56000			-7378.329409			106.118767
57000			-6601.514170			96.019751
58000			-5932.447160			86.881830
59000			-5992.225170			78.613537
60000			-5532.775606			71.132114
61000			-4699.627628			64.362677
62000			-4631.879976			58.237467
63000			-4618.696966			52.695176
64000			-4241.655880			47.680328
65000			-4038.826378			43.142730
66000			-4021.784642			39.036961
67000			-3913.875146			35.321926
68000			-3974.485905			31.960441
69000			-4000.529391			28.918858
70000			-3729.952238			26.166734
71000			-3674.968301			23.676522
72000			-3665.515005			21.423296
73000			-3203.813543			19.384503
74000			-3234.038290			17.539736
75000			-3127.993651			15.870530
76000			-3113.010291			14.360177
77000			-2861.275224			12.993561
78000			-2840.439267			11.757001
79000			-2829.056608			10.638121
80000			-2570.759369			9.625722
81000			-2555.582489			8.709670
82000			-2534.714280			7.880796
83000			-2362.625578			7.130803
84000			-2381.596678			6.452185
85000			-2254.490309			5.838150
86000			-2048.285882			5.282550
87000			-2038.800332			4.779825
88000			-2033.109002			4.324943
89000			-1906.002633			3.913350
90000			-1907.899743			3.540928
91000			-1900.311303			3.203948
92000			-1888.928643			2.899038
93000			-1896.517083			2.623145
94000			-1894.619973			2.373508
95000			-1896.517083			2.147628
96000			-1898.414193			1.943244
97000			-1890.825753			1.758311
98000			-1890.825753			1.590978
99000			-1883.237313			1.439569
100000			-1888.928643			1.302570
101000			-1877.545983			1.178608
102000			-1875.648873			1.066443
103000			-1875.648873			0.964953
104000			-1873.751763			0.873121
105000			-1875.648873			0.790029
106000			-1879.443093			0.714844
107000			-1879.443093			0.646814
108000			-1877.545983			0.585259
109000			-1875.648873			0.529561
110000			-1871.854653			0.479165
111000			-1871.854653			0.433564
112000			-1869.957543			0.392303
113000			-1869.957543			0.354969
114000			-1869.957543			0.321187
115000			-1869.957543			0.290621
116000			-1869.957543			0.262963
117000			-1869.957543			0.237938
118000			-1869.957543			0.215294
119000			-1869.957543			0.194805
120000			-1869.957543			0.176266
121000			-1869.957543			0.159491
122000			-1869.957543			0.144313
123000			-1869.957543			0.130579
124000			-1869.957543			0.118152
125000			-1869.957543			0.106908
126000			-1869.957543			0.096734
127000			-1869.957543			0.087528
128000			-1869.957543			0.079198
129000			-1869.957543			0.071661
130000			-1869.957543			0.064841
131000			-1869.957543			0.058671
132000			-1869.957543			0.053087
133000			-1869.957543			0.048035
134000			-1869.957543			0.043464
135000			-1869.957543			0.039327
136000			-1869.957543			0.035585
137000			-1869.957543			0.032198
138000			-1869.957543			0.029134
139000			-1869.957543			0.026361
140000			-1869.957543			0.023853
141000			-1869.957543			0.021583
142000			-1869.957543			0.019529
143000			-1869.957543			0.017670
144000			-1868.060433			0.015989
145000			-1868.060433			0.014467
146000			-1868.060433			0.013090
147000			-1868.060433			0.011844
148000			-1868.060433			0.010717
149000			-1868.060433			0.009697
150000			-1868.060433			0.008774
151000			-1868.060433			0.007939
152000			-1868.060433			0.007184
153000			-1868.060433			0.006500
154000			-1868.060433			0.005882
155000			-1868.060433			0.005322
156000			-1868.060433			0.004815
157000			-1868.060433			0.004357
158000			-1868.060433			0.003942
159000			-1868.060433			0.003567
160000			-1868.060433			0.003228
161000			-1868.060433			0.002921
162000			-1868.060433			0.002643
163000			-1868.060433			0.002391
164000			-1868.060433			0.002164
165000			-1868.060433			0.001958
166000			-1868.060433			0.001771
167000			-1868.060433			0.001603
168000			-1868.060433			0.001450
169000			-1868.060433			0.001312
170000			-1868.060433			0.001187
171000			-1868.060433			0.001074
Iteration: 8
Step			Log-likelihood			Temperature
1			-31994.801490			99900.000000
1000			-25394.831761			36769.542477
2000			-28507.391168			23501.721022
3000			-31213.758001			21265.130236
4000			-25617.556032			19241.389323
5000			-28729.942494			17410.241977
6000			-29117.533492			15753.359626
7000			-25531.262413			14254.157974
8000			-28725.209868			12897.631004
9000			-30654.019634			11670.200782
10000			-30967.294970			10559.581542
11000			-28437.341848			9554.656721
12000			-23929.086995			8645.367688
13000			-23964.434188			7822.613061
14000			-26288.886617			7078.157611
15000			-26465.913143			6404.549832
16000			-30047.466332			5795.047357
17000			-24392.072752			5243.549468
18000			-28026.035447			4744.536038
19000			-28663.872017			4293.012272
20000			-26926.814109			3884.458716
21000			-22266.198218			3514.786020
22000			-27594.236198			3180.294005
23000			-28159.445960			2877.634626
24000			-25680.198754			2603.778466
25000			-26319.642154			2355.984403
26000			-26563.891380			2131.772185
27000			-29508.596175			1928.897594
28000			-22376.397703			1745.329992
29000			-31707.200117			1579.231987
30000			-26944.662180			1428.941048
31000			-26809.155198			1292.952863
32000			-21488.394802			1169.906280
33000			-18876.555096			1058.569685
34000			-18576.081569			957.828671
35000			-21622.670317			866.674888
36000			-14765.731577			784.195947
37000			-18712.040098			709.566288
38000			-13335.251981			642.038917
39000			-17548.396264			580.937931
40000			-15149.886200			525.651749
41000			-13997.777395			475.626993
42000			-13706.698497			430.362949
43000			-13024.454316			389.406552
44000			-14796.610288			352.347857
45000			-14630.057489			318.815931
46000			-11708.349626			288.475142
47000			-9540.307701			261.021797
48000			-10363.794126			236.181108
49000			-8738.390162			213.704435
50000			-10410.937434			193.366803
51000			-9829.899886			174.964643
52000			-8144.987617			158.313765
53000			-8085.731499			143.247502
54000			-8086.848689			129.615051
55000			-7163.994073			117.279962
56000			-7363.093862			106.118767
57000			-7416.239356			96.019751
58000			-6075.859276			86.881830
59000			-6740.809533			78.613537
60000			-5716.021193			71.132114
61000			-4879.530543			64.362677
62000			-5639.911020			58.237467
63000			-4927.635613			52.695176
64000			-3893.200456			47.680328
65000			-3893.071443			43.142730
66000			-3628.185619			39.036961
67000			-3632.657160			35.321926
68000			-3436.389830			31.960441
69000			-3064.749793			28.918858
70000			-2699.123620			26.166734
71000			-2573.978868			23.676522
72000			-2412.724519			21.423296
73000			-2482.917588			19.384503
74000			-2522.756898			17.539736
75000			-2280.120340			15.870530
76000			-2283.914560			14.360177
77000			-2111.213045			12.993561
78000			-2139.669695			11.757001
79000			-2088.512232			10.638121
80000			-2003.142282			9.625722
81000			-1968.994303			8.709670
82000			-1961.405863			7.880796
83000			-1844.139831			7.130803
84000			-1842.242721			6.452185
85000			-1743.593002			5.838150
86000			-1717.033462			5.282550
87000			-1711.342132			4.779825
88000			-1690.473922			4.324943
89000			-1686.679702			3.913350
90000			-1679.091262			3.540928
91000			-1688.576812			3.203948
92000			-1675.297042			2.899038
93000			-1680.988372			2.623145
94000			-1673.399932			2.373508
95000			-1675.297042			2.147628
96000			-1663.914382			1.943244
97000			-1671.502822			1.758311
98000			-1667.708602			1.590978
99000			-1667.708602			1.439569
100000			-1667.708602			1.302570
101000			-1665.811492			1.178608
102000			-1667.708602			1.066443
103000			-1660.120162			0.964953
104000			-1658.223052			0.873121
105000			-1658.223052			0.790029
106000			-1658.223052			0.714844
107000			-1656.325942			0.646814
108000			-1654.428832			0.585259
109000			-1654.428832			0.529561
110000			-1652.531722			0.479165
111000			-1652.531722			0.433564
112000			-1652.531722			0.392303
113000			-1652.531722			0.354969
114000			-1652.531722			0.321187
115000			-1652.531722			0.290621
116000			-1652.531722			0.262963
117000			-1652.531722			0.237938
118000			-1652.531722			0.215294
119000			-1652.531722			0.194805
120000			-1652.531722			0.176266
121000			-1652.531722			0.159491
122000			-1652.531722			0.144313
123000			-1652.531722			0.130579
124000			-1652.531722			0.118152
125000			-1652.531722			0.106908
126000			-1652.531722			0.096734
127000			-1652.531722			0.087528
128000			-1652.531722			0.079198
129000			-1652.531722			0.071661
130000			-1652.531722			0.064841
131000			-1652.531722			0.058671
132000			-1652.531722			0.053087
133000			-1652.531722			0.048035
134000			-1652.531722			0.043464
135000			-1652.531722			0.039327
136000			-1652.531722			0.035585
137000			-1652.531722			0.032198
138000			-1652.531722			0.029134
139000			-1652.531722			0.026361
140000			-1652.531722			0.023853
141000			-1652.531722			0.021583
142000			-1652.531722			0.019529
143000			-1652.531722			0.017670
144000			-1652.531722			0.015989
145000			-1652.531722			0.014467
146000			-1652.531722			0.013090
147000			-1652.531722			0.011844
148000			-1652.531722			0.010717
149000			-1652.531722			0.009697
150000			-1652.531722			0.008774
151000			-1652.531722			0.007939
152000			-1652.531722			0.007184
153000			-1652.531722			0.006500
154000			-1652.531722			0.005882
155000			-1652.531722			0.005322
156000			-1652.531722			0.004815
157000			-1652.531722			0.004357
158000			-1652.531722			0.003942
159000			-1652.531722			0.003567
160000			-1652.531722			0.003228
161000			-1652.531722			0.002921
162000			-1652.531722			0.002643
163000			-1652.531722			0.002391
164000			-1652.531722			0.002164
165000			-1652.531722			0.001958
166000			-1652.531722			0.001771
167000			-1652.531722			0.001603
168000			-1652.531722			0.001450
169000			-1652.531722			0.001312
170000			-1652.531722			0.001187
171000			-1652.531722			0.001074
Iteration: 9
Step			Log-likelihood			Temperature
1			-30995.739941			99900.000000
1000			-24818.394766			36769.542477
2000			-28958.903344			23501.721022
3000			-29498.826184			21265.130236
4000			-28557.504845			19241.389323
5000			-29258.306671			17410.241977
6000			-30435.599798			15753.359626
7000			-27288.238447			14254.157974
8000			-25024.203256			12897.631004
9000			-25845.305990			11670.200782
10000			-32022.366724			10559.581542
11000			-30060.573157			9554.656721
12000			-29608.884978			8645.367688
13000			-22682.756080			7822.613061
14000			-22449.563922			7078.157611
15000			-28783.577627			6404.549832
16000			-31803.527593			5795.047357
17000			-27645.930290			5243.549468
18000			-31433.268613			4744.536038
19000			-23585.786272			4293.012272
20000			-25080.550732			3884.458716
21000			-25215.025606			3514.786020
22000			-26887.244505			3180.294005
23000			-24617.963693			2877.634626
24000			-23896.217472			2603.778466
25000			-20924.255241			2355.984403
26000			-25743.565786			2131.772185
27000			-26247.255855			1928.897594
28000			-17558.037242			1745.329992
29000			-26850.173146			1579.231987
30000			-19459.595411			1428.941048
31000			-24044.913303			1292.952863
32000			-23522.181788			1169.906280
33000			-23055.047024			1058.569685
34000			-16396.363645			957.828671
35000			-18852.118440			866.674888
36000			-15441.783111			784.195947
37000			-20288.535715			709.566288
38000			-17168.560812			642.038917
39000			-21333.456276			580.937931
40000			-15739.975268			525.651749
41000			-15192.449529			475.626993
42000			-14530.774380			430.362949
43000			-14500.619980			389.406552
44000			-11374.302841			352.347857
45000			-11858.039473			318.815931
46000			-11893.158112			288.475142
47000			-10958.217101			261.021797
48000			-11842.173594			236.181108
49000			-10134.715940			213.704435
50000			-10940.650414			193.366803
51000			-10725.846013			174.964643
52000			-9715.601164			158.313765
53000			-8292.580994			143.247502
54000			-9076.462780			129.615051
55000			-9251.319433			117.279962
56000			-7818.400258			106.118767
57000			-8366.588859			96.019751
58000			-7116.147030			86.881830
59000			-6096.088258			78.613537
60000			-5036.861658			71.132114
61000			-5482.515398			64.362677
62000			-5481.650396			58.237467
63000			-5080.882228			52.695176
64000			-4674.803931			47.680328
65000			-4451.235233			43.142730
66000			-4497.314180			39.036961
67000			-4092.913059			35.321926
68000			-3733.526523			31.960441
69000			-3606.581421			28.918858
70000			-3441.468346			26.166734
71000			-3111.984022			23.676522
72000			-3177.254004			21.423296
73000			-3132.303925			19.384503
74000			-2721.243872			17.539736
75000			-2643.462363			15.870530
76000			-2556.195303			14.360177
77000			-2520.246974			12.993561
78000			-2529.635764			11.757001
79000			-2088.867019			10.638121
80000			-2107.838119			9.625722
81000			-2130.603438			8.709670
82000			-2085.072799			7.880796
83000			-2049.027709			7.130803
84000			-2024.365279			6.452185
85000			-2022.468169			5.838150
86000			-1794.814971			5.282550
87000			-1783.432311			4.779825
88000			-1773.946761			4.324943
89000			-1770.152541			3.913350
90000			-1722.724792			3.540928
91000			-1720.827682			3.203948
92000			-1718.930572			2.899038
93000			-1718.930572			2.623145
94000			-1726.519012			2.373508
95000			-1722.724792			2.147628
96000			-1720.827682			1.943244
97000			-1717.033462			1.758311
98000			-1707.547912			1.590978
99000			-1711.342132			1.439569
100000			-1709.445022			1.302570
101000			-1705.650802			1.178608
102000			-1667.708602			1.066443
103000			-1662.017272			0.964953
104000			-1663.914382			0.873121
105000			-1662.017272			0.790029
106000			-1662.017272			0.714844
107000			-1662.017272			0.646814
108000			-1660.120162			0.585259
109000			-1660.120162			0.529561
110000			-1660.120162			0.479165
111000			-1658.223052			0.433564
112000			-1656.325942			0.392303
113000			-1654.428832			0.354969
114000			-1654.428832			0.321187
115000			-1654.428832			0.290621
116000			-1654.428832			0.262963
117000			-1654.428832			0.237938
118000			-1654.428832			0.215294
119000			-1654.428832			0.194805
120000			-1654.428832			0.176266
121000			-1654.428832			0.159491
122000			-1654.428832			0.144313
123000			-1654.428832			0.130579
124000			-1654.428832			0.118152
125000			-1654.428832			0.106908
126000			-1654.428832			0.096734
127000			-1654.428832			0.087528
128000			-1654.428832			0.079198
129000			-1654.428832			0.071661
130000			-1654.428832			0.064841
131000			-1654.428832			0.058671
132000			-1654.428832			0.053087
133000			-1654.428832			0.048035
134000			-1652.531722			0.043464
135000			-1652.531722			0.039327
136000			-1652.531722			0.035585
137000			-1652.531722			0.032198
138000			-1652.531722			0.029134
139000			-1652.531722			0.026361
140000			-1652.531722			0.023853
141000			-1652.531722			0.021583
142000			-1652.531722			0.019529
143000			-1652.531722			0.017670
144000			-1652.531722			0.015989
145000			-1652.531722			0.014467
146000			-1652.531722			0.013090
147000			-1652.531722			0.011844
148000			-1652.531722			0.010717
149000			-1652.531722			0.009697
150000			-1652.531722			0.008774
151000			-1652.531722			0.007939
152000			-1652.531722			0.007184
153000			-1652.531722			0.006500
154000			-1652.531722			0.005882
155000			-1652.531722			0.005322
156000			-1652.531722			0.004815
157000			-1652.531722			0.004357
158000			-1652.531722			0.003942
159000			-1652.531722			0.003567
160000			-1652.531722			0.003228
161000			-1652.531722			0.002921
162000			-1652.531722			0.002643
163000			-1652.531722			0.002391
164000			-1652.531722			0.002164
165000			-1652.531722			0.001958
166000			-1652.531722			0.001771
167000			-1652.531722			0.001603
168000			-1652.531722			0.001450
169000			-1652.531722			0.001312
170000			-1652.531722			0.001187
171000			-1652.531722			0.001074
Iteration: 10
Step			Log-likelihood			Temperature
1			-31504.546619			99900.000000
1000			-26530.860591			36769.542477
2000			-28809.755966			23501.721022
3000			-30416.229980			21265.130236
4000			-29240.813387			19241.389323
5000			-28132.499379			17410.241977
6000			-29244.730782			15753.359626
7000			-29054.289634			14254.157974
8000			-30956.363857			12897.631004
9000			-25853.920699			11670.200782
10000			-26753.279845			10559.581542
11000			-30432.277701			9554.656721
12000			-26947.532730			8645.367688
13000			-31313.853283			7822.613061
14000			-29124.127916			7078.157611
15000			-21875.416917			6404.549832
16000			-27351.341613			5795.047357
17000			-27406.369480			5243.549468
18000			-25460.796580			4744.536038
19000			-29663.739900			4293.012272
20000			-23821.124670			3884.458716
21000			-29909.900973			3514.786020
22000			-27625.067919			3180.294005
23000			-29272.650802			2877.634626
24000			-24440.435849			2603.778466
25000			-25299.735752			2355.984403
26000			-27643.561057			2131.772185
27000			-21467.983979			1928.897594
28000			-22235.841400			1745.329992
29000			-26202.343869			1579.231987
30000			-26416.922495			1428.941048
31000			-20547.516113			1292.952863
32000			-16389.687196			1169.906280
33000			-20349.234337			1058.569685
34000			-19678.220446			957.828671
35000			-18057.865526			866.674888
36000			-17698.968630			784.195947
37000			-14169.599173			709.566288
38000			-13760.606394			642.038917
39000			-13971.165027			580.937931
40000			-16924.639959			525.651749
41000			-16739.658528			475.626993
42000			-15201.436542			430.362949
43000			-17017.448759			389.406552
44000			-11405.495189			352.347857
45000			-12087.217477			318.815931
46000			-11592.233038			288.475142
47000			-12490.146621			261.021797
48000			-10796.335202			236.181108
49000			-9720.131372			213.704435
50000			-10087.466974			193.366803
51000			-10005.911820			174.964643
52000			-8289.516924			158.313765
53000			-9286.009881			143.247502
54000			-8782.469400			129.615051
55000			-9313.440262			117.279962
56000			-8438.684877			106.118767
57000			-7952.837040			96.019751
58000			-6733.930668			86.881830
59000			-6114.194356			78.613537
60000			-6106.251129			71.132114
61000			-6411.266542			64.362677
62000			-5487.341726			58.237467
63000			-4979.690331			52.695176
64000			-4446.576011			47.680328
65000			-4335.065816			43.142730
66000			-3852.560652			39.036961
67000			-3900.724390			35.321926
68000			-4012.686132			31.960441
69000			-3778.863642			28.918858
70000			-3899.536854			26.166734
71000			-3783.780891			23.676522
72000			-3547.900025			21.423296
73000			-3578.253785			19.384503
74000			-3377.869701			17.539736
75000			-3094.303057			15.870530
76000			-2834.431243			14.360177
77000			-2851.505233			12.993561
78000			-2559.350295			11.757001
79000			-2487.260116			10.638121
80000			-2475.877456			9.625722
81000			-2426.552596			8.709670
82000			-2413.272826			7.880796
83000			-2280.475127			7.130803
84000			-2236.841598			6.452185
85000			-1984.525970			5.838150
86000			-1946.583770			5.282550
87000			-1950.377990			4.779825
88000			-1942.789550			4.324943
89000			-1933.304000			3.913350
90000			-1686.679702			3.540928
91000			-1684.782592			3.203948
92000			-1679.091262			2.899038
93000			-1671.502822			2.623145
94000			-1677.194152			2.373508
95000			-1675.297042			2.147628
96000			-1673.399932			1.943244
97000			-1675.297042			1.758311
98000			-1667.708602			1.590978
99000			-1669.605712			1.439569
100000			-1673.399932			1.302570
101000			-1665.811492			1.178608
102000			-1669.605712			1.066443
103000			-1667.708602			0.964953
104000			-1665.811492			0.873121
105000			-1667.708602			0.790029
106000			-1667.708602			0.714844
107000			-1667.708602			0.646814
108000			-1667.708602			0.585259
109000			-1667.708602			0.529561
110000			-1667.708602			0.479165
111000			-1665.811492			0.433564
112000			-1663.914382			0.392303
113000			-1663.914382			0.354969
114000			-1662.017272			0.321187
115000			-1662.017272			0.290621
116000			-1660.120162			0.262963
117000			-1660.120162			0.237938
118000			-1660.120162			0.215294
119000			-1658.223052			0.194805
120000			-1656.325942			0.176266
121000			-1656.325942			0.159491
122000			-1656.325942			0.144313
123000			-1654.428832			0.130579
124000			-1654.428832			0.118152
125000			-1654.428832			0.106908
126000			-1654.428832			0.096734
127000			-1654.428832			0.087528
128000			-1654.428832			0.079198
129000			-1654.428832			0.071661
130000			-1652.531722			0.064841
131000			-1652.531722			0.058671
132000			-1652.531722			0.053087
133000			-1652.531722			0.048035
134000			-1652.531722			0.043464
135000			-1652.531722			0.039327
136000			-1652.531722			0.035585
137000			-1652.531722			0.032198
138000			-1652.531722			0.029134
139000			-1652.531722			0.026361
140000			-1652.531722			0.023853
141000			-1652.531722			0.021583
142000			-1652.531722			0.019529
143000			-1652.531722			0.017670
144000			-1652.531722			0.015989
145000			-1652.531722			0.014467
146000			-1652.531722			0.013090
147000			-1652.531722			0.011844
148000			-1652.531722			0.010717
149000			-1652.531722			0.009697
150000			-1652.531722			0.008774
151000			-1652.531722			0.007939
152000			-1652.531722			0.007184
153000			-1652.531722			0.006500
154000			-1652.531722			0.005882
155000			-1652.531722			0.005322
156000			-1652.531722			0.004815
157000			-1652.531722			0.004357
158000			-1652.531722			0.003942
159000			-1652.531722			0.003567
160000			-1652.531722			0.003228
161000			-1652.531722			0.002921
162000			-1652.531722			0.002643
163000			-1652.531722			0.002391
164000			-1652.531722			0.002164
165000			-1652.531722			0.001958
166000			-1652.531722			0.001771
167000			-1652.531722			0.001603
168000			-1652.531722			0.001450
169000			-1652.531722			0.001312
170000			-1652.531722			0.001187
171000			-1652.531722			0.001074

Maximum likelihood Tree found: -1652.531722
digraph g {
	"49" -> "50";
	"50" [label="40"];
	"48" -> "49";
	"49" [label="15"];
	"47" -> "48";
	"48" [label="20"];
	"45" -> "46";
	"46" [label="23"];
	"44" -> "45";
	"45" [label="42"];
	"43" -> "44";
	"44" [label="37"];
	"42" -> "43";
	"43" [label="44"];
	"41" -> "42";
	"42" [label="38"];
	"40" -> "41";
	"41" [label="32"];
	"38" -> "39";
	"39" [label="49"];
	"37" -> "38";
	"38" [label="27"];
	"36" -> "37";
	"37" [label="12"];
	"35" -> "36";
	"36" [label="17"];
	"34" -> "35";
	"35" [label="39"];
	"33" -> "34";
	"34" [label="13"];
	"33" -> "40";
	"40" [label="14"];
	"32" -> "33";
	"33" [label="18"];
	"31" -> "32";
	"32" [label="8"];
	"30" -> "31";
	"31" [label="21"];
	"29" -> "30";
	"30" [label="29"];
	"28" -> "29";
	"29" [label="11"];
	"27" -> "28";
	"28" [label="33"];
	"26" -> "27";
	"27" [label="34"];
	"25" -> "26";
	"26" [label="7"];
	"24" -> "25";
	"25" [label="35"];
	"23" -> "24";
	"24" [label="4"];
	"23" -> "47";
	"47" [label="28"];
	"21" -> "22";
	"22" [label="26"];
	"20" -> "21";
	"21" [label="6"];
	"19" -> "20";
	"20" [label="16"];
	"17" -> "18";
	"18" [label="24"];
	"16" -> "17";
	"17" [label="36"];
	"15" -> "16";
	"16" [label="22"];
	"14" -> "15";
	"15" [label="47"];
	"13" -> "14";
	"14" [label="9"];
	"12" -> "13";
	"13" [label="3"];
	"11" -> "12";
	"12" [label="30"];
	"10" -> "11";
	"11" [label="46"];
	"10" -> "19";
	"19" [label="10"];
	"9" -> "10";
	"10" [label="45"];
	"9" -> "23";
	"23" [label="2"];
	"8" -> "9";
	"9" [label="1"];
	"7" -> "8";
	"8" [label="19"];
	"6" -> "7";
	"7" [label="25"];
	"5" -> "6";
	"6" [label="43"];
	"4" -> "5";
	"5" [label="31"];
	"3" -> "4";
	"4" [label="50"];
	"2" -> "3";
	"3" [label="48"];
	"1" -> "2";
	"2" [label="41"];
	"0" -> "1";
	"1" [label="5"];
	"0" [label="germline"];
	labelloc="t";
	label="Confidence score: -1652.531722";
}
Best cell assignment:
22 39 46 18 46 22 39 50 13 33 16 30 9 50 50 22 28 18 14 9 15 45 18 45 46 38 31 46 46 15 15 30 8 22 42 9 45 50 46 48 46 50 30 50 28 49 47 45 8 46 44 39 33 50 49 30 46 17 50 45 32 18 30 22 14 30 46 45 50 37 50 33 22 32 50 30 15 30 39 39 46 18 33 39 17 21 48 38 18 39 7 38 33 30 33 22 49 18 15 30 39 6 15 22 26 5 22 22 15 22 33 9 39 15 17 46 18 32 18 18 4 39 39 9 50 29 21 46 33 18 39 50 33 39 18 39 50 33 50 29 32 22 18 50 33 49 22 30 33 33 33 15 18 21 18 15 48 18 46 30 38 33 50 39 33 8 9 22 46 14 18 21 18 39 39 39 21 17 33 30 14 46 30 19 30 18 18 14 9 30 30 8 18 13 39 43 22 33 33 13 13 18 9 22 39 15 33 15 33 39 9 33 38 33 39 39 22 18 9 9 18 49 39 15 9 9 46 9 33 19 29 39 11 29 15 39 22 14 29 50 14 39 9 50 31 30 14 33 9 33 
alpha: 0.150000
beta: 0.000010
gamma: 1.000000
delta: 1.000000
