Starting SASC.
Iteration: 1
Step			Log-likelihood			Temperature
1			-32661.336430			99900.000000
1000			-31655.111574			36769.542477
2000			-27350.976357			23501.721022
3000			-29111.019520			21265.130236
4000			-29352.189940			19241.389323
5000			-34193.265950			17410.241977
6000			-26552.621427			15753.359626
7000			-30699.340446			14254.157974
8000			-28973.196134			12897.631004
9000			-31275.023935			11670.200782
10000			-25564.464576			10559.581542
11000			-29581.502796			9554.656721
12000			-25916.160073			8645.367688
13000			-32431.082387			7822.613061
14000			-28132.148860			7078.157611
15000			-31538.206169			6404.549832
16000			-30756.312414			5795.047357
17000			-27999.093134			5243.549468
18000			-30097.736647			4744.536038
19000			-31785.270336			4293.012272
20000			-31829.070971			3884.458716
21000			-26876.215061			3514.786020
22000			-27015.246558			3180.294005
23000			-28408.933398			2877.634626
24000			-31361.006698			2603.778466
25000			-27282.733227			2355.984403
26000			-23668.732589			2131.772185
27000			-30069.441264			1928.897594
28000			-27087.782445			1745.329992
29000			-27766.587194			1579.231987
30000			-28269.224580			1428.941048
31000			-30784.393701			1292.952863
32000			-26650.028000			1169.906280
33000			-25514.506327			1058.569685
34000			-19562.034721			957.828671
35000			-25118.714076			866.674888
36000			-19014.910482			784.195947
37000			-17295.501285			709.566288
38000			-16081.905041			642.038917
39000			-17186.275241			580.937931
40000			-14466.663949			525.651749
41000			-15531.646386			475.626993
42000			-12564.278870			430.362949
43000			-14548.230781			389.406552
44000			-13400.291559			352.347857
45000			-12502.894030			318.815931
46000			-12322.771180			288.475142
47000			-12484.626665			261.021797
48000			-12850.569533			236.181108
49000			-11544.445872			213.704435
50000			-13309.881187			193.366803
51000			-9844.743763			174.964643
52000			-10267.476756			158.313765
53000			-9800.336153			143.247502
54000			-10623.289007			129.615051
55000			-9158.866629			117.279962
56000			-8495.400027			106.118767
57000			-8183.441241			96.019751
58000			-8484.301809			86.881830
59000			-8220.958308			78.613537
60000			-7609.643185			71.132114
61000			-7451.092280			64.362677
62000			-6781.095761			58.237467
63000			-6542.312091			52.695176
64000			-5964.925013			47.680328
65000			-5998.202151			43.142730
66000			-3287.495849			39.036961
67000			-3818.718898			35.321926
68000			-3232.447406			31.960441
69000			-2806.307234			28.918858
70000			-2675.309885			26.166734
71000			-2734.184801			23.676522
72000			-2292.706482			21.423296
73000			-2368.558628			19.384503
74000			-2228.204742			17.539736
75000			-2199.748093			15.870530
76000			-2070.744614			14.360177
77000			-2040.390854			12.993561
78000			-2030.905304			11.757001
79000			-2010.037094			10.638121
80000			-2004.345764			9.625722
81000			-2004.345764			8.709670
82000			-1922.770035			7.880796
83000			-1918.975815			7.130803
84000			-1903.798935			6.452185
85000			-1915.181595			5.838150
86000			-1820.326096			5.282550
87000			-1805.149216			4.779825
88000			-1799.457886			4.324943
89000			-1797.560776			3.913350
90000			-1772.898346			3.540928
91000			-1765.309906			3.203948
92000			-1774.795456			2.899038
93000			-1698.911057			2.623145
94000			-1691.322617			2.373508
95000			-1678.042847			2.147628
96000			-1679.939957			1.943244
97000			-1689.425507			1.758311
98000			-1681.837067			1.590978
99000			-1679.939957			1.439569
100000			-1683.734177			1.302570
101000			-1678.042847			1.178608
102000			-1674.248627			1.066443
103000			-1670.454407			0.964953
104000			-1668.557297			0.873121
105000			-1666.660187			0.790029
106000			-1668.557297			0.714844
107000			-1668.557297			0.646814
108000			-1666.660187			0.585259
109000			-1666.660187			0.529561
110000			-1662.865967			0.479165
111000			-1660.968857			0.433564
112000			-1659.071747			0.392303
113000			-1659.071747			0.354969
114000			-1657.174637			0.321187
115000			-1657.174637			0.290621
116000			-1657.174637			0.262963
117000			-1657.174637			0.237938
118000			-1657.174637			0.215294
119000			-1657.174637			0.194805
120000			-1657.174637			0.176266
121000			-1657.174637			0.159491
122000			-1657.174637			0.144313
123000			-1657.174637			0.130579
124000			-1657.174637			0.118152
125000			-1657.174637			0.106908
126000			-1657.174637			0.096734
127000			-1657.174637			0.087528
128000			-1657.174637			0.079198
129000			-1657.174637			0.071661
130000			-1657.174637			0.064841
131000			-1657.174637			0.058671
132000			-1657.174637			0.053087
133000			-1657.174637			0.048035
134000			-1657.174637			0.043464
135000			-1657.174637			0.039327
136000			-1657.174637			0.035585
137000			-1657.174637			0.032198
138000			-1657.174637			0.029134
139000			-1657.174637			0.026361
140000			-1657.174637			0.023853
141000			-1657.174637			0.021583
142000			-1657.174637			0.019529
143000			-1657.174637			0.017670
144000			-1657.174637			0.015989
145000			-1657.174637			0.014467
146000			-1657.174637			0.013090
147000			-1657.174637			0.011844
148000			-1657.174637			0.010717
149000			-1657.174637			0.009697
150000			-1657.174637			0.008774
151000			-1657.174637			0.007939
152000			-1657.174637			0.007184
153000			-1657.174637			0.006500
154000			-1657.174637			0.005882
155000			-1657.174637			0.005322
156000			-1657.174637			0.004815
157000			-1657.174637			0.004357
158000			-1657.174637			0.003942
159000			-1657.174637			0.003567
160000			-1657.174637			0.003228
161000			-1657.174637			0.002921
162000			-1657.174637			0.002643
163000			-1657.174637			0.002391
164000			-1657.174637			0.002164
165000			-1657.174637			0.001958
166000			-1657.174637			0.001771
167000			-1657.174637			0.001603
168000			-1657.174637			0.001450
169000			-1657.174637			0.001312
170000			-1657.174637			0.001187
171000			-1657.174637			0.001074
Iteration: 2
Step			Log-likelihood			Temperature
1			-34335.860055			99900.000000
1000			-25510.067040			36769.542477
2000			-32822.951405			23501.721022
3000			-27793.384185			21265.130236
4000			-31430.023910			19241.389323
5000			-29376.963866			17410.241977
6000			-32173.403802			15753.359626
7000			-29694.587568			14254.157974
8000			-32674.466611			12897.631004
9000			-33072.595842			11670.200782
10000			-29351.436434			10559.581542
11000			-29361.863171			9554.656721
12000			-31002.414819			8645.367688
13000			-26575.800201			7822.613061
14000			-27369.792029			7078.157611
15000			-28771.545271			6404.549832
16000			-29071.051197			5795.047357
17000			-30602.485238			5243.549468
18000			-27061.164238			4744.536038
19000			-30142.804061			4293.012272
20000			-31238.140257			3884.458716
21000			-29670.098083			3514.786020
22000			-27775.594782			3180.294005
23000			-27353.066988			2877.634626
24000			-27450.367904			2603.778466
25000			-25929.800469			2355.984403
26000			-27632.291103			2131.772185
27000			-29501.486907			1928.897594
28000			-27157.471139			1745.329992
29000			-16724.638286			1579.231987
30000			-26117.587943			1428.941048
31000			-24184.843265			1292.952863
32000			-23929.824193			1169.906280
33000			-22605.433167			1058.569685
34000			-23411.300353			957.828671
35000			-21402.929303			866.674888
36000			-20549.326570			784.195947
37000			-21219.924225			709.566288
38000			-15770.456470			642.038917
39000			-15078.307445			580.937931
40000			-13923.398436			525.651749
41000			-14135.880594			475.626993
42000			-14772.045828			430.362949
43000			-13219.382951			389.406552
44000			-13836.750030			352.347857
45000			-13817.875691			318.815931
46000			-12182.830750			288.475142
47000			-11772.802805			261.021797
48000			-11620.808233			236.181108
49000			-11276.856604			213.704435
50000			-11435.671374			193.366803
51000			-8162.658113			174.964643
52000			-9200.268837			158.313765
53000			-7915.808042			143.247502
54000			-7084.847454			129.615051
55000			-6040.545546			117.279962
56000			-6459.827428			106.118767
57000			-6133.207816			96.019751
58000			-6019.988192			86.881830
59000			-5395.108857			78.613537
60000			-5106.619126			71.132114
61000			-5302.860042			64.362677
62000			-3946.367735			58.237467
63000			-3640.675001			52.695176
64000			-3445.788726			47.680328
65000			-3469.102354			43.142730
66000			-3338.330778			39.036961
67000			-3115.052361			35.321926
68000			-3154.214350			31.960441
69000			-2709.070824			28.918858
70000			-2432.092766			26.166734
71000			-2502.285836			23.676522
72000			-2517.494969			21.423296
73000			-2356.434140			19.384503
74000			-2261.578641			17.539736
75000			-2244.407891			15.870530
76000			-2083.121289			14.360177
77000			-2020.871447			12.993561
78000			-1871.161025			11.757001
79000			-1960.260687			10.638121
80000			-1901.450278			9.625722
81000			-1912.832938			8.709670
82000			-1950.775137			7.880796
83000			-1748.235916			7.130803
84000			-1712.190826			6.452185
85000			-1681.837067			5.838150
86000			-1678.042847			5.282550
87000			-1676.145737			4.779825
88000			-1687.528397			4.324943
89000			-1687.528397			3.913350
90000			-1683.734177			3.540928
91000			-1698.911057			3.203948
92000			-1687.528397			2.899038
93000			-1676.145737			2.623145
94000			-1672.351517			2.373508
95000			-1678.042847			2.147628
96000			-1678.042847			1.943244
97000			-1676.145737			1.758311
98000			-1674.248627			1.590978
99000			-1676.145737			1.439569
100000			-1666.660187			1.302570
101000			-1670.454407			1.178608
102000			-1668.557297			1.066443
103000			-1664.763077			0.964953
104000			-1662.865967			0.873121
105000			-1660.968857			0.790029
106000			-1662.865967			0.714844
107000			-1662.865967			0.646814
108000			-1662.865967			0.585259
109000			-1662.865967			0.529561
110000			-1662.865967			0.479165
111000			-1662.865967			0.433564
112000			-1660.968857			0.392303
113000			-1660.968857			0.354969
114000			-1660.968857			0.321187
115000			-1660.968857			0.290621
116000			-1660.968857			0.262963
117000			-1660.968857			0.237938
118000			-1660.968857			0.215294
119000			-1660.968857			0.194805
120000			-1660.968857			0.176266
121000			-1659.071747			0.159491
122000			-1659.071747			0.144313
123000			-1659.071747			0.130579
124000			-1659.071747			0.118152
125000			-1659.071747			0.106908
126000			-1659.071747			0.096734
127000			-1659.071747			0.087528
128000			-1659.071747			0.079198
129000			-1659.071747			0.071661
130000			-1659.071747			0.064841
131000			-1659.071747			0.058671
132000			-1659.071747			0.053087
133000			-1659.071747			0.048035
134000			-1659.071747			0.043464
135000			-1659.071747			0.039327
136000			-1659.071747			0.035585
137000			-1659.071747			0.032198
138000			-1659.071747			0.029134
139000			-1659.071747			0.026361
140000			-1659.071747			0.023853
141000			-1659.071747			0.021583
142000			-1659.071747			0.019529
143000			-1659.071747			0.017670
144000			-1659.071747			0.015989
145000			-1659.071747			0.014467
146000			-1659.071747			0.013090
147000			-1659.071747			0.011844
148000			-1659.071747			0.010717
149000			-1659.071747			0.009697
150000			-1659.071747			0.008774
151000			-1659.071747			0.007939
152000			-1659.071747			0.007184
153000			-1659.071747			0.006500
154000			-1659.071747			0.005882
155000			-1657.174637			0.005322
156000			-1657.174637			0.004815
157000			-1657.174637			0.004357
158000			-1657.174637			0.003942
159000			-1657.174637			0.003567
160000			-1657.174637			0.003228
161000			-1657.174637			0.002921
162000			-1657.174637			0.002643
163000			-1657.174637			0.002391
164000			-1657.174637			0.002164
165000			-1657.174637			0.001958
166000			-1657.174637			0.001771
167000			-1657.174637			0.001603
168000			-1657.174637			0.001450
169000			-1657.174637			0.001312
170000			-1657.174637			0.001187
171000			-1657.174637			0.001074
Iteration: 3
Step			Log-likelihood			Temperature
1			-33177.667041			99900.000000
1000			-30380.083501			36769.542477
2000			-27540.353144			23501.721022
3000			-31753.793547			21265.130236
4000			-32932.693504			19241.389323
5000			-29923.750835			17410.241977
6000			-28334.963625			15753.359626
7000			-31110.942967			14254.157974
8000			-26929.076113			12897.631004
9000			-28748.246380			11670.200782
10000			-31121.158667			10559.581542
11000			-27506.436777			9554.656721
12000			-25057.710437			8645.367688
13000			-29414.859076			7822.613061
14000			-28942.059396			7078.157611
15000			-28738.024841			6404.549832
16000			-29487.189765			5795.047357
17000			-30425.473449			5243.549468
18000			-25279.742651			4744.536038
19000			-28483.345820			4293.012272
20000			-29265.738112			3884.458716
21000			-28867.561892			3514.786020
22000			-28361.608247			3180.294005
23000			-22728.243998			2877.634626
24000			-28159.945706			2603.778466
25000			-27003.089817			2355.984403
26000			-21448.146306			2131.772185
27000			-25783.884267			1928.897594
28000			-29063.436342			1745.329992
29000			-25315.690980			1579.231987
30000			-23395.290724			1428.941048
31000			-28719.904007			1292.952863
32000			-26275.288582			1169.906280
33000			-26511.729434			1058.569685
34000			-22409.529521			957.828671
35000			-20521.380135			866.674888
36000			-21528.669352			784.195947
37000			-20867.794698			709.566288
38000			-21151.812889			642.038917
39000			-15544.404263			580.937931
40000			-15582.938701			525.651749
41000			-14583.422547			475.626993
42000			-14223.077307			430.362949
43000			-13559.622384			389.406552
44000			-10703.914652			352.347857
45000			-13498.102691			318.815931
46000			-13871.639838			288.475142
47000			-13109.130637			261.021797
48000			-11205.132889			236.181108
49000			-11599.042767			213.704435
50000			-9947.756585			193.366803
51000			-10177.242387			174.964643
52000			-8952.591856			158.313765
53000			-8464.061149			143.247502
54000			-8537.957518			129.615051
55000			-6687.067171			117.279962
56000			-7097.965957			106.118767
57000			-7616.264023			96.019751
58000			-5758.934681			86.881830
59000			-5958.512430			78.613537
60000			-6155.049466			71.132114
61000			-5822.087617			64.362677
62000			-5224.427626			58.237467
63000			-4422.026288			52.695176
64000			-3819.519393			47.680328
65000			-3453.248153			43.142730
66000			-3921.350519			39.036961
67000			-3495.661893			35.321926
68000			-3603.345615			31.960441
69000			-2918.585671			28.918858
70000			-3092.797256			26.166734
71000			-2557.205265			23.676522
72000			-2476.274603			21.423296
73000			-2377.624884			19.384503
74000			-2436.403040			17.539736
75000			-2252.576892			15.870530
76000			-2309.328924			14.360177
77000			-2233.444525			12.993561
78000			-2184.119665			11.757001
79000			-2134.794806			10.638121
80000			-2153.765906			9.625722
81000			-2098.749716			8.709670
82000			-2064.601736			7.880796
83000			-2039.939307			7.130803
84000			-1964.054907			6.452185
85000			-1964.054907			5.838150
86000			-1971.643347			5.282550
87000			-1960.260687			4.779825
88000			-1920.582644			4.324943
89000			-1930.068194			3.913350
90000			-1822.223206			3.540928
91000			-1812.737656			3.203948
92000			-1812.737656			2.899038
93000			-1805.149216			2.623145
94000			-1793.766556			2.373508
95000			-1791.869446			2.147628
96000			-1759.618576			1.943244
97000			-1759.618576			1.758311
98000			-1689.425507			1.590978
99000			-1689.425507			1.439569
100000			-1693.219727			1.302570
101000			-1685.631287			1.178608
102000			-1679.939957			1.066443
103000			-1679.939957			0.964953
104000			-1676.145737			0.873121
105000			-1678.042847			0.790029
106000			-1674.248627			0.714844
107000			-1672.351517			0.646814
108000			-1672.351517			0.585259
109000			-1664.763077			0.529561
110000			-1664.763077			0.479165
111000			-1664.763077			0.433564
112000			-1664.763077			0.392303
113000			-1664.763077			0.354969
114000			-1664.763077			0.321187
115000			-1664.763077			0.290621
116000			-1662.865967			0.262963
117000			-1662.865967			0.237938
118000			-1662.865967			0.215294
119000			-1662.865967			0.194805
120000			-1660.968857			0.176266
121000			-1660.968857			0.159491
122000			-1660.968857			0.144313
123000			-1660.968857			0.130579
124000			-1660.968857			0.118152
125000			-1660.968857			0.106908
126000			-1660.968857			0.096734
127000			-1659.071747			0.087528
128000			-1659.071747			0.079198
129000			-1659.071747			0.071661
130000			-1659.071747			0.064841
131000			-1659.071747			0.058671
132000			-1659.071747			0.053087
133000			-1659.071747			0.048035
134000			-1659.071747			0.043464
135000			-1659.071747			0.039327
136000			-1659.071747			0.035585
137000			-1659.071747			0.032198
138000			-1659.071747			0.029134
139000			-1659.071747			0.026361
140000			-1659.071747			0.023853
141000			-1659.071747			0.021583
142000			-1659.071747			0.019529
143000			-1659.071747			0.017670
144000			-1659.071747			0.015989
145000			-1659.071747			0.014467
146000			-1659.071747			0.013090
147000			-1659.071747			0.011844
148000			-1659.071747			0.010717
149000			-1659.071747			0.009697
150000			-1659.071747			0.008774
151000			-1659.071747			0.007939
152000			-1659.071747			0.007184
153000			-1659.071747			0.006500
154000			-1659.071747			0.005882
155000			-1659.071747			0.005322
156000			-1659.071747			0.004815
157000			-1659.071747			0.004357
158000			-1659.071747			0.003942
159000			-1659.071747			0.003567
160000			-1659.071747			0.003228
161000			-1659.071747			0.002921
162000			-1659.071747			0.002643
163000			-1659.071747			0.002391
164000			-1659.071747			0.002164
165000			-1659.071747			0.001958
166000			-1659.071747			0.001771
167000			-1659.071747			0.001603
168000			-1659.071747			0.001450
169000			-1659.071747			0.001312
170000			-1659.071747			0.001187
171000			-1659.071747			0.001074
Iteration: 4
Step			Log-likelihood			Temperature
1			-34061.391921			99900.000000
1000			-30585.862795			36769.542477
2000			-32374.019499			23501.721022
3000			-28817.075910			21265.130236
4000			-30962.742615			19241.389323
5000			-29618.020008			17410.241977
6000			-24631.253570			15753.359626
7000			-30356.898887			14254.157974
8000			-31422.558644			12897.631004
9000			-28859.891428			11670.200782
10000			-24686.049825			10559.581542
11000			-29754.289394			9554.656721
12000			-31285.638353			8645.367688
13000			-29972.920267			7822.613061
14000			-29349.210951			7078.157611
15000			-29853.584180			6404.549832
16000			-32043.535321			5795.047357
17000			-29460.577397			5243.549468
18000			-30547.759329			4744.536038
19000			-30231.044560			4293.012272
20000			-30697.372991			3884.458716
21000			-31063.735152			3514.786020
22000			-27241.342697			3180.294005
23000			-27093.142344			2877.634626
24000			-28781.637796			2603.778466
25000			-25507.944156			2355.984403
26000			-28596.758964			2131.772185
27000			-30341.613569			1928.897594
28000			-31218.729288			1745.329992
29000			-23998.870877			1579.231987
30000			-20766.901979			1428.941048
31000			-22878.719604			1292.952863
32000			-27502.487129			1169.906280
33000			-20534.944346			1058.569685
34000			-19442.103338			957.828671
35000			-26868.949154			866.674888
36000			-18105.878105			784.195947
37000			-16170.004849			709.566288
38000			-16051.733124			642.038917
39000			-14289.675516			580.937931
40000			-16997.581614			525.651749
41000			-15378.367517			475.626993
42000			-15724.189842			430.362949
43000			-15275.278511			389.406552
44000			-13848.874518			352.347857
45000			-13635.005465			318.815931
46000			-12007.217533			288.475142
47000			-13846.654874			261.021797
48000			-13314.540409			236.181108
49000			-11704.377832			213.704435
50000			-13495.792126			193.366803
51000			-9681.082090			174.964643
52000			-8500.311437			158.313765
53000			-9195.609615			143.247502
54000			-9087.055052			129.615051
55000			-8479.281961			117.279962
56000			-8024.497457			106.118767
57000			-7589.226522			96.019751
58000			-6954.888052			86.881830
59000			-6842.662443			78.613537
60000			-5372.762831			71.132114
61000			-6193.985681			64.362677
62000			-5624.213457			58.237467
63000			-4004.242797			52.695176
64000			-3532.442972			47.680328
65000			-3667.137781			43.142730
66000			-3315.694472			39.036961
67000			-2696.049081			35.321926
68000			-2711.225961			31.960441
69000			-2701.708158			28.918858
70000			-2388.717263			26.166734
71000			-2468.395883			23.676522
72000			-2271.096444			21.423296
73000			-2329.906854			19.384503
74000			-2388.717263			17.539736
75000			-2263.508004			15.870530
76000			-1863.959625			14.360177
77000			-1852.576965			12.993561
78000			-1807.046326			11.757001
79000			-1807.046326			10.638121
80000			-1843.091415			9.625722
81000			-1795.663666			8.709670
82000			-1746.338806			7.880796
83000			-1742.544586			7.130803
84000			-1740.647476			6.452185
85000			-1752.030136			5.838150
86000			-1776.692566			5.282550
87000			-1752.030136			4.779825
88000			-1733.059036			4.324943
89000			-1740.647476			3.913350
90000			-1738.750366			3.540928
91000			-1733.059036			3.203948
92000			-1710.293717			2.899038
93000			-1714.087936			2.623145
94000			-1708.396607			2.373508
95000			-1681.837067			2.147628
96000			-1700.808167			1.943244
97000			-1697.013947			1.758311
98000			-1685.631287			1.590978
99000			-1683.734177			1.439569
100000			-1678.042847			1.302570
101000			-1670.454407			1.178608
102000			-1672.351517			1.066443
103000			-1670.454407			0.964953
104000			-1678.042847			0.873121
105000			-1678.042847			0.790029
106000			-1672.351517			0.714844
107000			-1670.454407			0.646814
108000			-1670.454407			0.585259
109000			-1664.763077			0.529561
110000			-1664.763077			0.479165
111000			-1662.865967			0.433564
112000			-1662.865967			0.392303
113000			-1662.865967			0.354969
114000			-1660.968857			0.321187
115000			-1660.968857			0.290621
116000			-1660.968857			0.262963
117000			-1660.968857			0.237938
118000			-1660.968857			0.215294
119000			-1660.968857			0.194805
120000			-1659.071747			0.176266
121000			-1659.071747			0.159491
122000			-1659.071747			0.144313
123000			-1659.071747			0.130579
124000			-1657.174637			0.118152
125000			-1657.174637			0.106908
126000			-1657.174637			0.096734
127000			-1657.174637			0.087528
128000			-1657.174637			0.079198
129000			-1657.174637			0.071661
130000			-1657.174637			0.064841
131000			-1657.174637			0.058671
132000			-1657.174637			0.053087
133000			-1657.174637			0.048035
134000			-1657.174637			0.043464
135000			-1657.174637			0.039327
136000			-1657.174637			0.035585
137000			-1657.174637			0.032198
138000			-1657.174637			0.029134
139000			-1657.174637			0.026361
140000			-1657.174637			0.023853
141000			-1657.174637			0.021583
142000			-1657.174637			0.019529
143000			-1657.174637			0.017670
144000			-1657.174637			0.015989
145000			-1657.174637			0.014467
146000			-1657.174637			0.013090
147000			-1657.174637			0.011844
148000			-1657.174637			0.010717
149000			-1657.174637			0.009697
150000			-1657.174637			0.008774
151000			-1657.174637			0.007939
152000			-1657.174637			0.007184
153000			-1657.174637			0.006500
154000			-1657.174637			0.005882
155000			-1657.174637			0.005322
156000			-1657.174637			0.004815
157000			-1657.174637			0.004357
158000			-1657.174637			0.003942
159000			-1657.174637			0.003567
160000			-1657.174637			0.003228
161000			-1657.174637			0.002921
162000			-1657.174637			0.002643
163000			-1657.174637			0.002391
164000			-1657.174637			0.002164
165000			-1657.174637			0.001958
166000			-1657.174637			0.001771
167000			-1657.174637			0.001603
168000			-1657.174637			0.001450
169000			-1657.174637			0.001312
170000			-1657.174637			0.001187
171000			-1657.174637			0.001074
Iteration: 5
Step			Log-likelihood			Temperature
1			-33486.347661			99900.000000
1000			-32722.785777			36769.542477
2000			-28206.883816			23501.721022
3000			-31416.430503			21265.130236
4000			-30339.432018			19241.389323
5000			-31285.922794			17410.241977
6000			-31699.674613			15753.359626
7000			-30983.783770			14254.157974
8000			-28615.815146			12897.631004
9000			-28524.334573			11670.200782
10000			-28904.196439			10559.581542
11000			-26052.570150			9554.656721
12000			-23176.683207			8645.367688
13000			-29794.935038			7822.613061
14000			-27842.729620			7078.157611
15000			-27634.194053			6404.549832
16000			-29467.514930			5795.047357
17000			-26998.629954			5243.549468
18000			-26441.278337			4744.536038
19000			-29302.155506			4293.012272
20000			-28143.267654			3884.458716
21000			-31421.036897			3514.786020
22000			-31729.846530			3180.294005
23000			-32069.197605			2877.634626
24000			-30127.020206			2603.778466
25000			-29794.172635			2355.984403
26000			-22399.513181			2131.772185
27000			-28132.468336			1928.897594
28000			-26285.806240			1745.329992
29000			-20741.005024			1579.231987
30000			-22853.019227			1428.941048
31000			-20418.959552			1292.952863
32000			-23497.857838			1169.906280
33000			-21244.108693			1058.569685
34000			-21681.335406			957.828671
35000			-20728.396736			866.674888
36000			-23466.299025			784.195947
37000			-20902.107003			709.566288
38000			-16151.265362			642.038917
39000			-13989.841217			580.937931
40000			-17695.715307			525.651749
41000			-14116.666203			475.626993
42000			-13024.936545			430.362949
43000			-14809.832600			389.406552
44000			-14958.472821			352.347857
45000			-15342.339945			318.815931
46000			-12904.770491			288.475142
47000			-11481.046586			261.021797
48000			-12896.240864			236.181108
49000			-11878.105616			213.704435
50000			-10277.182241			193.366803
51000			-9816.899928			174.964643
52000			-11156.737539			158.313765
53000			-10002.016211			143.247502
54000			-9997.227975			129.615051
55000			-9373.788365			117.279962
56000			-7550.193547			106.118767
57000			-8456.806921			96.019751
58000			-8057.232128			86.881830
59000			-7175.366265			78.613537
60000			-7157.298260			71.132114
61000			-6582.215907			64.362677
62000			-6258.068127			58.237467
63000			-4709.870951			52.695176
64000			-4476.649598			47.680328
65000			-4519.160098			43.142730
66000			-3723.276999			39.036961
67000			-4232.728744			35.321926
68000			-3467.489685			31.960441
69000			-2958.586247			28.918858
70000			-2847.172812			26.166734
71000			-2996.786474			23.676522
72000			-2891.800358			21.423296
73000			-2967.555743			19.384503
74000			-2908.777587			17.539736
75000			-2533.891638			15.870530
76000			-2360.002587			14.360177
77000			-2325.854607			12.993561
78000			-1988.717337			11.757001
79000			-2091.161276			10.638121
80000			-1952.672247			9.625722
81000			-2030.453757			8.709670
82000			-1780.486786			7.880796
83000			-1793.766556			7.130803
84000			-1795.663666			6.452185
85000			-1788.075226			5.838150
86000			-1753.927246			5.282550
87000			-1759.618576			4.779825
88000			-1763.412796			4.324943
89000			-1753.927246			3.913350
90000			-1752.030136			3.540928
91000			-1744.441696			3.203948
92000			-1750.133026			2.899038
93000			-1734.956146			2.623145
94000			-1733.059036			2.373508
95000			-1685.631287			2.147628
96000			-1683.734177			1.943244
97000			-1676.145737			1.758311
98000			-1670.454407			1.590978
99000			-1672.351517			1.439569
100000			-1668.557297			1.302570
101000			-1670.454407			1.178608
102000			-1670.454407			1.066443
103000			-1664.763077			0.964953
104000			-1662.865967			0.873121
105000			-1662.865967			0.790029
106000			-1660.968857			0.714844
107000			-1660.968857			0.646814
108000			-1662.865967			0.585259
109000			-1659.071747			0.529561
110000			-1657.174637			0.479165
111000			-1659.071747			0.433564
112000			-1659.071747			0.392303
113000			-1657.174637			0.354969
114000			-1657.174637			0.321187
115000			-1657.174637			0.290621
116000			-1657.174637			0.262963
117000			-1657.174637			0.237938
118000			-1657.174637			0.215294
119000			-1653.380417			0.194805
120000			-1653.380417			0.176266
121000			-1653.380417			0.159491
122000			-1653.380417			0.144313
123000			-1653.380417			0.130579
124000			-1653.380417			0.118152
125000			-1653.380417			0.106908
126000			-1653.380417			0.096734
127000			-1653.380417			0.087528
128000			-1653.380417			0.079198
129000			-1653.380417			0.071661
130000			-1653.380417			0.064841
131000			-1653.380417			0.058671
132000			-1653.380417			0.053087
133000			-1653.380417			0.048035
134000			-1653.380417			0.043464
135000			-1653.380417			0.039327
136000			-1653.380417			0.035585
137000			-1653.380417			0.032198
138000			-1653.380417			0.029134
139000			-1653.380417			0.026361
140000			-1653.380417			0.023853
141000			-1653.380417			0.021583
142000			-1653.380417			0.019529
143000			-1653.380417			0.017670
144000			-1653.380417			0.015989
145000			-1653.380417			0.014467
146000			-1653.380417			0.013090
147000			-1653.380417			0.011844
148000			-1653.380417			0.010717
149000			-1653.380417			0.009697
150000			-1653.380417			0.008774
151000			-1653.380417			0.007939
152000			-1653.380417			0.007184
153000			-1653.380417			0.006500
154000			-1653.380417			0.005882
155000			-1653.380417			0.005322
156000			-1653.380417			0.004815
157000			-1653.380417			0.004357
158000			-1653.380417			0.003942
159000			-1653.380417			0.003567
160000			-1653.380417			0.003228
161000			-1653.380417			0.002921
162000			-1653.380417			0.002643
163000			-1653.380417			0.002391
164000			-1653.380417			0.002164
165000			-1653.380417			0.001958
166000			-1653.380417			0.001771
167000			-1653.380417			0.001603
168000			-1653.380417			0.001450
169000			-1653.380417			0.001312
170000			-1653.380417			0.001187
171000			-1653.380417			0.001074
Iteration: 6
Step			Log-likelihood			Temperature
1			-34691.258850			99900.000000
1000			-26582.517800			36769.542477
2000			-29721.915349			23501.721022
3000			-33409.319657			21265.130236
4000			-30894.000947			19241.389323
5000			-31841.060606			17410.241977
6000			-31417.022742			15753.359626
7000			-28118.015766			14254.157974
8000			-30507.313044			12897.631004
9000			-32694.082779			11670.200782
10000			-29809.944812			10559.581542
11000			-31281.656452			9554.656721
12000			-26079.660480			8645.367688
13000			-29923.325702			7822.613061
14000			-28201.462191			7078.157611
15000			-29922.976754			6404.549832
16000			-24305.331854			5795.047357
17000			-26382.596941			5243.549468
18000			-31817.183936			4744.536038
19000			-30829.880409			4293.012272
20000			-30420.937401			3884.458716
21000			-27599.620940			3514.786020
22000			-19819.616546			3180.294005
23000			-29444.034197			2877.634626
24000			-27125.311190			2603.778466
25000			-23723.781032			2355.984403
26000			-22102.537754			2131.772185
27000			-24096.860793			1928.897594
28000			-32354.784533			1745.329992
29000			-23516.996044			1579.231987
30000			-24442.677278			1428.941048
31000			-22215.640043			1292.952863
32000			-28034.903553			1169.906280
33000			-21427.585894			1058.569685
34000			-27320.977385			957.828671
35000			-21609.884455			866.674888
36000			-15434.319055			784.195947
37000			-19173.244510			709.566288
38000			-17421.994840			642.038917
39000			-15180.449426			580.937931
40000			-14790.908490			525.651749
41000			-13420.476609			475.626993
42000			-16011.981677			430.362949
43000			-12503.609443			389.406552
44000			-10652.255871			352.347857
45000			-13945.357422			318.815931
46000			-11671.030348			288.475142
47000			-11742.255525			261.021797
48000			-14270.047671			236.181108
49000			-11056.237699			213.704435
50000			-10783.091954			193.366803
51000			-8982.461815			174.964643
52000			-9074.716469			158.313765
53000			-9340.537640			143.247502
54000			-9895.470254			129.615051
55000			-7855.068269			117.279962
56000			-6377.521549			106.118767
57000			-5589.097876			96.019751
58000			-5188.194856			86.881830
59000			-5632.666899			78.613537
60000			-5004.723494			71.132114
61000			-4528.296700			64.362677
62000			-4006.559201			58.237467
63000			-4288.035214			52.695176
64000			-3919.711436			47.680328
65000			-3860.965533			43.142730
66000			-3922.151014			39.036961
67000			-3251.993228			35.321926
68000			-2984.855507			31.960441
69000			-2846.463238			28.918858
70000			-2986.946137			26.166734
71000			-2797.138379			23.676522
72000			-2886.238041			21.423296
73000			-2556.753718			19.384503
74000			-2640.291064			17.539736
75000			-2329.745587			15.870530
76000			-1966.403564			14.360177
77000			-1949.329575			12.993561
78000			-2004.345764			11.757001
79000			-2017.625534			10.638121
80000			-1960.712235			9.625722
81000			-1826.017426			8.709670
82000			-1829.811646			7.880796
83000			-1795.663666			7.130803
84000			-1778.589676			6.452185
85000			-1771.001236			5.838150
86000			-1755.824356			5.282550
87000			-1767.207016			4.779825
88000			-1761.515686			4.324943
89000			-1761.515686			3.913350
90000			-1755.824356			3.540928
91000			-1767.207016			3.203948
92000			-1767.207016			2.899038
93000			-1759.618576			2.623145
94000			-1759.618576			2.373508
95000			-1755.824356			2.147628
96000			-1755.824356			1.943244
97000			-1748.235916			1.758311
98000			-1746.338806			1.590978
99000			-1744.441696			1.439569
100000			-1744.441696			1.302570
101000			-1734.956146			1.178608
102000			-1727.367706			1.066443
103000			-1727.367706			0.964953
104000			-1717.882156			0.873121
105000			-1715.985046			0.790029
106000			-1715.985046			0.714844
107000			-1715.985046			0.646814
108000			-1715.985046			0.585259
109000			-1715.985046			0.529561
110000			-1715.985046			0.479165
111000			-1715.985046			0.433564
112000			-1715.985046			0.392303
113000			-1714.087936			0.354969
114000			-1714.087936			0.321187
115000			-1714.087936			0.290621
116000			-1714.087936			0.262963
117000			-1714.087936			0.237938
118000			-1689.425507			0.215294
119000			-1689.425507			0.194805
120000			-1689.425507			0.176266
121000			-1689.425507			0.159491
122000			-1689.425507			0.144313
123000			-1687.528397			0.130579
124000			-1685.631287			0.118152
125000			-1685.631287			0.106908
126000			-1685.631287			0.096734
127000			-1685.631287			0.087528
128000			-1685.631287			0.079198
129000			-1685.631287			0.071661
130000			-1685.631287			0.064841
131000			-1685.631287			0.058671
132000			-1685.631287			0.053087
133000			-1685.631287			0.048035
134000			-1683.734177			0.043464
135000			-1683.734177			0.039327
136000			-1683.734177			0.035585
137000			-1683.734177			0.032198
138000			-1683.734177			0.029134
139000			-1683.734177			0.026361
140000			-1683.734177			0.023853
141000			-1683.734177			0.021583
142000			-1683.734177			0.019529
143000			-1683.734177			0.017670
144000			-1683.734177			0.015989
145000			-1683.734177			0.014467
146000			-1683.734177			0.013090
147000			-1683.734177			0.011844
148000			-1683.734177			0.010717
149000			-1683.734177			0.009697
150000			-1683.734177			0.008774
151000			-1683.734177			0.007939
152000			-1683.734177			0.007184
153000			-1683.734177			0.006500
154000			-1683.734177			0.005882
155000			-1683.734177			0.005322
156000			-1683.734177			0.004815
157000			-1683.734177			0.004357
158000			-1683.734177			0.003942
159000			-1683.734177			0.003567
160000			-1683.734177			0.003228
161000			-1683.734177			0.002921
162000			-1683.734177			0.002643
163000			-1683.734177			0.002391
164000			-1683.734177			0.002164
165000			-1683.734177			0.001958
166000			-1683.734177			0.001771
167000			-1683.734177			0.001603
168000			-1683.734177			0.001450
169000			-1683.734177			0.001312
170000			-1683.734177			0.001187
171000			-1683.734177			0.001074
Iteration: 7
Step			Log-likelihood			Temperature
1			-33900.524613			99900.000000
1000			-31529.210258			36769.542477
2000			-26503.490087			23501.721022
3000			-27539.101102			21265.130236
4000			-30881.902874			19241.389323
5000			-32135.112654			17410.241977
6000			-31133.573435			15753.359626
7000			-31324.762249			14254.157974
8000			-31664.544296			12897.631004
9000			-26670.500273			11670.200782
10000			-26881.378658			10559.581542
11000			-25280.789495			9554.656721
12000			-26798.832270			8645.367688
13000			-29084.600672			7822.613061
14000			-31509.986971			7078.157611
15000			-25992.625033			6404.549832
16000			-28197.017065			5795.047357
17000			-31314.244591			5243.549468
18000			-29873.710562			4744.536038
19000			-26228.473646			4293.012272
20000			-28270.992676			3884.458716
21000			-30160.496704			3514.786020
22000			-33111.977765			3180.294005
23000			-28880.797730			2877.634626
24000			-30580.951385			2603.778466
25000			-27315.092535			2355.984403
26000			-29391.366665			2131.772185
27000			-30676.994420			1928.897594
28000			-30734.972081			1745.329992
29000			-25473.596817			1579.231987
30000			-23319.406325			1428.941048
31000			-20000.809596			1292.952863
32000			-24813.719237			1169.906280
33000			-23119.532456			1058.569685
34000			-29167.965073			957.828671
35000			-19693.445525			866.674888
36000			-20619.578307			784.195947
37000			-17756.003533			709.566288
38000			-16306.130485			642.038917
39000			-16472.149713			580.937931
40000			-16061.585139			525.651749
41000			-16653.213749			475.626993
42000			-15091.812989			430.362949
43000			-17580.147026			389.406552
44000			-15784.800601			352.347857
45000			-14742.099684			318.815931
46000			-12771.676673			288.475142
47000			-13097.266958			261.021797
48000			-10355.529575			236.181108
49000			-11587.053132			213.704435
50000			-9540.824964			193.366803
51000			-10314.743239			174.964643
52000			-9399.658906			158.313765
53000			-8773.527529			143.247502
54000			-8109.474527			129.615051
55000			-8075.068520			117.279962
56000			-9093.488209			106.118767
57000			-8640.143430			96.019751
58000			-7627.098376			86.881830
59000			-5633.021686			78.613537
60000			-5453.247785			71.132114
61000			-4920.379814			64.362677
62000			-4653.183425			58.237467
63000			-4089.199292			52.695176
64000			-3345.983725			47.680328
65000			-2935.278459			43.142730
66000			-2588.075079			39.036961
67000			-2386.658887			35.321926
68000			-2597.689642			31.960441
69000			-2752.994634			28.918858
70000			-2644.827111			26.166734
71000			-2624.023408			23.676522
72000			-2222.513412			21.423296
73000			-2305.986252			19.384503
74000			-2216.822082			17.539736
75000			-2108.686813			15.870530
76000			-1981.580444			14.360177
77000			-1966.403564			12.993561
78000			-1850.679855			11.757001
79000			-1877.239395			10.638121
80000			-1898.107605			9.625722
81000			-1915.181595			8.709670
82000			-1896.210495			7.880796
83000			-1901.901825			7.130803
84000			-1807.046326			6.452185
85000			-1761.515686			5.838150
86000			-1769.104126			5.282550
87000			-1752.030136			4.779825
88000			-1750.133026			4.324943
89000			-1759.618576			3.913350
90000			-1723.573486			3.540928
91000			-1727.367706			3.203948
92000			-1697.013947			2.899038
93000			-1693.219727			2.623145
94000			-1691.322617			2.373508
95000			-1691.322617			2.147628
96000			-1693.219727			1.943244
97000			-1687.528397			1.758311
98000			-1683.734177			1.590978
99000			-1683.734177			1.439569
100000			-1681.837067			1.302570
101000			-1683.734177			1.178608
102000			-1681.837067			1.066443
103000			-1681.837067			0.964953
104000			-1674.248627			0.873121
105000			-1672.351517			0.790029
106000			-1666.660187			0.714844
107000			-1659.071747			0.646814
108000			-1659.071747			0.585259
109000			-1659.071747			0.529561
110000			-1659.071747			0.479165
111000			-1659.071747			0.433564
112000			-1659.071747			0.392303
113000			-1659.071747			0.354969
114000			-1659.071747			0.321187
115000			-1659.071747			0.290621
116000			-1659.071747			0.262963
117000			-1659.071747			0.237938
118000			-1659.071747			0.215294
119000			-1659.071747			0.194805
120000			-1659.071747			0.176266
121000			-1659.071747			0.159491
122000			-1659.071747			0.144313
123000			-1659.071747			0.130579
124000			-1659.071747			0.118152
125000			-1659.071747			0.106908
126000			-1659.071747			0.096734
127000			-1659.071747			0.087528
128000			-1659.071747			0.079198
129000			-1659.071747			0.071661
130000			-1659.071747			0.064841
131000			-1659.071747			0.058671
132000			-1659.071747			0.053087
133000			-1659.071747			0.048035
134000			-1659.071747			0.043464
135000			-1659.071747			0.039327
136000			-1659.071747			0.035585
137000			-1659.071747			0.032198
138000			-1659.071747			0.029134
139000			-1659.071747			0.026361
140000			-1659.071747			0.023853
141000			-1659.071747			0.021583
142000			-1659.071747			0.019529
143000			-1659.071747			0.017670
144000			-1659.071747			0.015989
145000			-1659.071747			0.014467
146000			-1659.071747			0.013090
147000			-1659.071747			0.011844
148000			-1659.071747			0.010717
149000			-1659.071747			0.009697
150000			-1659.071747			0.008774
151000			-1659.071747			0.007939
152000			-1659.071747			0.007184
153000			-1659.071747			0.006500
154000			-1659.071747			0.005882
155000			-1659.071747			0.005322
156000			-1659.071747			0.004815
157000			-1659.071747			0.004357
158000			-1659.071747			0.003942
159000			-1659.071747			0.003567
160000			-1659.071747			0.003228
161000			-1659.071747			0.002921
162000			-1659.071747			0.002643
163000			-1659.071747			0.002391
164000			-1659.071747			0.002164
165000			-1659.071747			0.001958
166000			-1659.071747			0.001771
167000			-1659.071747			0.001603
168000			-1659.071747			0.001450
169000			-1659.071747			0.001312
170000			-1659.071747			0.001187
171000			-1659.071747			0.001074
Iteration: 8
Step			Log-likelihood			Temperature
1			-34943.090678			99900.000000
1000			-29409.859803			36769.542477
2000			-27370.962048			23501.721022
3000			-31974.793653			21265.130236
4000			-29298.387700			19241.389323
5000			-31280.501169			17410.241977
6000			-31135.379623			15753.359626
7000			-28936.388641			14254.157974
8000			-28887.128288			12897.631004
9000			-28086.720820			11670.200782
10000			-28356.148530			10559.581542
11000			-30205.549382			9554.656721
12000			-23232.769597			8645.367688
13000			-30703.064321			7822.613061
14000			-31939.458138			7078.157611
15000			-30496.085812			6404.549832
16000			-29558.151077			5795.047357
17000			-29806.995018			5243.549468
18000			-29439.633002			4744.536038
19000			-30553.978391			4293.012272
20000			-21588.092576			3884.458716
21000			-29143.824536			3514.786020
22000			-21058.127408			3180.294005
23000			-27887.433350			2877.634626
24000			-29871.232892			2603.778466
25000			-28172.328221			2355.984403
26000			-31428.625337			2131.772185
27000			-28723.484132			1928.897594
28000			-29916.150717			1745.329992
29000			-24556.814733			1579.231987
30000			-20643.730522			1428.941048
31000			-21412.318093			1292.952863
32000			-23527.326021			1169.906280
33000			-23934.128628			1058.569685
34000			-20358.357690			957.828671
35000			-19492.700815			866.674888
36000			-19815.274019			784.195947
37000			-17401.170562			709.566288
38000			-14280.838092			642.038917
39000			-14146.348481			580.937931
40000			-13963.920906			525.651749
41000			-13622.317934			475.626993
42000			-16749.215634			430.362949
43000			-13943.627418			389.406552
44000			-13357.388179			352.347857
45000			-13832.853211			318.815931
46000			-15748.303965			288.475142
47000			-12477.812306			261.021797
48000			-11842.919690			236.181108
49000			-11141.419967			213.704435
50000			-10051.006859			193.366803
51000			-11137.180039			174.964643
52000			-10455.768606			158.313765
53000			-9659.155358			143.247502
54000			-9990.525113			129.615051
55000			-7840.595124			117.279962
56000			-7020.797262			106.118767
57000			-6151.507434			96.019751
58000			-6174.014727			86.881830
59000			-5689.902733			78.613537
60000			-6102.795388			71.132114
61000			-5068.741433			64.362677
62000			-4903.859970			58.237467
63000			-4318.652840			52.695176
64000			-3867.914744			47.680328
65000			-3844.665624			43.142730
66000			-3226.723823			39.036961
67000			-2658.397162			35.321926
68000			-2586.758530			31.960441
69000			-2452.063721			28.918858
70000			-2539.330780			26.166734
71000			-2491.903030			23.676522
72000			-2414.121521			21.423296
73000			-2537.433670			19.384503
74000			-2231.998962			17.539736
75000			-2214.924972			15.870530
76000			-2095.407043			14.360177
77000			-2013.831314			12.993561
78000			-1911.387375			11.757001
79000			-1958.815125			10.638121
80000			-1917.078705			9.625722
81000			-1901.901825			8.709670
82000			-1835.502976			7.880796
83000			-1801.354996			7.130803
84000			-1797.560776			6.452185
85000			-1833.605866			5.838150
86000			-1831.708756			5.282550
87000			-1805.149216			4.779825
88000			-1803.252106			4.324943
89000			-1778.589676			3.913350
90000			-1786.178116			3.540928
91000			-1774.795456			3.203948
92000			-1765.309906			2.899038
93000			-1755.824356			2.623145
94000			-1761.515686			2.373508
95000			-1759.618576			2.147628
96000			-1744.441696			1.943244
97000			-1742.544586			1.758311
98000			-1736.853256			1.590978
99000			-1740.647476			1.439569
100000			-1736.853256			1.302570
101000			-1734.956146			1.178608
102000			-1729.264816			1.066443
103000			-1733.059036			0.964953
104000			-1733.059036			0.873121
105000			-1721.676376			0.790029
106000			-1723.573486			0.714844
107000			-1723.573486			0.646814
108000			-1727.367706			0.585259
109000			-1721.676376			0.529561
110000			-1717.882156			0.479165
111000			-1714.087936			0.433564
112000			-1687.528397			0.392303
113000			-1685.631287			0.354969
114000			-1685.631287			0.321187
115000			-1685.631287			0.290621
116000			-1685.631287			0.262963
117000			-1685.631287			0.237938
118000			-1685.631287			0.215294
119000			-1685.631287			0.194805
120000			-1685.631287			0.176266
121000			-1685.631287			0.159491
122000			-1683.734177			0.144313
123000			-1683.734177			0.130579
124000			-1683.734177			0.118152
125000			-1683.734177			0.106908
126000			-1683.734177			0.096734
127000			-1683.734177			0.087528
128000			-1683.734177			0.079198
129000			-1683.734177			0.071661
130000			-1683.734177			0.064841
131000			-1683.734177			0.058671
132000			-1683.734177			0.053087
133000			-1683.734177			0.048035
134000			-1683.734177			0.043464
135000			-1683.734177			0.039327
136000			-1683.734177			0.035585
137000			-1683.734177			0.032198
138000			-1683.734177			0.029134
139000			-1683.734177			0.026361
140000			-1683.734177			0.023853
141000			-1683.734177			0.021583
142000			-1683.734177			0.019529
143000			-1683.734177			0.017670
144000			-1683.734177			0.015989
145000			-1683.734177			0.014467
146000			-1683.734177			0.013090
147000			-1683.734177			0.011844
148000			-1683.734177			0.010717
149000			-1683.734177			0.009697
150000			-1683.734177			0.008774
151000			-1683.734177			0.007939
152000			-1683.734177			0.007184
153000			-1683.734177			0.006500
154000			-1683.734177			0.005882
155000			-1683.734177			0.005322
156000			-1683.734177			0.004815
157000			-1683.734177			0.004357
158000			-1683.734177			0.003942
159000			-1683.734177			0.003567
160000			-1683.734177			0.003228
161000			-1683.734177			0.002921
162000			-1683.734177			0.002643
163000			-1683.734177			0.002391
164000			-1683.734177			0.002164
165000			-1683.734177			0.001958
166000			-1683.734177			0.001771
167000			-1683.734177			0.001603
168000			-1683.734177			0.001450
169000			-1683.734177			0.001312
170000			-1683.734177			0.001187
171000			-1683.734177			0.001074
Iteration: 9
Step			Log-likelihood			Temperature
1			-33720.815218			99900.000000
1000			-28395.433693			36769.542477
2000			-28917.869089			23501.721022
3000			-27662.864798			21265.130236
4000			-31676.824211			19241.389323
5000			-31349.791144			17410.241977
6000			-30717.144586			15753.359626
7000			-31366.853456			14254.157974
8000			-31060.424733			12897.631004
9000			-30489.206946			11670.200782
10000			-29085.002448			10559.581542
11000			-32417.040214			9554.656721
12000			-31897.167572			8645.367688
13000			-30488.186516			7822.613061
14000			-28327.143573			7078.157611
15000			-29614.425148			6404.549832
16000			-27068.544421			5795.047357
17000			-29087.313013			5243.549468
18000			-31570.069998			4744.536038
19000			-29169.700916			4293.012272
20000			-26690.400881			3884.458716
21000			-28441.544894			3514.786020
22000			-33540.375674			3180.294005
23000			-24934.333781			2877.634626
24000			-29095.751719			2603.778466
25000			-25200.354312			2355.984403
26000			-29609.282125			2131.772185
27000			-27840.709336			1928.897594
28000			-29017.099369			1745.329992
29000			-25935.905254			1579.231987
30000			-27162.737336			1428.941048
31000			-26876.414420			1292.952863
32000			-20464.194072			1169.906280
33000			-15693.067840			1058.569685
34000			-20660.558163			957.828671
35000			-19347.253677			866.674888
36000			-17377.877510			784.195947
37000			-19570.804858			709.566288
38000			-16804.091132			642.038917
39000			-14463.951608			580.937931
40000			-18055.870085			525.651749
41000			-16015.306833			475.626993
42000			-13552.151279			430.362949
43000			-14329.740599			389.406552
44000			-14523.738516			352.347857
45000			-14374.180463			318.815931
46000			-11913.188944			288.475142
47000			-10680.988065			261.021797
48000			-10967.214221			236.181108
49000			-10623.939913			213.704435
50000			-10094.103759			193.366803
51000			-8755.717550			174.964643
52000			-8221.301417			158.313765
53000			-7997.635959			143.247502
54000			-6967.833610			129.615051
55000			-6960.347769			117.279962
56000			-6625.655917			106.118767
57000			-7073.497048			96.019751
58000			-5813.053615			86.881830
59000			-5178.295851			78.613537
60000			-4750.065048			71.132114
61000			-4813.179893			64.362677
62000			-4405.752793			58.237467
63000			-4320.673124			52.695176
64000			-4748.291113			47.680328
65000			-3973.921291			43.142730
66000			-3218.232288			39.036961
67000			-3002.477804			35.321926
68000			-3203.345689			31.960441
69000			-2906.144489			28.918858
70000			-2616.660742			26.166734
71000			-2677.271501			23.676522
72000			-2524.153900			21.423296
73000			-2378.076431			19.384503
74000			-2188.365433			17.539736
75000			-1937.946915			15.870530
76000			-1924.667145			14.360177
77000			-1869.650955			12.993561
78000			-1907.593155			11.757001
79000			-1869.650955			10.638121
80000			-1877.239395			9.625722
81000			-1871.548065			8.709670
82000			-1907.593155			7.880796
83000			-1905.696045			7.130803
84000			-1854.474075			6.452185
85000			-1839.297195			5.838150
86000			-1814.634766			5.282550
87000			-1767.207016			4.779825
88000			-1772.898346			4.324943
89000			-1786.178116			3.913350
90000			-1782.383896			3.540928
91000			-1786.178116			3.203948
92000			-1771.001236			2.899038
93000			-1767.207016			2.623145
94000			-1733.059036			2.373508
95000			-1733.059036			2.147628
96000			-1725.470596			1.943244
97000			-1683.734177			1.758311
98000			-1681.837067			1.590978
99000			-1679.939957			1.439569
100000			-1679.939957			1.302570
101000			-1678.042847			1.178608
102000			-1676.145737			1.066443
103000			-1676.145737			0.964953
104000			-1676.145737			0.873121
105000			-1676.145737			0.790029
106000			-1676.145737			0.714844
107000			-1676.145737			0.646814
108000			-1670.454407			0.585259
109000			-1670.454407			0.529561
110000			-1668.557297			0.479165
111000			-1670.454407			0.433564
112000			-1670.454407			0.392303
113000			-1668.557297			0.354969
114000			-1666.660187			0.321187
115000			-1666.660187			0.290621
116000			-1666.660187			0.262963
117000			-1666.660187			0.237938
118000			-1666.660187			0.215294
119000			-1666.660187			0.194805
120000			-1666.660187			0.176266
121000			-1666.660187			0.159491
122000			-1666.660187			0.144313
123000			-1664.763077			0.130579
124000			-1659.071747			0.118152
125000			-1659.071747			0.106908
126000			-1659.071747			0.096734
127000			-1659.071747			0.087528
128000			-1659.071747			0.079198
129000			-1659.071747			0.071661
130000			-1659.071747			0.064841
131000			-1659.071747			0.058671
132000			-1659.071747			0.053087
133000			-1659.071747			0.048035
134000			-1659.071747			0.043464
135000			-1659.071747			0.039327
136000			-1659.071747			0.035585
137000			-1659.071747			0.032198
138000			-1659.071747			0.029134
139000			-1659.071747			0.026361
140000			-1659.071747			0.023853
141000			-1659.071747			0.021583
142000			-1659.071747			0.019529
143000			-1659.071747			0.017670
144000			-1659.071747			0.015989
145000			-1659.071747			0.014467
146000			-1659.071747			0.013090
147000			-1659.071747			0.011844
148000			-1659.071747			0.010717
149000			-1659.071747			0.009697
150000			-1659.071747			0.008774
151000			-1659.071747			0.007939
152000			-1659.071747			0.007184
153000			-1659.071747			0.006500
154000			-1659.071747			0.005882
155000			-1659.071747			0.005322
156000			-1659.071747			0.004815
157000			-1659.071747			0.004357
158000			-1659.071747			0.003942
159000			-1659.071747			0.003567
160000			-1659.071747			0.003228
161000			-1659.071747			0.002921
162000			-1659.071747			0.002643
163000			-1659.071747			0.002391
164000			-1659.071747			0.002164
165000			-1659.071747			0.001958
166000			-1659.071747			0.001771
167000			-1659.071747			0.001603
168000			-1659.071747			0.001450
169000			-1659.071747			0.001312
170000			-1659.071747			0.001187
171000			-1659.071747			0.001074
Iteration: 10
Step			Log-likelihood			Temperature
1			-33573.098666			99900.000000
1000			-29844.878550			36769.542477
2000			-25005.585373			23501.721022
3000			-29132.022582			21265.130236
4000			-31096.947784			19241.389323
5000			-29589.956238			17410.241977
6000			-29791.818138			15753.359626
7000			-32209.384385			14254.157974
8000			-26416.390134			12897.631004
9000			-33696.267066			11670.200782
10000			-30274.393649			10559.581542
11000			-29115.696259			9554.656721
12000			-31206.754390			8645.367688
13000			-30382.619839			7822.613061
14000			-32743.821093			7078.157611
15000			-29438.187439			6404.549832
16000			-25708.794524			5795.047357
17000			-29302.058746			5243.549468
18000			-30972.260418			4744.536038
19000			-25655.868964			4293.012272
20000			-28156.075301			3884.458716
21000			-31662.125293			3514.786020
22000			-27185.605255			3180.294005
23000			-29213.340285			2877.634626
24000			-24130.912012			2603.778466
25000			-26994.636375			2355.984403
26000			-22314.679861			2131.772185
27000			-31037.917440			1928.897594
28000			-27734.934402			1745.329992
29000			-25161.954726			1579.231987
30000			-25048.526845			1428.941048
31000			-26613.613387			1292.952863
32000			-24849.582485			1169.906280
33000			-25566.458446			1058.569685
34000			-24473.074969			957.828671
35000			-23267.501196			866.674888
36000			-18758.917969			784.195947
37000			-17944.096024			709.566288
38000			-15235.741160			642.038917
39000			-15274.205252			580.937931
40000			-13924.017090			525.651749
41000			-13020.728871			475.626993
42000			-12902.448248			430.362949
43000			-15264.939637			389.406552
44000			-11908.221924			352.347857
45000			-13155.989504			318.815931
46000			-11793.967134			288.475142
47000			-10852.807061			261.021797
48000			-14078.342802			236.181108
49000			-12466.972114			213.704435
50000			-10891.593688			193.366803
51000			-11916.170990			174.964643
52000			-9961.558248			158.313765
53000			-9529.442305			143.247502
54000			-9731.911180			129.615051
55000			-8564.179787			117.279962
56000			-9011.408104			106.118767
57000			-7244.623987			96.019751
58000			-6382.213025			86.881830
59000			-6390.349772			78.613537
60000			-5137.236752			71.132114
61000			-4981.732401			64.362677
62000			-4643.020555			58.237467
63000			-4413.050953			52.695176
64000			-4654.596735			47.680328
65000			-4278.904451			43.142730
66000			-3953.343361			39.036961
67000			-3830.611773			35.321926
68000			-3501.256463			31.960441
69000			-3334.794585			28.918858
70000			-3112.832717			26.166734
71000			-3010.421031			23.676522
72000			-2938.298598			21.423296
73000			-2748.587600			19.384503
74000			-2703.056960			17.539736
75000			-2443.281906			15.870530
76000			-2323.667217			14.360177
77000			-2465.950466			12.993561
78000			-2437.493816			11.757001
79000			-2338.844097			10.638121
80000			-2300.901897			9.625722
81000			-2302.960274			8.709670
82000			-2246.046974			7.880796
83000			-2268.812294			7.130803
84000			-2009.456533			6.452185
85000			-1982.896994			5.838150
86000			-1952.543234			5.282550
87000			-1859.842872			4.779825
88000			-1856.048652			4.324943
89000			-1854.151542			3.913350
90000			-1854.151542			3.540928
91000			-1827.624255			3.203948
92000			-1831.418475			2.899038
93000			-1733.059036			2.623145
94000			-1723.573486			2.373508
95000			-1721.676376			2.147628
96000			-1723.573486			1.943244
97000			-1715.985046			1.758311
98000			-1714.087936			1.590978
99000			-1717.882156			1.439569
100000			-1714.087936			1.302570
101000			-1717.882156			1.178608
102000			-1715.985046			1.066443
103000			-1719.779266			0.964953
104000			-1712.190826			0.873121
105000			-1714.087936			0.790029
106000			-1715.985046			0.714844
107000			-1714.087936			0.646814
108000			-1714.087936			0.585259
109000			-1714.087936			0.529561
110000			-1708.396607			0.479165
111000			-1706.499497			0.433564
112000			-1704.602387			0.392303
113000			-1702.705277			0.354969
114000			-1698.911057			0.321187
115000			-1697.013947			0.290621
116000			-1697.013947			0.262963
117000			-1697.013947			0.237938
118000			-1697.013947			0.215294
119000			-1697.013947			0.194805
120000			-1697.013947			0.176266
121000			-1697.013947			0.159491
122000			-1697.013947			0.144313
123000			-1695.116837			0.130579
124000			-1695.116837			0.118152
125000			-1695.116837			0.106908
126000			-1695.116837			0.096734
127000			-1695.116837			0.087528
128000			-1695.116837			0.079198
129000			-1695.116837			0.071661
130000			-1695.116837			0.064841
131000			-1695.116837			0.058671
132000			-1695.116837			0.053087
133000			-1695.116837			0.048035
134000			-1695.116837			0.043464
135000			-1695.116837			0.039327
136000			-1695.116837			0.035585
137000			-1695.116837			0.032198
138000			-1695.116837			0.029134
139000			-1695.116837			0.026361
140000			-1695.116837			0.023853
141000			-1695.116837			0.021583
142000			-1695.116837			0.019529
143000			-1695.116837			0.017670
144000			-1660.968857			0.015989
145000			-1660.968857			0.014467
146000			-1660.968857			0.013090
147000			-1659.071747			0.011844
148000			-1659.071747			0.010717
149000			-1659.071747			0.009697
150000			-1659.071747			0.008774
151000			-1659.071747			0.007939
152000			-1659.071747			0.007184
153000			-1659.071747			0.006500
154000			-1659.071747			0.005882
155000			-1659.071747			0.005322
156000			-1659.071747			0.004815
157000			-1659.071747			0.004357
158000			-1659.071747			0.003942
159000			-1659.071747			0.003567
160000			-1659.071747			0.003228
161000			-1659.071747			0.002921
162000			-1659.071747			0.002643
163000			-1657.174637			0.002391
164000			-1657.174637			0.002164
165000			-1657.174637			0.001958
166000			-1657.174637			0.001771
167000			-1657.174637			0.001603
168000			-1657.174637			0.001450
169000			-1657.174637			0.001312
170000			-1657.174637			0.001187
171000			-1657.174637			0.001074

Maximum likelihood Tree found: -1653.380417
digraph g {
	"54" -> "55";
	"55" [label="24"];
	"53" -> "54";
	"54" [label="7"];
	"52" -> "53";
	"53" [label="33"];
	"51" -> "52";
	"52" [label="12"];
	"50" -> "51";
	"51" [label="13"];
	"49" -> "50";
	"50" [label="10"];
	"48" -> "49";
	"49" [label="43"];
	"47" -> "48";
	"48" [color=indianred1, style=filled, label="6"];
	"46" -> "47";
	"47" [color=indianred1, style=filled, label="44"];
	"45" -> "46";
	"46" [color=indianred1, style=filled, label="8"];
	"44" -> "45";
	"45" [label="32"];
	"43" -> "44";
	"44" [label="36"];
	"42" -> "43";
	"43" [label="49"];
	"41" -> "42";
	"42" [label="48"];
	"40" -> "41";
	"41" [label="46"];
	"39" -> "40";
	"40" [label="44"];
	"38" -> "39";
	"39" [label="31"];
	"37" -> "38";
	"38" [label="8"];
	"36" -> "37";
	"37" [label="26"];
	"35" -> "36";
	"36" [label="19"];
	"33" -> "34";
	"34" [label="21"];
	"32" -> "33";
	"33" [label="15"];
	"31" -> "32";
	"32" [label="42"];
	"30" -> "31";
	"31" [label="35"];
	"29" -> "30";
	"30" [label="22"];
	"28" -> "29";
	"29" [label="17"];
	"27" -> "28";
	"28" [color=indianred1, style=filled, label="37"];
	"26" -> "27";
	"27" [label="47"];
	"25" -> "26";
	"26" [label="4"];
	"24" -> "25";
	"25" [label="16"];
	"23" -> "24";
	"24" [label="9"];
	"22" -> "23";
	"23" [label="18"];
	"20" -> "21";
	"21" [label="45"];
	"19" -> "20";
	"20" [label="11"];
	"18" -> "19";
	"19" [label="50"];
	"17" -> "18";
	"18" [label="30"];
	"17" -> "22";
	"22" [label="39"];
	"16" -> "17";
	"17" [label="23"];
	"15" -> "16";
	"16" [label="3"];
	"14" -> "15";
	"15" [label="41"];
	"13" -> "14";
	"14" [label="20"];
	"12" -> "13";
	"13" [label="2"];
	"11" -> "12";
	"12" [label="38"];
	"10" -> "11";
	"11" [label="27"];
	"9" -> "10";
	"10" [label="40"];
	"9" -> "35";
	"35" [color=indianred1, style=filled, label="28"];
	"8" -> "9";
	"9" [label="5"];
	"7" -> "8";
	"8" [label="14"];
	"6" -> "7";
	"7" [label="1"];
	"5" -> "6";
	"6" [label="25"];
	"4" -> "5";
	"5" [label="34"];
	"3" -> "4";
	"4" [label="28"];
	"2" -> "3";
	"3" [label="37"];
	"1" -> "2";
	"2" [label="6"];
	"0" -> "1";
	"1" [label="29"];
	"0" [label="germline"];
	labelloc="t";
	label="Confidence score: -1653.380417";
}
Best cell assigment:
27 8 14 34 25 20 12 17 21 8 23 8 8 19 46 46 53 27 17 8 48 20 35 34 27 27 45 32 17 34 18 47 47 34 21 27 55 14 34 55 21 44 47 45 54 13 20 17 7 8 41 34 14 21 17 27 45 34 21 45 47 45 54 52 55 44 14 25 55 17 45 17 47 47 27 47 8 13 47 33 21 17 27 14 27 8 16 16 2 45 8 34 17 21 8 6 47 34 21 54 21 13 34 8 21 24 27 21 55 17 14 33 28 17 8 14 21 45 47 55 7 54 47 43 41 47 47 45 35 14 54 27 7 27 27 14 27 26 12 46 34 33 17 21 15 34 35 34 34 21 33 17 21 14 26 21 34 21 27 17 55 8 47 17 17 8 26 21 55 47 45 45 34 14 33 14 26 47 17 17 47 45 45 20 20 47 55 52 48 27 55 55 48 14 14 47 42 44 34 55 21 27 45 47 48 27 55 21 15 21 14 17 26 44 17 8 33 21 42 17 21 48 34 26 34 20 34 32 27 34 46 47 34 47 8 17 46 13 55 47 8 27 27 14 20 14 16 47 47 17 
alpha: 0.150000
beta: 0.000010
alpha: 1.000000
