Starting SASC.
Iteration: 1
Step			Log-likelihood			Temperature
1			-24852.306722			9900.000000
1000			-22653.242336			1054.648417
2000			-13927.242645			387.789398
3000			-9994.331229			142.588387
4000			-7332.929211			52.429098
5000			-5363.585297			19.277939
6000			-4794.258781			7.088410
7000			-4120.790575			2.606376
8000			-3489.026536			0.958353
9000			-3106.552147			0.352382
10000			-3051.535957			0.129569
11000			-2699.415328			0.047642
12000			-2595.074278			0.017518
13000			-2526.778319			0.006441
14000			-2386.392180			0.002368

Maximum likelihood Tree found: -2380.700850
digraph g {
	"48" -> "49";
	"49" [label="14"];
	"47" -> "48";
	"48" [label="19"];
	"46" -> "47";
	"47" [label="31"];
	"45" -> "46";
	"46" [label="36"];
	"45" -> "50";
	"50" [label="7"];
	"44" -> "45";
	"45" [label="40"];
	"43" -> "44";
	"44" [label="46"];
	"42" -> "43";
	"43" [label="4"];
	"41" -> "42";
	"42" [label="13"];
	"40" -> "41";
	"41" [label="3"];
	"39" -> "40";
	"40" [label="18"];
	"38" -> "39";
	"39" [label="2"];
	"37" -> "38";
	"38" [label="42"];
	"35" -> "36";
	"36" [label="28"];
	"34" -> "35";
	"35" [label="34"];
	"33" -> "34";
	"34" [label="44"];
	"32" -> "33";
	"33" [label="41"];
	"31" -> "32";
	"32" [label="29"];
	"30" -> "31";
	"31" [label="43"];
	"29" -> "30";
	"30" [label="22"];
	"29" -> "37";
	"37" [label="33"];
	"28" -> "29";
	"29" [label="6"];
	"27" -> "28";
	"28" [label="50"];
	"26" -> "27";
	"27" [label="12"];
	"25" -> "26";
	"26" [label="1"];
	"24" -> "25";
	"25" [label="5"];
	"23" -> "24";
	"24" [label="24"];
	"21" -> "22";
	"22" [label="10"];
	"20" -> "21";
	"21" [label="9"];
	"19" -> "20";
	"20" [label="35"];
	"16" -> "17";
	"17" [label="16"];
	"15" -> "16";
	"16" [label="17"];
	"14" -> "15";
	"15" [label="47"];
	"13" -> "14";
	"14" [label="8"];
	"12" -> "13";
	"13" [label="30"];
	"12" -> "18";
	"18" [label="27"];
	"11" -> "12";
	"12" [label="32"];
	"10" -> "11";
	"11" [label="37"];
	"9" -> "10";
	"10" [label="15"];
	"8" -> "9";
	"9" [label="25"];
	"7" -> "8";
	"8" [label="23"];
	"7" -> "19";
	"19" [label="48"];
	"7" -> "23";
	"23" [label="38"];
	"6" -> "7";
	"7" [label="20"];
	"5" -> "6";
	"6" [label="49"];
	"4" -> "5";
	"5" [label="11"];
	"3" -> "4";
	"4" [label="45"];
	"2" -> "3";
	"3" [label="21"];
	"1" -> "2";
	"2" [label="39"];
	"0" -> "1";
	"1" [label="26"];
	"0" [label="germline"];
	labelloc="t";
	label="Confidence score: -2380.700850";
}
Best cell assignment:
41 17 7 22 18 20 36 5 16 42 50 36 5 36 31 19 7 42 18 49 49 17 12 42 17 41 42 22 21 41 6 22 17 7 22 7 11 16 42 15 36 31 18 31 18 22 36 46 17 17 18 36 22 49 20 36 18 15 18 41 42 34 45 7 49 36 31 30 20 45 21 36 18 21 31 21 17 42 42 36 16 20 7 18 36 22 18 18 22 42 36 49 15 7 31 50 48 49 49 47 36 17 18 11 6 41 17 36 36 17 50 12 22 30 42 18 50 22 11 7 36 6 48 10 49 34 42 49 35 36 31 49 21 42 50 7 36 42 18 18 31 7 43 36 31 50 17 35 50 18 22 18 22 17 36 50 36 18 12 42 42 18 36 22 36 17 42 39 7 47 49 42 48 18 43 30 50 17 18 49 50 33 18 49 42 5 20 41 41 50 22 7 36 36 12 17 45 50 39 18 31 42 7 42 22 18 50 36 45 50 31 7 22 42 15 36 21 36 22 49 49 36 22 36 42 50 36 21 17 41 9 18 18 31 31 22 36 50 18 17 48 22 49 16 42 49 7 42 50 48 
alpha: 0.150000
beta: 0.000010
gamma: 1.000000
delta: 1.000000
