Starting SASC.
Iteration: 1
Step			Log-likelihood			Temperature
1			-28898.198774			9900.000000
1000			-24947.081442			1054.648417
2000			-19439.319331			387.789398
3000			-10931.686648			142.588387
4000			-7892.275942			52.429098
5000			-7160.410782			19.277939
6000			-6206.745020			7.088410
7000			-5192.280818			2.606376
8000			-3709.212932			0.958353
9000			-3209.569271			0.352382
10000			-3060.020116			0.129569
11000			-2900.662877			0.047642
12000			-2874.167844			0.017518
13000			-2592.337044			0.006441
14000			-2546.806405			0.002368

Maximum likelihood Tree found: -2514.555535
digraph g {
	"49" -> "50";
	"50" [label="9"];
	"48" -> "49";
	"49" [label="39"];
	"47" -> "48";
	"48" [label="27"];
	"46" -> "47";
	"47" [label="13"];
	"44" -> "45";
	"45" [label="40"];
	"44" -> "46";
	"46" [label="46"];
	"43" -> "44";
	"44" [label="6"];
	"42" -> "43";
	"43" [label="32"];
	"41" -> "42";
	"42" [label="50"];
	"40" -> "41";
	"41" [label="10"];
	"39" -> "40";
	"40" [label="28"];
	"38" -> "39";
	"39" [label="19"];
	"37" -> "38";
	"38" [label="30"];
	"36" -> "37";
	"37" [label="42"];
	"35" -> "36";
	"36" [label="45"];
	"33" -> "34";
	"34" [label="37"];
	"32" -> "33";
	"33" [label="41"];
	"31" -> "32";
	"32" [label="48"];
	"30" -> "31";
	"31" [label="22"];
	"29" -> "30";
	"30" [label="12"];
	"28" -> "29";
	"29" [label="25"];
	"28" -> "35";
	"35" [label="3"];
	"27" -> "28";
	"28" [label="23"];
	"26" -> "27";
	"27" [label="21"];
	"25" -> "26";
	"26" [label="49"];
	"22" -> "23";
	"23" [label="29"];
	"21" -> "22";
	"22" [label="20"];
	"19" -> "20";
	"20" [label="33"];
	"19" -> "21";
	"21" [label="17"];
	"18" -> "19";
	"19" [label="36"];
	"18" -> "24";
	"24" [label="16"];
	"17" -> "18";
	"18" [label="14"];
	"16" -> "17";
	"17" [label="34"];
	"15" -> "16";
	"16" [label="8"];
	"14" -> "15";
	"15" [label="1"];
	"13" -> "14";
	"14" [label="47"];
	"12" -> "13";
	"13" [label="44"];
	"11" -> "12";
	"12" [label="2"];
	"10" -> "11";
	"11" [label="31"];
	"9" -> "10";
	"10" [label="5"];
	"8" -> "9";
	"9" [label="18"];
	"7" -> "8";
	"8" [label="38"];
	"6" -> "7";
	"7" [label="26"];
	"6" -> "25";
	"25" [label="15"];
	"5" -> "6";
	"6" [label="7"];
	"4" -> "5";
	"5" [label="35"];
	"3" -> "4";
	"4" [label="11"];
	"2" -> "3";
	"3" [label="4"];
	"1" -> "2";
	"2" [label="43"];
	"0" -> "1";
	"1" [label="24"];
	"0" [label="germline"];
	labelloc="t";
	label="Confidence score: -2514.555535";
}
Best cell assignment:
6 24 6 49 39 23 18 11 39 35 24 45 39 12 39 6 47 24 39 34 35 34 45 6 6 39 4 50 24 23 6 33 23 24 22 39 27 24 36 35 23 36 45 50 36 50 50 24 45 12 23 50 49 44 34 45 22 23 36 36 24 12 31 50 43 49 50 39 6 6 36 34 39 33 36 39 23 48 45 22 36 24 5 45 12 12 34 23 36 45 45 15 39 45 24 32 34 24 12 5 6 5 35 50 24 24 50 6 6 45 34 23 12 11 24 39 50 12 6 34 23 10 21 18 24 39 23 6 6 36 35 11 45 39 50 23 23 23 50 39 34 15 50 36 50 36 48 45 50 20 39 45 24 43 50 39 23 9 11 50 24 34 43 34 50 33 24 50 36 35 36 38 45 36 50 22 18 50 32 23 34 38 5 15 23 20 23 39 39 5 45 36 36 24 50 45 38 12 33 34 12 23 6 45 22 38 36 45 50 34 23 5 35 45 50 36 36 18 50 45 7 50 45 39 4 38 20 12 34 12 45 6 45 50 49 24 6 45 24 44 49 36 24 25 12 24 36 47 39 18 
alpha: 0.150000
beta: 0.000010
gamma: 1.000000
delta: 1.000000
