Starting SASC.
Iteration: 1
Step			Log-likelihood			Temperature
1			-27532.778123			9900.000000
1000			-18711.779183			1054.648417
2000			-11828.451067			387.789398
3000			-9254.407029			142.588387
4000			-6761.654280			52.429098
5000			-4643.013399			19.277939
6000			-3386.202919			7.088410
7000			-2936.168559			2.606376
8000			-2584.596237			0.958353
9000			-2561.830917			0.352382
10000			-2472.666748			0.129569
11000			-2345.560379			0.047642
12000			-2207.071350			0.017518
13000			-2167.232040			0.006441
14000			-2070.479431			0.002368

Maximum likelihood Tree found: -1975.623931
digraph g {
	"49" -> "50";
	"50" [label="38"];
	"48" -> "49";
	"49" [label="15"];
	"46" -> "47";
	"47" [label="36"];
	"45" -> "46";
	"46" [label="24"];
	"44" -> "45";
	"45" [label="10"];
	"43" -> "44";
	"44" [label="43"];
	"42" -> "43";
	"43" [label="19"];
	"41" -> "42";
	"42" [label="5"];
	"39" -> "40";
	"40" [label="40"];
	"38" -> "39";
	"39" [label="39"];
	"37" -> "38";
	"38" [label="44"];
	"35" -> "36";
	"36" [label="13"];
	"34" -> "35";
	"35" [label="20"];
	"33" -> "34";
	"34" [label="50"];
	"32" -> "33";
	"33" [label="16"];
	"31" -> "32";
	"32" [label="14"];
	"30" -> "31";
	"31" [label="22"];
	"29" -> "30";
	"30" [label="30"];
	"29" -> "37";
	"37" [label="18"];
	"28" -> "29";
	"29" [label="34"];
	"26" -> "27";
	"27" [label="6"];
	"25" -> "26";
	"26" [label="1"];
	"24" -> "25";
	"25" [label="42"];
	"23" -> "24";
	"24" [label="47"];
	"22" -> "23";
	"23" [label="27"];
	"21" -> "22";
	"22" [label="35"];
	"20" -> "21";
	"21" [label="8"];
	"19" -> "20";
	"20" [label="48"];
	"18" -> "19";
	"19" [label="29"];
	"17" -> "18";
	"18" [label="28"];
	"16" -> "17";
	"17" [label="21"];
	"16" -> "28";
	"28" [label="4"];
	"15" -> "16";
	"16" [label="17"];
	"14" -> "15";
	"15" [label="37"];
	"13" -> "14";
	"14" [label="25"];
	"12" -> "13";
	"13" [label="31"];
	"11" -> "12";
	"12" [label="2"];
	"10" -> "11";
	"11" [label="7"];
	"9" -> "10";
	"10" [label="9"];
	"8" -> "9";
	"9" [label="49"];
	"7" -> "8";
	"8" [label="23"];
	"7" -> "41";
	"41" [label="46"];
	"6" -> "7";
	"7" [label="12"];
	"5" -> "6";
	"6" [label="32"];
	"5" -> "48";
	"48" [label="45"];
	"4" -> "5";
	"5" [label="33"];
	"3" -> "4";
	"4" [label="3"];
	"2" -> "3";
	"3" [label="26"];
	"1" -> "2";
	"2" [label="11"];
	"0" -> "1";
	"1" [label="41"];
	"0" [label="germline"];
	labelloc="t";
	label="Confidence score: -1975.623931";
}
Best cell assigment:
5 22 16 40 47 5 16 14 50 5 27 14 40 27 5 39 5 46 22 47 38 50 22 36 15 14 40 16 49 40 16 50 4 5 34 25 35 27 4 14 16 16 40 40 2 50 21 47 16 5 4 5 14 47 50 50 16 47 27 23 47 11 16 16 47 47 36 16 16 14 49 5 36 26 4 27 27 33 50 16 25 47 14 22 39 16 47 5 22 16 21 47 36 5 14 50 16 36 21 14 4 49 27 40 3 36 47 40 35 5 26 21 14 22 5 47 16 3 22 5 47 39 27 35 50 22 22 36 14 40 5 46 36 36 5 40 40 47 22 50 26 27 46 26 4 40 40 47 39 16 13 20 47 40 49 36 16 16 14 36 50 14 26 40 22 5 39 40 22 49 16 39 13 13 47 4 36 21 50 16 48 36 27 15 19 35 26 47 22 36 13 4 47 50 21 16 40 27 27 22 22 40 14 13 36 14 25 27 12 40 35 40 16 5 3 49 27 22 34 4 5 44 14 5 16 36 27 47 14 40 16 22 24 14 50 36 14 16 36 46 22 20 34 50 36 47 5 47 40 40 
alpha: 0.150000
beta: 0.000010
alpha: 1.000000
