Starting SASC.
Iteration: 1
Step			Log-likelihood			Temperature
1			-24463.925295			99900.000000
1000			-21261.656192			36769.542477
2000			-20036.032221			23501.721022
3000			-19949.662417			21265.130236
4000			-19374.365969			19241.389323
5000			-24024.780897			17410.241977
6000			-19925.955910			15753.359626
7000			-17794.606923			14254.157974
8000			-22843.203910			12897.631004
9000			-23839.910963			11670.200782
10000			-21721.120493			10559.581542
11000			-20906.717841			9554.656721
12000			-21022.201040			8645.367688
13000			-23688.578975			7822.613061
14000			-20123.445811			7078.157611
15000			-22751.799522			6404.549832
16000			-23524.588928			5795.047357
17000			-18454.789519			5243.549468
18000			-18937.508780			4744.536038
19000			-22385.361175			4293.012272
20000			-22015.495074			3884.458716
21000			-20763.569590			3514.786020
22000			-23140.689552			3180.294005
23000			-21931.221740			2877.634626
24000			-20331.749766			2603.778466
25000			-21417.911268			2355.984403
26000			-14982.611964			2131.772185
27000			-21125.005606			1928.897594
28000			-20895.616564			1745.329992
29000			-20980.426528			1579.231987
30000			-20474.833510			1428.941048
31000			-16072.338854			1292.952863
32000			-17482.114566			1169.906280
33000			-17332.761712			1058.569685
34000			-14090.580172			957.828671
35000			-19533.905050			866.674888
36000			-15570.320121			784.195947
37000			-15527.126461			709.566288
38000			-16065.213640			642.038917
39000			-15197.867911			580.937931
40000			-15374.073366			525.651749
41000			-14297.429667			475.626993
42000			-14891.230932			430.362949
43000			-14246.040592			389.406552
44000			-11926.763439			352.347857
45000			-10873.040487			318.815931
46000			-10795.426084			288.475142
47000			-11641.595805			261.021797
48000			-11666.548515			236.181108
49000			-12546.866216			213.704435
50000			-10078.459201			193.366803
51000			-10459.965990			174.964643
52000			-8827.372305			158.313765
53000			-9231.289626			143.247502
54000			-7921.090362			129.615051
55000			-8380.352245			117.279962
56000			-8865.185491			106.118767
57000			-6949.787566			96.019751
58000			-6350.978132			86.881830
59000			-5196.353565			78.613537
60000			-5172.233603			71.132114
61000			-4827.411133			64.362677
62000			-4976.992542			58.237467
63000			-4769.046432			52.695176
64000			-5099.982157			47.680328
65000			-4342.009004			43.142730
66000			-3527.934725			39.036961
67000			-3283.562324			35.321926
68000			-2741.214642			31.960441
69000			-2559.156590			28.918858
70000			-2455.022880			26.166734
71000			-2426.759750			23.676522
72000			-2279.268972			21.423296
73000			-2201.796178			19.384503
74000			-2146.521961			17.539736
75000			-2023.790373			15.870530
76000			-2018.099043			14.360177
77000			-1955.494414			12.993561
78000			-1821.509179			11.757001
79000			-1671.637490			10.638121
80000			-1686.814370			9.625722
81000			-1686.814370			8.709670
82000			-1696.299920			7.880796
83000			-1664.049050			7.130803
84000			-1652.666390			6.452185
85000			-1607.135751			5.838150
86000			-1609.032861			5.282550
87000			-1510.383141			4.779825
88000			-1512.280251			4.324943
89000			-1423.116082			3.913350
90000			-1421.218972			3.540928
91000			-1426.910302			3.203948
92000			-1428.807412			2.899038
93000			-1421.218972			2.623145
94000			-1425.013192			2.373508
95000			-1423.116082			2.147628
96000			-1421.218972			1.943244
97000			-1413.630532			1.758311
98000			-1411.733422			1.590978
99000			-1413.630532			1.439569
100000			-1409.836312			1.302570
101000			-1413.630532			1.178608
102000			-1413.630532			1.066443
103000			-1388.968102			0.964953
104000			-1388.968102			0.873121
105000			-1383.276772			0.790029
106000			-1383.276772			0.714844
107000			-1375.688332			0.646814
108000			-1375.688332			0.585259
109000			-1375.688332			0.529561
110000			-1375.688332			0.479165
111000			-1373.791222			0.433564
112000			-1368.099892			0.392303
113000			-1368.099892			0.354969
114000			-1368.099892			0.321187
115000			-1368.099892			0.290621
116000			-1368.099892			0.262963
117000			-1368.099892			0.237938
118000			-1368.099892			0.215294
119000			-1368.099892			0.194805
120000			-1368.099892			0.176266
121000			-1368.099892			0.159491
122000			-1368.099892			0.144313
123000			-1368.099892			0.130579
124000			-1368.099892			0.118152
125000			-1368.099892			0.106908
126000			-1368.099892			0.096734
127000			-1326.363473			0.087528
128000			-1296.009713			0.079198
129000			-1296.009713			0.071661
130000			-1296.009713			0.064841
131000			-1296.009713			0.058671
132000			-1296.009713			0.053087
133000			-1296.009713			0.048035
134000			-1296.009713			0.043464
135000			-1296.009713			0.039327
136000			-1296.009713			0.035585
137000			-1296.009713			0.032198
138000			-1296.009713			0.029134
139000			-1296.009713			0.026361
140000			-1296.009713			0.023853
141000			-1296.009713			0.021583
142000			-1296.009713			0.019529
143000			-1296.009713			0.017670
144000			-1296.009713			0.015989
145000			-1296.009713			0.014467
146000			-1296.009713			0.013090
147000			-1296.009713			0.011844
148000			-1296.009713			0.010717
149000			-1296.009713			0.009697
150000			-1296.009713			0.008774
151000			-1296.009713			0.007939
152000			-1296.009713			0.007184
153000			-1296.009713			0.006500
154000			-1296.009713			0.005882
155000			-1296.009713			0.005322
156000			-1296.009713			0.004815
157000			-1296.009713			0.004357
158000			-1296.009713			0.003942
159000			-1296.009713			0.003567
160000			-1296.009713			0.003228
161000			-1296.009713			0.002921
162000			-1296.009713			0.002643
163000			-1296.009713			0.002391
164000			-1296.009713			0.002164
165000			-1296.009713			0.001958
166000			-1296.009713			0.001771
167000			-1296.009713			0.001603
168000			-1296.009713			0.001450
169000			-1296.009713			0.001312
170000			-1296.009713			0.001187
171000			-1296.009713			0.001074
Iteration: 2
Step			Log-likelihood			Temperature
1			-24467.396981			99900.000000
1000			-23029.539982			36769.542477
2000			-20614.539270			23501.721022
3000			-21467.731606			21265.130236
4000			-22594.236794			19241.389323
5000			-21120.630825			17410.241977
6000			-21893.103537			15753.359626
7000			-22017.732235			14254.157974
8000			-21278.692090			12897.631004
9000			-23653.211206			11670.200782
10000			-21780.502566			10559.581542
11000			-22402.822206			9554.656721
12000			-19539.350031			8645.367688
13000			-22860.186979			7822.613061
14000			-18138.655312			7078.157611
15000			-21345.272781			6404.549832
16000			-20854.179322			5795.047357
17000			-23006.484382			5243.549468
18000			-22105.840940			4744.536038
19000			-20413.390002			4293.012272
20000			-23950.755515			3884.458716
21000			-20073.382182			3514.786020
22000			-17379.526877			3180.294005
23000			-21451.897981			2877.634626
24000			-17218.433795			2603.778466
25000			-19302.372550			2355.984403
26000			-21435.249124			2131.772185
27000			-23390.559762			1928.897594
28000			-21203.672692			1745.329992
29000			-22471.854154			1579.231987
30000			-21653.680638			1428.941048
31000			-22241.520867			1292.952863
32000			-16206.151144			1169.906280
33000			-16519.927797			1058.569685
34000			-14610.206466			957.828671
35000			-21496.938981			866.674888
36000			-16811.167962			784.195947
37000			-13694.826013			709.566288
38000			-13700.109727			642.038917
39000			-15506.102823			580.937931
40000			-15127.997376			525.651749
41000			-14482.314338			475.626993
42000			-11512.747754			430.362949
43000			-14714.638436			389.406552
44000			-11693.591856			352.347857
45000			-13898.004463			318.815931
46000			-12618.358317			288.475142
47000			-11652.553332			261.021797
48000			-11252.436070			236.181108
49000			-11378.812290			213.704435
50000			-11299.283259			193.366803
51000			-11132.428501			174.964643
52000			-9673.014294			158.313765
53000			-8711.669171			143.247502
54000			-7215.339033			129.615051
55000			-6356.443688			117.279962
56000			-6421.772337			106.118767
57000			-5912.772140			96.019751
58000			-5188.952806			86.881830
59000			-5278.052468			78.613537
60000			-4673.267263			71.132114
61000			-4242.526536			64.362677
62000			-4163.299464			58.237467
63000			-3234.844439			52.695176
64000			-2535.010214			47.680328
65000			-2682.920286			43.142730
66000			-2932.984017			39.036961
67000			-2968.513053			35.321926
68000			-2463.371582			31.960441
69000			-2313.467640			28.918858
70000			-2123.982415			26.166734
71000			-2239.512604			23.676522
72000			-2118.323339			21.423296
73000			-2129.609238			19.384503
74000			-2228.226704			17.539736
75000			-2120.220448			15.870530
76000			-2000.960546			14.360177
77000			-1976.298117			12.993561
78000			-1940.253027			11.757001
79000			-2021.538476			10.638121
80000			-1907.711877			9.625722
81000			-1824.271291			8.709670
82000			-1725.589318			7.880796
83000			-1716.136022			7.130803
84000			-1666.907922			6.452185
85000			-1647.936822			5.838150
86000			-1530.574030			5.282550
87000			-1534.561771			4.779825
88000			-1517.487781			4.324943
89000			-1532.664661			3.913350
90000			-1513.693561			3.540928
91000			-1470.060031			3.203948
92000			-1470.060031			2.899038
93000			-1460.574481			2.623145
94000			-1432.214591			2.373508
95000			-1439.803031			2.147628
96000			-1436.008811			1.943244
97000			-1430.317481			1.758311
98000			-1373.791222			1.590978
99000			-1373.791222			1.439569
100000			-1362.408563			1.302570
101000			-1354.820123			1.178608
102000			-1356.717233			1.066443
103000			-1352.923013			0.964953
104000			-1351.025903			0.873121
105000			-1356.717233			0.790029
106000			-1356.717233			0.714844
107000			-1352.923013			0.646814
108000			-1351.025903			0.585259
109000			-1351.025903			0.529561
110000			-1351.025903			0.479165
111000			-1351.025903			0.433564
112000			-1351.025903			0.392303
113000			-1351.025903			0.354969
114000			-1351.025903			0.321187
115000			-1351.025903			0.290621
116000			-1351.025903			0.262963
117000			-1351.025903			0.237938
118000			-1351.025903			0.215294
119000			-1351.025903			0.194805
120000			-1349.128793			0.176266
121000			-1349.128793			0.159491
122000			-1349.128793			0.144313
123000			-1349.128793			0.130579
124000			-1349.128793			0.118152
125000			-1349.128793			0.106908
126000			-1349.128793			0.096734
127000			-1349.128793			0.087528
128000			-1349.128793			0.079198
129000			-1349.128793			0.071661
130000			-1349.128793			0.064841
131000			-1349.128793			0.058671
132000			-1349.128793			0.053087
133000			-1349.128793			0.048035
134000			-1349.128793			0.043464
135000			-1349.128793			0.039327
136000			-1349.128793			0.035585
137000			-1349.128793			0.032198
138000			-1349.128793			0.029134
139000			-1349.128793			0.026361
140000			-1349.128793			0.023853
141000			-1349.128793			0.021583
142000			-1349.128793			0.019529
143000			-1349.128793			0.017670
144000			-1349.128793			0.015989
145000			-1349.128793			0.014467
146000			-1349.128793			0.013090
147000			-1349.128793			0.011844
148000			-1349.128793			0.010717
149000			-1349.128793			0.009697
150000			-1349.128793			0.008774
151000			-1305.495263			0.007939
152000			-1305.495263			0.007184
153000			-1305.495263			0.006500
154000			-1305.495263			0.005882
155000			-1297.906823			0.005322
156000			-1297.906823			0.004815
157000			-1297.906823			0.004357
158000			-1297.906823			0.003942
159000			-1297.906823			0.003567
160000			-1297.906823			0.003228
161000			-1297.906823			0.002921
162000			-1297.906823			0.002643
163000			-1297.906823			0.002391
164000			-1297.906823			0.002164
165000			-1297.906823			0.001958
166000			-1297.906823			0.001771
167000			-1297.906823			0.001603
168000			-1297.906823			0.001450
169000			-1297.906823			0.001312
170000			-1297.906823			0.001187
171000			-1297.906823			0.001074
Iteration: 3
Step			Log-likelihood			Temperature
1			-22736.605125			99900.000000
1000			-19793.357571			36769.542477
2000			-21162.000779			23501.721022
3000			-21025.344354			21265.130236
4000			-19845.456220			19241.389323
5000			-20046.646639			17410.241977
6000			-20414.976256			15753.359626
7000			-20147.788765			14254.157974
8000			-21564.633804			12897.631004
9000			-20367.305216			11670.200782
10000			-21922.885633			10559.581542
11000			-19963.264721			9554.656721
12000			-20624.860627			8645.367688
13000			-23840.168990			7822.613061
14000			-19747.439891			7078.157611
15000			-20628.757446			6404.549832
16000			-18370.923801			5795.047357
17000			-22888.546869			5243.549468
18000			-19766.003375			4744.536038
19000			-20987.402154			4293.012272
20000			-22128.574007			3884.458716
21000			-22657.480652			3514.786020
22000			-22439.743976			3180.294005
23000			-17374.785631			2877.634626
24000			-20403.382559			2603.778466
25000			-23323.178575			2355.984403
26000			-21630.774627			2131.772185
27000			-21176.591259			1928.897594
28000			-21613.721212			1745.329992
29000			-19199.090023			1579.231987
30000			-20838.111026			1428.941048
31000			-23217.676405			1292.952863
32000			-17103.097126			1169.906280
33000			-18302.929800			1058.569685
34000			-17092.541376			957.828671
35000			-17735.887434			866.674888
36000			-18821.398030			784.195947
37000			-14044.970290			709.566288
38000			-14561.896197			642.038917
39000			-13935.108075			580.937931
40000			-15420.067231			525.651749
41000			-12040.692637			475.626993
42000			-14018.484154			430.362949
43000			-13099.447114			389.406552
44000			-12073.658920			352.347857
45000			-11464.449163			318.815931
46000			-11858.892612			288.475142
47000			-10592.177289			261.021797
48000			-11521.400555			236.181108
49000			-10198.745372			213.704435
50000			-9915.999800			193.366803
51000			-9820.801191			174.964643
52000			-7921.257467			158.313765
53000			-7461.582129			143.247502
54000			-7439.913424			129.615051
55000			-8277.333584			117.279962
56000			-6525.002036			106.118767
57000			-7282.550056			96.019751
58000			-6279.371753			86.881830
59000			-5903.427282			78.613537
60000			-5994.714334			71.132114
61000			-5744.677018			64.362677
62000			-5585.577806			58.237467
63000			-5206.349329			52.695176
64000			-4918.343399			47.680328
65000			-3547.512800			43.142730
66000			-3598.289061			39.036961
67000			-3410.926720			35.321926
68000			-3272.980159			31.960441
69000			-3139.156192			28.918858
70000			-2555.620397			26.166734
71000			-2527.776561			23.676522
72000			-2403.212370			21.423296
73000			-2335.013171			19.384503
74000			-2276.202761			17.539736
75000			-2194.627032			15.870530
76000			-2078.903323			14.360177
77000			-2003.083430			12.993561
78000			-2008.710253			11.757001
79000			-1965.076724			10.638121
80000			-1959.449900			9.625722
81000			-1970.864814			8.709670
82000			-1779.772759			7.880796
83000			-1707.682580			7.130803
84000			-1722.859460			6.452185
85000			-1711.476800			5.838150
86000			-1720.962350			5.282550
87000			-1720.962350			4.779825
88000			-1720.962350			4.324943
89000			-1734.242120			3.913350
90000			-1595.753091			3.540928
91000			-1591.958871			3.203948
92000			-1591.958871			2.899038
93000			-1588.164651			2.623145
94000			-1500.897591			2.373508
95000			-1499.000481			2.147628
96000			-1500.897591			1.943244
97000			-1497.103371			1.758311
98000			-1499.000481			1.590978
99000			-1500.897591			1.439569
100000			-1499.000481			1.302570
101000			-1508.486031			1.178608
102000			-1508.486031			1.066443
103000			-1462.955392			0.964953
104000			-1368.099892			0.873121
105000			-1343.437463			0.790029
106000			-1343.437463			0.714844
107000			-1341.540353			0.646814
108000			-1341.540353			0.585259
109000			-1341.540353			0.529561
110000			-1341.540353			0.479165
111000			-1339.643243			0.433564
112000			-1339.643243			0.392303
113000			-1339.643243			0.354969
114000			-1335.849023			0.321187
115000			-1335.849023			0.290621
116000			-1335.849023			0.262963
117000			-1335.849023			0.237938
118000			-1335.849023			0.215294
119000			-1335.849023			0.194805
120000			-1335.849023			0.176266
121000			-1335.849023			0.159491
122000			-1335.849023			0.144313
123000			-1335.849023			0.130579
124000			-1335.849023			0.118152
125000			-1335.849023			0.106908
126000			-1335.849023			0.096734
127000			-1335.849023			0.087528
128000			-1335.849023			0.079198
129000			-1333.951913			0.071661
130000			-1333.951913			0.064841
131000			-1333.951913			0.058671
132000			-1333.951913			0.053087
133000			-1333.951913			0.048035
134000			-1333.951913			0.043464
135000			-1305.495263			0.039327
136000			-1305.495263			0.035585
137000			-1305.495263			0.032198
138000			-1305.495263			0.029134
139000			-1305.495263			0.026361
140000			-1305.495263			0.023853
141000			-1305.495263			0.021583
142000			-1305.495263			0.019529
143000			-1305.495263			0.017670
144000			-1305.495263			0.015989
145000			-1305.495263			0.014467
146000			-1305.495263			0.013090
147000			-1305.495263			0.011844
148000			-1305.495263			0.010717
149000			-1305.495263			0.009697
150000			-1305.495263			0.008774
151000			-1305.495263			0.007939
152000			-1305.495263			0.007184
153000			-1305.495263			0.006500
154000			-1305.495263			0.005882
155000			-1305.495263			0.005322
156000			-1305.495263			0.004815
157000			-1305.495263			0.004357
158000			-1305.495263			0.003942
159000			-1305.495263			0.003567
160000			-1305.495263			0.003228
161000			-1305.495263			0.002921
162000			-1305.495263			0.002643
163000			-1305.495263			0.002391
164000			-1305.495263			0.002164
165000			-1305.495263			0.001958
166000			-1305.495263			0.001771
167000			-1305.495263			0.001603
168000			-1305.495263			0.001450
169000			-1305.495263			0.001312
170000			-1305.495263			0.001187
171000			-1305.495263			0.001074
Iteration: 4
Step			Log-likelihood			Temperature
1			-24191.547792			99900.000000
1000			-21718.977034			36769.542477
2000			-19938.918985			23501.721022
3000			-22551.377345			21265.130236
4000			-22598.127774			19241.389323
5000			-21725.688794			17410.241977
6000			-22001.027768			15753.359626
7000			-21825.918928			14254.157974
8000			-21114.320842			12897.631004
9000			-22540.930033			11670.200782
10000			-20533.218787			10559.581542
11000			-20811.132192			9554.656721
12000			-20597.210311			8645.367688
13000			-19682.298923			7822.613061
14000			-20963.191271			7078.157611
15000			-22380.385259			6404.549832
16000			-21083.231093			5795.047357
17000			-21090.329894			5243.549468
18000			-20734.420883			4744.536038
19000			-23115.968454			4293.012272
20000			-20680.548298			3884.458716
21000			-18111.004996			3514.786020
22000			-20725.788657			3180.294005
23000			-20049.660939			2877.634626
24000			-20778.365269			2603.778466
25000			-19115.197890			2355.984403
26000			-17061.624573			2131.772185
27000			-21596.840743			1928.897594
28000			-19250.241647			1745.329992
29000			-19200.368480			1579.231987
30000			-19115.617184			1428.941048
31000			-16736.230589			1292.952863
32000			-18938.825329			1169.906280
33000			-16462.061633			1058.569685
34000			-19216.756252			957.828671
35000			-21996.356868			866.674888
36000			-20687.644040			784.195947
37000			-20411.847679			709.566288
38000			-14087.161315			642.038917
39000			-16064.594986			580.937931
40000			-13789.933700			525.651749
41000			-15364.845843			475.626993
42000			-11421.484057			430.362949
43000			-12041.607410			389.406552
44000			-11454.116128			352.347857
45000			-14641.290375			318.815931
46000			-13781.829206			288.475142
47000			-11491.595103			261.021797
48000			-11220.900614			236.181108
49000			-11502.537893			213.704435
50000			-10386.541744			193.366803
51000			-11304.968750			174.964643
52000			-9400.712975			158.313765
53000			-8939.967437			143.247502
54000			-7052.290173			129.615051
55000			-7813.793680			117.279962
56000			-7464.279735			106.118767
57000			-5753.769688			96.019751
58000			-4753.875391			86.881830
59000			-4400.728492			78.613537
60000			-3754.717082			71.132114
61000			-4317.094386			64.362677
62000			-4130.242260			58.237467
63000			-3664.778832			52.695176
64000			-3765.486928			47.680328
65000			-3477.545504			43.142730
66000			-2951.600330			39.036961
67000			-2336.458733			35.321926
68000			-2336.458733			31.960441
69000			-2315.590524			28.918858
70000			-2336.458733			26.166734
71000			-2304.207864			23.676522
72000			-2192.697668			21.423296
73000			-2207.487508			19.384503
74000			-2116.393975			17.539736
75000			-1883.371981			15.870530
76000			-1828.259031			14.360177
77000			-1811.185041			12.993561
78000			-1803.596601			11.757001
79000			-1695.558092			10.638121
80000			-1665.204332			9.625722
81000			-1650.027453			8.709670
82000			-1559.095187			7.880796
83000			-1596.908373			7.130803
84000			-1553.339350			6.452185
85000			-1540.091834			5.838150
86000			-1547.680274			5.282550
87000			-1551.474494			4.779825
88000			-1528.741427			4.324943
89000			-1464.433208			3.913350
90000			-1451.153438			3.540928
91000			-1443.564998			3.203948
92000			-1443.564998			2.899038
93000			-1441.667888			2.623145
94000			-1428.388118			2.373508
95000			-1388.548808			2.147628
96000			-1384.754588			1.943244
97000			-1382.857478			1.758311
98000			-1380.960369			1.590978
99000			-1379.063259			1.439569
100000			-1377.166149			1.302570
101000			-1377.166149			1.178608
102000			-1377.166149			1.066443
103000			-1377.166149			0.964953
104000			-1380.960369			0.873121
105000			-1379.063259			0.790029
106000			-1377.166149			0.714844
107000			-1379.063259			0.646814
108000			-1377.166149			0.585259
109000			-1377.166149			0.529561
110000			-1377.166149			0.479165
111000			-1377.166149			0.433564
112000			-1375.269039			0.392303
113000			-1369.577709			0.354969
114000			-1369.577709			0.321187
115000			-1369.577709			0.290621
116000			-1369.577709			0.262963
117000			-1367.680599			0.237938
118000			-1367.680599			0.215294
119000			-1365.783489			0.194805
120000			-1363.886379			0.176266
121000			-1363.886379			0.159491
122000			-1363.886379			0.144313
123000			-1363.886379			0.130579
124000			-1363.886379			0.118152
125000			-1363.886379			0.106908
126000			-1363.886379			0.096734
127000			-1363.886379			0.087528
128000			-1363.886379			0.079198
129000			-1363.886379			0.071661
130000			-1363.886379			0.064841
131000			-1363.886379			0.058671
132000			-1363.886379			0.053087
133000			-1363.886379			0.048035
134000			-1363.886379			0.043464
135000			-1363.886379			0.039327
136000			-1363.886379			0.035585
137000			-1363.886379			0.032198
138000			-1363.886379			0.029134
139000			-1363.886379			0.026361
140000			-1363.886379			0.023853
141000			-1363.886379			0.021583
142000			-1363.886379			0.019529
143000			-1363.886379			0.017670
144000			-1363.886379			0.015989
145000			-1363.886379			0.014467
146000			-1363.886379			0.013090
147000			-1363.886379			0.011844
148000			-1363.886379			0.010717
149000			-1363.886379			0.009697
150000			-1363.886379			0.008774
151000			-1363.886379			0.007939
152000			-1363.886379			0.007184
153000			-1363.886379			0.006500
154000			-1363.886379			0.005882
155000			-1363.886379			0.005322
156000			-1363.886379			0.004815
157000			-1363.886379			0.004357
158000			-1363.886379			0.003942
159000			-1363.886379			0.003567
160000			-1363.886379			0.003228
161000			-1363.886379			0.002921
162000			-1363.886379			0.002643
163000			-1363.886379			0.002391
164000			-1363.886379			0.002164
165000			-1363.886379			0.001958
166000			-1363.886379			0.001771
167000			-1363.886379			0.001603
168000			-1363.886379			0.001450
169000			-1363.886379			0.001312
170000			-1363.886379			0.001187
171000			-1363.886379			0.001074
Iteration: 5
Step			Log-likelihood			Temperature
1			-22327.377675			99900.000000
1000			-22034.252078			36769.542477
2000			-21666.904798			23501.721022
3000			-22063.309864			21265.130236
4000			-23997.854892			19241.389323
5000			-23230.531042			17410.241977
6000			-20085.453841			15753.359626
7000			-20505.676909			14254.157974
8000			-24286.253702			12897.631004
9000			-19914.960291			11670.200782
10000			-23042.981019			10559.581542
11000			-23329.825828			9554.656721
12000			-23373.040064			8645.367688
13000			-23410.859089			7822.613061
14000			-21251.390722			7078.157611
15000			-22873.971125			6404.549832
16000			-22889.379617			5795.047357
17000			-20225.394271			5243.549468
18000			-21723.539496			4744.536038
19000			-21894.080035			4293.012272
20000			-19887.799615			3884.458716
21000			-19655.642623			3514.786020
22000			-21966.563094			3180.294005
23000			-21991.322284			2877.634626
24000			-21485.588574			2603.778466
25000			-20586.000596			2355.984403
26000			-19376.934561			2131.772185
27000			-18994.803281			1928.897594
28000			-19008.197328			1745.329992
29000			-17277.141605			1579.231987
30000			-19326.718285			1428.941048
31000			-21516.684162			1292.952863
32000			-13989.446943			1169.906280
33000			-22252.924103			1058.569685
34000			-16191.264544			957.828671
35000			-12680.528917			866.674888
36000			-12301.875162			784.195947
37000			-16775.773779			709.566288
38000			-14835.892208			642.038917
39000			-15596.642209			580.937931
40000			-15704.326669			525.651749
41000			-13476.455947			475.626993
42000			-15824.902383			430.362949
43000			-14327.622160			389.406552
44000			-13463.991409			352.347857
45000			-11614.086181			318.815931
46000			-11932.105821			288.475142
47000			-11879.819490			261.021797
48000			-10554.789235			236.181108
49000			-10505.980430			213.704435
50000			-10894.940805			193.366803
51000			-10579.252306			174.964643
52000			-10751.604873			158.313765
53000			-8909.657609			143.247502
54000			-7355.343970			129.615051
55000			-8652.297859			117.279962
56000			-7086.051113			106.118767
57000			-6616.723119			96.019751
58000			-5388.595062			86.881830
59000			-5620.907483			78.613537
60000			-5142.234630			71.132114
61000			-4546.193147			64.362677
62000			-5186.287454			58.237467
63000			-4724.650499			52.695176
64000			-3866.356291			47.680328
65000			-3525.682828			43.142730
66000			-2966.293409			39.036961
67000			-2739.607812			35.321926
68000			-2577.133674			31.960441
69000			-2516.780942			28.918858
70000			-2463.758623			26.166734
71000			-2367.328547			23.676522
72000			-2325.269594			21.423296
73000			-2133.887259			19.384503
74000			-2190.607038			17.539736
75000			-2194.336751			15.870530
76000			-1804.435189			14.360177
77000			-1965.689538			12.993561
78000			-1863.245599			11.757001
79000			-1798.743859			10.638121
80000			-1836.686059			9.625722
81000			-1846.171609			8.709670
82000			-1635.592400			7.880796
83000			-1635.592400			7.130803
84000			-1679.225930			6.452185
85000			-1696.299920			5.838150
86000			-1533.148461			5.282550
87000			-1527.457131			4.779825
88000			-1519.868691			4.324943
89000			-1517.971581			3.913350
90000			-1523.662911			3.540928
91000			-1510.383141			3.203948
92000			-1500.897591			2.899038
93000			-1495.206261			2.623145
94000			-1500.897591			2.373508
95000			-1502.794701			2.147628
96000			-1495.206261			1.943244
97000			-1459.161172			1.758311
98000			-1464.852502			1.590978
99000			-1451.572732			1.439569
100000			-1449.675622			1.302570
101000			-1443.984292			1.178608
102000			-1438.292962			1.066443
103000			-1436.395852			0.964953
104000			-1436.395852			0.873121
105000			-1436.395852			0.790029
106000			-1434.498742			0.714844
107000			-1432.601632			0.646814
108000			-1432.601632			0.585259
109000			-1432.601632			0.529561
110000			-1432.601632			0.479165
111000			-1428.807412			0.433564
112000			-1417.424752			0.392303
113000			-1417.424752			0.354969
114000			-1369.997002			0.321187
115000			-1369.997002			0.290621
116000			-1324.466363			0.262963
117000			-1324.466363			0.237938
118000			-1324.466363			0.215294
119000			-1324.466363			0.194805
120000			-1324.466363			0.176266
121000			-1322.569253			0.159491
122000			-1322.569253			0.144313
123000			-1322.569253			0.130579
124000			-1322.569253			0.118152
125000			-1322.569253			0.106908
126000			-1322.569253			0.096734
127000			-1322.569253			0.087528
128000			-1322.569253			0.079198
129000			-1322.569253			0.071661
130000			-1322.569253			0.064841
131000			-1322.569253			0.058671
132000			-1322.569253			0.053087
133000			-1322.569253			0.048035
134000			-1322.569253			0.043464
135000			-1322.569253			0.039327
136000			-1322.569253			0.035585
137000			-1322.569253			0.032198
138000			-1322.569253			0.029134
139000			-1322.569253			0.026361
140000			-1322.569253			0.023853
141000			-1322.569253			0.021583
142000			-1322.569253			0.019529
143000			-1322.569253			0.017670
144000			-1322.569253			0.015989
145000			-1322.569253			0.014467
146000			-1322.569253			0.013090
147000			-1322.569253			0.011844
148000			-1322.569253			0.010717
149000			-1322.569253			0.009697
150000			-1322.569253			0.008774
151000			-1322.569253			0.007939
152000			-1322.569253			0.007184
153000			-1322.569253			0.006500
154000			-1322.569253			0.005882
155000			-1322.569253			0.005322
156000			-1322.569253			0.004815
157000			-1322.569253			0.004357
158000			-1322.569253			0.003942
159000			-1322.569253			0.003567
160000			-1322.569253			0.003228
161000			-1322.569253			0.002921
162000			-1322.569253			0.002643
163000			-1322.569253			0.002391
164000			-1322.569253			0.002164
165000			-1322.569253			0.001958
166000			-1322.569253			0.001771
167000			-1322.569253			0.001603
168000			-1322.569253			0.001450
169000			-1322.569253			0.001312
170000			-1322.569253			0.001187
171000			-1322.569253			0.001074
Iteration: 6
Step			Log-likelihood			Temperature
1			-24028.815627			99900.000000
1000			-23340.789194			36769.542477
2000			-22234.920604			23501.721022
3000			-22612.976281			21265.130236
4000			-22621.693589			19241.389323
5000			-23669.587300			17410.241977
6000			-21491.065809			15753.359626
7000			-23313.364653			14254.157974
8000			-23031.346171			12897.631004
9000			-21314.183033			11670.200782
10000			-21927.298506			10559.581542
11000			-23446.452632			9554.656721
12000			-22217.128143			8645.367688
13000			-20529.442084			7822.613061
14000			-21402.186081			7078.157611
15000			-21759.267891			6404.549832
16000			-21716.144576			5795.047357
17000			-23305.840719			5243.549468
18000			-22906.318755			4744.536038
19000			-21887.995826			4293.012272
20000			-23124.744430			3884.458716
21000			-20685.987440			3514.786020
22000			-22862.084089			3180.294005
23000			-20960.326560			2877.634626
24000			-21377.277302			2603.778466
25000			-18662.750365			2355.984403
26000			-21531.383080			2131.772185
27000			-17124.604564			1928.897594
28000			-17268.603081			1745.329992
29000			-18063.196045			1579.231987
30000			-17406.467618			1428.941048
31000			-16156.160642			1292.952863
32000			-16173.530751			1169.906280
33000			-15756.691505			1058.569685
34000			-14173.334540			957.828671
35000			-19926.826751			866.674888
36000			-19440.629966			784.195947
37000			-19360.364947			709.566288
38000			-17463.424849			642.038917
39000			-12668.817884			580.937931
40000			-14143.602492			525.651749
41000			-14477.139062			475.626993
42000			-14163.256752			430.362949
43000			-12837.543337			389.406552
44000			-14137.735159			352.347857
45000			-13313.609505			318.815931
46000			-10949.350020			288.475142
47000			-9905.306139			261.021797
48000			-8649.413490			236.181108
49000			-9149.353270			213.704435
50000			-10288.827372			193.366803
51000			-9735.199630			174.964643
52000			-9551.857282			158.313765
53000			-10678.960547			143.247502
54000			-6879.362884			129.615051
55000			-7617.338668			117.279962
56000			-5813.430364			106.118767
57000			-7073.519009			96.019751
58000			-6832.225415			86.881830
59000			-6894.384336			78.613537
60000			-5106.195380			71.132114
61000			-5286.898790			64.362677
62000			-3727.389300			58.237467
63000			-3477.099796			52.695176
64000			-3641.696817			47.680328
65000			-2733.722962			43.142730
66000			-3000.892936			39.036961
67000			-2764.657283			35.321926
68000			-2736.297393			31.960441
69000			-2662.374610			28.918858
70000			-2525.847198			26.166734
71000			-2622.599807			23.676522
72000			-2590.219924			21.423296
73000			-2450.253079			19.384503
74000			-2294.270766			17.539736
75000			-2197.518157			15.870530
76000			-2172.855727			14.360177
77000			-2163.370178			12.993561
78000			-1993.114080			11.757001
79000			-1735.719936			10.638121
80000			-1650.349986			9.625722
81000			-1521.346507			8.709670
82000			-1536.523387			7.880796
83000			-1483.404308			7.130803
84000			-1470.124538			6.452185
85000			-1451.153438			5.838150
86000			-1454.947658			5.282550
87000			-1417.005458			4.779825
88000			-1411.314128			4.324943
89000			-1424.593898			3.913350
90000			-1407.519908			3.540928
91000			-1403.725688			3.203948
92000			-1403.725688			2.899038
93000			-1394.240138			2.623145
94000			-1396.137248			2.373508
95000			-1390.445918			2.147628
96000			-1388.548808			1.943244
97000			-1371.474819			1.758311
98000			-1369.577709			1.590978
99000			-1369.577709			1.439569
100000			-1367.680599			1.302570
101000			-1367.680599			1.178608
102000			-1371.474819			1.066443
103000			-1371.474819			0.964953
104000			-1369.577709			0.873121
105000			-1371.474819			0.790029
106000			-1367.680599			0.714844
107000			-1367.680599			0.646814
108000			-1369.577709			0.585259
109000			-1365.783489			0.529561
110000			-1363.886379			0.479165
111000			-1363.886379			0.433564
112000			-1363.886379			0.392303
113000			-1363.886379			0.354969
114000			-1363.886379			0.321187
115000			-1363.886379			0.290621
116000			-1363.886379			0.262963
117000			-1363.886379			0.237938
118000			-1363.886379			0.215294
119000			-1363.886379			0.194805
120000			-1363.886379			0.176266
121000			-1363.886379			0.159491
122000			-1363.886379			0.144313
123000			-1363.886379			0.130579
124000			-1363.886379			0.118152
125000			-1363.886379			0.106908
126000			-1363.886379			0.096734
127000			-1363.886379			0.087528
128000			-1363.886379			0.079198
129000			-1363.886379			0.071661
130000			-1363.886379			0.064841
131000			-1363.886379			0.058671
132000			-1363.886379			0.053087
133000			-1363.886379			0.048035
134000			-1363.886379			0.043464
135000			-1363.886379			0.039327
136000			-1363.886379			0.035585
137000			-1363.886379			0.032198
138000			-1363.886379			0.029134
139000			-1363.886379			0.026361
140000			-1363.886379			0.023853
141000			-1363.886379			0.021583
142000			-1363.886379			0.019529
143000			-1363.886379			0.017670
144000			-1363.886379			0.015989
145000			-1363.886379			0.014467
146000			-1363.886379			0.013090
147000			-1363.886379			0.011844
148000			-1363.886379			0.010717
149000			-1363.886379			0.009697
150000			-1363.886379			0.008774
151000			-1363.886379			0.007939
152000			-1363.886379			0.007184
153000			-1363.886379			0.006500
154000			-1363.886379			0.005882
155000			-1363.886379			0.005322
156000			-1363.886379			0.004815
157000			-1363.886379			0.004357
158000			-1363.886379			0.003942
159000			-1363.886379			0.003567
160000			-1363.886379			0.003228
161000			-1363.886379			0.002921
162000			-1363.886379			0.002643
163000			-1363.886379			0.002391
164000			-1363.886379			0.002164
165000			-1363.886379			0.001958
166000			-1363.886379			0.001771
167000			-1363.886379			0.001603
168000			-1363.886379			0.001450
169000			-1363.886379			0.001312
170000			-1363.886379			0.001187
171000			-1363.886379			0.001074
Iteration: 7
Step			Log-likelihood			Temperature
1			-23567.178672			99900.000000
1000			-23791.990515			36769.542477
2000			-22817.392037			23501.721022
3000			-22050.862843			21265.130236
4000			-20009.103158			19241.389323
5000			-20917.525779			17410.241977
6000			-17405.130493			15753.359626
7000			-19508.022831			14254.157974
8000			-22418.559071			12897.631004
9000			-22717.812809			11670.200782
10000			-19804.300361			10559.581542
11000			-19351.761916			9554.656721
12000			-19545.642497			8645.367688
13000			-22981.182724			7822.613061
14000			-17667.629567			7078.157611
15000			-17379.145675			6404.549832
16000			-22677.521952			5795.047357
17000			-22387.947284			5243.549468
18000			-23843.329820			4744.536038
19000			-19288.943191			4293.012272
20000			-22628.730664			3884.458716
21000			-21418.878869			3514.786020
22000			-20676.707088			3180.294005
23000			-19595.902704			2877.634626
24000			-20909.233604			2603.778466
25000			-18160.801979			2355.984403
26000			-22583.815896			2131.772185
27000			-21918.290918			1928.897594
28000			-20222.116105			1745.329992
29000			-18565.563726			1579.231987
30000			-21179.036677			1428.941048
31000			-21364.378734			1292.952863
32000			-15533.791231			1169.906280
33000			-18784.487938			1058.569685
34000			-16369.721896			957.828671
35000			-17918.435126			866.674888
36000			-18129.287097			784.195947
37000			-15256.021575			709.566288
38000			-15617.214300			642.038917
39000			-16762.057198			580.937931
40000			-14459.619364			525.651749
41000			-13511.026279			475.626993
42000			-13644.835511			430.362949
43000			-11521.277381			389.406552
44000			-10937.495237			352.347857
45000			-11232.051661			318.815931
46000			-13826.612179			288.475142
47000			-12146.866289			261.021797
48000			-10469.167098			236.181108
49000			-11989.412000			213.704435
50000			-10067.437168			193.366803
51000			-9184.791385			174.964643
52000			-10946.045439			158.313765
53000			-10027.463005			143.247502
54000			-9595.089035			129.615051
55000			-8139.243274			117.279962
56000			-6650.759602			106.118767
57000			-6393.456379			96.019751
58000			-6832.624134			86.881830
59000			-7176.827951			78.613537
60000			-6054.002706			71.132114
61000			-5748.380317			64.362677
62000			-5702.011089			58.237467
63000			-5422.238666			52.695176
64000			-5079.539080			47.680328
65000			-5070.311557			43.142730
66000			-4601.021656			39.036961
67000			-4275.396059			35.321926
68000			-3774.010716			31.960441
69000			-2835.360567			28.918858
70000			-2650.830684			26.166734
71000			-2446.233086			23.676522
72000			-2114.561372			21.423296
73000			-1966.909327			19.384503
74000			-1873.950938			17.539736
75000			-1889.127817			15.870530
76000			-1904.304697			14.360177
77000			-1860.638914			12.993561
78000			-1856.844694			11.757001
79000			-1828.065511			10.638121
80000			-1858.322510			9.625722
81000			-1814.721234			8.709670
82000			-1799.544354			7.880796
83000			-1739.030355			7.130803
84000			-1693.499715			6.452185
85000			-1661.216592			5.838150
86000			-1608.129766			5.282550
87000			-1640.380636			4.779825
88000			-1647.936822			4.324943
89000			-1649.833932			3.913350
90000			-1642.277746			3.540928
91000			-1577.872766			3.203948
92000			-1574.078546			2.899038
93000			-1519.255877			2.623145
94000			-1473.725238			2.373508
95000			-1464.239688			2.147628
96000			-1456.651248			1.943244
97000			-1452.857028			1.758311
98000			-1449.062808			1.590978
99000			-1454.754138			1.439569
100000			-1244.635757			1.302570
101000			-1242.738647			1.178608
102000			-1238.944427			1.066443
103000			-1233.253097			0.964953
104000			-1233.253097			0.873121
105000			-1233.253097			0.790029
106000			-1233.253097			0.714844
107000			-1235.150207			0.646814
108000			-1233.253097			0.585259
109000			-1233.253097			0.529561
110000			-1233.253097			0.479165
111000			-1233.253097			0.433564
112000			-1233.253097			0.392303
113000			-1233.253097			0.354969
114000			-1233.253097			0.321187
115000			-1235.150207			0.290621
116000			-1233.253097			0.262963
117000			-1233.253097			0.237938
118000			-1233.253097			0.215294
119000			-1233.253097			0.194805
120000			-1233.253097			0.176266
121000			-1233.253097			0.159491
122000			-1233.253097			0.144313
123000			-1233.253097			0.130579
124000			-1233.253097			0.118152
125000			-1233.253097			0.106908
126000			-1233.253097			0.096734
127000			-1233.253097			0.087528
128000			-1233.253097			0.079198
129000			-1233.253097			0.071661
130000			-1233.253097			0.064841
131000			-1233.253097			0.058671
132000			-1233.253097			0.053087
133000			-1233.253097			0.048035
134000			-1233.253097			0.043464
135000			-1233.253097			0.039327
136000			-1233.253097			0.035585
137000			-1233.253097			0.032198
138000			-1233.253097			0.029134
139000			-1233.253097			0.026361
140000			-1233.253097			0.023853
141000			-1233.253097			0.021583
142000			-1233.253097			0.019529
143000			-1233.253097			0.017670
144000			-1233.253097			0.015989
145000			-1233.253097			0.014467
146000			-1233.253097			0.013090
147000			-1233.253097			0.011844
148000			-1233.253097			0.010717
149000			-1233.253097			0.009697
150000			-1233.253097			0.008774
151000			-1233.253097			0.007939
152000			-1233.253097			0.007184
153000			-1233.253097			0.006500
154000			-1233.253097			0.005882
155000			-1233.253097			0.005322
156000			-1233.253097			0.004815
157000			-1231.355987			0.004357
158000			-1231.355987			0.003942
159000			-1231.355987			0.003567
160000			-1231.355987			0.003228
161000			-1231.355987			0.002921
162000			-1231.355987			0.002643
163000			-1231.355987			0.002391
164000			-1231.355987			0.002164
165000			-1231.355987			0.001958
166000			-1231.355987			0.001771
167000			-1231.355987			0.001603
168000			-1231.355987			0.001450
169000			-1231.355987			0.001312
170000			-1231.355987			0.001187
171000			-1231.355987			0.001074
Iteration: 8
Step			Log-likelihood			Temperature
1			-22955.863549			99900.000000
1000			-22551.952067			36769.542477
2000			-21863.963727			23501.721022
3000			-23631.466316			21265.130236
4000			-24574.678927			19241.389323
5000			-19614.551271			17410.241977
6000			-23032.630467			15753.359626
7000			-21210.589650			14254.157974
8000			-22040.286517			12897.631004
9000			-22529.154494			11670.200782
10000			-22695.589957			10559.581542
11000			-20746.087984			9554.656721
12000			-18633.924192			8645.367688
13000			-22425.678447			7822.613061
14000			-22396.330380			7078.157611
15000			-21860.937749			6404.549832
16000			-18844.089946			5795.047357
17000			-23371.233875			5243.549468
18000			-21553.089877			4744.536038
19000			-22554.183389			4293.012272
20000			-20920.267316			3884.458716
21000			-21670.936470			3514.786020
22000			-23319.340424			3180.294005
23000			-20442.201439			2877.634626
24000			-22388.941300			2603.778466
25000			-21429.713222			2355.984403
26000			-20520.686683			2131.772185
27000			-18243.931709			1928.897594
28000			-23763.334506			1745.329992
29000			-18387.235388			1579.231987
30000			-23080.896805			1428.941048
31000			-16808.443943			1292.952863
32000			-17877.563708			1169.906280
33000			-16460.003256			1058.569685
34000			-19185.745746			957.828671
35000			-13768.484930			866.674888
36000			-19902.615869			784.195947
37000			-15953.131781			709.566288
38000			-18719.508237			642.038917
39000			-18128.357589			580.937931
40000			-14345.874789			525.651749
41000			-13900.590572			475.626993
42000			-12518.705685			430.362949
43000			-14365.537946			389.406552
44000			-15180.412720			352.347857
45000			-14115.699988			318.815931
46000			-12044.384258			288.475142
47000			-12471.046323			261.021797
48000			-11799.179108			236.181108
49000			-10542.213201			213.704435
50000			-9350.446929			193.366803
51000			-9242.505180			174.964643
52000			-8913.472404			158.313765
53000			-8900.993129			143.247502
54000			-8333.924350			129.615051
55000			-7756.311498			117.279962
56000			-6616.734797			106.118767
57000			-7043.229756			96.019751
58000			-5413.489105			86.881830
59000			-5241.007524			78.613537
60000			-5711.039253			71.132114
61000			-5166.606780			64.362677
62000			-4581.044862			58.237467
63000			-4086.415210			52.695176
64000			-3918.152982			47.680328
65000			-3468.221221			43.142730
66000			-3048.127166			39.036961
67000			-2965.073620			35.321926
68000			-2578.579237			31.960441
69000			-2592.052527			28.918858
70000			-2491.118658			26.166734
71000			-2292.599430			23.676522
72000			-2268.227281			21.423296
73000			-2160.092012			19.384503
74000			-2213.307851			17.539736
75000			-2120.349462			15.870530
76000			-2175.365652			14.360177
77000			-2056.267016			12.993561
78000			-1950.028857			11.757001
79000			-1879.803534			10.638121
80000			-1934.819724			9.625722
81000			-1868.001581			8.709670
82000			-1625.687557			7.880796
83000			-1572.568477			7.130803
84000			-1583.951137			6.452185
85000			-1601.025127			5.838150
86000			-1589.642467			5.282550
87000			-1602.922237			4.779825
88000			-1585.848247			4.324943
89000			-1582.054027			3.913350
90000			-1578.259807			3.540928
91000			-1540.317607			3.203948
92000			-1513.758067			2.899038
93000			-1511.860957			2.623145
94000			-1509.963847			2.373508
95000			-1438.292962			2.147628
96000			-1434.498742			1.943244
97000			-1396.556542			1.758311
98000			-1390.865212			1.590978
99000			-1381.379662			1.439569
100000			-1381.379662			1.302570
101000			-1332.054803			1.178608
102000			-1297.906823			1.066443
103000			-1294.112603			0.964953
104000			-1294.112603			0.873121
105000			-1292.215493			0.790029
106000			-1290.318383			0.714844
107000			-1290.318383			0.646814
108000			-1288.421273			0.585259
109000			-1286.524163			0.529561
110000			-1282.729943			0.479165
111000			-1282.729943			0.433564
112000			-1282.729943			0.392303
113000			-1282.729943			0.354969
114000			-1280.832833			0.321187
115000			-1280.832833			0.290621
116000			-1280.832833			0.262963
117000			-1280.832833			0.237938
118000			-1280.832833			0.215294
119000			-1280.832833			0.194805
120000			-1280.832833			0.176266
121000			-1280.832833			0.159491
122000			-1280.832833			0.144313
123000			-1280.832833			0.130579
124000			-1280.832833			0.118152
125000			-1280.832833			0.106908
126000			-1280.832833			0.096734
127000			-1280.832833			0.087528
128000			-1280.832833			0.079198
129000			-1280.832833			0.071661
130000			-1280.832833			0.064841
131000			-1280.832833			0.058671
132000			-1280.832833			0.053087
133000			-1280.832833			0.048035
134000			-1280.832833			0.043464
135000			-1280.832833			0.039327
136000			-1280.832833			0.035585
137000			-1280.832833			0.032198
138000			-1280.832833			0.029134
139000			-1280.832833			0.026361
140000			-1280.832833			0.023853
141000			-1280.832833			0.021583
142000			-1280.832833			0.019529
143000			-1280.832833			0.017670
144000			-1280.832833			0.015989
145000			-1280.832833			0.014467
146000			-1280.832833			0.013090
147000			-1280.832833			0.011844
148000			-1280.832833			0.010717
149000			-1280.832833			0.009697
150000			-1280.832833			0.008774
151000			-1280.832833			0.007939
152000			-1280.832833			0.007184
153000			-1280.832833			0.006500
154000			-1280.832833			0.005882
155000			-1280.832833			0.005322
156000			-1280.832833			0.004815
157000			-1280.832833			0.004357
158000			-1280.832833			0.003942
159000			-1280.832833			0.003567
160000			-1280.832833			0.003228
161000			-1280.832833			0.002921
162000			-1280.832833			0.002643
163000			-1280.832833			0.002391
164000			-1280.832833			0.002164
165000			-1280.832833			0.001958
166000			-1280.832833			0.001771
167000			-1280.832833			0.001603
168000			-1280.832833			0.001450
169000			-1280.832833			0.001312
170000			-1280.832833			0.001187
171000			-1280.832833			0.001074
Iteration: 9
Step			Log-likelihood			Temperature
1			-22094.678215			99900.000000
1000			-22959.772046			36769.542477
2000			-23218.321472			23501.721022
3000			-20502.571688			21265.130236
4000			-21227.775137			19241.389323
5000			-22338.707507			17410.241977
6000			-22488.907568			15753.359626
7000			-17986.880674			14254.157974
8000			-21130.770339			12897.631004
9000			-21991.759095			11670.200782
10000			-20547.580435			10559.581542
11000			-21519.630897			9554.656721
12000			-22441.532647			8645.367688
13000			-21810.296340			7822.613061
14000			-21244.596938			7078.157611
15000			-22227.003791			6404.549832
16000			-19688.532721			5795.047357
17000			-23504.993336			5243.549468
18000			-22087.165960			4744.536038
19000			-21251.100442			4293.012272
20000			-22488.494113			3884.458716
21000			-19610.299664			3514.786020
22000			-19277.355333			3180.294005
23000			-21694.470032			2877.634626
24000			-22622.409002			2603.778466
25000			-21110.538300			2355.984403
26000			-22342.668833			2131.772185
27000			-21684.823215			1928.897594
28000			-19134.195404			1745.329992
29000			-24163.187902			1579.231987
30000			-21566.633513			1428.941048
31000			-14065.058580			1292.952863
32000			-22093.637210			1169.906280
33000			-15580.186873			1058.569685
34000			-16313.298237			957.828671
35000			-16719.725481			866.674888
36000			-16739.277142			784.195947
37000			-14641.343204			709.566288
38000			-12287.407856			642.038917
39000			-12957.618471			580.937931
40000			-12855.514583			525.651749
41000			-13885.176240			475.626993
42000			-14411.379441			430.362949
43000			-12459.024435			389.406552
44000			-12510.853379			352.347857
45000			-9592.948634			318.815931
46000			-10011.887407			288.475142
47000			-11301.406143			261.021797
48000			-11709.273111			236.181108
49000			-9644.627990			213.704435
50000			-9945.978197			193.366803
51000			-11148.062768			174.964643
52000			-10795.050722			158.313765
53000			-9793.834036			143.247502
54000			-7722.002251			129.615051
55000			-8801.290727			117.279962
56000			-6965.770781			106.118767
57000			-6456.732491			96.019751
58000			-6302.673702			86.881830
59000			-5815.987277			78.613537
60000			-5547.920048			71.132114
61000			-4909.051369			64.362677
62000			-4618.412340			58.237467
63000			-4308.189397			52.695176
64000			-4339.026957			47.680328
65000			-4104.043346			43.142730
66000			-4145.779766			39.036961
67000			-3286.104501			35.321926
68000			-3539.930199			31.960441
69000			-3401.086383			28.918858
70000			-2806.200182			26.166734
71000			-2762.760173			23.676522
72000			-2544.850551			21.423296
73000			-2668.098194			19.384503
74000			-2599.802234			17.539736
75000			-2476.490085			15.870530
76000			-2243.145557			14.360177
77000			-2097.584142			12.993561
78000			-1903.020401			11.757001
79000			-1839.867465			10.638121
80000			-1750.767802			9.625722
81000			-1726.169879			8.709670
82000			-1682.536349			7.880796
83000			-1684.433459			7.130803
84000			-1665.462359			6.452185
85000			-1667.359469			5.838150
86000			-1665.462359			5.282550
87000			-1663.565249			4.779825
88000			-1652.182590			4.324943
89000			-1657.873920			3.913350
90000			-1655.976810			3.540928
91000			-1604.754840			3.203948
92000			-1591.475070			2.899038
93000			-1591.475070			2.623145
94000			-1545.944430			2.373508
95000			-1547.841540			2.147628
96000			-1536.458881			1.943244
97000			-1371.894112			1.758311
98000			-1368.099892			1.590978
99000			-1366.202782			1.439569
100000			-1368.099892			1.302570
101000			-1368.099892			1.178608
102000			-1368.099892			1.066443
103000			-1364.305672			0.964953
104000			-1360.511453			0.873121
105000			-1337.746133			0.790029
106000			-1339.643243			0.714844
107000			-1335.849023			0.646814
108000			-1333.951913			0.585259
109000			-1332.054803			0.529561
110000			-1332.054803			0.479165
111000			-1332.054803			0.433564
112000			-1332.054803			0.392303
113000			-1332.054803			0.354969
114000			-1330.157693			0.321187
115000			-1330.157693			0.290621
116000			-1328.260583			0.262963
117000			-1328.260583			0.237938
118000			-1328.260583			0.215294
119000			-1328.260583			0.194805
120000			-1328.260583			0.176266
121000			-1328.260583			0.159491
122000			-1328.260583			0.144313
123000			-1328.260583			0.130579
124000			-1328.260583			0.118152
125000			-1328.260583			0.106908
126000			-1328.260583			0.096734
127000			-1328.260583			0.087528
128000			-1328.260583			0.079198
129000			-1328.260583			0.071661
130000			-1328.260583			0.064841
131000			-1328.260583			0.058671
132000			-1328.260583			0.053087
133000			-1328.260583			0.048035
134000			-1328.260583			0.043464
135000			-1328.260583			0.039327
136000			-1328.260583			0.035585
137000			-1328.260583			0.032198
138000			-1328.260583			0.029134
139000			-1328.260583			0.026361
140000			-1328.260583			0.023853
141000			-1328.260583			0.021583
142000			-1328.260583			0.019529
143000			-1328.260583			0.017670
144000			-1328.260583			0.015989
145000			-1328.260583			0.014467
146000			-1328.260583			0.013090
147000			-1328.260583			0.011844
148000			-1328.260583			0.010717
149000			-1328.260583			0.009697
150000			-1328.260583			0.008774
151000			-1328.260583			0.007939
152000			-1328.260583			0.007184
153000			-1328.260583			0.006500
154000			-1328.260583			0.005882
155000			-1328.260583			0.005322
156000			-1328.260583			0.004815
157000			-1328.260583			0.004357
158000			-1328.260583			0.003942
159000			-1328.260583			0.003567
160000			-1328.260583			0.003228
161000			-1328.260583			0.002921
162000			-1328.260583			0.002643
163000			-1328.260583			0.002391
164000			-1328.260583			0.002164
165000			-1328.260583			0.001958
166000			-1328.260583			0.001771
167000			-1328.260583			0.001603
168000			-1328.260583			0.001450
169000			-1328.260583			0.001312
170000			-1328.260583			0.001187
171000			-1328.260583			0.001074
Iteration: 10
Step			Log-likelihood			Temperature
1			-22900.170038			99900.000000
1000			-22313.018808			36769.542477
2000			-23130.957653			23501.721022
3000			-22658.932054			21265.130236
4000			-23462.629366			19241.389323
5000			-23575.353512			17410.241977
6000			-21874.534214			15753.359626
7000			-20976.626469			14254.157974
8000			-22000.813673			12897.631004
9000			-22835.067163			11670.200782
10000			-22169.870557			10559.581542
11000			-22376.978079			9554.656721
12000			-23396.896160			8645.367688
13000			-21536.731301			7822.613061
14000			-22963.560427			7078.157611
15000			-22432.310963			6404.549832
16000			-22503.067076			5795.047357
17000			-22552.817069			5243.549468
18000			-21570.240052			4744.536038
19000			-21564.252603			4293.012272
20000			-22374.183714			3884.458716
21000			-22580.021676			3514.786020
22000			-14352.038241			3180.294005
23000			-20663.664770			2877.634626
24000			-22040.937424			2603.778466
25000			-22514.435000			2355.984403
26000			-20407.821846			2131.772185
27000			-23736.484686			1928.897594
28000			-21947.225529			1745.329992
29000			-18971.125969			1579.231987
30000			-19951.650448			1428.941048
31000			-17762.608241			1292.952863
32000			-19758.177483			1169.906280
33000			-22455.173043			1058.569685
34000			-17355.230912			957.828671
35000			-14281.355532			866.674888
36000			-16340.077711			784.195947
37000			-19568.756765			709.566288
38000			-13376.117375			642.038917
39000			-14193.636926			580.937931
40000			-14567.930636			525.651749
41000			-13898.250812			475.626993
42000			-13962.544295			430.362949
43000			-16096.872270			389.406552
44000			-12355.231693			352.347857
45000			-12717.471262			318.815931
46000			-11100.312484			288.475142
47000			-11622.231826			261.021797
48000			-11412.658311			236.181108
49000			-11330.636873			213.704435
50000			-9802.642265			193.366803
51000			-8817.493876			174.964643
52000			-9112.352258			158.313765
53000			-9049.140653			143.247502
54000			-7691.809073			129.615051
55000			-7193.101445			117.279962
56000			-7365.152054			106.118767
57000			-7333.997799			96.019751
58000			-5312.109527			86.881830
59000			-5522.753242			78.613537
60000			-5962.193760			71.132114
61000			-5613.448056			64.362677
62000			-4607.701162			58.237467
63000			-3894.425900			52.695176
64000			-3636.231261			47.680328
65000			-3358.065667			43.142730
66000			-3573.433111			39.036961
67000			-3240.348088			35.321926
68000			-3077.551417			31.960441
69000			-2461.700246			28.918858
70000			-2327.102197			26.166734
71000			-2381.537826			23.676522
72000			-2165.976862			21.423296
73000			-2200.608642			19.384503
74000			-1900.865264			17.539736
75000			-1762.376236			15.870530
76000			-1739.610916			14.360177
77000			-1741.508026			12.993561
78000			-1673.212066			11.757001
79000			-1658.035186			10.638121
80000			-1542.634011			9.625722
81000			-1561.605111			8.709670
82000			-1557.810891			7.880796
83000			-1521.765801			7.130803
84000			-1516.074471			6.452185
85000			-1512.280251			5.838150
86000			-1517.971581			5.282550
87000			-1510.383141			4.779825
88000			-1506.588921			4.324943
89000			-1474.338052			3.913350
90000			-1474.338052			3.540928
91000			-1480.029382			3.203948
92000			-1481.926492			2.899038
93000			-1461.058282			2.623145
94000			-1449.675622			2.373508
95000			-1447.778512			2.147628
96000			-1459.161172			1.943244
97000			-1447.778512			1.758311
98000			-1455.366952			1.590978
99000			-1461.058282			1.439569
100000			-1417.424752			1.302570
101000			-1369.997002			1.178608
102000			-1358.614343			1.066443
103000			-1354.820123			0.964953
104000			-1349.128793			0.873121
105000			-1349.128793			0.790029
106000			-1349.128793			0.714844
107000			-1347.231683			0.646814
108000			-1347.231683			0.585259
109000			-1347.231683			0.529561
110000			-1345.334573			0.479165
111000			-1337.746133			0.433564
112000			-1337.746133			0.392303
113000			-1337.746133			0.354969
114000			-1335.849023			0.321187
115000			-1335.849023			0.290621
116000			-1335.849023			0.262963
117000			-1335.849023			0.237938
118000			-1333.951913			0.215294
119000			-1333.951913			0.194805
120000			-1333.951913			0.176266
121000			-1333.951913			0.159491
122000			-1333.951913			0.144313
123000			-1333.951913			0.130579
124000			-1333.951913			0.118152
125000			-1333.951913			0.106908
126000			-1333.951913			0.096734
127000			-1333.951913			0.087528
128000			-1333.951913			0.079198
129000			-1333.951913			0.071661
130000			-1333.951913			0.064841
131000			-1333.951913			0.058671
132000			-1333.951913			0.053087
133000			-1333.951913			0.048035
134000			-1333.951913			0.043464
135000			-1333.951913			0.039327
136000			-1333.951913			0.035585
137000			-1333.951913			0.032198
138000			-1333.951913			0.029134
139000			-1333.951913			0.026361
140000			-1333.951913			0.023853
141000			-1333.951913			0.021583
142000			-1333.951913			0.019529
143000			-1333.951913			0.017670
144000			-1333.951913			0.015989
145000			-1333.951913			0.014467
146000			-1333.951913			0.013090
147000			-1333.951913			0.011844
148000			-1333.951913			0.010717
149000			-1333.951913			0.009697
150000			-1333.951913			0.008774
151000			-1333.951913			0.007939
152000			-1333.951913			0.007184
153000			-1333.951913			0.006500
154000			-1333.951913			0.005882
155000			-1333.951913			0.005322
156000			-1333.951913			0.004815
157000			-1333.951913			0.004357
158000			-1333.951913			0.003942
159000			-1333.951913			0.003567
160000			-1333.951913			0.003228
161000			-1333.951913			0.002921
162000			-1333.951913			0.002643
163000			-1333.951913			0.002391
164000			-1333.951913			0.002164
165000			-1333.951913			0.001958
166000			-1333.951913			0.001771
167000			-1333.951913			0.001603
168000			-1333.951913			0.001450
169000			-1333.951913			0.001312
170000			-1333.951913			0.001187
171000			-1333.951913			0.001074

Maximum likelihood Tree found: -1231.507974
digraph g {
	"53" -> "54";
	"54" [label="26"];
	"52" -> "53";
	"53" [label="9"];
	"51" -> "52";
	"52" [label="13"];
	"50" -> "51";
	"51" [label="31"];
	"49" -> "50";
	"50" [label="37"];
	"48" -> "49";
	"49" [label="18"];
	"47" -> "48";
	"48" [label="22"];
	"46" -> "47";
	"47" [color=indianred1, style=filled, label="38"];
	"47" [label="38"];
	"44" -> "45";
	"45" [label="12"];
	"43" -> "44";
	"44" [label="36"];
	"42" -> "43";
	"43" [label="43"];
	"41" -> "42";
	"42" [label="41"];
	"41" -> "46";
	"46" [label="19"];
	"40" -> "41";
	"41" [label="45"];
	"39" -> "40";
	"40" [label="4"];
	"38" -> "39";
	"39" [label="8"];
	"37" -> "38";
	"38" [label="7"];
	"36" -> "37";
	"37" [label="20"];
	"35" -> "36";
	"36" [label="16"];
	"34" -> "35";
	"35" [label="44"];
	"32" -> "33";
	"33" [label="15"];
	"31" -> "32";
	"32" [label="11"];
	"30" -> "31";
	"31" [label="17"];
	"29" -> "30";
	"30" [color=indianred1, style=filled, label="2"];
	"30" [label="2"];
	"28" -> "29";
	"29" [label="40"];
	"27" -> "28";
	"28" [label="21"];
	"26" -> "27";
	"27" [label="32"];
	"25" -> "26";
	"26" [label="34"];
	"24" -> "25";
	"25" [label="30"];
	"23" -> "24";
	"24" [label="23"];
	"21" -> "22";
	"22" [label="48"];
	"20" -> "21";
	"21" [label="42"];
	"19" -> "20";
	"20" [label="25"];
	"18" -> "19";
	"19" [label="10"];
	"17" -> "18";
	"18" [label="24"];
	"16" -> "17";
	"17" [label="6"];
	"15" -> "16";
	"16" [label="39"];
	"14" -> "15";
	"15" [label="5"];
	"13" -> "14";
	"14" [color=indianred1, style=filled, label="50"];
	"14" [label="50"];
	"12" -> "13";
	"13" [color=green, style=filled, label="3"];
	"12" -> "23";
	"23" [label="14"];
	"11" -> "12";
	"12" [label="46"];
	"11" -> "34";
	"34" [label="28"];
	"9" -> "10";
	"10" [label="49"];
	"8" -> "9";
	"9" [label="3"];
	"7" -> "8";
	"8" [label="47"];
	"6" -> "7";
	"7" [label="33"];
	"6" -> "11";
	"11" [label="38"];
	"5" -> "6";
	"6" [label="29"];
	"4" -> "5";
	"5" [label="1"];
	"3" -> "4";
	"4" [label="2"];
	"2" -> "3";
	"3" [label="35"];
	"1" -> "2";
	"2" [label="27"];
	"0" -> "1";
	"1" [label="50"];
	"0" [label="germline"];
	labelloc="t";
	label="Confidence score: -1231.507974";
}
Best cell assignment:
12 54 30 4 54 27 28 38 33 6 22 22 32 33 12 28 54 47 6 53 5 22 45 12 40 40 12 28 9 22 45 22 22 12 22 43 46 6 45 22 28 39 22 45 5 12 6 22 45 47 39 33 26 14 8 33 12 40 33 14 33 30 51 12 54 45 6 53 8 11 12 31 5 11 47 12 44 33 6 33 31 11 5 33 22 33 5 11 22 45 44 54 10 28 21 54 28 47 54 22 22 6 54 47 6 46 4 22 5 45 28 2 26 47 5 33 5 45 8 54 33 47 21 54 5 54 45 28 20 32 11 33 22 21 9 45 27 11 19 12 10 12 12 28 32 33 54 9 30 46 26 40 11 6 6 6 37 52 28 44 47 44 27 45 28 53 6 6 47 45 12 32 33 45 11 28 4 54 28 47 47 9 9 10 22 10 28 6 54 22 10 27 28 33 5 40 6 51 11 30 54 45 47 12 22 10 5 11 47 6 10 47 47 22 47 44 32 44 33 10 33 47 47 6 32 46 21 40 32 6 12 30 10 45 10 22 11 45 32 22 33 12 45 28 6 28 12 45 46 12 
alpha: 0.150000
beta: 0.000010
gamma: 1.000000
delta: 0.887000
