Starting SASC.
Iteration: 1
Step			Log-likelihood			Temperature
1			-34615.178981			99900.000000
1000			-28945.570283			36769.542477
2000			-27394.487821			23501.721022
3000			-25559.205327			21265.130236
4000			-26408.433279			19241.389323
5000			-27870.996639			17410.241977
6000			-31767.200381			15753.359626
7000			-31163.151164			14254.157974
8000			-30362.834616			12897.631004
9000			-26591.415001			11670.200782
10000			-29917.600170			10559.581542
11000			-29311.653842			9554.656721
12000			-31861.287638			8645.367688
13000			-30820.322564			7822.613061
14000			-27566.608776			7078.157611
15000			-27059.485156			6404.549832
16000			-31929.513252			5795.047357
17000			-27888.161550			5243.549468
18000			-27284.827746			4744.536038
19000			-24396.810477			4293.012272
20000			-25850.577286			3884.458716
21000			-30587.236063			3514.786020
22000			-29778.342899			3180.294005
23000			-28935.741624			2877.634626
24000			-30353.909052			2603.778466
25000			-22362.261089			2355.984403
26000			-23561.132000			2131.772185
27000			-23694.343154			1928.897594
28000			-25112.299544			1745.329992
29000			-25049.243367			1579.231987
30000			-24783.073247			1428.941048
31000			-22157.443556			1292.952863
32000			-22394.925413			1169.906280
33000			-21620.669869			1058.569685
34000			-16295.496600			957.828671
35000			-22234.037530			866.674888
36000			-17782.226911			784.195947
37000			-12068.952430			709.566288
38000			-18560.842500			642.038917
39000			-15739.702042			580.937931
40000			-14834.713015			525.651749
41000			-13422.664191			475.626993
42000			-12486.252120			430.362949
43000			-15936.470691			389.406552
44000			-11782.280566			352.347857
45000			-11899.185972			318.815931
46000			-11084.487201			288.475142
47000			-12842.166970			261.021797
48000			-11420.480866			236.181108
49000			-11610.793001			213.704435
50000			-11287.392887			193.366803
51000			-8766.544114			174.964643
52000			-8151.654705			158.313765
53000			-8758.536380			143.247502
54000			-8407.054979			129.615051
55000			-7943.069367			117.279962
56000			-6502.666718			106.118767
57000			-6713.909203			96.019751
58000			-5805.457386			86.881830
59000			-6030.723835			78.613537
60000			-5309.569853			71.132114
61000			-4993.429806			64.362677
62000			-4331.247500			58.237467
63000			-3676.653634			52.695176
64000			-3659.450631			47.680328
65000			-3486.569414			43.142730
66000			-3482.444681			39.036961
67000			-3235.930962			35.321926
68000			-3374.438425			31.960441
69000			-2892.959529			28.918858
70000			-2659.582748			26.166734
71000			-2574.180545			23.676522
72000			-2556.107415			21.423296
73000			-2351.813202			19.384503
74000			-2384.147013			17.539736
75000			-2268.423304			15.870530
76000			-2236.172434			14.360177
77000			-2209.612894			12.993561
78000			-2076.679747			11.757001
79000			-2148.769927			10.638121
80000			-2053.115920			9.625722
81000			-2026.691828			8.709670
82000			-2038.074488			7.880796
83000			-1995.239466			7.130803
84000			-1997.136576			6.452185
85000			-1938.190719			5.838150
86000			-1938.190719			5.282550
87000			-1864.098069			4.779825
88000			-1841.332749			4.324943
89000			-1841.332749			3.913350
90000			-1833.744309			3.540928
91000			-1839.435639			3.203948
92000			-1847.024079			2.899038
93000			-1731.573121			2.623145
94000			-1731.573121			2.373508
95000			-1725.881791			2.147628
96000			-1710.810272			1.943244
97000			-1705.118942			1.758311
98000			-1712.707382			1.590978
99000			-1708.913162			1.439569
100000			-1699.427612			1.302570
101000			-1697.530502			1.178608
102000			-1695.633392			1.066443
103000			-1693.736282			0.964953
104000			-1693.736282			0.873121
105000			-1693.736282			0.790029
106000			-1693.736282			0.714844
107000			-1695.633392			0.646814
108000			-1693.736282			0.585259
109000			-1691.839172			0.529561
110000			-1691.839172			0.479165
111000			-1691.839172			0.433564
112000			-1689.942062			0.392303
113000			-1688.044952			0.354969
114000			-1688.044952			0.321187
115000			-1686.147842			0.290621
116000			-1686.147842			0.262963
117000			-1686.147842			0.237938
118000			-1686.147842			0.215294
119000			-1686.147842			0.194805
120000			-1686.147842			0.176266
121000			-1686.147842			0.159491
122000			-1686.147842			0.144313
123000			-1686.147842			0.130579
124000			-1686.147842			0.118152
125000			-1686.147842			0.106908
126000			-1686.147842			0.096734
127000			-1686.147842			0.087528
128000			-1686.147842			0.079198
129000			-1686.147842			0.071661
130000			-1686.147842			0.064841
131000			-1686.147842			0.058671
132000			-1686.147842			0.053087
133000			-1686.147842			0.048035
134000			-1686.147842			0.043464
135000			-1686.147842			0.039327
136000			-1686.147842			0.035585
137000			-1686.147842			0.032198
138000			-1686.147842			0.029134
139000			-1686.147842			0.026361
140000			-1686.147842			0.023853
141000			-1686.147842			0.021583
142000			-1686.147842			0.019529
143000			-1686.147842			0.017670
144000			-1686.147842			0.015989
145000			-1686.147842			0.014467
146000			-1686.147842			0.013090
147000			-1686.147842			0.011844
148000			-1686.147842			0.010717
149000			-1686.147842			0.009697
150000			-1686.147842			0.008774
151000			-1686.147842			0.007939
152000			-1686.147842			0.007184
153000			-1686.147842			0.006500
154000			-1686.147842			0.005882
155000			-1686.147842			0.005322
156000			-1686.147842			0.004815
157000			-1686.147842			0.004357
158000			-1686.147842			0.003942
159000			-1686.147842			0.003567
160000			-1686.147842			0.003228
161000			-1686.147842			0.002921
162000			-1686.147842			0.002643
163000			-1686.147842			0.002391
164000			-1686.147842			0.002164
165000			-1686.147842			0.001958
166000			-1686.147842			0.001771
167000			-1686.147842			0.001603
168000			-1686.147842			0.001450
169000			-1686.147842			0.001312
170000			-1686.147842			0.001187
171000			-1686.147842			0.001074
Iteration: 2
Step			Log-likelihood			Temperature
1			-34361.224270			99900.000000
1000			-30104.994764			36769.542477
2000			-25491.753794			23501.721022
3000			-31758.166378			21265.130236
4000			-28352.012310			19241.389323
5000			-31665.279518			17410.241977
6000			-30729.208456			15753.359626
7000			-30726.351724			14254.157974
8000			-29359.656314			12897.631004
9000			-27879.192054			11670.200782
10000			-32270.406649			10559.581542
11000			-26934.481052			9554.656721
12000			-32897.027666			8645.367688
13000			-28026.682832			7822.613061
14000			-26286.373173			7078.157611
15000			-32220.120028			6404.549832
16000			-28242.167612			5795.047357
17000			-31911.020113			5243.549468
18000			-26919.615028			4744.536038
19000			-31087.873739			4293.012272
20000			-29810.916302			3884.458716
21000			-28939.573937			3514.786020
22000			-21439.391737			3180.294005
23000			-27821.956221			2877.634626
24000			-29437.191474			2603.778466
25000			-29089.665560			2355.984403
26000			-26487.073951			2131.772185
27000			-23319.301776			1928.897594
28000			-21688.527288			1745.329992
29000			-25624.189209			1579.231987
30000			-26650.515691			1428.941048
31000			-21929.294879			1292.952863
32000			-26698.394987			1169.906280
33000			-17318.919210			1058.569685
34000			-18448.091941			957.828671
35000			-17568.853338			866.674888
36000			-24986.961271			784.195947
37000			-20481.184088			709.566288
38000			-14852.737089			642.038917
39000			-17559.831013			580.937931
40000			-13321.528821			525.651749
41000			-12657.164964			475.626993
42000			-13716.670166			430.362949
43000			-13162.268342			389.406552
44000			-11922.938551			352.347857
45000			-10047.527384			318.815931
46000			-13661.873911			288.475142
47000			-11374.730292			261.021797
48000			-11134.028937			236.181108
49000			-9967.505656			213.704435
50000			-10155.668492			193.366803
51000			-8761.852639			174.964643
52000			-8022.264186			158.313765
53000			-7873.005311			143.247502
54000			-8942.775983			129.615051
55000			-8016.127148			117.279962
56000			-8735.260846			106.118767
57000			-7101.101221			96.019751
58000			-6571.252732			86.881830
59000			-5988.955162			78.613537
60000			-6051.102144			71.132114
61000			-5390.538607			64.362677
62000			-4660.189355			58.237467
63000			-4405.525070			52.695176
64000			-4984.234536			47.680328
65000			-4093.231811			43.142730
66000			-4341.430685			39.036961
67000			-4480.622714			35.321926
68000			-3892.319733			31.960441
69000			-3853.363204			28.918858
70000			-3669.311282			26.166734
71000			-3420.693114			23.676522
72000			-3092.512236			21.423296
73000			-2954.729438			19.384503
74000			-2643.681726			17.539736
75000			-2668.682632			15.870530
76000			-2625.049103			14.360177
77000			-2490.262752			12.993561
78000			-2454.452036			11.757001
79000			-2320.152752			10.638121
80000			-2252.133254			9.625722
81000			-2278.725047			8.709670
82000			-2217.882080			7.880796
83000			-2181.431515			7.130803
84000			-2194.679032			6.452185
85000			-2175.707932			5.838150
86000			-2162.460415			5.282550
87000			-2160.595559			4.779825
88000			-2158.833897			4.324943
89000			-2160.731007			3.913350
90000			-2158.833897			3.540928
91000			-2126.647534			3.203948
92000			-2122.853314			2.899038
93000			-2051.861736			2.623145
94000			-2053.758846			2.373508
95000			-2048.067516			2.147628
96000			-1972.588592			1.943244
97000			-1947.926162			1.758311
98000			-1951.720382			1.590978
99000			-1956.313110			1.439569
100000			-1952.518890			1.302570
101000			-1952.518890			1.178608
102000			-1793.613199			1.066443
103000			-1797.407419			0.964953
104000			-1786.024759			0.873121
105000			-1784.127649			0.790029
106000			-1784.127649			0.714844
107000			-1784.127649			0.646814
108000			-1782.230539			0.585259
109000			-1782.230539			0.529561
110000			-1780.333429			0.479165
111000			-1780.333429			0.433564
112000			-1778.436319			0.392303
113000			-1778.436319			0.354969
114000			-1778.436319			0.321187
115000			-1778.436319			0.290621
116000			-1778.436319			0.262963
117000			-1776.539209			0.237938
118000			-1776.539209			0.215294
119000			-1774.642099			0.194805
120000			-1770.847879			0.176266
121000			-1770.847879			0.159491
122000			-1770.847879			0.144313
123000			-1768.950769			0.130579
124000			-1768.950769			0.118152
125000			-1768.950769			0.106908
126000			-1768.950769			0.096734
127000			-1768.950769			0.087528
128000			-1768.950769			0.079198
129000			-1768.950769			0.071661
130000			-1768.950769			0.064841
131000			-1768.950769			0.058671
132000			-1768.950769			0.053087
133000			-1768.950769			0.048035
134000			-1768.950769			0.043464
135000			-1768.950769			0.039327
136000			-1768.950769			0.035585
137000			-1768.950769			0.032198
138000			-1768.950769			0.029134
139000			-1768.950769			0.026361
140000			-1768.950769			0.023853
141000			-1768.950769			0.021583
142000			-1768.950769			0.019529
143000			-1768.950769			0.017670
144000			-1768.950769			0.015989
145000			-1768.950769			0.014467
146000			-1768.950769			0.013090
147000			-1768.950769			0.011844
148000			-1768.950769			0.010717
149000			-1768.950769			0.009697
150000			-1768.950769			0.008774
151000			-1768.950769			0.007939
152000			-1768.950769			0.007184
153000			-1768.950769			0.006500
154000			-1768.950769			0.005882
155000			-1768.950769			0.005322
156000			-1768.950769			0.004815
157000			-1768.950769			0.004357
158000			-1768.950769			0.003942
159000			-1768.950769			0.003567
160000			-1768.950769			0.003228
161000			-1768.950769			0.002921
162000			-1768.950769			0.002643
163000			-1768.950769			0.002391
164000			-1768.950769			0.002164
165000			-1768.950769			0.001958
166000			-1768.950769			0.001771
167000			-1768.950769			0.001603
168000			-1768.950769			0.001450
169000			-1768.950769			0.001312
170000			-1768.950769			0.001187
171000			-1768.950769			0.001074
Iteration: 3
Step			Log-likelihood			Temperature
1			-33965.986165			99900.000000
1000			-24813.485675			36769.542477
2000			-31316.655806			23501.721022
3000			-23277.559518			21265.130236
4000			-28269.571578			19241.389323
5000			-28746.611186			17410.241977
6000			-30012.185964			15753.359626
7000			-27812.444257			14254.157974
8000			-30674.863748			12897.631004
9000			-28625.911561			11670.200782
10000			-28827.445088			10559.581542
11000			-23773.473466			9554.656721
12000			-29266.214124			8645.367688
13000			-26158.202442			7822.613061
14000			-31414.182496			7078.157611
15000			-26961.988031			6404.549832
16000			-26825.592277			5795.047357
17000			-29499.848932			5243.549468
18000			-28388.385772			4744.536038
19000			-25662.933562			4293.012272
20000			-27714.266660			3884.458716
21000			-28065.982040			3514.786020
22000			-27350.769209			3180.294005
23000			-29810.416443			2877.634626
24000			-22450.830258			2603.778466
25000			-27185.210426			2355.984403
26000			-28446.149902			2131.772185
27000			-27819.194109			1928.897594
28000			-20631.319643			1745.329992
29000			-24571.312342			1579.231987
30000			-21828.513379			1428.941048
31000			-17742.805237			1292.952863
32000			-26402.677442			1169.906280
33000			-19899.395815			1058.569685
34000			-16571.442550			957.828671
35000			-20599.089349			866.674888
36000			-17448.916115			784.195947
37000			-18159.660877			709.566288
38000			-16089.403669			642.038917
39000			-15118.144805			580.937931
40000			-11978.477551			525.651749
41000			-13724.974019			475.626993
42000			-12530.123102			430.362949
43000			-10981.286698			389.406552
44000			-13466.084147			352.347857
45000			-11801.685696			318.815931
46000			-11864.527777			288.475142
47000			-10167.631713			261.021797
48000			-9752.583920			236.181108
49000			-9162.292434			213.704435
50000			-9220.070736			193.366803
51000			-9442.231963			174.964643
52000			-10213.789903			158.313765
53000			-8333.938531			143.247502
54000			-7983.934946			129.615051
55000			-8335.700788			117.279962
56000			-6973.440049			106.118767
57000			-6189.737964			96.019751
58000			-5938.002897			86.881830
59000			-5370.863772			78.613537
60000			-6130.018621			71.132114
61000			-5081.632213			64.362677
62000			-4415.816954			58.237467
63000			-4122.500895			52.695176
64000			-3414.543525			47.680328
65000			-3615.139780			43.142730
66000			-3499.545085			39.036961
67000			-2986.460387			35.321926
68000			-3170.480055			31.960441
69000			-2880.802789			28.918858
70000			-2658.711907			26.166734
71000			-2518.183650			23.676522
72000			-2476.447231			21.423296
73000			-2228.377370			19.384503
74000			-2230.274480			17.539736
75000			-2213.200490			15.870530
76000			-2215.097600			14.360177
77000			-2175.258290			12.993561
78000			-2177.362025			11.757001
79000			-2103.374735			10.638121
80000			-2055.946986			9.625722
81000			-1966.576192			8.709670
82000			-1943.810872			7.880796
83000			-1928.633992			7.130803
84000			-1926.736882			6.452185
85000			-1932.428212			5.838150
86000			-1922.942662			5.282550
87000			-1928.633992			4.779825
88000			-1934.325322			4.324943
89000			-1928.633992			3.913350
90000			-1926.736882			3.540928
91000			-1911.560002			3.203948
92000			-1922.942662			2.899038
93000			-1926.736882			2.623145
94000			-1926.736882			2.373508
95000			-1917.251332			2.147628
96000			-1886.792212			1.943244
97000			-1881.100882			1.758311
98000			-1867.926473			1.590978
99000			-1866.029363			1.439569
100000			-1860.338033			1.302570
101000			-1830.190897			1.178608
102000			-1828.293787			1.066443
103000			-1826.396677			0.964953
104000			-1830.190897			0.873121
105000			-1826.396677			0.790029
106000			-1835.882227			0.714844
107000			-1835.882227			0.646814
108000			-1833.985117			0.585259
109000			-1830.190897			0.529561
110000			-1830.190897			0.479165
111000			-1828.293787			0.433564
112000			-1828.293787			0.392303
113000			-1822.602457			0.354969
114000			-1822.602457			0.321187
115000			-1820.705347			0.290621
116000			-1820.705347			0.262963
117000			-1820.705347			0.237938
118000			-1820.705347			0.215294
119000			-1820.705347			0.194805
120000			-1818.808237			0.176266
121000			-1818.808237			0.159491
122000			-1818.808237			0.144313
123000			-1818.808237			0.130579
124000			-1818.808237			0.118152
125000			-1818.808237			0.106908
126000			-1818.808237			0.096734
127000			-1818.808237			0.087528
128000			-1818.808237			0.079198
129000			-1818.808237			0.071661
130000			-1818.808237			0.064841
131000			-1818.808237			0.058671
132000			-1818.808237			0.053087
133000			-1818.808237			0.048035
134000			-1818.808237			0.043464
135000			-1818.808237			0.039327
136000			-1818.808237			0.035585
137000			-1818.808237			0.032198
138000			-1818.808237			0.029134
139000			-1818.808237			0.026361
140000			-1818.808237			0.023853
141000			-1818.808237			0.021583
142000			-1818.808237			0.019529
143000			-1818.808237			0.017670
144000			-1818.808237			0.015989
145000			-1818.808237			0.014467
146000			-1818.808237			0.013090
147000			-1818.808237			0.011844
148000			-1818.808237			0.010717
149000			-1818.808237			0.009697
150000			-1818.808237			0.008774
151000			-1818.808237			0.007939
152000			-1818.808237			0.007184
153000			-1818.808237			0.006500
154000			-1818.808237			0.005882
155000			-1818.808237			0.005322
156000			-1818.808237			0.004815
157000			-1818.808237			0.004357
158000			-1818.808237			0.003942
159000			-1818.808237			0.003567
160000			-1818.808237			0.003228
161000			-1818.808237			0.002921
162000			-1818.808237			0.002643
163000			-1818.808237			0.002391
164000			-1818.808237			0.002164
165000			-1818.808237			0.001958
166000			-1818.808237			0.001771
167000			-1818.808237			0.001603
168000			-1818.808237			0.001450
169000			-1818.808237			0.001312
170000			-1818.808237			0.001187
171000			-1818.808237			0.001074
Iteration: 4
Step			Log-likelihood			Temperature
1			-32933.931919			99900.000000
1000			-32002.656114			36769.542477
2000			-28214.631573			23501.721022
3000			-30803.662029			21265.130236
4000			-30607.045750			19241.389323
5000			-33359.793489			17410.241977
6000			-28381.275294			15753.359626
7000			-27993.450038			14254.157974
8000			-30448.656113			12897.631004
9000			-28977.536711			11670.200782
10000			-29931.809448			10559.581542
11000			-28441.525427			9554.656721
12000			-28794.387884			8645.367688
13000			-30460.647735			7822.613061
14000			-30641.574931			7078.157611
15000			-26375.892129			6404.549832
16000			-29047.122806			5795.047357
17000			-21849.472510			5243.549468
18000			-24597.285482			4744.536038
19000			-29972.390585			4293.012272
20000			-25853.101947			3884.458716
21000			-27918.799751			3514.786020
22000			-27967.620235			3180.294005
23000			-25539.418995			2877.634626
24000			-25157.997289			2603.778466
25000			-22746.896454			2355.984403
26000			-28364.550252			2131.772185
27000			-25984.454083			1928.897594
28000			-30856.238640			1745.329992
29000			-27736.037964			1579.231987
30000			-20198.816659			1428.941048
31000			-22159.160965			1292.952863
32000			-25391.569732			1169.906280
33000			-25636.966261			1058.569685
34000			-20512.074477			957.828671
35000			-18558.305567			866.674888
36000			-18686.503306			784.195947
37000			-20857.665189			709.566288
38000			-19336.528872			642.038917
39000			-15965.038837			580.937931
40000			-12828.200982			525.651749
41000			-14076.578595			475.626993
42000			-12553.483718			430.362949
43000			-12611.009832			389.406552
44000			-13017.222629			352.347857
45000			-10468.718054			318.815931
46000			-12670.593631			288.475142
47000			-11270.254391			261.021797
48000			-9412.027792			236.181108
49000			-10098.356474			213.704435
50000			-9490.653728			193.366803
51000			-7985.509522			174.964643
52000			-7740.949440			158.313765
53000			-7958.210639			143.247502
54000			-8171.754673			129.615051
55000			-8997.139840			117.279962
56000			-6088.024175			106.118767
57000			-6995.326548			96.019751
58000			-6687.672197			86.881830
59000			-6855.611891			78.613537
60000			-6395.361831			71.132114
61000			-5953.883512			64.362677
62000			-5212.230582			58.237467
63000			-4998.997961			52.695176
64000			-4591.139629			47.680328
65000			-4463.646219			43.142730
66000			-3828.615139			39.036961
67000			-3753.306276			35.321926
68000			-3864.719711			31.960441
69000			-3722.468715			28.918858
70000			-3236.756592			26.166734
71000			-3070.326968			23.676522
72000			-2853.094667			21.423296
73000			-2805.666918			19.384503
74000			-2828.496744			17.539736
75000			-2431.361529			15.870530
76000			-2262.413380			14.360177
77000			-2235.684480			12.993561
78000			-2222.168595			11.757001
79000			-2273.901400			10.638121
80000			-2272.004290			9.625722
81000			-2135.205747			8.709670
82000			-2087.642549			7.880796
83000			-2059.321348			7.130803
84000			-2036.556028			6.452185
85000			-2009.861040			5.838150
86000			-2021.243700			5.282550
87000			-2006.066820			4.779825
88000			-1901.725771			4.324943
89000			-1865.680681			3.913350
90000			-1873.269121			3.540928
91000			-1869.474901			3.203948
92000			-1865.680681			2.899038
93000			-1865.680681			2.623145
94000			-1865.680681			2.373508
95000			-1854.492820			2.147628
96000			-1858.287040			1.943244
97000			-1854.492820			1.758311
98000			-1852.595710			1.590978
99000			-1850.698600			1.439569
100000			-1850.698600			1.302570
101000			-1852.595710			1.178608
102000			-1845.007270			1.066443
103000			-1845.007270			0.964953
104000			-1839.315940			0.873121
105000			-1837.418830			0.790029
106000			-1837.418830			0.714844
107000			-1831.727501			0.646814
108000			-1831.727501			0.585259
109000			-1827.933281			0.529561
110000			-1799.476631			0.479165
111000			-1801.373741			0.433564
112000			-1801.373741			0.392303
113000			-1801.373741			0.354969
114000			-1797.579521			0.321187
115000			-1797.579521			0.290621
116000			-1797.579521			0.262963
117000			-1793.785301			0.237938
118000			-1793.785301			0.215294
119000			-1793.785301			0.194805
120000			-1793.785301			0.176266
121000			-1793.785301			0.159491
122000			-1793.785301			0.144313
123000			-1793.785301			0.130579
124000			-1793.785301			0.118152
125000			-1793.785301			0.106908
126000			-1793.785301			0.096734
127000			-1793.785301			0.087528
128000			-1793.785301			0.079198
129000			-1793.785301			0.071661
130000			-1793.785301			0.064841
131000			-1793.785301			0.058671
132000			-1793.785301			0.053087
133000			-1793.785301			0.048035
134000			-1793.785301			0.043464
135000			-1793.785301			0.039327
136000			-1793.785301			0.035585
137000			-1793.785301			0.032198
138000			-1793.785301			0.029134
139000			-1793.785301			0.026361
140000			-1793.785301			0.023853
141000			-1793.785301			0.021583
142000			-1793.785301			0.019529
143000			-1793.785301			0.017670
144000			-1793.785301			0.015989
145000			-1793.785301			0.014467
146000			-1793.785301			0.013090
147000			-1793.785301			0.011844
148000			-1793.785301			0.010717
149000			-1793.785301			0.009697
150000			-1793.785301			0.008774
151000			-1793.785301			0.007939
152000			-1793.785301			0.007184
153000			-1793.785301			0.006500
154000			-1793.785301			0.005882
155000			-1793.785301			0.005322
156000			-1793.785301			0.004815
157000			-1793.785301			0.004357
158000			-1793.785301			0.003942
159000			-1793.785301			0.003567
160000			-1793.785301			0.003228
161000			-1793.785301			0.002921
162000			-1793.785301			0.002643
163000			-1793.785301			0.002391
164000			-1793.785301			0.002164
165000			-1793.785301			0.001958
166000			-1793.785301			0.001771
167000			-1793.785301			0.001603
168000			-1793.785301			0.001450
169000			-1793.785301			0.001312
170000			-1793.785301			0.001187
171000			-1793.785301			0.001074
Iteration: 5
Step			Log-likelihood			Temperature
1			-32779.401008			99900.000000
1000			-29999.934429			36769.542477
2000			-30035.086136			23501.721022
3000			-26008.046312			21265.130236
4000			-29959.846804			19241.389323
5000			-30492.483163			17410.241977
6000			-31573.856429			15753.359626
7000			-30365.737420			14254.157974
8000			-31782.984236			12897.631004
9000			-29249.468507			11670.200782
10000			-32551.920755			10559.581542
11000			-29520.588129			9554.656721
12000			-25524.514879			8645.367688
13000			-29934.952762			7822.613061
14000			-28076.626345			7078.157611
15000			-30795.791356			6404.549832
16000			-28360.058136			5795.047357
17000			-30542.860705			5243.549468
18000			-24182.759583			4744.536038
19000			-28201.404632			4293.012272
20000			-30424.999377			3884.458716
21000			-26525.763818			3514.786020
22000			-31424.049247			3180.294005
23000			-25410.518528			2877.634626
24000			-26035.336001			2603.778466
25000			-28432.470849			2355.984403
26000			-28811.532220			2131.772185
27000			-25468.284739			1928.897594
28000			-24833.113520			1745.329992
29000			-23859.793499			1579.231987
30000			-24395.326822			1428.941048
31000			-28707.287931			1292.952863
32000			-25334.120720			1169.906280
33000			-25500.905132			1058.569685
34000			-14746.190214			957.828671
35000			-17687.403665			866.674888
36000			-21277.882419			784.195947
37000			-22526.541415			709.566288
38000			-18639.752878			642.038917
39000			-17886.890494			580.937931
40000			-16762.147564			525.651749
41000			-12561.948839			475.626993
42000			-13535.101754			430.362949
43000			-12496.769006			389.406552
44000			-12348.240136			352.347857
45000			-11590.801471			318.815931
46000			-11817.325801			288.475142
47000			-12504.795029			261.021797
48000			-10879.643254			236.181108
49000			-12242.946120			213.704435
50000			-9828.263121			193.366803
51000			-9964.667359			174.964643
52000			-9992.162246			158.313765
53000			-8260.023954			143.247502
54000			-8155.126392			129.615051
55000			-8263.055545			117.279962
56000			-7522.341922			106.118767
57000			-7098.028514			96.019751
58000			-6840.408597			86.881830
59000			-6745.192471			78.613537
60000			-6135.012055			71.132114
61000			-6125.461999			64.362677
62000			-5662.212375			58.237467
63000			-4724.529828			52.695176
64000			-4538.085056			47.680328
65000			-3916.897342			43.142730
66000			-3561.481854			39.036961
67000			-3436.716561			35.321926
68000			-3149.404658			31.960441
69000			-3221.980366			28.918858
70000			-3167.028683			26.166734
71000			-3000.502299			23.676522
72000			-2657.203717			21.423296
73000			-2268.100545			19.384503
74000			-2355.476303			17.539736
75000			-2176.815285			15.870530
76000			-2096.697531			14.360177
77000			-2205.136497			12.993561
78000			-2159.741295			11.757001
79000			-2051.606026			10.638121
80000			-1995.423985			9.625722
81000			-1989.732655			8.709670
82000			-1993.526875			7.880796
83000			-2036.534507			7.130803
84000			-2023.254737			6.452185
85000			-2015.666297			5.838150
86000			-2006.180747			5.282550
87000			-2002.386527			4.779825
88000			-2004.283637			4.324943
89000			-1954.981292			3.913350
90000			-1911.242402			3.540928
91000			-1923.040587			3.203948
92000			-1915.452147			2.899038
93000			-1905.966597			2.623145
94000			-1876.919357			2.373508
95000			-1876.919357			2.147628
96000			-1873.125137			1.943244
97000			-1869.330917			1.758311
98000			-1867.433807			1.590978
99000			-1863.639587			1.439569
100000			-1861.742477			1.302570
101000			-1863.639587			1.178608
102000			-1863.639587			1.066443
103000			-1859.845367			0.964953
104000			-1859.845367			0.873121
105000			-1859.845367			0.790029
106000			-1859.845367			0.714844
107000			-1859.845367			0.646814
108000			-1859.845367			0.585259
109000			-1857.948257			0.529561
110000			-1734.908859			0.479165
111000			-1734.908859			0.433564
112000			-1734.908859			0.392303
113000			-1734.908859			0.354969
114000			-1733.011750			0.321187
115000			-1733.011750			0.290621
116000			-1733.011750			0.262963
117000			-1733.011750			0.237938
118000			-1733.011750			0.215294
119000			-1733.011750			0.194805
120000			-1733.011750			0.176266
121000			-1733.011750			0.159491
122000			-1731.114640			0.144313
123000			-1731.114640			0.130579
124000			-1731.114640			0.118152
125000			-1731.114640			0.106908
126000			-1731.114640			0.096734
127000			-1731.114640			0.087528
128000			-1731.114640			0.079198
129000			-1731.114640			0.071661
130000			-1731.114640			0.064841
131000			-1731.114640			0.058671
132000			-1731.114640			0.053087
133000			-1731.114640			0.048035
134000			-1731.114640			0.043464
135000			-1731.114640			0.039327
136000			-1731.114640			0.035585
137000			-1731.114640			0.032198
138000			-1731.114640			0.029134
139000			-1731.114640			0.026361
140000			-1731.114640			0.023853
141000			-1731.114640			0.021583
142000			-1731.114640			0.019529
143000			-1731.114640			0.017670
144000			-1731.114640			0.015989
145000			-1731.114640			0.014467
146000			-1731.114640			0.013090
147000			-1731.114640			0.011844
148000			-1731.114640			0.010717
149000			-1731.114640			0.009697
150000			-1731.114640			0.008774
151000			-1731.114640			0.007939
152000			-1731.114640			0.007184
153000			-1731.114640			0.006500
154000			-1731.114640			0.005882
155000			-1731.114640			0.005322
156000			-1731.114640			0.004815
157000			-1731.114640			0.004357
158000			-1731.114640			0.003942
159000			-1731.114640			0.003567
160000			-1731.114640			0.003228
161000			-1731.114640			0.002921
162000			-1731.114640			0.002643
163000			-1731.114640			0.002391
164000			-1731.114640			0.002164
165000			-1731.114640			0.001958
166000			-1731.114640			0.001771
167000			-1731.114640			0.001603
168000			-1731.114640			0.001450
169000			-1731.114640			0.001312
170000			-1731.114640			0.001187
171000			-1731.114640			0.001074
Iteration: 6
Step			Log-likelihood			Temperature
1			-33854.217942			99900.000000
1000			-27759.067150			36769.542477
2000			-23272.507416			23501.721022
3000			-33470.717284			21265.130236
4000			-28656.491094			19241.389323
5000			-25950.177090			17410.241977
6000			-27223.114533			15753.359626
7000			-27682.220989			14254.157974
8000			-30317.658764			12897.631004
9000			-29347.376398			11670.200782
10000			-28293.395420			10559.581542
11000			-24755.572521			9554.656721
12000			-29579.243110			8645.367688
13000			-22833.262559			7822.613061
14000			-31902.340898			7078.157611
15000			-28769.086226			6404.549832
16000			-29164.808132			5795.047357
17000			-28830.670425			5243.549468
18000			-26623.574949			4744.536038
19000			-25915.410457			4293.012272
20000			-31651.508925			3884.458716
21000			-25840.440830			3514.786020
22000			-24063.106801			3180.294005
23000			-28590.532114			2877.634626
24000			-26777.938754			2603.778466
25000			-23160.932714			2355.984403
26000			-24798.959702			2131.772185
27000			-28745.493996			1928.897594
28000			-26684.036120			1745.329992
29000			-29980.838188			1579.231987
30000			-26707.971458			1428.941048
31000			-25167.304055			1292.952863
32000			-19638.937601			1169.906280
33000			-24051.773912			1058.569685
34000			-22316.698196			957.828671
35000			-16703.570908			866.674888
36000			-15690.729208			784.195947
37000			-17473.918595			709.566288
38000			-19678.667555			642.038917
39000			-16933.024456			580.937931
40000			-15349.064491			525.651749
41000			-15648.001535			475.626993
42000			-17630.909660			430.362949
43000			-10609.936941			389.406552
44000			-12804.661581			352.347857
45000			-14872.971909			318.815931
46000			-13767.719191			288.475142
47000			-8830.034321			261.021797
48000			-10866.189223			236.181108
49000			-9827.403958			213.704435
50000			-9185.955009			193.366803
51000			-8655.312521			174.964643
52000			-8678.335868			158.313765
53000			-8645.574783			143.247502
54000			-8183.040573			129.615051
55000			-9192.077311			117.279962
56000			-7918.348270			106.118767
57000			-8054.714415			96.019751
58000			-6310.701456			86.881830
59000			-5985.991197			78.613537
60000			-6598.126826			71.132114
61000			-5846.290711			64.362677
62000			-5449.220003			58.237467
63000			-4419.399876			52.695176
64000			-4426.569022			47.680328
65000			-4592.230404			43.142730
66000			-5199.607308			39.036961
67000			-3752.118740			35.321926
68000			-3651.571911			31.960441
69000			-3387.055349			28.918858
70000			-3291.088760			26.166734
71000			-3146.341659			23.676522
72000			-2853.295962			21.423296
73000			-2508.731519			19.384503
74000			-2385.935424			17.539736
75000			-2382.141204			15.870530
76000			-2427.639590			14.360177
77000			-2304.254334			12.993561
78000			-2240.956557			11.757001
79000			-2208.705687			10.638121
80000			-2108.957366			9.625722
81000			-2107.060256			8.709670
82000			-2053.941176			7.880796
83000			-2021.690306			7.130803
84000			-2014.101867			6.452185
85000			-1966.538669			5.838150
86000			-1957.053119			5.282550
87000			-1953.258899			4.779825
88000			-1951.361789			4.324943
89000			-1949.464679			3.913350
90000			-1949.464679			3.540928
91000			-1938.082019			3.203948
92000			-1941.876239			2.899038
93000			-1873.688979			2.623145
94000			-1869.894759			2.373508
95000			-1845.232329			2.147628
96000			-1839.540999			1.943244
97000			-1830.055449			1.758311
98000			-1830.055449			1.590978
99000			-1828.158339			1.439569
100000			-1830.055449			1.302570
101000			-1830.055449			1.178608
102000			-1826.261229			1.066443
103000			-1822.467009			0.964953
104000			-1822.467009			0.873121
105000			-1820.569900			0.790029
106000			-1822.467009			0.714844
107000			-1822.467009			0.646814
108000			-1816.775680			0.585259
109000			-1816.775680			0.529561
110000			-1816.775680			0.479165
111000			-1811.084350			0.433564
112000			-1811.084350			0.392303
113000			-1811.084350			0.354969
114000			-1811.084350			0.321187
115000			-1809.187240			0.290621
116000			-1809.187240			0.262963
117000			-1809.187240			0.237938
118000			-1807.290130			0.215294
119000			-1807.290130			0.194805
120000			-1807.290130			0.176266
121000			-1807.290130			0.159491
122000			-1807.290130			0.144313
123000			-1807.290130			0.130579
124000			-1807.290130			0.118152
125000			-1807.290130			0.106908
126000			-1807.290130			0.096734
127000			-1807.290130			0.087528
128000			-1807.290130			0.079198
129000			-1807.290130			0.071661
130000			-1807.290130			0.064841
131000			-1807.290130			0.058671
132000			-1807.290130			0.053087
133000			-1807.290130			0.048035
134000			-1807.290130			0.043464
135000			-1807.290130			0.039327
136000			-1805.393020			0.035585
137000			-1805.393020			0.032198
138000			-1805.393020			0.029134
139000			-1805.393020			0.026361
140000			-1805.393020			0.023853
141000			-1805.393020			0.021583
142000			-1805.393020			0.019529
143000			-1805.393020			0.017670
144000			-1805.393020			0.015989
145000			-1805.393020			0.014467
146000			-1805.393020			0.013090
147000			-1805.393020			0.011844
148000			-1805.393020			0.010717
149000			-1805.393020			0.009697
150000			-1805.393020			0.008774
151000			-1805.393020			0.007939
152000			-1805.393020			0.007184
153000			-1805.393020			0.006500
154000			-1805.393020			0.005882
155000			-1805.393020			0.005322
156000			-1805.393020			0.004815
157000			-1805.393020			0.004357
158000			-1805.393020			0.003942
159000			-1805.393020			0.003567
160000			-1805.393020			0.003228
161000			-1805.393020			0.002921
162000			-1805.393020			0.002643
163000			-1805.393020			0.002391
164000			-1805.393020			0.002164
165000			-1805.393020			0.001958
166000			-1805.393020			0.001771
167000			-1805.393020			0.001603
168000			-1805.393020			0.001450
169000			-1805.393020			0.001312
170000			-1805.393020			0.001187
171000			-1805.393020			0.001074
Iteration: 7
Step			Log-likelihood			Temperature
1			-32493.066414			99900.000000
1000			-27332.366992			36769.542477
2000			-28589.500006			23501.721022
3000			-29434.417684			21265.130236
4000			-32500.640117			19241.389323
5000			-26910.715878			17410.241977
6000			-27193.728375			15753.359626
7000			-30304.534422			14254.157974
8000			-30437.299867			12897.631004
9000			-30048.242731			11670.200782
10000			-28571.599106			10559.581542
11000			-28208.708631			9554.656721
12000			-28815.461292			8645.367688
13000			-25052.172585			7822.613061
14000			-29922.872206			7078.157611
15000			-31293.696966			6404.549832
16000			-30412.558194			5795.047357
17000			-28916.286724			5243.549468
18000			-26571.423471			4744.536038
19000			-22571.028269			4293.012272
20000			-26168.511844			3884.458716
21000			-27720.248270			3514.786020
22000			-29085.683659			3180.294005
23000			-31402.187022			2877.634626
24000			-29260.490541			2603.778466
25000			-27119.096018			2355.984403
26000			-28985.221912			2131.772185
27000			-24500.333514			1928.897594
28000			-27298.746745			1745.329992
29000			-22045.754577			1579.231987
30000			-22399.171180			1428.941048
31000			-28793.948015			1292.952863
32000			-23795.658225			1169.906280
33000			-25873.545024			1058.569685
34000			-18088.462114			957.828671
35000			-17648.962929			866.674888
36000			-14618.307624			784.195947
37000			-18853.295190			709.566288
38000			-16273.921862			642.038917
39000			-21063.177560			580.937931
40000			-10518.108531			525.651749
41000			-14199.776467			475.626993
42000			-15026.019165			430.362949
43000			-11447.362940			389.406552
44000			-14275.904157			352.347857
45000			-12879.411273			318.815931
46000			-12454.367120			288.475142
47000			-9276.473820			261.021797
48000			-9476.668117			236.181108
49000			-9574.449102			213.704435
50000			-8607.186875			193.366803
51000			-8518.714763			174.964643
52000			-8839.370282			158.313765
53000			-8923.842976			143.247502
54000			-8202.521888			129.615051
55000			-8075.963826			117.279962
56000			-7538.345712			106.118767
57000			-6858.895896			96.019751
58000			-5739.859032			86.881830
59000			-5938.480859			78.613537
60000			-5253.823514			71.132114
61000			-4683.470729			64.362677
62000			-4467.936179			58.237467
63000			-3854.229948			52.695176
64000			-4207.618656			47.680328
65000			-4244.754522			43.142730
66000			-3797.617126			39.036961
67000			-3536.590029			35.321926
68000			-3626.651454			31.960441
69000			-3351.925293			28.918858
70000			-3036.107780			26.166734
71000			-2386.261296			23.676522
72000			-2460.353946			21.423296
73000			-2357.641834			19.384503
74000			-2089.638491			17.539736
75000			-2152.243120			15.870530
76000			-2021.135907			14.360177
77000			-2062.872327			12.993561
78000			-1971.811047			11.757001
79000			-1954.251827			10.638121
80000			-1962.430858			9.625722
81000			-1966.225078			8.709670
82000			-1971.916408			7.880796
83000			-1960.533748			7.130803
84000			-1915.003108			6.452185
85000			-1913.312623			5.838150
86000			-1907.621293			5.282550
87000			-1874.779832			4.779825
88000			-1876.676942			4.324943
89000			-1876.676942			3.913350
90000			-1874.779832			3.540928
91000			-1878.574052			3.203948
92000			-1877.267533			2.899038
93000			-1858.296433			2.623145
94000			-1854.502213			2.373508
95000			-1858.296433			2.147628
96000			-1860.193543			1.943244
97000			-1852.605103			1.758311
98000			-1849.143563			1.590978
99000			-1847.246453			1.439569
100000			-1847.246453			1.302570
101000			-1839.658013			1.178608
102000			-1835.863793			1.066443
103000			-1835.863793			0.964953
104000			-1837.760903			0.873121
105000			-1833.966683			0.790029
106000			-1835.863793			0.714844
107000			-1833.966683			0.646814
108000			-1833.966683			0.585259
109000			-1832.069573			0.529561
110000			-1832.069573			0.479165
111000			-1830.172463			0.433564
112000			-1830.172463			0.392303
113000			-1832.069573			0.354969
114000			-1832.069573			0.321187
115000			-1832.069573			0.290621
116000			-1828.275353			0.262963
117000			-1828.275353			0.237938
118000			-1828.275353			0.215294
119000			-1828.275353			0.194805
120000			-1826.378243			0.176266
121000			-1826.378243			0.159491
122000			-1824.481133			0.144313
123000			-1824.481133			0.130579
124000			-1824.481133			0.118152
125000			-1824.481133			0.106908
126000			-1824.481133			0.096734
127000			-1824.481133			0.087528
128000			-1824.481133			0.079198
129000			-1822.584023			0.071661
130000			-1822.584023			0.064841
131000			-1822.584023			0.058671
132000			-1822.584023			0.053087
133000			-1822.584023			0.048035
134000			-1822.584023			0.043464
135000			-1822.584023			0.039327
136000			-1822.584023			0.035585
137000			-1822.584023			0.032198
138000			-1822.584023			0.029134
139000			-1822.584023			0.026361
140000			-1822.584023			0.023853
141000			-1822.584023			0.021583
142000			-1822.584023			0.019529
143000			-1822.584023			0.017670
144000			-1822.584023			0.015989
145000			-1822.584023			0.014467
146000			-1822.584023			0.013090
147000			-1822.584023			0.011844
148000			-1822.584023			0.010717
149000			-1822.584023			0.009697
150000			-1822.584023			0.008774
151000			-1822.584023			0.007939
152000			-1822.584023			0.007184
153000			-1822.584023			0.006500
154000			-1822.584023			0.005882
155000			-1822.584023			0.005322
156000			-1822.584023			0.004815
157000			-1822.584023			0.004357
158000			-1822.584023			0.003942
159000			-1822.584023			0.003567
160000			-1822.584023			0.003228
161000			-1822.584023			0.002921
162000			-1822.584023			0.002643
163000			-1822.584023			0.002391
164000			-1822.584023			0.002164
165000			-1822.584023			0.001958
166000			-1822.584023			0.001771
167000			-1822.584023			0.001603
168000			-1822.584023			0.001450
169000			-1822.584023			0.001312
170000			-1822.584023			0.001187
171000			-1822.584023			0.001074
Iteration: 8
Step			Log-likelihood			Temperature
1			-32461.460611			99900.000000
1000			-30945.983370			36769.542477
2000			-27058.323991			23501.721022
3000			-31377.932208			21265.130236
4000			-25138.231533			19241.389323
5000			-29101.054059			17410.241977
6000			-27904.866017			15753.359626
7000			-25273.096506			14254.157974
8000			-26044.833229			12897.631004
9000			-27789.124790			11670.200782
10000			-30446.237110			10559.581542
11000			-29347.769278			9554.656721
12000			-29090.562815			8645.367688
13000			-29700.367869			7822.613061
14000			-30130.296422			7078.157611
15000			-30304.352579			6404.549832
16000			-28070.530196			5795.047357
17000			-25909.930164			5243.549468
18000			-24176.706165			4744.536038
19000			-29179.017410			4293.012272
20000			-28859.379263			3884.458716
21000			-24769.121996			3514.786020
22000			-26961.222434			3180.294005
23000			-28462.741269			2877.634626
24000			-25391.007606			2603.778466
25000			-22995.271331			2355.984403
26000			-25180.730356			2131.772185
27000			-26024.648180			1928.897594
28000			-21216.019617			1745.329992
29000			-24112.346579			1579.231987
30000			-21648.507865			1428.941048
31000			-15238.507726			1292.952863
32000			-17667.310543			1169.906280
33000			-21373.066291			1058.569685
34000			-17317.200294			957.828671
35000			-17891.065916			866.674888
36000			-18140.038871			784.195947
37000			-18239.095288			709.566288
38000			-14207.441091			642.038917
39000			-18007.763065			580.937931
40000			-15525.957425			525.651749
41000			-17524.894513			475.626993
42000			-14809.077145			430.362949
43000			-13969.721783			389.406552
44000			-10277.411904			352.347857
45000			-12028.517824			318.815931
46000			-10806.500391			288.475142
47000			-12565.914483			261.021797
48000			-11036.968530			236.181108
49000			-11424.688541			213.704435
50000			-9908.274351			193.366803
51000			-10096.013656			174.964643
52000			-7260.754840			158.313765
53000			-8198.410973			143.247502
54000			-6792.142259			129.615051
55000			-7649.506959			117.279962
56000			-7723.097496			106.118767
57000			-7220.718137			96.019751
58000			-6727.576013			86.881830
59000			-6689.741538			78.613537
60000			-6177.129676			71.132114
61000			-5318.155502			64.362677
62000			-4787.797455			58.237467
63000			-5065.945118			52.695176
64000			-4317.199488			47.680328
65000			-3684.854888			43.142730
66000			-3717.073505			39.036961
67000			-3341.994035			35.321926
68000			-3569.971509			31.960441
69000			-3282.151518			28.918858
70000			-3162.827109			26.166734
71000			-3178.391029			23.676522
72000			-3263.760978			21.423296
73000			-2804.020629			19.384503
74000			-2674.121882			17.539736
75000			-2769.606022			15.870530
76000			-2739.389876			14.360177
77000			-2540.184727			12.993561
78000			-2396.496769			11.757001
79000			-2347.063210			10.638121
80000			-2259.512894			9.625722
81000			-2267.101334			8.709670
82000			-2246.233124			7.880796
83000			-2237.161533			7.130803
84000			-2220.435308			6.452185
85000			-2222.332418			5.838150
86000			-2218.538198			5.282550
87000			-2198.976507			4.779825
88000			-1980.611628			4.324943
89000			-1980.611628			3.913350
90000			-1967.331859			3.540928
91000			-1952.219485			3.203948
92000			-1902.894626			2.899038
93000			-1900.997516			2.623145
94000			-1749.680264			2.373508
95000			-1742.091824			2.147628
96000			-1740.194714			1.943244
97000			-1738.888195			1.758311
98000			-1712.437355			1.590978
99000			-1712.437355			1.439569
100000			-1714.334465			1.302570
101000			-1708.643135			1.178608
102000			-1706.746025			1.066443
103000			-1702.951805			0.964953
104000			-1704.848915			0.873121
105000			-1702.951805			0.790029
106000			-1701.054695			0.714844
107000			-1699.157585			0.646814
108000			-1699.157585			0.585259
109000			-1699.157585			0.529561
110000			-1697.260475			0.479165
111000			-1697.260475			0.433564
112000			-1697.260475			0.392303
113000			-1697.260475			0.354969
114000			-1697.260475			0.321187
115000			-1697.260475			0.290621
116000			-1697.260475			0.262963
117000			-1697.260475			0.237938
118000			-1697.260475			0.215294
119000			-1697.260475			0.194805
120000			-1697.260475			0.176266
121000			-1697.260475			0.159491
122000			-1697.260475			0.144313
123000			-1697.260475			0.130579
124000			-1697.260475			0.118152
125000			-1697.260475			0.106908
126000			-1697.260475			0.096734
127000			-1697.260475			0.087528
128000			-1697.260475			0.079198
129000			-1697.260475			0.071661
130000			-1695.363365			0.064841
131000			-1695.363365			0.058671
132000			-1695.363365			0.053087
133000			-1695.363365			0.048035
134000			-1695.363365			0.043464
135000			-1695.363365			0.039327
136000			-1695.363365			0.035585
137000			-1695.363365			0.032198
138000			-1695.363365			0.029134
139000			-1695.363365			0.026361
140000			-1695.363365			0.023853
141000			-1695.363365			0.021583
142000			-1695.363365			0.019529
143000			-1695.363365			0.017670
144000			-1695.363365			0.015989
145000			-1695.363365			0.014467
146000			-1695.363365			0.013090
147000			-1695.363365			0.011844
148000			-1695.363365			0.010717
149000			-1695.363365			0.009697
150000			-1695.363365			0.008774
151000			-1695.363365			0.007939
152000			-1695.363365			0.007184
153000			-1695.363365			0.006500
154000			-1695.363365			0.005882
155000			-1695.363365			0.005322
156000			-1695.363365			0.004815
157000			-1695.363365			0.004357
158000			-1695.363365			0.003942
159000			-1695.363365			0.003567
160000			-1695.363365			0.003228
161000			-1695.363365			0.002921
162000			-1695.363365			0.002643
163000			-1695.363365			0.002391
164000			-1695.363365			0.002164
165000			-1695.363365			0.001958
166000			-1695.363365			0.001771
167000			-1695.363365			0.001603
168000			-1695.363365			0.001450
169000			-1695.363365			0.001312
170000			-1695.363365			0.001187
171000			-1695.363365			0.001074
Iteration: 9
Step			Log-likelihood			Temperature
1			-33244.896689			99900.000000
1000			-31080.780778			36769.542477
2000			-29982.574031			23501.721022
3000			-28555.706813			21265.130236
4000			-31116.336228			19241.389323
5000			-25234.693862			17410.241977
6000			-25897.870183			15753.359626
7000			-20201.314905			14254.157974
8000			-29821.447779			12897.631004
9000			-30596.733291			11670.200782
10000			-24602.085396			10559.581542
11000			-31650.998710			9554.656721
12000			-25254.582793			8645.367688
13000			-27389.045621			7822.613061
14000			-30665.527787			7078.157611
15000			-30472.286435			6404.549832
16000			-29704.420116			5795.047357
17000			-28296.738093			5243.549468
18000			-31758.714685			4744.536038
19000			-26455.189547			4293.012272
20000			-33109.316303			3884.458716
21000			-30349.651606			3514.786020
22000			-31272.828756			3180.294005
23000			-21770.133127			2877.634626
24000			-25259.215600			2603.778466
25000			-31831.380593			2355.984403
26000			-25024.128795			2131.772185
27000			-25436.098376			1928.897594
28000			-31305.273146			1745.329992
29000			-22849.916763			1579.231987
30000			-26742.532893			1428.941048
31000			-22772.224526			1292.952863
32000			-22693.120629			1169.906280
33000			-23334.912686			1058.569685
34000			-17126.542270			957.828671
35000			-18644.186326			866.674888
36000			-12866.931999			784.195947
37000			-18002.813563			709.566288
38000			-21292.393656			642.038917
39000			-15056.695458			580.937931
40000			-14950.715326			525.651749
41000			-14924.167464			475.626993
42000			-14405.502933			430.362949
43000			-12750.891595			389.406552
44000			-12131.904874			352.347857
45000			-11664.601079			318.815931
46000			-10820.935444			288.475142
47000			-11322.218188			261.021797
48000			-11201.480470			236.181108
49000			-10178.987958			213.704435
50000			-10129.141206			193.366803
51000			-10358.040607			174.964643
52000			-8309.985675			158.313765
53000			-7735.838671			143.247502
54000			-6649.498384			129.615051
55000			-6215.866532			117.279962
56000			-6689.936463			106.118767
57000			-6495.967328			96.019751
58000			-7070.689054			86.881830
59000			-6890.689380			78.613537
60000			-5573.977715			71.132114
61000			-5030.313483			64.362677
62000			-4380.249826			58.237467
63000			-4757.161899			52.695176
64000			-3770.465086			47.680328
65000			-3262.684678			43.142730
66000			-2893.255684			39.036961
67000			-2435.260283			35.321926
68000			-2555.050964			31.960441
69000			-2873.891669			28.918858
70000			-2811.319293			26.166734
71000			-2410.579419			23.676522
72000			-2547.576813			21.423296
73000			-2196.179242			19.384503
74000			-2156.410873			17.539736
75000			-2164.063820			15.870530
76000			-2031.160761			14.360177
77000			-1945.790811			12.993561
78000			-1981.835901			11.757001
79000			-1915.437052			10.638121
80000			-1926.819711			9.625722
81000			-1894.568842			8.709670
82000			-1847.141092			7.880796
83000			-1864.215082			7.130803
84000			-1858.523752			6.452185
85000			-1845.243982			5.838150
86000			-1858.523752			5.282550
87000			-1869.906412			4.779825
88000			-1810.960554			4.324943
89000			-1799.577895			3.913350
90000			-1791.989455			3.540928
91000			-1812.993112			3.203948
92000			-1801.610452			2.899038
93000			-1797.816233			2.623145
94000			-1792.124903			2.373508
95000			-1794.022013			2.147628
96000			-1794.022013			1.943244
97000			-1801.610452			1.758311
98000			-1784.536463			1.590978
99000			-1790.227793			1.439569
100000			-1782.639353			1.302570
101000			-1782.639353			1.178608
102000			-1780.742243			1.066443
103000			-1782.639353			0.964953
104000			-1782.744713			0.873121
105000			-1778.950493			0.790029
106000			-1778.950493			0.714844
107000			-1780.847603			0.646814
108000			-1778.950493			0.585259
109000			-1778.950493			0.529561
110000			-1778.950493			0.479165
111000			-1778.950493			0.433564
112000			-1777.053383			0.392303
113000			-1777.053383			0.354969
114000			-1777.053383			0.321187
115000			-1777.053383			0.290621
116000			-1775.156273			0.262963
117000			-1775.156273			0.237938
118000			-1775.156273			0.215294
119000			-1775.156273			0.194805
120000			-1775.156273			0.176266
121000			-1775.156273			0.159491
122000			-1775.156273			0.144313
123000			-1775.156273			0.130579
124000			-1775.156273			0.118152
125000			-1775.156273			0.106908
126000			-1775.156273			0.096734
127000			-1775.156273			0.087528
128000			-1775.156273			0.079198
129000			-1775.156273			0.071661
130000			-1775.156273			0.064841
131000			-1775.156273			0.058671
132000			-1775.156273			0.053087
133000			-1775.156273			0.048035
134000			-1775.156273			0.043464
135000			-1775.156273			0.039327
136000			-1775.156273			0.035585
137000			-1775.156273			0.032198
138000			-1775.156273			0.029134
139000			-1775.156273			0.026361
140000			-1775.156273			0.023853
141000			-1775.156273			0.021583
142000			-1775.156273			0.019529
143000			-1775.156273			0.017670
144000			-1775.156273			0.015989
145000			-1775.156273			0.014467
146000			-1775.156273			0.013090
147000			-1775.156273			0.011844
148000			-1775.156273			0.010717
149000			-1775.156273			0.009697
150000			-1775.156273			0.008774
151000			-1775.156273			0.007939
152000			-1775.156273			0.007184
153000			-1775.156273			0.006500
154000			-1775.156273			0.005882
155000			-1775.156273			0.005322
156000			-1775.156273			0.004815
157000			-1775.156273			0.004357
158000			-1775.156273			0.003942
159000			-1775.156273			0.003567
160000			-1775.156273			0.003228
161000			-1775.156273			0.002921
162000			-1775.156273			0.002643
163000			-1775.156273			0.002391
164000			-1775.156273			0.002164
165000			-1775.156273			0.001958
166000			-1775.156273			0.001771
167000			-1775.156273			0.001603
168000			-1775.156273			0.001450
169000			-1775.156273			0.001312
170000			-1775.156273			0.001187
171000			-1775.156273			0.001074
Iteration: 10
Step			Log-likelihood			Temperature
1			-31157.319142			99900.000000
1000			-28037.672613			36769.542477
2000			-29964.731800			23501.721022
3000			-30866.492432			21265.130236
4000			-28480.665562			19241.389323
5000			-29776.343190			17410.241977
6000			-32116.746580			15753.359626
7000			-26593.854579			14254.157974
8000			-31446.492033			12897.631004
9000			-25657.338992			11670.200782
10000			-31145.273917			10559.581542
11000			-24895.970338			9554.656721
12000			-26925.499878			8645.367688
13000			-27448.559766			7822.613061
14000			-27087.683736			7078.157611
15000			-27282.473250			6404.549832
16000			-28146.071748			5795.047357
17000			-29395.616321			5243.549468
18000			-24511.217637			4744.536038
19000			-23835.298175			4293.012272
20000			-27106.552236			3884.458716
21000			-29606.635399			3514.786020
22000			-22803.803914			3180.294005
23000			-27838.127116			2877.634626
24000			-21728.121978			2603.778466
25000			-30468.234188			2355.984403
26000			-26531.507976			2131.772185
27000			-20796.335959			1928.897594
28000			-26222.609164			1745.329992
29000			-28396.814940			1579.231987
30000			-28269.184538			1428.941048
31000			-25061.760734			1292.952863
32000			-21099.694772			1169.906280
33000			-21191.939281			1058.569685
34000			-26432.257121			957.828671
35000			-18936.168319			866.674888
36000			-15261.518830			784.195947
37000			-14370.575033			709.566288
38000			-18019.688193			642.038917
39000			-12849.444554			580.937931
40000			-14378.207404			525.651749
41000			-13278.728040			475.626993
42000			-14900.164838			430.362949
43000			-12844.398292			389.406552
44000			-12907.029336			352.347857
45000			-11963.822564			318.815931
46000			-10760.324684			288.475142
47000			-9430.215103			261.021797
48000			-11497.171600			236.181108
49000			-9145.992525			213.704435
50000			-9570.043074			193.366803
51000			-8186.609019			174.964643
52000			-8798.800823			158.313765
53000			-7930.698531			143.247502
54000			-8319.031356			129.615051
55000			-7420.083019			117.279962
56000			-7291.243452			106.118767
57000			-8015.068625			96.019751
58000			-6381.533754			86.881830
59000			-6014.294912			78.613537
60000			-5306.666131			71.132114
61000			-5003.199536			64.362677
62000			-4818.713845			58.237467
63000			-5212.732161			52.695176
64000			-4775.725383			47.680328
65000			-4604.566191			43.142730
66000			-4119.730451			39.036961
67000			-4400.930355			35.321926
68000			-3706.493220			31.960441
69000			-3709.408619			28.918858
70000			-3225.360627			26.166734
71000			-2986.324769			23.676522
72000			-2651.084609			21.423296
73000			-2434.573272			19.384503
74000			-2514.524943			17.539736
75000			-2537.290263			15.870530
76000			-2387.020066			14.360177
77000			-2246.270656			12.993561
78000			-2237.199066			11.757001
79000			-2151.622492			10.638121
80000			-2168.696482			9.625722
81000			-2170.482660			8.709670
82000			-2081.429423			7.880796
83000			-2081.429423			7.130803
84000			-2069.941402			6.452185
85000			-2024.410762			5.838150
86000			-2034.658092			5.282550
87000			-1915.619538			4.779825
88000			-1885.265778			4.324943
89000			-1841.496801			3.913350
90000			-1820.628591			3.540928
91000			-1814.937261			3.203948
92000			-1809.245931			2.899038
93000			-1814.937261			2.623145
94000			-1816.834371			2.373508
95000			-1813.040151			2.147628
96000			-1774.507361			1.943244
97000			-1772.610251			1.758311
98000			-1774.507361			1.590978
99000			-1734.668051			1.439569
100000			-1736.565161			1.302570
101000			-1734.668051			1.178608
102000			-1734.668051			1.066443
103000			-1734.668051			0.964953
104000			-1732.770941			0.873121
105000			-1730.873831			0.790029
106000			-1734.668051			0.714844
107000			-1727.079611			0.646814
108000			-1727.079611			0.585259
109000			-1725.182501			0.529561
110000			-1725.182501			0.479165
111000			-1723.285391			0.433564
112000			-1723.285391			0.392303
113000			-1723.285391			0.354969
114000			-1723.285391			0.321187
115000			-1723.285391			0.290621
116000			-1723.285391			0.262963
117000			-1723.285391			0.237938
118000			-1723.285391			0.215294
119000			-1723.285391			0.194805
120000			-1723.285391			0.176266
121000			-1723.285391			0.159491
122000			-1723.285391			0.144313
123000			-1723.285391			0.130579
124000			-1723.285391			0.118152
125000			-1723.285391			0.106908
126000			-1723.285391			0.096734
127000			-1723.285391			0.087528
128000			-1723.285391			0.079198
129000			-1723.285391			0.071661
130000			-1723.285391			0.064841
131000			-1723.285391			0.058671
132000			-1723.285391			0.053087
133000			-1723.285391			0.048035
134000			-1723.285391			0.043464
135000			-1723.285391			0.039327
136000			-1723.285391			0.035585
137000			-1723.285391			0.032198
138000			-1723.285391			0.029134
139000			-1723.285391			0.026361
140000			-1723.285391			0.023853
141000			-1723.285391			0.021583
142000			-1723.285391			0.019529
143000			-1723.285391			0.017670
144000			-1723.285391			0.015989
145000			-1723.285391			0.014467
146000			-1723.285391			0.013090
147000			-1723.285391			0.011844
148000			-1723.285391			0.010717
149000			-1723.285391			0.009697
150000			-1723.285391			0.008774
151000			-1723.285391			0.007939
152000			-1723.285391			0.007184
153000			-1723.285391			0.006500
154000			-1723.285391			0.005882
155000			-1723.285391			0.005322
156000			-1723.285391			0.004815
157000			-1723.285391			0.004357
158000			-1723.285391			0.003942
159000			-1723.285391			0.003567
160000			-1723.285391			0.003228
161000			-1723.285391			0.002921
162000			-1723.285391			0.002643
163000			-1723.285391			0.002391
164000			-1723.285391			0.002164
165000			-1723.285391			0.001958
166000			-1723.285391			0.001771
167000			-1723.285391			0.001603
168000			-1723.285391			0.001450
169000			-1723.285391			0.001312
170000			-1723.285391			0.001187
171000			-1723.285391			0.001074

Maximum likelihood Tree found: -1685.343191
digraph g {
	"51" -> "52";
	"52" [label="47"];
	"50" -> "51";
	"51" [label="3"];
	"49" -> "50";
	"50" [label="22"];
	"48" -> "49";
	"49" [label="25"];
	"47" -> "48";
	"48" [color=indianred1, style=filled, label="35"];
	"48" [label="35"];
	"46" -> "47";
	"47" [label="28"];
	"45" -> "46";
	"46" [label="39"];
	"44" -> "45";
	"45" [label="21"];
	"43" -> "44";
	"44" [label="29"];
	"42" -> "43";
	"43" [label="24"];
	"41" -> "42";
	"42" [label="46"];
	"40" -> "41";
	"41" [label="9"];
	"39" -> "40";
	"40" [label="6"];
	"38" -> "39";
	"39" [label="35"];
	"37" -> "38";
	"38" [label="15"];
	"36" -> "37";
	"37" [label="44"];
	"35" -> "36";
	"36" [label="1"];
	"34" -> "35";
	"35" [label="41"];
	"33" -> "34";
	"34" [label="11"];
	"32" -> "33";
	"33" [label="34"];
	"30" -> "31";
	"31" [label="5"];
	"29" -> "30";
	"30" [color=green, style=filled, label="50"];
	"28" -> "29";
	"29" [label="14"];
	"27" -> "28";
	"28" [label="45"];
	"27" -> "32";
	"32" [label="23"];
	"26" -> "27";
	"27" [label="12"];
	"25" -> "26";
	"26" [label="18"];
	"24" -> "25";
	"25" [label="38"];
	"23" -> "24";
	"24" [label="27"];
	"22" -> "23";
	"23" [label="49"];
	"21" -> "22";
	"22" [label="2"];
	"20" -> "21";
	"21" [label="8"];
	"18" -> "19";
	"19" [label="36"];
	"17" -> "18";
	"18" [label="10"];
	"16" -> "17";
	"17" [label="26"];
	"15" -> "16";
	"16" [label="50"];
	"14" -> "15";
	"15" [label="31"];
	"13" -> "14";
	"14" [label="32"];
	"12" -> "13";
	"13" [label="13"];
	"12" -> "20";
	"20" [label="48"];
	"11" -> "12";
	"12" [label="4"];
	"10" -> "11";
	"11" [label="40"];
	"9" -> "10";
	"10" [label="20"];
	"8" -> "9";
	"9" [label="37"];
	"7" -> "8";
	"8" [label="19"];
	"6" -> "7";
	"7" [label="30"];
	"5" -> "6";
	"6" [label="33"];
	"4" -> "5";
	"5" [label="17"];
	"3" -> "4";
	"4" [label="7"];
	"1" -> "2";
	"2" [label="42"];
	"1" -> "3";
	"3" [label="16"];
	"0" -> "1";
	"1" [label="43"];
	"0" [label="germline"];
	labelloc="t";
	label="Confidence score: -1685.343191";
}
Best cell assignment:
18 24 26 45 52 8 37 26 12 19 45 19 2 51 13 38 31 2 26 44 19 18 37 9 2 41 23 19 37 13 2 52 31 19 7 45 52 16 19 31 19 13 9 18 36 18 26 38 2 8 19 38 2 51 8 2 38 0 45 0 45 13 38 45 9 18 13 2 52 9 11 9 17 26 31 42 19 37 2 31 1 19 45 26 13 37 43 38 13 19 9 2 1 7 44 2 38 19 25 8 26 45 19 2 52 17 7 9 36 1 2 9 13 31 13 50 52 12 52 17 13 9 19 19 13 26 13 31 19 1 6 42 29 25 19 38 9 1 52 38 19 31 25 7 22 50 19 2 2 45 19 31 31 0 38 9 45 26 24 2 26 38 2 45 31 13 37 26 52 45 12 31 31 26 52 30 13 30 45 51 19 2 38 31 26 1 38 12 9 51 45 18 26 52 52 6 2 37 2 9 31 38 20 19 2 31 38 18 25 1 6 38 38 9 25 45 12 8 45 18 2 31 13 45 45 31 52 13 2 38 0 52 19 6 1 45 44 13 26 19 38 35 26 9 38 19 38 2 26 13 
alpha: 0.150000
beta: 0.000010
gamma: 0.113000
delta: 0.887000
