Starting SASC.
Iteration: 1
Step			Log-likelihood			Temperature
1			-29085.221455			99900.000000
1000			-28607.736138			36769.542477
2000			-27255.125914			23501.721022
3000			-26500.354743			21265.130236
4000			-25896.478471			19241.389323
5000			-26265.570491			17410.241977
6000			-26708.467958			15753.359626
7000			-26520.557310			14254.157974
8000			-25660.629857			12897.631004
9000			-26144.263890			11670.200782
10000			-23476.364208			10559.581542
11000			-26267.924987			9554.656721
12000			-26531.978062			8645.367688
13000			-25806.604727			7822.613061
14000			-28516.815551			7078.157611
15000			-28737.830393			6404.549832
16000			-24348.234306			5795.047357
17000			-25434.653835			5243.549468
18000			-27174.602868			4744.536038
19000			-24988.355027			4293.012272
20000			-25454.671779			3884.458716
21000			-21008.426258			3514.786020
22000			-26055.029375			3180.294005
23000			-27677.551110			2877.634626
24000			-26723.929280			2603.778466
25000			-21335.350886			2355.984403
26000			-22829.607359			2131.772185
27000			-23999.767204			1928.897594
28000			-24353.784944			1745.329992
29000			-22933.479896			1579.231987
30000			-26432.903210			1428.941048
31000			-23489.127924			1292.952863
32000			-23123.809548			1169.906280
33000			-22736.740444			1058.569685
34000			-21139.438343			957.828671
35000			-21840.952821			866.674888
36000			-17196.135225			784.195947
37000			-13300.312684			709.566288
38000			-16910.175993			642.038917
39000			-17323.933651			580.937931
40000			-14957.557121			525.651749
41000			-11362.949674			475.626993
42000			-11797.452628			430.362949
43000			-12370.831391			389.406552
44000			-11123.157513			352.347857
45000			-10264.816880			318.815931
46000			-12368.617586			288.475142
47000			-11082.975095			261.021797
48000			-11121.222311			236.181108
49000			-11890.106001			213.704435
50000			-10674.477795			193.366803
51000			-10399.144659			174.964643
52000			-10704.822954			158.313765
53000			-8942.944111			143.247502
54000			-9267.523160			129.615051
55000			-7793.553487			117.279962
56000			-7322.547722			106.118767
57000			-7783.777656			96.019751
58000			-6574.723299			86.881830
59000			-6277.618859			78.613537
60000			-5754.500304			71.132114
61000			-5917.522749			64.362677
62000			-5744.176166			58.237467
63000			-5288.391808			52.695176
64000			-5070.353174			47.680328
65000			-4574.535986			43.142730
66000			-3840.901450			39.036961
67000			-3919.232546			35.321926
68000			-3399.151358			31.960441
69000			-3239.755431			28.918858
70000			-3211.183784			26.166734
71000			-3071.482409			23.676522
72000			-2544.654455			21.423296
73000			-2337.805718			19.384503
74000			-1994.320111			17.539736
75000			-1912.245348			15.870530
76000			-1962.649802			14.360177
77000			-1841.723250			12.993561
78000			-1897.144915			11.757001
79000			-1870.617628			10.638121
80000			-1855.440748			9.625722
81000			-1779.427378			8.709670
82000			-1718.719859			7.880796
83000			-1652.321010			7.130803
84000			-1620.070140			6.452185
85000			-1593.510600			5.838150
86000			-1572.642390			5.282550
87000			-1576.436610			4.779825
88000			-1570.745280			4.324943
89000			-1576.436610			3.913350
90000			-1563.156840			3.540928
91000			-1565.053950			3.203948
92000			-1585.922160			2.899038
93000			-1576.436610			2.623145
94000			-1566.951060			2.373508
95000			-1563.156840			2.147628
96000			-1555.568400			1.943244
97000			-1551.774180			1.758311
98000			-1517.755171			1.590978
99000			-1515.858061			1.439569
100000			-1510.166731			1.302570
101000			-1504.475401			1.178608
102000			-1502.578291			1.066443
103000			-1502.578291			0.964953
104000			-1502.578291			0.873121
105000			-1500.681181			0.790029
106000			-1502.578291			0.714844
107000			-1504.475401			0.646814
108000			-1502.578291			0.585259
109000			-1502.578291			0.529561
110000			-1500.681181			0.479165
111000			-1500.681181			0.433564
112000			-1500.681181			0.392303
113000			-1500.681181			0.354969
114000			-1500.681181			0.321187
115000			-1500.681181			0.290621
116000			-1500.681181			0.262963
117000			-1500.681181			0.237938
118000			-1500.681181			0.215294
119000			-1498.784071			0.194805
120000			-1498.784071			0.176266
121000			-1498.784071			0.159491
122000			-1498.784071			0.144313
123000			-1498.784071			0.130579
124000			-1498.784071			0.118152
125000			-1498.784071			0.106908
126000			-1498.784071			0.096734
127000			-1498.784071			0.087528
128000			-1498.784071			0.079198
129000			-1498.784071			0.071661
130000			-1498.784071			0.064841
131000			-1498.784071			0.058671
132000			-1498.784071			0.053087
133000			-1498.784071			0.048035
134000			-1498.784071			0.043464
135000			-1498.784071			0.039327
136000			-1498.784071			0.035585
137000			-1498.784071			0.032198
138000			-1498.784071			0.029134
139000			-1498.784071			0.026361
140000			-1498.784071			0.023853
141000			-1498.784071			0.021583
142000			-1498.784071			0.019529
143000			-1498.784071			0.017670
144000			-1498.784071			0.015989
145000			-1498.784071			0.014467
146000			-1498.784071			0.013090
147000			-1498.784071			0.011844
148000			-1498.784071			0.010717
149000			-1498.784071			0.009697
150000			-1498.784071			0.008774
151000			-1498.784071			0.007939
152000			-1498.784071			0.007184
153000			-1498.784071			0.006500
154000			-1498.784071			0.005882
155000			-1498.784071			0.005322
156000			-1498.784071			0.004815
157000			-1498.784071			0.004357
158000			-1498.784071			0.003942
159000			-1498.784071			0.003567
160000			-1498.784071			0.003228
161000			-1498.784071			0.002921
162000			-1498.784071			0.002643
163000			-1498.784071			0.002391
164000			-1498.784071			0.002164
165000			-1498.784071			0.001958
166000			-1498.784071			0.001771
167000			-1498.784071			0.001603
168000			-1498.784071			0.001450
169000			-1498.784071			0.001312
170000			-1498.784071			0.001187
171000			-1498.784071			0.001074
Iteration: 2
Step			Log-likelihood			Temperature
1			-30362.609864			99900.000000
1000			-26260.582896			36769.542477
2000			-26512.059936			23501.721022
3000			-25851.742487			21265.130236
4000			-26861.735149			19241.389323
5000			-24864.295211			17410.241977
6000			-26917.595765			15753.359626
7000			-26598.945794			14254.157974
8000			-27262.547248			12897.631004
9000			-25851.496138			11670.200782
10000			-25924.251960			10559.581542
11000			-24464.597243			9554.656721
12000			-25815.515555			8645.367688
13000			-25772.077533			7822.613061
14000			-23999.649869			7078.157611
15000			-26340.601566			6404.549832
16000			-18800.465780			5795.047357
17000			-26737.128134			5243.549468
18000			-23782.669756			4744.536038
19000			-25870.068520			4293.012272
20000			-27524.465762			3884.458716
21000			-18679.637140			3514.786020
22000			-26114.355838			3180.294005
23000			-23985.590179			2877.634626
24000			-26911.232953			2603.778466
25000			-26887.467779			2355.984403
26000			-25667.793164			2131.772185
27000			-24464.881684			1928.897594
28000			-25787.220172			1745.329992
29000			-20645.787970			1579.231987
30000			-28294.946569			1428.941048
31000			-28368.072730			1292.952863
32000			-23734.259669			1169.906280
33000			-16712.146405			1058.569685
34000			-16920.124768			957.828671
35000			-17936.357067			866.674888
36000			-19721.655905			784.195947
37000			-13181.020529			709.566288
38000			-13222.859548			642.038917
39000			-14111.322893			580.937931
40000			-12979.649275			525.651749
41000			-16935.108128			475.626993
42000			-13342.817346			430.362949
43000			-14753.498933			389.406552
44000			-13289.161637			352.347857
45000			-13222.690840			318.815931
46000			-12167.673517			288.475142
47000			-12927.464537			261.021797
48000			-12137.158490			236.181108
49000			-9356.545830			213.704435
50000			-10367.295566			193.366803
51000			-10202.161915			174.964643
52000			-10795.171581			158.313765
53000			-8930.136463			143.247502
54000			-9665.672669			129.615051
55000			-7348.151934			117.279962
56000			-7319.626908			106.118767
57000			-6327.324920			96.019751
58000			-6793.717857			86.881830
59000			-5756.057860			78.613537
60000			-6141.990444			71.132114
61000			-6163.687932			64.362677
62000			-5755.843268			58.237467
63000			-4539.032086			52.695176
64000			-4341.830686			47.680328
65000			-3863.236816			43.142730
66000			-3357.946017			39.036961
67000			-3304.891444			35.321926
68000			-3178.882539			31.960441
69000			-3212.610376			28.918858
70000			-2794.026390			26.166734
71000			-2786.405697			23.676522
72000			-2550.302350			21.423296
73000			-2566.898474			19.384503
74000			-2584.707072			17.539736
75000			-2605.936101			15.870530
76000			-2467.292755			14.360177
77000			-2273.593447			12.993561
78000			-2134.286902			11.757001
79000			-2036.977012			10.638121
80000			-1900.307532			9.625722
81000			-1896.384342			8.709670
82000			-1895.978866			7.880796
83000			-1910.762714			7.130803
84000			-1896.384342			6.452185
85000			-1847.174893			5.838150
86000			-1799.002046			5.282550
87000			-1797.104936			4.779825
88000			-1732.603197			4.324943
89000			-1734.500307			3.913350
90000			-1687.072557			3.540928
91000			-1677.587007			3.203948
92000			-1647.233247			2.899038
93000			-1651.181785			2.623145
94000			-1660.667335			2.373508
95000			-1658.770225			2.147628
96000			-1651.181785			1.943244
97000			-1615.136695			1.758311
98000			-1564.043696			1.590978
99000			-1573.529246			1.439569
100000			-1571.632136			1.302570
101000			-1562.146586			1.178608
102000			-1565.940806			1.066443
103000			-1562.146586			0.964953
104000			-1564.043696			0.873121
105000			-1562.146586			0.790029
106000			-1560.249476			0.714844
107000			-1556.455256			0.646814
108000			-1556.455256			0.585259
109000			-1556.455256			0.529561
110000			-1512.957174			0.479165
111000			-1507.265844			0.433564
112000			-1507.265844			0.392303
113000			-1505.368734			0.354969
114000			-1505.368734			0.321187
115000			-1503.471624			0.290621
116000			-1501.574514			0.262963
117000			-1499.677404			0.237938
118000			-1499.677404			0.215294
119000			-1497.888994			0.194805
120000			-1497.888994			0.176266
121000			-1497.888994			0.159491
122000			-1497.888994			0.144313
123000			-1497.888994			0.130579
124000			-1497.888994			0.118152
125000			-1497.888994			0.106908
126000			-1497.888994			0.096734
127000			-1497.888994			0.087528
128000			-1497.888994			0.079198
129000			-1497.888994			0.071661
130000			-1497.888994			0.064841
131000			-1497.888994			0.058671
132000			-1497.888994			0.053087
133000			-1497.888994			0.048035
134000			-1497.998809			0.043464
135000			-1497.998809			0.039327
136000			-1497.998809			0.035585
137000			-1497.998809			0.032198
138000			-1497.998809			0.029134
139000			-1497.998809			0.026361
140000			-1497.998809			0.023853
141000			-1497.998809			0.021583
142000			-1497.998809			0.019529
143000			-1497.998809			0.017670
144000			-1497.998809			0.015989
145000			-1497.998809			0.014467
146000			-1497.998809			0.013090
147000			-1497.998809			0.011844
148000			-1497.998809			0.010717
149000			-1497.998809			0.009697
150000			-1497.998809			0.008774
151000			-1497.998809			0.007939
152000			-1497.998809			0.007184
153000			-1497.998809			0.006500
154000			-1497.998809			0.005882
155000			-1497.998809			0.005322
156000			-1497.998809			0.004815
157000			-1497.998809			0.004357
158000			-1497.998809			0.003942
159000			-1497.998809			0.003567
160000			-1497.998809			0.003228
161000			-1497.998809			0.002921
162000			-1497.998809			0.002643
163000			-1497.998809			0.002391
164000			-1497.998809			0.002164
165000			-1497.998809			0.001958
166000			-1497.998809			0.001771
167000			-1497.998809			0.001603
168000			-1497.998809			0.001450
169000			-1497.998809			0.001312
170000			-1497.998809			0.001187
171000			-1497.998809			0.001074
Iteration: 3
Step			Log-likelihood			Temperature
1			-29855.281003			99900.000000
1000			-24151.955297			36769.542477
2000			-28704.541564			23501.721022
3000			-27583.953492			21265.130236
4000			-24115.470338			19241.389323
5000			-22609.021260			17410.241977
6000			-25214.826528			15753.359626
7000			-22742.936149			14254.157974
8000			-25171.181320			12897.631004
9000			-25140.478613			11670.200782
10000			-25815.451049			10559.581542
11000			-25390.815317			9554.656721
12000			-26977.529203			8645.367688
13000			-24919.666188			7822.613061
14000			-27100.905859			7078.157611
15000			-21885.603703			6404.549832
16000			-24528.022943			5795.047357
17000			-24425.526175			5243.549468
18000			-22423.098643			4744.536038
19000			-23543.214604			4293.012272
20000			-23707.571116			3884.458716
21000			-26015.410000			3514.786020
22000			-23197.829091			3180.294005
23000			-26669.707746			2877.634626
24000			-27098.506514			2603.778466
25000			-22668.277378			2355.984403
26000			-25968.020343			2131.772185
27000			-27382.032924			1928.897594
28000			-18116.087037			1745.329992
29000			-20753.647695			1579.231987
30000			-20342.212280			1428.941048
31000			-21174.778419			1292.952863
32000			-16986.335936			1169.906280
33000			-14209.853114			1058.569685
34000			-20620.049501			957.828671
35000			-20830.200518			866.674888
36000			-16647.013018			784.195947
37000			-15134.028650			709.566288
38000			-15561.348311			642.038917
39000			-16571.534989			580.937931
40000			-13824.844549			525.651749
41000			-16810.913459			475.626993
42000			-13435.497133			430.362949
43000			-13375.654615			389.406552
44000			-12749.963108			352.347857
45000			-13464.091693			318.815931
46000			-11579.053367			288.475142
47000			-10773.529291			261.021797
48000			-8835.404138			236.181108
49000			-9982.284838			213.704435
50000			-9092.830536			193.366803
51000			-9312.197398			174.964643
52000			-9820.237017			158.313765
53000			-8323.067107			143.247502
54000			-8064.684787			129.615051
55000			-7584.226321			117.279962
56000			-8747.922984			106.118767
57000			-8213.556621			96.019751
58000			-7444.749116			86.881830
59000			-6861.471348			78.613537
60000			-7079.794424			71.132114
61000			-5879.076738			64.362677
62000			-4606.684256			58.237467
63000			-4892.535050			52.695176
64000			-4582.215347			47.680328
65000			-3780.066196			43.142730
66000			-3643.074182			39.036961
67000			-3370.451706			35.321926
68000			-3196.679729			31.960441
69000			-2936.692720			28.918858
70000			-2795.439700			26.166734
71000			-2560.585102			23.676522
72000			-2328.189876			21.423296
73000			-2090.600859			19.384503
74000			-2188.751545			17.539736
75000			-2114.796509			15.870530
76000			-2082.545639			14.360177
77000			-1993.413723			12.993561
78000			-1947.850830			11.757001
79000			-1940.262390			10.638121
80000			-1770.634339			9.625722
81000			-1774.428559			8.709670
82000			-1738.383469			7.880796
83000			-1747.869019			7.130803
84000			-1774.428559			6.452185
85000			-1818.062089			5.838150
86000			-1768.737229			5.282550
87000			-1768.737229			4.779825
88000			-1768.737229			4.324943
89000			-1528.352568			3.913350
90000			-1534.043898			3.540928
91000			-1532.146788			3.203948
92000			-1526.455458			2.899038
93000			-1524.558348			2.623145
94000			-1519.652281			2.373508
95000			-1521.549391			2.147628
96000			-1515.858061			1.943244
97000			-1519.652281			1.758311
98000			-1508.269621			1.590978
99000			-1508.269621			1.439569
100000			-1504.475401			1.302570
101000			-1504.475401			1.178608
102000			-1504.475401			1.066443
103000			-1502.578291			0.964953
104000			-1504.475401			0.873121
105000			-1502.578291			0.790029
106000			-1502.578291			0.714844
107000			-1502.578291			0.646814
108000			-1506.372511			0.585259
109000			-1506.372511			0.529561
110000			-1506.372511			0.479165
111000			-1504.475401			0.433564
112000			-1500.681181			0.392303
113000			-1500.681181			0.354969
114000			-1500.681181			0.321187
115000			-1500.681181			0.290621
116000			-1500.681181			0.262963
117000			-1500.681181			0.237938
118000			-1500.681181			0.215294
119000			-1498.784071			0.194805
120000			-1498.784071			0.176266
121000			-1498.784071			0.159491
122000			-1498.784071			0.144313
123000			-1498.784071			0.130579
124000			-1498.784071			0.118152
125000			-1498.784071			0.106908
126000			-1498.784071			0.096734
127000			-1498.784071			0.087528
128000			-1498.784071			0.079198
129000			-1498.784071			0.071661
130000			-1498.784071			0.064841
131000			-1498.784071			0.058671
132000			-1498.784071			0.053087
133000			-1498.784071			0.048035
134000			-1498.784071			0.043464
135000			-1498.784071			0.039327
136000			-1498.784071			0.035585
137000			-1498.784071			0.032198
138000			-1498.784071			0.029134
139000			-1498.784071			0.026361
140000			-1498.784071			0.023853
141000			-1498.784071			0.021583
142000			-1498.784071			0.019529
143000			-1498.784071			0.017670
144000			-1498.784071			0.015989
145000			-1498.784071			0.014467
146000			-1498.784071			0.013090
147000			-1498.784071			0.011844
148000			-1498.784071			0.010717
149000			-1498.784071			0.009697
150000			-1498.784071			0.008774
151000			-1498.784071			0.007939
152000			-1498.784071			0.007184
153000			-1498.784071			0.006500
154000			-1498.784071			0.005882
155000			-1498.784071			0.005322
156000			-1498.784071			0.004815
157000			-1498.784071			0.004357
158000			-1498.784071			0.003942
159000			-1498.784071			0.003567
160000			-1498.784071			0.003228
161000			-1498.784071			0.002921
162000			-1498.784071			0.002643
163000			-1498.784071			0.002391
164000			-1498.784071			0.002164
165000			-1498.784071			0.001958
166000			-1498.784071			0.001771
167000			-1498.784071			0.001603
168000			-1498.784071			0.001450
169000			-1498.784071			0.001312
170000			-1498.784071			0.001187
171000			-1498.784071			0.001074
Iteration: 4
Step			Log-likelihood			Temperature
1			-29787.049550			99900.000000
1000			-28156.816201			36769.542477
2000			-27762.146978			23501.721022
3000			-23426.341452			21265.130236
4000			-28695.841785			19241.389323
5000			-29552.394312			17410.241977
6000			-25426.780953			15753.359626
7000			-24991.084885			14254.157974
8000			-27942.517709			12897.631004
9000			-21906.952655			11670.200782
10000			-25738.330272			10559.581542
11000			-26638.043276			9554.656721
12000			-26283.063775			8645.367688
13000			-26988.589330			7822.613061
14000			-25564.091344			7078.157611
15000			-26639.553346			6404.549832
16000			-27744.665372			5795.047357
17000			-22976.978574			5243.549468
18000			-23961.411550			4744.536038
19000			-25163.568148			4293.012272
20000			-25496.871424			3884.458716
21000			-26165.636476			3514.786020
22000			-26061.817320			3180.294005
23000			-27006.378733			2877.634626
24000			-25144.536699			2603.778466
25000			-20626.069204			2355.984403
26000			-23940.097632			2131.772185
27000			-27675.783013			1928.897594
28000			-25015.424781			1745.329992
29000			-27816.309844			1579.231987
30000			-23771.814829			1428.941048
31000			-18853.992475			1292.952863
32000			-22618.527386			1169.906280
33000			-20640.589338			1058.569685
34000			-19843.116926			957.828671
35000			-21570.469350			866.674888
36000			-16750.824593			784.195947
37000			-17780.509607			709.566288
38000			-13672.908644			642.038917
39000			-16572.894973			580.937931
40000			-15135.369405			525.651749
41000			-14072.037730			475.626993
42000			-12892.504383			430.362949
43000			-11970.752222			389.406552
44000			-14156.343318			352.347857
45000			-14905.710136			318.815931
46000			-12980.953139			288.475142
47000			-11042.685870			261.021797
48000			-10455.278038			236.181108
49000			-9787.377988			213.704435
50000			-11106.728591			193.366803
51000			-9575.508645			174.964643
52000			-9318.437035			158.313765
53000			-9457.848455			143.247502
54000			-8784.575048			129.615051
55000			-9241.752140			117.279962
56000			-8652.589523			106.118767
57000			-6678.726590			96.019751
58000			-7198.712959			86.881830
59000			-6324.067068			78.613537
60000			-6689.667088			71.132114
61000			-5346.879684			64.362677
62000			-4843.280536			58.237467
63000			-4930.418582			52.695176
64000			-4103.955949			47.680328
65000			-3559.154518			43.142730
66000			-3586.851258			39.036961
67000			-2998.295615			35.321926
68000			-2477.912758			31.960441
69000			-2271.643823			28.918858
70000			-2107.143562			26.166734
71000			-2183.027962			23.676522
72000			-1907.161751			21.423296
73000			-1810.538156			19.384503
74000			-1833.303475			17.539736
75000			-1946.082734			15.870530
76000			-1877.851281			14.360177
77000			-1803.078729			12.993561
78000			-1759.445199			11.757001
79000			-1767.033639			10.638121
80000			-1757.548089			9.625722
81000			-1670.345537			8.709670
82000			-1676.036867			7.880796
83000			-1571.986098			7.130803
84000			-1567.080031			6.452185
85000			-1570.874251			5.838150
86000			-1568.977141			5.282550
87000			-1576.565581			4.779825
88000			-1574.668471			4.324943
89000			-1570.874251			3.913350
90000			-1580.359800			3.540928
91000			-1538.623381			3.203948
92000			-1534.829161			2.899038
93000			-1534.829161			2.623145
94000			-1532.932051			2.373508
95000			-1534.829161			2.147628
96000			-1532.932051			1.943244
97000			-1531.034941			1.758311
98000			-1531.034941			1.590978
99000			-1517.755171			1.439569
100000			-1515.858061			1.302570
101000			-1519.652281			1.178608
102000			-1519.652281			1.066443
103000			-1521.549391			0.964953
104000			-1519.652281			0.873121
105000			-1512.063841			0.790029
106000			-1512.063841			0.714844
107000			-1508.269621			0.646814
108000			-1508.269621			0.585259
109000			-1508.269621			0.529561
110000			-1506.372511			0.479165
111000			-1504.475401			0.433564
112000			-1504.475401			0.392303
113000			-1502.578291			0.354969
114000			-1502.578291			0.321187
115000			-1500.681181			0.290621
116000			-1500.681181			0.262963
117000			-1500.681181			0.237938
118000			-1500.681181			0.215294
119000			-1500.681181			0.194805
120000			-1500.681181			0.176266
121000			-1500.681181			0.159491
122000			-1500.681181			0.144313
123000			-1500.681181			0.130579
124000			-1500.681181			0.118152
125000			-1500.681181			0.106908
126000			-1500.681181			0.096734
127000			-1500.681181			0.087528
128000			-1500.681181			0.079198
129000			-1500.681181			0.071661
130000			-1500.681181			0.064841
131000			-1500.681181			0.058671
132000			-1500.681181			0.053087
133000			-1500.681181			0.048035
134000			-1500.681181			0.043464
135000			-1500.681181			0.039327
136000			-1500.681181			0.035585
137000			-1500.681181			0.032198
138000			-1500.681181			0.029134
139000			-1500.681181			0.026361
140000			-1500.681181			0.023853
141000			-1500.681181			0.021583
142000			-1500.681181			0.019529
143000			-1500.681181			0.017670
144000			-1500.681181			0.015989
145000			-1500.681181			0.014467
146000			-1500.681181			0.013090
147000			-1500.681181			0.011844
148000			-1500.681181			0.010717
149000			-1500.681181			0.009697
150000			-1500.681181			0.008774
151000			-1500.681181			0.007939
152000			-1500.681181			0.007184
153000			-1500.681181			0.006500
154000			-1500.681181			0.005882
155000			-1500.681181			0.005322
156000			-1500.681181			0.004815
157000			-1500.681181			0.004357
158000			-1500.681181			0.003942
159000			-1500.681181			0.003567
160000			-1500.681181			0.003228
161000			-1500.681181			0.002921
162000			-1500.681181			0.002643
163000			-1500.681181			0.002391
164000			-1500.681181			0.002164
165000			-1500.681181			0.001958
166000			-1500.681181			0.001771
167000			-1500.681181			0.001603
168000			-1500.681181			0.001450
169000			-1500.681181			0.001312
170000			-1500.681181			0.001187
171000			-1500.681181			0.001074
Iteration: 5
Step			Log-likelihood			Temperature
1			-28872.970910			99900.000000
1000			-28481.629624			36769.542477
2000			-28509.221272			23501.721022
3000			-25285.647148			21265.130236
4000			-26238.673681			19241.389323
5000			-27343.697845			17410.241977
6000			-26252.999162			15753.359626
7000			-22962.259080			14254.157974
8000			-29360.399163			12897.631004
9000			-22332.263137			11670.200782
10000			-25873.610552			10559.581542
11000			-23470.989573			9554.656721
12000			-25388.047156			8645.367688
13000			-28419.165686			7822.613061
14000			-26027.455244			7078.157611
15000			-27729.945879			6404.549832
16000			-22221.553437			5795.047357
17000			-26692.033197			5243.549468
18000			-20756.125366			4744.536038
19000			-24323.926663			4293.012272
20000			-23440.034677			3884.458716
21000			-25505.061000			3514.786020
22000			-21281.958490			3180.294005
23000			-24568.093865			2877.634626
24000			-20677.291173			2603.778466
25000			-26743.926648			2355.984403
26000			-21621.389361			2131.772185
27000			-23911.227527			1928.897594
28000			-21302.908705			1745.329992
29000			-20049.089741			1579.231987
30000			-24555.072123			1428.941048
31000			-18254.065851			1292.952863
32000			-25034.272707			1169.906280
33000			-20958.429916			1058.569685
34000			-17208.054514			957.828671
35000			-16079.910243			866.674888
36000			-17501.487908			784.195947
37000			-18803.421412			709.566288
38000			-11990.722361			642.038917
39000			-16306.739590			580.937931
40000			-14801.598164			525.651749
41000			-13612.239217			475.626993
42000			-16100.004372			430.362949
43000			-12945.837559			389.406552
44000			-12839.191784			352.347857
45000			-13455.444731			318.815931
46000			-10524.084213			288.475142
47000			-12549.224236			261.021797
48000			-11903.567613			236.181108
49000			-11228.659684			213.704435
50000			-10441.353201			193.366803
51000			-9642.983534			174.964643
52000			-9291.120931			158.313765
53000			-8873.557375			143.247502
54000			-9332.865115			129.615051
55000			-7876.000057			117.279962
56000			-7019.350814			106.118767
57000			-6406.428818			96.019751
58000			-6515.630190			86.881830
59000			-6587.301475			78.613537
60000			-5959.162409			71.132114
61000			-5483.407096			64.362677
62000			-4289.897341			58.237467
63000			-4605.405800			52.695176
64000			-4421.128104			47.680328
65000			-3916.980649			43.142730
66000			-3657.302354			39.036961
67000			-3695.212301			35.321926
68000			-3316.338611			31.960441
69000			-2656.853911			28.918858
70000			-2329.914651			26.166734
71000			-1910.932443			23.676522
72000			-1814.068902			21.423296
73000			-1882.364862			19.384503
74000			-1836.834222			17.539736
75000			-1785.612253			15.870530
76000			-1833.040002			14.360177
77000			-1850.347091			12.993561
78000			-1799.125122			11.757001
79000			-1764.977142			10.638121
80000			-1683.401413			9.625722
81000			-1677.710083			8.709670
82000			-1653.453128			7.880796
83000			-1611.716708			7.130803
84000			-1590.848498			6.452185
85000			-1557.594481			5.838150
86000			-1536.726271			5.282550
87000			-1536.726271			4.779825
88000			-1532.932051			4.324943
89000			-1542.417601			3.913350
90000			-1536.726271			3.540928
91000			-1529.137831			3.203948
92000			-1527.240721			2.899038
93000			-1523.446501			2.623145
94000			-1519.652281			2.373508
95000			-1521.549391			2.147628
96000			-1517.755171			1.943244
97000			-1517.755171			1.758311
98000			-1508.269621			1.590978
99000			-1508.269621			1.439569
100000			-1515.858061			1.302570
101000			-1515.858061			1.178608
102000			-1515.858061			1.066443
103000			-1510.166731			0.964953
104000			-1512.063841			0.873121
105000			-1508.269621			0.790029
106000			-1508.269621			0.714844
107000			-1510.166731			0.646814
108000			-1510.166731			0.585259
109000			-1508.269621			0.529561
110000			-1502.578291			0.479165
111000			-1500.681181			0.433564
112000			-1500.681181			0.392303
113000			-1500.681181			0.354969
114000			-1500.681181			0.321187
115000			-1500.681181			0.290621
116000			-1498.784071			0.262963
117000			-1498.784071			0.237938
118000			-1498.784071			0.215294
119000			-1498.784071			0.194805
120000			-1498.784071			0.176266
121000			-1498.784071			0.159491
122000			-1498.784071			0.144313
123000			-1498.784071			0.130579
124000			-1498.784071			0.118152
125000			-1498.784071			0.106908
126000			-1498.784071			0.096734
127000			-1498.784071			0.087528
128000			-1498.784071			0.079198
129000			-1498.784071			0.071661
130000			-1498.784071			0.064841
131000			-1498.784071			0.058671
132000			-1498.784071			0.053087
133000			-1498.784071			0.048035
134000			-1498.784071			0.043464
135000			-1498.784071			0.039327
136000			-1498.784071			0.035585
137000			-1498.784071			0.032198
138000			-1498.784071			0.029134
139000			-1498.784071			0.026361
140000			-1498.784071			0.023853
141000			-1498.784071			0.021583
142000			-1498.784071			0.019529
143000			-1498.784071			0.017670
144000			-1498.784071			0.015989
145000			-1498.784071			0.014467
146000			-1498.784071			0.013090
147000			-1498.784071			0.011844
148000			-1498.784071			0.010717
149000			-1498.784071			0.009697
150000			-1498.784071			0.008774
151000			-1498.784071			0.007939
152000			-1498.784071			0.007184
153000			-1498.784071			0.006500
154000			-1498.784071			0.005882
155000			-1498.784071			0.005322
156000			-1498.784071			0.004815
157000			-1498.784071			0.004357
158000			-1498.784071			0.003942
159000			-1498.784071			0.003567
160000			-1498.784071			0.003228
161000			-1498.784071			0.002921
162000			-1498.784071			0.002643
163000			-1498.784071			0.002391
164000			-1498.784071			0.002164
165000			-1498.784071			0.001958
166000			-1498.784071			0.001771
167000			-1498.784071			0.001603
168000			-1498.784071			0.001450
169000			-1498.784071			0.001312
170000			-1498.784071			0.001187
171000			-1498.784071			0.001074
Iteration: 6
Step			Log-likelihood			Temperature
1			-29988.014195			99900.000000
1000			-28538.929964			36769.542477
2000			-28654.460153			23501.721022
3000			-27276.891380			21265.130236
4000			-23951.453877			19241.389323
5000			-26699.847410			17410.241977
6000			-23370.240928			15753.359626
7000			-23879.460458			14254.157974
8000			-25612.583455			12897.631004
9000			-29029.571876			11670.200782
10000			-20938.286017			10559.581542
11000			-25674.452096			9554.656721
12000			-28018.391679			8645.367688
13000			-26396.342066			7822.613061
14000			-27283.060671			7078.157611
15000			-27387.568826			6404.549832
16000			-24808.387605			5795.047357
17000			-25223.306384			5243.549468
18000			-26235.351584			4744.536038
19000			-26515.666475			4293.012272
20000			-22172.213841			3884.458716
21000			-23156.591208			3514.786020
22000			-23573.682642			3180.294005
23000			-25028.634205			2877.634626
24000			-22003.473652			2603.778466
25000			-26672.648642			2355.984403
26000			-24280.771095			2131.772185
27000			-26416.667808			1928.897594
28000			-29249.088327			1745.329992
29000			-21799.401005			1579.231987
30000			-22824.259691			1428.941048
31000			-19603.072317			1292.952863
32000			-16643.243470			1169.906280
33000			-14038.077431			1058.569685
34000			-14789.758531			957.828671
35000			-17711.665340			866.674888
36000			-17317.608931			784.195947
37000			-16923.235828			709.566288
38000			-15902.989375			642.038917
39000			-17276.969126			580.937931
40000			-17998.170098			525.651749
41000			-16406.835304			475.626993
42000			-13921.280464			430.362949
43000			-11798.722188			389.406552
44000			-10718.447677			352.347857
45000			-12338.586360			318.815931
46000			-10745.418020			288.475142
47000			-10229.005896			261.021797
48000			-9526.435973			236.181108
49000			-11364.052389			213.704435
50000			-10360.287687			193.366803
51000			-10117.909156			174.964643
52000			-8720.949989			158.313765
53000			-8790.600590			143.247502
54000			-8850.469522			129.615051
55000			-8150.145657			117.279962
56000			-7496.320033			106.118767
57000			-7904.756381			96.019751
58000			-6916.314593			86.881830
59000			-5560.215165			78.613537
60000			-5447.936728			71.132114
61000			-4952.984542			64.362677
62000			-4153.248556			58.237467
63000			-4283.697597			52.695176
64000			-4540.948556			47.680328
65000			-4406.912986			43.142730
66000			-4149.260815			39.036961
67000			-3560.098198			35.321926
68000			-3272.511561			31.960441
69000			-3225.083812			28.918858
70000			-2846.435896			26.166734
71000			-2367.144390			23.676522
72000			-2276.115364			21.423296
73000			-2168.109109			19.384503
74000			-2084.636269			17.539736
75000			-2078.815926			15.870530
76000			-1750.083588			14.360177
77000			-1861.132078			12.993561
78000			-1769.665324			11.757001
79000			-1745.002894			10.638121
80000			-1727.928904			9.625722
81000			-1640.532874			8.709670
82000			-1606.384895			7.880796
83000			-1613.973335			7.130803
84000			-1593.105125			6.452185
85000			-1596.899345			5.838150
86000			-1596.899345			5.282550
87000			-1581.722465			4.779825
88000			-1574.134025			4.324943
89000			-1566.545585			3.913350
90000			-1562.751365			3.540928
91000			-1576.031135			3.203948
92000			-1579.825355			2.899038
93000			-1566.545585			2.623145
94000			-1564.648475			2.373508
95000			-1564.648475			2.147628
96000			-1566.545585			1.943244
97000			-1558.957145			1.758311
98000			-1558.957145			1.590978
99000			-1547.574485			1.439569
100000			-1547.574485			1.302570
101000			-1549.471595			1.178608
102000			-1549.471595			1.066443
103000			-1551.497676			0.964953
104000			-1545.806346			0.873121
105000			-1543.909236			0.790029
106000			-1542.012126			0.714844
107000			-1504.069926			0.646814
108000			-1504.069926			0.585259
109000			-1504.069926			0.529561
110000			-1504.069926			0.479165
111000			-1505.967036			0.433564
112000			-1505.967036			0.392303
113000			-1504.069926			0.354969
114000			-1502.172816			0.321187
115000			-1502.172816			0.290621
116000			-1502.172816			0.262963
117000			-1500.275706			0.237938
118000			-1500.275706			0.215294
119000			-1500.275706			0.194805
120000			-1500.275706			0.176266
121000			-1500.275706			0.159491
122000			-1498.378596			0.144313
123000			-1498.378596			0.130579
124000			-1498.378596			0.118152
125000			-1498.378596			0.106908
126000			-1498.378596			0.096734
127000			-1498.378596			0.087528
128000			-1498.378596			0.079198
129000			-1498.378596			0.071661
130000			-1498.378596			0.064841
131000			-1498.378596			0.058671
132000			-1498.378596			0.053087
133000			-1498.378596			0.048035
134000			-1498.378596			0.043464
135000			-1498.378596			0.039327
136000			-1498.378596			0.035585
137000			-1498.378596			0.032198
138000			-1498.378596			0.029134
139000			-1498.378596			0.026361
140000			-1498.378596			0.023853
141000			-1498.378596			0.021583
142000			-1498.378596			0.019529
143000			-1498.378596			0.017670
144000			-1498.378596			0.015989
145000			-1498.378596			0.014467
146000			-1498.378596			0.013090
147000			-1498.378596			0.011844
148000			-1498.378596			0.010717
149000			-1498.378596			0.009697
150000			-1498.378596			0.008774
151000			-1498.378596			0.007939
152000			-1498.378596			0.007184
153000			-1498.378596			0.006500
154000			-1498.378596			0.005882
155000			-1498.378596			0.005322
156000			-1498.378596			0.004815
157000			-1498.378596			0.004357
158000			-1498.378596			0.003942
159000			-1498.378596			0.003567
160000			-1498.378596			0.003228
161000			-1498.378596			0.002921
162000			-1498.378596			0.002643
163000			-1498.378596			0.002391
164000			-1498.378596			0.002164
165000			-1498.378596			0.001958
166000			-1498.378596			0.001771
167000			-1498.378596			0.001603
168000			-1498.378596			0.001450
169000			-1498.378596			0.001312
170000			-1498.378596			0.001187
171000			-1498.378596			0.001074
Iteration: 7
Step			Log-likelihood			Temperature
1			-28394.356726			99900.000000
1000			-26617.562107			36769.542477
2000			-29914.097251			23501.721022
3000			-25675.425536			21265.130236
4000			-26943.510237			19241.389323
5000			-28750.339160			17410.241977
6000			-27286.268491			15753.359626
7000			-25693.751568			14254.157974
8000			-26126.248713			12897.631004
9000			-27058.272184			11670.200782
10000			-27074.404987			10559.581542
11000			-23770.680121			9554.656721
12000			-24274.138578			8645.367688
13000			-24116.716542			7822.613061
14000			-26752.799384			7078.157611
15000			-25295.836433			6404.549832
16000			-25715.478941			5795.047357
17000			-26683.966795			5243.549468
18000			-24601.693538			4744.536038
19000			-27803.431851			4293.012272
20000			-20895.285877			3884.458716
21000			-24395.623963			3514.786020
22000			-26999.848815			3180.294005
23000			-26054.894522			2877.634626
24000			-22122.135476			2603.778466
25000			-23897.689730			2355.984403
26000			-18375.803423			2131.772185
27000			-22735.057429			1928.897594
28000			-25204.388113			1745.329992
29000			-26566.947112			1579.231987
30000			-23073.408649			1428.941048
31000			-24636.073130			1292.952863
32000			-25905.808593			1169.906280
33000			-18353.967612			1058.569685
34000			-18713.870202			957.828671
35000			-12930.156303			866.674888
36000			-16071.031668			784.195947
37000			-15332.906295			709.566288
38000			-18128.152856			642.038917
39000			-13731.299760			580.937931
40000			-11499.403943			525.651749
41000			-12410.025633			475.626993
42000			-13224.170258			430.362949
43000			-16275.435746			389.406552
44000			-11644.082839			352.347857
45000			-13310.109090			318.815931
46000			-11562.041710			288.475142
47000			-11071.459784			261.021797
48000			-10597.206500			236.181108
49000			-10902.743807			213.704435
50000			-11131.546448			193.366803
51000			-9082.811434			174.964643
52000			-10257.254290			158.313765
53000			-9926.221804			143.247502
54000			-8587.603983			129.615051
55000			-9148.116430			117.279962
56000			-8392.233908			106.118767
57000			-8166.639086			96.019751
58000			-7590.911666			86.881830
59000			-7902.902706			78.613537
60000			-7247.842268			71.132114
61000			-5903.237286			64.362677
62000			-5125.428031			58.237467
63000			-4705.817776			52.695176
64000			-4653.311511			47.680328
65000			-4202.127707			43.142730
66000			-3874.024440			39.036961
67000			-3635.609376			35.321926
68000			-3347.176171			31.960441
69000			-3021.446392			28.918858
70000			-2856.064278			26.166734
71000			-2782.514717			23.676522
72000			-2515.917764			21.423296
73000			-2608.981514			19.384503
74000			-2438.803894			17.539736
75000			-2135.583451			15.870530
76000			-2068.924923			14.360177
77000			-1945.612774			12.993561
78000			-1738.042523			11.757001
79000			-1644.975435			10.638121
80000			-1629.798555			9.625722
81000			-1618.415895			8.709670
82000			-1633.592775			7.880796
83000			-1629.798555			7.130803
84000			-1641.181215			6.452185
85000			-1633.592775			5.838150
86000			-1612.724565			5.282550
87000			-1629.798555			4.779825
88000			-1639.284105			4.324943
89000			-1627.901445			3.913350
90000			-1627.901445			3.540928
91000			-1631.695665			3.203948
92000			-1629.798555			2.899038
93000			-1624.220394			2.623145
94000			-1631.808834			2.373508
95000			-1637.500164			2.147628
96000			-1603.352184			1.943244
97000			-1599.557964			1.758311
98000			-1591.969524			1.590978
99000			-1582.483974			1.439569
100000			-1590.072414			1.302570
101000			-1590.072414			1.178608
102000			-1586.278194			1.066443
103000			-1584.381084			0.964953
104000			-1578.689754			0.873121
105000			-1580.586864			0.790029
106000			-1576.792644			0.714844
107000			-1574.895534			0.646814
108000			-1572.998424			0.585259
109000			-1572.998424			0.529561
110000			-1572.998424			0.479165
111000			-1572.998424			0.433564
112000			-1571.101314			0.392303
113000			-1567.712569			0.354969
114000			-1562.391849			0.321187
115000			-1562.391849			0.290621
116000			-1562.391849			0.262963
117000			-1562.391849			0.237938
118000			-1562.391849			0.215294
119000			-1504.475401			0.194805
120000			-1504.475401			0.176266
121000			-1504.475401			0.159491
122000			-1502.578291			0.144313
123000			-1502.578291			0.130579
124000			-1502.578291			0.118152
125000			-1502.578291			0.106908
126000			-1500.681181			0.096734
127000			-1500.681181			0.087528
128000			-1500.681181			0.079198
129000			-1500.681181			0.071661
130000			-1500.681181			0.064841
131000			-1500.681181			0.058671
132000			-1500.681181			0.053087
133000			-1500.681181			0.048035
134000			-1500.681181			0.043464
135000			-1500.681181			0.039327
136000			-1500.681181			0.035585
137000			-1500.681181			0.032198
138000			-1500.681181			0.029134
139000			-1500.681181			0.026361
140000			-1500.681181			0.023853
141000			-1500.681181			0.021583
142000			-1500.681181			0.019529
143000			-1500.681181			0.017670
144000			-1500.681181			0.015989
145000			-1500.681181			0.014467
146000			-1500.681181			0.013090
147000			-1500.681181			0.011844
148000			-1500.681181			0.010717
149000			-1500.681181			0.009697
150000			-1500.681181			0.008774
151000			-1500.681181			0.007939
152000			-1500.681181			0.007184
153000			-1500.681181			0.006500
154000			-1500.681181			0.005882
155000			-1500.681181			0.005322
156000			-1500.681181			0.004815
157000			-1500.681181			0.004357
158000			-1500.681181			0.003942
159000			-1500.681181			0.003567
160000			-1500.681181			0.003228
161000			-1500.681181			0.002921
162000			-1500.681181			0.002643
163000			-1500.681181			0.002391
164000			-1500.681181			0.002164
165000			-1500.681181			0.001958
166000			-1500.681181			0.001771
167000			-1500.681181			0.001603
168000			-1500.681181			0.001450
169000			-1500.681181			0.001312
170000			-1500.681181			0.001187
171000			-1500.681181			0.001074
Iteration: 8
Step			Log-likelihood			Temperature
1			-29069.980068			99900.000000
1000			-25335.971862			36769.542477
2000			-26460.360005			23501.721022
3000			-28007.525073			21265.130236
4000			-27923.536179			19241.389323
5000			-25229.244063			17410.241977
6000			-26093.616642			15753.359626
7000			-23107.911416			14254.157974
8000			-22543.739601			12897.631004
9000			-27520.478021			11670.200782
10000			-26962.364002			10559.581542
11000			-24346.390024			9554.656721
12000			-23991.243417			8645.367688
13000			-26200.939738			7822.613061
14000			-24688.597236			7078.157611
15000			-27543.668474			6404.549832
16000			-23504.193307			5795.047357
17000			-19978.392296			5243.549468
18000			-28792.219032			4744.536038
19000			-25418.412593			4293.012272
20000			-26102.988411			3884.458716
21000			-22232.437973			3514.786020
22000			-26361.420006			3180.294005
23000			-22107.591986			2877.634626
24000			-26794.541643			2603.778466
25000			-18443.002768			2355.984403
26000			-22834.765671			2131.772185
27000			-22520.598919			1928.897594
28000			-22192.618826			1745.329992
29000			-25463.761391			1579.231987
30000			-18457.851275			1428.941048
31000			-25111.435563			1292.952863
32000			-22393.854360			1169.906280
33000			-18248.490939			1058.569685
34000			-24693.954031			957.828671
35000			-23864.556341			866.674888
36000			-16039.988909			784.195947
37000			-17266.554068			709.566288
38000			-12259.561706			642.038917
39000			-13329.291227			580.937931
40000			-14570.193910			525.651749
41000			-14023.894567			475.626993
42000			-13121.462453			430.362949
43000			-12429.506948			389.406552
44000			-11752.352961			352.347857
45000			-10573.086539			318.815931
46000			-13536.955954			288.475142
47000			-11070.677662			261.021797
48000			-11155.821838			236.181108
49000			-11412.007871			213.704435
50000			-11176.405095			193.366803
51000			-10046.687564			174.964643
52000			-9256.852835			158.313765
53000			-8616.699861			143.247502
54000			-7904.333532			129.615051
55000			-8017.573732			117.279962
56000			-8402.118741			106.118767
57000			-6596.708699			96.019751
58000			-6264.649945			86.881830
59000			-5393.440830			78.613537
60000			-5398.644122			71.132114
61000			-4708.902422			64.362677
62000			-4238.005691			58.237467
63000			-3589.935904			52.695176
64000			-3253.411448			47.680328
65000			-3423.603039			43.142730
66000			-3465.242699			39.036961
67000			-3006.142082			35.321926
68000			-2766.112209			31.960441
69000			-2839.841471			28.918858
70000			-2726.176139			26.166734
71000			-2836.047251			23.676522
72000			-2828.329798			21.423296
73000			-2898.651881			19.384503
74000			-2758.092536			17.539736
75000			-2373.882303			15.870530
76000			-2221.192201			14.360177
77000			-2244.878824			12.993561
78000			-2163.534197			11.757001
79000			-2178.711076			10.638121
80000			-2159.772230			9.625722
81000			-2040.367767			8.709670
82000			-1956.894928			7.880796
83000			-1939.820938			7.130803
84000			-1771.473889			6.452185
85000			-1661.764044			5.838150
86000			-1567.263332			5.282550
87000			-1559.674892			4.779825
88000			-1561.572002			4.324943
89000			-1557.777782			3.913350
90000			-1561.572002			3.540928
91000			-1553.983562			3.203948
92000			-1555.880672			2.899038
93000			-1546.395122			2.623145
94000			-1555.880672			2.373508
95000			-1550.189342			2.147628
96000			-1548.292232			1.943244
97000			-1546.395122			1.758311
98000			-1542.600902			1.590978
99000			-1536.909572			1.439569
100000			-1536.909572			1.302570
101000			-1536.909572			1.178608
102000			-1540.703792			1.066443
103000			-1540.703792			0.964953
104000			-1533.115352			0.873121
105000			-1506.603613			0.790029
106000			-1504.706503			0.714844
107000			-1502.809393			0.646814
108000			-1499.015173			0.585259
109000			-1488.117987			0.529561
110000			-1474.340627			0.479165
111000			-1470.258735			0.433564
112000			-1454.270905			0.392303
113000			-1442.651964			0.354969
114000			-1437.484567			0.321187
115000			-1416.718013			0.290621
116000			-1398.799413			0.262963
117000			-1386.734773			0.237938
118000			-1372.263573			0.215294
119000			-1353.896636			0.194805
120000			-1343.574110			0.176266
121000			-1302.627532			0.159491
122000			-1282.798111			0.144313
123000			-1267.260458			0.130579
124000			-1240.493468			0.118152
125000			-1210.081256			0.106908
126000			-1201.044335			0.096734
127000			-1184.098401			0.087528
128000			-1171.522622			0.079198
129000			-1155.958982			0.071661
130000			-1138.915523			0.064841
131000			-1128.724411			0.058671
132000			-1116.778922			0.053087
133000			-1105.716705			0.048035
134000			-1086.706634			0.043464
135000			-1077.053046			0.039327
136000			-1051.855867			0.035585
137000			-1034.521335			0.032198
138000			-1029.880836			0.029134
139000			-1016.769869			0.026361
140000			-1002.113412			0.023853
141000			-998.086511			0.021583
142000			-995.380833			0.019529
143000			-994.697291			0.017670
144000			-990.011431			0.015989
145000			-982.620101			0.014467
146000			-972.342680			0.013090
147000			-965.083309			0.011844
148000			-956.070789			0.010717
149000			-953.396199			0.009697
150000			-952.152927			0.008774
151000			-945.298307			0.007939
152000			-941.174045			0.007184
153000			-940.302418			0.006500
154000			-939.661343			0.005882
155000			-935.357483			0.005322
156000			-931.571080			0.004815
157000			-927.742948			0.004357
158000			-919.416354			0.003942
159000			-917.519244			0.003567
160000			-913.216330			0.003228
161000			-909.026586			0.002921
162000			-907.998810			0.002643
163000			-906.101700			0.002391
164000			-906.101700			0.002164
165000			-905.755541			0.001958
166000			-905.462511			0.001771
167000			-904.230055			0.001603
168000			-902.154765			0.001450
169000			-897.803083			0.001312
170000			-897.803083			0.001187
171000			-895.103001			0.001074
Iteration: 9
Step			Log-likelihood			Temperature
1			-29825.088510			99900.000000
1000			-24782.660814			36769.542477
2000			-27737.592987			23501.721022
3000			-23697.951091			21265.130236
4000			-25598.083896			19241.389323
5000			-27590.483410			17410.241977
6000			-24168.950044			15753.359626
7000			-25681.492228			14254.157974
8000			-25817.600346			12897.631004
9000			-27837.837857			11670.200782
10000			-26247.728259			10559.581542
11000			-27103.474451			9554.656721
12000			-27309.335770			8645.367688
13000			-26831.709762			7822.613061
14000			-24561.666547			7078.157611
15000			-24146.527833			6404.549832
16000			-22571.298995			5795.047357
17000			-26142.264181			5243.549468
18000			-23675.792369			4744.536038
19000			-29064.004297			4293.012272
20000			-23689.459179			3884.458716
21000			-21811.026956			3514.786020
22000			-25589.680224			3180.294005
23000			-24584.786654			2877.634626
24000			-24661.870267			2603.778466
25000			-23256.982609			2355.984403
26000			-25567.721239			2131.772185
27000			-28203.604722			1928.897594
28000			-24706.486134			1745.329992
29000			-27860.350989			1579.231987
30000			-23083.260664			1428.941048
31000			-22591.173190			1292.952863
32000			-19990.988906			1169.906280
33000			-18901.722183			1058.569685
34000			-18028.200191			957.828671
35000			-19228.453291			866.674888
36000			-17452.116059			784.195947
37000			-12454.163539			709.566288
38000			-14070.301887			642.038917
39000			-15155.920920			580.937931
40000			-12882.599029			525.651749
41000			-15647.504019			475.626993
42000			-14064.126756			430.362949
43000			-12608.663457			389.406552
44000			-11456.359872			352.347857
45000			-13566.831752			318.815931
46000			-11476.755959			288.475142
47000			-11162.565851			261.021797
48000			-10469.660262			236.181108
49000			-10607.853172			213.704435
50000			-11802.645421			193.366803
51000			-10453.896982			174.964643
52000			-9307.435577			158.313765
53000			-8978.408640			143.247502
54000			-9977.792722			129.615051
55000			-9609.721132			117.279962
56000			-6807.519520			106.118767
57000			-7460.170918			96.019751
58000			-7787.152583			86.881830
59000			-5611.953189			78.613537
60000			-4414.049879			71.132114
61000			-4284.278158			64.362677
62000			-4078.648452			58.237467
63000			-4188.971112			52.695176
64000			-3878.742330			47.680328
65000			-3575.849799			43.142730
66000			-3423.183745			39.036961
67000			-2739.230135			35.321926
68000			-2546.466744			31.960441
69000			-2177.401138			28.918858
70000			-2209.652008			26.166734
71000			-2186.886688			23.676522
72000			-2037.014999			21.423296
73000			-2173.606918			19.384503
74000			-2164.121368			17.539736
75000			-2166.018478			15.870530
76000			-1926.982620			14.360177
77000			-1858.847928			12.993561
78000			-1718.461789			11.757001
79000			-1587.948240			10.638121
80000			-1584.154020			9.625722
81000			-1570.874251			8.709670
82000			-1580.359800			7.880796
83000			-1591.742460			7.130803
84000			-1548.108931			6.452185
85000			-1536.726271			5.838150
86000			-1548.108931			5.282550
87000			-1532.932051			4.779825
88000			-1538.623381			4.324943
89000			-1548.108931			3.913350
90000			-1536.726271			3.540928
91000			-1538.623381			3.203948
92000			-1531.034941			2.899038
93000			-1527.240721			2.623145
94000			-1525.343611			2.373508
95000			-1527.240721			2.147628
96000			-1525.343611			1.943244
97000			-1525.343611			1.758311
98000			-1521.549391			1.590978
99000			-1523.446501			1.439569
100000			-1517.755171			1.302570
101000			-1519.652281			1.178608
102000			-1517.755171			1.066443
103000			-1517.755171			0.964953
104000			-1512.063841			0.873121
105000			-1510.166731			0.790029
106000			-1506.372511			0.714844
107000			-1504.475401			0.646814
108000			-1504.475401			0.585259
109000			-1502.578291			0.529561
110000			-1502.578291			0.479165
111000			-1500.681181			0.433564
112000			-1500.681181			0.392303
113000			-1500.681181			0.354969
114000			-1500.681181			0.321187
115000			-1498.784071			0.290621
116000			-1498.784071			0.262963
117000			-1498.784071			0.237938
118000			-1498.784071			0.215294
119000			-1498.784071			0.194805
120000			-1498.784071			0.176266
121000			-1498.784071			0.159491
122000			-1498.784071			0.144313
123000			-1498.784071			0.130579
124000			-1498.784071			0.118152
125000			-1498.784071			0.106908
126000			-1498.784071			0.096734
127000			-1498.784071			0.087528
128000			-1498.784071			0.079198
129000			-1498.784071			0.071661
130000			-1498.784071			0.064841
131000			-1498.784071			0.058671
132000			-1498.784071			0.053087
133000			-1498.784071			0.048035
134000			-1498.784071			0.043464
135000			-1498.784071			0.039327
136000			-1498.784071			0.035585
137000			-1498.784071			0.032198
138000			-1498.784071			0.029134
139000			-1498.784071			0.026361
140000			-1498.784071			0.023853
141000			-1498.784071			0.021583
142000			-1498.784071			0.019529
143000			-1498.784071			0.017670
144000			-1498.784071			0.015989
145000			-1498.784071			0.014467
146000			-1498.784071			0.013090
147000			-1498.784071			0.011844
148000			-1498.784071			0.010717
149000			-1498.784071			0.009697
150000			-1498.784071			0.008774
151000			-1498.784071			0.007939
152000			-1498.784071			0.007184
153000			-1498.784071			0.006500
154000			-1498.784071			0.005882
155000			-1498.784071			0.005322
156000			-1498.784071			0.004815
157000			-1498.784071			0.004357
158000			-1498.784071			0.003942
159000			-1498.784071			0.003567
160000			-1498.784071			0.003228
161000			-1498.784071			0.002921
162000			-1498.784071			0.002643
163000			-1498.784071			0.002391
164000			-1498.784071			0.002164
165000			-1498.784071			0.001958
166000			-1498.784071			0.001771
167000			-1498.784071			0.001603
168000			-1498.784071			0.001450
169000			-1498.784071			0.001312
170000			-1498.784071			0.001187
171000			-1498.784071			0.001074
Iteration: 10
Step			Log-likelihood			Temperature
1			-29469.399434			99900.000000
1000			-25413.592105			36769.542477
2000			-26369.976047			23501.721022
3000			-23467.066339			21265.130236
4000			-27108.321354			19241.389323
5000			-27953.057190			17410.241977
6000			-27657.676915			15753.359626
7000			-24819.028437			14254.157974
8000			-28854.108248			12897.631004
9000			-23619.222178			11670.200782
10000			-26211.715423			10559.581542
11000			-23613.214154			9554.656721
12000			-21338.485303			8645.367688
13000			-26613.096405			7822.613061
14000			-26181.039129			7078.157611
15000			-23861.439442			6404.549832
16000			-25389.219955			5795.047357
17000			-24614.059644			5243.549468
18000			-28353.760852			4744.536038
19000			-24687.031234			4293.012272
20000			-23630.949917			3884.458716
21000			-21588.771109			3514.786020
22000			-21236.912205			3180.294005
23000			-23985.294060			2877.634626
24000			-26457.533386			2603.778466
25000			-22390.363973			2355.984403
26000			-20695.649459			2131.772185
27000			-24171.873423			1928.897594
28000			-22462.911538			1745.329992
29000			-21507.445427			1579.231987
30000			-20365.291237			1428.941048
31000			-22441.128556			1292.952863
32000			-17427.189763			1169.906280
33000			-22810.378785			1058.569685
34000			-15510.706902			957.828671
35000			-22591.398963			866.674888
36000			-24541.475658			784.195947
37000			-17870.094862			709.566288
38000			-15254.957680			642.038917
39000			-16065.524961			580.937931
40000			-15602.955760			525.651749
41000			-12714.196887			475.626993
42000			-15549.880569			430.362949
43000			-13378.417911			389.406552
44000			-12435.359545			352.347857
45000			-12970.215547			318.815931
46000			-10271.038435			288.475142
47000			-10179.396595			261.021797
48000			-10098.627200			236.181108
49000			-10895.026353			213.704435
50000			-10615.661546			193.366803
51000			-10736.243836			174.964643
52000			-8972.491536			158.313765
53000			-7882.421537			143.247502
54000			-7489.886876			129.615051
55000			-8620.199549			117.279962
56000			-5253.681082			106.118767
57000			-5641.318772			96.019751
58000			-5451.898054			86.881830
59000			-5341.104411			78.613537
60000			-5869.637613			71.132114
61000			-6156.068968			64.362677
62000			-5212.566077			58.237467
63000			-4202.250882			52.695176
64000			-3943.249908			47.680328
65000			-3158.272618			43.142730
66000			-3030.452362			39.036961
67000			-3063.756356			35.321926
68000			-3313.183619			31.960441
69000			-2819.263542			28.918858
70000			-2561.178727			26.166734
71000			-2330.500305			23.676522
72000			-2053.851276			21.423296
73000			-2141.227035			19.384503
74000			-2139.329925			17.539736
75000			-2159.304173			15.870530
76000			-2028.400234			14.360177
77000			-1961.860432			12.993561
78000			-1872.901722			11.757001
79000			-1776.040413			10.638121
80000			-1785.493710			9.625722
81000			-1673.854501			8.709670
82000			-1643.500741			7.880796
83000			-1637.809412			7.130803
84000			-1641.603631			6.452185
85000			-1526.234710			5.838150
86000			-1530.028929			5.282550
87000			-1524.337600			4.779825
88000			-1522.552539			4.324943
89000			-1532.038089			3.913350
90000			-1532.038089			3.540928
91000			-1530.140979			3.203948
92000			-1526.346759			2.899038
93000			-1524.449649			2.623145
94000			-1526.346759			2.373508
95000			-1528.243869			2.147628
96000			-1533.935199			1.943244
97000			-1524.449649			1.758311
98000			-1522.552539			1.590978
99000			-1514.964099			1.439569
100000			-1509.272769			1.302570
101000			-1513.066989			1.178608
102000			-1514.964099			1.066443
103000			-1509.272769			0.964953
104000			-1513.066989			0.873121
105000			-1511.169879			0.790029
106000			-1513.066989			0.714844
107000			-1509.381469			0.646814
108000			-1511.278579			0.585259
109000			-1509.381469			0.529561
110000			-1511.278579			0.479165
111000			-1505.587249			0.433564
112000			-1503.690139			0.392303
113000			-1501.793029			0.354969
114000			-1501.793029			0.321187
115000			-1499.895919			0.290621
116000			-1499.895919			0.262963
117000			-1499.895919			0.237938
118000			-1497.998809			0.215294
119000			-1497.998809			0.194805
120000			-1497.998809			0.176266
121000			-1497.998809			0.159491
122000			-1497.998809			0.144313
123000			-1497.998809			0.130579
124000			-1497.998809			0.118152
125000			-1497.998809			0.106908
126000			-1497.998809			0.096734
127000			-1497.998809			0.087528
128000			-1497.998809			0.079198
129000			-1497.998809			0.071661
130000			-1497.998809			0.064841
131000			-1497.998809			0.058671
132000			-1497.998809			0.053087
133000			-1497.998809			0.048035
134000			-1497.998809			0.043464
135000			-1497.998809			0.039327
136000			-1497.998809			0.035585
137000			-1497.998809			0.032198
138000			-1497.998809			0.029134
139000			-1497.998809			0.026361
140000			-1497.998809			0.023853
141000			-1497.998809			0.021583
142000			-1497.998809			0.019529
143000			-1497.998809			0.017670
144000			-1497.998809			0.015989
145000			-1497.998809			0.014467
146000			-1497.998809			0.013090
147000			-1497.998809			0.011844
148000			-1497.998809			0.010717
149000			-1497.998809			0.009697
150000			-1497.998809			0.008774
151000			-1497.998809			0.007939
152000			-1497.998809			0.007184
153000			-1497.998809			0.006500
154000			-1497.998809			0.005882
155000			-1497.998809			0.005322
156000			-1497.998809			0.004815
157000			-1497.998809			0.004357
158000			-1497.998809			0.003942
159000			-1497.998809			0.003567
160000			-1497.998809			0.003228
161000			-1497.998809			0.002921
162000			-1497.998809			0.002643
163000			-1497.998809			0.002391
164000			-1497.998809			0.002164
165000			-1497.998809			0.001958
166000			-1497.998809			0.001771
167000			-1497.998809			0.001603
168000			-1497.998809			0.001450
169000			-1497.998809			0.001312
170000			-1497.998809			0.001187
171000			-1497.998809			0.001074

Maximum likelihood Tree found: -1224.814971
digraph g {
	"317" -> "318";
	"318" [color=green, style=filled, label="22"];
	"316" -> "317";
	"317" [color=green, style=filled, label="30"];
	"315" -> "316";
	"316" [color=green, style=filled, label="8"];
	"312" -> "313";
	"313" [color=green, style=filled, label="47"];
	"312" -> "314";
	"314" [color=green, style=filled, label="42"];
	"311" -> "312";
	"312" [color=green, style=filled, label="1"];
	"310" -> "311";
	"311" [color=green, style=filled, label="15"];
	"309" -> "310";
	"310" [color=green, style=filled, label="50"];
	"305" -> "306";
	"306" [color=green, style=filled, label="45"];
	"305" -> "307";
	"307" [color=green, style=filled, label="31"];
	"300" -> "301";
	"301" [color=green, style=filled, label="11"];
	"299" -> "300";
	"300" [color=green, style=filled, label="38"];
	"299" -> "302";
	"302" [color=green, style=filled, label="7"];
	"298" -> "299";
	"299" [color=green, style=filled, label="47"];
	"297" -> "298";
	"298" [color=green, style=filled, label="33"];
	"297" -> "303";
	"303" [color=green, style=filled, label="19"];
	"297" -> "304";
	"304" [color=green, style=filled, label="13"];
	"297" -> "305";
	"305" [color=green, style=filled, label="41"];
	"297" -> "308";
	"308" [color=green, style=filled, label="24"];
	"293" -> "294";
	"294" [color=green, style=filled, label="36"];
	"293" -> "295";
	"295" [color=green, style=filled, label="12"];
	"293" -> "296";
	"296" [color=green, style=filled, label="35"];
	"292" -> "293";
	"293" [color=green, style=filled, label="14"];
	"292" -> "297";
	"297" [color=green, style=filled, label="8"];
	"291" -> "292";
	"292" [color=green, style=filled, label="49"];
	"291" -> "309";
	"309" [color=green, style=filled, label="4"];
	"286" -> "287";
	"287" [color=indianred1, style=filled, label="22"];
	"287" [label="22"];
	"285" -> "286";
	"286" [color=green, style=filled, label="16"];
	"285" -> "288";
	"288" [color=green, style=filled, label="29"];
	"284" -> "285";
	"285" [color=green, style=filled, label="12"];
	"283" -> "284";
	"284" [color=green, style=filled, label="33"];
	"282" -> "283";
	"283" [color=green, style=filled, label="15"];
	"280" -> "281";
	"281" [color=green, style=filled, label="49"];
	"279" -> "280";
	"280" [color=green, style=filled, label="41"];
	"279" -> "282";
	"282" [color=green, style=filled, label="22"];
	"279" -> "289";
	"289" [color=green, style=filled, label="15"];
	"275" -> "276";
	"276" [color=green, style=filled, label="13"];
	"275" -> "277";
	"277" [color=green, style=filled, label="19"];
	"274" -> "275";
	"275" [color=green, style=filled, label="17"];
	"272" -> "273";
	"273" [color=green, style=filled, label="49"];
	"270" -> "271";
	"271" [label="40"];
	"270" -> "272";
	"272" [color=green, style=filled, label="10"];
	"269" -> "270";
	"270" [color=green, style=filled, label="37"];
	"268" -> "269";
	"269" [color=indianred1, style=filled, label="23"];
	"269" [label="23"];
	"265" -> "266";
	"266" [color=green, style=filled, label="34"];
	"260" -> "261";
	"261" [color=indianred1, style=filled, label="8"];
	"261" [label="8"];
	"258" -> "259";
	"259" [color=green, style=filled, label="12"];
	"258" -> "260";
	"260" [color=green, style=filled, label="25"];
	"257" -> "258";
	"258" [color=green, style=filled, label="35"];
	"257" -> "262";
	"262" [color=green, style=filled, label="26"];
	"256" -> "257";
	"257" [color=green, style=filled, label="6"];
	"253" -> "254";
	"254" [color=green, style=filled, label="42"];
	"252" -> "253";
	"253" [color=green, style=filled, label="46"];
	"252" -> "255";
	"255" [color=green, style=filled, label="32"];
	"249" -> "250";
	"250" [color=green, style=filled, label="35"];
	"248" -> "249";
	"249" [color=green, style=filled, label="40"];
	"248" -> "251";
	"251" [color=indianred1, style=filled, label="23"];
	"251" [label="23"];
	"248" -> "252";
	"252" [color=green, style=filled, label="28"];
	"244" -> "245";
	"245" [color=green, style=filled, label="4"];
	"244" -> "246";
	"246" [color=green, style=filled, label="47"];
	"244" -> "247";
	"247" [color=green, style=filled, label="32"];
	"242" -> "243";
	"243" [color=green, style=filled, label="29"];
	"238" -> "239";
	"239" [color=indianred1, style=filled, label="9"];
	"239" [label="9"];
	"236" -> "237";
	"237" [color=green, style=filled, label="24"];
	"236" -> "238";
	"238" [color=green, style=filled, label="28"];
	"235" -> "236";
	"236" [color=green, style=filled, label="22"];
	"232" -> "233";
	"233" [color=green, style=filled, label="44"];
	"231" -> "232";
	"232" [color=green, style=filled, label="31"];
	"231" -> "234";
	"234" [color=green, style=filled, label="32"];
	"230" -> "231";
	"231" [color=green, style=filled, label="30"];
	"230" -> "235";
	"235" [color=green, style=filled, label="18"];
	"229" -> "230";
	"230" [color=green, style=filled, label="2"];
	"228" -> "229";
	"229" [color=indianred1, style=filled, label="41"];
	"229" [label="41"];
	"227" -> "228";
	"228" [color=green, style=filled, label="39"];
	"226" -> "227";
	"227" [color=green, style=filled, label="10"];
	"226" -> "240";
	"240" [color=indianred1, style=filled, label="9"];
	"240" [label="9"];
	"225" -> "226";
	"226" [color=green, style=filled, label="20"];
	"224" -> "225";
	"225" [color=green, style=filled, label="34"];
	"224" -> "241";
	"241" [color=green, style=filled, label="19"];
	"224" -> "242";
	"242" [color=green, style=filled, label="17"];
	"223" -> "224";
	"224" [color=indianred1, style=filled, label="48"];
	"224" [label="48"];
	"222" -> "223";
	"223" [color=green, style=filled, label="9"];
	"222" -> "244";
	"244" [color=green, style=filled, label="44"];
	"221" -> "222";
	"222" [color=green, style=filled, label="40"];
	"220" -> "221";
	"221" [label="42"];
	"220" -> "248";
	"248" [color=green, style=filled, label="9"];
	"220" -> "256";
	"256" [color=green, style=filled, label="7"];
	"220" -> "263";
	"263" [color=green, style=filled, label="15"];
	"219" -> "220";
	"220" [label="48"];
	"219" -> "264";
	"264" [color=green, style=filled, label="24"];
	"219" -> "265";
	"265" [color=green, style=filled, label="26"];
	"218" -> "219";
	"219" [label="41"];
	"217" -> "218";
	"218" [label="8"];
	"217" -> "267";
	"267" [color=indianred1, style=filled, label="36"];
	"267" [label="36"];
	"217" -> "268";
	"268" [color=green, style=filled, label="46"];
	"217" -> "274";
	"274" [color=green, style=filled, label="27"];
	"214" -> "215";
	"215" [color=green, style=filled, label="44"];
	"212" -> "213";
	"213" [color=indianred1, style=filled, label="11"];
	"213" [label="11"];
	"211" -> "212";
	"212" [color=green, style=filled, label="3"];
	"211" -> "214";
	"214" [color=green, style=filled, label="35"];
	"210" -> "211";
	"211" [color=green, style=filled, label="49"];
	"207" -> "208";
	"208" [color=green, style=filled, label="23"];
	"206" -> "207";
	"207" [color=green, style=filled, label="7"];
	"205" -> "206";
	"206" [color=green, style=filled, label="21"];
	"203" -> "204";
	"204" [color=green, style=filled, label="17"];
	"202" -> "203";
	"203" [color=green, style=filled, label="21"];
	"200" -> "201";
	"201" [color=green, style=filled, label="46"];
	"199" -> "200";
	"200" [color=green, style=filled, label="27"];
	"199" -> "202";
	"202" [color=green, style=filled, label="9"];
	"199" -> "205";
	"205" [color=green, style=filled, label="6"];
	"196" -> "197";
	"197" [color=green, style=filled, label="48"];
	"196" -> "198";
	"198" [color=green, style=filled, label="40"];
	"194" -> "195";
	"195" [color=green, style=filled, label="10"];
	"194" -> "196";
	"196" [color=indianred1, style=filled, label="28"];
	"196" [label="28"];
	"193" -> "194";
	"194" [color=green, style=filled, label="11"];
	"188" -> "189";
	"189" [color=green, style=filled, label="18"];
	"185" -> "186";
	"186" [color=green, style=filled, label="48"];
	"184" -> "185";
	"185" [color=green, style=filled, label="44"];
	"181" -> "182";
	"182" [color=green, style=filled, label="13"];
	"180" -> "181";
	"181" [color=green, style=filled, label="21"];
	"176" -> "177";
	"177" [color=green, style=filled, label="8"];
	"174" -> "175";
	"175" [color=green, style=filled, label="8"];
	"172" -> "173";
	"173" [color=green, style=filled, label="14"];
	"172" -> "174";
	"174" [color=green, style=filled, label="1"];
	"170" -> "171";
	"171" [color=green, style=filled, label="14"];
	"169" -> "170";
	"170" [color=indianred1, style=filled, label="7"];
	"170" [label="7"];
	"168" -> "169";
	"169" [color=green, style=filled, label="41"];
	"166" -> "167";
	"167" [color=indianred1, style=filled, label="7"];
	"167" [label="7"];
	"165" -> "166";
	"166" [color=green, style=filled, label="41"];
	"164" -> "165";
	"165" [color=green, style=filled, label="37"];
	"164" -> "168";
	"168" [color=green, style=filled, label="44"];
	"161" -> "162";
	"162" [color=green, style=filled, label="29"];
	"159" -> "160";
	"160" [color=indianred1, style=filled, label="42"];
	"160" [label="42"];
	"157" -> "158";
	"158" [color=green, style=filled, label="45"];
	"156" -> "157";
	"157" [color=green, style=filled, label="12"];
	"154" -> "155";
	"155" [color=green, style=filled, label="20"];
	"153" -> "154";
	"154" [color=indianred1, style=filled, label="27"];
	"154" [label="27"];
	"152" -> "153";
	"153" [color=green, style=filled, label="1"];
	"152" -> "156";
	"156" [color=green, style=filled, label="1"];
	"152" -> "159";
	"159" [color=green, style=filled, label="42"];
	"149" -> "150";
	"150" [color=green, style=filled, label="12"];
	"149" -> "151";
	"151" [color=green, style=filled, label="45"];
	"148" -> "149";
	"149" [color=green, style=filled, label="19"];
	"145" -> "146";
	"146" [color=green, style=filled, label="20"];
	"143" -> "144";
	"144" [color=green, style=filled, label="20"];
	"139" -> "140";
	"140" [color=green, style=filled, label="22"];
	"137" -> "138";
	"138" [color=green, style=filled, label="6"];
	"136" -> "137";
	"137" [color=indianred1, style=filled, label="22"];
	"137" [label="22"];
	"133" -> "134";
	"134" [color=green, style=filled, label="13"];
	"133" -> "135";
	"135" [color=green, style=filled, label="14"];
	"131" -> "132";
	"132" [color=green, style=filled, label="18"];
	"131" -> "133";
	"133" [color=green, style=filled, label="23"];
	"128" -> "129";
	"129" [color=green, style=filled, label="11"];
	"127" -> "128";
	"128" [color=green, style=filled, label="37"];
	"124" -> "125";
	"125" [color=green, style=filled, label="26"];
	"124" -> "126";
	"126" [color=green, style=filled, label="45"];
	"124" -> "127";
	"127" [color=green, style=filled, label="47"];
	"123" -> "124";
	"124" [color=indianred1, style=filled, label="21"];
	"124" [label="21"];
	"121" -> "122";
	"122" [color=indianred1, style=filled, label="49"];
	"122" [label="49"];
	"119" -> "120";
	"120" [color=indianred1, style=filled, label="12"];
	"120" [label="12"];
	"119" -> "121";
	"121" [color=indianred1, style=filled, label="46"];
	"121" [label="46"];
	"116" -> "117";
	"117" [color=indianred1, style=filled, label="46"];
	"117" [label="46"];
	"116" -> "118";
	"118" [color=green, style=filled, label="24"];
	"114" -> "115";
	"115" [color=green, style=filled, label="32"];
	"114" -> "116";
	"116" [color=indianred1, style=filled, label="49"];
	"116" [label="49"];
	"113" -> "114";
	"114" [color=indianred1, style=filled, label="24"];
	"114" [label="24"];
	"113" -> "119";
	"119" [color=green, style=filled, label="10"];
	"113" -> "123";
	"123" [color=indianred1, style=filled, label="26"];
	"123" [label="26"];
	"110" -> "111";
	"111" [color=green, style=filled, label="23"];
	"109" -> "110";
	"110" [color=indianred1, style=filled, label="18"];
	"110" [label="18"];
	"108" -> "109";
	"109" [color=indianred1, style=filled, label="20"];
	"109" [label="20"];
	"107" -> "108";
	"108" [color=indianred1, style=filled, label="50"];
	"108" [label="50"];
	"107" -> "112";
	"112" [color=green, style=filled, label="17"];
	"106" -> "107";
	"107" [color=indianred1, style=filled, label="19"];
	"107" [label="19"];
	"106" -> "113";
	"113" [color=indianred1, style=filled, label="32"];
	"113" [label="32"];
	"105" -> "106";
	"106" [label="46"];
	"105" -> "130";
	"130" [color=green, style=filled, label="37"];
	"104" -> "105";
	"105" [label="18"];
	"104" -> "131";
	"131" [color=indianred1, style=filled, label="3"];
	"131" [label="3"];
	"104" -> "136";
	"136" [color=green, style=filled, label="40"];
	"103" -> "104";
	"104" [label="22"];
	"103" -> "139";
	"139" [color=green, style=filled, label="46"];
	"102" -> "103";
	"103" [label="49"];
	"102" -> "141";
	"141" [color=green, style=filled, label="42"];
	"101" -> "102";
	"102" [label="19"];
	"100" -> "101";
	"101" [label="12"];
	"100" -> "142";
	"142" [color=green, style=filled, label="35"];
	"99" -> "100";
	"100" [label="20"];
	"99" -> "143";
	"143" [color=indianred1, style=filled, label="25"];
	"143" [label="25"];
	"99" -> "145";
	"145" [color=indianred1, style=filled, label="38"];
	"145" [label="38"];
	"99" -> "147";
	"147" [color=green, style=filled, label="48"];
	"98" -> "99";
	"99" [label="32"];
	"98" -> "148";
	"148" [color=green, style=filled, label="20"];
	"97" -> "98";
	"98" [label="26"];
	"97" -> "152";
	"152" [color=green, style=filled, label="9"];
	"96" -> "97";
	"97" [label="24"];
	"96" -> "161";
	"161" [color=indianred1, style=filled, label="16"];
	"161" [label="16"];
	"96" -> "163";
	"163" [color=green, style=filled, label="13"];
	"96" -> "164";
	"164" [label="9"];
	"95" -> "96";
	"96" [label="38"];
	"95" -> "172";
	"172" [color=indianred1, style=filled, label="34"];
	"172" [label="34"];
	"95" -> "176";
	"176" [color=green, style=filled, label="10"];
	"93" -> "94";
	"94" [color=indianred1, style=filled, label="33"];
	"94" [label="33"];
	"93" -> "95";
	"95" [label="25"];
	"92" -> "93";
	"93" [label="21"];
	"92" -> "178";
	"178" [color=green, style=filled, label="25"];
	"91" -> "92";
	"92" [label="34"];
	"91" -> "179";
	"179" [color=indianred1, style=filled, label="43"];
	"179" [label="43"];
	"91" -> "180";
	"180" [color=indianred1, style=filled, label="2"];
	"180" [label="2"];
	"91" -> "183";
	"183" [color=green, style=filled, label="6"];
	"91" -> "184";
	"184" [color=green, style=filled, label="6"];
	"90" -> "91";
	"91" [label="27"];
	"88" -> "89";
	"89" [color=green, style=filled, label="26"];
	"85" -> "86";
	"86" [color=green, style=filled, label="7"];
	"84" -> "85";
	"85" [color=green, style=filled, label="8"];
	"82" -> "83";
	"83" [color=green, style=filled, label="14"];
	"81" -> "82";
	"82" [color=green, style=filled, label="28"];
	"81" -> "84";
	"84" [color=green, style=filled, label="47"];
	"81" -> "87";
	"87" [color=green, style=filled, label="29"];
	"80" -> "81";
	"81" [color=green, style=filled, label="15"];
	"76" -> "77";
	"77" [color=green, style=filled, label="1"];
	"75" -> "76";
	"76" [color=green, style=filled, label="29"];
	"75" -> "78";
	"78" [color=green, style=filled, label="18"];
	"73" -> "74";
	"74" [color=green, style=filled, label="27"];
	"71" -> "72";
	"72" [color=green, style=filled, label="38"];
	"69" -> "70";
	"70" [color=green, style=filled, label="19"];
	"68" -> "69";
	"69" [color=indianred1, style=filled, label="45"];
	"69" [label="45"];
	"66" -> "67";
	"67" [color=green, style=filled, label="9"];
	"61" -> "62";
	"62" [color=indianred1, style=filled, label="18"];
	"62" [label="18"];
	"61" -> "63";
	"63" [color=indianred1, style=filled, label="1"];
	"63" [label="1"];
	"60" -> "61";
	"61" [color=indianred1, style=filled, label="6"];
	"61" [label="6"];
	"57" -> "58";
	"58" [color=green, style=filled, label="24"];
	"57" -> "59";
	"59" [color=green, style=filled, label="38"];
	"55" -> "56";
	"56" [label="11"];
	"55" -> "57";
	"57" [color=indianred1, style=filled, label="10"];
	"57" [label="10"];
	"54" -> "55";
	"55" [color=indianred1, style=filled, label="31"];
	"55" [label="31"];
	"50" -> "51";
	"51" [color=indianred1, style=filled, label="15"];
	"51" [label="15"];
	"49" -> "50";
	"50" [color=green, style=filled, label="46"];
	"48" -> "49";
	"49" [color=green, style=filled, label="49"];
	"46" -> "47";
	"47" [color=indianred1, style=filled, label="13"];
	"47" [label="13"];
	"46" -> "48";
	"48" [color=green, style=filled, label="40"];
	"45" -> "46";
	"46" [color=green, style=filled, label="48"];
	"44" -> "45";
	"45" [color=green, style=filled, label="34"];
	"43" -> "44";
	"44" [color=indianred1, style=filled, label="47"];
	"44" [label="47"];
	"36" -> "37";
	"37" [color=indianred1, style=filled, label="17"];
	"37" [label="17"];
	"34" -> "35";
	"35" [color=green, style=filled, label="38"];
	"33" -> "34";
	"34" [color=green, style=filled, label="41"];
	"31" -> "32";
	"32" [color=indianred1, style=filled, label="21"];
	"32" [label="21"];
	"31" -> "33";
	"33" [color=indianred1, style=filled, label="14"];
	"33" [label="14"];
	"31" -> "36";
	"36" [color=green, style=filled, label="32"];
	"31" -> "38";
	"38" [color=indianred1, style=filled, label="13"];
	"38" [label="13"];
	"30" -> "31";
	"31" [color=indianred1, style=filled, label="30"];
	"31" [label="30"];
	"29" -> "30";
	"30" [color=indianred1, style=filled, label="44"];
	"30" [label="44"];
	"28" -> "29";
	"29" [color=green, style=filled, label="21"];
	"28" -> "39";
	"39" [color=indianred1, style=filled, label="29"];
	"39" [label="29"];
	"28" -> "40";
	"40" [color=indianred1, style=filled, label="1"];
	"40" [label="1"];
	"28" -> "41";
	"41" [color=green, style=filled, label="25"];
	"28" -> "42";
	"42" [color=green, style=filled, label="25"];
	"27" -> "28";
	"28" [color=indianred1, style=filled, label="5"];
	"28" [label="5"];
	"27" -> "43";
	"43" [color=indianred1, style=filled, label="37"];
	"43" [label="37"];
	"27" -> "52";
	"52" [color=indianred1, style=filled, label="13"];
	"52" [label="13"];
	"27" -> "53";
	"53" [color=indianred1, style=filled, label="17"];
	"53" [label="17"];
	"26" -> "27";
	"27" [color=green, style=filled, label="11"];
	"26" -> "54";
	"54" [color=indianred1, style=filled, label="4"];
	"54" [label="4"];
	"26" -> "60";
	"60" [color=green, style=filled, label="18"];
	"25" -> "26";
	"26" [label="44"];
	"25" -> "64";
	"64" [color=green, style=filled, label="38"];
	"24" -> "25";
	"25" [label="14"];
	"24" -> "65";
	"65" [color=green, style=filled, label="22"];
	"23" -> "24";
	"24" [label="1"];
	"22" -> "23";
	"23" [label="10"];
	"21" -> "22";
	"22" [label="37"];
	"20" -> "21";
	"21" [label="17"];
	"20" -> "66";
	"66" [color=indianred1, style=filled, label="15"];
	"66" [label="15"];
	"19" -> "20";
	"20" [label="6"];
	"18" -> "19";
	"19" [label="13"];
	"18" -> "68";
	"68" [color=indianred1, style=filled, label="39"];
	"68" [label="39"];
	"18" -> "71";
	"71" [color=green, style=filled, label="37"];
	"17" -> "18";
	"18" [label="15"];
	"16" -> "17";
	"17" [label="47"];
	"16" -> "73";
	"73" [color=indianred1, style=filled, label="35"];
	"73" [label="35"];
	"15" -> "16";
	"16" [label="28"];
	"14" -> "15";
	"15" [label="29"];
	"14" -> "75";
	"75" [color=green, style=filled, label="23"];
	"14" -> "79";
	"79" [color=green, style=filled, label="34"];
	"13" -> "14";
	"14" [label="45"];
	"13" -> "80";
	"80" [color=green, style=filled, label="45"];
	"12" -> "13";
	"13" [label="35"];
	"12" -> "88";
	"88" [color=green, style=filled, label="27"];
	"12" -> "90";
	"90" [label="7"];
	"11" -> "12";
	"12" [label="39"];
	"11" -> "187";
	"187" [color=green, style=filled, label="7"];
	"11" -> "188";
	"188" [color=green, style=filled, label="48"];
	"10" -> "11";
	"11" [label="33"];
	"9" -> "10";
	"10" [label="2"];
	"9" -> "190";
	"190" [color=green, style=filled, label="27"];
	"9" -> "191";
	"191" [color=green, style=filled, label="39"];
	"9" -> "192";
	"192" [color=green, style=filled, label="34"];
	"8" -> "9";
	"9" [label="16"];
	"8" -> "193";
	"193" [color=green, style=filled, label="28"];
	"7" -> "8";
	"8" [label="31"];
	"7" -> "199";
	"199" [color=green, style=filled, label="42"];
	"7" -> "209";
	"209" [color=green, style=filled, label="17"];
	"6" -> "7";
	"7" [label="4"];
	"5" -> "6";
	"6" [label="3"];
	"5" -> "210";
	"210" [color=green, style=filled, label="11"];
	"4" -> "5";
	"5" [label="30"];
	"4" -> "216";
	"216" [color=green, style=filled, label="3"];
	"3" -> "4";
	"4" [label="50"];
	"3" -> "217";
	"217" [label="23"];
	"3" -> "278";
	"278" [color=green, style=filled, label="28"];
	"2" -> "3";
	"3" [label="36"];
	"2" -> "279";
	"279" [color=green, style=filled, label="25"];
	"2" -> "290";
	"290" [color=green, style=filled, label="26"];
	"1" -> "2";
	"2" [label="5"];
	"1" -> "291";
	"291" [color=green, style=filled, label="23"];
	"0" -> "1";
	"1" [label="43"];
	"0" -> "315";
	"315" [color=green, style=filled, label="21"];
	"0" [label="germline"];
	labelloc="t";
	label="Confidence score: -1224.814971";
}
Best cell assignment:
217 223 95 95 12 82 94 115 11 56 90 17 18 91 105 11 100 148 90 12 249 84 39 95 18 91 200 150 11 267 87 43 222 18 91 223 91 17 291 148 12 28 220 223 26 100 95 132 223 32 43 28 181 180 12 27 18 53 11 52 93 12 17 222 291 23 90 140 91 95 267 87 18 179 18 267 100 27 180 267 291 44 172 109 91 191 90 12 172 217 12 106 91 180 18 69 224 95 90 172 99 91 223 179 12 91 91 10 90 267 191 118 221 12 115 95 223 88 56 95 108 249 161 222 93 91 2 144 27 217 2 180 224 94 114 57 100 108 100 44 222 267 248 145 91 27 91 27 178 18 248 18 106 267 143 179 92 69 100 12 100 178 104 17 223 73 222 115 254 120 118 18 91 69 11 161 99 115 10 91 291 115 249 105 223 94 52 33 81 187 12 267 291 291 12 179 68 99 90 12 187 90 100 190 144 91 68 95 155 12 28 40 139 11 172 95 106 267 91 12 18 62 55 88 105 16 113 267 223 17 146 100 224 95 2 223 223 291 97 221 143 91 124 222 139 15 18 161 115 223 
alpha: 0.150000
beta: 0.000010
gamma: 0.113000
delta: 0.887000
