Starting SASC.
Iteration: 1
Step			Log-likelihood			Temperature
1			-38491.319029			9900.000000
1000			-31184.990995			1054.648417
2000			-16325.643343			387.789398
3000			-10477.679892			142.588387
4000			-6960.810285			52.429098
5000			-4416.061485			19.277939
6000			-3518.056980			7.088410
7000			-3148.733347			2.606376
8000			-2590.440543			0.958353
9000			-2539.218574			0.352382
10000			-2463.334174			0.129569
11000			-2442.465964			0.047642
12000			-2440.568854			0.017518
13000			-2438.671744			0.006441
14000			-2438.671744			0.002368

Maximum likelihood Tree found: -2438.671744
digraph g {
	"49" -> "50";
	"50" [label="45"];
	"48" -> "49";
	"49" [label="4"];
	"47" -> "48";
	"48" [label="50"];
	"46" -> "47";
	"47" [label="38"];
	"45" -> "46";
	"46" [label="1"];
	"44" -> "45";
	"45" [label="39"];
	"43" -> "44";
	"44" [label="42"];
	"42" -> "43";
	"43" [label="33"];
	"41" -> "42";
	"42" [label="32"];
	"40" -> "41";
	"41" [label="36"];
	"38" -> "39";
	"39" [label="49"];
	"37" -> "38";
	"38" [label="2"];
	"36" -> "37";
	"37" [label="47"];
	"35" -> "36";
	"36" [label="28"];
	"34" -> "35";
	"35" [label="15"];
	"33" -> "34";
	"34" [label="3"];
	"32" -> "33";
	"33" [label="12"];
	"31" -> "32";
	"32" [label="24"];
	"30" -> "31";
	"31" [label="44"];
	"29" -> "30";
	"30" [label="48"];
	"28" -> "29";
	"29" [label="43"];
	"27" -> "28";
	"28" [label="46"];
	"26" -> "27";
	"27" [label="26"];
	"25" -> "26";
	"26" [label="17"];
	"24" -> "25";
	"25" [label="18"];
	"23" -> "24";
	"24" [label="23"];
	"22" -> "23";
	"23" [label="19"];
	"21" -> "22";
	"22" [label="10"];
	"20" -> "21";
	"21" [label="25"];
	"19" -> "20";
	"20" [label="31"];
	"18" -> "19";
	"19" [label="20"];
	"17" -> "18";
	"18" [label="6"];
	"16" -> "17";
	"17" [label="9"];
	"15" -> "16";
	"16" [label="16"];
	"14" -> "15";
	"15" [label="27"];
	"13" -> "14";
	"14" [label="37"];
	"12" -> "13";
	"13" [label="34"];
	"11" -> "12";
	"12" [label="11"];
	"10" -> "11";
	"11" [label="8"];
	"9" -> "10";
	"10" [label="5"];
	"8" -> "9";
	"9" [label="7"];
	"7" -> "8";
	"8" [label="35"];
	"6" -> "7";
	"7" [label="41"];
	"5" -> "6";
	"6" [label="40"];
	"5" -> "40";
	"40" [label="13"];
	"4" -> "5";
	"5" [label="29"];
	"3" -> "4";
	"4" [label="21"];
	"2" -> "3";
	"3" [label="30"];
	"1" -> "2";
	"2" [label="14"];
	"0" -> "1";
	"1" [label="22"];
	"0" [label="germline"];
	labelloc="t";
	label="Confidence score: -2438.671744";
}
Best cell assigment:
17 50 38 11 37 38 32 11 46 19 27 24 25 2 25 39 38 19 30 45 27 46 23 39 27 2 11 39 45 19 46 25 19 46 3 39 19 39 18 34 45 24 46 9 27 27 50 22 19 50 3 25 50 50 1 45 46 25 19 19 31 11 23 18 2 26 25 27 47 24 19 49 19 10 32 46 25 25 14 23 11 11 3 32 25 32 27 17 50 3 19 27 1 25 31 45 27 50 11 19 26 46 39 9 39 25 11 10 16 43 46 27 39 50 50 39 11 46 3 46 8 39 19 25 39 32 25 32 19 25 3 49 25 24 32 10 39 25 46 3 25 39 27 3 30 3 26 50 50 25 46 10 18 3 27 45 11 39 45 31 39 25 11 46 25 11 3 32 27 19 26 23 38 50 39 46 32 27 27 39 26 31 42 10 38 32 38 38 19 17 26 32 27 19 19 17 11 50 39 24 19 39 46 11 3 50 18 25 27 27 48 25 27 27 50 19 27 11 50 26 19 25 39 27 49 49 19 24 25 19 10 39 11 39 37 27 19 32 10 26 3 19 39 46 27 11 18 39 27 50 
alpha: 0.150000
beta: 0.000010
alpha: 1.000000
