Starting SASC.
Iteration: 1
Step			Log-likelihood			Temperature
1			-31474.708156			99900.000000
1000			-28689.985092			36769.542477
2000			-26792.241717			23501.721022
3000			-28037.197415			21265.130236
4000			-26559.026203			19241.389323
5000			-27592.660864			17410.241977
6000			-29321.130478			15753.359626
7000			-27247.961568			14254.157974
8000			-27457.482255			12897.631004
9000			-28550.727821			11670.200782
10000			-28342.163058			10559.581542
11000			-27431.169064			9554.656721
12000			-27805.245621			8645.367688
13000			-28253.036981			7822.613061
14000			-28741.781783			7078.157611
15000			-29187.500030			6404.549832
16000			-28406.987331			5795.047357
17000			-24644.387623			5243.549468
18000			-27554.138104			4744.536038
19000			-24771.016030			4293.012272
20000			-25673.204853			3884.458716
21000			-27300.189232			3514.786020
22000			-27693.744323			3180.294005
23000			-27701.370855			2877.634626
24000			-28091.685872			2603.778466
25000			-22126.591242			2355.984403
26000			-22584.331377			2131.772185
27000			-23144.274942			1928.897594
28000			-20001.326464			1745.329992
29000			-23198.420291			1579.231987
30000			-21811.225276			1428.941048
31000			-21744.547825			1292.952863
32000			-22596.731409			1169.906280
33000			-24149.447115			1058.569685
34000			-20791.779318			957.828671
35000			-18380.786921			866.674888
36000			-14126.689196			784.195947
37000			-13189.308607			709.566288
38000			-16171.697575			642.038917
39000			-12320.045194			580.937931
40000			-16406.684244			525.651749
41000			-16520.979908			475.626993
42000			-11575.729954			430.362949
43000			-14579.781788			389.406552
44000			-11672.910754			352.347857
45000			-10829.547077			318.815931
46000			-11011.288434			288.475142
47000			-9808.978090			261.021797
48000			-10303.273530			236.181108
49000			-8894.931703			213.704435
50000			-10705.164727			193.366803
51000			-9699.842966			174.964643
52000			-9409.036831			158.313765
53000			-8241.751147			143.247502
54000			-7965.444571			129.615051
55000			-7298.236578			117.279962
56000			-5911.938819			106.118767
57000			-6166.635357			96.019751
58000			-4759.340375			86.881830
59000			-4949.400321			78.613537
60000			-5382.096825			71.132114
61000			-4221.619661			64.362677
62000			-3979.757184			58.237467
63000			-3352.394340			52.695176
64000			-3107.189190			47.680328
65000			-3731.526057			43.142730
66000			-3235.134147			39.036961
67000			-3014.172133			35.321926
68000			-2723.140225			31.960441
69000			-2524.008183			28.918858
70000			-2310.312076			26.166734
71000			-1903.013990			23.676522
72000			-1874.557340			21.423296
73000			-1847.997800			19.384503
74000			-1859.380460			17.539736
75000			-1730.376981			15.870530
76000			-1677.257902			14.360177
77000			-1679.155011			12.993561
78000			-1665.875242			11.757001
79000			-1622.241712			10.638121
80000			-1616.550382			9.625722
81000			-1591.887952			8.709670
82000			-1599.476392			7.880796
83000			-1582.402402			7.130803
84000			-1546.357313			6.452185
85000			-1538.768873			5.838150
86000			-1540.665983			5.282550
87000			-1550.151533			4.779825
88000			-1552.048643			4.324943
89000			-1519.797773			3.913350
90000			-1506.518003			3.540928
91000			-1491.341123			3.203948
92000			-1495.135343			2.899038
93000			-1491.341123			2.623145
94000			-1476.164243			2.373508
95000			-1478.061353			2.147628
96000			-1476.164243			1.943244
97000			-1472.370023			1.758311
98000			-1479.958463			1.590978
99000			-1476.164243			1.439569
100000			-1470.472913			1.302570
101000			-1470.472913			1.178608
102000			-1468.575803			1.066443
103000			-1476.164243			0.964953
104000			-1476.164243			0.873121
105000			-1464.781583			0.790029
106000			-1462.884473			0.714844
107000			-1457.193143			0.646814
108000			-1457.193143			0.585259
109000			-1451.501813			0.529561
110000			-1453.398923			0.479165
111000			-1453.398923			0.433564
112000			-1451.501813			0.392303
113000			-1451.501813			0.354969
114000			-1449.604703			0.321187
115000			-1449.604703			0.290621
116000			-1447.707593			0.262963
117000			-1447.707593			0.237938
118000			-1447.707593			0.215294
119000			-1447.707593			0.194805
120000			-1447.707593			0.176266
121000			-1447.707593			0.159491
122000			-1447.707593			0.144313
123000			-1447.707593			0.130579
124000			-1447.707593			0.118152
125000			-1447.707593			0.106908
126000			-1447.707593			0.096734
127000			-1447.707593			0.087528
128000			-1447.707593			0.079198
129000			-1447.707593			0.071661
130000			-1447.707593			0.064841
131000			-1447.707593			0.058671
132000			-1447.707593			0.053087
133000			-1447.707593			0.048035
134000			-1447.707593			0.043464
135000			-1447.707593			0.039327
136000			-1447.707593			0.035585
137000			-1447.707593			0.032198
138000			-1447.707593			0.029134
139000			-1447.707593			0.026361
140000			-1447.707593			0.023853
141000			-1447.707593			0.021583
142000			-1447.707593			0.019529
143000			-1447.707593			0.017670
144000			-1447.707593			0.015989
145000			-1447.707593			0.014467
146000			-1447.707593			0.013090
147000			-1447.707593			0.011844
148000			-1447.707593			0.010717
149000			-1447.707593			0.009697
150000			-1447.707593			0.008774
151000			-1447.707593			0.007939
152000			-1447.707593			0.007184
153000			-1447.707593			0.006500
154000			-1447.707593			0.005882
155000			-1447.707593			0.005322
156000			-1447.707593			0.004815
157000			-1447.707593			0.004357
158000			-1447.707593			0.003942
159000			-1447.707593			0.003567
160000			-1447.707593			0.003228
161000			-1447.707593			0.002921
162000			-1447.707593			0.002643
163000			-1447.707593			0.002391
164000			-1447.707593			0.002164
165000			-1447.707593			0.001958
166000			-1447.707593			0.001771
167000			-1447.707593			0.001603
168000			-1447.707593			0.001450
169000			-1447.707593			0.001312
170000			-1447.707593			0.001187
171000			-1447.707593			0.001074
Iteration: 2
Step			Log-likelihood			Temperature
1			-30100.728404			99900.000000
1000			-28347.827973			36769.542477
2000			-28319.913792			23501.721022
3000			-28988.529255			21265.130236
4000			-26425.847302			19241.389323
5000			-26911.190764			17410.241977
6000			-30044.504104			15753.359626
7000			-27008.356828			14254.157974
8000			-26022.208584			12897.631004
9000			-23994.646499			11670.200782
10000			-29505.117893			10559.581542
11000			-28676.951671			9554.656721
12000			-29328.235117			8645.367688
13000			-23272.454570			7822.613061
14000			-28298.573460			7078.157611
15000			-26666.334562			6404.549832
16000			-24365.700136			5795.047357
17000			-27523.054194			5243.549468
18000			-28121.271390			4744.536038
19000			-25076.052019			4293.012272
20000			-24291.390313			3884.458716
21000			-25735.659894			3514.786020
22000			-26089.097073			3180.294005
23000			-28276.388701			2877.634626
24000			-25149.168467			2603.778466
25000			-25073.451174			2355.984403
26000			-27787.444539			2131.772185
27000			-27821.539690			1928.897594
28000			-20848.123735			1745.329992
29000			-26187.086988			1579.231987
30000			-27576.871170			1428.941048
31000			-20910.555420			1292.952863
32000			-17258.477730			1169.906280
33000			-24665.513859			1058.569685
34000			-19590.759109			957.828671
35000			-19550.022544			866.674888
36000			-23199.666494			784.195947
37000			-17800.593800			709.566288
38000			-17668.907452			642.038917
39000			-16983.332276			580.937931
40000			-18066.447224			525.651749
41000			-12594.099872			475.626993
42000			-13382.291933			430.362949
43000			-10542.089454			389.406552
44000			-12823.444982			352.347857
45000			-8475.374277			318.815931
46000			-9519.004703			288.475142
47000			-11289.093401			261.021797
48000			-8330.994559			236.181108
49000			-8832.922371			213.704435
50000			-8623.639136			193.366803
51000			-11443.902914			174.964643
52000			-8316.301480			158.313765
53000			-8646.339949			143.247502
54000			-8402.348750			129.615051
55000			-6631.227944			117.279962
56000			-6699.163277			106.118767
57000			-6704.376646			96.019751
58000			-5779.915201			86.881830
59000			-5580.363865			78.613537
60000			-4885.801676			71.132114
61000			-5215.834307			64.362677
62000			-4157.059254			58.237467
63000			-3908.666859			52.695176
64000			-3246.129767			47.680328
65000			-3030.601056			43.142730
66000			-2952.690533			39.036961
67000			-2799.347158			35.321926
68000			-2398.127442			31.960441
69000			-2400.056806			28.918858
70000			-2323.753112			26.166734
71000			-2287.772530			23.676522
72000			-2212.049397			21.423296
73000			-2410.858905			19.384503
74000			-2314.170802			17.539736
75000			-1997.546955			15.870530
76000			-1898.929489			14.360177
77000			-1889.476193			12.993561
78000			-1912.241513			11.757001
79000			-1834.718030			10.638121
80000			-1690.537671			9.625722
81000			-1612.756162			8.709670
82000			-1576.711072			7.880796
83000			-1588.093732			7.130803
84000			-1516.003553			6.452185
85000			-1514.106443			5.838150
86000			-1502.723783			5.282550
87000			-1510.312223			4.779825
88000			-1512.209333			4.324943
89000			-1504.620893			3.913350
90000			-1495.135343			3.540928
91000			-1491.341123			3.203948
92000			-1485.649793			2.899038
93000			-1478.061353			2.623145
94000			-1476.164243			2.373508
95000			-1468.575803			2.147628
96000			-1464.781583			1.943244
97000			-1470.472913			1.758311
98000			-1476.164243			1.590978
99000			-1472.370023			1.439569
100000			-1466.678693			1.302570
101000			-1460.987363			1.178608
102000			-1460.987363			1.066443
103000			-1455.296033			0.964953
104000			-1449.604703			0.873121
105000			-1449.604703			0.790029
106000			-1455.296033			0.714844
107000			-1451.501813			0.646814
108000			-1451.501813			0.585259
109000			-1451.501813			0.529561
110000			-1451.501813			0.479165
111000			-1451.501813			0.433564
112000			-1449.604703			0.392303
113000			-1449.604703			0.354969
114000			-1447.707593			0.321187
115000			-1447.707593			0.290621
116000			-1447.707593			0.262963
117000			-1447.707593			0.237938
118000			-1447.707593			0.215294
119000			-1447.707593			0.194805
120000			-1447.707593			0.176266
121000			-1447.707593			0.159491
122000			-1447.707593			0.144313
123000			-1447.707593			0.130579
124000			-1447.707593			0.118152
125000			-1447.707593			0.106908
126000			-1447.707593			0.096734
127000			-1447.707593			0.087528
128000			-1447.707593			0.079198
129000			-1447.707593			0.071661
130000			-1447.707593			0.064841
131000			-1447.707593			0.058671
132000			-1447.707593			0.053087
133000			-1447.707593			0.048035
134000			-1447.707593			0.043464
135000			-1447.707593			0.039327
136000			-1447.707593			0.035585
137000			-1447.707593			0.032198
138000			-1447.707593			0.029134
139000			-1447.707593			0.026361
140000			-1447.707593			0.023853
141000			-1447.707593			0.021583
142000			-1447.707593			0.019529
143000			-1447.707593			0.017670
144000			-1447.707593			0.015989
145000			-1447.707593			0.014467
146000			-1447.707593			0.013090
147000			-1447.707593			0.011844
148000			-1447.707593			0.010717
149000			-1447.707593			0.009697
150000			-1447.707593			0.008774
151000			-1447.707593			0.007939
152000			-1447.707593			0.007184
153000			-1447.707593			0.006500
154000			-1447.707593			0.005882
155000			-1447.707593			0.005322
156000			-1447.707593			0.004815
157000			-1447.707593			0.004357
158000			-1447.707593			0.003942
159000			-1447.707593			0.003567
160000			-1447.707593			0.003228
161000			-1447.707593			0.002921
162000			-1447.707593			0.002643
163000			-1447.707593			0.002391
164000			-1447.707593			0.002164
165000			-1447.707593			0.001958
166000			-1447.707593			0.001771
167000			-1447.707593			0.001603
168000			-1447.707593			0.001450
169000			-1447.707593			0.001312
170000			-1447.707593			0.001187
171000			-1447.707593			0.001074
Iteration: 3
Step			Log-likelihood			Temperature
1			-32021.650553			99900.000000
1000			-28666.988159			36769.542477
2000			-26985.063776			23501.721022
3000			-27008.054869			21265.130236
4000			-23262.426552			19241.389323
5000			-27731.970964			17410.241977
6000			-25496.254513			15753.359626
7000			-28941.553053			14254.157974
8000			-28321.209766			12897.631004
9000			-28338.239824			11670.200782
10000			-23961.627387			10559.581542
11000			-23288.563739			9554.656721
12000			-30664.246254			8645.367688
13000			-27120.473998			7822.613061
14000			-29671.509425			7078.157611
15000			-25742.169236			6404.549832
16000			-29479.229835			5795.047357
17000			-23048.575016			5243.549468
18000			-29318.007739			4744.536038
19000			-28272.491881			4293.012272
20000			-27812.558516			3884.458716
21000			-28741.438674			3514.786020
22000			-26374.895038			3180.294005
23000			-25593.919113			2877.634626
24000			-22135.135605			2603.778466
25000			-23874.295821			2355.984403
26000			-25908.205982			2131.772185
27000			-22930.508489			1928.897594
28000			-14788.114938			1745.329992
29000			-22503.793595			1579.231987
30000			-19536.387987			1428.941048
31000			-21345.568328			1292.952863
32000			-21431.263592			1169.906280
33000			-21168.277936			1058.569685
34000			-18409.915053			957.828671
35000			-18381.710591			866.674888
36000			-15468.535413			784.195947
37000			-20621.496806			709.566288
38000			-16150.119791			642.038917
39000			-15977.386022			580.937931
40000			-14461.102446			525.651749
41000			-13074.455739			475.626993
42000			-11275.394338			430.362949
43000			-11775.812080			389.406552
44000			-13496.622908			352.347857
45000			-12387.874870			318.815931
46000			-12755.403992			288.475142
47000			-10367.065695			261.021797
48000			-12209.094984			236.181108
49000			-9704.722123			213.704435
50000			-8996.176429			193.366803
51000			-9750.123749			174.964643
52000			-9051.606073			158.313765
53000			-9092.149118			143.247502
54000			-8351.519660			129.615051
55000			-6652.940581			117.279962
56000			-6877.523869			106.118767
57000			-7258.294669			96.019751
58000			-5006.410381			86.881830
59000			-6186.535966			78.613537
60000			-4985.993718			71.132114
61000			-3968.181004			64.362677
62000			-3713.264531			58.237467
63000			-3339.152663			52.695176
64000			-4209.759040			47.680328
65000			-3513.106220			43.142730
66000			-2999.059760			39.036961
67000			-3079.732395			35.321926
68000			-2778.059654			31.960441
69000			-2449.924134			28.918858
70000			-2539.217316			26.166734
71000			-2369.090232			23.676522
72000			-1882.145780			21.423296
73000			-1663.978132			19.384503
74000			-1646.904142			17.539736
75000			-1627.933042			15.870530
76000			-1641.212812			14.360177
77000			-1612.756162			12.993561
78000			-1597.579282			11.757001
79000			-1516.003553			10.638121
80000			-1542.563093			9.625722
81000			-1557.739972			8.709670
82000			-1508.415113			7.880796
83000			-1516.003553			7.130803
84000			-1506.518003			6.452185
85000			-1527.386213			5.838150
86000			-1514.106443			5.282550
87000			-1500.826673			4.779825
88000			-1495.135343			4.324943
89000			-1504.620893			3.913350
90000			-1483.752683			3.540928
91000			-1483.752683			3.203948
92000			-1485.649793			2.899038
93000			-1489.444013			2.623145
94000			-1485.649793			2.373508
95000			-1481.855573			2.147628
96000			-1483.752683			1.943244
97000			-1472.370023			1.758311
98000			-1472.370023			1.590978
99000			-1466.678693			1.439569
100000			-1464.781583			1.302570
101000			-1464.781583			1.178608
102000			-1468.575803			1.066443
103000			-1464.781583			0.964953
104000			-1464.781583			0.873121
105000			-1455.296033			0.790029
106000			-1455.296033			0.714844
107000			-1451.501813			0.646814
108000			-1449.604703			0.585259
109000			-1449.604703			0.529561
110000			-1449.604703			0.479165
111000			-1449.604703			0.433564
112000			-1449.604703			0.392303
113000			-1447.707593			0.354969
114000			-1447.707593			0.321187
115000			-1447.707593			0.290621
116000			-1447.707593			0.262963
117000			-1447.707593			0.237938
118000			-1447.707593			0.215294
119000			-1447.707593			0.194805
120000			-1447.707593			0.176266
121000			-1447.707593			0.159491
122000			-1447.707593			0.144313
123000			-1447.707593			0.130579
124000			-1447.707593			0.118152
125000			-1447.707593			0.106908
126000			-1447.707593			0.096734
127000			-1447.707593			0.087528
128000			-1447.707593			0.079198
129000			-1447.707593			0.071661
130000			-1447.707593			0.064841
131000			-1447.707593			0.058671
132000			-1447.707593			0.053087
133000			-1447.707593			0.048035
134000			-1447.707593			0.043464
135000			-1447.707593			0.039327
136000			-1447.707593			0.035585
137000			-1447.707593			0.032198
138000			-1447.707593			0.029134
139000			-1447.707593			0.026361
140000			-1447.707593			0.023853
141000			-1447.707593			0.021583
142000			-1447.707593			0.019529
143000			-1447.707593			0.017670
144000			-1447.707593			0.015989
145000			-1447.707593			0.014467
146000			-1447.707593			0.013090
147000			-1447.707593			0.011844
148000			-1447.707593			0.010717
149000			-1447.707593			0.009697
150000			-1447.707593			0.008774
151000			-1447.707593			0.007939
152000			-1447.707593			0.007184
153000			-1447.707593			0.006500
154000			-1447.707593			0.005882
155000			-1447.707593			0.005322
156000			-1447.707593			0.004815
157000			-1447.707593			0.004357
158000			-1447.707593			0.003942
159000			-1447.707593			0.003567
160000			-1447.707593			0.003228
161000			-1447.707593			0.002921
162000			-1447.707593			0.002643
163000			-1447.707593			0.002391
164000			-1447.707593			0.002164
165000			-1447.707593			0.001958
166000			-1447.707593			0.001771
167000			-1447.707593			0.001603
168000			-1447.707593			0.001450
169000			-1447.707593			0.001312
170000			-1447.707593			0.001187
171000			-1447.707593			0.001074
Iteration: 4
Step			Log-likelihood			Temperature
1			-30914.356975			99900.000000
1000			-27614.226970			36769.542477
2000			-29092.890880			23501.721022
3000			-25823.841726			21265.130236
4000			-26154.018106			19241.389323
5000			-24401.504716			17410.241977
6000			-28951.425643			15753.359626
7000			-27834.781368			14254.157974
8000			-25285.991999			12897.631004
9000			-29879.223922			11670.200782
10000			-21838.253880			10559.581542
11000			-27026.360326			9554.656721
12000			-29745.883755			8645.367688
13000			-22215.019423			7822.613061
14000			-23416.227313			7078.157611
15000			-28418.595765			6404.549832
16000			-31438.888840			5795.047357
17000			-28593.581430			5243.549468
18000			-26345.072068			4744.536038
19000			-26384.497923			4293.012272
20000			-27573.598843			3884.458716
21000			-24491.973756			3514.786020
22000			-25725.013223			3180.294005
23000			-29208.019292			2877.634626
24000			-27159.533388			2603.778466
25000			-28789.268200			2355.984403
26000			-24230.565458			2131.772185
27000			-28740.180792			1928.897594
28000			-26867.325621			1745.329992
29000			-29681.581375			1579.231987
30000			-27281.546505			1428.941048
31000			-22870.246678			1292.952863
32000			-18308.632235			1169.906280
33000			-22623.672150			1058.569685
34000			-18954.670060			957.828671
35000			-19807.830143			866.674888
36000			-12407.183239			784.195947
37000			-18043.057412			709.566288
38000			-19252.187955			642.038917
39000			-14353.794087			580.937931
40000			-11367.003924			525.651749
41000			-12171.173359			475.626993
42000			-15346.352132			430.362949
43000			-13588.244172			389.406552
44000			-12638.346216			352.347857
45000			-10681.062283			318.815931
46000			-11863.175899			288.475142
47000			-9810.326892			261.021797
48000			-10993.413949			236.181108
49000			-10237.971295			213.704435
50000			-9719.796403			193.366803
51000			-7210.582478			174.964643
52000			-7659.030584			158.313765
53000			-7167.104376			143.247502
54000			-8004.014321			129.615051
55000			-6188.749770			117.279962
56000			-5350.749050			106.118767
57000			-6024.706895			96.019751
58000			-5522.488803			86.881830
59000			-6908.657549			78.613537
60000			-5598.727990			71.132114
61000			-5347.825671			64.362677
62000			-3767.480225			58.237467
63000			-3478.635707			52.695176
64000			-3462.878266			47.680328
65000			-3081.081198			43.142730
66000			-2806.161517			39.036961
67000			-2520.633257			35.321926
68000			-2362.082353			31.960441
69000			-1770.216291			28.918858
70000			-1747.450971			26.166734
71000			-1677.257902			23.676522
72000			-1694.331891			21.423296
73000			-1887.353309			19.384503
74000			-1834.330990			17.539736
75000			-1748.961040			15.870530
76000			-1624.138822			14.360177
77000			-1557.739972			12.993561
78000			-1574.813962			11.757001
79000			-1584.299512			10.638121
80000			-1544.460203			9.625722
81000			-1555.842862			8.709670
82000			-1571.019742			7.880796
83000			-1521.694883			7.130803
84000			-1506.518003			6.452185
85000			-1525.489103			5.838150
86000			-1514.106443			5.282550
87000			-1521.694883			4.779825
88000			-1517.900663			4.324943
89000			-1506.518003			3.913350
90000			-1523.591993			3.540928
91000			-1502.723783			3.203948
92000			-1487.546903			2.899038
93000			-1485.649793			2.623145
94000			-1489.444013			2.373508
95000			-1474.267133			2.147628
96000			-1464.781583			1.943244
97000			-1457.193143			1.758311
98000			-1460.987363			1.590978
99000			-1453.398923			1.439569
100000			-1451.501813			1.302570
101000			-1451.501813			1.178608
102000			-1455.296033			1.066443
103000			-1453.398923			0.964953
104000			-1453.398923			0.873121
105000			-1455.296033			0.790029
106000			-1453.398923			0.714844
107000			-1453.398923			0.646814
108000			-1451.501813			0.585259
109000			-1451.501813			0.529561
110000			-1449.604703			0.479165
111000			-1449.604703			0.433564
112000			-1449.604703			0.392303
113000			-1449.604703			0.354969
114000			-1449.604703			0.321187
115000			-1447.707593			0.290621
116000			-1447.707593			0.262963
117000			-1447.707593			0.237938
118000			-1447.707593			0.215294
119000			-1447.707593			0.194805
120000			-1447.707593			0.176266
121000			-1447.707593			0.159491
122000			-1447.707593			0.144313
123000			-1447.707593			0.130579
124000			-1447.707593			0.118152
125000			-1447.707593			0.106908
126000			-1447.707593			0.096734
127000			-1447.707593			0.087528
128000			-1447.707593			0.079198
129000			-1447.707593			0.071661
130000			-1447.707593			0.064841
131000			-1447.707593			0.058671
132000			-1447.707593			0.053087
133000			-1447.707593			0.048035
134000			-1447.707593			0.043464
135000			-1447.707593			0.039327
136000			-1447.707593			0.035585
137000			-1447.707593			0.032198
138000			-1447.707593			0.029134
139000			-1447.707593			0.026361
140000			-1447.707593			0.023853
141000			-1447.707593			0.021583
142000			-1447.707593			0.019529
143000			-1447.707593			0.017670
144000			-1447.707593			0.015989
145000			-1447.707593			0.014467
146000			-1447.707593			0.013090
147000			-1447.707593			0.011844
148000			-1447.707593			0.010717
149000			-1447.707593			0.009697
150000			-1447.707593			0.008774
151000			-1447.707593			0.007939
152000			-1447.707593			0.007184
153000			-1447.707593			0.006500
154000			-1447.707593			0.005882
155000			-1447.707593			0.005322
156000			-1447.707593			0.004815
157000			-1447.707593			0.004357
158000			-1447.707593			0.003942
159000			-1447.707593			0.003567
160000			-1447.707593			0.003228
161000			-1447.707593			0.002921
162000			-1447.707593			0.002643
163000			-1447.707593			0.002391
164000			-1447.707593			0.002164
165000			-1447.707593			0.001958
166000			-1447.707593			0.001771
167000			-1447.707593			0.001603
168000			-1447.707593			0.001450
169000			-1447.707593			0.001312
170000			-1447.707593			0.001187
171000			-1447.707593			0.001074
Iteration: 5
Step			Log-likelihood			Temperature
1			-32069.046049			99900.000000
1000			-28461.944853			36769.542477
2000			-25270.519000			23501.721022
3000			-28787.397504			21265.130236
4000			-26266.141116			19241.389323
5000			-28183.398058			17410.241977
6000			-24866.117878			15753.359626
7000			-25677.984192			14254.157974
8000			-27916.770552			12897.631004
9000			-28861.513807			11670.200782
10000			-28461.563651			10559.581542
11000			-29895.174883			9554.656721
12000			-31853.265151			8645.367688
13000			-28661.678031			7822.613061
14000			-29354.510215			7078.157611
15000			-28555.885580			6404.549832
16000			-23535.545883			5795.047357
17000			-27325.743078			5243.549468
18000			-26970.285615			4744.536038
19000			-23716.275707			4293.012272
20000			-27705.912741			3884.458716
21000			-28220.457738			3514.786020
22000			-25327.722580			3180.294005
23000			-22976.845463			2877.634626
24000			-26801.416412			2603.778466
25000			-17739.886280			2355.984403
26000			-19940.903386			2131.772185
27000			-22103.664655			1928.897594
28000			-23132.091787			1745.329992
29000			-25255.878749			1579.231987
30000			-16789.143897			1428.941048
31000			-26630.353979			1292.952863
32000			-18143.668748			1169.906280
33000			-16574.480189			1058.569685
34000			-18359.027295			957.828671
35000			-14514.983929			866.674888
36000			-19683.588485			784.195947
37000			-15220.875949			709.566288
38000			-13108.468866			642.038917
39000			-13742.135855			580.937931
40000			-18554.438521			525.651749
41000			-13704.956058			475.626993
42000			-13043.838113			430.362949
43000			-13663.090625			389.406552
44000			-11430.699329			352.347857
45000			-10534.952561			318.815931
46000			-11069.318923			288.475142
47000			-11751.718532			261.021797
48000			-11474.004486			236.181108
49000			-9381.310331			213.704435
50000			-7471.861763			193.366803
51000			-8027.940762			174.964643
52000			-6861.939374			158.313765
53000			-8110.510507			143.247502
54000			-7535.240473			129.615051
55000			-6735.149699			117.279962
56000			-6935.920824			106.118767
57000			-5855.090026			96.019751
58000			-4300.691305			86.881830
59000			-4372.007404			78.613537
60000			-3580.176552			71.132114
61000			-4034.515347			64.362677
62000			-4544.864347			58.237467
63000			-3532.426268			52.695176
64000			-3162.173127			47.680328
65000			-2983.844788			43.142730
66000			-2574.359312			39.036961
67000			-2504.746803			35.321926
68000			-2353.332791			31.960441
69000			-2205.616239			28.918858
70000			-1999.444065			26.166734
71000			-1914.041863			23.676522
72000			-1935.264859			21.423296
73000			-1893.528440			19.384503
74000			-1806.261380			17.539736
75000			-1705.714551			15.870530
76000			-1635.521482			14.360177
77000			-1610.859052			12.993561
78000			-1580.505292			11.757001
79000			-1565.328412			10.638121
80000			-1639.315702			9.625722
81000			-1601.373502			8.709670
82000			-1601.373502			7.880796
83000			-1523.591993			7.130803
84000			-1512.209333			6.452185
85000			-1502.723783			5.838150
86000			-1512.209333			5.282550
87000			-1516.003553			4.779825
88000			-1491.341123			4.324943
89000			-1481.855573			3.913350
90000			-1476.164243			3.540928
91000			-1485.649793			3.203948
92000			-1478.061353			2.899038
93000			-1487.546903			2.623145
94000			-1485.649793			2.373508
95000			-1476.164243			2.147628
96000			-1483.752683			1.943244
97000			-1472.370023			1.758311
98000			-1476.164243			1.590978
99000			-1460.987363			1.439569
100000			-1459.090253			1.302570
101000			-1459.090253			1.178608
102000			-1460.987363			1.066443
103000			-1459.090253			0.964953
104000			-1459.090253			0.873121
105000			-1457.193143			0.790029
106000			-1453.398923			0.714844
107000			-1455.296033			0.646814
108000			-1453.398923			0.585259
109000			-1449.604703			0.529561
110000			-1447.707593			0.479165
111000			-1447.707593			0.433564
112000			-1447.707593			0.392303
113000			-1447.707593			0.354969
114000			-1447.707593			0.321187
115000			-1447.707593			0.290621
116000			-1447.707593			0.262963
117000			-1447.707593			0.237938
118000			-1447.707593			0.215294
119000			-1447.707593			0.194805
120000			-1447.707593			0.176266
121000			-1447.707593			0.159491
122000			-1447.707593			0.144313
123000			-1447.707593			0.130579
124000			-1447.707593			0.118152
125000			-1447.707593			0.106908
126000			-1447.707593			0.096734
127000			-1447.707593			0.087528
128000			-1447.707593			0.079198
129000			-1447.707593			0.071661
130000			-1447.707593			0.064841
131000			-1447.707593			0.058671
132000			-1447.707593			0.053087
133000			-1447.707593			0.048035
134000			-1447.707593			0.043464
135000			-1447.707593			0.039327
136000			-1447.707593			0.035585
137000			-1447.707593			0.032198
138000			-1447.707593			0.029134
139000			-1447.707593			0.026361
140000			-1447.707593			0.023853
141000			-1447.707593			0.021583
142000			-1447.707593			0.019529
143000			-1447.707593			0.017670
144000			-1447.707593			0.015989
145000			-1447.707593			0.014467
146000			-1447.707593			0.013090
147000			-1447.707593			0.011844
148000			-1447.707593			0.010717
149000			-1447.707593			0.009697
150000			-1447.707593			0.008774
151000			-1447.707593			0.007939
152000			-1447.707593			0.007184
153000			-1447.707593			0.006500
154000			-1447.707593			0.005882
155000			-1447.707593			0.005322
156000			-1447.707593			0.004815
157000			-1447.707593			0.004357
158000			-1447.707593			0.003942
159000			-1447.707593			0.003567
160000			-1447.707593			0.003228
161000			-1447.707593			0.002921
162000			-1447.707593			0.002643
163000			-1447.707593			0.002391
164000			-1447.707593			0.002164
165000			-1447.707593			0.001958
166000			-1447.707593			0.001771
167000			-1447.707593			0.001603
168000			-1447.707593			0.001450
169000			-1447.707593			0.001312
170000			-1447.707593			0.001187
171000			-1447.707593			0.001074
Iteration: 6
Step			Log-likelihood			Temperature
1			-31465.383873			99900.000000
1000			-28817.827449			36769.542477
2000			-28440.167710			23501.721022
3000			-29469.239909			21265.130236
4000			-26436.074680			19241.389323
5000			-22752.520202			17410.241977
6000			-25232.512293			15753.359626
7000			-28692.483338			14254.157974
8000			-26729.965461			12897.631004
9000			-20710.461616			11670.200782
10000			-28190.320855			10559.581542
11000			-23279.034258			9554.656721
12000			-24801.009164			8645.367688
13000			-27681.754688			7822.613061
14000			-27026.542169			7078.157611
15000			-26908.273224			6404.549832
16000			-25195.983403			5795.047357
17000			-25228.536231			5243.549468
18000			-28861.777673			4744.536038
19000			-21902.474237			4293.012272
20000			-26845.006010			3884.458716
21000			-29397.047130			3514.786020
22000			-23669.278930			3180.294005
23000			-26678.840251			2877.634626
24000			-24432.911159			2603.778466
25000			-27173.754345			2355.984403
26000			-22067.179696			2131.772185
27000			-23839.482199			1928.897594
28000			-22531.464486			1745.329992
29000			-30285.824112			1579.231987
30000			-25544.579518			1428.941048
31000			-19232.991081			1292.952863
32000			-22576.285551			1169.906280
33000			-22430.993841			1058.569685
34000			-25035.605734			957.828671
35000			-19292.493548			866.674888
36000			-17777.983908			784.195947
37000			-15316.332584			709.566288
38000			-16255.085332			642.038917
39000			-16327.008406			580.937931
40000			-15358.274202			525.651749
41000			-18525.412988			475.626993
42000			-17178.637844			430.362949
43000			-11549.513523			389.406552
44000			-11357.055149			352.347857
45000			-14021.579905			318.815931
46000			-12424.670684			288.475142
47000			-12250.045644			261.021797
48000			-10826.101805			236.181108
49000			-10035.610858			213.704435
50000			-7173.569787			193.366803
51000			-7208.195728			174.964643
52000			-8757.941066			158.313765
53000			-7143.732081			143.247502
54000			-7845.463416			129.615051
55000			-7116.210779			117.279962
56000			-6251.483413			106.118767
57000			-6401.296435			96.019751
58000			-6496.468628			86.881830
59000			-4954.962638			78.613537
60000			-5088.496325			71.132114
61000			-3895.258076			64.362677
62000			-4262.329812			58.237467
63000			-3601.560815			52.695176
64000			-3115.971005			47.680328
65000			-3285.136328			43.142730
66000			-2710.828056			39.036961
67000			-2671.053253			35.321926
68000			-2754.622853			31.960441
69000			-2173.720157			28.918858
70000			-1923.495159			26.166734
71000			-1658.286802			23.676522
72000			-1898.832729			21.423296
73000			-1866.581860			19.384503
74000			-1679.155011			17.539736
75000			-1633.624372			15.870530
76000			-1616.550382			14.360177
77000			-1599.476392			12.993561
78000			-1559.637082			11.757001
79000			-1593.785062			10.638121
80000			-1571.019742			9.625722
81000			-1555.842862			8.709670
82000			-1502.723783			7.880796
83000			-1533.077543			7.130803
84000			-1555.842862			6.452185
85000			-1521.694883			5.838150
86000			-1516.003553			5.282550
87000			-1519.797773			4.779825
88000			-1516.003553			4.324943
89000			-1514.106443			3.913350
90000			-1495.135343			3.540928
91000			-1491.341123			3.203948
92000			-1487.546903			2.899038
93000			-1497.032453			2.623145
94000			-1512.209333			2.373508
95000			-1500.826673			2.147628
96000			-1498.929563			1.943244
97000			-1470.472913			1.758311
98000			-1460.987363			1.590978
99000			-1462.884473			1.439569
100000			-1462.884473			1.302570
101000			-1462.884473			1.178608
102000			-1460.987363			1.066443
103000			-1459.090253			0.964953
104000			-1457.193143			0.873121
105000			-1459.090253			0.790029
106000			-1457.193143			0.714844
107000			-1459.090253			0.646814
108000			-1459.090253			0.585259
109000			-1459.090253			0.529561
110000			-1455.296033			0.479165
111000			-1455.296033			0.433564
112000			-1457.193143			0.392303
113000			-1453.398923			0.354969
114000			-1453.398923			0.321187
115000			-1451.501813			0.290621
116000			-1451.501813			0.262963
117000			-1451.501813			0.237938
118000			-1451.501813			0.215294
119000			-1451.501813			0.194805
120000			-1451.501813			0.176266
121000			-1451.501813			0.159491
122000			-1451.501813			0.144313
123000			-1451.501813			0.130579
124000			-1451.501813			0.118152
125000			-1451.501813			0.106908
126000			-1451.501813			0.096734
127000			-1451.501813			0.087528
128000			-1451.501813			0.079198
129000			-1451.501813			0.071661
130000			-1451.501813			0.064841
131000			-1451.501813			0.058671
132000			-1451.501813			0.053087
133000			-1451.501813			0.048035
134000			-1451.501813			0.043464
135000			-1451.501813			0.039327
136000			-1451.501813			0.035585
137000			-1451.501813			0.032198
138000			-1451.501813			0.029134
139000			-1451.501813			0.026361
140000			-1451.501813			0.023853
141000			-1451.501813			0.021583
142000			-1451.501813			0.019529
143000			-1451.501813			0.017670
144000			-1451.501813			0.015989
145000			-1451.501813			0.014467
146000			-1451.501813			0.013090
147000			-1451.501813			0.011844
148000			-1451.501813			0.010717
149000			-1451.501813			0.009697
150000			-1451.501813			0.008774
151000			-1451.501813			0.007939
152000			-1451.501813			0.007184
153000			-1451.501813			0.006500
154000			-1451.501813			0.005882
155000			-1451.501813			0.005322
156000			-1451.501813			0.004815
157000			-1451.501813			0.004357
158000			-1451.501813			0.003942
159000			-1451.501813			0.003567
160000			-1451.501813			0.003228
161000			-1451.501813			0.002921
162000			-1451.501813			0.002643
163000			-1451.501813			0.002391
164000			-1451.501813			0.002164
165000			-1451.501813			0.001958
166000			-1451.501813			0.001771
167000			-1451.501813			0.001603
168000			-1451.501813			0.001450
169000			-1451.501813			0.001312
170000			-1451.501813			0.001187
171000			-1451.501813			0.001074
Iteration: 7
Step			Log-likelihood			Temperature
1			-31342.039470			99900.000000
1000			-22248.968043			36769.542477
2000			-27736.357422			23501.721022
3000			-25191.593886			21265.130236
4000			-28303.001069			19241.389323
5000			-29526.232452			17410.241977
6000			-26038.740105			15753.359626
7000			-25801.613035			14254.157974
8000			-29449.263116			12897.631004
9000			-25915.885343			11670.200782
10000			-27626.448218			10559.581542
11000			-29257.564086			9554.656721
12000			-30669.550544			8645.367688
13000			-29817.044426			7822.613061
14000			-26657.306399			7078.157611
15000			-25015.775472			6404.549832
16000			-26040.475948			5795.047357
17000			-27394.141637			5243.549468
18000			-21625.205899			4744.536038
19000			-26107.126986			4293.012272
20000			-20074.346152			3884.458716
21000			-18828.106159			3514.786020
22000			-26382.084759			3180.294005
23000			-24538.096635			2877.634626
24000			-26872.383562			2603.778466
25000			-23183.947146			2355.984403
26000			-30615.232251			2131.772185
27000			-20570.409689			1928.897594
28000			-25310.680843			1745.329992
29000			-25870.419210			1579.231987
30000			-23315.202522			1428.941048
31000			-23696.703471			1292.952863
32000			-22916.343142			1169.906280
33000			-20615.230754			1058.569685
34000			-23556.915410			957.828671
35000			-16996.084313			866.674888
36000			-21857.421559			784.195947
37000			-16450.141771			709.566288
38000			-18944.469096			642.038917
39000			-16984.701654			580.937931
40000			-10689.108109			525.651749
41000			-14611.962312			475.626993
42000			-12835.375950			430.362949
43000			-13231.974536			389.406552
44000			-10169.701750			352.347857
45000			-11509.847158			318.815931
46000			-9783.600247			288.475142
47000			-10528.223284			261.021797
48000			-11950.088171			236.181108
49000			-11512.225288			213.704435
50000			-9930.155677			193.366803
51000			-6880.356327			174.964643
52000			-8356.812271			158.313765
53000			-7834.338784			143.247502
54000			-6619.458244			129.615051
55000			-5716.762264			117.279962
56000			-6313.319801			106.118767
57000			-6982.536400			96.019751
58000			-5641.780959			86.881830
59000			-5583.480764			78.613537
60000			-5141.776671			71.132114
61000			-4566.409878			64.362677
62000			-3979.176624			58.237467
63000			-3939.337314			52.695176
64000			-3566.800022			47.680328
65000			-3021.174174			43.142730
66000			-2369.283752			39.036961
67000			-2201.983286			35.321926
68000			-2133.880847			31.960441
69000			-1904.911100			28.918858
70000			-1811.952710			26.166734
71000			-1703.817441			23.676522
72000			-1756.936521			21.423296
73000			-1696.229001			19.384503
74000			-1690.537671			17.539736
75000			-1775.907621			15.870530
76000			-1751.245191			14.360177
77000			-1684.846341			12.993561
78000			-1622.241712			11.757001
79000			-1502.723783			10.638121
80000			-1493.238233			9.625722
81000			-1500.826673			8.709670
82000			-1514.106443			7.880796
83000			-1504.620893			7.130803
84000			-1493.238233			6.452185
85000			-1519.797773			5.838150
86000			-1510.312223			5.282550
87000			-1497.032453			4.779825
88000			-1489.444013			4.324943
89000			-1491.341123			3.913350
90000			-1487.546903			3.540928
91000			-1498.929563			3.203948
92000			-1489.444013			2.899038
93000			-1487.546903			2.623145
94000			-1485.649793			2.373508
95000			-1493.238233			2.147628
96000			-1470.472913			1.943244
97000			-1474.267133			1.758311
98000			-1472.370023			1.590978
99000			-1472.370023			1.439569
100000			-1457.193143			1.302570
101000			-1453.398923			1.178608
102000			-1453.398923			1.066443
103000			-1449.604703			0.964953
104000			-1455.296033			0.873121
105000			-1455.296033			0.790029
106000			-1453.398923			0.714844
107000			-1453.398923			0.646814
108000			-1451.501813			0.585259
109000			-1453.398923			0.529561
110000			-1453.398923			0.479165
111000			-1449.604703			0.433564
112000			-1449.604703			0.392303
113000			-1449.604703			0.354969
114000			-1449.604703			0.321187
115000			-1449.604703			0.290621
116000			-1449.604703			0.262963
117000			-1449.604703			0.237938
118000			-1449.604703			0.215294
119000			-1449.604703			0.194805
120000			-1449.604703			0.176266
121000			-1449.604703			0.159491
122000			-1449.604703			0.144313
123000			-1449.604703			0.130579
124000			-1447.707593			0.118152
125000			-1447.707593			0.106908
126000			-1447.707593			0.096734
127000			-1447.707593			0.087528
128000			-1447.707593			0.079198
129000			-1447.707593			0.071661
130000			-1447.707593			0.064841
131000			-1447.707593			0.058671
132000			-1447.707593			0.053087
133000			-1447.707593			0.048035
134000			-1447.707593			0.043464
135000			-1447.707593			0.039327
136000			-1447.707593			0.035585
137000			-1447.707593			0.032198
138000			-1447.707593			0.029134
139000			-1447.707593			0.026361
140000			-1447.707593			0.023853
141000			-1447.707593			0.021583
142000			-1447.707593			0.019529
143000			-1447.707593			0.017670
144000			-1447.707593			0.015989
145000			-1447.707593			0.014467
146000			-1447.707593			0.013090
147000			-1447.707593			0.011844
148000			-1447.707593			0.010717
149000			-1447.707593			0.009697
150000			-1447.707593			0.008774
151000			-1447.707593			0.007939
152000			-1447.707593			0.007184
153000			-1447.707593			0.006500
154000			-1447.707593			0.005882
155000			-1447.707593			0.005322
156000			-1447.707593			0.004815
157000			-1447.707593			0.004357
158000			-1447.707593			0.003942
159000			-1447.707593			0.003567
160000			-1447.707593			0.003228
161000			-1447.707593			0.002921
162000			-1447.707593			0.002643
163000			-1447.707593			0.002391
164000			-1447.707593			0.002164
165000			-1447.707593			0.001958
166000			-1447.707593			0.001771
167000			-1447.707593			0.001603
168000			-1447.707593			0.001450
169000			-1447.707593			0.001312
170000			-1447.707593			0.001187
171000			-1447.707593			0.001074
Iteration: 8
Step			Log-likelihood			Temperature
1			-31446.541786			99900.000000
1000			-24657.215845			36769.542477
2000			-24971.438207			23501.721022
3000			-26805.160861			21265.130236
4000			-25737.208056			19241.389323
5000			-22007.214004			17410.241977
6000			-26054.626559			15753.359626
7000			-29411.282823			14254.157974
8000			-29515.345270			12897.631004
9000			-27846.518815			11670.200782
10000			-27777.938414			10559.581542
11000			-27609.626416			9554.656721
12000			-26924.186092			8645.367688
13000			-27826.219488			7822.613061
14000			-23987.263257			7078.157611
15000			-28671.582874			6404.549832
16000			-25624.542578			5795.047357
17000			-26938.325025			5243.549468
18000			-29074.189485			4744.536038
19000			-29431.878270			4293.012272
20000			-24714.768373			3884.458716
21000			-26122.626399			3514.786020
22000			-25852.635646			3180.294005
23000			-26124.684776			2877.634626
24000			-24361.556968			2603.778466
25000			-20447.983117			2355.984403
26000			-21166.902719			2131.772185
27000			-26240.206068			1928.897594
28000			-22135.786511			1745.329992
29000			-23979.663139			1579.231987
30000			-25701.819712			1428.941048
31000			-23427.164265			1292.952863
32000			-19986.255241			1169.906280
33000			-15542.050580			1058.569685
34000			-20428.525159			957.828671
35000			-19945.706357			866.674888
36000			-21580.601710			784.195947
37000			-21544.808808			709.566288
38000			-17048.397059			642.038917
39000			-16832.443215			580.937931
40000			-12688.046438			525.651749
41000			-18553.136708			475.626993
42000			-13439.979313			430.362949
43000			-10509.090917			389.406552
44000			-12282.044326			352.347857
45000			-13205.027955			318.815931
46000			-10293.755727			288.475142
47000			-10230.183496			261.021797
48000			-8470.999496			236.181108
49000			-10243.507197			213.704435
50000			-8786.526729			193.366803
51000			-9219.879979			174.964643
52000			-9608.995782			158.313765
53000			-7998.038550			143.247502
54000			-6488.783428			129.615051
55000			-7388.485684			117.279962
56000			-4836.761258			106.118767
57000			-6350.358906			96.019751
58000			-4736.446041			86.881830
59000			-5768.371274			78.613537
60000			-5666.625231			71.132114
61000			-5288.332102			64.362677
62000			-4539.076257			58.237467
63000			-3827.569092			52.695176
64000			-3612.975729			47.680328
65000			-3396.930964			43.142730
66000			-2754.810534			39.036961
67000			-2758.637007			35.321926
68000			-2769.826147			31.960441
69000			-2588.187389			28.918858
70000			-2056.292858			26.166734
71000			-2040.664431			23.676522
72000			-2059.732291			21.423296
73000			-2108.992644			19.384503
74000			-1840.409360			17.539736
75000			-1779.701841			15.870530
76000			-1694.331891			14.360177
77000			-1635.521482			12.993561
78000			-1574.813962			11.757001
79000			-1559.637082			10.638121
80000			-1544.460203			9.625722
81000			-1574.813962			8.709670
82000			-1538.768873			7.880796
83000			-1563.431302			7.130803
84000			-1531.180433			6.452185
85000			-1533.077543			5.838150
86000			-1500.826673			5.282550
87000			-1534.974653			4.779825
88000			-1531.180433			4.324943
89000			-1508.415113			3.913350
90000			-1500.826673			3.540928
91000			-1498.929563			3.203948
92000			-1502.723783			2.899038
93000			-1510.312223			2.623145
94000			-1504.620893			2.373508
95000			-1489.444013			2.147628
96000			-1481.855573			1.943244
97000			-1481.855573			1.758311
98000			-1464.781583			1.590978
99000			-1460.987363			1.439569
100000			-1457.193143			1.302570
101000			-1453.398923			1.178608
102000			-1449.604703			1.066443
103000			-1453.398923			0.964953
104000			-1457.193143			0.873121
105000			-1459.090253			0.790029
106000			-1460.987363			0.714844
107000			-1460.987363			0.646814
108000			-1460.987363			0.585259
109000			-1457.193143			0.529561
110000			-1457.193143			0.479165
111000			-1455.296033			0.433564
112000			-1455.296033			0.392303
113000			-1453.398923			0.354969
114000			-1453.398923			0.321187
115000			-1453.398923			0.290621
116000			-1453.398923			0.262963
117000			-1453.398923			0.237938
118000			-1453.398923			0.215294
119000			-1453.398923			0.194805
120000			-1453.398923			0.176266
121000			-1453.398923			0.159491
122000			-1453.398923			0.144313
123000			-1453.398923			0.130579
124000			-1453.398923			0.118152
125000			-1453.398923			0.106908
126000			-1453.398923			0.096734
127000			-1453.398923			0.087528
128000			-1453.398923			0.079198
129000			-1453.398923			0.071661
130000			-1453.398923			0.064841
131000			-1453.398923			0.058671
132000			-1453.398923			0.053087
133000			-1453.398923			0.048035
134000			-1453.398923			0.043464
135000			-1453.398923			0.039327
136000			-1453.398923			0.035585
137000			-1453.398923			0.032198
138000			-1453.398923			0.029134
139000			-1453.398923			0.026361
140000			-1453.398923			0.023853
141000			-1453.398923			0.021583
142000			-1453.398923			0.019529
143000			-1453.398923			0.017670
144000			-1453.398923			0.015989
145000			-1453.398923			0.014467
146000			-1453.398923			0.013090
147000			-1453.398923			0.011844
148000			-1453.398923			0.010717
149000			-1451.501813			0.009697
150000			-1451.501813			0.008774
151000			-1451.501813			0.007939
152000			-1451.501813			0.007184
153000			-1451.501813			0.006500
154000			-1451.501813			0.005882
155000			-1451.501813			0.005322
156000			-1451.501813			0.004815
157000			-1451.501813			0.004357
158000			-1451.501813			0.003942
159000			-1451.501813			0.003567
160000			-1451.501813			0.003228
161000			-1451.501813			0.002921
162000			-1451.501813			0.002643
163000			-1451.501813			0.002391
164000			-1451.501813			0.002164
165000			-1451.501813			0.001958
166000			-1451.501813			0.001771
167000			-1451.501813			0.001603
168000			-1451.501813			0.001450
169000			-1451.501813			0.001312
170000			-1451.501813			0.001187
171000			-1451.501813			0.001074
Iteration: 9
Step			Log-likelihood			Temperature
1			-31198.117138			99900.000000
1000			-30791.991852			36769.542477
2000			-28683.217722			23501.721022
3000			-27269.565767			21265.130236
4000			-27381.157986			19241.389323
5000			-26930.402373			17410.241977
6000			-29626.274905			15753.359626
7000			-24098.585772			14254.157974
8000			-27095.424528			12897.631004
9000			-20742.938259			11670.200782
10000			-25496.861488			10559.581542
11000			-21002.326273			9554.656721
12000			-27071.864552			8645.367688
13000			-29932.064400			7822.613061
14000			-25554.375923			7078.157611
15000			-26961.283865			6404.549832
16000			-25664.478648			5795.047357
17000			-28462.364147			5243.549468
18000			-27016.396815			4744.536038
19000			-25784.984754			4293.012272
20000			-28762.257113			3884.458716
21000			-28265.252389			3514.786020
22000			-27845.680227			3180.294005
23000			-24857.541262			2877.634626
24000			-23860.473583			2603.778466
25000			-22655.679729			2355.984403
26000			-25512.193795			2131.772185
27000			-21692.009306			1928.897594
28000			-21471.654267			1745.329992
29000			-22476.105187			1579.231987
30000			-23675.395392			1428.941048
31000			-25983.788422			1292.952863
32000			-20331.986645			1169.906280
33000			-18539.208812			1058.569685
34000			-21758.170703			957.828671
35000			-14409.590197			866.674888
36000			-21046.771976			784.195947
37000			-22157.944856			709.566288
38000			-17124.196376			642.038917
39000			-12574.697801			580.937931
40000			-17318.593011			525.651749
41000			-13796.119936			475.626993
42000			-10442.354798			430.362949
43000			-14145.710066			389.406552
44000			-10453.359314			352.347857
45000			-14567.935903			318.815931
46000			-13523.161872			288.475142
47000			-9503.085996			261.021797
48000			-10045.389747			236.181108
49000			-9846.049448			213.704435
50000			-8868.662444			193.366803
51000			-7551.191434			174.964643
52000			-8386.532642			158.313765
53000			-6707.396785			143.247502
54000			-6967.494373			129.615051
55000			-8546.077562			117.279962
56000			-6845.859399			106.118767
57000			-6086.188496			96.019751
58000			-6548.974894			86.881830
59000			-5739.269557			78.613537
60000			-5539.917580			71.132114
61000			-5608.239954			64.362677
62000			-3950.209759			58.237467
63000			-3748.374273			52.695176
64000			-3028.058878			47.680328
65000			-2802.593071			43.142730
66000			-2685.198025			39.036961
67000			-2626.645643			35.321926
68000			-2154.974831			31.960441
69000			-2075.360718			28.918858
70000			-1950.441739			26.166734
71000			-1692.434781			23.676522
72000			-1684.846341			21.423296
73000			-1804.364270			19.384503
74000			-1635.521482			17.539736
75000			-1618.447492			15.870530
76000			-1654.492582			14.360177
77000			-1571.019742			12.993561
78000			-1591.887952			11.757001
79000			-1500.826673			10.638121
80000			-1487.546903			9.625722
81000			-1500.826673			8.709670
82000			-1510.312223			7.880796
83000			-1521.694883			7.130803
84000			-1498.929563			6.452185
85000			-1500.826673			5.838150
86000			-1514.106443			5.282550
87000			-1497.032453			4.779825
88000			-1498.929563			4.324943
89000			-1493.238233			3.913350
90000			-1487.546903			3.540928
91000			-1514.106443			3.203948
92000			-1497.032453			2.899038
93000			-1464.781583			2.623145
94000			-1468.575803			2.373508
95000			-1457.193143			2.147628
96000			-1462.884473			1.943244
97000			-1466.678693			1.758311
98000			-1462.884473			1.590978
99000			-1466.678693			1.439569
100000			-1462.884473			1.302570
101000			-1466.678693			1.178608
102000			-1459.090253			1.066443
103000			-1460.987363			0.964953
104000			-1459.090253			0.873121
105000			-1457.193143			0.790029
106000			-1455.296033			0.714844
107000			-1457.193143			0.646814
108000			-1455.296033			0.585259
109000			-1453.398923			0.529561
110000			-1457.193143			0.479165
111000			-1457.193143			0.433564
112000			-1457.193143			0.392303
113000			-1453.398923			0.354969
114000			-1453.398923			0.321187
115000			-1453.398923			0.290621
116000			-1453.398923			0.262963
117000			-1453.398923			0.237938
118000			-1453.398923			0.215294
119000			-1453.398923			0.194805
120000			-1453.398923			0.176266
121000			-1453.398923			0.159491
122000			-1453.398923			0.144313
123000			-1453.398923			0.130579
124000			-1453.398923			0.118152
125000			-1453.398923			0.106908
126000			-1453.398923			0.096734
127000			-1453.398923			0.087528
128000			-1453.398923			0.079198
129000			-1453.398923			0.071661
130000			-1453.398923			0.064841
131000			-1453.398923			0.058671
132000			-1453.398923			0.053087
133000			-1453.398923			0.048035
134000			-1453.398923			0.043464
135000			-1453.398923			0.039327
136000			-1453.398923			0.035585
137000			-1453.398923			0.032198
138000			-1453.398923			0.029134
139000			-1453.398923			0.026361
140000			-1453.398923			0.023853
141000			-1453.398923			0.021583
142000			-1453.398923			0.019529
143000			-1453.398923			0.017670
144000			-1453.398923			0.015989
145000			-1453.398923			0.014467
146000			-1453.398923			0.013090
147000			-1453.398923			0.011844
148000			-1453.398923			0.010717
149000			-1453.398923			0.009697
150000			-1453.398923			0.008774
151000			-1453.398923			0.007939
152000			-1453.398923			0.007184
153000			-1453.398923			0.006500
154000			-1453.398923			0.005882
155000			-1453.398923			0.005322
156000			-1453.398923			0.004815
157000			-1453.398923			0.004357
158000			-1453.398923			0.003942
159000			-1453.398923			0.003567
160000			-1453.398923			0.003228
161000			-1453.398923			0.002921
162000			-1453.398923			0.002643
163000			-1453.398923			0.002391
164000			-1453.398923			0.002164
165000			-1453.398923			0.001958
166000			-1453.398923			0.001771
167000			-1453.398923			0.001603
168000			-1453.398923			0.001450
169000			-1453.398923			0.001312
170000			-1453.398923			0.001187
171000			-1453.398923			0.001074
Iteration: 10
Step			Log-likelihood			Temperature
1			-32252.452904			99900.000000
1000			-26348.684446			36769.542477
2000			-25687.657423			23501.721022
3000			-26939.471410			21265.130236
4000			-27584.911157			19241.389323
5000			-24663.176880			17410.241977
6000			-25557.234795			15753.359626
7000			-25171.766681			14254.157974
8000			-22609.125602			12897.631004
9000			-27939.186924			11670.200782
10000			-25483.182999			10559.581542
11000			-27540.471293			9554.656721
12000			-25036.857777			8645.367688
13000			-28784.479965			7822.613061
14000			-30719.541046			7078.157611
15000			-28826.383490			6404.549832
16000			-22050.835856			5795.047357
17000			-30382.028414			5243.549468
18000			-25521.245315			4744.536038
19000			-25557.349073			4293.012272
20000			-28440.457990			3884.458716
21000			-30002.445150			3514.786020
22000			-29146.795718			3180.294005
23000			-26952.158942			2877.634626
24000			-25853.093032			2603.778466
25000			-23430.137414			2355.984403
26000			-24855.755648			2131.772185
27000			-28145.579033			1928.897594
28000			-23866.170752			1745.329992
29000			-24928.361882			1579.231987
30000			-23480.819974			1428.941048
31000			-21358.393492			1292.952863
32000			-24298.817486			1169.906280
33000			-23928.511516			1058.569685
34000			-18630.490026			957.828671
35000			-16963.038787			866.674888
36000			-20636.571087			784.195947
37000			-21359.519580			709.566288
38000			-19808.504405			642.038917
39000			-14953.140151			580.937931
40000			-13094.118896			525.651749
41000			-18829.868416			475.626993
42000			-13356.893514			430.362949
43000			-11355.357398			389.406552
44000			-16678.413622			352.347857
45000			-9681.150468			318.815931
46000			-9986.734765			288.475142
47000			-13902.560513			261.021797
48000			-9536.621162			236.181108
49000			-9682.414189			213.704435
50000			-10122.860400			193.366803
51000			-8530.314282			174.964643
52000			-9399.906068			158.313765
53000			-7600.387280			143.247502
54000			-6905.309037			129.615051
55000			-7714.949868			117.279962
56000			-6908.522697			106.118767
57000			-7435.274205			96.019751
58000			-5888.947725			86.881830
59000			-4537.953228			78.613537
60000			-5710.238185			71.132114
61000			-4431.102255			64.362677
62000			-4151.071805			58.237467
63000			-3582.460702			52.695176
64000			-2952.884053			47.680328
65000			-3028.865213			43.142730
66000			-2850.311101			39.036961
67000			-2505.649897			35.321926
68000			-2258.703066			31.960441
69000			-2194.556113			28.918858
70000			-1935.264859			26.166734
71000			-2035.456902			23.676522
72000			-1827.129590			21.423296
73000			-1853.689130			19.384503
74000			-1903.013990			17.539736
75000			-1692.434781			15.870530
76000			-1732.274091			14.360177
77000			-1684.846341			12.993561
78000			-1663.978132			11.757001
79000			-1612.756162			10.638121
80000			-1614.653272			9.625722
81000			-1616.550382			8.709670
82000			-1553.945752			7.880796
83000			-1550.151533			7.130803
84000			-1576.711072			6.452185
85000			-1533.077543			5.838150
86000			-1500.826673			5.282550
87000			-1498.929563			4.779825
88000			-1514.106443			4.324943
89000			-1483.752683			3.913350
90000			-1476.164243			3.540928
91000			-1468.575803			3.203948
92000			-1470.472913			2.899038
93000			-1489.444013			2.623145
94000			-1485.649793			2.373508
95000			-1481.855573			2.147628
96000			-1481.855573			1.943244
97000			-1466.678693			1.758311
98000			-1466.678693			1.590978
99000			-1462.884473			1.439569
100000			-1462.884473			1.302570
101000			-1455.296033			1.178608
102000			-1455.296033			1.066443
103000			-1453.398923			0.964953
104000			-1455.296033			0.873121
105000			-1455.296033			0.790029
106000			-1455.296033			0.714844
107000			-1453.398923			0.646814
108000			-1449.604703			0.585259
109000			-1449.604703			0.529561
110000			-1449.604703			0.479165
111000			-1449.604703			0.433564
112000			-1447.707593			0.392303
113000			-1447.707593			0.354969
114000			-1447.707593			0.321187
115000			-1447.707593			0.290621
116000			-1447.707593			0.262963
117000			-1447.707593			0.237938
118000			-1447.707593			0.215294
119000			-1447.707593			0.194805
120000			-1447.707593			0.176266
121000			-1447.707593			0.159491
122000			-1447.707593			0.144313
123000			-1447.707593			0.130579
124000			-1447.707593			0.118152
125000			-1447.707593			0.106908
126000			-1447.707593			0.096734
127000			-1447.707593			0.087528
128000			-1447.707593			0.079198
129000			-1447.707593			0.071661
130000			-1447.707593			0.064841
131000			-1447.707593			0.058671
132000			-1447.707593			0.053087
133000			-1447.707593			0.048035
134000			-1447.707593			0.043464
135000			-1447.707593			0.039327
136000			-1447.707593			0.035585
137000			-1447.707593			0.032198
138000			-1447.707593			0.029134
139000			-1447.707593			0.026361
140000			-1447.707593			0.023853
141000			-1447.707593			0.021583
142000			-1447.707593			0.019529
143000			-1447.707593			0.017670
144000			-1447.707593			0.015989
145000			-1447.707593			0.014467
146000			-1447.707593			0.013090
147000			-1447.707593			0.011844
148000			-1447.707593			0.010717
149000			-1447.707593			0.009697
150000			-1447.707593			0.008774
151000			-1447.707593			0.007939
152000			-1447.707593			0.007184
153000			-1447.707593			0.006500
154000			-1447.707593			0.005882
155000			-1447.707593			0.005322
156000			-1447.707593			0.004815
157000			-1447.707593			0.004357
158000			-1447.707593			0.003942
159000			-1447.707593			0.003567
160000			-1447.707593			0.003228
161000			-1447.707593			0.002921
162000			-1447.707593			0.002643
163000			-1447.707593			0.002391
164000			-1447.707593			0.002164
165000			-1447.707593			0.001958
166000			-1447.707593			0.001771
167000			-1447.707593			0.001603
168000			-1447.707593			0.001450
169000			-1447.707593			0.001312
170000			-1447.707593			0.001187
171000			-1447.707593			0.001074

Maximum likelihood Tree found: -1447.707593
digraph g {
	"49" -> "50";
	"50" [label="13"];
	"48" -> "49";
	"49" [label="31"];
	"47" -> "48";
	"48" [label="33"];
	"46" -> "47";
	"47" [label="25"];
	"45" -> "46";
	"46" [label="26"];
	"44" -> "45";
	"45" [label="36"];
	"43" -> "44";
	"44" [label="30"];
	"42" -> "43";
	"43" [label="40"];
	"40" -> "41";
	"41" [label="39"];
	"39" -> "40";
	"40" [label="28"];
	"38" -> "39";
	"39" [label="3"];
	"38" -> "42";
	"42" [label="6"];
	"37" -> "38";
	"38" [label="16"];
	"36" -> "37";
	"37" [label="11"];
	"35" -> "36";
	"36" [label="32"];
	"34" -> "35";
	"35" [label="34"];
	"33" -> "34";
	"34" [label="44"];
	"32" -> "33";
	"33" [label="5"];
	"31" -> "32";
	"32" [label="50"];
	"30" -> "31";
	"31" [label="2"];
	"29" -> "30";
	"30" [label="8"];
	"28" -> "29";
	"29" [label="37"];
	"27" -> "28";
	"28" [label="1"];
	"26" -> "27";
	"27" [label="29"];
	"25" -> "26";
	"26" [label="4"];
	"23" -> "24";
	"24" [label="7"];
	"22" -> "23";
	"23" [label="27"];
	"21" -> "22";
	"22" [label="12"];
	"20" -> "21";
	"21" [label="15"];
	"19" -> "20";
	"20" [label="49"];
	"18" -> "19";
	"19" [label="46"];
	"16" -> "17";
	"17" [label="45"];
	"15" -> "16";
	"16" [label="38"];
	"13" -> "14";
	"14" [label="19"];
	"12" -> "13";
	"13" [label="17"];
	"11" -> "12";
	"12" [label="18"];
	"10" -> "11";
	"11" [label="43"];
	"9" -> "10";
	"10" [label="9"];
	"8" -> "9";
	"9" [label="22"];
	"7" -> "8";
	"8" [label="10"];
	"7" -> "15";
	"15" [label="35"];
	"7" -> "18";
	"18" [label="41"];
	"7" -> "25";
	"25" [label="14"];
	"6" -> "7";
	"7" [label="47"];
	"5" -> "6";
	"6" [label="23"];
	"4" -> "5";
	"5" [label="24"];
	"3" -> "4";
	"4" [label="21"];
	"2" -> "3";
	"3" [label="48"];
	"1" -> "2";
	"2" [label="42"];
	"0" -> "1";
	"1" [label="20"];
	"0" [label="germline"];
	labelloc="t";
	label="Confidence score: -1447.707593";
}
Best cell assigment:
47 14 24 30 24 34 39 37 6 14 30 50 40 38 41 22 30 50 5 30 13 29 30 4 14 36 50 21 15 16 14 14 41 41 16 14 41 7 30 38 40 39 16 36 30 46 50 15 30 47 36 13 38 50 40 24 17 29 48 50 49 38 7 29 14 24 38 47 38 6 24 40 5 38 30 41 38 47 38 5 48 45 7 17 29 13 16 5 30 37 41 6 7 24 30 38 7 41 50 28 49 41 47 24 15 23 44 24 24 40 29 24 16 22 7 24 30 47 38 17 16 50 37 46 13 30 41 17 38 12 38 38 14 7 17 24 30 24 49 49 41 38 7 13 30 17 24 45 17 30 41 23 14 37 41 27 24 11 16 47 38 38 30 40 29 46 29 14 23 14 29 41 17 41 14 38 44 7 7 24 29 11 30 14 28 37 47 38 14 7 17 30 41 38 7 35 47 24 38 16 24 49 29 47 38 17 16 14 47 41 14 50 30 14 23 24 50 50 7 7 41 14 23 30 37 24 6 13 41 30 47 40 6 17 14 7 14 47 47 7 23 37 50 38 47 30 41 49 7 23 
alpha: 0.150000
beta: 0.000010
alpha: 1.000000
