Starting SASC.
Iteration: 1
Step			Log-likelihood			Temperature
1			-19343.591434			99900.000000
1000			-16082.640935			36769.542477
2000			-18030.841095			23501.721022
3000			-17573.350090			21265.130236
4000			-18190.591214			19241.389323
5000			-14391.908323			17410.241977
6000			-15759.803865			15753.359626
7000			-18192.869525			14254.157974
8000			-19914.976327			12897.631004
9000			-16136.818537			11670.200782
10000			-18768.160134			10559.581542
11000			-19401.290493			9554.656721
12000			-18763.802870			8645.367688
13000			-16591.544373			7822.613061
14000			-20467.395959			7078.157611
15000			-14090.901225			6404.549832
16000			-17523.975459			5795.047357
17000			-16802.906559			5243.549468
18000			-16309.036252			4744.536038
19000			-18508.085902			4293.012272
20000			-20161.498026			3884.458716
21000			-15202.985819			3514.786020
22000			-17041.895428			3180.294005
23000			-15248.164730			2877.634626
24000			-17774.619751			2603.778466
25000			-16006.175975			2355.984403
26000			-17544.515296			2131.772185
27000			-20004.940991			1928.897594
28000			-19840.440730			1745.329992
29000			-17950.174300			1579.231987
30000			-15871.099965			1428.941048
31000			-13436.066849			1292.952863
32000			-17344.324733			1169.906280
33000			-18339.744431			1058.569685
34000			-16008.627232			957.828671
35000			-11800.344588			866.674888
36000			-12860.286601			784.195947
37000			-12689.127408			709.566288
38000			-16398.206260			642.038917
39000			-14070.534333			580.937931
40000			-11165.469488			525.651749
41000			-13048.126904			475.626993
42000			-11289.368037			430.362949
43000			-9785.203110			389.406552
44000			-13074.096985			352.347857
45000			-11418.151581			318.815931
46000			-10876.619131			288.475142
47000			-11058.817874			261.021797
48000			-10649.778106			236.181108
49000			-11601.449998			213.704435
50000			-10140.299947			193.366803
51000			-9331.653132			174.964643
52000			-9393.832628			158.313765
53000			-8154.031632			143.247502
54000			-8428.564272			129.615051
55000			-7497.256215			117.279962
56000			-7473.051171			106.118767
57000			-7136.778903			96.019751
58000			-7582.787431			86.881830
59000			-7108.993735			78.613537
60000			-5513.632676			71.132114
61000			-4781.703009			64.362677
62000			-4123.863231			58.237467
63000			-3674.860978			52.695176
64000			-3376.504496			47.680328
65000			-3475.277390			43.142730
66000			-3250.037355			39.036961
67000			-2665.120505			35.321926
68000			-2556.888476			31.960441
69000			-2644.058775			28.918858
70000			-2371.616765			26.166734
71000			-2326.215139			23.676522
72000			-2080.300415			21.423296
73000			-2072.711975			19.384503
74000			-2182.260553			17.539736
75000			-2165.186563			15.870530
76000			-1862.197273			14.360177
77000			-1890.653923			12.993561
78000			-1951.264682			11.757001
79000			-1909.592769			10.638121
80000			-1890.621670			9.625722
81000			-1805.251720			8.709670
82000			-1780.589290			7.880796
83000			-1786.280620			7.130803
84000			-1773.000851			6.452185
85000			-1559.207983			5.838150
86000			-1547.889830			5.282550
87000			-1502.520457			4.779825
88000			-1485.446467			4.324943
89000			-1419.692685			3.913350
90000			-1425.384015			3.540928
91000			-1429.178235			3.203948
92000			-1423.486905			2.899038
93000			-1417.795575			2.623145
94000			-1414.001355			2.373508
95000			-1415.898465			2.147628
96000			-1410.207135			1.943244
97000			-1412.104245			1.758311
98000			-1404.515805			1.590978
99000			-1387.474069			1.439569
100000			-1387.474069			1.302570
101000			-1385.576959			1.178608
102000			-1385.576959			1.066443
103000			-1385.576959			0.964953
104000			-1387.474069			0.873121
105000			-1234.259707			0.790029
106000			-1228.568377			0.714844
107000			-1222.877047			0.646814
108000			-1222.877047			0.585259
109000			-1219.082827			0.529561
110000			-1219.082827			0.479165
111000			-1219.082827			0.433564
112000			-1220.979937			0.392303
113000			-1220.979937			0.354969
114000			-1220.979937			0.321187
115000			-1220.979937			0.290621
116000			-1219.082827			0.262963
117000			-1219.082827			0.237938
118000			-1217.185717			0.215294
119000			-1217.185717			0.194805
120000			-1217.185717			0.176266
121000			-1217.185717			0.159491
122000			-1215.288607			0.144313
123000			-1215.288607			0.130579
124000			-1215.288607			0.118152
125000			-1215.288607			0.106908
126000			-1215.288607			0.096734
127000			-1215.288607			0.087528
128000			-1215.288607			0.079198
129000			-1215.288607			0.071661
130000			-1215.288607			0.064841
131000			-1215.288607			0.058671
132000			-1215.288607			0.053087
133000			-1215.288607			0.048035
134000			-1215.288607			0.043464
135000			-1215.288607			0.039327
136000			-1215.288607			0.035585
137000			-1215.288607			0.032198
138000			-1215.288607			0.029134
139000			-1215.288607			0.026361
140000			-1215.288607			0.023853
141000			-1215.288607			0.021583
142000			-1215.288607			0.019529
143000			-1215.288607			0.017670
144000			-1215.288607			0.015989
145000			-1215.288607			0.014467
146000			-1215.288607			0.013090
147000			-1215.288607			0.011844
148000			-1215.288607			0.010717
149000			-1215.288607			0.009697
150000			-1215.288607			0.008774
151000			-1215.288607			0.007939
152000			-1215.288607			0.007184
153000			-1215.288607			0.006500
154000			-1215.288607			0.005882
155000			-1215.288607			0.005322
156000			-1215.288607			0.004815
157000			-1215.288607			0.004357
158000			-1215.288607			0.003942
159000			-1215.288607			0.003567
160000			-1215.288607			0.003228
161000			-1215.288607			0.002921
162000			-1215.288607			0.002643
163000			-1215.288607			0.002391
164000			-1215.288607			0.002164
165000			-1215.288607			0.001958
166000			-1215.288607			0.001771
167000			-1215.288607			0.001603
168000			-1215.288607			0.001450
169000			-1215.288607			0.001312
170000			-1215.288607			0.001187
171000			-1215.288607			0.001074
Iteration: 2
Step			Log-likelihood			Temperature
1			-18149.030797			99900.000000
1000			-18468.686461			36769.542477
2000			-17737.897341			23501.721022
3000			-19071.413290			21265.130236
4000			-17684.860285			19241.389323
5000			-19902.766757			17410.241977
6000			-18465.408295			15753.359626
7000			-20553.328951			14254.157974
8000			-18839.241562			12897.631004
9000			-18935.536784			11670.200782
10000			-18196.018678			10559.581542
11000			-18316.322366			9554.656721
12000			-18871.938139			8645.367688
13000			-17038.857772			7822.613061
14000			-17809.008241			7078.157611
15000			-17865.179713			6404.549832
16000			-19692.407484			5795.047357
17000			-17750.532043			5243.549468
18000			-19412.640899			4744.536038
19000			-16391.304038			4293.012272
20000			-17475.961310			3884.458716
21000			-20076.268768			3514.786020
22000			-18875.881948			3180.294005
23000			-14084.576506			2877.634626
24000			-17783.964609			2603.778466
25000			-19653.638374			2355.984403
26000			-16710.212036			2131.772185
27000			-18764.984567			1928.897594
28000			-16070.413849			1745.329992
29000			-14337.757136			1579.231987
30000			-15552.502823			1428.941048
31000			-16950.414855			1292.952863
32000			-18019.141741			1169.906280
33000			-18077.952150			1058.569685
34000			-16453.424867			957.828671
35000			-10819.834845			866.674888
36000			-11866.517663			784.195947
37000			-14454.254926			709.566288
38000			-12206.589990			642.038917
39000			-13631.785872			580.937931
40000			-11328.937642			525.651749
41000			-10438.489323			475.626993
42000			-11095.399593			430.362949
43000			-12439.658974			389.406552
44000			-9785.153339			352.347857
45000			-12224.772273			318.815931
46000			-10347.401630			288.475142
47000			-10053.161901			261.021797
48000			-10970.087735			236.181108
49000			-9371.196322			213.704435
50000			-9417.049495			193.366803
51000			-9973.832230			174.964643
52000			-9250.077402			158.313765
53000			-8590.786222			143.247502
54000			-8307.967246			129.615051
55000			-7858.604367			117.279962
56000			-8435.190950			106.118767
57000			-8733.031379			96.019751
58000			-6343.754676			86.881830
59000			-6102.150226			78.613537
60000			-5758.257265			71.132114
61000			-5727.129424			64.362677
62000			-4740.702578			58.237467
63000			-4682.311462			52.695176
64000			-4291.254618			47.680328
65000			-3511.774026			43.142730
66000			-3591.517153			39.036961
67000			-2993.739826			35.321926
68000			-2971.039013			31.960441
69000			-2533.870968			28.918858
70000			-2486.443218			26.166734
71000			-2200.463411			23.676522
72000			-2128.373232			21.423296
73000			-2173.903871			19.384503
74000			-1976.604433			17.539736
75000			-1788.790545			15.870530
76000			-1783.099215			14.360177
77000			-1786.893435			12.993561
78000			-1792.584764			11.757001
79000			-1794.481874			10.638121
80000			-1802.070314			9.625722
81000			-1798.276094			8.709670
82000			-1762.231005			7.880796
83000			-1726.185915			7.130803
84000			-1741.362795			6.452185
85000			-1745.157015			5.838150
86000			-1717.280926			5.282550
87000			-1715.383816			4.779825
88000			-1684.449495			4.324943
89000			-1654.095736			3.913350
90000			-1650.301516			3.540928
91000			-1646.507296			3.203948
92000			-1648.404406			2.899038
93000			-1654.095736			2.623145
94000			-1612.359316			2.373508
95000			-1606.667986			2.147628
96000			-1610.462206			1.943244
97000			-1612.359316			1.758311
98000			-1574.417116			1.590978
99000			-1561.137346			1.439569
100000			-1555.446016			1.302570
101000			-1553.548906			1.178608
102000			-1559.240236			1.066443
103000			-1553.548906			0.964953
104000			-1555.446016			0.873121
105000			-1517.503817			0.790029
106000			-1517.503817			0.714844
107000			-1511.812487			0.646814
108000			-1511.812487			0.585259
109000			-1511.812487			0.529561
110000			-1471.973177			0.479165
111000			-1466.281847			0.433564
112000			-1464.384737			0.392303
113000			-1462.487627			0.354969
114000			-1462.487627			0.321187
115000			-1462.487627			0.290621
116000			-1420.751207			0.262963
117000			-1420.751207			0.237938
118000			-1420.751207			0.215294
119000			-1420.751207			0.194805
120000			-1418.854097			0.176266
121000			-1418.854097			0.159491
122000			-1418.854097			0.144313
123000			-1418.854097			0.130579
124000			-1418.854097			0.118152
125000			-1418.854097			0.106908
126000			-1418.854097			0.096734
127000			-1418.854097			0.087528
128000			-1418.854097			0.079198
129000			-1418.854097			0.071661
130000			-1372.168175			0.064841
131000			-1372.168175			0.058671
132000			-1372.168175			0.053087
133000			-1372.168175			0.048035
134000			-1372.168175			0.043464
135000			-1372.168175			0.039327
136000			-1372.168175			0.035585
137000			-1372.168175			0.032198
138000			-1372.168175			0.029134
139000			-1372.168175			0.026361
140000			-1372.168175			0.023853
141000			-1372.168175			0.021583
142000			-1372.168175			0.019529
143000			-1372.168175			0.017670
144000			-1372.168175			0.015989
145000			-1372.168175			0.014467
146000			-1372.168175			0.013090
147000			-1372.168175			0.011844
148000			-1372.168175			0.010717
149000			-1372.168175			0.009697
150000			-1372.168175			0.008774
151000			-1372.168175			0.007939
152000			-1372.168175			0.007184
153000			-1372.168175			0.006500
154000			-1372.168175			0.005882
155000			-1372.168175			0.005322
156000			-1372.168175			0.004815
157000			-1372.168175			0.004357
158000			-1372.168175			0.003942
159000			-1372.168175			0.003567
160000			-1372.168175			0.003228
161000			-1372.168175			0.002921
162000			-1372.168175			0.002643
163000			-1372.168175			0.002391
164000			-1372.168175			0.002164
165000			-1372.168175			0.001958
166000			-1372.168175			0.001771
167000			-1372.168175			0.001603
168000			-1372.168175			0.001450
169000			-1372.168175			0.001312
170000			-1372.168175			0.001187
171000			-1372.168175			0.001074
Iteration: 3
Step			Log-likelihood			Temperature
1			-17861.895708			99900.000000
1000			-19717.908501			36769.542477
2000			-15806.747814			23501.721022
3000			-16348.418175			21265.130236
4000			-15473.049977			19241.389323
5000			-18658.409138			17410.241977
6000			-19984.820448			15753.359626
7000			-17930.816159			14254.157974
8000			-19874.491950			12897.631004
9000			-19054.189712			11670.200782
10000			-16959.551457			10559.581542
11000			-17186.762005			9554.656721
12000			-19603.049794			8645.367688
13000			-19882.150735			7822.613061
14000			-18310.329077			7078.157611
15000			-19218.871815			6404.549832
16000			-16439.845920			5795.047357
17000			-19735.337278			5243.549468
18000			-19035.728827			4744.536038
19000			-16627.035316			4293.012272
20000			-19022.648416			3884.458716
21000			-16497.483530			3514.786020
22000			-19437.690370			3180.294005
23000			-16546.673537			2877.634626
24000			-18400.466687			2603.778466
25000			-15670.710042			2355.984403
26000			-17382.873907			2131.772185
27000			-15485.587919			1928.897594
28000			-16820.159333			1745.329992
29000			-17273.105394			1579.231987
30000			-18490.173324			1428.941048
31000			-17838.755025			1292.952863
32000			-18463.587370			1169.906280
33000			-18128.669744			1058.569685
34000			-18174.537654			957.828671
35000			-15357.983014			866.674888
36000			-19424.088066			784.195947
37000			-16963.914559			709.566288
38000			-12929.661658			642.038917
39000			-11158.584783			580.937931
40000			-10393.565659			525.651749
41000			-16689.859880			475.626993
42000			-11687.174734			430.362949
43000			-10638.776648			389.406552
44000			-10941.598832			352.347857
45000			-13718.516302			318.815931
46000			-12169.990754			288.475142
47000			-10815.594917			261.021797
48000			-11523.630396			236.181108
49000			-10281.078965			213.704435
50000			-10039.591851			193.366803
51000			-8789.369956			174.964643
52000			-8389.537136			158.313765
53000			-8785.279617			143.247502
54000			-7078.156175			129.615051
55000			-8476.857024			117.279962
56000			-6943.719393			106.118767
57000			-6250.033884			96.019751
58000			-6123.792517			86.881830
59000			-6006.461978			78.613537
60000			-6232.792788			71.132114
61000			-5058.041839			64.362677
62000			-4696.591087			58.237467
63000			-4916.371404			52.695176
64000			-4145.182988			47.680328
65000			-3958.298608			43.142730
66000			-3123.898588			39.036961
67000			-2452.295239			35.321926
68000			-2644.897363			31.960441
69000			-2601.392846			28.918858
70000			-2189.467792			26.166734
71000			-1979.340131			23.676522
72000			-1570.048175			21.423296
73000			-1552.974185			19.384503
74000			-1471.398455			17.539736
75000			-1499.855105			15.870530
76000			-1518.826205			14.360177
77000			-1492.266665			12.993561
78000			-1513.134875			11.757001
79000			-1488.472445			10.638121
80000			-1437.250476			9.625722
81000			-1403.102496			8.709670
82000			-1393.616946			7.880796
83000			-1401.205386			7.130803
84000			-1404.999606			6.452185
85000			-1404.999606			5.838150
86000			-1287.378787			5.282550
87000			-1281.687457			4.779825
88000			-1289.275897			4.324943
89000			-1255.127917			3.913350
90000			-1255.127917			3.540928
91000			-1241.848147			3.203948
92000			-1245.642367			2.899038
93000			-1260.819247			2.623145
94000			-1247.539477			2.373508
95000			-1239.951037			2.147628
96000			-1236.156817			1.943244
97000			-1228.568377			1.758311
98000			-1226.671267			1.590978
99000			-1236.156817			1.439569
100000			-1228.568377			1.302570
101000			-1232.362597			1.178608
102000			-1226.671267			1.066443
103000			-1224.774157			0.964953
104000			-1224.774157			0.873121
105000			-1224.774157			0.790029
106000			-1222.877047			0.714844
107000			-1222.877047			0.646814
108000			-1222.877047			0.585259
109000			-1222.877047			0.529561
110000			-1220.979937			0.479165
111000			-1220.979937			0.433564
112000			-1220.979937			0.392303
113000			-1220.979937			0.354969
114000			-1220.979937			0.321187
115000			-1219.082827			0.290621
116000			-1217.185717			0.262963
117000			-1215.288607			0.237938
118000			-1215.288607			0.215294
119000			-1215.288607			0.194805
120000			-1215.288607			0.176266
121000			-1215.288607			0.159491
122000			-1215.288607			0.144313
123000			-1215.288607			0.130579
124000			-1215.288607			0.118152
125000			-1215.288607			0.106908
126000			-1215.288607			0.096734
127000			-1215.288607			0.087528
128000			-1215.288607			0.079198
129000			-1215.288607			0.071661
130000			-1215.288607			0.064841
131000			-1215.288607			0.058671
132000			-1215.288607			0.053087
133000			-1215.288607			0.048035
134000			-1215.288607			0.043464
135000			-1215.288607			0.039327
136000			-1215.288607			0.035585
137000			-1215.288607			0.032198
138000			-1215.288607			0.029134
139000			-1215.288607			0.026361
140000			-1215.288607			0.023853
141000			-1215.288607			0.021583
142000			-1215.288607			0.019529
143000			-1215.288607			0.017670
144000			-1215.288607			0.015989
145000			-1215.288607			0.014467
146000			-1215.288607			0.013090
147000			-1215.288607			0.011844
148000			-1215.288607			0.010717
149000			-1215.288607			0.009697
150000			-1215.288607			0.008774
151000			-1215.288607			0.007939
152000			-1215.288607			0.007184
153000			-1215.288607			0.006500
154000			-1215.288607			0.005882
155000			-1215.288607			0.005322
156000			-1215.288607			0.004815
157000			-1215.288607			0.004357
158000			-1215.288607			0.003942
159000			-1215.288607			0.003567
160000			-1215.288607			0.003228
161000			-1215.288607			0.002921
162000			-1215.288607			0.002643
163000			-1215.288607			0.002391
164000			-1215.288607			0.002164
165000			-1215.288607			0.001958
166000			-1215.288607			0.001771
167000			-1215.288607			0.001603
168000			-1215.288607			0.001450
169000			-1215.288607			0.001312
170000			-1215.288607			0.001187
171000			-1215.288607			0.001074
Iteration: 4
Step			Log-likelihood			Temperature
1			-19943.233617			99900.000000
1000			-19615.147867			36769.542477
2000			-20120.890474			23501.721022
3000			-20111.249496			21265.130236
4000			-15032.509787			19241.389323
5000			-17365.031676			17410.241977
6000			-19900.262672			15753.359626
7000			-19564.403859			14254.157974
8000			-14797.326816			12897.631004
9000			-18634.122071			11670.200782
10000			-18807.424722			10559.581542
11000			-19134.695240			9554.656721
12000			-16962.559917			8645.367688
13000			-19414.930889			7822.613061
14000			-17822.150100			7078.157611
15000			-17657.600068			6404.549832
16000			-18015.541041			5795.047357
17000			-17864.558001			5243.549468
18000			-19662.317590			4744.536038
19000			-17245.842119			4293.012272
20000			-19912.774200			3884.458716
21000			-15834.834941			3514.786020
22000			-20116.128653			3180.294005
23000			-18478.333278			2877.634626
24000			-13778.399970			2603.778466
25000			-15917.360754			2355.984403
26000			-19729.162148			2131.772185
27000			-19993.376489			1928.897594
28000			-19089.900589			1745.329992
29000			-16267.965475			1579.231987
30000			-16564.410111			1428.941048
31000			-15788.034741			1292.952863
32000			-17920.310179			1169.906280
33000			-17425.132220			1058.569685
34000			-17629.691726			957.828671
35000			-12063.611903			866.674888
36000			-12463.377159			784.195947
37000			-16537.399024			709.566288
38000			-12432.006028			642.038917
39000			-17277.603349			580.937931
40000			-12978.057009			525.651749
41000			-11094.335232			475.626993
42000			-12140.636849			430.362949
43000			-9825.831237			389.406552
44000			-10833.243628			352.347857
45000			-10749.034800			318.815931
46000			-10672.091879			288.475142
47000			-12198.066203			261.021797
48000			-11972.433289			236.181108
49000			-8949.301917			213.704435
50000			-8171.815196			193.366803
51000			-8802.998674			174.964643
52000			-8994.064315			158.313765
53000			-9258.686272			143.247502
54000			-6921.786822			129.615051
55000			-7041.078977			117.279962
56000			-7709.366068			106.118767
57000			-6922.206116			96.019751
58000			-6897.769459			86.881830
59000			-5969.836328			78.613537
60000			-5902.598891			71.132114
61000			-6570.569287			64.362677
62000			-5506.038397			58.237467
63000			-4610.285790			52.695176
64000			-3843.219966			47.680328
65000			-3319.811131			43.142730
66000			-3247.849965			39.036961
67000			-2983.028648			35.321926
68000			-3045.730038			31.960441
69000			-3027.210485			28.918858
70000			-2443.545677			26.166734
71000			-2146.796024			23.676522
72000			-2076.602955			21.423296
73000			-2108.821571			19.384503
74000			-1858.564320			17.539736
75000			-1735.252171			15.870530
76000			-1572.584513			14.360177
77000			-1485.317454			12.993561
78000			-1439.786814			11.757001
79000			-1453.066584			10.638121
80000			-1445.478144			9.625722
81000			-1445.478144			8.709670
82000			-1445.478144			7.880796
83000			-1443.581034			7.130803
84000			-1430.301264			6.452185
85000			-1432.198374			5.838150
86000			-1424.609934			5.282550
87000			-1420.815714			4.779825
88000			-1418.918604			4.324943
89000			-1418.918604			3.913350
90000			-1426.507044			3.540928
91000			-1437.889704			3.203948
92000			-1443.581034			2.899038
93000			-1441.683924			2.623145
94000			-1432.198374			2.373508
95000			-1426.507044			2.147628
96000			-1422.712824			1.943244
97000			-1417.021494			1.758311
98000			-1413.227274			1.590978
99000			-1407.535944			1.439569
100000			-1405.638834			1.302570
101000			-1407.535944			1.178608
102000			-1405.638834			1.066443
103000			-1403.741724			0.964953
104000			-1405.638834			0.873121
105000			-1403.741724			0.790029
106000			-1405.638834			0.714844
107000			-1405.638834			0.646814
108000			-1403.741724			0.585259
109000			-1401.844614			0.529561
110000			-1401.844614			0.479165
111000			-1399.947504			0.433564
112000			-1399.947504			0.392303
113000			-1398.050394			0.354969
114000			-1398.050394			0.321187
115000			-1398.050394			0.290621
116000			-1398.050394			0.262963
117000			-1398.050394			0.237938
118000			-1398.050394			0.215294
119000			-1398.050394			0.194805
120000			-1398.050394			0.176266
121000			-1398.050394			0.159491
122000			-1398.050394			0.144313
123000			-1396.153284			0.130579
124000			-1396.153284			0.118152
125000			-1394.256174			0.106908
126000			-1394.256174			0.096734
127000			-1394.256174			0.087528
128000			-1394.256174			0.079198
129000			-1394.256174			0.071661
130000			-1394.256174			0.064841
131000			-1394.256174			0.058671
132000			-1394.256174			0.053087
133000			-1394.256174			0.048035
134000			-1394.256174			0.043464
135000			-1394.256174			0.039327
136000			-1392.359064			0.035585
137000			-1392.359064			0.032198
138000			-1392.359064			0.029134
139000			-1392.359064			0.026361
140000			-1392.359064			0.023853
141000			-1392.359064			0.021583
142000			-1392.359064			0.019529
143000			-1392.359064			0.017670
144000			-1392.359064			0.015989
145000			-1392.359064			0.014467
146000			-1392.359064			0.013090
147000			-1392.359064			0.011844
148000			-1392.359064			0.010717
149000			-1392.359064			0.009697
150000			-1392.359064			0.008774
151000			-1392.359064			0.007939
152000			-1392.359064			0.007184
153000			-1392.359064			0.006500
154000			-1392.359064			0.005882
155000			-1392.359064			0.005322
156000			-1392.359064			0.004815
157000			-1392.359064			0.004357
158000			-1392.359064			0.003942
159000			-1392.359064			0.003567
160000			-1392.359064			0.003228
161000			-1392.359064			0.002921
162000			-1392.359064			0.002643
163000			-1392.359064			0.002391
164000			-1392.359064			0.002164
165000			-1392.359064			0.001958
166000			-1392.359064			0.001771
167000			-1392.359064			0.001603
168000			-1392.359064			0.001450
169000			-1392.359064			0.001312
170000			-1392.359064			0.001187
171000			-1392.359064			0.001074
Iteration: 5
Step			Log-likelihood			Temperature
1			-19538.767989			99900.000000
1000			-19259.834154			36769.542477
2000			-16772.268358			23501.721022
3000			-18693.803321			21265.130236
4000			-18470.504328			19241.389323
5000			-19329.452501			17410.241977
6000			-18016.320961			15753.359626
7000			-20037.933689			14254.157974
8000			-13578.678471			12897.631004
9000			-20869.539344			11670.200782
10000			-19738.964392			10559.581542
11000			-16859.664431			9554.656721
12000			-16101.541689			8645.367688
13000			-16425.258498			7822.613061
14000			-16564.838302			7078.157611
15000			-15536.789314			6404.549832
16000			-15456.433374			5795.047357
17000			-17614.966393			5243.549468
18000			-16430.495222			4744.536038
19000			-16400.877451			4293.012272
20000			-16169.784820			3884.458716
21000			-17533.293903			3514.786020
22000			-15046.056481			3180.294005
23000			-13860.998911			2877.634626
24000			-18434.022428			2603.778466
25000			-18563.166598			2355.984403
26000			-13887.740293			2131.772185
27000			-14014.362861			1928.897594
28000			-17622.748353			1745.329992
29000			-18877.720390			1579.231987
30000			-16583.052838			1428.941048
31000			-16275.501086			1292.952863
32000			-16133.997758			1169.906280
33000			-16708.578792			1058.569685
34000			-13079.366241			957.828671
35000			-12055.175979			866.674888
36000			-16038.910646			784.195947
37000			-13815.793863			709.566288
38000			-18976.971246			642.038917
39000			-16021.341177			580.937931
40000			-15855.896671			525.651749
41000			-12790.325144			475.626993
42000			-11828.941929			430.362949
43000			-12690.851573			389.406552
44000			-11784.249877			352.347857
45000			-10699.856471			318.815931
46000			-10692.631716			288.475142
47000			-9944.569246			261.021797
48000			-10482.219613			236.181108
49000			-9145.671847			213.704435
50000			-9622.183723			193.366803
51000			-8295.965933			174.964643
52000			-8959.696400			158.313765
53000			-9599.462334			143.247502
54000			-8345.935860			129.615051
55000			-8383.614193			117.279962
56000			-7364.297249			106.118767
57000			-6579.796810			96.019751
58000			-6501.376072			86.881830
59000			-5822.377803			78.613537
60000			-4469.750062			71.132114
61000			-4399.782766			64.362677
62000			-4623.700412			58.237467
63000			-4553.636356			52.695176
64000			-4081.100542			47.680328
65000			-3982.128289			43.142730
66000			-3925.731044			39.036961
67000			-3668.143380			35.321926
68000			-3224.671190			31.960441
69000			-2713.741629			28.918858
70000			-2383.708999			26.166734
71000			-2103.839815			23.676522
72000			-2073.486056			21.423296
73000			-2084.868716			19.384503
74000			-1925.640490			17.539736
75000			-1885.801181			15.870530
76000			-1819.402331			14.360177
77000			-1669.659656			12.993561
78000			-1673.324862			11.757001
79000			-1671.427752			10.638121
80000			-1646.829829			9.625722
81000			-1497.377434			8.709670
82000			-1491.686104			7.880796
83000			-1504.965874			7.130803
84000			-1491.686104			6.452185
85000			-1453.743905			5.838150
86000			-1455.641015			5.282550
87000			-1455.641015			4.779825
88000			-1453.743905			4.324943
89000			-1465.126565			3.913350
90000			-1459.435235			3.540928
91000			-1461.332345			3.203948
92000			-1455.641015			2.899038
93000			-1457.538125			2.623145
94000			-1459.435235			2.373508
95000			-1453.743905			2.147628
96000			-1440.464135			1.943244
97000			-1438.567025			1.758311
98000			-1432.875695			1.590978
99000			-1430.978585			1.439569
100000			-1421.493035			1.302570
101000			-1421.493035			1.178608
102000			-1417.698815			1.066443
103000			-1417.698815			0.964953
104000			-1419.595925			0.873121
105000			-1317.151986			0.790029
106000			-1317.151986			0.714844
107000			-1315.254876			0.646814
108000			-1313.357766			0.585259
109000			-1315.254876			0.529561
110000			-1315.254876			0.479165
111000			-1313.357766			0.433564
112000			-1313.357766			0.392303
113000			-1313.357766			0.354969
114000			-1313.357766			0.321187
115000			-1313.357766			0.290621
116000			-1313.357766			0.262963
117000			-1313.357766			0.237938
118000			-1313.357766			0.215294
119000			-1311.460656			0.194805
120000			-1311.460656			0.176266
121000			-1311.460656			0.159491
122000			-1311.460656			0.144313
123000			-1309.563546			0.130579
124000			-1309.563546			0.118152
125000			-1309.563546			0.106908
126000			-1309.563546			0.096734
127000			-1309.563546			0.087528
128000			-1309.563546			0.079198
129000			-1309.563546			0.071661
130000			-1309.563546			0.064841
131000			-1309.563546			0.058671
132000			-1309.563546			0.053087
133000			-1309.563546			0.048035
134000			-1309.563546			0.043464
135000			-1309.563546			0.039327
136000			-1309.563546			0.035585
137000			-1309.563546			0.032198
138000			-1309.563546			0.029134
139000			-1309.563546			0.026361
140000			-1309.563546			0.023853
141000			-1309.563546			0.021583
142000			-1309.563546			0.019529
143000			-1309.563546			0.017670
144000			-1309.563546			0.015989
145000			-1309.563546			0.014467
146000			-1309.563546			0.013090
147000			-1309.563546			0.011844
148000			-1260.238686			0.010717
149000			-1260.238686			0.009697
150000			-1260.238686			0.008774
151000			-1260.238686			0.007939
152000			-1260.238686			0.007184
153000			-1260.238686			0.006500
154000			-1260.238686			0.005882
155000			-1260.238686			0.005322
156000			-1260.238686			0.004815
157000			-1260.238686			0.004357
158000			-1260.238686			0.003942
159000			-1260.238686			0.003567
160000			-1260.238686			0.003228
161000			-1260.238686			0.002921
162000			-1260.238686			0.002643
163000			-1260.238686			0.002391
164000			-1260.238686			0.002164
165000			-1260.238686			0.001958
166000			-1260.238686			0.001771
167000			-1260.238686			0.001603
168000			-1260.238686			0.001450
169000			-1260.238686			0.001312
170000			-1260.238686			0.001187
171000			-1260.238686			0.001074
Iteration: 6
Step			Log-likelihood			Temperature
1			-19719.987453			99900.000000
1000			-20924.470451			36769.542477
2000			-15910.191608			23501.721022
3000			-19492.577546			21265.130236
4000			-18113.627717			19241.389323
5000			-18425.478065			17410.241977
6000			-17511.839294			15753.359626
7000			-18366.403789			14254.157974
8000			-16504.684929			12897.631004
9000			-16398.103661			11670.200782
10000			-19993.886704			10559.581542
11000			-18550.358951			9554.656721
12000			-20153.610408			8645.367688
13000			-18662.267865			7822.613061
14000			-19986.491785			7078.157611
15000			-17620.373282			6404.549832
16000			-18185.190164			5795.047357
17000			-15889.000864			5243.549468
18000			-16401.484426			4744.536038
19000			-19177.199902			4293.012272
20000			-16703.919570			3884.458716
21000			-14487.634663			3514.786020
22000			-17584.032072			3180.294005
23000			-16889.610575			2877.634626
24000			-16903.245132			2603.778466
25000			-17423.293778			2355.984403
26000			-17411.890543			2131.772185
27000			-16384.882559			1928.897594
28000			-17946.154306			1745.329992
29000			-18378.973985			1579.231987
30000			-15969.045949			1428.941048
31000			-15979.305580			1292.952863
32000			-14412.093373			1169.906280
33000			-15018.362234			1058.569685
34000			-16345.752823			957.828671
35000			-13226.217790			866.674888
36000			-14730.007355			784.195947
37000			-15199.813311			709.566288
38000			-9715.180204			642.038917
39000			-17439.664032			580.937931
40000			-14152.658370			525.651749
41000			-9610.393447			475.626993
42000			-12849.575423			430.362949
43000			-12943.436906			389.406552
44000			-10774.568071			352.347857
45000			-12639.365738			318.815931
46000			-10054.053317			288.475142
47000			-10993.143335			261.021797
48000			-10166.138234			236.181108
49000			-8791.912134			213.704435
50000			-9393.806214			193.366803
51000			-10434.099807			174.964643
52000			-8645.441786			158.313765
53000			-6742.018760			143.247502
54000			-8189.463907			129.615051
55000			-8126.568998			117.279962
56000			-6389.317569			106.118767
57000			-6164.142042			96.019751
58000			-7237.314054			86.881830
59000			-6993.135174			78.613537
60000			-7562.429436			71.132114
61000			-6778.418636			64.362677
62000			-5091.641511			58.237467
63000			-5254.470436			52.695176
64000			-4374.572029			47.680328
65000			-4848.392139			43.142730
66000			-4044.732919			39.036961
67000			-3792.836585			35.321926
68000			-3478.980688			31.960441
69000			-3058.757620			28.918858
70000			-2795.285105			26.166734
71000			-2499.981015			23.676522
72000			-2338.855680			21.423296
73000			-2442.970956			19.384503
74000			-2486.539978			17.539736
75000			-2401.363549			15.870530
76000			-2276.251050			14.360177
77000			-2280.109777			12.993561
78000			-2264.965151			11.757001
79000			-2281.942380			10.638121
80000			-2158.662485			9.625722
81000			-2009.242343			8.709670
82000			-1994.033210			7.880796
83000			-2005.351363			7.130803
84000			-2022.554367			6.452185
85000			-2035.834136			5.838150
86000			-2018.760147			5.282550
87000			-2016.863037			4.779825
88000			-2005.448123			4.324943
89000			-2003.518760			3.913350
90000			-1855.544181			3.540928
91000			-1851.749961			3.203948
92000			-1844.129268			2.899038
93000			-1851.749961			2.623145
94000			-1849.852851			2.373508
95000			-1840.367301			2.147628
96000			-1753.390522			1.943244
97000			-1618.695713			1.758311
98000			-1387.312802			1.590978
99000			-1383.518582			1.439569
100000			-1391.107022			1.302570
101000			-1387.312802			1.178608
102000			-1387.312802			1.066443
103000			-1387.312802			0.964953
104000			-1385.415692			0.873121
105000			-1385.415692			0.790029
106000			-1381.621472			0.714844
107000			-1375.930142			0.646814
108000			-1375.930142			0.585259
109000			-1377.827252			0.529561
110000			-1377.827252			0.479165
111000			-1377.827252			0.433564
112000			-1375.930142			0.392303
113000			-1375.930142			0.354969
114000			-1375.930142			0.321187
115000			-1375.930142			0.290621
116000			-1375.930142			0.262963
117000			-1375.930142			0.237938
118000			-1375.930142			0.215294
119000			-1375.930142			0.194805
120000			-1375.930142			0.176266
121000			-1375.930142			0.159491
122000			-1375.930142			0.144313
123000			-1374.033032			0.130579
124000			-1374.033032			0.118152
125000			-1372.168175			0.106908
126000			-1372.168175			0.096734
127000			-1372.168175			0.087528
128000			-1372.168175			0.079198
129000			-1372.168175			0.071661
130000			-1372.168175			0.064841
131000			-1372.168175			0.058671
132000			-1372.168175			0.053087
133000			-1372.168175			0.048035
134000			-1372.168175			0.043464
135000			-1372.168175			0.039327
136000			-1372.168175			0.035585
137000			-1372.168175			0.032198
138000			-1372.168175			0.029134
139000			-1372.168175			0.026361
140000			-1372.168175			0.023853
141000			-1372.168175			0.021583
142000			-1372.168175			0.019529
143000			-1372.168175			0.017670
144000			-1372.168175			0.015989
145000			-1372.168175			0.014467
146000			-1372.168175			0.013090
147000			-1372.168175			0.011844
148000			-1372.168175			0.010717
149000			-1372.168175			0.009697
150000			-1372.168175			0.008774
151000			-1372.168175			0.007939
152000			-1372.168175			0.007184
153000			-1372.168175			0.006500
154000			-1372.168175			0.005882
155000			-1372.168175			0.005322
156000			-1372.168175			0.004815
157000			-1372.168175			0.004357
158000			-1372.168175			0.003942
159000			-1372.168175			0.003567
160000			-1372.168175			0.003228
161000			-1372.168175			0.002921
162000			-1372.168175			0.002643
163000			-1372.168175			0.002391
164000			-1372.168175			0.002164
165000			-1372.168175			0.001958
166000			-1372.168175			0.001771
167000			-1372.168175			0.001603
168000			-1372.168175			0.001450
169000			-1372.168175			0.001312
170000			-1372.168175			0.001187
171000			-1372.168175			0.001074
Iteration: 7
Step			Log-likelihood			Temperature
1			-19776.513712			99900.000000
1000			-18135.645370			36769.542477
2000			-15825.516497			23501.721022
3000			-20172.581508			21265.130236
4000			-19885.156138			19241.389323
5000			-18733.481364			17410.241977
6000			-20073.802775			15753.359626
7000			-17851.911621			14254.157974
8000			-19451.087475			12897.631004
9000			-18073.319343			11670.200782
10000			-20013.373858			10559.581542
11000			-15394.913681			9554.656721
12000			-19479.013335			8645.367688
13000			-18515.008699			7822.613061
14000			-15879.902355			7078.157611
15000			-17666.323215			6404.549832
16000			-19271.254906			5795.047357
17000			-17781.331511			5243.549468
18000			-15874.087851			4744.536038
19000			-17506.127389			4293.012272
20000			-19348.901563			3884.458716
21000			-18221.944828			3514.786020
22000			-17839.637545			3180.294005
23000			-20273.943569			2877.634626
24000			-18217.048154			2603.778466
25000			-20177.674760			2355.984403
26000			-18825.574751			2131.772185
27000			-14342.475025			1928.897594
28000			-16893.780157			1745.329992
29000			-14578.901141			1579.231987
30000			-17148.250922			1428.941048
31000			-16469.569348			1292.952863
32000			-19832.949050			1169.906280
33000			-17304.077807			1058.569685
34000			-15975.015881			957.828671
35000			-16635.817131			866.674888
36000			-14939.313946			784.195947
37000			-12298.780138			709.566288
38000			-13975.652419			642.038917
39000			-12502.811911			580.937931
40000			-15727.423982			525.651749
41000			-11692.150651			475.626993
42000			-11496.258683			430.362949
43000			-12273.677839			389.406552
44000			-10150.392472			352.347857
45000			-12709.028017			318.815931
46000			-10302.052832			288.475142
47000			-9505.052543			261.021797
48000			-10947.225655			236.181108
49000			-9393.665522			213.704435
50000			-11298.507697			193.366803
51000			-7421.624003			174.964643
52000			-9892.121648			158.313765
53000			-8792.029469			143.247502
54000			-7545.639887			129.615051
55000			-7562.939651			117.279962
56000			-6712.137122			106.118767
57000			-6161.825638			96.019751
58000			-6325.809845			86.881830
59000			-6298.546570			78.613537
60000			-6277.420333			71.132114
61000			-5007.937059			64.362677
62000			-4676.013157			58.237467
63000			-3504.475867			52.695176
64000			-3642.964896			47.680328
65000			-3565.376907			43.142730
66000			-3387.306595			39.036961
67000			-2989.526312			35.321926
68000			-2469.562749			31.960441
69000			-2386.057656			28.918858
70000			-2091.140606			26.166734
71000			-2035.705123			23.676522
72000			-2079.306399			21.423296
73000			-1939.371808			19.384503
74000			-2030.465340			17.539736
75000			-1983.037591			15.870530
76000			-1918.535851			14.360177
77000			-1926.124291			12.993561
78000			-1916.638741			11.757001
79000			-1852.137002			10.638121
80000			-1747.795952			9.625722
81000			-1757.249249			8.709670
82000			-1723.133523			7.880796
83000			-1698.438839			7.130803
84000			-1668.117333			6.452185
85000			-1567.570504			5.838150
86000			-1573.261834			5.282550
87000			-1535.319634			4.779825
88000			-1529.628304			4.324943
89000			-1523.936974			3.913350
90000			-1525.834084			3.540928
91000			-1381.653725			3.203948
92000			-1334.225976			2.899038
93000			-1332.328866			2.623145
94000			-1332.328866			2.373508
95000			-1330.431756			2.147628
96000			-1324.740426			1.943244
97000			-1326.637536			1.758311
98000			-1322.843316			1.590978
99000			-1317.151986			1.439569
100000			-1317.151986			1.302570
101000			-1319.049096			1.178608
102000			-1313.357766			1.066443
103000			-1317.151986			0.964953
104000			-1313.357766			0.873121
105000			-1313.357766			0.790029
106000			-1317.151986			0.714844
107000			-1317.151986			0.646814
108000			-1309.563546			0.585259
109000			-1309.563546			0.529561
110000			-1309.563546			0.479165
111000			-1267.827126			0.433564
112000			-1267.827126			0.392303
113000			-1265.930016			0.354969
114000			-1265.930016			0.321187
115000			-1265.930016			0.290621
116000			-1264.032906			0.262963
117000			-1262.135796			0.237938
118000			-1262.135796			0.215294
119000			-1262.135796			0.194805
120000			-1262.135796			0.176266
121000			-1262.135796			0.159491
122000			-1260.238686			0.144313
123000			-1260.238686			0.130579
124000			-1260.238686			0.118152
125000			-1258.341576			0.106908
126000			-1258.341576			0.096734
127000			-1258.341576			0.087528
128000			-1258.341576			0.079198
129000			-1258.341576			0.071661
130000			-1258.341576			0.064841
131000			-1258.341576			0.058671
132000			-1258.341576			0.053087
133000			-1258.341576			0.048035
134000			-1258.341576			0.043464
135000			-1258.341576			0.039327
136000			-1258.341576			0.035585
137000			-1258.341576			0.032198
138000			-1258.341576			0.029134
139000			-1258.341576			0.026361
140000			-1258.341576			0.023853
141000			-1258.341576			0.021583
142000			-1258.341576			0.019529
143000			-1258.341576			0.017670
144000			-1258.341576			0.015989
145000			-1258.341576			0.014467
146000			-1258.341576			0.013090
147000			-1258.341576			0.011844
148000			-1258.341576			0.010717
149000			-1258.341576			0.009697
150000			-1258.341576			0.008774
151000			-1258.341576			0.007939
152000			-1258.341576			0.007184
153000			-1258.341576			0.006500
154000			-1258.341576			0.005882
155000			-1258.341576			0.005322
156000			-1258.341576			0.004815
157000			-1258.341576			0.004357
158000			-1258.341576			0.003942
159000			-1258.341576			0.003567
160000			-1258.341576			0.003228
161000			-1258.341576			0.002921
162000			-1258.341576			0.002643
163000			-1258.341576			0.002391
164000			-1258.341576			0.002164
165000			-1258.341576			0.001958
166000			-1258.341576			0.001771
167000			-1258.341576			0.001603
168000			-1258.341576			0.001450
169000			-1258.341576			0.001312
170000			-1258.341576			0.001187
171000			-1258.341576			0.001074
Iteration: 8
Step			Log-likelihood			Temperature
1			-19750.825014			99900.000000
1000			-19028.876375			36769.542477
2000			-19699.415363			23501.721022
3000			-18895.665221			21265.130236
4000			-15473.378350			19241.389323
5000			-19064.991811			17410.241977
6000			-17562.105340			15753.359626
7000			-19421.062088			14254.157974
8000			-17735.026790			12897.631004
9000			-18195.153675			11670.200782
10000			-19667.879906			10559.581542
11000			-20048.043731			9554.656721
12000			-20640.988890			8645.367688
13000			-19263.408439			7822.613061
14000			-17659.728791			7078.157611
15000			-14634.248762			6404.549832
16000			-17317.249139			5795.047357
17000			-18392.286008			5243.549468
18000			-18221.293921			4744.536038
19000			-19015.265174			4293.012272
20000			-19255.239438			3884.458716
21000			-18005.287249			3514.786020
22000			-18215.086537			3180.294005
23000			-16767.685321			2877.634626
24000			-15267.991935			2603.778466
25000			-17871.193576			2355.984403
26000			-19103.986694			2131.772185
27000			-20277.544269			1928.897594
28000			-17269.135171			1745.329992
29000			-16137.387420			1579.231987
30000			-19593.177204			1428.941048
31000			-16840.344383			1292.952863
32000			-14951.195142			1169.906280
33000			-17008.096396			1058.569685
34000			-18479.693759			957.828671
35000			-12843.948599			866.674888
36000			-14311.177021			784.195947
37000			-16464.872034			709.566288
38000			-18371.869345			642.038917
39000			-13423.479136			580.937931
40000			-13007.390338			525.651749
41000			-13230.926783			475.626993
42000			-11071.731179			430.362949
43000			-10658.812109			389.406552
44000			-12215.682661			352.347857
45000			-9910.169078			318.815931
46000			-10725.507078			288.475142
47000			-10601.259581			261.021797
48000			-10005.889579			236.181108
49000			-10676.704111			213.704435
50000			-10605.021547			193.366803
51000			-9642.192770			174.964643
52000			-9601.198177			158.313765
53000			-8843.307049			143.247502
54000			-9141.974387			129.615051
55000			-7923.299627			117.279962
56000			-7044.491996			106.118767
57000			-6367.804292			96.019751
58000			-6263.624510			86.881830
59000			-5378.260546			78.613537
60000			-4867.292893			71.132114
61000			-4794.918272			64.362677
62000			-4636.593142			58.237467
63000			-3738.878917			52.695176
64000			-3336.245892			47.680328
65000			-2866.085150			43.142730
66000			-2763.705717			39.036961
67000			-2936.536246			35.321926
68000			-2710.747905			31.960441
69000			-2451.263131			28.918858
70000			-2243.064833			26.166734
71000			-2366.022195			23.676522
72000			-2142.066456			21.423296
73000			-2179.976403			19.384503
74000			-1864.158890			17.539736
75000			-1779.369501			15.870530
76000			-1775.607535			14.360177
77000			-1745.286028			12.993561
78000			-1726.314929			11.757001
79000			-1697.793772			10.638121
80000			-1621.973879			9.625722
81000			-1572.649020			8.709670
82000			-1383.389568			7.880796
83000			-1368.212689			7.130803
84000			-1377.698239			6.452185
85000			-1375.801129			5.838150
86000			-1379.595349			5.282550
87000			-1370.109799			4.779825
88000			-1372.006909			4.324943
89000			-1354.932919			3.913350
90000			-1356.830029			3.540928
91000			-1351.138699			3.203948
92000			-1345.447369			2.899038
93000			-1345.447369			2.623145
94000			-1353.035809			2.373508
95000			-1326.540776			2.147628
96000			-1315.158116			1.943244
97000			-1313.261006			1.758311
98000			-1311.363896			1.590978
99000			-1309.466786			1.439569
100000			-1307.569676			1.302570
101000			-1315.158116			1.178608
102000			-1311.363896			1.066443
103000			-1305.672566			0.964953
104000			-1305.672566			0.873121
105000			-1299.981236			0.790029
106000			-1296.187016			0.714844
107000			-1298.084126			0.646814
108000			-1298.084126			0.585259
109000			-1298.084126			0.529561
110000			-1298.084126			0.479165
111000			-1298.084126			0.433564
112000			-1296.187016			0.392303
113000			-1294.289906			0.354969
114000			-1294.289906			0.321187
115000			-1294.289906			0.290621
116000			-1294.289906			0.262963
117000			-1294.289906			0.237938
118000			-1292.392796			0.215294
119000			-1292.392796			0.194805
120000			-1292.392796			0.176266
121000			-1292.392796			0.159491
122000			-1292.392796			0.144313
123000			-1292.392796			0.130579
124000			-1292.392796			0.118152
125000			-1292.392796			0.106908
126000			-1292.392796			0.096734
127000			-1292.392796			0.087528
128000			-1292.392796			0.079198
129000			-1292.392796			0.071661
130000			-1292.392796			0.064841
131000			-1292.392796			0.058671
132000			-1292.392796			0.053087
133000			-1292.392796			0.048035
134000			-1292.392796			0.043464
135000			-1292.392796			0.039327
136000			-1292.392796			0.035585
137000			-1292.392796			0.032198
138000			-1292.392796			0.029134
139000			-1292.392796			0.026361
140000			-1292.392796			0.023853
141000			-1292.392796			0.021583
142000			-1292.392796			0.019529
143000			-1292.392796			0.017670
144000			-1292.392796			0.015989
145000			-1292.392796			0.014467
146000			-1292.392796			0.013090
147000			-1292.392796			0.011844
148000			-1292.392796			0.010717
149000			-1292.392796			0.009697
150000			-1292.392796			0.008774
151000			-1292.392796			0.007939
152000			-1292.392796			0.007184
153000			-1292.392796			0.006500
154000			-1292.392796			0.005882
155000			-1292.392796			0.005322
156000			-1292.392796			0.004815
157000			-1292.392796			0.004357
158000			-1292.392796			0.003942
159000			-1292.392796			0.003567
160000			-1292.392796			0.003228
161000			-1292.392796			0.002921
162000			-1292.392796			0.002643
163000			-1292.392796			0.002391
164000			-1292.392796			0.002164
165000			-1292.392796			0.001958
166000			-1292.392796			0.001771
167000			-1292.392796			0.001603
168000			-1292.392796			0.001450
169000			-1292.392796			0.001312
170000			-1292.392796			0.001187
171000			-1292.392796			0.001074
Iteration: 9
Step			Log-likelihood			Temperature
1			-19724.233220			99900.000000
1000			-18960.521748			36769.542477
2000			-19494.694590			23501.721022
3000			-20162.084425			21265.130236
4000			-20806.676687			19241.389323
5000			-19386.623828			17410.241977
6000			-19109.405260			15753.359626
7000			-18490.070725			14254.157974
8000			-20350.865915			12897.631004
9000			-19973.560963			11670.200782
10000			-18364.975743			10559.581542
11000			-16993.772840			9554.656721
12000			-17751.429298			8645.367688
13000			-19980.284401			7822.613061
14000			-16554.390990			7078.157611
15000			-18589.940234			6404.549832
16000			-19492.067331			5795.047357
17000			-20248.996698			5243.549468
18000			-16589.506571			4744.536038
19000			-17818.698989			4293.012272
20000			-17327.030808			3884.458716
21000			-19449.911617			3514.786020
22000			-20559.213802			3180.294005
23000			-18126.546860			2877.634626
24000			-16673.559971			2603.778466
25000			-17164.864468			2355.984403
26000			-11918.314355			2131.772185
27000			-18291.686350			1928.897594
28000			-18094.471994			1745.329992
29000			-17714.932661			1579.231987
30000			-16858.708508			1428.941048
31000			-16469.956389			1292.952863
32000			-19535.211221			1169.906280
33000			-16895.366412			1058.569685
34000			-13883.661631			957.828671
35000			-16865.115251			866.674888
36000			-14293.425710			784.195947
37000			-12325.090548			709.566288
38000			-12438.392196			642.038917
39000			-11525.952639			580.937931
40000			-12553.013451			525.651749
41000			-12683.635438			475.626993
42000			-10813.407526			430.362949
43000			-12253.302327			389.406552
44000			-11898.736280			352.347857
45000			-12417.996108			318.815931
46000			-9396.477405			288.475142
47000			-9911.808161			261.021797
48000			-10072.836736			236.181108
49000			-9918.692866			213.704435
50000			-9266.430140			193.366803
51000			-9714.863510			174.964643
52000			-9359.916261			158.313765
53000			-8788.466862			143.247502
54000			-9022.198431			129.615051
55000			-8712.781822			117.279962
56000			-9123.229060			106.118767
57000			-8876.578348			96.019751
58000			-8617.222588			86.881830
59000			-7338.195095			78.613537
60000			-5515.438865			71.132114
61000			-4497.722911			64.362677
62000			-4328.783362			58.237467
63000			-4040.009190			52.695176
64000			-3564.221624			47.680328
65000			-3409.142406			43.142730
66000			-3310.847474			39.036961
67000			-2943.259684			35.321926
68000			-2395.575459			31.960441
69000			-2626.345557			28.918858
70000			-2242.296591			26.166734
71000			-2158.823752			23.676522
72000			-1994.258984			21.423296
73000			-1929.757244			19.384503
74000			-1849.627078			17.539736
75000			-1912.199454			15.870530
76000			-1897.022574			14.360177
77000			-1753.326016			12.993561
78000			-1745.737576			11.757001
79000			-1743.840466			10.638121
80000			-1722.972256			9.625722
81000			-1740.046246			8.709670
82000			-1743.840466			7.880796
83000			-1660.367626			7.130803
84000			-1614.836987			6.452185
85000			-1586.380337			5.838150
86000			-1588.277447			5.282550
87000			-1593.968777			4.779825
88000			-1599.660107			4.324943
89000			-1593.968777			3.913350
90000			-1506.701717			3.540928
91000			-1497.216168			3.203948
92000			-1489.627728			2.899038
93000			-1480.142178			2.623145
94000			-1491.524838			2.373508
95000			-1493.421948			2.147628
96000			-1497.216168			1.943244
97000			-1497.216168			1.758311
98000			-1495.319058			1.590978
99000			-1459.273968			1.439569
100000			-1449.788418			1.302570
101000			-1444.097088			1.178608
102000			-1445.994198			1.066443
103000			-1444.097088			0.964953
104000			-1444.097088			0.873121
105000			-1444.097088			0.790029
106000			-1430.817318			0.714844
107000			-1430.817318			0.646814
108000			-1427.023098			0.585259
109000			-1425.125988			0.529561
110000			-1423.228878			0.479165
111000			-1423.228878			0.433564
112000			-1425.125988			0.392303
113000			-1423.228878			0.354969
114000			-1383.389568			0.321187
115000			-1358.727139			0.290621
116000			-1358.727139			0.262963
117000			-1356.830029			0.237938
118000			-1356.830029			0.215294
119000			-1356.830029			0.194805
120000			-1354.932919			0.176266
121000			-1354.932919			0.159491
122000			-1353.035809			0.144313
123000			-1353.035809			0.130579
124000			-1353.035809			0.118152
125000			-1353.035809			0.106908
126000			-1353.035809			0.096734
127000			-1353.035809			0.087528
128000			-1353.035809			0.079198
129000			-1353.035809			0.071661
130000			-1353.035809			0.064841
131000			-1353.035809			0.058671
132000			-1353.035809			0.053087
133000			-1322.682049			0.048035
134000			-1322.682049			0.043464
135000			-1322.682049			0.039327
136000			-1322.682049			0.035585
137000			-1320.784939			0.032198
138000			-1320.784939			0.029134
139000			-1320.784939			0.026361
140000			-1320.784939			0.023853
141000			-1320.784939			0.021583
142000			-1320.784939			0.019529
143000			-1320.784939			0.017670
144000			-1320.784939			0.015989
145000			-1320.784939			0.014467
146000			-1320.784939			0.013090
147000			-1320.784939			0.011844
148000			-1320.784939			0.010717
149000			-1320.784939			0.009697
150000			-1320.784939			0.008774
151000			-1320.784939			0.007939
152000			-1320.784939			0.007184
153000			-1320.784939			0.006500
154000			-1320.784939			0.005882
155000			-1320.784939			0.005322
156000			-1320.784939			0.004815
157000			-1320.784939			0.004357
158000			-1320.784939			0.003942
159000			-1320.784939			0.003567
160000			-1320.784939			0.003228
161000			-1318.887829			0.002921
162000			-1318.887829			0.002643
163000			-1318.887829			0.002391
164000			-1318.887829			0.002164
165000			-1318.887829			0.001958
166000			-1318.887829			0.001771
167000			-1318.887829			0.001603
168000			-1318.887829			0.001450
169000			-1318.887829			0.001312
170000			-1318.887829			0.001187
171000			-1318.887829			0.001074
Iteration: 10
Step			Log-likelihood			Temperature
1			-20373.135756			99900.000000
1000			-19326.658136			36769.542477
2000			-19189.362482			23501.721022
3000			-19735.879746			21265.130236
4000			-19539.327975			19241.389323
5000			-19045.273044			17410.241977
6000			-17251.979157			15753.359626
7000			-18161.023213			14254.157974
8000			-18546.764090			12897.631004
9000			-19210.805413			11670.200782
10000			-19217.367585			10559.581542
11000			-18459.652459			9554.656721
12000			-18370.203848			8645.367688
13000			-19873.456784			7822.613061
14000			-18191.558815			7078.157611
15000			-19336.815168			6404.549832
16000			-20049.128667			5795.047357
17000			-15333.346998			5243.549468
18000			-17616.605476			4744.536038
19000			-18526.702215			4293.012272
20000			-18633.541510			3884.458716
21000			-17049.123242			3514.786020
22000			-18242.689863			3180.294005
23000			-19270.105463			2877.634626
24000			-19638.449816			2603.778466
25000			-19476.808427			2355.984403
26000			-16373.646430			2131.772185
27000			-17348.344726			1928.897594
28000			-18277.955033			1745.329992
29000			-14650.979642			1579.231987
30000			-15340.747757			1428.941048
31000			-12701.380909			1292.952863
32000			-16858.444642			1169.906280
33000			-13860.007953			1058.569685
34000			-18455.186757			957.828671
35000			-17036.353687			866.674888
36000			-12032.313899			784.195947
37000			-17816.822454			709.566288
38000			-14621.640473			642.038917
39000			-14796.837177			580.937931
40000			-10282.474758			525.651749
41000			-13512.224012			475.626993
42000			-11259.512814			430.362949
43000			-9588.660235			389.406552
44000			-12187.979517			352.347857
45000			-11801.532123			318.815931
46000			-10300.419588			288.475142
47000			-10751.738245			261.021797
48000			-10776.605873			236.181108
49000			-10745.929579			213.704435
50000			-9214.671541			193.366803
51000			-9494.051085			174.964643
52000			-9385.417279			158.313765
53000			-10271.511391			143.247502
54000			-10462.195830			129.615051
55000			-7199.163598			117.279962
56000			-7069.192518			106.118767
57000			-5803.503463			96.019751
58000			-6379.386311			86.881830
59000			-6371.830125			78.613537
60000			-6116.811052			71.132114
61000			-6103.021067			64.362677
62000			-5423.087451			58.237467
63000			-3999.686080			52.695176
64000			-3191.490812			47.680328
65000			-3113.322262			43.142730
66000			-2594.126940			39.036961
67000			-2656.860583			35.321926
68000			-2328.789569			31.960441
69000			-2374.384716			28.918858
70000			-1941.139904			26.166734
71000			-1899.403484			23.676522
72000			-1952.522564			21.423296
73000			-1931.654354			19.384503
74000			-1916.477474			17.539736
75000			-1925.382463			15.870530
76000			-1931.073793			14.360177
77000			-1908.308474			12.993561
78000			-1855.189394			11.757001
79000			-1701.523485			10.638121
80000			-1711.009035			9.625722
81000			-1712.906145			8.709670
82000			-1707.214815			7.880796
83000			-1695.832155			7.130803
84000			-1686.346605			6.452185
85000			-1686.346605			5.838150
86000			-1697.729265			5.282550
87000			-1695.832155			4.779825
88000			-1709.111925			4.324943
89000			-1699.626375			3.913350
90000			-1640.815966			3.540928
91000			-1655.992846			3.203948
92000			-1655.992846			2.899038
93000			-1655.992846			2.623145
94000			-1646.507296			2.373508
95000			-1638.918856			2.147628
96000			-1530.783587			1.943244
97000			-1530.783587			1.758311
98000			-1523.195147			1.590978
99000			-1526.989367			1.439569
100000			-1528.886477			1.302570
101000			-1528.886477			1.178608
102000			-1528.886477			1.066443
103000			-1515.606707			0.964953
104000			-1509.915377			0.873121
105000			-1506.121157			0.790029
106000			-1506.121157			0.714844
107000			-1506.121157			0.646814
108000			-1509.915377			0.585259
109000			-1508.018267			0.529561
110000			-1504.224047			0.479165
111000			-1502.326937			0.433564
112000			-1502.326937			0.392303
113000			-1502.326937			0.354969
114000			-1460.590517			0.321187
115000			-1420.751207			0.290621
116000			-1420.751207			0.262963
117000			-1420.751207			0.237938
118000			-1420.751207			0.215294
119000			-1420.751207			0.194805
120000			-1420.751207			0.176266
121000			-1420.751207			0.159491
122000			-1420.751207			0.144313
123000			-1418.854097			0.130579
124000			-1418.854097			0.118152
125000			-1418.854097			0.106908
126000			-1372.168175			0.096734
127000			-1372.168175			0.087528
128000			-1372.168175			0.079198
129000			-1372.168175			0.071661
130000			-1372.168175			0.064841
131000			-1372.168175			0.058671
132000			-1372.168175			0.053087
133000			-1372.168175			0.048035
134000			-1372.168175			0.043464
135000			-1372.168175			0.039327
136000			-1372.168175			0.035585
137000			-1372.168175			0.032198
138000			-1372.168175			0.029134
139000			-1372.168175			0.026361
140000			-1372.168175			0.023853
141000			-1372.168175			0.021583
142000			-1372.168175			0.019529
143000			-1372.168175			0.017670
144000			-1372.168175			0.015989
145000			-1372.168175			0.014467
146000			-1372.168175			0.013090
147000			-1372.168175			0.011844
148000			-1372.168175			0.010717
149000			-1372.168175			0.009697
150000			-1372.168175			0.008774
151000			-1372.168175			0.007939
152000			-1372.168175			0.007184
153000			-1372.168175			0.006500
154000			-1372.168175			0.005882
155000			-1372.168175			0.005322
156000			-1372.168175			0.004815
157000			-1372.168175			0.004357
158000			-1372.168175			0.003942
159000			-1372.168175			0.003567
160000			-1372.168175			0.003228
161000			-1372.168175			0.002921
162000			-1372.168175			0.002643
163000			-1372.168175			0.002391
164000			-1372.168175			0.002164
165000			-1372.168175			0.001958
166000			-1372.168175			0.001771
167000			-1372.168175			0.001603
168000			-1372.168175			0.001450
169000			-1372.168175			0.001312
170000			-1372.168175			0.001187
171000			-1372.168175			0.001074

Maximum likelihood Tree found: -1215.288607
digraph g {
	"49" -> "50";
	"50" [label="16"];
	"48" -> "49";
	"49" [label="11"];
	"47" -> "48";
	"48" [label="3"];
	"46" -> "47";
	"47" [label="17"];
	"45" -> "46";
	"46" [label="15"];
	"44" -> "45";
	"45" [label="7"];
	"42" -> "43";
	"43" [label="23"];
	"41" -> "42";
	"42" [label="8"];
	"40" -> "41";
	"41" [label="41"];
	"39" -> "40";
	"40" [label="43"];
	"37" -> "38";
	"38" [label="50"];
	"35" -> "36";
	"36" [label="35"];
	"34" -> "35";
	"35" [label="33"];
	"33" -> "34";
	"34" [label="2"];
	"32" -> "33";
	"33" [label="22"];
	"31" -> "32";
	"32" [label="48"];
	"30" -> "31";
	"31" [label="29"];
	"28" -> "29";
	"29" [label="5"];
	"27" -> "28";
	"28" [label="38"];
	"26" -> "27";
	"27" [label="34"];
	"25" -> "26";
	"26" [label="45"];
	"24" -> "25";
	"25" [label="42"];
	"23" -> "24";
	"24" [label="21"];
	"23" -> "30";
	"30" [label="26"];
	"22" -> "23";
	"23" [label="30"];
	"21" -> "22";
	"22" [label="24"];
	"20" -> "21";
	"21" [label="27"];
	"19" -> "20";
	"20" [label="12"];
	"19" -> "37";
	"37" [label="28"];
	"18" -> "19";
	"19" [label="1"];
	"18" -> "39";
	"39" [label="49"];
	"16" -> "17";
	"17" [label="6"];
	"15" -> "16";
	"16" [label="18"];
	"14" -> "15";
	"15" [label="19"];
	"13" -> "14";
	"14" [label="47"];
	"12" -> "13";
	"13" [label="37"];
	"11" -> "12";
	"12" [label="25"];
	"10" -> "11";
	"11" [label="36"];
	"9" -> "10";
	"10" [label="20"];
	"8" -> "9";
	"9" [label="13"];
	"7" -> "8";
	"8" [label="40"];
	"6" -> "7";
	"7" [label="46"];
	"5" -> "6";
	"6" [label="10"];
	"5" -> "18";
	"18" [label="44"];
	"5" -> "44";
	"44" [label="39"];
	"4" -> "5";
	"5" [label="14"];
	"3" -> "4";
	"4" [label="32"];
	"2" -> "3";
	"3" [label="31"];
	"1" -> "2";
	"2" [label="4"];
	"0" -> "1";
	"1" [label="9"];
	"0" [label="germline"];
	labelloc="t";
	label="Confidence score: -1215.288607";
}
Best cell assignment:
35 4 50 28 10 9 43 5 38 50 43 49 43 43 17 16 16 12 42 36 35 38 23 4 36 38 50 9 10 29 38 9 23 16 17 26 17 5 35 37 50 17 10 10 38 10 29 35 5 8 37 9 5 36 37 10 38 17 22 43 38 23 29 49 21 10 16 17 43 43 17 41 23 50 23 4 5 10 29 50 23 17 38 4 5 50 43 5 31 10 23 17 5 9 22 36 17 23 41 27 36 29 8 9 36 43 50 23 43 38 50 38 5 42 36 23 38 36 10 43 42 35 37 36 29 43 23 23 38 23 10 10 10 3 17 23 37 29 50 29 29 37 2 37 38 23 10 4 16 17 23 36 50 5 43 36 5 17 17 38 38 43 5 29 43 8 6 43 38 9 16 22 15 38 50 28 36 49 29 4 5 10 10 21 40 42 10 36 38 29 22 3 43 50 5 17 47 42 22 10 5 5 29 22 35 10 38 17 40 50 28 29 17 29 29 5 17 36 37 5 5 35 43 38 10 43 29 10 38 29 49 36 29 29 35 23 42 10 27 23 33 35 38 17 10 43 38 17 10 17 
alpha: 0.150000
beta: 0.000010
gamma: 1.000000
delta: 0.887000
