Starting SASC.
Iteration: 1
Step			Log-likelihood			Temperature
1			-21231.718425			99900.000000
1000			-21614.075479			36769.542477
2000			-20140.510660			23501.721022
3000			-17188.056158			21265.130236
4000			-19730.596993			19241.389323
5000			-22236.245530			17410.241977
6000			-20053.959014			15753.359626
7000			-19648.842479			14254.157974
8000			-21005.645642			12897.631004
9000			-19076.179130			11670.200782
10000			-21003.088728			10559.581542
11000			-20834.304607			9554.656721
12000			-19660.327739			8645.367688
13000			-18602.344284			7822.613061
14000			-19649.531478			7078.157611
15000			-18007.156125			6404.549832
16000			-20138.839324			5795.047357
17000			-20594.201330			5243.549468
18000			-20496.296496			4744.536038
19000			-21534.751646			4293.012272
20000			-19138.880520			3884.458716
21000			-21592.749883			3514.786020
22000			-21570.958003			3180.294005
23000			-18296.252831			2877.634626
24000			-19160.387958			2603.778466
25000			-20352.696698			2355.984403
26000			-17531.696932			2131.772185
27000			-18681.269398			1928.897594
28000			-19734.992349			1745.329992
29000			-19774.890326			1579.231987
30000			-14760.784428			1428.941048
31000			-18696.026984			1292.952863
32000			-18060.500978			1169.906280
33000			-16319.836531			1058.569685
34000			-19437.409947			957.828671
35000			-15623.183712			866.674888
36000			-15769.035407			784.195947
37000			-14493.356426			709.566288
38000			-16667.180603			642.038917
39000			-11021.298987			580.937931
40000			-15766.601668			525.651749
41000			-15538.561429			475.626993
42000			-14745.677894			430.362949
43000			-13815.680546			389.406552
44000			-13842.524527			352.347857
45000			-11380.292643			318.815931
46000			-10318.180757			288.475142
47000			-10327.091585			261.021797
48000			-10455.359076			236.181108
49000			-8333.460604			213.704435
50000			-9995.677899			193.366803
51000			-8831.981236			174.964643
52000			-10512.002670			158.313765
53000			-9073.494765			143.247502
54000			-8554.944510			129.615051
55000			-8822.480950			117.279962
56000			-7098.975575			106.118767
57000			-6434.664546			96.019751
58000			-5926.277163			86.881830
59000			-7008.876058			78.613537
60000			-6841.962632			71.132114
61000			-6597.622485			64.362677
62000			-5597.760441			58.237467
63000			-4760.554377			52.695176
64000			-4592.292149			47.680328
65000			-3656.829245			43.142730
66000			-2816.770148			39.036961
67000			-2162.944524			35.321926
68000			-2227.478517			31.960441
69000			-1837.222167			28.918858
70000			-1801.177078			26.166734
71000			-1562.657274			23.676522
72000			-1445.036455			21.423296
73000			-1558.863054			19.384503
74000			-1572.142824			17.539736
75000			-1276.193666			15.870530
76000			-1234.457246			14.360177
77000			-1219.280366			12.993561
78000			-1228.765916			11.757001
79000			-1177.543947			10.638121
80000			-1187.029497			9.625722
81000			-1177.543947			8.709670
82000			-1082.688447			7.880796
83000			-1090.276887			7.130803
84000			-1088.379777			6.452185
85000			-1075.100008			5.838150
86000			-1080.791337			5.282550
87000			-1080.791337			4.779825
88000			-1071.305788			4.324943
89000			-1071.305788			3.913350
90000			-1065.614458			3.540928
91000			-1080.791337			3.203948
92000			-1082.688447			2.899038
93000			-1076.997118			2.623145
94000			-1069.408678			2.373508
95000			-1065.614458			2.147628
96000			-1071.305788			1.943244
97000			-1067.511568			1.758311
98000			-1065.614458			1.590978
99000			-1067.511568			1.439569
100000			-1059.923128			1.302570
101000			-1056.128908			1.178608
102000			-1052.334688			1.066443
103000			-1048.540468			0.964953
104000			-1044.746248			0.873121
105000			-1046.643358			0.790029
106000			-1044.746248			0.714844
107000			-1044.746248			0.646814
108000			-1044.746248			0.585259
109000			-1042.849138			0.529561
110000			-1042.849138			0.479165
111000			-1042.849138			0.433564
112000			-1042.849138			0.392303
113000			-1042.849138			0.354969
114000			-1042.849138			0.321187
115000			-1042.849138			0.290621
116000			-1042.849138			0.262963
117000			-1040.952028			0.237938
118000			-1039.054918			0.215294
119000			-1039.054918			0.194805
120000			-1037.157808			0.176266
121000			-1037.157808			0.159491
122000			-1035.260698			0.144313
123000			-1035.260698			0.130579
124000			-1035.260698			0.118152
125000			-1035.260698			0.106908
126000			-1035.260698			0.096734
127000			-1035.260698			0.087528
128000			-1035.260698			0.079198
129000			-1035.260698			0.071661
130000			-1035.260698			0.064841
131000			-1035.260698			0.058671
132000			-1035.260698			0.053087
133000			-1035.260698			0.048035
134000			-1035.260698			0.043464
135000			-1035.260698			0.039327
136000			-1035.260698			0.035585
137000			-1035.260698			0.032198
138000			-1035.260698			0.029134
139000			-1035.260698			0.026361
140000			-1035.260698			0.023853
141000			-1035.260698			0.021583
142000			-1035.260698			0.019529
143000			-1035.260698			0.017670
144000			-1035.260698			0.015989
145000			-1035.260698			0.014467
146000			-1035.260698			0.013090
147000			-1035.260698			0.011844
148000			-1035.260698			0.010717
149000			-1035.260698			0.009697
150000			-1035.260698			0.008774
151000			-1035.260698			0.007939
152000			-1035.260698			0.007184
153000			-1035.260698			0.006500
154000			-1035.260698			0.005882
155000			-1033.363588			0.005322
156000			-1033.363588			0.004815
157000			-1033.363588			0.004357
158000			-1033.363588			0.003942
159000			-1033.363588			0.003567
160000			-1033.363588			0.003228
161000			-1033.363588			0.002921
162000			-1033.363588			0.002643
163000			-1033.363588			0.002391
164000			-1033.363588			0.002164
165000			-1033.363588			0.001958
166000			-1033.363588			0.001771
167000			-1033.363588			0.001603
168000			-1033.363588			0.001450
169000			-1033.363588			0.001312
170000			-1033.363588			0.001187
171000			-1033.363588			0.001074
Iteration: 2
Step			Log-likelihood			Temperature
1			-21759.496202			99900.000000
1000			-18532.494323			36769.542477
2000			-20765.046886			23501.721022
3000			-19762.982715			21265.130236
4000			-21945.779446			19241.389323
5000			-21158.167946			17410.241977
6000			-18516.414349			15753.359626
7000			-17553.488811			14254.157974
8000			-17418.714759			12897.631004
9000			-21712.789705			11670.200782
10000			-17880.275529			10559.581542
11000			-18544.639386			9554.656721
12000			-19616.591610			8645.367688
13000			-20731.576227			7822.613061
14000			-20723.627161			7078.157611
15000			-18382.267848			6404.549832
16000			-20684.916719			5795.047357
17000			-20422.051180			5243.549468
18000			-20587.885508			4744.536038
19000			-20033.439752			4293.012272
20000			-20587.331361			3884.458716
21000			-21228.569272			3514.786020
22000			-17430.161926			3180.294005
23000			-19159.270768			2877.634626
24000			-20482.872977			2603.778466
25000			-20976.373761			2355.984403
26000			-19951.031274			2131.772185
27000			-19155.546894			1928.897594
28000			-18528.738196			1745.329992
29000			-17912.661251			1579.231987
30000			-20390.187351			1428.941048
31000			-15139.819384			1292.952863
32000			-15922.507795			1169.906280
33000			-17612.724354			1058.569685
34000			-18495.900926			957.828671
35000			-15127.055668			866.674888
36000			-14296.520213			784.195947
37000			-21211.759148			709.566288
38000			-13175.612654			642.038917
39000			-11896.828452			580.937931
40000			-12751.252256			525.651749
41000			-14460.648170			475.626993
42000			-11718.591035			430.362949
43000			-17113.151038			389.406552
44000			-12949.358029			352.347857
45000			-11297.148177			318.815931
46000			-10949.745437			288.475142
47000			-12008.579157			261.021797
48000			-11964.581943			236.181108
49000			-10728.085527			213.704435
50000			-10272.166317			193.366803
51000			-8403.518821			174.964643
52000			-8557.577609			158.313765
53000			-10828.122141			143.247502
54000			-8694.911356			129.615051
55000			-8169.869276			117.279962
56000			-7777.237855			106.118767
57000			-6002.322829			96.019751
58000			-6003.278752			86.881830
59000			-6118.196127			78.613537
60000			-5917.005708			71.132114
61000			-4557.337835			64.362677
62000			-4770.646902			58.237467
63000			-5356.499100			52.695176
64000			-4069.689648			47.680328
65000			-4021.939364			43.142730
66000			-3663.933884			39.036961
67000			-3232.328156			35.321926
68000			-2904.160382			31.960441
69000			-2618.148321			28.918858
70000			-2341.944344			26.166734
71000			-2283.133935			23.676522
72000			-2154.162709			21.423296
73000			-1734.068654			19.384503
74000			-1766.319524			17.539736
75000			-1722.685994			15.870530
76000			-1613.234176			14.360177
77000			-1588.571746			12.993561
78000			-1434.905837			11.757001
79000			-1357.124328			10.638121
80000			-1461.465377			9.625722
81000			-1461.465377			8.709670
82000			-1381.786758			7.880796
83000			-1336.256118			7.130803
84000			-1332.461898			6.452185
85000			-1266.063049			5.838150
86000			-1279.342818			5.282550
87000			-1281.239928			4.779825
88000			-1281.239928			4.324943
89000			-1267.960159			3.913350
90000			-1266.063049			3.540928
91000			-1275.548598			3.203948
92000			-1281.239928			2.899038
93000			-1275.548598			2.623145
94000			-1267.960159			2.373508
95000			-1271.754378			2.147628
96000			-1267.960159			1.943244
97000			-1254.680389			1.758311
98000			-1248.989059			1.590978
99000			-1250.886169			1.439569
100000			-1248.989059			1.302570
101000			-1243.297729			1.178608
102000			-1239.503509			1.066443
103000			-1243.297729			0.964953
104000			-1241.400619			0.873121
105000			-1241.400619			0.790029
106000			-1243.297729			0.714844
107000			-1243.297729			0.646814
108000			-1243.297729			0.585259
109000			-1237.606399			0.529561
110000			-1237.606399			0.479165
111000			-1233.812179			0.433564
112000			-1233.812179			0.392303
113000			-1230.017959			0.354969
114000			-1230.017959			0.321187
115000			-1230.017959			0.290621
116000			-1230.017959			0.262963
117000			-1230.017959			0.237938
118000			-1230.017959			0.215294
119000			-1230.017959			0.194805
120000			-1228.120849			0.176266
121000			-1228.120849			0.159491
122000			-1228.120849			0.144313
123000			-1228.120849			0.130579
124000			-1228.120849			0.118152
125000			-1228.120849			0.106908
126000			-1228.120849			0.096734
127000			-1226.223739			0.087528
128000			-1226.223739			0.079198
129000			-1226.223739			0.071661
130000			-1226.223739			0.064841
131000			-1226.223739			0.058671
132000			-1226.223739			0.053087
133000			-1226.223739			0.048035
134000			-1226.223739			0.043464
135000			-1226.223739			0.039327
136000			-1226.223739			0.035585
137000			-1226.223739			0.032198
138000			-1226.223739			0.029134
139000			-1226.223739			0.026361
140000			-1226.223739			0.023853
141000			-1220.532409			0.021583
142000			-1220.532409			0.019529
143000			-1220.532409			0.017670
144000			-1220.532409			0.015989
145000			-1220.532409			0.014467
146000			-1220.532409			0.013090
147000			-1220.532409			0.011844
148000			-1220.532409			0.010717
149000			-1220.532409			0.009697
150000			-1220.532409			0.008774
151000			-1220.532409			0.007939
152000			-1220.532409			0.007184
153000			-1220.532409			0.006500
154000			-1220.532409			0.005882
155000			-1220.532409			0.005322
156000			-1220.532409			0.004815
157000			-1220.532409			0.004357
158000			-1220.532409			0.003942
159000			-1220.532409			0.003567
160000			-1220.532409			0.003228
161000			-1220.532409			0.002921
162000			-1220.532409			0.002643
163000			-1220.532409			0.002391
164000			-1220.532409			0.002164
165000			-1220.532409			0.001958
166000			-1220.532409			0.001771
167000			-1220.532409			0.001603
168000			-1220.532409			0.001450
169000			-1220.532409			0.001312
170000			-1220.532409			0.001187
171000			-1220.532409			0.001074
Iteration: 3
Step			Log-likelihood			Temperature
1			-20660.339371			99900.000000
1000			-22259.887530			36769.542477
2000			-19181.347089			23501.721022
3000			-18924.583276			21265.130236
4000			-21909.018943			19241.389323
5000			-18031.657287			17410.241977
6000			-18268.543848			15753.359626
7000			-20519.228922			14254.157974
8000			-20992.365872			12897.631004
9000			-21465.875126			11670.200782
10000			-22466.194557			10559.581542
11000			-18226.156521			9554.656721
12000			-18442.846354			8645.367688
13000			-18319.481376			7822.613061
14000			-22075.680180			7078.157611
15000			-19505.532962			6404.549832
16000			-20015.978722			5795.047357
17000			-19481.096305			5243.549468
18000			-21776.775390			4744.536038
19000			-19414.251748			4293.012272
20000			-20580.311804			3884.458716
21000			-19586.211436			3514.786020
22000			-20233.275529			3180.294005
23000			-19336.244465			2877.634626
24000			-21184.425528			2603.778466
25000			-17894.502325			2355.984403
26000			-16130.744186			2131.772185
27000			-18905.999217			1928.897594
28000			-19377.755111			1745.329992
29000			-19329.488774			1579.231987
30000			-20280.741371			1428.941048
31000			-18143.431349			1292.952863
32000			-19146.093597			1169.906280
33000			-18035.703695			1058.569685
34000			-16186.100426			957.828671
35000			-15943.569525			866.674888
36000			-15771.131876			784.195947
37000			-15467.336252			709.566288
38000			-14676.393758			642.038917
39000			-13009.957110			580.937931
40000			-16696.258964			525.651749
41000			-11497.585090			475.626993
42000			-13174.340036			430.362949
43000			-11245.234150			389.406552
44000			-10717.180829			352.347857
45000			-11992.053475			318.815931
46000			-12925.243906			288.475142
47000			-12442.442622			261.021797
48000			-12079.338051			236.181108
49000			-11360.512151			213.704435
50000			-8754.038460			193.366803
51000			-9122.329985			174.964643
52000			-8870.052449			158.313765
53000			-8820.947524			143.247502
54000			-7930.763072			129.615051
55000			-7091.956018			117.279962
56000			-6842.892141			106.118767
57000			-6157.396208			96.019751
58000			-6326.265411			86.881830
59000			-5944.178062			78.613537
60000			-5962.445427			71.132114
61000			-5171.388656			64.362677
62000			-4930.326674			58.237467
63000			-4226.891749			52.695176
64000			-4192.388983			47.680328
65000			-3591.908212			43.142730
66000			-3486.831174			39.036961
67000			-2680.597523			35.321926
68000			-2911.690154			31.960441
69000			-2966.222543			28.918858
70000			-2670.176625			26.166734
71000			-2698.536515			23.676522
72000			-2706.124955			21.423296
73000			-2397.283068			19.384503
74000			-2247.540392			17.539736
75000			-2120.788811			15.870530
76000			-1965.225792			14.360177
77000			-1870.370293			12.993561
78000			-1807.701156			11.757001
79000			-1866.511566			10.638121
80000			-1819.083816			9.625722
81000			-1711.367841			8.709670
82000			-1703.779401			7.880796
83000			-1643.071882			7.130803
84000			-1607.123552			6.452185
85000			-1438.700057			5.838150
86000			-1429.214507			5.282550
87000			-1415.934737			4.779825
88000			-1391.272308			4.324943
89000			-1351.432998			3.913350
90000			-1334.359008			3.540928
91000			-1296.416808			3.203948
92000			-1296.416808			2.899038
93000			-1290.725478			2.623145
94000			-1292.622588			2.373508
95000			-1294.519698			2.147628
96000			-1294.519698			1.943244
97000			-1273.651488			1.758311
98000			-1275.548598			1.590978
99000			-1271.754378			1.439569
100000			-1267.960159			1.302570
101000			-1262.268829			1.178608
102000			-1264.165939			1.066443
103000			-1241.400619			0.964953
104000			-1239.503509			0.873121
105000			-1243.297729			0.790029
106000			-1243.297729			0.714844
107000			-1243.297729			0.646814
108000			-1245.194839			0.585259
109000			-1243.297729			0.529561
110000			-1243.297729			0.479165
111000			-1241.400619			0.433564
112000			-1241.400619			0.392303
113000			-1241.400619			0.354969
114000			-1241.400619			0.321187
115000			-1233.812179			0.290621
116000			-1231.915069			0.262963
117000			-1231.915069			0.237938
118000			-1230.017959			0.215294
119000			-1230.017959			0.194805
120000			-1230.017959			0.176266
121000			-1230.017959			0.159491
122000			-1230.017959			0.144313
123000			-1230.017959			0.130579
124000			-1230.017959			0.118152
125000			-1230.017959			0.106908
126000			-1230.017959			0.096734
127000			-1230.017959			0.087528
128000			-1230.017959			0.079198
129000			-1224.326629			0.071661
130000			-1224.326629			0.064841
131000			-1224.326629			0.058671
132000			-1224.326629			0.053087
133000			-1224.326629			0.048035
134000			-1222.429519			0.043464
135000			-1222.429519			0.039327
136000			-1222.429519			0.035585
137000			-1222.429519			0.032198
138000			-1222.429519			0.029134
139000			-1222.429519			0.026361
140000			-1222.429519			0.023853
141000			-1222.429519			0.021583
142000			-1222.429519			0.019529
143000			-1222.429519			0.017670
144000			-1222.429519			0.015989
145000			-1222.429519			0.014467
146000			-1222.429519			0.013090
147000			-1222.429519			0.011844
148000			-1222.429519			0.010717
149000			-1222.429519			0.009697
150000			-1222.429519			0.008774
151000			-1222.429519			0.007939
152000			-1222.429519			0.007184
153000			-1222.429519			0.006500
154000			-1222.429519			0.005882
155000			-1222.429519			0.005322
156000			-1222.429519			0.004815
157000			-1222.429519			0.004357
158000			-1222.429519			0.003942
159000			-1222.429519			0.003567
160000			-1222.429519			0.003228
161000			-1222.429519			0.002921
162000			-1222.429519			0.002643
163000			-1222.429519			0.002391
164000			-1222.429519			0.002164
165000			-1222.429519			0.001958
166000			-1222.429519			0.001771
167000			-1222.429519			0.001603
168000			-1222.429519			0.001450
169000			-1222.429519			0.001312
170000			-1222.429519			0.001187
171000			-1222.429519			0.001074
Iteration: 4
Step			Log-likelihood			Temperature
1			-22603.575293			99900.000000
1000			-19351.503369			36769.542477
2000			-21287.095241			23501.721022
3000			-18087.597147			21265.130236
4000			-21536.164956			19241.389323
5000			-18599.247960			17410.241977
6000			-20169.108002			15753.359626
7000			-19220.617516			14254.157974
8000			-19879.257790			12897.631004
9000			-16428.282656			11670.200782
10000			-17446.895865			10559.581542
11000			-20333.183130			9554.656721
12000			-20676.340103			8645.367688
13000			-18991.254889			7822.613061
14000			-22344.606573			7078.157611
15000			-20064.884288			6404.549832
16000			-21071.255674			5795.047357
17000			-18494.675298			5243.549468
18000			-21140.513396			4744.536038
19000			-22623.423073			4293.012272
20000			-20910.801821			3884.458716
21000			-21614.037386			3514.786020
22000			-18700.208244			3180.294005
23000			-17051.604931			2877.634626
24000			-19724.996584			2603.778466
25000			-20368.234204			2355.984403
26000			-20459.972804			2131.772185
27000			-18980.405800			1928.897594
28000			-18874.264401			1745.329992
29000			-19844.508674			1579.231987
30000			-19835.850034			1428.941048
31000			-20281.418692			1292.952863
32000			-19428.358427			1169.906280
33000			-19201.614163			1058.569685
34000			-17816.360189			957.828671
35000			-16955.652817			866.674888
36000			-17067.840333			784.195947
37000			-13223.186934			709.566288
38000			-14485.462970			642.038917
39000			-14154.128526			580.937931
40000			-14741.045086			525.651749
41000			-15731.318981			475.626993
42000			-12635.276359			430.362949
43000			-12361.969347			389.406552
44000			-11179.978905			352.347857
45000			-12431.608270			318.815931
46000			-10705.636902			288.475142
47000			-10724.602163			261.021797
48000			-10939.459392			236.181108
49000			-11586.722845			213.704435
50000			-10766.370836			193.366803
51000			-9324.869206			174.964643
52000			-8648.574382			158.313765
53000			-7599.891854			143.247502
54000			-7237.737367			129.615051
55000			-6692.633412			117.279962
56000			-7012.857959			106.118767
57000			-6253.568257			96.019751
58000			-6161.448455			86.881830
59000			-7077.069418			78.613537
60000			-6128.100971			71.132114
61000			-6133.921314			64.362677
62000			-5776.619570			58.237467
63000			-5093.284613			52.695176
64000			-3856.670861			47.680328
65000			-3854.902765			43.142730
66000			-3824.994713			39.036961
67000			-3672.812459			35.321926
68000			-2632.234426			31.960441
69000			-2467.540644			28.918858
70000			-2228.569293			26.166734
71000			-1782.367245			23.676522
72000			-1820.083671			21.423296
73000			-1982.686822			19.384503
74000			-1904.873059			17.539736
75000			-1724.808878			15.870530
76000			-1631.850488			14.360177
77000			-1410.372421			12.993561
78000			-1404.681091			11.757001
79000			-1351.562011			10.638121
80000			-1213.589036			9.625722
81000			-1154.778627			8.709670
82000			-1158.572847			7.880796
83000			-1185.132387			7.130803
84000			-1175.646837			6.452185
85000			-1179.441057			5.838150
86000			-1181.338167			5.282550
87000			-1141.498857			4.779825
88000			-1137.704637			4.324943
89000			-1130.116197			3.913350
90000			-1130.116197			3.540928
91000			-1132.013307			3.203948
92000			-1130.116197			2.899038
93000			-1124.424867			2.623145
94000			-1126.321977			2.373508
95000			-1128.219087			2.147628
96000			-1132.013307			1.943244
97000			-1120.630647			1.758311
98000			-1113.042207			1.590978
99000			-1116.836427			1.439569
100000			-1116.836427			1.302570
101000			-1113.042207			1.178608
102000			-1111.145097			1.066443
103000			-1107.350877			0.964953
104000			-1109.247987			0.873121
105000			-1099.762437			0.790029
106000			-1101.659547			0.714844
107000			-1095.968217			0.646814
108000			-1050.437578			0.585259
109000			-1050.437578			0.529561
110000			-1048.540468			0.479165
111000			-1048.540468			0.433564
112000			-1046.643358			0.392303
113000			-1044.746248			0.354969
114000			-1044.746248			0.321187
115000			-1044.746248			0.290621
116000			-1044.746248			0.262963
117000			-1044.746248			0.237938
118000			-1044.746248			0.215294
119000			-1044.746248			0.194805
120000			-1044.746248			0.176266
121000			-1044.746248			0.159491
122000			-1042.849138			0.144313
123000			-1040.952028			0.130579
124000			-1040.952028			0.118152
125000			-1040.952028			0.106908
126000			-1040.952028			0.096734
127000			-1040.952028			0.087528
128000			-1040.952028			0.079198
129000			-1040.952028			0.071661
130000			-1040.952028			0.064841
131000			-1040.952028			0.058671
132000			-1040.952028			0.053087
133000			-1040.952028			0.048035
134000			-1040.952028			0.043464
135000			-1040.952028			0.039327
136000			-1040.952028			0.035585
137000			-1040.952028			0.032198
138000			-1040.952028			0.029134
139000			-1040.952028			0.026361
140000			-1040.952028			0.023853
141000			-1040.952028			0.021583
142000			-1040.952028			0.019529
143000			-1040.952028			0.017670
144000			-1040.952028			0.015989
145000			-1040.952028			0.014467
146000			-1040.952028			0.013090
147000			-1040.952028			0.011844
148000			-1040.952028			0.010717
149000			-1040.952028			0.009697
150000			-1040.952028			0.008774
151000			-1040.952028			0.007939
152000			-1040.952028			0.007184
153000			-1040.952028			0.006500
154000			-1040.952028			0.005882
155000			-1040.952028			0.005322
156000			-1040.952028			0.004815
157000			-1040.952028			0.004357
158000			-1040.952028			0.003942
159000			-1040.952028			0.003567
160000			-1040.952028			0.003228
161000			-1040.952028			0.002921
162000			-1040.952028			0.002643
163000			-1040.952028			0.002391
164000			-1040.952028			0.002164
165000			-1040.952028			0.001958
166000			-1040.952028			0.001771
167000			-1039.054918			0.001603
168000			-1039.054918			0.001450
169000			-1039.054918			0.001312
170000			-1039.054918			0.001187
171000			-1039.054918			0.001074
Iteration: 5
Step			Log-likelihood			Temperature
1			-21002.909944			99900.000000
1000			-21149.869932			36769.542477
2000			-21519.155473			23501.721022
3000			-18330.696930			21265.130236
4000			-17867.673080			19241.389323
5000			-21790.978830			17410.241977
6000			-20818.294979			15753.359626
7000			-21135.434880			14254.157974
8000			-19209.492883			12897.631004
9000			-21387.337053			11670.200782
10000			-20927.869972			10559.581542
11000			-20752.784488			9554.656721
12000			-20576.265396			8645.367688
13000			-20488.564307			7822.613061
14000			-19453.806616			7078.157611
15000			-20344.856070			6404.549832
16000			-17334.500092			5795.047357
17000			-14661.108439			5243.549468
18000			-17040.260364			4744.536038
19000			-19179.004271			4293.012272
20000			-18165.202653			3884.458716
21000			-19287.849114			3514.786020
22000			-21195.981133			3180.294005
23000			-20875.944267			2877.634626
24000			-17999.283243			2603.778466
25000			-21302.310213			2355.984403
26000			-16147.630494			2131.772185
27000			-21771.400755			1928.897594
28000			-19989.076073			1745.329992
29000			-16876.419906			1579.231987
30000			-19704.999215			1428.941048
31000			-18995.060787			1292.952863
32000			-15870.626022			1169.906280
33000			-18809.299436			1058.569685
34000			-19190.483691			957.828671
35000			-18536.942508			866.674888
36000			-16745.912196			784.195947
37000			-13162.919284			709.566288
38000			-18303.826535			642.038917
39000			-13785.095174			580.937931
40000			-13674.015950			525.651749
41000			-14479.120733			475.626993
42000			-14514.192383			430.362949
43000			-14125.759739			389.406552
44000			-16343.886147			352.347857
45000			-13176.726786			318.815931
46000			-12544.053813			288.475142
47000			-12332.266493			261.021797
48000			-10490.172698			236.181108
49000			-8784.037432			213.704435
50000			-9475.289202			193.366803
51000			-8109.962252			174.964643
52000			-9824.556799			158.313765
53000			-7646.401773			143.247502
54000			-8196.982962			129.615051
55000			-8429.365728			117.279962
56000			-8829.890606			106.118767
57000			-8169.353222			96.019751
58000			-7559.064368			86.881830
59000			-6715.592252			78.613537
60000			-5912.320072			71.132114
61000			-5624.830196			64.362677
62000			-5952.578676			58.237467
63000			-4915.800701			52.695176
64000			-4250.495657			47.680328
65000			-4476.632947			43.142730
66000			-3864.001274			39.036961
67000			-3442.262297			35.321926
68000			-3211.492199			31.960441
69000			-2878.665203			28.918858
70000			-2786.862096			26.166734
71000			-2925.996193			23.676522
72000			-2744.002648			21.423296
73000			-2406.349324			19.384503
74000			-2262.523752			17.539736
75000			-1809.372493			15.870530
76000			-1690.402871			14.360177
77000			-1587.991185			12.993561
78000			-1574.711415			11.757001
79000			-1553.843205			10.638121
80000			-1376.127681			9.625722
81000			-1120.630647			8.709670
82000			-1122.527757			7.880796
83000			-1120.630647			7.130803
84000			-1133.910417			6.452185
85000			-1143.395967			5.838150
86000			-1132.013307			5.282550
87000			-1124.424867			4.779825
88000			-1122.527757			4.324943
89000			-1133.910417			3.913350
90000			-1086.482667			3.540928
91000			-1084.585557			3.203948
92000			-1084.585557			2.899038
93000			-1084.585557			2.623145
94000			-1090.276887			2.373508
95000			-1086.482667			2.147628
96000			-1078.894227			1.943244
97000			-1073.202898			1.758311
98000			-1069.408678			1.590978
99000			-1069.408678			1.439569
100000			-1065.614458			1.302570
101000			-1065.614458			1.178608
102000			-1061.820238			1.066443
103000			-1063.717348			0.964953
104000			-1061.820238			0.873121
105000			-1063.717348			0.790029
106000			-1063.717348			0.714844
107000			-1059.923128			0.646814
108000			-1056.128908			0.585259
109000			-1054.231798			0.529561
110000			-1054.231798			0.479165
111000			-1058.026018			0.433564
112000			-1056.128908			0.392303
113000			-1056.128908			0.354969
114000			-1054.231798			0.321187
115000			-1050.437578			0.290621
116000			-1050.437578			0.262963
117000			-1050.437578			0.237938
118000			-1050.437578			0.215294
119000			-1050.437578			0.194805
120000			-1050.437578			0.176266
121000			-1050.437578			0.159491
122000			-1050.437578			0.144313
123000			-1050.437578			0.130579
124000			-1050.437578			0.118152
125000			-1050.437578			0.106908
126000			-1050.437578			0.096734
127000			-1048.540468			0.087528
128000			-1048.540468			0.079198
129000			-1046.643358			0.071661
130000			-1046.643358			0.064841
131000			-1046.643358			0.058671
132000			-1046.643358			0.053087
133000			-1046.643358			0.048035
134000			-1046.643358			0.043464
135000			-1046.643358			0.039327
136000			-1046.643358			0.035585
137000			-1044.746248			0.032198
138000			-1044.746248			0.029134
139000			-1044.746248			0.026361
140000			-1044.746248			0.023853
141000			-1044.746248			0.021583
142000			-1044.746248			0.019529
143000			-1044.746248			0.017670
144000			-1044.746248			0.015989
145000			-1042.849138			0.014467
146000			-1042.849138			0.013090
147000			-1042.849138			0.011844
148000			-1042.849138			0.010717
149000			-1042.849138			0.009697
150000			-1042.849138			0.008774
151000			-1042.849138			0.007939
152000			-1042.849138			0.007184
153000			-1042.849138			0.006500
154000			-1042.849138			0.005882
155000			-1042.849138			0.005322
156000			-1042.849138			0.004815
157000			-1042.849138			0.004357
158000			-1042.849138			0.003942
159000			-1042.849138			0.003567
160000			-1042.849138			0.003228
161000			-1042.849138			0.002921
162000			-1042.849138			0.002643
163000			-1042.849138			0.002391
164000			-1042.849138			0.002164
165000			-1042.849138			0.001958
166000			-1039.054918			0.001771
167000			-1039.054918			0.001603
168000			-1039.054918			0.001450
169000			-1039.054918			0.001312
170000			-1039.054918			0.001187
171000			-1039.054918			0.001074
Iteration: 6
Step			Log-likelihood			Temperature
1			-21362.264227			99900.000000
1000			-16503.565919			36769.542477
2000			-20452.991339			23501.721022
3000			-21899.190284			21265.130236
4000			-19640.737986			19241.389323
5000			-19363.938712			17410.241977
6000			-20008.190923			15753.359626
7000			-20526.318825			14254.157974
8000			-19533.039527			12897.631004
9000			-21648.320219			11670.200782
10000			-20002.511271			10559.581542
11000			-20075.853493			9554.656721
12000			-17060.509920			8645.367688
13000			-21168.351392			7822.613061
14000			-20906.749574			7078.157611
15000			-16844.781850			6404.549832
16000			-20207.387471			5795.047357
17000			-19507.081124			5243.549468
18000			-21626.839195			4744.536038
19000			-20370.571183			4293.012272
20000			-18415.234131			3884.458716
21000			-20624.138854			3514.786020
22000			-20149.072540			3180.294005
23000			-17483.157831			2877.634626
24000			-18978.626026			2603.778466
25000			-16215.914776			2355.984403
26000			-18660.879149			2131.772185
27000			-18516.478856			1928.897594
28000			-19832.287426			1745.329992
29000			-20085.746659			1579.231987
30000			-17657.067457			1428.941048
31000			-17409.856760			1292.952863
32000			-16509.424355			1169.906280
33000			-15542.414317			1058.569685
34000			-16076.205958			957.828671
35000			-20566.108364			866.674888
36000			-17110.286327			784.195947
37000			-14994.630273			709.566288
38000			-12449.966555			642.038917
39000			-12785.309315			580.937931
40000			-13978.708830			525.651749
41000			-13221.976042			475.626993
42000			-14576.442225			430.362949
43000			-12852.927953			389.406552
44000			-13223.219187			352.347857
45000			-14581.101447			318.815931
46000			-12991.373051			288.475142
47000			-10892.289669			261.021797
48000			-10176.267031			236.181108
49000			-7456.969377			213.704435
50000			-12382.858132			193.366803
51000			-9949.475777			174.964643
52000			-10550.789297			158.313765
53000			-7830.861310			143.247502
54000			-8341.242564			129.615051
55000			-7040.314754			117.279962
56000			-7613.881198			106.118767
57000			-5307.593534			96.019751
58000			-5287.783847			86.881830
59000			-6384.178565			78.613537
60000			-5716.014649			71.132114
61000			-5275.084637			64.362677
62000			-4778.944916			58.237467
63000			-5078.107733			52.695176
64000			-4868.883166			47.680328
65000			-4481.007727			43.142730
66000			-4019.177252			39.036961
67000			-3953.552484			35.321926
68000			-3361.434234			31.960441
69000			-2736.387794			28.918858
70000			-2649.120734			26.166734
71000			-2474.651122			23.676522
72000			-2253.173055			21.423296
73000			-2537.771806			19.384503
74000			-2367.031907			17.539736
75000			-1896.548631			15.870530
76000			-1638.541673			14.360177
77000			-1534.200624			12.993561
78000			-1454.522004			11.757001
79000			-1482.978654			10.638121
80000			-1424.168245			9.625722
81000			-1289.473436			8.709670
82000			-1287.576326			7.880796
83000			-1314.135866			7.130803
84000			-1274.296556			6.452185
85000			-1247.737016			5.838150
86000			-1232.560136			5.282550
87000			-1187.029497			4.779825
88000			-1190.823717			4.324943
89000			-1202.206377			3.913350
90000			-1196.515047			3.540928
91000			-1194.617937			3.203948
92000			-1190.823717			2.899038
93000			-1168.058397			2.623145
94000			-1166.161287			2.373508
95000			-1169.955507			2.147628
96000			-1175.646837			1.943244
97000			-1171.852617			1.758311
98000			-1150.984407			1.590978
99000			-1152.881517			1.439569
100000			-1114.939317			1.302570
101000			-1105.453767			1.178608
102000			-1101.659547			1.066443
103000			-1101.659547			0.964953
104000			-1101.659547			0.873121
105000			-1101.659547			0.790029
106000			-1094.071107			0.714844
107000			-1094.071107			0.646814
108000			-1094.071107			0.585259
109000			-1094.071107			0.529561
110000			-1094.071107			0.479165
111000			-1094.071107			0.433564
112000			-1090.276887			0.392303
113000			-1090.276887			0.354969
114000			-1090.276887			0.321187
115000			-1090.276887			0.290621
116000			-1090.276887			0.262963
117000			-1088.379777			0.237938
118000			-1088.379777			0.215294
119000			-1086.482667			0.194805
120000			-1086.482667			0.176266
121000			-1086.482667			0.159491
122000			-1042.849138			0.144313
123000			-1040.952028			0.130579
124000			-1039.054918			0.118152
125000			-1039.054918			0.106908
126000			-1039.054918			0.096734
127000			-1039.054918			0.087528
128000			-1039.054918			0.079198
129000			-1039.054918			0.071661
130000			-1037.157808			0.064841
131000			-1037.157808			0.058671
132000			-1037.157808			0.053087
133000			-1037.157808			0.048035
134000			-1037.157808			0.043464
135000			-1037.157808			0.039327
136000			-1037.157808			0.035585
137000			-1037.157808			0.032198
138000			-1037.157808			0.029134
139000			-1037.157808			0.026361
140000			-1037.157808			0.023853
141000			-1037.157808			0.021583
142000			-1037.157808			0.019529
143000			-1037.157808			0.017670
144000			-1037.157808			0.015989
145000			-1037.157808			0.014467
146000			-1037.157808			0.013090
147000			-1037.157808			0.011844
148000			-1037.157808			0.010717
149000			-1037.157808			0.009697
150000			-1037.157808			0.008774
151000			-1037.157808			0.007939
152000			-1037.157808			0.007184
153000			-1037.157808			0.006500
154000			-1037.157808			0.005882
155000			-1037.157808			0.005322
156000			-1037.157808			0.004815
157000			-1037.157808			0.004357
158000			-1037.157808			0.003942
159000			-1037.157808			0.003567
160000			-1037.157808			0.003228
161000			-1037.157808			0.002921
162000			-1037.157808			0.002643
163000			-1037.157808			0.002391
164000			-1037.157808			0.002164
165000			-1037.157808			0.001958
166000			-1037.157808			0.001771
167000			-1037.157808			0.001603
168000			-1035.260698			0.001450
169000			-1035.260698			0.001312
170000			-1035.260698			0.001187
171000			-1035.260698			0.001074
Iteration: 7
Step			Log-likelihood			Temperature
1			-21170.881892			99900.000000
1000			-20938.736578			36769.542477
2000			-22507.505843			23501.721022
3000			-21379.091868			21265.130236
4000			-20858.403994			19241.389323
5000			-21217.799426			17410.241977
6000			-18905.870203			15753.359626
7000			-21000.760646			14254.157974
8000			-19410.747808			12897.631004
9000			-20347.753035			11670.200782
10000			-19245.801839			10559.581542
11000			-20792.846790			9554.656721
12000			-20196.617625			8645.367688
13000			-20340.126502			7822.613061
14000			-17983.036163			7078.157611
15000			-19047.045159			6404.549832
16000			-20702.835136			5795.047357
17000			-17326.744547			5243.549468
18000			-18765.472386			4744.536038
19000			-20094.991699			4293.012272
20000			-19947.011281			3884.458716
21000			-21407.742038			3514.786020
22000			-20424.373423			3180.294005
23000			-18323.064558			2877.634626
24000			-20078.122907			2603.778466
25000			-20478.433689			2355.984403
26000			-18507.295264			2131.772185
27000			-20575.394555			1928.897594
28000			-16096.945154			1745.329992
29000			-17503.111268			1579.231987
30000			-18480.665379			1428.941048
31000			-20039.260096			1292.952863
32000			-17740.211924			1169.906280
33000			-12903.279082			1058.569685
34000			-13966.085806			957.828671
35000			-20292.672339			866.674888
36000			-15090.280429			784.195947
37000			-15973.949700			709.566288
38000			-15017.829623			642.038917
39000			-15652.135840			580.937931
40000			-14849.013249			525.651749
41000			-14239.744824			475.626993
42000			-12626.119182			430.362949
43000			-12026.954960			389.406552
44000			-10706.674849			352.347857
45000			-12869.016825			318.815931
46000			-13025.172082			288.475142
47000			-12902.950709			261.021797
48000			-9305.420144			236.181108
49000			-9073.553432			213.704435
50000			-9306.376068			193.366803
51000			-8455.010495			174.964643
52000			-8422.431253			158.313765
53000			-7159.219869			143.247502
54000			-7457.936978			129.615051
55000			-7154.431634			117.279962
56000			-7604.105368			106.118767
57000			-7119.676679			96.019751
58000			-5929.678503			86.881830
59000			-5016.851906			78.613537
60000			-4727.051465			71.132114
61000			-4250.231791			64.362677
62000			-4479.298298			58.237467
63000			-3956.986078			52.695176
64000			-3571.517964			47.680328
65000			-3386.665546			43.142730
66000			-3526.632391			39.036961
67000			-3466.311912			35.321926
68000			-3039.338991			31.960441
69000			-2821.139090			28.918858
70000			-2197.667226			26.166734
71000			-2082.556331			23.676522
72000			-1817.606000			21.423296
73000			-1594.263076			19.384503
74000			-1645.485045			17.539736
75000			-1653.041232			15.870530
76000			-1556.320876			14.360177
77000			-1560.115096			12.993561
78000			-1572.142824			11.757001
79000			-1213.589036			10.638121
80000			-1308.444536			9.625722
81000			-1211.691926			8.709670
82000			-1169.955507			7.880796
83000			-1188.926607			7.130803
84000			-1147.190187			6.452185
85000			-1139.601747			5.838150
86000			-1132.013307			5.282550
87000			-1143.395967			4.779825
88000			-1135.807527			4.324943
89000			-1133.910417			3.913350
90000			-1132.013307			3.540928
91000			-1113.042207			3.203948
92000			-1114.939317			2.899038
93000			-1116.836427			2.623145
94000			-1114.939317			2.373508
95000			-1101.659547			2.147628
96000			-1103.556657			1.943244
97000			-1099.762437			1.758311
98000			-1095.968217			1.590978
99000			-1099.762437			1.439569
100000			-1056.128908			1.302570
101000			-1058.026018			1.178608
102000			-1050.437578			1.066443
103000			-1050.437578			0.964953
104000			-1046.643358			0.873121
105000			-1048.540468			0.790029
106000			-1048.540468			0.714844
107000			-1048.540468			0.646814
108000			-1044.746248			0.585259
109000			-1044.746248			0.529561
110000			-1044.746248			0.479165
111000			-1044.746248			0.433564
112000			-1044.746248			0.392303
113000			-1042.849138			0.354969
114000			-1042.849138			0.321187
115000			-1042.849138			0.290621
116000			-1040.952028			0.262963
117000			-1040.952028			0.237938
118000			-1040.952028			0.215294
119000			-1040.952028			0.194805
120000			-1040.952028			0.176266
121000			-1040.952028			0.159491
122000			-1040.952028			0.144313
123000			-1040.952028			0.130579
124000			-1040.952028			0.118152
125000			-1040.952028			0.106908
126000			-1040.952028			0.096734
127000			-1040.952028			0.087528
128000			-1040.952028			0.079198
129000			-1040.952028			0.071661
130000			-1039.054918			0.064841
131000			-1039.054918			0.058671
132000			-1039.054918			0.053087
133000			-1039.054918			0.048035
134000			-1039.054918			0.043464
135000			-1039.054918			0.039327
136000			-1039.054918			0.035585
137000			-1039.054918			0.032198
138000			-1039.054918			0.029134
139000			-1039.054918			0.026361
140000			-1039.054918			0.023853
141000			-1039.054918			0.021583
142000			-1039.054918			0.019529
143000			-1039.054918			0.017670
144000			-1039.054918			0.015989
145000			-1039.054918			0.014467
146000			-1039.054918			0.013090
147000			-1039.054918			0.011844
148000			-1039.054918			0.010717
149000			-1039.054918			0.009697
150000			-1039.054918			0.008774
151000			-1039.054918			0.007939
152000			-1039.054918			0.007184
153000			-1039.054918			0.006500
154000			-1039.054918			0.005882
155000			-1039.054918			0.005322
156000			-1039.054918			0.004815
157000			-1039.054918			0.004357
158000			-1039.054918			0.003942
159000			-1039.054918			0.003567
160000			-1039.054918			0.003228
161000			-1039.054918			0.002921
162000			-1039.054918			0.002643
163000			-1039.054918			0.002391
164000			-1039.054918			0.002164
165000			-1039.054918			0.001958
166000			-1039.054918			0.001771
167000			-1039.054918			0.001603
168000			-1039.054918			0.001450
169000			-1039.054918			0.001312
170000			-1039.054918			0.001187
171000			-1039.054918			0.001074
Iteration: 8
Step			Log-likelihood			Temperature
1			-20259.280923			99900.000000
1000			-20802.581470			36769.542477
2000			-21605.751050			23501.721022
3000			-20168.257736			21265.130236
4000			-19186.830162			19241.389323
5000			-19790.706434			17410.241977
6000			-21606.997254			15753.359626
7000			-19989.457275			14254.157974
8000			-19996.708445			12897.631004
9000			-20771.887659			11670.200782
10000			-17798.397841			10559.581542
11000			-20090.153693			9554.656721
12000			-20782.551847			8645.367688
13000			-19921.219983			7822.613061
14000			-18935.276937			7078.157611
15000			-16557.743521			6404.549832
16000			-20241.805156			5795.047357
17000			-20224.543485			5243.549468
18000			-19827.639882			4744.536038
19000			-19107.010851			4293.012272
20000			-20058.870424			3884.458716
21000			-19365.126248			3514.786020
22000			-19881.477433			3180.294005
23000			-17700.519145			2877.634626
24000			-19567.762229			2603.778466
25000			-19549.726477			2355.984403
26000			-21657.257461			2131.772185
27000			-18829.754191			1928.897594
28000			-18359.863154			1745.329992
29000			-15472.892729			1579.231987
30000			-20152.206957			1428.941048
31000			-18379.086442			1292.952863
32000			-19243.667277			1169.906280
33000			-19198.696623			1058.569685
34000			-15857.044294			957.828671
35000			-19840.702776			866.674888
36000			-19242.432752			784.195947
37000			-14700.786482			709.566288
38000			-17182.259171			642.038917
39000			-16020.169338			580.937931
40000			-12583.479668			525.651749
41000			-13620.310471			475.626993
42000			-11491.427476			430.362949
43000			-13418.184705			389.406552
44000			-15999.230782			352.347857
45000			-14248.931197			318.815931
46000			-11866.436600			288.475142
47000			-9736.219539			261.021797
48000			-10440.950438			236.181108
49000			-10516.652995			213.704435
50000			-11120.104134			193.366803
51000			-7860.440989			174.964643
52000			-7083.367723			158.313765
53000			-7704.297410			143.247502
54000			-6024.792030			129.615051
55000			-8642.941719			117.279962
56000			-6711.185218			106.118767
57000			-6855.333323			96.019751
58000			-7134.498772			86.881830
59000			-5932.188427			78.613537
60000			-5186.501029			71.132114
61000			-4519.014434			64.362677
62000			-4311.074163			58.237467
63000			-4169.978450			52.695176
64000			-3414.805501			47.680328
65000			-3410.914521			43.142730
66000			-3312.813109			39.036961
67000			-3301.301436			35.321926
68000			-2888.408780			31.960441
69000			-2869.502187			28.918858
70000			-2788.055471			26.166734
71000			-2714.068182			23.676522
72000			-2750.048765			21.423296
73000			-2757.572698			19.384503
74000			-2484.969421			17.539736
75000			-2486.640757			15.870530
76000			-2160.982907			14.360177
77000			-1976.963239			12.993561
78000			-1728.441831			11.757001
79000			-1550.113492			10.638121
80000			-1624.100782			9.625722
81000			-1540.627942			8.709670
82000			-1445.869203			7.880796
83000			-1400.338564			7.130803
84000			-1406.029894			6.452185
85000			-1417.412553			5.838150
86000			-1404.132784			5.282550
87000			-1375.740641			4.779825
88000			-1375.740641			4.324943
89000			-1256.577499			3.913350
90000			-1256.577499			3.540928
91000			-1256.577499			3.203948
92000			-1256.577499			2.899038
93000			-1262.268829			2.623145
94000			-1258.474609			2.373508
95000			-1260.371719			2.147628
96000			-1264.165939			1.943244
97000			-1254.680389			1.758311
98000			-1248.989059			1.590978
99000			-1245.194839			1.439569
100000			-1243.297729			1.302570
101000			-1245.194839			1.178608
102000			-1247.091949			1.066443
103000			-1247.091949			0.964953
104000			-1241.400619			0.873121
105000			-1241.400619			0.790029
106000			-1237.606399			0.714844
107000			-1237.606399			0.646814
108000			-1235.709289			0.585259
109000			-1233.812179			0.529561
110000			-1230.017959			0.479165
111000			-1230.017959			0.433564
112000			-1228.120849			0.392303
113000			-1228.120849			0.354969
114000			-1228.120849			0.321187
115000			-1226.223739			0.290621
116000			-1224.326629			0.262963
117000			-1222.429519			0.237938
118000			-1222.429519			0.215294
119000			-1222.429519			0.194805
120000			-1220.532409			0.176266
121000			-1220.532409			0.159491
122000			-1220.532409			0.144313
123000			-1220.532409			0.130579
124000			-1220.532409			0.118152
125000			-1220.532409			0.106908
126000			-1220.532409			0.096734
127000			-1220.532409			0.087528
128000			-1220.532409			0.079198
129000			-1220.532409			0.071661
130000			-1220.532409			0.064841
131000			-1220.532409			0.058671
132000			-1220.532409			0.053087
133000			-1220.532409			0.048035
134000			-1220.532409			0.043464
135000			-1220.532409			0.039327
136000			-1220.532409			0.035585
137000			-1220.532409			0.032198
138000			-1220.532409			0.029134
139000			-1220.532409			0.026361
140000			-1220.532409			0.023853
141000			-1220.532409			0.021583
142000			-1220.532409			0.019529
143000			-1220.532409			0.017670
144000			-1220.532409			0.015989
145000			-1220.532409			0.014467
146000			-1220.532409			0.013090
147000			-1220.532409			0.011844
148000			-1220.532409			0.010717
149000			-1220.532409			0.009697
150000			-1220.532409			0.008774
151000			-1220.532409			0.007939
152000			-1220.532409			0.007184
153000			-1220.532409			0.006500
154000			-1220.532409			0.005882
155000			-1220.532409			0.005322
156000			-1220.532409			0.004815
157000			-1220.532409			0.004357
158000			-1220.532409			0.003942
159000			-1220.532409			0.003567
160000			-1220.532409			0.003228
161000			-1220.532409			0.002921
162000			-1220.532409			0.002643
163000			-1220.532409			0.002391
164000			-1220.532409			0.002164
165000			-1220.532409			0.001958
166000			-1220.532409			0.001771
167000			-1220.532409			0.001603
168000			-1220.532409			0.001450
169000			-1220.532409			0.001312
170000			-1220.532409			0.001187
171000			-1220.532409			0.001074
Iteration: 9
Step			Log-likelihood			Temperature
1			-22313.930279			99900.000000
1000			-16639.351504			36769.542477
2000			-20772.409552			23501.721022
3000			-19276.343280			21265.130236
4000			-19526.632784			19241.389323
5000			-16123.402094			17410.241977
6000			-20890.218052			15753.359626
7000			-20167.392734			14254.157974
8000			-16610.029852			12897.631004
9000			-20439.013673			11670.200782
10000			-21271.117865			10559.581542
11000			-20987.486715			9554.656721
12000			-20242.934024			8645.367688
13000			-19405.534440			7822.613061
14000			-20355.303382			7078.157611
15000			-19247.273816			6404.549832
16000			-18068.353284			5795.047357
17000			-19413.237157			5243.549468
18000			-19774.638138			4744.536038
19000			-18447.001200			4293.012272
20000			-20422.793007			3884.458716
21000			-21592.342267			3514.786020
22000			-20904.046129			3180.294005
23000			-19488.781506			2877.634626
24000			-18881.937923			2603.778466
25000			-19208.182173			2355.984403
26000			-18184.103407			2131.772185
27000			-19301.876551			1928.897594
28000			-20309.655407			1745.329992
29000			-18394.380657			1579.231987
30000			-19371.055029			1428.941048
31000			-19613.158016			1292.952863
32000			-20809.797605			1169.906280
33000			-16593.891210			1058.569685
34000			-19218.887512			957.828671
35000			-17934.045515			866.674888
36000			-17941.930075			784.195947
37000			-15451.121425			709.566288
38000			-16354.688246			642.038917
39000			-19282.292637			580.937931
40000			-12241.979295			525.651749
41000			-12644.283947			475.626993
42000			-15759.394429			430.362949
43000			-13184.400307			389.406552
44000			-11952.885647			352.347857
45000			-12522.959829			318.815931
46000			-11442.818030			288.475142
47000			-11861.888874			261.021797
48000			-9710.530840			236.181108
49000			-10026.257432			213.704435
50000			-10281.200319			193.366803
51000			-10329.402150			174.964643
52000			-9351.267479			158.313765
53000			-7828.163705			143.247502
54000			-8878.576237			129.615051
55000			-6572.895548			117.279962
56000			-6541.096226			106.118767
57000			-7044.141227			96.019751
58000			-5609.195929			86.881830
59000			-5805.211072			78.613537
60000			-6045.375798			71.132114
61000			-6024.991389			64.362677
62000			-4042.103839			58.237467
63000			-3232.199142			52.695176
64000			-3869.434577			47.680328
65000			-3566.122753			43.142730
66000			-3528.599847			39.036961
67000			-3184.680472			35.321926
68000			-2659.890580			31.960441
69000			-2712.590366			28.918858
70000			-2564.519027			26.166734
71000			-2534.165267			23.676522
72000			-2382.944776			21.423296
73000			-2227.478517			19.384503
74000			-1972.110497			17.539736
75000			-1584.971046			15.870530
76000			-1590.694630			14.360177
77000			-1528.509294			12.993561
78000			-1395.711595			11.757001
79000			-1298.958986			10.638121
80000			-1359.666505			9.625722
81000			-1285.679216			8.709670
82000			-1236.354356			7.880796
83000			-1188.926607			7.130803
84000			-1175.646837			6.452185
85000			-1173.749727			5.838150
86000			-1171.852617			5.282550
87000			-1175.646837			4.779825
88000			-1158.572847			4.324943
89000			-1156.675737			3.913350
90000			-1147.190187			3.540928
91000			-1154.778627			3.203948
92000			-1150.984407			2.899038
93000			-1097.865327			2.623145
94000			-1099.762437			2.373508
95000			-1099.762437			2.147628
96000			-1094.071107			1.943244
97000			-1094.071107			1.758311
98000			-1084.585557			1.590978
99000			-1084.585557			1.439569
100000			-1084.585557			1.302570
101000			-1088.379777			1.178608
102000			-1082.688447			1.066443
103000			-1084.585557			0.964953
104000			-1082.688447			0.873121
105000			-1082.688447			0.790029
106000			-1082.688447			0.714844
107000			-1082.688447			0.646814
108000			-1082.688447			0.585259
109000			-1082.688447			0.529561
110000			-1082.688447			0.479165
111000			-1082.688447			0.433564
112000			-1082.688447			0.392303
113000			-1044.746248			0.354969
114000			-1044.746248			0.321187
115000			-1042.849138			0.290621
116000			-1042.849138			0.262963
117000			-1042.849138			0.237938
118000			-1042.849138			0.215294
119000			-1042.849138			0.194805
120000			-1042.849138			0.176266
121000			-1042.849138			0.159491
122000			-1042.849138			0.144313
123000			-1042.849138			0.130579
124000			-1042.849138			0.118152
125000			-1042.849138			0.106908
126000			-1042.849138			0.096734
127000			-1039.054918			0.087528
128000			-1037.157808			0.079198
129000			-1037.157808			0.071661
130000			-1037.157808			0.064841
131000			-1037.157808			0.058671
132000			-1037.157808			0.053087
133000			-1037.157808			0.048035
134000			-1037.157808			0.043464
135000			-1037.157808			0.039327
136000			-1037.157808			0.035585
137000			-1037.157808			0.032198
138000			-1037.157808			0.029134
139000			-1037.157808			0.026361
140000			-1037.157808			0.023853
141000			-1037.157808			0.021583
142000			-1037.157808			0.019529
143000			-1037.157808			0.017670
144000			-1037.157808			0.015989
145000			-1037.157808			0.014467
146000			-1037.157808			0.013090
147000			-1037.157808			0.011844
148000			-1037.157808			0.010717
149000			-1037.157808			0.009697
150000			-1037.157808			0.008774
151000			-1037.157808			0.007939
152000			-1037.157808			0.007184
153000			-1037.157808			0.006500
154000			-1037.157808			0.005882
155000			-1037.157808			0.005322
156000			-1037.157808			0.004815
157000			-1037.157808			0.004357
158000			-1037.157808			0.003942
159000			-1037.157808			0.003567
160000			-1037.157808			0.003228
161000			-1037.157808			0.002921
162000			-1037.157808			0.002643
163000			-1037.157808			0.002391
164000			-1037.157808			0.002164
165000			-1037.157808			0.001958
166000			-1037.157808			0.001771
167000			-1037.157808			0.001603
168000			-1037.157808			0.001450
169000			-1037.157808			0.001312
170000			-1037.157808			0.001187
171000			-1037.157808			0.001074
Iteration: 10
Step			Log-likelihood			Temperature
1			-22403.029942			99900.000000
1000			-21098.900151			36769.542477
2000			-20102.826487			23501.721022
3000			-21093.628114			21265.130236
4000			-20337.757270			19241.389323
5000			-18517.247098			17410.241977
6000			-20545.020220			15753.359626
7000			-18013.809217			14254.157974
8000			-20791.697347			12897.631004
9000			-21047.065367			11670.200782
10000			-21384.976718			10559.581542
11000			-19942.862274			9554.656721
12000			-20162.390403			8645.367688
13000			-20859.107729			7822.613061
14000			-20349.450785			7078.157611
15000			-19403.649008			6404.549832
16000			-21348.093040			5795.047357
17000			-19946.920360			5243.549468
18000			-19712.930764			4744.536038
19000			-20814.468505			4293.012272
20000			-20203.056622			3884.458716
21000			-21078.257714			3514.786020
22000			-20394.471210			3180.294005
23000			-18860.424646			2877.634626
24000			-19038.022835			2603.778466
25000			-16371.735821			2355.984403
26000			-18263.905201			2131.772185
27000			-20324.084621			1928.897594
28000			-18646.540857			1745.329992
29000			-20729.770038			1579.231987
30000			-19651.545924			1428.941048
31000			-16815.621465			1292.952863
32000			-19250.971276			1169.906280
33000			-16642.480081			1058.569685
34000			-14194.231702			957.828671
35000			-15377.318758			866.674888
36000			-13665.454070			784.195947
37000			-15092.643822			709.566288
38000			-12224.952295			642.038917
39000			-14577.421505			580.937931
40000			-12350.064794			525.651749
41000			-15036.879966			475.626993
42000			-16345.284720			430.362949
43000			-10863.891687			389.406552
44000			-11752.384227			352.347857
45000			-11981.268893			318.815931
46000			-10205.521118			288.475142
47000			-11065.442732			261.021797
48000			-11333.058414			236.181108
49000			-10054.702404			213.704435
50000			-12346.097629			193.366803
51000			-9398.249520			174.964643
52000			-7763.134234			158.313765
53000			-7949.578744			143.247502
54000			-7259.101055			129.615051
55000			-7645.583760			117.279962
56000			-7464.745498			106.118767
57000			-6795.490806			96.019751
58000			-7142.527081			86.881830
59000			-5513.082549			78.613537
60000			-5708.710651			71.132114
61000			-5076.629917			64.362677
62000			-4187.310467			58.237467
63000			-3643.484969			52.695176
64000			-3255.899810			47.680328
65000			-2867.927611			43.142730
66000			-2776.382531			39.036961
67000			-2576.320981			35.321926
68000			-2686.385613			31.960441
69000			-2593.330464			28.918858
70000			-2558.601923			26.166734
71000			-2122.911694			23.676522
72000			-1852.270034			21.423296
73000			-1854.167144			19.384503
74000			-2062.236428			17.539736
75000			-1880.113870			15.870530
76000			-1836.512593			14.360177
77000			-1605.065175			12.993561
78000			-1570.917195			11.757001
79000			-1391.272308			10.638121
80000			-1389.375198			9.625722
81000			-1300.211028			8.709670
82000			-1262.268829			7.880796
83000			-1281.239928			7.130803
84000			-1250.886169			6.452185
85000			-1283.137038			5.838150
86000			-1260.371719			5.282550
87000			-1258.474609			4.779825
88000			-1271.754378			4.324943
89000			-1275.548598			3.913350
90000			-1288.828368			3.540928
91000			-1279.342818			3.203948
92000			-1266.063049			2.899038
93000			-1262.268829			2.623145
94000			-1264.165939			2.373508
95000			-1266.063049			2.147628
96000			-1250.886169			1.943244
97000			-1248.989059			1.758311
98000			-1245.194839			1.590978
99000			-1243.297729			1.439569
100000			-1241.400619			1.302570
101000			-1241.400619			1.178608
102000			-1235.709289			1.066443
103000			-1235.709289			0.964953
104000			-1235.709289			0.873121
105000			-1235.709289			0.790029
106000			-1230.017959			0.714844
107000			-1230.017959			0.646814
108000			-1235.709289			0.585259
109000			-1230.017959			0.529561
110000			-1230.017959			0.479165
111000			-1226.223739			0.433564
112000			-1226.223739			0.392303
113000			-1226.223739			0.354969
114000			-1226.223739			0.321187
115000			-1226.223739			0.290621
116000			-1226.223739			0.262963
117000			-1226.223739			0.237938
118000			-1226.223739			0.215294
119000			-1226.223739			0.194805
120000			-1226.223739			0.176266
121000			-1226.223739			0.159491
122000			-1226.223739			0.144313
123000			-1226.223739			0.130579
124000			-1226.223739			0.118152
125000			-1226.223739			0.106908
126000			-1226.223739			0.096734
127000			-1226.223739			0.087528
128000			-1226.223739			0.079198
129000			-1226.223739			0.071661
130000			-1226.223739			0.064841
131000			-1226.223739			0.058671
132000			-1226.223739			0.053087
133000			-1226.223739			0.048035
134000			-1226.223739			0.043464
135000			-1226.223739			0.039327
136000			-1226.223739			0.035585
137000			-1226.223739			0.032198
138000			-1226.223739			0.029134
139000			-1226.223739			0.026361
140000			-1226.223739			0.023853
141000			-1226.223739			0.021583
142000			-1226.223739			0.019529
143000			-1226.223739			0.017670
144000			-1226.223739			0.015989
145000			-1226.223739			0.014467
146000			-1226.223739			0.013090
147000			-1226.223739			0.011844
148000			-1226.223739			0.010717
149000			-1226.223739			0.009697
150000			-1226.223739			0.008774
151000			-1226.223739			0.007939
152000			-1226.223739			0.007184
153000			-1226.223739			0.006500
154000			-1226.223739			0.005882
155000			-1226.223739			0.005322
156000			-1226.223739			0.004815
157000			-1226.223739			0.004357
158000			-1226.223739			0.003942
159000			-1226.223739			0.003567
160000			-1226.223739			0.003228
161000			-1226.223739			0.002921
162000			-1226.223739			0.002643
163000			-1226.223739			0.002391
164000			-1226.223739			0.002164
165000			-1226.223739			0.001958
166000			-1226.223739			0.001771
167000			-1226.223739			0.001603
168000			-1226.223739			0.001450
169000			-1226.223739			0.001312
170000			-1226.223739			0.001187
171000			-1226.223739			0.001074

Maximum likelihood Tree found: -1033.363588
digraph g {
	"54" -> "55";
	"55" [label="12"];
	"53" -> "54";
	"54" [label="2"];
	"52" -> "53";
	"53" [label="27"];
	"51" -> "52";
	"52" [label="15"];
	"50" -> "51";
	"51" [label="13"];
	"49" -> "50";
	"50" [color=indianred1, style=filled, label="42"];
	"47" -> "48";
	"48" [label="3"];
	"46" -> "47";
	"47" [label="6"];
	"45" -> "46";
	"46" [label="44"];
	"44" -> "45";
	"45" [label="29"];
	"43" -> "44";
	"44" [label="45"];
	"42" -> "43";
	"43" [label="16"];
	"41" -> "42";
	"42" [label="40"];
	"40" -> "41";
	"41" [label="50"];
	"39" -> "40";
	"40" [label="10"];
	"38" -> "39";
	"39" [label="5"];
	"37" -> "38";
	"38" [label="33"];
	"37" -> "49";
	"49" [color=indianred1, style=filled, label="48"];
	"35" -> "36";
	"36" [label="4"];
	"34" -> "35";
	"35" [label="34"];
	"33" -> "34";
	"34" [label="20"];
	"32" -> "33";
	"33" [label="18"];
	"31" -> "32";
	"32" [label="9"];
	"30" -> "31";
	"31" [label="24"];
	"29" -> "30";
	"30" [label="7"];
	"27" -> "28";
	"28" [label="31"];
	"26" -> "27";
	"27" [label="19"];
	"25" -> "26";
	"26" [label="32"];
	"23" -> "24";
	"24" [label="25"];
	"22" -> "23";
	"23" [label="17"];
	"21" -> "22";
	"22" [label="41"];
	"20" -> "21";
	"21" [label="30"];
	"19" -> "20";
	"20" [label="28"];
	"18" -> "19";
	"19" [label="23"];
	"17" -> "18";
	"18" [label="49"];
	"16" -> "17";
	"17" [label="43"];
	"15" -> "16";
	"16" [color=indianred1, style=filled, label="48"];
	"15" -> "25";
	"25" [color=indianred1, style=filled, label="8"];
	"14" -> "15";
	"15" [label="47"];
	"13" -> "14";
	"14" [label="35"];
	"12" -> "13";
	"13" [label="39"];
	"11" -> "12";
	"12" [label="46"];
	"10" -> "11";
	"11" [label="38"];
	"9" -> "10";
	"10" [label="37"];
	"9" -> "29";
	"29" [color=indianred1, style=filled, label="48"];
	"8" -> "9";
	"9" [label="21"];
	"7" -> "8";
	"8" [label="22"];
	"6" -> "7";
	"7" [label="14"];
	"5" -> "6";
	"6" [label="36"];
	"4" -> "5";
	"5" [label="8"];
	"4" -> "37";
	"37" [label="1"];
	"3" -> "4";
	"4" [label="48"];
	"2" -> "3";
	"3" [label="26"];
	"1" -> "2";
	"2" [label="11"];
	"0" -> "1";
	"1" [label="42"];
	"0" [label="germline"];
	labelloc="t";
	label="Confidence score: -1033.363588";
}
Best cell assigment:
23 16 48 27 29 50 23 29 26 24 48 55 55 16 16 49 3 16 3 41 36 24 50 16 36 28 35 38 16 48 8 28 50 29 55 29 3 34 55 28 42 28 42 36 24 50 54 23 28 48 54 47 29 36 55 28 49 36 54 24 29 36 24 39 3 42 48 28 35 28 48 49 29 36 29 42 48 26 47 29 49 16 55 16 42 16 48 29 35 35 16 13 55 24 32 35 29 52 29 27 36 24 29 3 16 29 27 3 42 29 49 41 48 3 28 24 36 45 16 29 29 28 29 24 42 49 46 48 16 16 42 36 55 28 49 36 16 49 41 29 36 42 29 48 49 24 24 49 41 48 47 7 16 22 23 16 55 16 50 24 14 16 16 8 36 29 28 49 48 23 29 49 41 42 16 16 36 42 24 35 27 46 48 35 24 27 48 35 16 24 29 53 29 53 22 28 16 24 50 29 36 16 29 55 36 42 55 42 48 55 41 29 47 9 42 52 54 3 28 25 24 26 27 28 2 16 41 28 55 28 49 28 29 24 19 50 29 49 16 50 42 12 42 16 47 7 29 40 24 33 
alpha: 0.150000
beta: 0.000010
alpha: 1.000000
