Starting SASC.
Iteration: 1
Step			Log-likelihood			Temperature
1			-27441.123774			99900.000000
1000			-25130.924555			36769.542477
2000			-27399.495793			23501.721022
3000			-26123.585200			21265.130236
4000			-25420.337956			19241.389323
5000			-21881.468212			17410.241977
6000			-25665.194158			15753.359626
7000			-25592.910458			14254.157974
8000			-25520.755772			12897.631004
9000			-19158.977473			11670.200782
10000			-26006.920304			10559.581542
11000			-25981.146523			9554.656721
12000			-23766.145912			8645.367688
13000			-27068.184705			7822.613061
14000			-23959.897480			7078.157611
15000			-26902.646497			6404.549832
16000			-24233.371598			5795.047357
17000			-19114.678301			5243.549468
18000			-25497.318970			4744.536038
19000			-25678.802300			4293.012272
20000			-23902.177846			3884.458716
21000			-23925.664418			3514.786020
22000			-22630.078990			3180.294005
23000			-24104.702331			2877.634626
24000			-23376.722311			2603.778466
25000			-26927.760474			2355.984403
26000			-25907.405582			2131.772185
27000			-26037.860463			1928.897594
28000			-26790.130608			1745.329992
29000			-20676.583437			1579.231987
30000			-25041.411438			1428.941048
31000			-22158.478524			1292.952863
32000			-23384.627446			1169.906280
33000			-20172.151541			1058.569685
34000			-24628.518782			957.828671
35000			-18684.705816			866.674888
36000			-14750.011568			784.195947
37000			-21045.977416			709.566288
38000			-20096.777356			642.038917
39000			-15146.146928			580.937931
40000			-12369.431598			525.651749
41000			-12540.502928			475.626993
42000			-11462.419505			430.362949
43000			-11678.824896			389.406552
44000			-14021.069786			352.347857
45000			-11547.628187			318.815931
46000			-10656.572894			288.475142
47000			-11683.601453			261.021797
48000			-11213.091763			236.181108
49000			-10188.878144			213.704435
50000			-10427.494709			193.366803
51000			-9072.755762			174.964643
52000			-8685.868500			158.313765
53000			-7005.885158			143.247502
54000			-7439.382158			129.615051
55000			-7689.349128			117.279962
56000			-5671.249237			106.118767
57000			-6731.824640			96.019751
58000			-6256.816994			86.881830
59000			-5485.918859			78.613537
60000			-6050.612567			71.132114
61000			-6068.009090			64.362677
62000			-5513.665934			58.237467
63000			-4958.592629			52.695176
64000			-4828.718309			47.680328
65000			-4678.524086			43.142730
66000			-4112.094535			39.036961
67000			-3453.222649			35.321926
68000			-3229.492684			31.960441
69000			-2821.775304			28.918858
70000			-2781.806981			26.166734
71000			-2494.091331			23.676522
72000			-2181.874517			21.423296
73000			-2231.038110			19.384503
74000			-2213.964120			17.539736
75000			-2352.453149			15.870530
76000			-2339.173379			14.360177
77000			-2215.861230			12.993561
78000			-2038.016692			11.757001
79000			-1965.926513			10.638121
80000			-1909.013213			9.625722
81000			-1905.218993			8.709670
82000			-1907.116103			7.880796
83000			-1899.527663			7.130803
84000			-1867.276794			6.452185
85000			-1825.540374			5.838150
86000			-1836.923034			5.282550
87000			-1787.598174			4.779825
88000			-1626.441954			4.324943
89000			-1575.219984			3.913350
90000			-1573.708547			3.540928
91000			-1581.296987			3.203948
92000			-1581.296987			2.899038
93000			-1583.194097			2.623145
94000			-1579.399877			2.373508
95000			-1575.605657			2.147628
96000			-1564.222997			1.943244
97000			-1564.222997			1.758311
98000			-1560.428777			1.590978
99000			-1562.325887			1.439569
100000			-1558.531667			1.302570
101000			-1552.840337			1.178608
102000			-1550.943227			1.066443
103000			-1550.943227			0.964953
104000			-1552.840337			0.873121
105000			-1550.943227			0.790029
106000			-1552.840337			0.714844
107000			-1552.840337			0.646814
108000			-1549.046117			0.585259
109000			-1545.251897			0.529561
110000			-1543.354787			0.479165
111000			-1543.354787			0.433564
112000			-1543.354787			0.392303
113000			-1543.354787			0.354969
114000			-1543.354787			0.321187
115000			-1543.354787			0.290621
116000			-1543.354787			0.262963
117000			-1543.354787			0.237938
118000			-1543.354787			0.215294
119000			-1543.354787			0.194805
120000			-1543.354787			0.176266
121000			-1543.354787			0.159491
122000			-1543.354787			0.144313
123000			-1543.354787			0.130579
124000			-1543.354787			0.118152
125000			-1543.354787			0.106908
126000			-1543.354787			0.096734
127000			-1543.354787			0.087528
128000			-1543.354787			0.079198
129000			-1543.354787			0.071661
130000			-1543.354787			0.064841
131000			-1543.354787			0.058671
132000			-1543.354787			0.053087
133000			-1543.354787			0.048035
134000			-1543.354787			0.043464
135000			-1543.354787			0.039327
136000			-1543.354787			0.035585
137000			-1543.354787			0.032198
138000			-1543.354787			0.029134
139000			-1543.354787			0.026361
140000			-1543.354787			0.023853
141000			-1543.354787			0.021583
142000			-1543.354787			0.019529
143000			-1543.354787			0.017670
144000			-1543.354787			0.015989
145000			-1543.354787			0.014467
146000			-1543.354787			0.013090
147000			-1543.354787			0.011844
148000			-1543.354787			0.010717
149000			-1543.354787			0.009697
150000			-1543.354787			0.008774
151000			-1543.354787			0.007939
152000			-1543.354787			0.007184
153000			-1543.354787			0.006500
154000			-1543.354787			0.005882
155000			-1543.354787			0.005322
156000			-1543.354787			0.004815
157000			-1543.354787			0.004357
158000			-1543.354787			0.003942
159000			-1543.354787			0.003567
160000			-1543.354787			0.003228
161000			-1543.354787			0.002921
162000			-1543.354787			0.002643
163000			-1543.354787			0.002391
164000			-1543.354787			0.002164
165000			-1543.354787			0.001958
166000			-1543.354787			0.001771
167000			-1543.354787			0.001603
168000			-1543.354787			0.001450
169000			-1543.354787			0.001312
170000			-1543.354787			0.001187
171000			-1543.354787			0.001074
Iteration: 2
Step			Log-likelihood			Temperature
1			-26499.969540			99900.000000
1000			-23689.551939			36769.542477
2000			-25387.189831			23501.721022
3000			-24444.730726			21265.130236
4000			-23407.076071			19241.389323
5000			-23396.499746			17410.241977
6000			-23738.108556			15753.359626
7000			-25721.397883			14254.157974
8000			-19788.205174			12897.631004
9000			-22434.140032			11670.200782
10000			-26612.297748			10559.581542
11000			-21602.361432			9554.656721
12000			-25448.477911			8645.367688
13000			-24712.352247			7822.613061
14000			-26232.881590			7078.157611
15000			-23544.512417			6404.549832
16000			-22103.441759			5795.047357
17000			-24638.411948			5243.549468
18000			-21209.084943			4744.536038
19000			-25280.834336			4293.012272
20000			-22734.484546			3884.458716
21000			-23611.802683			3514.786020
22000			-26371.042246			3180.294005
23000			-23651.861927			2877.634626
24000			-24936.586588			2603.778466
25000			-22575.276896			2355.984403
26000			-22296.832700			2131.772185
27000			-24441.693070			1928.897594
28000			-22942.978963			1745.329992
29000			-25358.416486			1579.231987
30000			-21397.388472			1428.941048
31000			-21570.353853			1292.952863
32000			-18948.855651			1169.906280
33000			-20092.399518			1058.569685
34000			-25195.045093			957.828671
35000			-16841.963895			866.674888
36000			-15339.974681			784.195947
37000			-15819.788079			709.566288
38000			-17211.545555			642.038917
39000			-19900.199170			580.937931
40000			-14450.010163			525.651749
41000			-16027.684418			475.626993
42000			-12784.863650			430.362949
43000			-13883.908985			389.406552
44000			-14176.606391			352.347857
45000			-11905.724588			318.815931
46000			-9197.378621			288.475142
47000			-10792.314547			261.021797
48000			-9858.346977			236.181108
49000			-9532.560114			213.704435
50000			-11334.629976			193.366803
51000			-10146.948205			174.964643
52000			-9255.646563			158.313765
53000			-8315.196064			143.247502
54000			-7450.222349			129.615051
55000			-6628.838233			117.279962
56000			-5875.492048			106.118767
57000			-6503.300601			96.019751
58000			-5650.284267			86.881830
59000			-5439.033577			78.613537
60000			-5262.156641			71.132114
61000			-4541.674140			64.362677
62000			-4158.141229			58.237467
63000			-3903.670464			52.695176
64000			-3480.007962			47.680328
65000			-3893.126391			43.142730
66000			-3596.532166			39.036961
67000			-3600.745680			35.321926
68000			-3495.340270			31.960441
69000			-3418.494108			28.918858
70000			-2659.043139			26.166734
71000			-2365.442639			23.676522
72000			-2410.973278			21.423296
73000			-2384.575005			19.384503
74000			-2193.418444			17.539736
75000			-2102.357165			15.870530
76000			-2149.784915			14.360177
77000			-2037.855425			12.993561
78000			-2161.167574			11.757001
79000			-2070.106295			10.638121
80000			-2039.752535			9.625722
81000			-1990.427676			8.709670
82000			-1990.427676			7.880796
83000			-1958.176806			7.130803
84000			-1933.514376			6.452185
85000			-1903.160617			5.838150
86000			-1857.629977			5.282550
87000			-1848.144427			4.779825
88000			-1848.144427			4.324943
89000			-1838.658877			3.913350
90000			-1793.128237			3.540928
91000			-1777.951358			3.203948
92000			-1747.597598			2.899038
93000			-1749.494708			2.623145
94000			-1740.009158			2.373508
95000			-1486.321577			2.147628
96000			-1488.218687			1.943244
97000			-1488.218687			1.758311
98000			-1490.115797			1.590978
99000			-1486.321577			1.439569
100000			-1488.218687			1.302570
101000			-1474.938917			1.178608
102000			-1474.938917			1.066443
103000			-1474.938917			0.964953
104000			-1474.938917			0.873121
105000			-1471.144697			0.790029
106000			-1471.144697			0.714844
107000			-1469.247587			0.646814
108000			-1474.938917			0.585259
109000			-1474.938917			0.529561
110000			-1473.041807			0.479165
111000			-1469.247587			0.433564
112000			-1469.247587			0.392303
113000			-1469.247587			0.354969
114000			-1469.247587			0.321187
115000			-1469.247587			0.290621
116000			-1469.247587			0.262963
117000			-1469.247587			0.237938
118000			-1467.350477			0.215294
119000			-1465.453367			0.194805
120000			-1465.453367			0.176266
121000			-1465.453367			0.159491
122000			-1465.453367			0.144313
123000			-1463.556257			0.130579
124000			-1463.556257			0.118152
125000			-1463.556257			0.106908
126000			-1463.556257			0.096734
127000			-1463.556257			0.087528
128000			-1463.556257			0.079198
129000			-1463.556257			0.071661
130000			-1463.556257			0.064841
131000			-1463.556257			0.058671
132000			-1463.556257			0.053087
133000			-1463.556257			0.048035
134000			-1461.659147			0.043464
135000			-1461.659147			0.039327
136000			-1461.659147			0.035585
137000			-1461.659147			0.032198
138000			-1461.659147			0.029134
139000			-1461.659147			0.026361
140000			-1461.659147			0.023853
141000			-1461.659147			0.021583
142000			-1461.659147			0.019529
143000			-1461.659147			0.017670
144000			-1461.659147			0.015989
145000			-1461.659147			0.014467
146000			-1461.659147			0.013090
147000			-1461.659147			0.011844
148000			-1461.659147			0.010717
149000			-1461.659147			0.009697
150000			-1461.659147			0.008774
151000			-1461.659147			0.007939
152000			-1461.659147			0.007184
153000			-1461.659147			0.006500
154000			-1461.659147			0.005882
155000			-1461.659147			0.005322
156000			-1461.659147			0.004815
157000			-1461.659147			0.004357
158000			-1461.659147			0.003942
159000			-1461.659147			0.003567
160000			-1461.659147			0.003228
161000			-1461.659147			0.002921
162000			-1461.659147			0.002643
163000			-1461.659147			0.002391
164000			-1461.659147			0.002164
165000			-1461.659147			0.001958
166000			-1461.659147			0.001771
167000			-1461.659147			0.001603
168000			-1461.659147			0.001450
169000			-1461.659147			0.001312
170000			-1461.659147			0.001187
171000			-1461.659147			0.001074
Iteration: 3
Step			Log-likelihood			Temperature
1			-28642.014970			99900.000000
1000			-26526.921960			36769.542477
2000			-17331.245327			23501.721022
3000			-22324.295334			21265.130236
4000			-24593.790241			19241.389323
5000			-21655.002550			17410.241977
6000			-22655.896702			15753.359626
7000			-25798.352483			14254.157974
8000			-27611.025085			12897.631004
9000			-25018.732290			11670.200782
10000			-23203.671848			10559.581542
11000			-25776.399336			9554.656721
12000			-21058.450852			8645.367688
13000			-25860.590647			7822.613061
14000			-25272.207949			7078.157611
15000			-24008.369015			6404.549832
16000			-24756.076698			5795.047357
17000			-26287.859687			5243.549468
18000			-24765.878943			4744.536038
19000			-25629.826389			4293.012272
20000			-25474.231117			3884.458716
21000			-24110.200140			3514.786020
22000			-21073.105839			3180.294005
23000			-24803.008969			2877.634626
24000			-25181.082163			2603.778466
25000			-26662.229583			2355.984403
26000			-26701.687691			2131.772185
27000			-25489.762784			1928.897594
28000			-21917.700983			1745.329992
29000			-21513.235355			1579.231987
30000			-23880.482726			1428.941048
31000			-23464.124223			1292.952863
32000			-18550.855434			1169.906280
33000			-19331.969269			1058.569685
34000			-19610.322544			957.828671
35000			-15791.815230			866.674888
36000			-16809.062119			784.195947
37000			-13474.364841			709.566288
38000			-18277.736103			642.038917
39000			-16940.543269			580.937931
40000			-12992.633757			525.651749
41000			-12913.245418			475.626993
42000			-12659.290707			430.362949
43000			-11996.683268			389.406552
44000			-11314.186899			352.347857
45000			-10047.794109			318.815931
46000			-13892.379944			288.475142
47000			-12713.957949			261.021797
48000			-11682.264329			236.181108
49000			-10263.413741			213.704435
50000			-10739.497426			193.366803
51000			-10225.536048			174.964643
52000			-7730.795268			158.313765
53000			-8151.947845			143.247502
54000			-8057.834174			129.615051
55000			-7553.434530			117.279962
56000			-8288.566178			106.118767
57000			-5737.035273			96.019751
58000			-5458.875518			86.881830
59000			-5348.456099			78.613537
60000			-6682.467527			71.132114
61000			-5872.155215			64.362677
62000			-5024.179305			58.237467
63000			-4165.691576			52.695176
64000			-3720.967344			47.680328
65000			-3580.710219			43.142730
66000			-3645.244212			39.036961
67000			-3607.753559			35.321926
68000			-3263.221370			31.960441
69000			-3341.422173			28.918858
70000			-3096.759492			26.166734
71000			-2731.230079			23.676522
72000			-2729.849023			21.423296
73000			-2576.183114			19.384503
74000			-2456.632932			17.539736
75000			-2380.748532			15.870530
76000			-2157.437861			14.360177
77000			-2111.907222			12.993561
78000			-2165.058555			11.757001
79000			-2117.598552			10.638121
80000			-2094.800978			9.625722
81000			-2072.035659			8.709670
82000			-2032.228602			7.880796
83000			-1982.903743			7.130803
84000			-1922.196223			6.452185
85000			-1916.504893			5.838150
86000			-1867.309047			5.282550
87000			-1880.588817			4.779825
88000			-1876.794597			4.324943
89000			-1683.740926			3.913350
90000			-1672.358266			3.540928
91000			-1628.724736			3.203948
92000			-1624.930516			2.899038
93000			-1623.033406			2.623145
94000			-1626.827626			2.373508
95000			-1632.518956			2.147628
96000			-1626.827626			1.943244
97000			-1611.650746			1.758311
98000			-1609.753636			1.590978
99000			-1598.370976			1.439569
100000			-1602.165196			1.302570
101000			-1605.959416			1.178608
102000			-1605.959416			1.066443
103000			-1602.165196			0.964953
104000			-1602.165196			0.873121
105000			-1598.370976			0.790029
106000			-1598.370976			0.714844
107000			-1598.370976			0.646814
108000			-1598.370976			0.585259
109000			-1598.370976			0.529561
110000			-1598.370976			0.479165
111000			-1598.370976			0.433564
112000			-1598.370976			0.392303
113000			-1598.370976			0.354969
114000			-1594.576756			0.321187
115000			-1594.576756			0.290621
116000			-1594.576756			0.262963
117000			-1594.576756			0.237938
118000			-1592.679646			0.215294
119000			-1592.679646			0.194805
120000			-1590.782537			0.176266
121000			-1590.782537			0.159491
122000			-1590.782537			0.144313
123000			-1590.782537			0.130579
124000			-1590.782537			0.118152
125000			-1590.782537			0.106908
126000			-1590.782537			0.096734
127000			-1590.782537			0.087528
128000			-1590.782537			0.079198
129000			-1590.782537			0.071661
130000			-1590.782537			0.064841
131000			-1590.782537			0.058671
132000			-1590.782537			0.053087
133000			-1590.782537			0.048035
134000			-1590.782537			0.043464
135000			-1590.782537			0.039327
136000			-1590.782537			0.035585
137000			-1590.782537			0.032198
138000			-1590.782537			0.029134
139000			-1590.782537			0.026361
140000			-1590.782537			0.023853
141000			-1590.782537			0.021583
142000			-1590.782537			0.019529
143000			-1590.782537			0.017670
144000			-1590.782537			0.015989
145000			-1590.782537			0.014467
146000			-1590.782537			0.013090
147000			-1590.782537			0.011844
148000			-1590.782537			0.010717
149000			-1590.782537			0.009697
150000			-1590.782537			0.008774
151000			-1590.782537			0.007939
152000			-1590.782537			0.007184
153000			-1590.782537			0.006500
154000			-1590.782537			0.005882
155000			-1590.782537			0.005322
156000			-1590.782537			0.004815
157000			-1590.782537			0.004357
158000			-1590.782537			0.003942
159000			-1590.782537			0.003567
160000			-1590.782537			0.003228
161000			-1590.782537			0.002921
162000			-1590.782537			0.002643
163000			-1590.782537			0.002391
164000			-1590.782537			0.002164
165000			-1590.782537			0.001958
166000			-1590.782537			0.001771
167000			-1590.782537			0.001603
168000			-1590.782537			0.001450
169000			-1590.782537			0.001312
170000			-1590.782537			0.001187
171000			-1590.782537			0.001074
Iteration: 4
Step			Log-likelihood			Temperature
1			-28657.062836			99900.000000
1000			-26263.874578			36769.542477
2000			-23428.826800			23501.721022
3000			-25515.768177			21265.130236
4000			-24962.333954			19241.389323
5000			-23228.102665			17410.241977
6000			-25617.256193			15753.359626
7000			-25129.892447			14254.157974
8000			-23107.467546			12897.631004
9000			-24391.793489			11670.200782
10000			-24242.212080			10559.581542
11000			-24404.821071			9554.656721
12000			-25037.121739			8645.367688
13000			-21544.454117			7822.613061
14000			-23848.774325			7078.157611
15000			-25599.343615			6404.549832
16000			-25113.334511			5795.047357
17000			-24829.987803			5243.549468
18000			-25136.266937			4744.536038
19000			-18943.733204			4293.012272
20000			-27089.944331			3884.458716
21000			-24337.422367			3514.786020
22000			-21236.005109			3180.294005
23000			-22490.434678			2877.634626
24000			-19404.827691			2603.778466
25000			-27768.458799			2355.984403
26000			-24320.832177			2131.772185
27000			-25478.429894			1928.897594
28000			-21855.805928			1745.329992
29000			-17709.538455			1579.231987
30000			-22245.669398			1428.941048
31000			-18592.134468			1292.952863
32000			-20970.195616			1169.906280
33000			-23569.045833			1058.569685
34000			-15123.592646			957.828671
35000			-13314.858013			866.674888
36000			-19795.368481			784.195947
37000			-15470.450137			709.566288
38000			-12506.114438			642.038917
39000			-13993.483978			580.937931
40000			-13112.881836			525.651749
41000			-14474.898366			475.626993
42000			-15808.637032			430.362949
43000			-15402.057417			389.406552
44000			-13052.948397			352.347857
45000			-9680.308919			318.815931
46000			-12697.232907			288.475142
47000			-10513.069856			261.021797
48000			-10161.867057			236.181108
49000			-10000.307692			213.704435
50000			-11212.640215			193.366803
51000			-9642.355041			174.964643
52000			-7893.882220			158.313765
53000			-10325.115276			143.247502
54000			-8517.445005			129.615051
55000			-7637.573012			117.279962
56000			-6033.339218			106.118767
57000			-5792.599770			96.019751
58000			-6105.558410			86.881830
59000			-5583.498378			78.613537
60000			-5650.477788			71.132114
61000			-4380.935845			64.362677
62000			-4492.924002			58.237467
63000			-4414.632278			52.695176
64000			-4016.690728			47.680328
65000			-4052.897085			43.142730
66000			-4050.225894			39.036961
67000			-3936.657322			35.321926
68000			-3284.154086			31.960441
69000			-2905.538424			28.918858
70000			-2814.993198			26.166734
71000			-2972.292060			23.676522
72000			-2697.469139			21.423296
73000			-2419.013266			19.384503
74000			-2373.482626			17.539736
75000			-2036.603383			15.870530
76000			-1962.616094			14.360177
77000			-1909.464761			12.993561
78000			-1905.702794			11.757001
79000			-1871.554814			10.638121
80000			-1799.464635			9.625722
81000			-1848.789494			8.709670
82000			-1759.625325			7.880796
83000			-1752.036885			7.130803
84000			-1757.728215			6.452185
85000			-1740.654225			5.838150
86000			-1700.814916			5.282550
87000			-1683.740926			4.779825
88000			-1683.740926			4.324943
89000			-1649.592946			3.913350
90000			-1643.901616			3.540928
91000			-1645.798726			3.203948
92000			-1642.004506			2.899038
93000			-1634.416066			2.623145
94000			-1604.062306			2.373508
95000			-1568.017217			2.147628
96000			-1566.120107			1.943244
97000			-1564.222997			1.758311
98000			-1562.325887			1.590978
99000			-1562.325887			1.439569
100000			-1573.708547			1.302570
101000			-1558.531667			1.178608
102000			-1558.531667			1.066443
103000			-1558.531667			0.964953
104000			-1558.531667			0.873121
105000			-1556.634557			0.790029
106000			-1556.634557			0.714844
107000			-1552.840337			0.646814
108000			-1552.840337			0.585259
109000			-1552.840337			0.529561
110000			-1552.840337			0.479165
111000			-1552.840337			0.433564
112000			-1552.840337			0.392303
113000			-1552.840337			0.354969
114000			-1549.046117			0.321187
115000			-1549.046117			0.290621
116000			-1549.046117			0.262963
117000			-1549.046117			0.237938
118000			-1549.046117			0.215294
119000			-1549.046117			0.194805
120000			-1549.046117			0.176266
121000			-1549.046117			0.159491
122000			-1547.149007			0.144313
123000			-1547.149007			0.130579
124000			-1547.149007			0.118152
125000			-1547.149007			0.106908
126000			-1547.149007			0.096734
127000			-1547.149007			0.087528
128000			-1547.149007			0.079198
129000			-1547.149007			0.071661
130000			-1547.149007			0.064841
131000			-1547.149007			0.058671
132000			-1547.149007			0.053087
133000			-1547.149007			0.048035
134000			-1547.149007			0.043464
135000			-1547.149007			0.039327
136000			-1547.149007			0.035585
137000			-1547.149007			0.032198
138000			-1547.149007			0.029134
139000			-1547.149007			0.026361
140000			-1547.149007			0.023853
141000			-1547.149007			0.021583
142000			-1547.149007			0.019529
143000			-1547.149007			0.017670
144000			-1547.149007			0.015989
145000			-1547.149007			0.014467
146000			-1547.149007			0.013090
147000			-1547.149007			0.011844
148000			-1547.149007			0.010717
149000			-1547.149007			0.009697
150000			-1547.149007			0.008774
151000			-1547.149007			0.007939
152000			-1547.149007			0.007184
153000			-1547.149007			0.006500
154000			-1547.149007			0.005882
155000			-1547.149007			0.005322
156000			-1547.149007			0.004815
157000			-1547.149007			0.004357
158000			-1547.149007			0.003942
159000			-1547.149007			0.003567
160000			-1547.149007			0.003228
161000			-1547.149007			0.002921
162000			-1547.149007			0.002643
163000			-1547.149007			0.002391
164000			-1547.149007			0.002164
165000			-1547.149007			0.001958
166000			-1547.149007			0.001771
167000			-1547.149007			0.001603
168000			-1547.149007			0.001450
169000			-1547.149007			0.001312
170000			-1547.149007			0.001187
171000			-1547.149007			0.001074
Iteration: 5
Step			Log-likelihood			Temperature
1			-27562.920015			99900.000000
1000			-25992.781371			36769.542477
2000			-23048.533962			23501.721022
3000			-22174.617166			21265.130236
4000			-25300.825866			19241.389323
5000			-24171.406197			17410.241977
6000			-28815.942113			15753.359626
7000			-25469.829922			14254.157974
8000			-23363.647740			12897.631004
9000			-25558.252263			11670.200782
10000			-22557.698530			10559.581542
11000			-27097.113477			9554.656721
12000			-22293.361014			8645.367688
13000			-22579.980049			7822.613061
14000			-25037.004404			7078.157611
15000			-25910.534160			6404.549832
16000			-25319.248659			5795.047357
17000			-21896.310880			5243.549468
18000			-20476.243285			4744.536038
19000			-25072.495347			4293.012272
20000			-21714.290921			3884.458716
21000			-22095.175998			3514.786020
22000			-26040.956787			3180.294005
23000			-28223.243303			2877.634626
24000			-23672.586387			2603.778466
25000			-19178.438213			2355.984403
26000			-24425.554428			2131.772185
27000			-24808.931912			1928.897594
28000			-22154.414598			1745.329992
29000			-20259.477268			1579.231987
30000			-19784.018075			1428.941048
31000			-20466.241681			1292.952863
32000			-19031.695101			1169.906280
33000			-17087.034193			1058.569685
34000			-21858.181000			957.828671
35000			-14681.856300			866.674888
36000			-18658.501064			784.195947
37000			-14030.379333			709.566288
38000			-17154.001925			642.038917
39000			-15195.105323			580.937931
40000			-15092.652486			525.651749
41000			-16419.289570			475.626993
42000			-16186.660455			430.362949
43000			-12555.395366			389.406552
44000			-13389.596027			352.347857
45000			-11230.681807			318.815931
46000			-11005.635293			288.475142
47000			-10470.908304			261.021797
48000			-10995.472422			236.181108
49000			-9750.721923			213.704435
50000			-8970.376330			193.366803
51000			-10250.597197			174.964643
52000			-7770.693245			158.313765
53000			-6934.944422			143.247502
54000			-7749.895381			129.615051
55000			-5870.419372			117.279962
56000			-6259.412000			106.118767
57000			-5692.278714			96.019751
58000			-5806.363340			86.881830
59000			-4701.864128			78.613537
60000			-4586.882246			71.132114
61000			-4932.414290			64.362677
62000			-5018.493814			58.237467
63000			-4457.949113			52.695176
64000			-4215.280302			47.680328
65000			-4387.594777			43.142730
66000			-3939.586540			39.036961
67000			-3345.151886			35.321926
68000			-3266.757563			31.960441
69000			-2858.814409			28.918858
70000			-2680.711844			26.166734
71000			-2720.615661			23.676522
72000			-2713.027221			21.423296
73000			-2472.610307			19.384503
74000			-2238.013736			17.539736
75000			-2273.994319			15.870530
76000			-2145.377880			14.360177
77000			-2115.120881			12.993561
78000			-2221.359040			11.757001
79000			-2198.496960			10.638121
80000			-2190.908520			9.625722
81000			-2075.184811			8.709670
82000			-1777.951358			7.880796
83000			-1808.305117			7.130803
84000			-1770.362918			6.452185
85000			-1772.260028			5.838150
86000			-1766.568698			5.282550
87000			-1740.009158			4.779825
88000			-1715.346728			4.324943
89000			-1732.420718			3.913350
90000			-1738.112048			3.540928
91000			-1736.214938			3.203948
92000			-1713.449618			2.899038
93000			-1715.346728			2.623145
94000			-1709.655398			2.373508
95000			-1707.758288			2.147628
96000			-1700.169848			1.943244
97000			-1698.272738			1.758311
98000			-1702.066958			1.590978
99000			-1473.041807			1.439569
100000			-1474.938917			1.302570
101000			-1471.144697			1.178608
102000			-1469.247587			1.066443
103000			-1467.350477			0.964953
104000			-1467.350477			0.873121
105000			-1467.350477			0.790029
106000			-1465.453367			0.714844
107000			-1465.453367			0.646814
108000			-1469.247587			0.585259
109000			-1467.350477			0.529561
110000			-1469.247587			0.479165
111000			-1473.041807			0.433564
112000			-1471.144697			0.392303
113000			-1469.247587			0.354969
114000			-1467.350477			0.321187
115000			-1467.350477			0.290621
116000			-1467.350477			0.262963
117000			-1467.350477			0.237938
118000			-1467.350477			0.215294
119000			-1467.350477			0.194805
120000			-1465.453367			0.176266
121000			-1465.453367			0.159491
122000			-1465.453367			0.144313
123000			-1465.453367			0.130579
124000			-1465.453367			0.118152
125000			-1465.453367			0.106908
126000			-1465.453367			0.096734
127000			-1465.453367			0.087528
128000			-1465.453367			0.079198
129000			-1465.453367			0.071661
130000			-1465.453367			0.064841
131000			-1465.453367			0.058671
132000			-1465.453367			0.053087
133000			-1465.453367			0.048035
134000			-1465.453367			0.043464
135000			-1465.453367			0.039327
136000			-1465.453367			0.035585
137000			-1465.453367			0.032198
138000			-1465.453367			0.029134
139000			-1465.453367			0.026361
140000			-1465.453367			0.023853
141000			-1465.453367			0.021583
142000			-1465.453367			0.019529
143000			-1465.453367			0.017670
144000			-1465.453367			0.015989
145000			-1465.453367			0.014467
146000			-1465.453367			0.013090
147000			-1465.453367			0.011844
148000			-1465.453367			0.010717
149000			-1465.453367			0.009697
150000			-1465.453367			0.008774
151000			-1465.453367			0.007939
152000			-1465.453367			0.007184
153000			-1465.453367			0.006500
154000			-1465.453367			0.005882
155000			-1465.453367			0.005322
156000			-1465.453367			0.004815
157000			-1465.453367			0.004357
158000			-1465.453367			0.003942
159000			-1465.453367			0.003567
160000			-1465.453367			0.003228
161000			-1465.453367			0.002921
162000			-1465.453367			0.002643
163000			-1465.453367			0.002391
164000			-1463.556257			0.002164
165000			-1463.556257			0.001958
166000			-1463.556257			0.001771
167000			-1463.556257			0.001603
168000			-1463.556257			0.001450
169000			-1463.556257			0.001312
170000			-1463.556257			0.001187
171000			-1463.556257			0.001074
Iteration: 6
Step			Log-likelihood			Temperature
1			-26045.437225			99900.000000
1000			-26543.254122			36769.542477
2000			-26789.819752			23501.721022
3000			-25758.249307			21265.130236
4000			-25182.888352			19241.389323
5000			-23040.810670			17410.241977
6000			-24729.667969			15753.359626
7000			-20674.923779			14254.157974
8000			-27105.605012			12897.631004
9000			-27938.817497			11670.200782
10000			-25487.892088			10559.581542
11000			-25844.349406			9554.656721
12000			-24260.098243			8645.367688
13000			-24834.781877			7822.613061
14000			-23686.364694			7078.157611
15000			-20795.623405			6404.549832
16000			-22568.189774			5795.047357
17000			-25480.825541			5243.549468
18000			-25991.271301			4744.536038
19000			-26694.964253			4293.012272
20000			-24612.503314			3884.458716
21000			-21151.737614			3514.786020
22000			-16008.686904			3180.294005
23000			-19329.169065			2877.634626
24000			-22161.976624			2603.778466
25000			-17645.514678			2355.984403
26000			-23101.975575			2131.772185
27000			-19564.829997			1928.897594
28000			-23538.504392			1745.329992
29000			-26363.254447			1579.231987
30000			-22655.987623			1428.941048
31000			-21040.564688			1292.952863
32000			-17371.386595			1169.906280
33000			-24091.616081			1058.569685
34000			-18146.266632			957.828671
35000			-13326.525114			866.674888
36000			-15071.945543			784.195947
37000			-13861.601051			709.566288
38000			-15617.102327			642.038917
39000			-14034.484409			580.937931
40000			-11835.027143			525.651749
41000			-17080.741727			475.626993
42000			-16076.428717			430.362949
43000			-12530.093708			389.406552
44000			-13179.254271			352.347857
45000			-10695.465178			318.815931
46000			-10776.111399			288.475142
47000			-9873.943151			261.021797
48000			-9342.596927			236.181108
49000			-9436.924694			213.704435
50000			-9374.525263			193.366803
51000			-10013.329435			174.964643
52000			-8359.178542			158.313765
53000			-7708.540163			143.247502
54000			-8576.610202			129.615051
55000			-7044.041453			117.279962
56000			-6679.086762			106.118767
57000			-5667.803966			96.019751
58000			-5952.660744			86.881830
59000			-5276.656200			78.613537
60000			-5711.604601			71.132114
61000			-4880.579507			64.362677
62000			-4998.006805			58.237467
63000			-4222.927409			52.695176
64000			-3439.652598			47.680328
65000			-3423.475864			43.142730
66000			-3080.266063			39.036961
67000			-2841.778512			35.321926
68000			-3031.586270			31.960441
69000			-2889.367528			28.918858
70000			-2550.204135			26.166734
71000			-2442.584920			23.676522
72000			-2355.317860			21.423296
73000			-2199.754842			19.384503
74000			-2220.623051			17.539736
75000			-2116.282002			15.870530
76000			-1960.718984			14.360177
77000			-1939.850774			12.993561
78000			-1918.982564			11.757001
79000			-1939.850774			10.638121
80000			-1953.130544			9.625722
81000			-1757.728215			8.709670
82000			-1715.991796			7.880796
83000			-1685.638036			7.130803
84000			-1664.769826			6.452185
85000			-1643.901616			5.838150
86000			-1643.901616			5.282550
87000			-1636.313176			4.779825
88000			-1626.827626			4.324943
89000			-1630.621846			3.913350
90000			-1624.930516			3.540928
91000			-1628.724736			3.203948
92000			-1630.621846			2.899038
93000			-1575.605657			2.623145
94000			-1577.502767			2.373508
95000			-1566.120107			2.147628
96000			-1575.605657			1.943244
97000			-1564.222997			1.758311
98000			-1560.428777			1.590978
99000			-1556.634557			1.439569
100000			-1554.737447			1.302570
101000			-1556.634557			1.178608
102000			-1560.428777			1.066443
103000			-1560.428777			0.964953
104000			-1560.428777			0.873121
105000			-1556.634557			0.790029
106000			-1552.840337			0.714844
107000			-1552.840337			0.646814
108000			-1552.840337			0.585259
109000			-1549.046117			0.529561
110000			-1549.046117			0.479165
111000			-1549.046117			0.433564
112000			-1549.046117			0.392303
113000			-1549.046117			0.354969
114000			-1549.046117			0.321187
115000			-1549.046117			0.290621
116000			-1549.046117			0.262963
117000			-1549.046117			0.237938
118000			-1549.046117			0.215294
119000			-1549.046117			0.194805
120000			-1549.046117			0.176266
121000			-1547.149007			0.159491
122000			-1547.149007			0.144313
123000			-1547.149007			0.130579
124000			-1547.149007			0.118152
125000			-1547.149007			0.106908
126000			-1545.251897			0.096734
127000			-1545.251897			0.087528
128000			-1545.251897			0.079198
129000			-1545.251897			0.071661
130000			-1545.251897			0.064841
131000			-1545.251897			0.058671
132000			-1545.251897			0.053087
133000			-1545.251897			0.048035
134000			-1545.251897			0.043464
135000			-1545.251897			0.039327
136000			-1545.251897			0.035585
137000			-1545.251897			0.032198
138000			-1545.251897			0.029134
139000			-1545.251897			0.026361
140000			-1545.251897			0.023853
141000			-1545.251897			0.021583
142000			-1545.251897			0.019529
143000			-1545.251897			0.017670
144000			-1545.251897			0.015989
145000			-1545.251897			0.014467
146000			-1545.251897			0.013090
147000			-1545.251897			0.011844
148000			-1545.251897			0.010717
149000			-1545.251897			0.009697
150000			-1545.251897			0.008774
151000			-1545.251897			0.007939
152000			-1545.251897			0.007184
153000			-1545.251897			0.006500
154000			-1545.251897			0.005882
155000			-1545.251897			0.005322
156000			-1545.251897			0.004815
157000			-1545.251897			0.004357
158000			-1545.251897			0.003942
159000			-1545.251897			0.003567
160000			-1545.251897			0.003228
161000			-1545.251897			0.002921
162000			-1545.251897			0.002643
163000			-1545.251897			0.002391
164000			-1545.251897			0.002164
165000			-1545.251897			0.001958
166000			-1545.251897			0.001771
167000			-1545.251897			0.001603
168000			-1545.251897			0.001450
169000			-1545.251897			0.001312
170000			-1545.251897			0.001187
171000			-1545.251897			0.001074
Iteration: 7
Step			Log-likelihood			Temperature
1			-27127.778093			99900.000000
1000			-27573.663446			36769.542477
2000			-20329.811029			23501.721022
3000			-23650.117187			21265.130236
4000			-24800.575230			19241.389323
5000			-26992.197707			17410.241977
6000			-25529.602093			15753.359626
7000			-23301.720431			14254.157974
8000			-23906.338531			12897.631004
9000			-25327.540834			11670.200782
10000			-23085.153773			10559.581542
11000			-24103.379942			9554.656721
12000			-22425.449138			8645.367688
13000			-24743.145876			7822.613061
14000			-23453.606565			7078.157611
15000			-22048.296556			6404.549832
16000			-24792.250801			5795.047357
17000			-23799.223692			5243.549468
18000			-24261.866340			4744.536038
19000			-23607.917542			4293.012272
20000			-22730.400045			3884.458716
21000			-19097.695232			3514.786020
22000			-19901.973106			3180.294005
23000			-24070.914977			2877.634626
24000			-25172.789988			2603.778466
25000			-18399.763956			2355.984403
26000			-21318.032386			2131.772185
27000			-22430.759267			1928.897594
28000			-22761.645221			1745.329992
29000			-19646.276713			1579.231987
30000			-25938.770875			1428.941048
31000			-16771.899840			1292.952863
32000			-21342.211015			1169.906280
33000			-23049.237697			1058.569685
34000			-20683.022434			957.828671
35000			-17705.169514			866.674888
36000			-19541.560301			784.195947
37000			-17202.365022			709.566288
38000			-11669.855400			642.038917
39000			-15384.317784			580.937931
40000			-12872.696534			525.651749
41000			-12814.035713			475.626993
42000			-14151.562759			430.362949
43000			-16350.360221			389.406552
44000			-11783.702574			352.347857
45000			-11048.010941			318.815931
46000			-13455.936209			288.475142
47000			-11460.586902			261.021797
48000			-9510.606967			236.181108
49000			-12449.239231			213.704435
50000			-10414.968445			193.366803
51000			-8253.934398			174.964643
52000			-8166.098456			158.313765
53000			-8373.071126			143.247502
54000			-7796.871583			129.615051
55000			-7142.664758			117.279962
56000			-7038.194695			106.118767
57000			-7199.797992			96.019751
58000			-6429.926125			86.881830
59000			-6407.386579			78.613537
60000			-6188.515196			71.132114
61000			-5244.598850			64.362677
62000			-4869.874168			58.237467
63000			-4201.323211			52.695176
64000			-3974.734374			47.680328
65000			-3453.990890			43.142730
66000			-3698.976106			39.036961
67000			-3481.743805			35.321926
68000			-3421.036286			31.960441
69000			-2930.813668			28.918858
70000			-2924.606284			26.166734
71000			-2818.593898			23.676522
72000			-2629.785994			21.423296
73000			-2180.783742			19.384503
74000			-2095.413792			17.539736
75000			-1994.866963			15.870530
76000			-1888.628804			14.360177
77000			-1890.525914			12.993561
78000			-1856.377934			11.757001
79000			-1818.435735			10.638121
80000			-1786.184865			9.625722
81000			-1797.567525			8.709670
82000			-1678.049596			7.880796
83000			-1668.564046			7.130803
84000			-1681.843816			6.452185
85000			-1681.843816			5.838150
86000			-1630.621846			5.282550
87000			-1640.107396			4.779825
88000			-1636.313176			4.324943
89000			-1617.342076			3.913350
90000			-1611.650746			3.540928
91000			-1615.444966			3.203948
92000			-1586.988317			2.899038
93000			-1581.296987			2.623145
94000			-1592.679646			2.373508
95000			-1583.194097			2.147628
96000			-1577.502767			1.943244
97000			-1575.605657			1.758311
98000			-1566.120107			1.590978
99000			-1562.325887			1.439569
100000			-1556.634557			1.302570
101000			-1558.531667			1.178608
102000			-1554.737447			1.066443
103000			-1550.943227			0.964953
104000			-1549.046117			0.873121
105000			-1549.046117			0.790029
106000			-1550.943227			0.714844
107000			-1550.943227			0.646814
108000			-1552.840337			0.585259
109000			-1552.840337			0.529561
110000			-1549.046117			0.479165
111000			-1547.149007			0.433564
112000			-1547.149007			0.392303
113000			-1547.149007			0.354969
114000			-1547.149007			0.321187
115000			-1547.149007			0.290621
116000			-1547.149007			0.262963
117000			-1547.149007			0.237938
118000			-1547.149007			0.215294
119000			-1547.149007			0.194805
120000			-1547.149007			0.176266
121000			-1547.149007			0.159491
122000			-1547.149007			0.144313
123000			-1547.149007			0.130579
124000			-1547.149007			0.118152
125000			-1547.149007			0.106908
126000			-1547.149007			0.096734
127000			-1547.149007			0.087528
128000			-1547.149007			0.079198
129000			-1547.149007			0.071661
130000			-1547.149007			0.064841
131000			-1547.149007			0.058671
132000			-1547.149007			0.053087
133000			-1547.149007			0.048035
134000			-1547.149007			0.043464
135000			-1547.149007			0.039327
136000			-1547.149007			0.035585
137000			-1547.149007			0.032198
138000			-1547.149007			0.029134
139000			-1547.149007			0.026361
140000			-1547.149007			0.023853
141000			-1547.149007			0.021583
142000			-1547.149007			0.019529
143000			-1547.149007			0.017670
144000			-1547.149007			0.015989
145000			-1547.149007			0.014467
146000			-1547.149007			0.013090
147000			-1547.149007			0.011844
148000			-1547.149007			0.010717
149000			-1547.149007			0.009697
150000			-1547.149007			0.008774
151000			-1547.149007			0.007939
152000			-1547.149007			0.007184
153000			-1547.149007			0.006500
154000			-1547.149007			0.005882
155000			-1547.149007			0.005322
156000			-1547.149007			0.004815
157000			-1547.149007			0.004357
158000			-1547.149007			0.003942
159000			-1547.149007			0.003567
160000			-1547.149007			0.003228
161000			-1547.149007			0.002921
162000			-1547.149007			0.002643
163000			-1547.149007			0.002391
164000			-1547.149007			0.002164
165000			-1547.149007			0.001958
166000			-1547.149007			0.001771
167000			-1547.149007			0.001603
168000			-1547.149007			0.001450
169000			-1547.149007			0.001312
170000			-1547.149007			0.001187
171000			-1547.149007			0.001074
Iteration: 8
Step			Log-likelihood			Temperature
1			-27846.873698			99900.000000
1000			-25661.083243			36769.542477
2000			-22310.188655			23501.721022
3000			-23473.061466			21265.130236
4000			-26767.306620			19241.389323
5000			-25268.064781			17410.241977
6000			-22731.898437			15753.359626
7000			-23908.628520			14254.157974
8000			-25471.134793			12897.631004
9000			-23521.870271			11670.200782
10000			-22132.358853			10559.581542
11000			-23289.493344			9554.656721
12000			-26729.428928			8645.367688
13000			-26246.639322			7822.613061
14000			-24929.593445			7078.157611
15000			-23969.195348			6404.549832
16000			-27718.875913			5795.047357
17000			-25123.078088			5243.549468
18000			-24621.833436			4744.536038
19000			-23345.142923			4293.012272
20000			-24946.975232			3884.458716
21000			-17396.635424			3514.786020
22000			-22079.826173			3180.294005
23000			-24102.687885			2877.634626
24000			-22739.800513			2603.778466
25000			-25749.763612			2355.984403
26000			-20735.560953			2131.772185
27000			-25203.046988			1928.897594
28000			-23981.765544			1745.329992
29000			-23695.463203			1579.231987
30000			-22021.731177			1428.941048
31000			-22367.676676			1292.952863
32000			-20794.843485			1169.906280
33000			-20160.264505			1058.569685
34000			-20127.770344			957.828671
35000			-13301.727832			866.674888
36000			-18144.472121			784.195947
37000			-18350.723538			709.566288
38000			-14459.360860			642.038917
39000			-16398.318761			580.937931
40000			-14061.301975			525.651749
41000			-14190.408054			475.626993
42000			-12822.914288			430.362949
43000			-12611.437825			389.406552
44000			-12845.104886			352.347857
45000			-12332.503989			318.815931
46000			-10034.121460			288.475142
47000			-13860.654025			261.021797
48000			-9709.571903			236.181108
49000			-8380.348710			213.704435
50000			-10072.553299			193.366803
51000			-10119.245060			174.964643
52000			-8807.192618			158.313765
53000			-9546.549458			143.247502
54000			-7176.367030			129.615051
55000			-6879.353511			117.279962
56000			-6357.847624			106.118767
57000			-6509.487409			96.019751
58000			-7763.858311			86.881830
59000			-7253.852420			78.613537
60000			-6514.146631			71.132114
61000			-6755.783335			64.362677
62000			-5756.328906			58.237467
63000			-5210.741151			52.695176
64000			-3393.643997			47.680328
65000			-3354.734196			43.142730
66000			-3275.636138			39.036961
67000			-3117.498688			35.321926
68000			-3358.463909			31.960441
69000			-2936.053450			28.918858
70000			-2421.136149			26.166734
71000			-2385.026553			23.676522
72000			-2273.161570			21.423296
73000			-2117.663058			19.384503
74000			-2170.814391			17.539736
75000			-2112.003982			15.870530
76000			-2142.357741			14.360177
77000			-2030.460506			12.993561
78000			-2072.164672			11.757001
79000			-2026.569526			10.638121
80000			-1822.229955			9.625722
81000			-1805.155965			8.709670
82000			-1746.345555			7.880796
83000			-1744.448445			7.130803
84000			-1755.831105			6.452185
85000			-1755.831105			5.838150
86000			-1653.027630			5.282550
87000			-1641.644970			4.779825
88000			-1643.542080			4.324943
89000			-1656.821850			3.913350
90000			-1660.616070			3.540928
91000			-1643.542080			3.203948
92000			-1639.747860			2.899038
93000			-1641.644970			2.623145
94000			-1613.188320			2.373508
95000			-1603.702770			2.147628
96000			-1603.702770			1.943244
97000			-1609.394100			1.758311
98000			-1605.599880			1.590978
99000			-1607.496990			1.439569
100000			-1601.805660			1.302570
101000			-1594.217220			1.178608
102000			-1567.657681			1.066443
103000			-1567.657681			0.964953
104000			-1565.760571			0.873121
105000			-1529.715481			0.790029
106000			-1522.127041			0.714844
107000			-1522.127041			0.646814
108000			-1522.127041			0.585259
109000			-1520.229931			0.529561
110000			-1518.332821			0.479165
111000			-1516.435711			0.433564
112000			-1516.435711			0.392303
113000			-1516.435711			0.354969
114000			-1516.435711			0.321187
115000			-1516.435711			0.290621
116000			-1516.435711			0.262963
117000			-1516.435711			0.237938
118000			-1516.435711			0.215294
119000			-1516.435711			0.194805
120000			-1514.538601			0.176266
121000			-1514.538601			0.159491
122000			-1514.538601			0.144313
123000			-1514.538601			0.130579
124000			-1514.538601			0.118152
125000			-1514.538601			0.106908
126000			-1514.538601			0.096734
127000			-1514.538601			0.087528
128000			-1514.538601			0.079198
129000			-1514.538601			0.071661
130000			-1514.538601			0.064841
131000			-1514.538601			0.058671
132000			-1514.538601			0.053087
133000			-1514.538601			0.048035
134000			-1514.538601			0.043464
135000			-1514.538601			0.039327
136000			-1514.538601			0.035585
137000			-1514.538601			0.032198
138000			-1514.538601			0.029134
139000			-1514.538601			0.026361
140000			-1514.538601			0.023853
141000			-1514.538601			0.021583
142000			-1514.538601			0.019529
143000			-1514.538601			0.017670
144000			-1514.538601			0.015989
145000			-1514.538601			0.014467
146000			-1514.538601			0.013090
147000			-1514.538601			0.011844
148000			-1514.538601			0.010717
149000			-1514.538601			0.009697
150000			-1514.538601			0.008774
151000			-1514.538601			0.007939
152000			-1514.538601			0.007184
153000			-1514.538601			0.006500
154000			-1514.538601			0.005882
155000			-1514.538601			0.005322
156000			-1514.538601			0.004815
157000			-1514.538601			0.004357
158000			-1514.538601			0.003942
159000			-1514.538601			0.003567
160000			-1514.538601			0.003228
161000			-1514.538601			0.002921
162000			-1514.538601			0.002643
163000			-1514.538601			0.002391
164000			-1514.538601			0.002164
165000			-1514.538601			0.001958
166000			-1514.538601			0.001771
167000			-1514.538601			0.001603
168000			-1514.538601			0.001450
169000			-1514.538601			0.001312
170000			-1514.538601			0.001187
171000			-1514.538601			0.001074
Iteration: 9
Step			Log-likelihood			Temperature
1			-26820.704302			99900.000000
1000			-27001.800592			36769.542477
2000			-26739.591798			23501.721022
3000			-23234.638422			21265.130236
4000			-27138.269336			19241.389323
5000			-25834.725945			17410.241977
6000			-25260.851704			15753.359626
7000			-23818.012949			14254.157974
8000			-24122.796750			12897.631004
9000			-24632.952230			11670.200782
10000			-21183.660111			10559.581542
11000			-25920.568017			9554.656721
12000			-24694.568683			8645.367688
13000			-25237.130461			7822.613061
14000			-23557.167694			7078.157611
15000			-18167.692046			6404.549832
16000			-24126.074916			5795.047357
17000			-23992.547068			5243.549468
18000			-21765.668318			4744.536038
19000			-25185.849824			4293.012272
20000			-26212.975143			3884.458716
21000			-22864.590478			3514.786020
22000			-21756.414381			3180.294005
23000			-19765.181828			2877.634626
24000			-22671.583797			2603.778466
25000			-21519.823940			2355.984403
26000			-18755.892901			2131.772185
27000			-24979.355116			1928.897594
28000			-26656.887201			1745.329992
29000			-23392.098550			1579.231987
30000			-17591.923475			1428.941048
31000			-21065.238796			1292.952863
32000			-19730.033993			1169.906280
33000			-22907.329811			1058.569685
34000			-20626.657442			957.828671
35000			-17701.950016			866.674888
36000			-17753.339091			784.195947
37000			-16612.058800			709.566288
38000			-16235.941384			642.038917
39000			-15656.501768			580.937931
40000			-15340.948121			525.651749
41000			-14386.223837			475.626993
42000			-13182.333077			430.362949
43000			-13290.286504			389.406552
44000			-13065.627031			352.347857
45000			-11428.975260			318.815931
46000			-12740.737423			288.475142
47000			-10661.645571			261.021797
48000			-10030.992883			236.181108
49000			-9095.870030			213.704435
50000			-8582.785332			193.366803
51000			-8202.530586			174.964643
52000			-8412.309299			158.313765
53000			-7838.962790			143.247502
54000			-7902.271155			129.615051
55000			-8150.185588			117.279962
56000			-7068.387188			106.118767
57000			-6635.013363			96.019751
58000			-5814.752275			86.881830
59000			-6307.710591			78.613537
60000			-5608.612355			71.132114
61000			-5370.807964			64.362677
62000			-5031.477464			58.237467
63000			-5226.428246			52.695176
64000			-4642.569917			47.680328
65000			-3856.656169			43.142730
66000			-3246.018366			39.036961
67000			-3323.574102			35.321926
68000			-3238.945980			31.960441
69000			-3054.797298			28.918858
70000			-2862.614468			26.166734
71000			-2662.133624			23.676522
72000			-2178.402831			21.423296
73000			-2316.891860			19.384503
74000			-2201.168151			17.539736
75000			-2185.991271			15.870530
76000			-2167.020171			14.360177
77000			-2148.049071			12.993561
78000			-2151.843291			11.757001
79000			-1844.995274			10.638121
80000			-1752.036885			9.625722
81000			-1778.596425			8.709670
82000			-1797.567525			7.880796
83000			-1653.387166			7.130803
84000			-1704.609136			6.452185
85000			-1678.049596			5.838150
86000			-1668.564046			5.282550
87000			-1607.856526			4.779825
88000			-1617.342076			4.324943
89000			-1628.724736			3.913350
90000			-1615.444966			3.540928
91000			-1575.605657			3.203948
92000			-1528.177907			2.899038
93000			-1533.869237			2.623145
94000			-1531.972127			2.373508
95000			-1533.869237			2.147628
96000			-1524.383687			1.943244
97000			-1533.869237			1.758311
98000			-1535.766347			1.590978
99000			-1522.486577			1.439569
100000			-1522.486577			1.302570
101000			-1511.103917			1.178608
102000			-1513.001027			1.066443
103000			-1507.309697			0.964953
104000			-1505.412587			0.873121
105000			-1503.515477			0.790029
106000			-1503.515477			0.714844
107000			-1503.515477			0.646814
108000			-1503.515477			0.585259
109000			-1503.515477			0.529561
110000			-1503.515477			0.479165
111000			-1503.515477			0.433564
112000			-1503.515477			0.392303
113000			-1503.515477			0.354969
114000			-1503.515477			0.321187
115000			-1503.515477			0.290621
116000			-1503.515477			0.262963
117000			-1503.515477			0.237938
118000			-1503.515477			0.215294
119000			-1503.515477			0.194805
120000			-1503.515477			0.176266
121000			-1503.515477			0.159491
122000			-1503.515477			0.144313
123000			-1503.515477			0.130579
124000			-1503.515477			0.118152
125000			-1503.515477			0.106908
126000			-1503.515477			0.096734
127000			-1503.515477			0.087528
128000			-1503.515477			0.079198
129000			-1503.515477			0.071661
130000			-1503.515477			0.064841
131000			-1503.515477			0.058671
132000			-1503.515477			0.053087
133000			-1503.515477			0.048035
134000			-1503.515477			0.043464
135000			-1503.515477			0.039327
136000			-1503.515477			0.035585
137000			-1503.515477			0.032198
138000			-1503.515477			0.029134
139000			-1503.515477			0.026361
140000			-1503.515477			0.023853
141000			-1503.515477			0.021583
142000			-1503.515477			0.019529
143000			-1503.515477			0.017670
144000			-1503.515477			0.015989
145000			-1503.515477			0.014467
146000			-1503.515477			0.013090
147000			-1503.515477			0.011844
148000			-1503.515477			0.010717
149000			-1503.515477			0.009697
150000			-1503.515477			0.008774
151000			-1501.618367			0.007939
152000			-1501.618367			0.007184
153000			-1501.618367			0.006500
154000			-1501.618367			0.005882
155000			-1501.618367			0.005322
156000			-1501.618367			0.004815
157000			-1501.618367			0.004357
158000			-1501.618367			0.003942
159000			-1501.618367			0.003567
160000			-1501.618367			0.003228
161000			-1501.618367			0.002921
162000			-1501.618367			0.002643
163000			-1501.618367			0.002391
164000			-1501.618367			0.002164
165000			-1501.618367			0.001958
166000			-1501.618367			0.001771
167000			-1501.618367			0.001603
168000			-1501.618367			0.001450
169000			-1501.618367			0.001312
170000			-1501.618367			0.001187
171000			-1501.618367			0.001074
Iteration: 10
Step			Log-likelihood			Temperature
1			-26734.598364			99900.000000
1000			-25495.970167			36769.542477
2000			-25998.112075			23501.721022
3000			-26989.693622			21265.130236
4000			-25334.753911			19241.389323
5000			-22663.447049			17410.241977
6000			-21439.415172			15753.359626
7000			-26191.262506			14254.157974
8000			-26778.753787			12897.631004
9000			-23962.574510			11670.200782
10000			-24789.166156			10559.581542
11000			-23768.784850			9554.656721
12000			-24095.216781			8645.367688
13000			-24110.554927			7822.613061
14000			-23746.658758			7078.157611
15000			-21803.370008			6404.549832
16000			-22907.948464			5795.047357
17000			-22629.595189			5243.549468
18000			-25772.572863			4744.536038
19000			-27390.133417			4293.012272
20000			-21951.558683			3884.458716
21000			-22575.358920			3514.786020
22000			-25434.403485			3180.294005
23000			-24026.275754			2877.634626
24000			-20885.857775			2603.778466
25000			-19370.550697			2355.984403
26000			-23804.404807			2131.772185
27000			-19933.341456			1928.897594
28000			-19690.608138			1745.329992
29000			-17002.546762			1579.231987
30000			-20481.178051			1428.941048
31000			-19520.164359			1292.952863
32000			-18828.305614			1169.906280
33000			-17038.451161			1058.569685
34000			-18982.745604			957.828671
35000			-18545.706573			866.674888
36000			-20754.306279			784.195947
37000			-13988.798341			709.566288
38000			-13620.163707			642.038917
39000			-11381.219138			580.937931
40000			-16977.388854			525.651749
41000			-11228.177721			475.626993
42000			-16090.778687			430.362949
43000			-14293.470646			389.406552
44000			-11627.488649			352.347857
45000			-11319.529281			318.815931
46000			-12262.730214			288.475142
47000			-10648.881855			261.021797
48000			-10456.446837			236.181108
49000			-11505.214447			213.704435
50000			-9009.145439			193.366803
51000			-9806.802474			174.964643
52000			-7275.327604			158.313765
53000			-6881.535062			143.247502
54000			-6834.075059			129.615051
55000			-7934.967733			117.279962
56000			-7094.372006			106.118767
57000			-6075.688451			96.019751
58000			-5694.020396			86.881830
59000			-5074.175646			78.613537
60000			-4755.112221			71.132114
61000			-4172.963321			64.362677
62000			-4113.862631			58.237467
63000			-3997.848642			52.695176
64000			-4177.848317			47.680328
65000			-4166.884951			43.142730
66000			-3615.600026			39.036961
67000			-3312.933270			35.321926
68000			-3490.971328			31.960441
69000			-3253.639060			28.918858
70000			-2683.770076			26.166734
71000			-2810.844191			23.676522
72000			-2782.516555			21.423296
73000			-2746.471465			19.384503
74000			-2645.956890			17.539736
75000			-2430.137898			15.870530
76000			-2399.784139			14.360177
77000			-2129.077972			12.993561
78000			-2070.461082			11.757001
79000			-1998.370903			10.638121
80000			-1977.438186			9.625722
81000			-1903.450897			8.709670
82000			-1755.831105			7.880796
83000			-1719.786015			7.130803
84000			-1761.522435			6.452185
85000			-1767.213765			5.838150
86000			-1759.625325			5.282550
87000			-1723.580235			4.779825
88000			-1691.329366			4.324943
89000			-1626.827626			3.913350
90000			-1588.885427			3.540928
91000			-1585.091207			3.203948
92000			-1539.560567			2.899038
93000			-1537.663457			2.623145
94000			-1531.972127			2.373508
95000			-1520.589467			2.147628
96000			-1524.383687			1.943244
97000			-1516.795247			1.758311
98000			-1516.795247			1.590978
99000			-1530.075017			1.439569
100000			-1516.795247			1.302570
101000			-1516.795247			1.178608
102000			-1516.795247			1.066443
103000			-1511.103917			0.964953
104000			-1511.103917			0.873121
105000			-1513.001027			0.790029
106000			-1513.001027			0.714844
107000			-1513.001027			0.646814
108000			-1513.001027			0.585259
109000			-1513.001027			0.529561
110000			-1513.001027			0.479165
111000			-1511.103917			0.433564
112000			-1509.206807			0.392303
113000			-1509.206807			0.354969
114000			-1509.206807			0.321187
115000			-1509.206807			0.290621
116000			-1509.206807			0.262963
117000			-1509.206807			0.237938
118000			-1509.206807			0.215294
119000			-1509.206807			0.194805
120000			-1509.206807			0.176266
121000			-1509.206807			0.159491
122000			-1509.206807			0.144313
123000			-1507.309697			0.130579
124000			-1507.309697			0.118152
125000			-1507.309697			0.106908
126000			-1507.309697			0.096734
127000			-1507.309697			0.087528
128000			-1507.309697			0.079198
129000			-1507.309697			0.071661
130000			-1507.309697			0.064841
131000			-1507.309697			0.058671
132000			-1507.309697			0.053087
133000			-1507.309697			0.048035
134000			-1507.309697			0.043464
135000			-1507.309697			0.039327
136000			-1507.309697			0.035585
137000			-1507.309697			0.032198
138000			-1507.309697			0.029134
139000			-1507.309697			0.026361
140000			-1507.309697			0.023853
141000			-1507.309697			0.021583
142000			-1507.309697			0.019529
143000			-1507.309697			0.017670
144000			-1507.309697			0.015989
145000			-1507.309697			0.014467
146000			-1507.309697			0.013090
147000			-1507.309697			0.011844
148000			-1507.309697			0.010717
149000			-1507.309697			0.009697
150000			-1507.309697			0.008774
151000			-1507.309697			0.007939
152000			-1507.309697			0.007184
153000			-1507.309697			0.006500
154000			-1507.309697			0.005882
155000			-1507.309697			0.005322
156000			-1507.309697			0.004815
157000			-1507.309697			0.004357
158000			-1507.309697			0.003942
159000			-1507.309697			0.003567
160000			-1507.309697			0.003228
161000			-1507.309697			0.002921
162000			-1507.309697			0.002643
163000			-1507.309697			0.002391
164000			-1507.309697			0.002164
165000			-1507.309697			0.001958
166000			-1507.309697			0.001771
167000			-1507.309697			0.001603
168000			-1507.309697			0.001450
169000			-1507.309697			0.001312
170000			-1507.309697			0.001187
171000			-1507.309697			0.001074

Maximum likelihood Tree found: -1461.779058
digraph g {
	"53" -> "54";
	"54" [label="21"];
	"52" -> "53";
	"53" [label="3"];
	"51" -> "52";
	"52" [label="32"];
	"50" -> "51";
	"51" [label="20"];
	"49" -> "50";
	"50" [label="36"];
	"48" -> "49";
	"49" [label="1"];
	"46" -> "47";
	"47" [label="6"];
	"45" -> "46";
	"46" [label="47"];
	"44" -> "45";
	"45" [color=indianred1, style=filled, label="46"];
	"45" [label="46"];
	"43" -> "44";
	"44" [label="41"];
	"42" -> "43";
	"43" [label="5"];
	"41" -> "42";
	"42" [label="11"];
	"40" -> "41";
	"41" [label="39"];
	"39" -> "40";
	"40" [label="34"];
	"38" -> "39";
	"39" [label="50"];
	"37" -> "38";
	"38" [label="29"];
	"35" -> "36";
	"36" [label="38"];
	"34" -> "35";
	"35" [label="44"];
	"33" -> "34";
	"34" [label="33"];
	"32" -> "33";
	"33" [label="14"];
	"31" -> "32";
	"32" [label="28"];
	"30" -> "31";
	"31" [label="8"];
	"29" -> "30";
	"30" [label="27"];
	"28" -> "29";
	"29" [label="35"];
	"27" -> "28";
	"28" [label="43"];
	"26" -> "27";
	"27" [label="7"];
	"25" -> "26";
	"26" [label="31"];
	"24" -> "25";
	"25" [label="13"];
	"23" -> "24";
	"24" [label="30"];
	"22" -> "23";
	"23" [label="17"];
	"21" -> "22";
	"22" [label="23"];
	"20" -> "21";
	"21" [label="16"];
	"20" -> "37";
	"37" [label="15"];
	"19" -> "20";
	"20" [label="4"];
	"18" -> "19";
	"19" [label="9"];
	"16" -> "17";
	"17" [label="48"];
	"15" -> "16";
	"16" [label="40"];
	"14" -> "15";
	"15" [color=indianred1, style=filled, label="19"];
	"15" [label="19"];
	"13" -> "14";
	"14" [color=indianred1, style=filled, label="12"];
	"14" [label="12"];
	"12" -> "13";
	"13" [color=green, style=filled, label="14"];
	"11" -> "12";
	"12" [label="2"];
	"11" -> "18";
	"18" [label="46"];
	"10" -> "11";
	"11" [label="25"];
	"9" -> "10";
	"10" [label="49"];
	"8" -> "9";
	"9" [label="24"];
	"7" -> "8";
	"8" [label="18"];
	"6" -> "7";
	"7" [label="42"];
	"5" -> "6";
	"6" [label="37"];
	"4" -> "5";
	"5" [label="22"];
	"3" -> "4";
	"4" [label="10"];
	"3" -> "48";
	"48" [label="45"];
	"2" -> "3";
	"3" [label="26"];
	"1" -> "2";
	"2" [label="12"];
	"0" -> "1";
	"1" [label="19"];
	"0" [label="germline"];
	labelloc="t";
	label="Confidence score: -1461.779058";
}
Best cell assignment:
3 47 16 54 36 53 36 30 20 54 10 27 11 34 11 1 20 20 18 35 52 16 11 30 20 11 18 18 11 35 17 29 29 9 18 16 30 18 20 47 20 20 18 18 11 20 19 36 47 20 46 36 28 30 30 17 19 18 18 47 47 18 10 11 36 46 19 30 18 11 30 11 34 2 36 3 36 30 54 2 47 47 54 29 36 18 36 20 18 36 19 54 11 47 3 3 11 47 2 20 46 15 10 30 3 18 30 10 19 20 54 36 3 36 17 11 3 18 54 30 34 17 35 11 36 20 35 54 20 3 2 11 36 11 2 17 3 30 18 11 30 36 30 11 9 10 46 30 19 47 17 9 3 47 20 3 3 36 17 29 3 20 18 17 34 54 25 54 33 20 45 20 42 15 27 19 36 36 3 47 17 18 52 36 20 36 18 35 36 36 3 11 2 54 3 17 54 11 15 18 53 10 17 3 30 52 30 30 36 54 18 47 3 9 3 11 30 9 20 18 36 9 19 3 19 18 11 54 54 36 20 30 3 16 3 17 18 54 11 47 54 17 17 47 54 11 30 53 46 17 
alpha: 0.150000
beta: 0.000010
gamma: 1.000000
delta: 0.887000
