Starting SASC.
Iteration: 1
Step			Log-likelihood			Temperature
1			-28053.040583			99900.000000
1000			-25354.404514			36769.542477
2000			-24367.363221			23501.721022
3000			-23385.155728			21265.130236
4000			-26329.429551			19241.389323
5000			-26470.009210			17410.241977
6000			-25273.067662			15753.359626
7000			-27496.354609			14254.157974
8000			-24222.124340			12897.631004
9000			-28000.411143			11670.200782
10000			-23752.288272			10559.581542
11000			-22728.400886			9554.656721
12000			-27023.003563			8645.367688
13000			-21513.804787			7822.613061
14000			-26947.318234			7078.157611
15000			-26132.564130			6404.549832
16000			-25333.678421			5795.047357
17000			-24855.638959			5243.549468
18000			-26671.375631			4744.536038
19000			-25817.286040			4293.012272
20000			-20593.148645			3884.458716
21000			-23858.820410			3514.786020
22000			-21023.658354			3180.294005
23000			-27559.771412			2877.634626
24000			-23714.176826			2603.778466
25000			-20681.031059			2355.984403
26000			-26870.674779			2131.772185
27000			-20643.037143			1928.897594
28000			-25172.966541			1745.329992
29000			-23020.028091			1579.231987
30000			-25914.414011			1428.941048
31000			-19150.196208			1292.952863
32000			-23014.574213			1169.906280
33000			-17962.183006			1058.569685
34000			-17032.798473			957.828671
35000			-17157.248387			866.674888
36000			-21280.401591			784.195947
37000			-20336.329818			709.566288
38000			-16967.033012			642.038917
39000			-18790.261365			580.937931
40000			-13904.493303			525.651749
41000			-15546.217750			475.626993
42000			-13748.591766			430.362949
43000			-16171.542793			389.406552
44000			-12679.121519			352.347857
45000			-14090.823536			318.815931
46000			-11816.754489			288.475142
47000			-11193.498686			261.021797
48000			-11289.868128			236.181108
49000			-12258.150784			213.704435
50000			-10272.984923			193.366803
51000			-10342.183977			174.964643
52000			-10762.592081			158.313765
53000			-10417.305973			143.247502
54000			-10261.845554			129.615051
55000			-8741.374878			117.279962
56000			-9903.824205			106.118767
57000			-8682.202805			96.019751
58000			-7892.044327			86.881830
59000			-8056.447828			78.613537
60000			-7291.263564			71.132114
61000			-6788.673982			64.362677
62000			-5991.556069			58.237467
63000			-5372.221654			52.695176
64000			-4583.346603			47.680328
65000			-3858.947484			43.142730
66000			-3634.626812			39.036961
67000			-3155.178373			35.321926
68000			-3152.413197			31.960441
69000			-3270.143326			28.918858
70000			-3112.674597			26.166734
71000			-3235.712647			23.676522
72000			-3148.369142			21.423296
73000			-3055.177925			19.384503
74000			-3007.717922			17.539736
75000			-3007.169615			15.870530
76000			-2783.310637			14.360177
77000			-2690.352248			12.993561
78000			-2690.951243			11.757001
79000			-2605.722987			10.638121
80000			-2377.833515			9.625722
81000			-2122.437127			8.709670
82000			-1934.663073			7.880796
83000			-1976.746699			7.130803
84000			-1938.804499			6.452185
85000			-1824.694643			5.838150
86000			-1771.575563			5.282550
87000			-1768.186818			4.779825
88000			-1743.395418			4.324943
89000			-1750.983858			3.913350
90000			-1682.579199			3.540928
91000			-1684.476309			3.203948
92000			-1631.357230			2.899038
93000			-1629.460120			2.623145
94000			-1629.460120			2.373508
95000			-1616.289049			2.147628
96000			-1623.877489			1.943244
97000			-1627.671709			1.758311
98000			-1623.877489			1.590978
99000			-1623.877489			1.439569
100000			-1623.877489			1.302570
101000			-1621.980379			1.178608
102000			-1621.980379			1.066443
103000			-1618.186159			0.964953
104000			-1616.289049			0.873121
105000			-1620.083269			0.790029
106000			-1614.391939			0.714844
107000			-1610.597719			0.646814
108000			-1610.597719			0.585259
109000			-1610.597719			0.529561
110000			-1608.700609			0.479165
111000			-1606.803499			0.433564
112000			-1606.803499			0.392303
113000			-1606.803499			0.354969
114000			-1606.803499			0.321187
115000			-1606.803499			0.290621
116000			-1606.803499			0.262963
117000			-1604.906389			0.237938
118000			-1604.906389			0.215294
119000			-1604.906389			0.194805
120000			-1604.906389			0.176266
121000			-1604.906389			0.159491
122000			-1604.906389			0.144313
123000			-1604.906389			0.130579
124000			-1604.906389			0.118152
125000			-1604.906389			0.106908
126000			-1604.906389			0.096734
127000			-1604.906389			0.087528
128000			-1604.906389			0.079198
129000			-1599.215059			0.071661
130000			-1599.215059			0.064841
131000			-1599.215059			0.058671
132000			-1599.215059			0.053087
133000			-1599.215059			0.048035
134000			-1599.215059			0.043464
135000			-1599.215059			0.039327
136000			-1599.215059			0.035585
137000			-1599.215059			0.032198
138000			-1599.215059			0.029134
139000			-1599.215059			0.026361
140000			-1599.215059			0.023853
141000			-1599.215059			0.021583
142000			-1599.215059			0.019529
143000			-1599.215059			0.017670
144000			-1599.215059			0.015989
145000			-1599.215059			0.014467
146000			-1599.215059			0.013090
147000			-1599.215059			0.011844
148000			-1599.215059			0.010717
149000			-1599.215059			0.009697
150000			-1599.215059			0.008774
151000			-1599.215059			0.007939
152000			-1599.215059			0.007184
153000			-1599.215059			0.006500
154000			-1599.215059			0.005882
155000			-1599.215059			0.005322
156000			-1599.215059			0.004815
157000			-1599.215059			0.004357
158000			-1599.215059			0.003942
159000			-1599.215059			0.003567
160000			-1599.215059			0.003228
161000			-1599.215059			0.002921
162000			-1599.215059			0.002643
163000			-1599.215059			0.002391
164000			-1599.215059			0.002164
165000			-1599.215059			0.001958
166000			-1599.215059			0.001771
167000			-1599.215059			0.001603
168000			-1599.215059			0.001450
169000			-1599.215059			0.001312
170000			-1599.215059			0.001187
171000			-1599.215059			0.001074
Iteration: 2
Step			Log-likelihood			Temperature
1			-26717.261058			99900.000000
1000			-23235.574319			36769.542477
2000			-25093.170586			23501.721022
3000			-24687.989545			21265.130236
4000			-23590.275219			19241.389323
5000			-25446.033043			17410.241977
6000			-26967.755761			15753.359626
7000			-21711.326126			14254.157974
8000			-24821.921951			12897.631004
9000			-23080.618275			11670.200782
10000			-25978.206176			10559.581542
11000			-21314.704999			9554.656721
12000			-23262.315701			8645.367688
13000			-25027.249698			7822.613061
14000			-25609.076064			7078.157611
15000			-25775.227086			6404.549832
16000			-23492.543330			5795.047357
17000			-24664.526329			5243.549468
18000			-24826.721864			4744.536038
19000			-22504.644507			4293.012272
20000			-24679.767715			3884.458716
21000			-26640.071788			3514.786020
22000			-25527.951882			3180.294005
23000			-17074.109759			2877.634626
24000			-26011.565339			2603.778466
25000			-23748.357059			2355.984403
26000			-25458.119438			2131.772185
27000			-25624.472187			1928.897594
28000			-23647.745723			1745.329992
29000			-20130.474338			1579.231987
30000			-19805.370635			1428.941048
31000			-15703.452105			1292.952863
32000			-21391.595092			1169.906280
33000			-18466.962696			1058.569685
34000			-18879.419695			957.828671
35000			-21169.574556			866.674888
36000			-19030.062450			784.195947
37000			-21611.686265			709.566288
38000			-19362.731194			642.038917
39000			-14383.464016			580.937931
40000			-13583.484645			525.651749
41000			-15794.619253			475.626993
42000			-16516.913570			430.362949
43000			-13814.522799			389.406552
44000			-13594.296774			352.347857
45000			-12609.556000			318.815931
46000			-10794.824057			288.475142
47000			-11628.864415			261.021797
48000			-10697.943398			236.181108
49000			-11797.815642			213.704435
50000			-10324.192156			193.366803
51000			-11776.167513			174.964643
52000			-10337.028404			158.313765
53000			-9641.522842			143.247502
54000			-8649.429422			129.615051
55000			-8052.841289			117.279962
56000			-7794.286024			106.118767
57000			-8309.977406			96.019751
58000			-7149.856771			86.881830
59000			-5793.078281			78.613537
60000			-5291.648089			71.132114
61000			-5584.299422			64.362677
62000			-5168.090508			58.237467
63000			-4614.843967			52.695176
64000			-4641.500267			47.680328
65000			-3924.366278			43.142730
66000			-3298.583849			39.036961
67000			-3061.412848			35.321926
68000			-3350.896594			31.960441
69000			-2934.951546			28.918858
70000			-2565.885940			26.166734
71000			-2624.696350			23.676522
72000			-2514.502704			21.423296
73000			-2526.046630			19.384503
74000			-2388.202669			17.539736
75000			-2173.097087			15.870530
76000			-2109.327501			14.360177
77000			-2061.758188			12.993561
78000			-2046.581308			11.757001
79000			-2044.825762			10.638121
80000			-2004.779828			9.625722
81000			-2063.796862			8.709670
82000			-1959.345998			7.880796
83000			-1927.075972			7.130803
84000			-1908.092279			6.452185
85000			-1908.092279			5.838150
86000			-1904.298059			5.282550
87000			-1896.709619			4.779825
88000			-1864.329779			4.324943
89000			-1851.050009			3.913350
90000			-1826.387580			3.540928
91000			-1828.284690			3.203948
92000			-1816.902030			2.899038
93000			-1826.387580			2.623145
94000			-1832.078910			2.373508
95000			-1833.976020			2.147628
96000			-1828.284690			1.943244
97000			-1826.387580			1.758311
98000			-1830.181800			1.590978
99000			-1811.210700			1.439569
100000			-1799.828040			1.302570
101000			-1797.930930			1.178608
102000			-1794.136710			1.066443
103000			-1792.239600			0.964953
104000			-1780.856940			0.873121
105000			-1778.959830			0.790029
106000			-1778.959830			0.714844
107000			-1778.959830			0.646814
108000			-1778.959830			0.585259
109000			-1778.959830			0.529561
110000			-1778.959830			0.479165
111000			-1778.959830			0.433564
112000			-1778.959830			0.392303
113000			-1778.959830			0.354969
114000			-1778.959830			0.321187
115000			-1778.959830			0.290621
116000			-1778.959830			0.262963
117000			-1778.959830			0.237938
118000			-1778.959830			0.215294
119000			-1778.959830			0.194805
120000			-1775.165610			0.176266
121000			-1775.165610			0.159491
122000			-1775.165610			0.144313
123000			-1775.165610			0.130579
124000			-1775.165610			0.118152
125000			-1775.165610			0.106908
126000			-1775.165610			0.096734
127000			-1775.165610			0.087528
128000			-1775.165610			0.079198
129000			-1775.165610			0.071661
130000			-1775.165610			0.064841
131000			-1775.165610			0.058671
132000			-1773.268500			0.053087
133000			-1565.079306			0.048035
134000			-1565.079306			0.043464
135000			-1565.079306			0.039327
136000			-1565.079306			0.035585
137000			-1565.079306			0.032198
138000			-1565.079306			0.029134
139000			-1565.079306			0.026361
140000			-1565.079306			0.023853
141000			-1565.079306			0.021583
142000			-1565.079306			0.019529
143000			-1565.079306			0.017670
144000			-1565.079306			0.015989
145000			-1565.079306			0.014467
146000			-1565.079306			0.013090
147000			-1565.079306			0.011844
148000			-1565.079306			0.010717
149000			-1565.079306			0.009697
150000			-1565.079306			0.008774
151000			-1565.079306			0.007939
152000			-1565.079306			0.007184
153000			-1565.079306			0.006500
154000			-1565.079306			0.005882
155000			-1565.079306			0.005322
156000			-1565.079306			0.004815
157000			-1565.079306			0.004357
158000			-1565.079306			0.003942
159000			-1565.079306			0.003567
160000			-1565.079306			0.003228
161000			-1565.079306			0.002921
162000			-1565.079306			0.002643
163000			-1565.079306			0.002391
164000			-1565.079306			0.002164
165000			-1565.079306			0.001958
166000			-1565.079306			0.001771
167000			-1565.079306			0.001603
168000			-1565.079306			0.001450
169000			-1565.079306			0.001312
170000			-1565.079306			0.001187
171000			-1565.079306			0.001074
Iteration: 3
Step			Log-likelihood			Temperature
1			-29086.153351			99900.000000
1000			-22218.685275			36769.542477
2000			-27093.701009			23501.721022
3000			-25454.583245			21265.130236
4000			-25884.678905			19241.389323
5000			-23795.075234			17410.241977
6000			-25361.029559			15753.359626
7000			-25618.637799			14254.157974
8000			-25524.236893			12897.631004
9000			-24049.584091			11670.200782
10000			-25454.647752			10559.581542
11000			-20631.402295			9554.656721
12000			-21991.043755			8645.367688
13000			-22772.137015			7822.613061
14000			-23698.263957			7078.157611
15000			-26564.767949			6404.549832
16000			-24878.448210			5795.047357
17000			-24210.730002			5243.549468
18000			-23782.628213			4744.536038
19000			-26364.416118			4293.012272
20000			-27158.087553			3884.458716
21000			-19875.182503			3514.786020
22000			-24178.561156			3180.294005
23000			-24028.323002			2877.634626
24000			-20851.892187			2603.778466
25000			-23792.911200			2355.984403
26000			-24426.584324			2131.772185
27000			-25749.300936			1928.897594
28000			-24913.892854			1745.329992
29000			-19094.889738			1579.231987
30000			-23552.599943			1428.941048
31000			-17947.586687			1292.952863
32000			-20640.377674			1169.906280
33000			-17114.245188			1058.569685
34000			-21666.089640			957.828671
35000			-21263.403786			866.674888
36000			-17666.395115			784.195947
37000			-18621.409679			709.566288
38000			-19702.061694			642.038917
39000			-14427.180886			580.937931
40000			-14338.183823			525.651749
41000			-15212.539616			475.626993
42000			-14353.328449			430.362949
43000			-11674.694252			389.406552
44000			-12514.407163			352.347857
45000			-14057.470213			318.815931
46000			-14526.399488			288.475142
47000			-12147.323749			261.021797
48000			-12641.264402			236.181108
49000			-12414.880763			213.704435
50000			-11259.792279			193.366803
51000			-9895.600727			174.964643
52000			-11221.205703			158.313765
53000			-9931.645817			143.247502
54000			-8001.076851			129.615051
55000			-8151.754875			117.279962
56000			-7262.461839			106.118767
57000			-7623.939005			96.019751
58000			-7277.876735			86.881830
59000			-5943.853064			78.613537
60000			-5674.146752			71.132114
61000			-5608.070436			64.362677
62000			-4845.819262			58.237467
63000			-4300.006844			52.695176
64000			-4285.631446			47.680328
65000			-4583.540123			43.142730
66000			-4076.258276			39.036961
67000			-3418.869951			35.321926
68000			-3574.894663			31.960441
69000			-3038.820541			28.918858
70000			-2932.332854			26.166734
71000			-2924.853113			23.676522
72000			-2902.087793			21.423296
73000			-2858.291718			19.384503
74000			-2699.539972			17.539736
75000			-2414.937271			15.870530
76000			-2603.193149			14.360177
77000			-2530.318743			12.993561
78000			-2411.776621			11.757001
79000			-2303.047929			10.638121
80000			-2293.594633			9.625722
81000			-2189.336696			8.709670
82000			-2168.500739			7.880796
83000			-2228.232452			7.130803
84000			-2176.700318			6.452185
85000			-2127.575808			5.838150
86000			-2121.884478			5.282550
87000			-2099.119158			4.779825
88000			-2082.045168			4.324943
89000			-2091.530718			3.913350
90000			-2085.839388			3.540928
91000			-2066.836035			3.203948
92000			-2070.662509			2.899038
93000			-2074.456729			2.623145
94000			-2044.102969			2.373508
95000			-2049.794299			2.147628
96000			-2046.000079			1.943244
97000			-2051.691409			1.758311
98000			-2040.308749			1.590978
99000			-2030.823199			1.439569
100000			-2030.823199			1.302570
101000			-2032.720309			1.178608
102000			-1826.523192			1.066443
103000			-1826.523192			0.964953
104000			-1777.056769			0.873121
105000			-1777.056769			0.790029
106000			-1777.056769			0.714844
107000			-1777.056769			0.646814
108000			-1777.056769			0.585259
109000			-1777.056769			0.529561
110000			-1778.953879			0.479165
111000			-1778.953879			0.433564
112000			-1777.056769			0.392303
113000			-1777.056769			0.354969
114000			-1777.056769			0.321187
115000			-1777.056769			0.290621
116000			-1777.056769			0.262963
117000			-1777.056769			0.237938
118000			-1775.159659			0.215294
119000			-1775.159659			0.194805
120000			-1775.159659			0.176266
121000			-1775.159659			0.159491
122000			-1775.159659			0.144313
123000			-1775.159659			0.130579
124000			-1775.159659			0.118152
125000			-1775.159659			0.106908
126000			-1775.159659			0.096734
127000			-1775.159659			0.087528
128000			-1775.159659			0.079198
129000			-1775.159659			0.071661
130000			-1775.159659			0.064841
131000			-1775.159659			0.058671
132000			-1775.159659			0.053087
133000			-1775.159659			0.048035
134000			-1775.159659			0.043464
135000			-1775.159659			0.039327
136000			-1775.159659			0.035585
137000			-1775.159659			0.032198
138000			-1775.159659			0.029134
139000			-1775.159659			0.026361
140000			-1775.159659			0.023853
141000			-1775.159659			0.021583
142000			-1775.159659			0.019529
143000			-1775.159659			0.017670
144000			-1775.159659			0.015989
145000			-1775.159659			0.014467
146000			-1775.159659			0.013090
147000			-1775.159659			0.011844
148000			-1775.159659			0.010717
149000			-1775.159659			0.009697
150000			-1775.159659			0.008774
151000			-1775.159659			0.007939
152000			-1775.159659			0.007184
153000			-1775.159659			0.006500
154000			-1775.159659			0.005882
155000			-1775.159659			0.005322
156000			-1775.159659			0.004815
157000			-1775.159659			0.004357
158000			-1775.159659			0.003942
159000			-1775.159659			0.003567
160000			-1775.159659			0.003228
161000			-1775.159659			0.002921
162000			-1775.159659			0.002643
163000			-1775.159659			0.002391
164000			-1775.159659			0.002164
165000			-1775.159659			0.001958
166000			-1775.159659			0.001771
167000			-1775.159659			0.001603
168000			-1775.159659			0.001450
169000			-1775.159659			0.001312
170000			-1775.159659			0.001187
171000			-1775.159659			0.001074
Iteration: 4
Step			Log-likelihood			Temperature
1			-27723.620766			99900.000000
1000			-24796.936987			36769.542477
2000			-23109.895996			23501.721022
3000			-26079.339405			21265.130236
4000			-26320.028822			19241.389323
5000			-26345.348258			17410.241977
6000			-25297.679404			15753.359626
7000			-21581.725384			14254.157974
8000			-24895.510522			12897.631004
9000			-24245.481899			11670.200782
10000			-26309.141902			10559.581542
11000			-21129.078501			9554.656721
12000			-23060.873095			8645.367688
13000			-24444.484116			7822.613061
14000			-22382.279384			7078.157611
15000			-19912.796330			6404.549832
16000			-23418.104493			5795.047357
17000			-24004.982961			5243.549468
18000			-25858.494727			4744.536038
19000			-24707.294856			4293.012272
20000			-24365.035139			3884.458716
21000			-22100.651001			3514.786020
22000			-26155.933379			3180.294005
23000			-25327.664558			2877.634626
24000			-23799.950760			2603.778466
25000			-22062.972667			2355.984403
26000			-24828.451868			2131.772185
27000			-24707.831486			1928.897594
28000			-16973.105544			1745.329992
29000			-18923.366862			1579.231987
30000			-22018.028427			1428.941048
31000			-20941.077142			1292.952863
32000			-18599.239656			1169.906280
33000			-18405.288730			1058.569685
34000			-23816.433084			957.828671
35000			-21240.870079			866.674888
36000			-16715.228096			784.195947
37000			-16775.108209			709.566288
38000			-13288.727214			642.038917
39000			-15707.187658			580.937931
40000			-14632.772500			525.651749
41000			-16141.388392			475.626993
42000			-12901.529096			430.362949
43000			-12086.317052			389.406552
44000			-11683.014731			352.347857
45000			-14127.185321			318.815931
46000			-13649.732258			288.475142
47000			-10278.893129			261.021797
48000			-12661.672167			236.181108
49000			-10848.213253			213.704435
50000			-10563.282375			193.366803
51000			-10662.264774			174.964643
52000			-8955.710214			158.313765
53000			-8579.947585			143.247502
54000			-8794.277082			129.615051
55000			-8876.175345			117.279962
56000			-8545.869951			106.118767
57000			-7739.410526			96.019751
58000			-6500.474532			86.881830
59000			-5354.561433			78.613537
60000			-5239.805325			71.132114
61000			-4672.897812			64.362677
62000			-4936.461248			58.237467
63000			-4555.147980			52.695176
64000			-4609.390089			47.680328
65000			-4313.924731			43.142730
66000			-3989.712444			39.036961
67000			-3425.857324			35.321926
68000			-3607.883122			31.960441
69000			-3008.192701			28.918858
70000			-3066.745084			26.166734
71000			-2744.631008			23.676522
72000			-2978.308215			21.423296
73000			-2984.264716			19.384503
74000			-2873.530146			17.539736
75000			-2808.088946			15.870530
76000			-2736.691914			14.360177
77000			-2742.305682			12.993561
78000			-2763.252217			11.757001
79000			-2548.750097			10.638121
80000			-2508.910787			9.625722
81000			-2347.346274			8.709670
82000			-2332.169394			7.880796
83000			-2286.844397			7.130803
84000			-2243.210867			6.452185
85000			-2171.120688			5.838150
86000			-2025.353384			5.282550
87000			-2010.176504			4.779825
88000			-2015.867834			4.324943
89000			-2006.382284			3.913350
90000			-1998.793844			3.540928
91000			-1934.182290			3.203948
92000			-1928.490960			2.899038
93000			-1930.388070			2.623145
94000			-1930.388070			2.373508
95000			-1928.490960			2.147628
96000			-1856.400780			1.943244
97000			-1856.400780			1.758311
98000			-1856.400780			1.590978
99000			-1856.400780			1.439569
100000			-1858.297890			1.302570
101000			-1850.709450			1.178608
102000			-1846.915230			1.066443
103000			-1845.018121			0.964953
104000			-1845.018121			0.873121
105000			-1845.018121			0.790029
106000			-1845.018121			0.714844
107000			-1841.223901			0.646814
108000			-1841.223901			0.585259
109000			-1841.223901			0.529561
110000			-1841.223901			0.479165
111000			-1841.223901			0.433564
112000			-1841.223901			0.392303
113000			-1841.223901			0.354969
114000			-1841.223901			0.321187
115000			-1841.223901			0.290621
116000			-1841.223901			0.262963
117000			-1839.326791			0.237938
118000			-1839.326791			0.215294
119000			-1839.326791			0.194805
120000			-1839.326791			0.176266
121000			-1839.326791			0.159491
122000			-1839.326791			0.144313
123000			-1839.326791			0.130579
124000			-1839.326791			0.118152
125000			-1839.326791			0.106908
126000			-1839.326791			0.096734
127000			-1839.326791			0.087528
128000			-1839.326791			0.079198
129000			-1839.326791			0.071661
130000			-1839.326791			0.064841
131000			-1839.326791			0.058671
132000			-1839.326791			0.053087
133000			-1839.326791			0.048035
134000			-1839.326791			0.043464
135000			-1839.326791			0.039327
136000			-1839.326791			0.035585
137000			-1839.326791			0.032198
138000			-1839.326791			0.029134
139000			-1839.326791			0.026361
140000			-1839.326791			0.023853
141000			-1839.326791			0.021583
142000			-1839.326791			0.019529
143000			-1839.326791			0.017670
144000			-1839.326791			0.015989
145000			-1839.326791			0.014467
146000			-1839.326791			0.013090
147000			-1839.326791			0.011844
148000			-1839.326791			0.010717
149000			-1839.326791			0.009697
150000			-1839.326791			0.008774
151000			-1839.326791			0.007939
152000			-1839.326791			0.007184
153000			-1839.326791			0.006500
154000			-1839.326791			0.005882
155000			-1839.326791			0.005322
156000			-1839.326791			0.004815
157000			-1839.326791			0.004357
158000			-1839.326791			0.003942
159000			-1839.326791			0.003567
160000			-1839.326791			0.003228
161000			-1839.326791			0.002921
162000			-1839.326791			0.002643
163000			-1839.326791			0.002391
164000			-1839.326791			0.002164
165000			-1839.326791			0.001958
166000			-1839.326791			0.001771
167000			-1839.326791			0.001603
168000			-1828.049491			0.001450
169000			-1828.049491			0.001312
170000			-1822.358161			0.001187
171000			-1822.358161			0.001074
Iteration: 5
Step			Log-likelihood			Temperature
1			-27002.370024			99900.000000
1000			-27957.545855			36769.542477
2000			-26910.810208			23501.721022
3000			-25550.702465			21265.130236
4000			-26166.987666			19241.389323
5000			-26462.541299			17410.241977
6000			-24576.001388			15753.359626
7000			-25975.836944			14254.157974
8000			-21940.455175			12897.631004
9000			-27369.512106			11670.200782
10000			-27107.373658			10559.581542
11000			-24624.170965			9554.656721
12000			-22960.358519			8645.367688
13000			-23830.900389			7822.613061
14000			-23905.139867			7078.157611
15000			-26383.064684			6404.549832
16000			-24369.506680			5795.047357
17000			-25071.410960			5243.549468
18000			-22151.117517			4744.536038
19000			-25890.273474			4293.012272
20000			-22514.247392			3884.458716
21000			-22634.501310			3514.786020
22000			-27320.322099			3180.294005
23000			-25410.014368			2877.634626
24000			-21046.429513			2603.778466
25000			-23851.795013			2355.984403
26000			-25758.367192			2131.772185
27000			-18157.805269			1928.897594
28000			-18039.803248			1745.329992
29000			-25447.563688			1579.231987
30000			-23672.893137			1428.941048
31000			-24395.523751			1292.952863
32000			-21319.827446			1169.906280
33000			-21715.968646			1058.569685
34000			-16147.504855			957.828671
35000			-19217.644683			866.674888
36000			-22377.467792			784.195947
37000			-22772.867164			709.566288
38000			-19046.726000			642.038917
39000			-20420.742715			580.937931
40000			-15789.487697			525.651749
41000			-12735.386395			475.626993
42000			-14242.334308			430.362949
43000			-13528.575245			389.406552
44000			-12962.479906			352.347857
45000			-12414.121157			318.815931
46000			-12541.427643			288.475142
47000			-11855.470769			261.021797
48000			-12114.213716			236.181108
49000			-12331.070654			213.704435
50000			-10950.232612			193.366803
51000			-9679.620469			174.964643
52000			-9087.258917			158.313765
53000			-9605.138198			143.247502
54000			-8872.715337			129.615051
55000			-6986.284276			117.279962
56000			-6014.008041			106.118767
57000			-6432.979067			96.019751
58000			-5006.009250			86.881830
59000			-5599.250529			78.613537
60000			-4607.712913			71.132114
61000			-4272.956554			64.362677
62000			-3970.451064			58.237467
63000			-3934.341468			52.695176
64000			-2872.181343			47.680328
65000			-3069.781208			43.142730
66000			-2870.100859			39.036961
67000			-2735.406050			35.321926
68000			-2720.229170			31.960441
69000			-2833.738563			28.918858
70000			-2710.743620			26.166734
71000			-2442.101158			23.676522
72000			-2464.866478			21.423296
73000			-2417.438728			19.384503
74000			-2263.156882			17.539736
75000			-2169.465627			15.870530
76000			-2026.899121			14.360177
77000			-1766.412111			12.993561
78000			-1682.939271			11.757001
79000			-1616.540422			10.638121
80000			-1616.540422			9.625722
81000			-1612.746202			8.709670
82000			-1608.951982			7.880796
83000			-1591.877992			7.130803
84000			-1593.775102			6.452185
85000			-1603.260652			5.838150
86000			-1605.157762			5.282550
87000			-1593.775102			4.779825
88000			-1586.186662			4.324943
89000			-1591.877992			3.913350
90000			-1599.575131			3.540928
91000			-1555.594395			3.203948
92000			-1557.491505			2.899038
93000			-1549.903066			2.623145
94000			-1563.182835			2.373508
95000			-1546.108846			2.147628
96000			-1542.314626			1.943244
97000			-1542.314626			1.758311
98000			-1540.417516			1.590978
99000			-1542.314626			1.439569
100000			-1536.623296			1.302570
101000			-1538.520406			1.178608
102000			-1536.623296			1.066443
103000			-1534.726186			0.964953
104000			-1532.829076			0.873121
105000			-1527.137746			0.790029
106000			-1530.931966			0.714844
107000			-1523.343526			0.646814
108000			-1521.446416			0.585259
109000			-1519.549306			0.529561
110000			-1519.549306			0.479165
111000			-1519.549306			0.433564
112000			-1519.549306			0.392303
113000			-1519.549306			0.354969
114000			-1519.549306			0.321187
115000			-1519.549306			0.290621
116000			-1519.549306			0.262963
117000			-1519.549306			0.237938
118000			-1519.549306			0.215294
119000			-1519.549306			0.194805
120000			-1519.549306			0.176266
121000			-1519.549306			0.159491
122000			-1519.549306			0.144313
123000			-1519.549306			0.130579
124000			-1519.549306			0.118152
125000			-1519.549306			0.106908
126000			-1519.549306			0.096734
127000			-1519.549306			0.087528
128000			-1519.549306			0.079198
129000			-1519.549306			0.071661
130000			-1519.549306			0.064841
131000			-1519.549306			0.058671
132000			-1519.549306			0.053087
133000			-1519.549306			0.048035
134000			-1519.549306			0.043464
135000			-1519.549306			0.039327
136000			-1519.549306			0.035585
137000			-1519.549306			0.032198
138000			-1519.549306			0.029134
139000			-1519.549306			0.026361
140000			-1519.549306			0.023853
141000			-1519.549306			0.021583
142000			-1519.549306			0.019529
143000			-1519.549306			0.017670
144000			-1519.549306			0.015989
145000			-1519.549306			0.014467
146000			-1519.549306			0.013090
147000			-1519.549306			0.011844
148000			-1519.549306			0.010717
149000			-1519.549306			0.009697
150000			-1519.549306			0.008774
151000			-1519.549306			0.007939
152000			-1519.549306			0.007184
153000			-1519.549306			0.006500
154000			-1519.549306			0.005882
155000			-1519.549306			0.005322
156000			-1519.549306			0.004815
157000			-1519.549306			0.004357
158000			-1519.549306			0.003942
159000			-1519.549306			0.003567
160000			-1519.549306			0.003228
161000			-1519.549306			0.002921
162000			-1519.549306			0.002643
163000			-1519.549306			0.002391
164000			-1519.549306			0.002164
165000			-1519.549306			0.001958
166000			-1519.549306			0.001771
167000			-1519.549306			0.001603
168000			-1519.549306			0.001450
169000			-1519.549306			0.001312
170000			-1519.549306			0.001187
171000			-1519.549306			0.001074
Iteration: 6
Step			Log-likelihood			Temperature
1			-28270.530910			99900.000000
1000			-23793.811513			36769.542477
2000			-26213.551598			23501.721022
3000			-26892.322909			21265.130236
4000			-26022.226747			19241.389323
5000			-23408.032544			17410.241977
6000			-26066.376330			15753.359626
7000			-23048.490580			14254.157974
8000			-25731.619971			12897.631004
9000			-25310.279712			11670.200782
10000			-26929.227162			10559.581542
11000			-25015.969637			9554.656721
12000			-24663.897106			8645.367688
13000			-23566.724140			7822.613061
14000			-23408.366756			7078.157611
15000			-26919.850050			6404.549832
16000			-24865.039426			5795.047357
17000			-23899.083180			5243.549468
18000			-24560.792255			4744.536038
19000			-26560.006128			4293.012272
20000			-24039.163194			3884.458716
21000			-26056.277966			3514.786020
22000			-22635.555253			3180.294005
23000			-23201.124381			2877.634626
24000			-22654.956065			2603.778466
25000			-22163.765250			2355.984403
26000			-25540.785943			2131.772185
27000			-20223.206954			1928.897594
28000			-22767.428022			1745.329992
29000			-25136.073966			1579.231987
30000			-19457.425427			1428.941048
31000			-22497.765641			1292.952863
32000			-21703.263598			1169.906280
33000			-22731.698710			1058.569685
34000			-19129.934974			957.828671
35000			-20061.421815			866.674888
36000			-17764.071394			784.195947
37000			-15965.698991			709.566288
38000			-15949.646438			642.038917
39000			-15212.417314			580.937931
40000			-14861.366885			525.651749
41000			-13771.625258			475.626993
42000			-16280.427470			430.362949
43000			-13961.993002			389.406552
44000			-16340.406157			352.347857
45000			-12161.421531			318.815931
46000			-12470.054509			288.475142
47000			-13317.439129			261.021797
48000			-11073.254481			236.181108
49000			-12686.909319			213.704435
50000			-12569.290424			193.366803
51000			-11537.397262			174.964643
52000			-10769.206668			158.313765
53000			-10011.973628			143.247502
54000			-9531.173768			129.615051
55000			-7607.806202			117.279962
56000			-7215.168942			106.118767
57000			-7059.896203			96.019751
58000			-5880.002922			86.881830
59000			-5367.905710			78.613537
60000			-5274.689293			71.132114
61000			-5896.296301			64.362677
62000			-5578.839990			58.237467
63000			-5169.547749			52.695176
64000			-5304.430239			47.680328
65000			-4971.248456			43.142730
66000			-4680.770694			39.036961
67000			-3341.320123			35.321926
68000			-3117.225226			31.960441
69000			-2898.380257			28.918858
70000			-3017.865932			26.166734
71000			-2789.476746			23.676522
72000			-2362.121086			21.423296
73000			-2294.692673			19.384503
74000			-2163.792084			17.539736
75000			-1870.442764			15.870530
76000			-1910.282074			14.360177
77000			-1917.870514			12.993561
78000			-1874.236984			11.757001
79000			-1777.342812			10.638121
80000			-1809.735245			9.625722
81000			-1786.969925			8.709670
82000			-1646.442223			7.880796
83000			-1629.368233			7.130803
84000			-1657.824883			6.452185
85000			-1646.442223			5.838150
86000			-1644.545113			5.282550
87000			-1627.471123			4.779825
88000			-1621.779793			4.324943
89000			-1631.265343			3.913350
90000			-1636.956673			3.540928
91000			-1633.162453			3.203948
92000			-1635.059563			2.899038
93000			-1627.471123			2.623145
94000			-1627.471123			2.373508
95000			-1629.368233			2.147628
96000			-1616.088463			1.943244
97000			-1606.602913			1.758311
98000			-1597.117363			1.590978
99000			-1602.808693			1.439569
100000			-1610.397133			1.302570
101000			-1610.397133			1.178608
102000			-1608.500023			1.066443
103000			-1604.705803			0.964953
104000			-1602.808693			0.873121
105000			-1597.117363			0.790029
106000			-1597.117363			0.714844
107000			-1597.117363			0.646814
108000			-1599.014473			0.585259
109000			-1599.014473			0.529561
110000			-1597.117363			0.479165
111000			-1595.220253			0.433564
112000			-1595.220253			0.392303
113000			-1595.220253			0.354969
114000			-1595.220253			0.321187
115000			-1595.220253			0.290621
116000			-1593.323143			0.262963
117000			-1593.323143			0.237938
118000			-1593.323143			0.215294
119000			-1593.323143			0.194805
120000			-1593.323143			0.176266
121000			-1593.323143			0.159491
122000			-1593.323143			0.144313
123000			-1591.426033			0.130579
124000			-1591.426033			0.118152
125000			-1591.426033			0.106908
126000			-1591.426033			0.096734
127000			-1591.426033			0.087528
128000			-1591.426033			0.079198
129000			-1591.426033			0.071661
130000			-1591.426033			0.064841
131000			-1591.426033			0.058671
132000			-1591.426033			0.053087
133000			-1591.426033			0.048035
134000			-1591.426033			0.043464
135000			-1591.426033			0.039327
136000			-1591.426033			0.035585
137000			-1591.426033			0.032198
138000			-1591.426033			0.029134
139000			-1591.426033			0.026361
140000			-1591.426033			0.023853
141000			-1591.426033			0.021583
142000			-1591.426033			0.019529
143000			-1591.426033			0.017670
144000			-1591.426033			0.015989
145000			-1591.426033			0.014467
146000			-1591.426033			0.013090
147000			-1591.426033			0.011844
148000			-1591.426033			0.010717
149000			-1591.426033			0.009697
150000			-1591.426033			0.008774
151000			-1591.426033			0.007939
152000			-1591.426033			0.007184
153000			-1591.426033			0.006500
154000			-1591.426033			0.005882
155000			-1591.426033			0.005322
156000			-1591.426033			0.004815
157000			-1591.426033			0.004357
158000			-1591.426033			0.003942
159000			-1591.426033			0.003567
160000			-1591.426033			0.003228
161000			-1591.426033			0.002921
162000			-1591.426033			0.002643
163000			-1591.426033			0.002391
164000			-1591.426033			0.002164
165000			-1591.426033			0.001958
166000			-1591.426033			0.001771
167000			-1591.426033			0.001603
168000			-1591.426033			0.001450
169000			-1591.426033			0.001312
170000			-1591.426033			0.001187
171000			-1591.426033			0.001074
Iteration: 7
Step			Log-likelihood			Temperature
1			-26818.930916			99900.000000
1000			-22463.864010			36769.542477
2000			-24011.791480			23501.721022
3000			-25029.507434			21265.130236
4000			-26425.220398			19241.389323
5000			-26100.040509			17410.241977
6000			-24395.303817			15753.359626
7000			-26610.814643			14254.157974
8000			-24671.141328			12897.631004
9000			-22694.543186			11670.200782
10000			-23239.949100			10559.581542
11000			-25061.939229			9554.656721
12000			-26050.888595			8645.367688
13000			-26240.033769			7822.613061
14000			-25690.678207			7078.157611
15000			-24229.073551			6404.549832
16000			-26287.402851			5795.047357
17000			-26484.347502			5243.549468
18000			-20013.284491			4744.536038
19000			-25687.438134			4293.012272
20000			-23197.749455			3884.458716
21000			-26475.823714			3514.786020
22000			-23052.440228			3180.294005
23000			-24305.430073			2877.634626
24000			-25735.091062			2603.778466
25000			-22508.969517			2355.984403
26000			-23931.245098			2131.772185
27000			-23998.479457			1928.897594
28000			-19902.504446			1745.329992
29000			-21392.776789			1579.231987
30000			-21480.210954			1428.941048
31000			-25127.189552			1292.952863
32000			-22688.631922			1169.906280
33000			-21694.648889			1058.569685
34000			-19909.943297			957.828671
35000			-19689.092779			866.674888
36000			-19170.225830			784.195947
37000			-15389.620889			709.566288
38000			-15823.829197			642.038917
39000			-16901.375991			580.937931
40000			-16032.968682			525.651749
41000			-14419.529681			475.626993
42000			-15693.283395			430.362949
43000			-16820.427812			389.406552
44000			-18291.230518			352.347857
45000			-15460.938722			318.815931
46000			-11313.369436			288.475142
47000			-10188.981293			261.021797
48000			-10397.050577			236.181108
49000			-11379.146002			213.704435
50000			-9582.416313			193.366803
51000			-11630.702858			174.964643
52000			-10201.390222			158.313765
53000			-9223.830272			143.247502
54000			-7757.375932			129.615051
55000			-8107.787133			117.279962
56000			-6627.322874			106.118767
57000			-7012.946415			96.019751
58000			-5992.092987			86.881830
59000			-5123.133164			78.613537
60000			-4940.791855			71.132114
61000			-5415.881767			64.362677
62000			-4838.224983			58.237467
63000			-4499.029337			52.695176
64000			-4247.745817			47.680328
65000			-3751.080011			43.142730
66000			-3832.561788			39.036961
67000			-3420.199254			35.321926
68000			-3645.980750			31.960441
69000			-3236.753301			28.918858
70000			-3011.997067			26.166734
71000			-2776.819936			23.676522
72000			-2700.935536			21.423296
73000			-2058.509931			19.384503
74000			-2053.151280			17.539736
75000			-1937.427571			15.870530
76000			-1984.855321			14.360177
77000			-1847.543682			12.993561
78000			-1840.282525			11.757001
79000			-1823.034718			10.638121
80000			-1758.404008			9.625722
81000			-1747.021348			8.709670
82000			-1773.709858			7.880796
83000			-1747.214825			7.130803
84000			-1762.391705			6.452185
85000			-1733.806085			5.838150
86000			-1711.040765			5.282550
87000			-1711.040765			4.779825
88000			-1625.387559			4.324943
89000			-1627.284669			3.913350
90000			-1608.313569			3.540928
91000			-1602.622239			3.203948
92000			-1606.416459			2.899038
93000			-1604.519349			2.623145
94000			-1608.313569			2.373508
95000			-1602.622239			2.147628
96000			-1604.519349			1.943244
97000			-1608.313569			1.758311
98000			-1604.519349			1.590978
99000			-1604.519349			1.439569
100000			-1598.828019			1.302570
101000			-1602.622239			1.178608
102000			-1596.930909			1.066443
103000			-1595.033799			0.964953
104000			-1595.033799			0.873121
105000			-1595.033799			0.790029
106000			-1593.136689			0.714844
107000			-1589.342469			0.646814
108000			-1589.342469			0.585259
109000			-1589.342469			0.529561
110000			-1589.342469			0.479165
111000			-1589.342469			0.433564
112000			-1589.342469			0.392303
113000			-1589.342469			0.354969
114000			-1589.342469			0.321187
115000			-1589.342469			0.290621
116000			-1589.342469			0.262963
117000			-1589.342469			0.237938
118000			-1589.342469			0.215294
119000			-1589.342469			0.194805
120000			-1589.342469			0.176266
121000			-1589.342469			0.159491
122000			-1589.342469			0.144313
123000			-1589.342469			0.130579
124000			-1589.342469			0.118152
125000			-1589.342469			0.106908
126000			-1589.342469			0.096734
127000			-1589.342469			0.087528
128000			-1589.342469			0.079198
129000			-1589.342469			0.071661
130000			-1589.342469			0.064841
131000			-1589.342469			0.058671
132000			-1589.342469			0.053087
133000			-1589.342469			0.048035
134000			-1589.342469			0.043464
135000			-1589.342469			0.039327
136000			-1589.342469			0.035585
137000			-1589.342469			0.032198
138000			-1589.342469			0.029134
139000			-1589.342469			0.026361
140000			-1589.342469			0.023853
141000			-1589.342469			0.021583
142000			-1589.342469			0.019529
143000			-1589.342469			0.017670
144000			-1589.342469			0.015989
145000			-1589.342469			0.014467
146000			-1589.342469			0.013090
147000			-1589.342469			0.011844
148000			-1589.342469			0.010717
149000			-1589.342469			0.009697
150000			-1589.342469			0.008774
151000			-1589.342469			0.007939
152000			-1589.342469			0.007184
153000			-1589.342469			0.006500
154000			-1589.342469			0.005882
155000			-1589.342469			0.005322
156000			-1589.342469			0.004815
157000			-1589.342469			0.004357
158000			-1589.342469			0.003942
159000			-1589.342469			0.003567
160000			-1589.342469			0.003228
161000			-1589.342469			0.002921
162000			-1589.342469			0.002643
163000			-1589.342469			0.002391
164000			-1589.342469			0.002164
165000			-1589.342469			0.001958
166000			-1589.342469			0.001771
167000			-1589.342469			0.001603
168000			-1589.342469			0.001450
169000			-1589.342469			0.001312
170000			-1589.342469			0.001187
171000			-1589.342469			0.001074
Iteration: 8
Step			Log-likelihood			Temperature
1			-27390.438983			99900.000000
1000			-26806.829785			36769.542477
2000			-22468.669763			23501.721022
3000			-19415.947034			21265.130236
4000			-24078.668291			19241.389323
5000			-22356.702181			17410.241977
6000			-23594.471215			15753.359626
7000			-25955.731137			14254.157974
8000			-24755.751241			12897.631004
9000			-26825.284831			11670.200782
10000			-25972.069138			10559.581542
11000			-20898.578109			9554.656721
12000			-23210.545424			8645.367688
13000			-23827.197090			7822.613061
14000			-26878.515407			7078.157611
15000			-19870.452935			6404.549832
16000			-25837.230876			5795.047357
17000			-25817.195119			5243.549468
18000			-24428.586795			4744.536038
19000			-27489.094542			4293.012272
20000			-22813.894009			3884.458716
21000			-23592.025798			3514.786020
22000			-23704.104876			3180.294005
23000			-24661.963576			2877.634626
24000			-27529.381525			2603.778466
25000			-24529.256798			2355.984403
26000			-17834.748264			2131.772185
27000			-21147.281359			1928.897594
28000			-19050.095087			1745.329992
29000			-25869.683867			1579.231987
30000			-23021.136384			1428.941048
31000			-26443.713536			1292.952863
32000			-17292.465089			1169.906280
33000			-19408.997822			1058.569685
34000			-22475.762724			957.828671
35000			-24274.689273			866.674888
36000			-19242.729465			784.195947
37000			-18307.767879			709.566288
38000			-15302.238229			642.038917
39000			-14168.127084			580.937931
40000			-18352.691543			525.651749
41000			-17933.168511			475.626993
42000			-11954.586772			430.362949
43000			-12768.775328			389.406552
44000			-15280.246990			352.347857
45000			-12095.893523			318.815931
46000			-13494.512348			288.475142
47000			-10879.406153			261.021797
48000			-11777.236055			236.181108
49000			-10830.585670			213.704435
50000			-11005.073363			193.366803
51000			-8748.209813			174.964643
52000			-9854.638389			158.313765
53000			-9497.799869			143.247502
54000			-7446.100306			129.615051
55000			-7733.590183			117.279962
56000			-6655.608544			106.118767
57000			-7304.881418			96.019751
58000			-6790.451591			86.881830
59000			-6342.090733			78.613537
60000			-6292.411086			71.132114
61000			-6038.246870			64.362677
62000			-5251.042987			58.237467
63000			-4642.543226			52.695176
64000			-4649.707360			47.680328
65000			-3823.492608			43.142730
66000			-3817.548580			39.036961
67000			-3811.658401			35.321926
68000			-3472.220712			31.960441
69000			-3214.364876			28.918858
70000			-3263.592975			26.166734
71000			-3252.266221			23.676522
72000			-3051.664964			21.423296
73000			-2846.170111			19.384503
74000			-2749.417501			17.539736
75000			-2525.447207			15.870530
76000			-2249.785170			14.360177
77000			-2065.291258			12.993561
78000			-1965.144020			11.757001
79000			-1781.466588			10.638121
80000			-1865.413670			9.625722
81000			-1852.133901			8.709670
82000			-1811.961911			7.880796
83000			-1804.373472			7.130803
84000			-1772.122602			6.452185
85000			-1789.196592			5.838150
86000			-1747.318608			5.282550
87000			-1734.038839			4.779825
88000			-1741.627278			4.324943
89000			-1728.347509			3.913350
90000			-1720.759069			3.540928
91000			-1720.759069			3.203948
92000			-1720.759069			2.899038
93000			-1715.067739			2.623145
94000			-1726.450399			2.373508
95000			-1724.553289			2.147628
96000			-1716.964849			1.943244
97000			-1711.273519			1.758311
98000			-1703.685079			1.590978
99000			-1699.890859			1.439569
100000			-1699.890859			1.302570
101000			-1696.096639			1.178608
102000			-1692.302419			1.066443
103000			-1697.993749			0.964953
104000			-1690.405309			0.873121
105000			-1684.713979			0.790029
106000			-1682.816869			0.714844
107000			-1682.816869			0.646814
108000			-1682.816869			0.585259
109000			-1682.816869			0.529561
110000			-1682.816869			0.479165
111000			-1682.816869			0.433564
112000			-1682.816869			0.392303
113000			-1682.816869			0.354969
114000			-1682.816869			0.321187
115000			-1682.816869			0.290621
116000			-1682.816869			0.262963
117000			-1682.816869			0.237938
118000			-1682.816869			0.215294
119000			-1682.816869			0.194805
120000			-1682.816869			0.176266
121000			-1682.816869			0.159491
122000			-1682.816869			0.144313
123000			-1682.816869			0.130579
124000			-1682.816869			0.118152
125000			-1682.816869			0.106908
126000			-1682.816869			0.096734
127000			-1682.816869			0.087528
128000			-1682.816869			0.079198
129000			-1682.816869			0.071661
130000			-1682.816869			0.064841
131000			-1682.816869			0.058671
132000			-1682.816869			0.053087
133000			-1682.816869			0.048035
134000			-1682.816869			0.043464
135000			-1682.816869			0.039327
136000			-1682.816869			0.035585
137000			-1682.816869			0.032198
138000			-1682.816869			0.029134
139000			-1682.816869			0.026361
140000			-1682.816869			0.023853
141000			-1682.816869			0.021583
142000			-1682.816869			0.019529
143000			-1682.816869			0.017670
144000			-1682.816869			0.015989
145000			-1682.816869			0.014467
146000			-1682.816869			0.013090
147000			-1682.816869			0.011844
148000			-1682.816869			0.010717
149000			-1682.816869			0.009697
150000			-1682.816869			0.008774
151000			-1682.816869			0.007939
152000			-1682.816869			0.007184
153000			-1682.816869			0.006500
154000			-1682.816869			0.005882
155000			-1682.816869			0.005322
156000			-1682.816869			0.004815
157000			-1682.816869			0.004357
158000			-1682.816869			0.003942
159000			-1682.816869			0.003567
160000			-1682.816869			0.003228
161000			-1682.816869			0.002921
162000			-1682.816869			0.002643
163000			-1682.816869			0.002391
164000			-1682.816869			0.002164
165000			-1682.816869			0.001958
166000			-1682.816869			0.001771
167000			-1682.816869			0.001603
168000			-1682.816869			0.001450
169000			-1682.816869			0.001312
170000			-1682.816869			0.001187
171000			-1682.816869			0.001074
Iteration: 9
Step			Log-likelihood			Temperature
1			-28482.458921			99900.000000
1000			-24231.776996			36769.542477
2000			-26410.870427			23501.721022
3000			-26323.453779			21265.130236
4000			-26099.841150			19241.389323
5000			-25637.790741			17410.241977
6000			-23187.334396			15753.359626
7000			-21070.279769			14254.157974
8000			-24851.211349			12897.631004
9000			-24877.797303			11670.200782
10000			-28373.792862			10559.581542
11000			-27718.773863			9554.656721
12000			-23406.677902			8645.367688
13000			-25735.716149			7822.613061
14000			-24699.442550			7078.157611
15000			-26804.791983			6404.549832
16000			-22618.218918			5795.047357
17000			-26714.375772			5243.549468
18000			-24834.175452			4744.536038
19000			-23584.786306			4293.012272
20000			-23499.460288			3884.458716
21000			-26813.960839			3514.786020
22000			-23833.835446			3180.294005
23000			-21596.696194			2877.634626
24000			-24202.361642			2603.778466
25000			-22752.960716			2355.984403
26000			-24104.949229			2131.772185
27000			-22389.656786			1928.897594
28000			-22601.552544			1745.329992
29000			-22406.194147			1579.231987
30000			-25107.992679			1428.941048
31000			-21883.837994			1292.952863
32000			-17084.659670			1169.906280
33000			-19201.031137			1058.569685
34000			-25045.194529			957.828671
35000			-23052.425492			866.674888
36000			-16142.807541			784.195947
37000			-19580.007426			709.566288
38000			-16774.237368			642.038917
39000			-15619.876667			580.937931
40000			-14974.639337			525.651749
41000			-12651.993097			475.626993
42000			-12788.623108			430.362949
43000			-13598.961835			389.406552
44000			-13230.714242			352.347857
45000			-13472.216092			318.815931
46000			-12308.020893			288.475142
47000			-11375.849974			261.021797
48000			-11220.777512			236.181108
49000			-9935.550616			213.704435
50000			-11049.418961			193.366803
51000			-10270.744704			174.964643
52000			-9570.200904			158.313765
53000			-10291.897355			143.247502
54000			-10343.705724			129.615051
55000			-10250.140360			117.279962
56000			-8090.214606			106.118767
57000			-7079.893572			96.019751
58000			-5878.099282			86.881830
59000			-6273.014854			78.613537
60000			-6124.008167			71.132114
61000			-5672.334724			64.362677
62000			-5546.518490			58.237467
63000			-4793.887719			52.695176
64000			-5044.935319			47.680328
65000			-4582.663443			43.142730
66000			-4438.773364			39.036961
67000			-3669.277114			35.321926
68000			-3923.458877			31.960441
69000			-3300.063888			28.918858
70000			-3299.089757			26.166734
71000			-3122.004861			23.676522
72000			-2542.528894			21.423296
73000			-2474.199947			19.384503
74000			-2313.229032			17.539736
75000			-2214.708327			15.870530
76000			-2132.585559			14.360177
77000			-2133.422878			12.993561
78000			-2068.792168			11.757001
79000			-2070.689278			10.638121
80000			-2019.325701			9.625722
81000			-2055.370791			8.709670
82000			-1962.302587			7.880796
83000			-1933.942697			7.130803
84000			-1867.705115			6.452185
85000			-1839.248465			5.838150
86000			-1820.341872			5.282550
87000			-1778.476482			4.779825
88000			-1774.682262			4.324943
89000			-1750.125193			3.913350
90000			-1746.330973			3.540928
91000			-1746.330973			3.203948
92000			-1746.330973			2.899038
93000			-1612.055458			2.623145
94000			-1600.672798			2.373508
95000			-1598.885503			2.147628
96000			-1595.091283			1.943244
97000			-1595.220253			1.758311
98000			-1599.014473			1.590978
99000			-1602.808693			1.439569
100000			-1600.911583			1.302570
101000			-1595.220253			1.178608
102000			-1595.220253			1.066443
103000			-1593.323143			0.964953
104000			-1591.426033			0.873121
105000			-1589.528923			0.790029
106000			-1587.631813			0.714844
107000			-1589.528923			0.646814
108000			-1585.734703			0.585259
109000			-1583.837593			0.529561
110000			-1583.837593			0.479165
111000			-1583.837593			0.433564
112000			-1583.837593			0.392303
113000			-1581.940483			0.354969
114000			-1580.043373			0.321187
115000			-1580.043373			0.290621
116000			-1580.043373			0.262963
117000			-1580.043373			0.237938
118000			-1580.043373			0.215294
119000			-1580.043373			0.194805
120000			-1580.043373			0.176266
121000			-1578.146263			0.159491
122000			-1578.146263			0.144313
123000			-1578.146263			0.130579
124000			-1578.146263			0.118152
125000			-1578.146263			0.106908
126000			-1578.146263			0.096734
127000			-1578.146263			0.087528
128000			-1578.146263			0.079198
129000			-1578.146263			0.071661
130000			-1578.146263			0.064841
131000			-1578.146263			0.058671
132000			-1578.146263			0.053087
133000			-1578.146263			0.048035
134000			-1578.146263			0.043464
135000			-1578.146263			0.039327
136000			-1578.146263			0.035585
137000			-1578.146263			0.032198
138000			-1578.146263			0.029134
139000			-1578.146263			0.026361
140000			-1578.146263			0.023853
141000			-1578.146263			0.021583
142000			-1578.146263			0.019529
143000			-1578.146263			0.017670
144000			-1578.146263			0.015989
145000			-1578.146263			0.014467
146000			-1578.146263			0.013090
147000			-1578.146263			0.011844
148000			-1578.146263			0.010717
149000			-1578.146263			0.009697
150000			-1578.146263			0.008774
151000			-1578.146263			0.007939
152000			-1578.146263			0.007184
153000			-1578.146263			0.006500
154000			-1578.146263			0.005882
155000			-1578.146263			0.005322
156000			-1578.146263			0.004815
157000			-1578.146263			0.004357
158000			-1578.146263			0.003942
159000			-1578.146263			0.003567
160000			-1578.146263			0.003228
161000			-1578.146263			0.002921
162000			-1578.146263			0.002643
163000			-1578.146263			0.002391
164000			-1578.146263			0.002164
165000			-1578.146263			0.001958
166000			-1578.146263			0.001771
167000			-1578.146263			0.001603
168000			-1578.146263			0.001450
169000			-1578.146263			0.001312
170000			-1578.146263			0.001187
171000			-1578.146263			0.001074
Iteration: 10
Step			Log-likelihood			Temperature
1			-27532.173925			99900.000000
1000			-22551.362682			36769.542477
2000			-26323.066739			23501.721022
3000			-22557.778322			21265.130236
4000			-28033.371587			19241.389323
5000			-23384.821516			17410.241977
6000			-24840.576356			15753.359626
7000			-24585.944324			14254.157974
8000			-24925.773360			12897.631004
9000			-24161.088448			11670.200782
10000			-27514.738391			10559.581542
11000			-28067.674995			9554.656721
12000			-24466.162529			8645.367688
13000			-25728.535325			7822.613061
14000			-22764.123442			7078.157611
15000			-25276.770961			6404.549832
16000			-25529.338777			5795.047357
17000			-24253.982330			5243.549468
18000			-24646.420231			4744.536038
19000			-19963.455256			4293.012272
20000			-26974.183079			3884.458716
21000			-22913.027529			3514.786020
22000			-23321.511774			3180.294005
23000			-23559.027262			2877.634626
24000			-22478.730034			2603.778466
25000			-24668.681175			2355.984403
26000			-19363.898155			2131.772185
27000			-24144.809114			1928.897594
28000			-22634.357560			1745.329992
29000			-23018.163223			1579.231987
30000			-19739.628531			1428.941048
31000			-23030.067788			1292.952863
32000			-22851.718874			1169.906280
33000			-23028.950598			1058.569685
34000			-19528.360324			957.828671
35000			-17925.108313			866.674888
36000			-15781.518056			784.195947
37000			-18078.927145			709.566288
38000			-17644.429896			642.038917
39000			-18061.137742			580.937931
40000			-17044.344324			525.651749
41000			-13857.194567			475.626993
42000			-18666.056142			430.362949
43000			-15555.594862			389.406552
44000			-12512.600974			352.347857
45000			-11146.042556			318.815931
46000			-13773.339165			288.475142
47000			-12428.037359			261.021797
48000			-11022.896918			236.181108
49000			-11574.311451			213.704435
50000			-12015.822024			193.366803
51000			-11820.715815			174.964643
52000			-9991.552841			158.313765
53000			-9234.289263			143.247502
54000			-8416.866472			129.615051
55000			-10088.246783			117.279962
56000			-8687.546225			106.118767
57000			-8765.134214			96.019751
58000			-6174.419495			86.881830
59000			-6044.781095			78.613537
60000			-4773.804979			71.132114
61000			-4509.230300			64.362677
62000			-4753.989741			58.237467
63000			-4420.259651			52.695176
64000			-3605.437705			47.680328
65000			-3843.131290			43.142730
66000			-3904.649044			39.036961
67000			-4023.312117			35.321926
68000			-3730.550204			31.960441
69000			-3566.592411			28.918858
70000			-3064.518100			26.166734
71000			-2868.194787			23.676522
72000			-2743.413783			21.423296
73000			-2456.438700			19.384503
74000			-2277.994951			17.539736
75000			-2295.184352			15.870530
76000			-2209.814402			14.360177
77000			-2198.431742			12.993561
78000			-2109.332080			11.757001
79000			-1882.182386			10.638121
80000			-1857.519956			9.625722
81000			-1868.902616			8.709670
82000			-1871.055578			7.880796
83000			-1869.158468			7.130803
84000			-1817.794935			6.452185
85000			-1821.589155			5.838150
86000			-1728.501796			5.282550
87000			-1728.501796			4.779825
88000			-1713.324916			4.324943
89000			-1667.511019			3.913350
90000			-1650.437029			3.540928
91000			-1650.437029			3.203948
92000			-1646.642809			2.899038
93000			-1646.642809			2.623145
94000			-1620.083269			2.373508
95000			-1620.083269			2.147628
96000			-1620.083269			1.943244
97000			-1627.671709			1.758311
98000			-1614.391939			1.590978
99000			-1610.597719			1.439569
100000			-1606.803499			1.302570
101000			-1606.803499			1.178608
102000			-1604.906389			1.066443
103000			-1608.700609			0.964953
104000			-1608.700609			0.873121
105000			-1603.009279			0.790029
106000			-1603.009279			0.714844
107000			-1603.009279			0.646814
108000			-1603.009279			0.585259
109000			-1603.009279			0.529561
110000			-1603.009279			0.479165
111000			-1603.009279			0.433564
112000			-1595.420839			0.392303
113000			-1595.420839			0.354969
114000			-1595.420839			0.321187
115000			-1595.420839			0.290621
116000			-1595.420839			0.262963
117000			-1593.523729			0.237938
118000			-1593.523729			0.215294
119000			-1593.523729			0.194805
120000			-1591.626619			0.176266
121000			-1591.626619			0.159491
122000			-1591.626619			0.144313
123000			-1591.626619			0.130579
124000			-1591.626619			0.118152
125000			-1591.626619			0.106908
126000			-1591.626619			0.096734
127000			-1591.626619			0.087528
128000			-1591.626619			0.079198
129000			-1591.626619			0.071661
130000			-1591.626619			0.064841
131000			-1591.626619			0.058671
132000			-1591.626619			0.053087
133000			-1591.626619			0.048035
134000			-1591.626619			0.043464
135000			-1591.626619			0.039327
136000			-1591.626619			0.035585
137000			-1591.626619			0.032198
138000			-1591.626619			0.029134
139000			-1591.626619			0.026361
140000			-1591.626619			0.023853
141000			-1591.626619			0.021583
142000			-1591.626619			0.019529
143000			-1591.626619			0.017670
144000			-1591.626619			0.015989
145000			-1591.626619			0.014467
146000			-1591.626619			0.013090
147000			-1591.626619			0.011844
148000			-1591.626619			0.010717
149000			-1591.626619			0.009697
150000			-1591.626619			0.008774
151000			-1591.626619			0.007939
152000			-1591.626619			0.007184
153000			-1591.626619			0.006500
154000			-1591.626619			0.005882
155000			-1591.626619			0.005322
156000			-1591.626619			0.004815
157000			-1591.626619			0.004357
158000			-1591.626619			0.003942
159000			-1591.626619			0.003567
160000			-1591.626619			0.003228
161000			-1591.626619			0.002921
162000			-1591.626619			0.002643
163000			-1591.626619			0.002391
164000			-1591.626619			0.002164
165000			-1591.626619			0.001958
166000			-1591.626619			0.001771
167000			-1591.626619			0.001603
168000			-1591.626619			0.001450
169000			-1591.626619			0.001312
170000			-1591.626619			0.001187
171000			-1591.626619			0.001074

Maximum likelihood Tree found: -1523.330660
digraph g {
	"54" -> "55";
	"55" [label="16"];
	"53" -> "54";
	"54" [label="50"];
	"52" -> "53";
	"53" [label="25"];
	"51" -> "52";
	"52" [label="20"];
	"50" -> "51";
	"51" [label="7"];
	"49" -> "50";
	"50" [label="21"];
	"48" -> "49";
	"49" [label="34"];
	"47" -> "48";
	"48" [label="48"];
	"46" -> "47";
	"47" [label="27"];
	"45" -> "46";
	"46" [label="15"];
	"43" -> "44";
	"44" [label="14"];
	"42" -> "43";
	"43" [label="29"];
	"41" -> "42";
	"42" [color=indianred1, style=filled, label="6"];
	"42" [label="6"];
	"40" -> "41";
	"41" [label="33"];
	"39" -> "40";
	"40" [label="26"];
	"38" -> "39";
	"39" [label="40"];
	"37" -> "38";
	"38" [label="45"];
	"36" -> "37";
	"37" [label="47"];
	"35" -> "36";
	"36" [label="46"];
	"34" -> "35";
	"35" [label="10"];
	"33" -> "34";
	"34" [label="38"];
	"32" -> "33";
	"33" [label="17"];
	"31" -> "32";
	"32" [label="42"];
	"30" -> "31";
	"31" [color=indianred1, style=filled, label="30"];
	"31" [label="30"];
	"29" -> "30";
	"30" [label="13"];
	"27" -> "28";
	"28" [label="32"];
	"26" -> "27";
	"27" [label="23"];
	"25" -> "26";
	"26" [label="22"];
	"24" -> "25";
	"25" [color=indianred1, style=filled, label="1"];
	"25" [label="1"];
	"23" -> "24";
	"24" [label="39"];
	"23" -> "29";
	"29" [label="4"];
	"22" -> "23";
	"23" [label="30"];
	"21" -> "22";
	"22" [color=indianred1, style=filled, label="18"];
	"22" [label="18"];
	"20" -> "21";
	"21" [label="35"];
	"19" -> "20";
	"20" [label="44"];
	"18" -> "19";
	"19" [label="5"];
	"17" -> "18";
	"18" [label="11"];
	"16" -> "17";
	"17" [label="19"];
	"15" -> "16";
	"16" [label="6"];
	"14" -> "15";
	"15" [label="28"];
	"12" -> "13";
	"13" [label="12"];
	"11" -> "12";
	"12" [label="2"];
	"10" -> "11";
	"11" [color=indianred1, style=filled, label="36"];
	"11" [label="36"];
	"9" -> "10";
	"10" [label="37"];
	"8" -> "9";
	"9" [label="41"];
	"8" -> "14";
	"14" [label="24"];
	"7" -> "8";
	"8" [label="36"];
	"6" -> "7";
	"7" [label="1"];
	"6" -> "45";
	"45" [label="49"];
	"5" -> "6";
	"6" [label="3"];
	"4" -> "5";
	"5" [label="18"];
	"3" -> "4";
	"4" [label="9"];
	"2" -> "3";
	"3" [label="8"];
	"1" -> "2";
	"2" [label="31"];
	"0" -> "1";
	"1" [label="43"];
	"0" [label="germline"];
	labelloc="t";
	label="Confidence score: -1523.330660";
}
Best cell assignment:
5 33 15 5 22 44 18 54 28 22 27 20 33 18 2 33 33 44 32 28 44 18 26 18 13 4 12 22 55 28 55 13 33 3 18 13 28 50 33 32 32 44 11 33 50 44 5 5 50 28 33 44 50 55 22 28 22 2 27 55 28 32 22 55 44 22 5 5 5 4 13 18 4 17 5 5 32 43 49 55 28 44 22 5 44 17 22 50 28 22 44 44 19 54 44 4 13 21 50 5 5 55 22 27 55 54 50 50 16 32 13 28 33 11 22 2 28 43 28 17 48 13 32 22 33 18 50 28 27 28 44 28 13 44 19 22 28 18 43 28 4 28 33 13 42 28 28 44 13 13 50 13 49 12 27 18 33 28 5 12 12 55 44 18 50 32 50 33 22 55 54 27 33 32 42 48 50 22 55 4 50 22 55 4 13 22 17 55 5 13 22 49 50 22 5 44 18 22 17 22 55 28 33 20 43 22 54 55 54 33 44 38 13 55 43 44 26 53 50 33 28 50 27 33 28 50 33 16 22 22 28 44 33 27 55 32 48 43 49 42 44 13 28 33 52 28 22 44 5 25 
alpha: 0.150000
beta: 0.000010
gamma: 0.113000
delta: 0.887000
