Starting SASC.
Iteration: 1
Step			Log-likelihood			Temperature
1			-29692.243982			99900.000000
1000			-27407.932821			36769.542477
2000			-28961.803809			23501.721022
3000			-26240.245360			21265.130236
4000			-27478.791533			19241.389323
5000			-22226.350453			17410.241977
6000			-21747.660084			15753.359626
7000			-25826.748787			14254.157974
8000			-27237.063908			12897.631004
9000			-27147.841072			11670.200782
10000			-26859.163659			10559.581542
11000			-26839.160451			9554.656721
12000			-24582.358914			8645.367688
13000			-26583.663417			7822.613061
14000			-27280.386583			7078.157611
15000			-25592.119963			6404.549832
16000			-24178.746610			5795.047357
17000			-26285.350866			5243.549468
18000			-19964.496814			4744.536038
19000			-25512.453022			4293.012272
20000			-24319.590135			3884.458716
21000			-24527.122790			3514.786020
22000			-20433.103556			3180.294005
23000			-25699.654096			2877.634626
24000			-25140.786571			2603.778466
25000			-27273.663145			2355.984403
26000			-24996.535866			2131.772185
27000			-24917.229551			1928.897594
28000			-20169.830401			1745.329992
29000			-22245.755583			1579.231987
30000			-27757.892474			1428.941048
31000			-22694.364956			1292.952863
32000			-21807.684443			1169.906280
33000			-19406.124768			1058.569685
34000			-18401.973025			957.828671
35000			-20236.604613			866.674888
36000			-17423.328139			784.195947
37000			-17117.312871			709.566288
38000			-17558.676912			642.038917
39000			-16053.937264			580.937931
40000			-13605.806220			525.651749
41000			-12589.315894			475.626993
42000			-12533.768915			430.362949
43000			-12706.508522			389.406552
44000			-12198.097783			352.347857
45000			-14065.880277			318.815931
46000			-10527.042786			288.475142
47000			-10665.171189			261.021797
48000			-12160.269860			236.181108
49000			-9758.631219			213.704435
50000			-10680.137032			193.366803
51000			-11538.287490			174.964643
52000			-10790.788064			158.313765
53000			-10843.487850			143.247502
54000			-10104.834745			129.615051
55000			-9549.133889			117.279962
56000			-9025.596040			106.118767
57000			-8843.441228			96.019751
58000			-8672.158861			86.881830
59000			-8021.933937			78.613537
60000			-7383.220686			71.132114
61000			-6530.515208			64.362677
62000			-5703.058560			58.237467
63000			-4613.419533			52.695176
64000			-4825.315290			47.680328
65000			-4662.621218			43.142730
66000			-4135.869710			39.036961
67000			-3788.698582			35.321926
68000			-3705.935317			31.960441
69000			-3385.420490			28.918858
70000			-3524.070786			26.166734
71000			-3288.829148			23.676522
72000			-2991.627948			21.423296
73000			-3006.579054			19.384503
74000			-2783.558663			17.539736
75000			-2523.686849			15.870530
76000			-2635.584084			14.360177
77000			-2226.356635			12.993561
78000			-1896.743298			11.757001
79000			-1932.788388			10.638121
80000			-1928.994168			9.625722
81000			-1925.199948			8.709670
82000			-1934.685498			7.880796
83000			-1836.035779			7.130803
84000			-1853.109769			6.452185
85000			-1856.903989			5.838150
86000			-1820.858899			5.282550
87000			-1735.488950			4.779825
88000			-1727.900510			4.324943
89000			-1691.855420			3.913350
90000			-1682.369870			3.540928
91000			-1665.295880			3.203948
92000			-1674.781430			2.899038
93000			-1659.604550			2.623145
94000			-1610.279691			2.373508
95000			-1602.691251			2.147628
96000			-1606.485471			1.943244
97000			-1598.897031			1.758311
98000			-1606.485471			1.590978
99000			-1570.440381			1.439569
100000			-1568.543271			1.302570
101000			-1570.440381			1.178608
102000			-1568.543271			1.066443
103000			-1566.646161			0.964953
104000			-1547.675061			0.873121
105000			-1547.675061			0.790029
106000			-1549.572171			0.714844
107000			-1545.777951			0.646814
108000			-1543.880841			0.585259
109000			-1538.189511			0.529561
110000			-1538.189511			0.479165
111000			-1536.292401			0.433564
112000			-1536.292401			0.392303
113000			-1536.292401			0.354969
114000			-1536.292401			0.321187
115000			-1536.292401			0.290621
116000			-1536.292401			0.262963
117000			-1534.395291			0.237938
118000			-1534.395291			0.215294
119000			-1534.395291			0.194805
120000			-1534.395291			0.176266
121000			-1532.498181			0.159491
122000			-1532.498181			0.144313
123000			-1532.498181			0.130579
124000			-1532.498181			0.118152
125000			-1532.498181			0.106908
126000			-1532.498181			0.096734
127000			-1532.498181			0.087528
128000			-1532.498181			0.079198
129000			-1532.498181			0.071661
130000			-1532.498181			0.064841
131000			-1532.498181			0.058671
132000			-1532.498181			0.053087
133000			-1532.498181			0.048035
134000			-1532.498181			0.043464
135000			-1532.498181			0.039327
136000			-1532.498181			0.035585
137000			-1532.498181			0.032198
138000			-1532.498181			0.029134
139000			-1532.498181			0.026361
140000			-1532.498181			0.023853
141000			-1532.498181			0.021583
142000			-1532.498181			0.019529
143000			-1532.498181			0.017670
144000			-1532.498181			0.015989
145000			-1532.498181			0.014467
146000			-1532.498181			0.013090
147000			-1532.498181			0.011844
148000			-1532.498181			0.010717
149000			-1532.498181			0.009697
150000			-1532.498181			0.008774
151000			-1532.498181			0.007939
152000			-1532.498181			0.007184
153000			-1532.498181			0.006500
154000			-1532.498181			0.005882
155000			-1532.498181			0.005322
156000			-1532.498181			0.004815
157000			-1532.498181			0.004357
158000			-1532.498181			0.003942
159000			-1532.498181			0.003567
160000			-1532.498181			0.003228
161000			-1532.498181			0.002921
162000			-1532.498181			0.002643
163000			-1532.498181			0.002391
164000			-1532.498181			0.002164
165000			-1532.498181			0.001958
166000			-1532.498181			0.001771
167000			-1532.498181			0.001603
168000			-1532.498181			0.001450
169000			-1532.498181			0.001312
170000			-1532.498181			0.001187
171000			-1532.498181			0.001074
Iteration: 2
Step			Log-likelihood			Temperature
1			-27810.870862			99900.000000
1000			-26065.881405			36769.542477
2000			-26715.707611			23501.721022
3000			-27839.119255			21265.130236
4000			-26989.762290			19241.389323
5000			-23366.097318			17410.241977
6000			-26462.802525			15753.359626
7000			-26938.170797			14254.157974
8000			-21575.741547			12897.631004
9000			-26447.948179			11670.200782
10000			-26129.491728			10559.581542
11000			-26139.443562			9554.656721
12000			-25611.140833			8645.367688
13000			-24897.686787			7822.613061
14000			-27484.881581			7078.157611
15000			-25009.020980			6404.549832
16000			-24703.381074			5795.047357
17000			-28230.724408			5243.549468
18000			-28248.464040			4744.536038
19000			-27323.143432			4293.012272
20000			-24316.188795			3884.458716
21000			-26873.534205			3514.786020
22000			-24094.367618			3180.294005
23000			-27699.082065			2877.634626
24000			-26187.193845			2603.778466
25000			-19141.174437			2355.984403
26000			-19876.250476			2131.772185
27000			-26459.298585			1928.897594
28000			-24985.593075			1745.329992
29000			-17472.975532			1579.231987
30000			-20640.888399			1428.941048
31000			-20740.268268			1292.952863
32000			-14984.424618			1169.906280
33000			-21115.289070			1058.569685
34000			-20188.898261			957.828671
35000			-19076.209472			866.674888
36000			-17789.775382			784.195947
37000			-16291.797264			709.566288
38000			-16879.819335			642.038917
39000			-14851.374731			580.937931
40000			-16054.239222			525.651749
41000			-18105.598734			475.626993
42000			-13506.420512			430.362949
43000			-10383.985457			389.406552
44000			-15661.692883			352.347857
45000			-14643.246780			318.815931
46000			-11336.812631			288.475142
47000			-13323.729071			261.021797
48000			-13930.273476			236.181108
49000			-11458.280498			213.704435
50000			-12294.996923			193.366803
51000			-10316.211390			174.964643
52000			-10750.438539			158.313765
53000			-9940.088134			143.247502
54000			-10254.589098			129.615051
55000			-7486.632226			117.279962
56000			-8453.657001			106.118767
57000			-7042.057583			96.019751
58000			-7545.398704			86.881830
59000			-8219.195283			78.613537
60000			-6160.009879			71.132114
61000			-5945.275824			64.362677
62000			-5235.698022			58.237467
63000			-4438.304853			52.695176
64000			-4771.164103			47.680328
65000			-4248.851882			43.142730
66000			-4042.163654			39.036961
67000			-3613.487143			35.321926
68000			-3695.578926			31.960441
69000			-3707.026093			28.918858
70000			-3169.601499			26.166734
71000			-3152.204975			23.676522
72000			-2760.491596			21.423296
73000			-2733.706282			19.384503
74000			-2660.971036			17.539736
75000			-2481.390654			15.870530
76000			-2375.152495			14.360177
77000			-2291.647403			12.993561
78000			-2056.696045			11.757001
79000			-2077.628761			10.638121
80000			-2044.700571			9.625722
81000			-2044.700571			8.709670
82000			-2014.895118			7.880796
83000			-2030.071998			7.130803
84000			-1950.361126			6.452185
85000			-1901.068519			5.838150
86000			-1906.759849			5.282550
87000			-1887.756496			4.779825
88000			-1532.131927			4.324943
89000			-1539.720367			3.913350
90000			-1482.807067			3.540928
91000			-1480.909957			3.203948
92000			-1480.909957			2.899038
93000			-1477.115737			2.623145
94000			-1475.218627			2.373508
95000			-1477.115737			2.147628
96000			-1475.218627			1.943244
97000			-1473.321517			1.758311
98000			-1467.630187			1.590978
99000			-1467.630187			1.439569
100000			-1463.835967			1.302570
101000			-1461.938857			1.178608
102000			-1458.144637			1.066443
103000			-1456.247527			0.964953
104000			-1458.144637			0.873121
105000			-1458.144637			0.790029
106000			-1458.144637			0.714844
107000			-1458.144637			0.646814
108000			-1458.144637			0.585259
109000			-1458.144637			0.529561
110000			-1458.144637			0.479165
111000			-1454.350417			0.433564
112000			-1454.350417			0.392303
113000			-1454.350417			0.354969
114000			-1454.350417			0.321187
115000			-1454.350417			0.290621
116000			-1454.350417			0.262963
117000			-1454.350417			0.237938
118000			-1456.247527			0.215294
119000			-1456.247527			0.194805
120000			-1452.453307			0.176266
121000			-1452.453307			0.159491
122000			-1452.453307			0.144313
123000			-1444.864868			0.130579
124000			-1442.967758			0.118152
125000			-1441.070648			0.106908
126000			-1441.070648			0.096734
127000			-1441.070648			0.087528
128000			-1441.070648			0.079198
129000			-1441.070648			0.071661
130000			-1441.070648			0.064841
131000			-1441.070648			0.058671
132000			-1441.070648			0.053087
133000			-1441.070648			0.048035
134000			-1441.070648			0.043464
135000			-1441.070648			0.039327
136000			-1441.070648			0.035585
137000			-1441.070648			0.032198
138000			-1441.070648			0.029134
139000			-1441.070648			0.026361
140000			-1441.070648			0.023853
141000			-1441.070648			0.021583
142000			-1441.070648			0.019529
143000			-1441.070648			0.017670
144000			-1441.070648			0.015989
145000			-1441.070648			0.014467
146000			-1441.070648			0.013090
147000			-1441.070648			0.011844
148000			-1441.070648			0.010717
149000			-1441.070648			0.009697
150000			-1441.070648			0.008774
151000			-1441.070648			0.007939
152000			-1441.070648			0.007184
153000			-1441.070648			0.006500
154000			-1441.070648			0.005882
155000			-1441.070648			0.005322
156000			-1441.070648			0.004815
157000			-1441.070648			0.004357
158000			-1441.070648			0.003942
159000			-1441.070648			0.003567
160000			-1441.070648			0.003228
161000			-1441.070648			0.002921
162000			-1441.070648			0.002643
163000			-1441.070648			0.002391
164000			-1441.070648			0.002164
165000			-1441.070648			0.001958
166000			-1441.070648			0.001771
167000			-1441.070648			0.001603
168000			-1441.070648			0.001450
169000			-1441.070648			0.001312
170000			-1441.070648			0.001187
171000			-1441.070648			0.001074
Iteration: 3
Step			Log-likelihood			Temperature
1			-30068.640001			99900.000000
1000			-23050.801698			36769.542477
2000			-27453.398954			23501.721022
3000			-25718.361330			21265.130236
4000			-28880.518360			19241.389323
5000			-24470.332665			17410.241977
6000			-23307.635857			15753.359626
7000			-25210.038453			14254.157974
8000			-25878.208208			12897.631004
9000			-26401.960153			11670.200782
10000			-25388.366792			10559.581542
11000			-25846.183112			9554.656721
12000			-27588.894258			8645.367688
13000			-22638.935312			7822.613061
14000			-27687.376871			7078.157611
15000			-23592.293276			6404.549832
16000			-23247.353470			5795.047357
17000			-24668.722879			5243.549468
18000			-26508.896208			4744.536038
19000			-22504.961755			4293.012272
20000			-25558.364863			3884.458716
21000			-24725.067296			3514.786020
22000			-28130.365260			3180.294005
23000			-26670.763371			2877.634626
24000			-23514.866553			2603.778466
25000			-26247.036362			2355.984403
26000			-25144.891646			2131.772185
27000			-26548.876209			1928.897594
28000			-27815.354081			1745.329992
29000			-24312.954560			1579.231987
30000			-25971.025906			1428.941048
31000			-19637.768764			1292.952863
32000			-23139.857430			1169.906280
33000			-22321.880492			1058.569685
34000			-18907.322752			957.828671
35000			-19632.792847			866.674888
36000			-13946.374026			784.195947
37000			-17806.403664			709.566288
38000			-19726.718838			642.038917
39000			-15057.133451			580.937931
40000			-15186.104677			525.651749
41000			-15975.968073			475.626993
42000			-13680.051537			430.362949
43000			-12617.300422			389.406552
44000			-11626.542726			352.347857
45000			-13076.406877			318.815931
46000			-10997.411785			288.475142
47000			-12189.925724			261.021797
48000			-11518.284283			236.181108
49000			-11839.400246			213.704435
50000			-10154.429309			193.366803
51000			-9412.084584			174.964643
52000			-9024.144638			158.313765
53000			-11166.453933			143.247502
54000			-9871.469641			129.615051
55000			-9261.567827			117.279962
56000			-8596.371222			106.118767
57000			-8340.293627			96.019751
58000			-8289.271017			86.881830
59000			-8186.176171			78.613537
60000			-7587.786031			71.132114
61000			-6144.510465			64.362677
62000			-6105.316223			58.237467
63000			-5429.144573			52.695176
64000			-5283.583158			47.680328
65000			-5089.723153			43.142730
66000			-4421.081275			39.036961
67000			-4788.185264			35.321926
68000			-3908.893832			31.960441
69000			-3504.170177			28.918858
70000			-3250.667013			26.166734
71000			-3308.767849			23.676522
72000			-3126.645290			21.423296
73000			-2878.833456			19.384503
74000			-2598.093432			17.539736
75000			-2127.785241			15.870530
76000			-2099.328592			14.360177
77000			-2070.871942			12.993561
78000			-2108.814142			11.757001
79000			-1980.998198			10.638121
80000			-2037.911498			9.625722
81000			-1948.747329			8.709670
82000			-1882.348479			7.880796
83000			-1796.978530			7.130803
84000			-1795.081420			6.452185
85000			-1846.303389			5.838150
86000			-1795.081420			5.282550
87000			-1784.104235			4.779825
88000			-1797.384005			4.324943
89000			-1784.104235			3.913350
90000			-1789.795565			3.540928
91000			-1795.486895			3.203948
92000			-1789.795565			2.899038
93000			-1784.104235			2.623145
94000			-1776.515795			2.373508
95000			-1776.515795			2.147628
96000			-1770.824465			1.943244
97000			-1780.310015			1.758311
98000			-1782.207125			1.590978
99000			-1761.338915			1.439569
100000			-1759.441805			1.302570
101000			-1761.338915			1.178608
102000			-1755.647585			1.066443
103000			-1748.059145			0.964953
104000			-1748.059145			0.873121
105000			-1746.162035			0.790029
106000			-1736.676485			0.714844
107000			-1734.779375			0.646814
108000			-1734.779375			0.585259
109000			-1734.779375			0.529561
110000			-1734.779375			0.479165
111000			-1734.779375			0.433564
112000			-1734.779375			0.392303
113000			-1730.985155			0.354969
114000			-1730.985155			0.321187
115000			-1730.985155			0.290621
116000			-1729.088045			0.262963
117000			-1691.145846			0.237938
118000			-1691.145846			0.215294
119000			-1691.145846			0.194805
120000			-1689.248736			0.176266
121000			-1689.248736			0.159491
122000			-1689.248736			0.144313
123000			-1689.248736			0.130579
124000			-1689.248736			0.118152
125000			-1689.248736			0.106908
126000			-1689.248736			0.096734
127000			-1689.248736			0.087528
128000			-1689.248736			0.079198
129000			-1689.248736			0.071661
130000			-1689.248736			0.064841
131000			-1689.248736			0.058671
132000			-1689.248736			0.053087
133000			-1689.248736			0.048035
134000			-1689.248736			0.043464
135000			-1689.248736			0.039327
136000			-1689.248736			0.035585
137000			-1689.248736			0.032198
138000			-1689.248736			0.029134
139000			-1689.248736			0.026361
140000			-1689.248736			0.023853
141000			-1689.248736			0.021583
142000			-1689.248736			0.019529
143000			-1689.248736			0.017670
144000			-1689.248736			0.015989
145000			-1689.248736			0.014467
146000			-1689.248736			0.013090
147000			-1689.248736			0.011844
148000			-1689.248736			0.010717
149000			-1689.248736			0.009697
150000			-1689.248736			0.008774
151000			-1689.248736			0.007939
152000			-1689.248736			0.007184
153000			-1689.248736			0.006500
154000			-1689.248736			0.005882
155000			-1689.248736			0.005322
156000			-1689.248736			0.004815
157000			-1689.248736			0.004357
158000			-1689.248736			0.003942
159000			-1689.248736			0.003567
160000			-1689.248736			0.003228
161000			-1689.248736			0.002921
162000			-1689.248736			0.002643
163000			-1689.248736			0.002391
164000			-1689.248736			0.002164
165000			-1689.248736			0.001958
166000			-1689.248736			0.001771
167000			-1689.248736			0.001603
168000			-1689.248736			0.001450
169000			-1689.248736			0.001312
170000			-1689.248736			0.001187
171000			-1689.248736			0.001074
Iteration: 4
Step			Log-likelihood			Temperature
1			-28376.816613			99900.000000
1000			-27611.961536			36769.542477
2000			-30077.363148			23501.721022
3000			-27967.090626			21265.130236
4000			-24932.506249			19241.389323
5000			-26040.245535			17410.241977
6000			-27489.663978			15753.359626
7000			-25842.215947			14254.157974
8000			-28670.364284			12897.631004
9000			-25601.740365			11670.200782
10000			-27340.721798			10559.581542
11000			-24753.002053			9554.656721
12000			-28022.165484			8645.367688
13000			-27117.669154			7822.613061
14000			-24479.856307			7078.157611
15000			-29224.094626			6404.549832
16000			-23907.409834			5795.047357
17000			-19405.327330			5243.549468
18000			-19144.009953			4744.536038
19000			-24942.428610			4293.012272
20000			-24596.186991			3884.458716
21000			-24699.179238			3514.786020
22000			-23944.123625			3180.294005
23000			-26624.238716			2877.634626
24000			-24745.284599			2603.778466
25000			-17989.602262			2355.984403
26000			-24935.570319			2131.772185
27000			-20435.279268			1928.897594
28000			-24237.800310			1745.329992
29000			-20715.535492			1579.231987
30000			-24692.127427			1428.941048
31000			-19371.712922			1292.952863
32000			-18880.038902			1169.906280
33000			-21877.211870			1058.569685
34000			-20995.727209			957.828671
35000			-20355.151883			866.674888
36000			-17191.089123			784.195947
37000			-13929.036170			709.566288
38000			-13161.345854			642.038917
39000			-18609.546830			580.937931
40000			-13483.209484			525.651749
41000			-12656.345075			475.626993
42000			-16512.870774			430.362949
43000			-14463.525707			389.406552
44000			-13553.859940			352.347857
45000			-12797.549226			318.815931
46000			-11706.130424			288.475142
47000			-14305.754722			261.021797
48000			-11216.579288			236.181108
49000			-11386.738626			213.704435
50000			-11317.093864			193.366803
51000			-10512.810152			174.964643
52000			-9735.458283			158.313765
53000			-10711.871847			143.247502
54000			-8880.022947			129.615051
55000			-7509.224601			117.279962
56000			-8553.060226			106.118767
57000			-7275.343444			96.019751
58000			-7117.147327			86.881830
59000			-7213.190362			78.613537
60000			-6867.470636			71.132114
61000			-6214.483600			64.362677
62000			-6086.957937			58.237467
63000			-5777.051689			52.695176
64000			-4447.544055			47.680328
65000			-4081.498588			43.142730
66000			-3916.411926			39.036961
67000			-3490.949075			35.321926
68000			-3447.347799			31.960441
69000			-3572.557058			28.918858
70000			-3385.549504			26.166734
71000			-2940.115698			23.676522
72000			-2940.115698			21.423296
73000			-2623.878891			19.384503
74000			-2606.804901			17.539736
75000			-2417.093902			15.870530
76000			-2269.119324			14.360177
77000			-2166.675384			12.993561
78000			-2174.263824			11.757001
79000			-2136.321625			10.638121
80000			-2130.630295			9.625722
81000			-2071.819885			8.709670
82000			-2094.585205			7.880796
83000			-2060.437225			7.130803
84000			-2037.671905			6.452185
85000			-1994.038376			5.838150
86000			-1995.935486			5.282550
87000			-1952.301956			4.779825
88000			-1950.404846			4.324943
89000			-1967.478836			3.913350
90000			-1971.273056			3.540928
91000			-1717.403638			3.203948
92000			-1711.712308			2.899038
93000			-1704.123868			2.623145
94000			-1700.329648			2.373508
95000			-1702.226758			2.147628
96000			-1702.226758			1.943244
97000			-1702.226758			1.758311
98000			-1696.535428			1.590978
99000			-1694.638318			1.439569
100000			-1696.535428			1.302570
101000			-1696.535428			1.178608
102000			-1698.432538			1.066443
103000			-1690.844098			0.964953
104000			-1692.741208			0.873121
105000			-1690.844098			0.790029
106000			-1688.946988			0.714844
107000			-1685.152768			0.646814
108000			-1685.152768			0.585259
109000			-1685.152768			0.529561
110000			-1643.545362			0.479165
111000			-1473.321517			0.433564
112000			-1473.321517			0.392303
113000			-1473.321517			0.354969
114000			-1473.321517			0.321187
115000			-1473.321517			0.290621
116000			-1471.424407			0.262963
117000			-1471.424407			0.237938
118000			-1471.424407			0.215294
119000			-1471.424407			0.194805
120000			-1469.527297			0.176266
121000			-1469.527297			0.159491
122000			-1469.527297			0.144313
123000			-1469.527297			0.130579
124000			-1469.527297			0.118152
125000			-1469.527297			0.106908
126000			-1469.527297			0.096734
127000			-1469.527297			0.087528
128000			-1469.527297			0.079198
129000			-1469.527297			0.071661
130000			-1467.630187			0.064841
131000			-1461.938857			0.058671
132000			-1461.938857			0.053087
133000			-1461.938857			0.048035
134000			-1461.938857			0.043464
135000			-1461.938857			0.039327
136000			-1461.938857			0.035585
137000			-1461.938857			0.032198
138000			-1461.938857			0.029134
139000			-1461.938857			0.026361
140000			-1461.938857			0.023853
141000			-1461.938857			0.021583
142000			-1461.938857			0.019529
143000			-1461.938857			0.017670
144000			-1461.938857			0.015989
145000			-1461.938857			0.014467
146000			-1461.938857			0.013090
147000			-1460.041747			0.011844
148000			-1460.041747			0.010717
149000			-1460.041747			0.009697
150000			-1460.041747			0.008774
151000			-1460.041747			0.007939
152000			-1460.041747			0.007184
153000			-1460.041747			0.006500
154000			-1460.041747			0.005882
155000			-1460.041747			0.005322
156000			-1460.041747			0.004815
157000			-1460.041747			0.004357
158000			-1460.041747			0.003942
159000			-1460.041747			0.003567
160000			-1460.041747			0.003228
161000			-1460.041747			0.002921
162000			-1460.041747			0.002643
163000			-1460.041747			0.002391
164000			-1460.041747			0.002164
165000			-1460.041747			0.001958
166000			-1460.041747			0.001771
167000			-1460.041747			0.001603
168000			-1460.041747			0.001450
169000			-1460.041747			0.001312
170000			-1460.041747			0.001187
171000			-1460.041747			0.001074
Iteration: 5
Step			Log-likelihood			Temperature
1			-28055.952837			99900.000000
1000			-24144.352281			36769.542477
2000			-24566.504713			23501.721022
3000			-27497.349178			21265.130236
4000			-27839.512135			19241.389323
5000			-28317.050280			17410.241977
6000			-27286.963490			15753.359626
7000			-27734.364751			14254.157974
8000			-26045.496996			12897.631004
9000			-24385.349756			11670.200782
10000			-19621.565615			10559.581542
11000			-26139.637082			9554.656721
12000			-26655.832840			8645.367688
13000			-27957.185783			7822.613061
14000			-26408.698327			7078.157611
15000			-24452.361420			6404.549832
16000			-27017.192670			5795.047357
17000			-28556.854380			5243.549468
18000			-21019.413140			4744.536038
19000			-27923.811884			4293.012272
20000			-26723.533502			3884.458716
21000			-25385.980042			3514.786020
22000			-22516.042456			3180.294005
23000			-21091.626494			2877.634626
24000			-28543.902983			2603.778466
25000			-20104.290715			2355.984403
26000			-22079.525318			2131.772185
27000			-25274.120899			1928.897594
28000			-18774.439971			1745.329992
29000			-24983.863071			1579.231987
30000			-20185.711016			1428.941048
31000			-24882.225466			1292.952863
32000			-15369.614130			1169.906280
33000			-24075.856962			1058.569685
34000			-16754.399039			957.828671
35000			-16810.975069			866.674888
36000			-12928.652233			784.195947
37000			-12734.938758			709.566288
38000			-17159.031773			642.038917
39000			-20408.247606			580.937931
40000			-13139.419122			525.651749
41000			-12784.430723			475.626993
42000			-14005.205011			430.362949
43000			-12605.897186			389.406552
44000			-14983.462856			352.347857
45000			-13134.642565			318.815931
46000			-13072.639071			288.475142
47000			-12706.496844			261.021797
48000			-11019.757811			236.181108
49000			-11478.890681			213.704435
50000			-10856.371682			193.366803
51000			-10628.061738			174.964643
52000			-9649.765800			158.313765
53000			-10227.416744			143.247502
54000			-8601.804525			129.615051
55000			-8594.356776			117.279962
56000			-9885.781519			106.118767
57000			-9449.891931			96.019751
58000			-6838.266320			86.881830
59000			-6640.940467			78.613537
60000			-6985.499071			71.132114
61000			-5961.678332			64.362677
62000			-5550.075811			58.237467
63000			-5400.494403			52.695176
64000			-4644.676387			47.680328
65000			-5040.714988			43.142730
66000			-4471.684591			39.036961
67000			-4037.316751			35.321926
68000			-3734.972528			31.960441
69000			-3249.344625			28.918858
70000			-2953.395467			26.166734
71000			-2795.433103			23.676522
72000			-3216.448688			21.423296
73000			-3032.429019			19.384503
74000			-2988.892250			17.539736
75000			-2930.049587			15.870530
76000			-2791.964562			14.360177
77000			-2610.454818			12.993561
78000			-2335.373870			11.757001
79000			-2219.650161			10.638121
80000			-2162.898128			9.625722
81000			-2094.602169			8.709670
82000			-2043.380199			7.880796
83000			-1935.244930			7.130803
84000			-1920.068050			6.452185
85000			-1920.068050			5.838150
86000			-1918.170940			5.282550
87000			-1732.770216			4.779825
88000			-1721.387556			4.324943
89000			-1723.284666			3.913350
90000			-1732.770216			3.540928
91000			-1736.564436			3.203948
92000			-1730.873106			2.899038
93000			-1717.593336			2.623145
94000			-1719.490446			2.373508
95000			-1704.313566			2.147628
96000			-1700.519346			1.943244
97000			-1708.107786			1.758311
98000			-1710.004896			1.590978
99000			-1711.902006			1.439569
100000			-1708.107786			1.302570
101000			-1700.519346			1.178608
102000			-1700.519346			1.066443
103000			-1700.519346			0.964953
104000			-1702.416456			0.873121
105000			-1704.313566			0.790029
106000			-1700.519346			0.714844
107000			-1694.828016			0.646814
108000			-1691.033796			0.585259
109000			-1687.239576			0.529561
110000			-1687.239576			0.479165
111000			-1679.651136			0.433564
112000			-1677.754026			0.392303
113000			-1677.754026			0.354969
114000			-1677.754026			0.321187
115000			-1677.754026			0.290621
116000			-1672.062696			0.262963
117000			-1672.062696			0.237938
118000			-1672.062696			0.215294
119000			-1672.062696			0.194805
120000			-1672.062696			0.176266
121000			-1672.062696			0.159491
122000			-1672.062696			0.144313
123000			-1670.165586			0.130579
124000			-1669.760111			0.118152
125000			-1665.580219			0.106908
126000			-1665.580219			0.096734
127000			-1653.802034			0.087528
128000			-1653.802034			0.079198
129000			-1653.802034			0.071661
130000			-1644.316484			0.064841
131000			-1644.316484			0.058671
132000			-1644.316484			0.053087
133000			-1644.316484			0.048035
134000			-1644.316484			0.043464
135000			-1644.316484			0.039327
136000			-1630.631239			0.035585
137000			-1630.631239			0.032198
138000			-1616.945994			0.029134
139000			-1599.080857			0.026361
140000			-1591.385945			0.023853
141000			-1581.119197			0.021583
142000			-1578.816612			0.019529
143000			-1571.543085			0.017670
144000			-1567.643505			0.015989
145000			-1558.005968			0.014467
146000			-1554.211748			0.013090
147000			-1550.022004			0.011844
148000			-1541.411923			0.010717
149000			-1536.106265			0.009697
150000			-1526.784505			0.008774
151000			-1518.903035			0.007939
152000			-1515.922992			0.007184
153000			-1441.660473			0.006500
154000			-1438.855891			0.005882
155000			-1251.162532			0.005322
156000			-1235.505708			0.004815
157000			-1221.444741			0.004357
158000			-1215.753411			0.003942
159000			-1202.368280			0.003567
160000			-1200.471170			0.003228
161000			-1196.619975			0.002921
162000			-1196.326945			0.002643
163000			-1192.426253			0.002391
164000			-1188.226558			0.002164
165000			-1182.782797			0.001958
166000			-1182.270849			0.001771
167000			-1181.904595			0.001603
168000			-1170.116460			0.001450
169000			-1170.004410			0.001312
170000			-1169.598935			0.001187
171000			-1165.804715			0.001074
Iteration: 6
Step			Log-likelihood			Temperature
1			-30311.341065			99900.000000
1000			-28065.476480			36769.542477
2000			-23639.140465			23501.721022
3000			-27797.344743			21265.130236
4000			-26769.902730			19241.389323
5000			-26527.577028			17410.241977
6000			-26929.116219			15753.359626
7000			-28011.703435			14254.157974
8000			-27956.476208			12897.631004
9000			-23980.593848			11670.200782
10000			-28694.059113			10559.581542
11000			-26736.549406			9554.656721
12000			-22790.278977			8645.367688
13000			-29863.757961			7822.613061
14000			-28477.401534			7078.157611
15000			-24818.723581			6404.549832
16000			-22164.804346			5795.047357
17000			-25299.519317			5243.549468
18000			-22725.202516			4744.536038
19000			-26500.609872			4293.012272
20000			-25911.646614			3884.458716
21000			-24282.260749			3514.786020
22000			-26628.290963			3180.294005
23000			-23503.650999			2877.634626
24000			-21844.444946			2603.778466
25000			-24671.781110			2355.984403
26000			-20188.420299			2131.772185
27000			-25067.039791			1928.897594
28000			-26625.581679			1745.329992
29000			-20263.744713			1579.231987
30000			-20635.953633			1428.941048
31000			-22386.651937			1292.952863
32000			-22348.548470			1169.906280
33000			-20502.425784			1058.569685
34000			-19502.229528			957.828671
35000			-19794.745092			866.674888
36000			-15170.326661			784.195947
37000			-13812.415205			709.566288
38000			-17249.072622			642.038917
39000			-18246.005449			580.937931
40000			-13611.729163			525.651749
41000			-16398.308186			475.626993
42000			-12419.684289			430.362949
43000			-11418.021895			389.406552
44000			-12702.165995			352.347857
45000			-11342.336855			318.815931
46000			-12204.865152			288.475142
47000			-13186.412842			261.021797
48000			-9376.593640			236.181108
49000			-10768.060837			213.704435
50000			-10178.039056			193.366803
51000			-10220.919080			174.964643
52000			-11195.060172			158.313765
53000			-9040.617492			143.247502
54000			-10696.331283			129.615051
55000			-9312.091901			117.279962
56000			-8196.558976			106.118767
57000			-8735.842588			96.019751
58000			-7370.864586			86.881830
59000			-5736.282870			78.613537
60000			-5523.387258			71.132114
61000			-5112.681993			64.362677
62000			-4616.768045			58.237467
63000			-4259.407632			52.695176
64000			-4199.823142			47.680328
65000			-4118.247412			43.142730
66000			-3852.464333			39.036961
67000			-3858.349184			35.321926
68000			-3428.318031			31.960441
69000			-3383.878167			28.918858
70000			-3351.595044			26.166734
71000			-3175.454096			23.676522
72000			-2904.651169			21.423296
73000			-2565.100735			19.384503
74000			-2587.769294			17.539736
75000			-2512.142922			15.870530
76000			-2432.464303			14.360177
77000			-2371.756783			12.993561
78000			-2207.192015			11.757001
79000			-2136.998946			10.638121
80000			-2100.953856			9.625722
81000			-1913.139967			8.709670
82000			-1886.580428			7.880796
83000			-1897.963087			7.130803
84000			-1871.403548			6.452185
85000			-1708.252089			5.838150
86000			-1706.354979			5.282550
87000			-1681.692549			4.779825
88000			-1683.589659			4.324943
89000			-1694.972319			3.913350
90000			-1691.178099			3.540928
91000			-1691.178099			3.203948
92000			-1679.795439			2.899038
93000			-1676.001219			2.623145
94000			-1677.898329			2.373508
95000			-1668.412779			2.147628
96000			-1662.721449			1.943244
97000			-1662.721449			1.758311
98000			-1653.235899			1.590978
99000			-1651.338789			1.439569
100000			-1651.338789			1.302570
101000			-1657.030119			1.178608
102000			-1660.824339			1.066443
103000			-1660.824339			0.964953
104000			-1658.927229			0.873121
105000			-1653.235899			0.790029
106000			-1651.338789			0.714844
107000			-1651.338789			0.646814
108000			-1651.338789			0.585259
109000			-1651.338789			0.529561
110000			-1647.544569			0.479165
111000			-1647.544569			0.433564
112000			-1649.441679			0.392303
113000			-1647.544569			0.354969
114000			-1645.647459			0.321187
115000			-1645.647459			0.290621
116000			-1645.647459			0.262963
117000			-1645.647459			0.237938
118000			-1645.647459			0.215294
119000			-1645.647459			0.194805
120000			-1643.750349			0.176266
121000			-1643.750349			0.159491
122000			-1643.750349			0.144313
123000			-1643.750349			0.130579
124000			-1643.750349			0.118152
125000			-1643.750349			0.106908
126000			-1643.750349			0.096734
127000			-1643.750349			0.087528
128000			-1643.750349			0.079198
129000			-1643.750349			0.071661
130000			-1643.750349			0.064841
131000			-1643.750349			0.058671
132000			-1643.750349			0.053087
133000			-1643.750349			0.048035
134000			-1643.750349			0.043464
135000			-1643.750349			0.039327
136000			-1643.750349			0.035585
137000			-1643.750349			0.032198
138000			-1643.750349			0.029134
139000			-1643.750349			0.026361
140000			-1643.750349			0.023853
141000			-1643.750349			0.021583
142000			-1643.750349			0.019529
143000			-1643.750349			0.017670
144000			-1643.750349			0.015989
145000			-1643.750349			0.014467
146000			-1643.750349			0.013090
147000			-1643.750349			0.011844
148000			-1643.750349			0.010717
149000			-1643.750349			0.009697
150000			-1643.750349			0.008774
151000			-1643.750349			0.007939
152000			-1643.750349			0.007184
153000			-1643.750349			0.006500
154000			-1643.750349			0.005882
155000			-1643.750349			0.005322
156000			-1643.750349			0.004815
157000			-1643.750349			0.004357
158000			-1643.750349			0.003942
159000			-1643.750349			0.003567
160000			-1643.750349			0.003228
161000			-1643.750349			0.002921
162000			-1643.750349			0.002643
163000			-1643.750349			0.002391
164000			-1643.750349			0.002164
165000			-1643.750349			0.001958
166000			-1643.750349			0.001771
167000			-1643.750349			0.001603
168000			-1643.750349			0.001450
169000			-1643.750349			0.001312
170000			-1643.750349			0.001187
171000			-1643.750349			0.001074
Iteration: 7
Step			Log-likelihood			Temperature
1			-28802.860025			99900.000000
1000			-26633.859118			36769.542477
2000			-26211.947196			23501.721022
3000			-26297.592689			21265.130236
4000			-28649.716009			19241.389323
5000			-27146.782549			17410.241977
6000			-26362.830417			15753.359626
7000			-25059.506961			14254.157974
8000			-25171.870480			12897.631004
9000			-26323.630336			11670.200782
10000			-26266.684783			10559.581542
11000			-23985.942068			9554.656721
12000			-28564.319646			8645.367688
13000			-26992.917281			7822.613061
14000			-28062.520847			7078.157611
15000			-28071.452251			6404.549832
16000			-25256.595362			5795.047357
17000			-27518.276055			5243.549468
18000			-25558.520290			4744.536038
19000			-25489.508918			4293.012272
20000			-25146.348887			3884.458716
21000			-22944.299673			3514.786020
22000			-23177.623626			3180.294005
23000			-25425.168445			2877.634626
24000			-22654.531485			2603.778466
25000			-24611.944432			2355.984403
26000			-22035.874271			2131.772185
27000			-26521.316815			1928.897594
28000			-28270.299851			1745.329992
29000			-24169.821045			1579.231987
30000			-28051.149866			1428.941048
31000			-19813.167885			1292.952863
32000			-18666.999540			1169.906280
33000			-23343.144317			1058.569685
34000			-17909.724283			957.828671
35000			-14972.962715			866.674888
36000			-19520.309212			784.195947
37000			-13990.124891			709.566288
38000			-15158.727124			642.038917
39000			-15517.351257			580.937931
40000			-15283.625528			525.651749
41000			-12429.633064			475.626993
42000			-12245.528313			430.362949
43000			-14711.135123			389.406552
44000			-12174.092098			352.347857
45000			-13582.155323			318.815931
46000			-13579.818344			288.475142
47000			-11987.981800			261.021797
48000			-10849.431368			236.181108
49000			-10955.443753			213.704435
50000			-10595.567578			193.366803
51000			-10974.124573			174.964643
52000			-10988.075824			158.313765
53000			-9862.467892			143.247502
54000			-8894.205811			129.615051
55000			-7931.215766			117.279962
56000			-6274.378946			106.118767
57000			-5367.050158			96.019751
58000			-6124.636271			86.881830
59000			-5177.306906			78.613537
60000			-4453.810106			71.132114
61000			-5736.212524			64.362677
62000			-4514.737560			58.237467
63000			-4989.880058			52.695176
64000			-4013.616083			47.680328
65000			-3818.278261			43.142730
66000			-3729.759159			39.036961
67000			-3144.939069			35.321926
68000			-2839.504362			31.960441
69000			-2718.702137			28.918858
70000			-2608.669758			26.166734
71000			-2733.911270			23.676522
72000			-2601.113571			21.423296
73000			-2529.055645			19.384503
74000			-2376.002550			17.539736
75000			-2198.383786			15.870530
76000			-2094.042737			14.360177
77000			-2048.512097			12.993561
78000			-2067.483197			11.757001
79000			-1898.640408			10.638121
80000			-1877.772198			9.625722
81000			-1875.875088			8.709670
82000			-1841.694855			7.880796
83000			-1851.212659			7.130803
84000			-1822.756009			6.452185
85000			-1837.932889			5.838150
86000			-1832.241559			5.282550
87000			-1803.752656			4.779825
88000			-1786.678666			4.324943
89000			-1773.398896			3.913350
90000			-1792.369996			3.540928
91000			-1756.357159			3.203948
92000			-1754.460049			2.899038
93000			-1695.649640			2.623145
94000			-1688.061200			2.373508
95000			-1676.678540			2.147628
96000			-1625.456570			1.943244
97000			-1621.662351			1.758311
98000			-1623.559461			1.590978
99000			-1621.662351			1.439569
100000			-1621.662351			1.302570
101000			-1623.559461			1.178608
102000			-1619.765241			1.066443
103000			-1617.868131			0.964953
104000			-1619.765241			0.873121
105000			-1615.971021			0.790029
106000			-1617.868131			0.714844
107000			-1617.868131			0.646814
108000			-1615.971021			0.585259
109000			-1615.971021			0.529561
110000			-1615.971021			0.479165
111000			-1615.971021			0.433564
112000			-1615.971021			0.392303
113000			-1614.073911			0.354969
114000			-1614.073911			0.321187
115000			-1614.073911			0.290621
116000			-1614.073911			0.262963
117000			-1614.073911			0.237938
118000			-1614.073911			0.215294
119000			-1614.073911			0.194805
120000			-1614.073911			0.176266
121000			-1614.073911			0.159491
122000			-1614.073911			0.144313
123000			-1614.073911			0.130579
124000			-1614.073911			0.118152
125000			-1614.073911			0.106908
126000			-1614.073911			0.096734
127000			-1614.073911			0.087528
128000			-1614.073911			0.079198
129000			-1614.073911			0.071661
130000			-1614.073911			0.064841
131000			-1614.073911			0.058671
132000			-1614.073911			0.053087
133000			-1614.073911			0.048035
134000			-1614.073911			0.043464
135000			-1614.073911			0.039327
136000			-1614.073911			0.035585
137000			-1614.073911			0.032198
138000			-1614.073911			0.029134
139000			-1614.073911			0.026361
140000			-1614.073911			0.023853
141000			-1614.073911			0.021583
142000			-1614.073911			0.019529
143000			-1614.073911			0.017670
144000			-1614.073911			0.015989
145000			-1614.073911			0.014467
146000			-1614.073911			0.013090
147000			-1614.073911			0.011844
148000			-1614.073911			0.010717
149000			-1614.073911			0.009697
150000			-1614.073911			0.008774
151000			-1614.073911			0.007939
152000			-1614.073911			0.007184
153000			-1614.073911			0.006500
154000			-1614.073911			0.005882
155000			-1614.073911			0.005322
156000			-1614.073911			0.004815
157000			-1614.073911			0.004357
158000			-1614.073911			0.003942
159000			-1614.073911			0.003567
160000			-1614.073911			0.003228
161000			-1614.073911			0.002921
162000			-1614.073911			0.002643
163000			-1614.073911			0.002391
164000			-1614.073911			0.002164
165000			-1614.073911			0.001958
166000			-1614.073911			0.001771
167000			-1614.073911			0.001603
168000			-1614.073911			0.001450
169000			-1614.073911			0.001312
170000			-1614.073911			0.001187
171000			-1614.073911			0.001074
Iteration: 8
Step			Log-likelihood			Temperature
1			-27245.118632			99900.000000
1000			-24365.411055			36769.542477
2000			-23043.266087			23501.721022
3000			-27682.072582			21265.130236
4000			-27369.867446			19241.389323
5000			-29883.148355			17410.241977
6000			-26807.613317			15753.359626
7000			-25984.719131			14254.157974
8000			-26407.903671			12897.631004
9000			-23235.724461			11670.200782
10000			-27892.742711			10559.581542
11000			-26731.805102			9554.656721
12000			-26726.547802			8645.367688
13000			-22659.680347			7822.613061
14000			-26127.782299			7078.157611
15000			-25664.523779			6404.549832
16000			-24403.514522			5795.047357
17000			-25085.453686			5243.549468
18000			-22299.921507			4744.536038
19000			-28768.040563			4293.012272
20000			-28656.122752			3884.458716
21000			-23711.559017			3514.786020
22000			-25851.223536			3180.294005
23000			-30226.369834			2877.634626
24000			-25617.782247			2603.778466
25000			-26988.258059			2355.984403
26000			-22296.493752			2131.772185
27000			-21256.018317			1928.897594
28000			-24971.196115			1745.329992
29000			-16041.619256			1579.231987
30000			-19127.548777			1428.941048
31000			-20411.015557			1292.952863
32000			-15918.855414			1169.906280
33000			-19705.155790			1058.569685
34000			-21824.925539			957.828671
35000			-21895.274037			866.674888
36000			-15238.754692			784.195947
37000			-13498.506481			709.566288
38000			-17121.778572			642.038917
39000			-16700.690501			580.937931
40000			-15299.253955			525.651749
41000			-12593.048389			475.626993
42000			-12045.261565			430.362949
43000			-10964.037887			389.406552
44000			-13570.520475			352.347857
45000			-13821.191181			318.815931
46000			-11165.363158			288.475142
47000			-11274.712377			261.021797
48000			-10224.472790			236.181108
49000			-11652.935160			213.704435
50000			-9509.804794			193.366803
51000			-9985.677442			174.964643
52000			-9946.069745			158.313765
53000			-10548.576639			143.247502
54000			-9573.570545			129.615051
55000			-9921.864701			117.279962
56000			-9499.770937			106.118767
57000			-8206.974035			96.019751
58000			-7143.636521			86.881830
59000			-6769.234372			78.613537
60000			-5664.128184			71.132114
61000			-5705.445310			64.362677
62000			-5060.272487			58.237467
63000			-4118.866066			52.695176
64000			-4055.584115			47.680328
65000			-4355.224894			43.142730
66000			-4037.187737			39.036961
67000			-3272.013185			35.321926
68000			-3213.847843			31.960441
69000			-3028.092331			28.918858
70000			-3118.992343			26.166734
71000			-3109.506794			23.676522
72000			-2548.671812			21.423296
73000			-2613.173552			19.384503
74000			-2563.816439			17.539736
75000			-2552.498286			15.870530
76000			-2412.112147			14.360177
77000			-2305.873988			12.993561
78000			-2292.561964			11.757001
79000			-2129.378252			10.638121
80000			-1985.907468			9.625722
81000			-1934.685498			8.709670
82000			-1830.344449			7.880796
83000			-1910.023068			7.130803
84000			-1830.344449			6.452185
85000			-1699.443860			5.838150
86000			-1672.884320			5.282550
87000			-1680.472760			4.779825
88000			-1663.398770			4.324943
89000			-1686.164090			3.913350
90000			-1606.485471			3.540928
91000			-1589.411481			3.203948
92000			-1591.308591			2.899038
93000			-1596.999921			2.623145
94000			-1593.205701			2.373508
95000			-1595.102811			2.147628
96000			-1587.514371			1.943244
97000			-1576.131711			1.758311
98000			-1578.028821			1.590978
99000			-1576.131711			1.439569
100000			-1572.337491			1.302570
101000			-1568.543271			1.178608
102000			-1570.440381			1.066443
103000			-1562.851941			0.964953
104000			-1560.954831			0.873121
105000			-1559.057721			0.790029
106000			-1559.057721			0.714844
107000			-1559.057721			0.646814
108000			-1559.057721			0.585259
109000			-1559.057721			0.529561
110000			-1559.057721			0.479165
111000			-1559.057721			0.433564
112000			-1559.057721			0.392303
113000			-1559.057721			0.354969
114000			-1559.057721			0.321187
115000			-1559.057721			0.290621
116000			-1559.057721			0.262963
117000			-1559.057721			0.237938
118000			-1559.057721			0.215294
119000			-1559.057721			0.194805
120000			-1559.057721			0.176266
121000			-1559.057721			0.159491
122000			-1559.057721			0.144313
123000			-1559.057721			0.130579
124000			-1559.057721			0.118152
125000			-1559.057721			0.106908
126000			-1559.057721			0.096734
127000			-1559.057721			0.087528
128000			-1559.057721			0.079198
129000			-1559.057721			0.071661
130000			-1559.057721			0.064841
131000			-1559.057721			0.058671
132000			-1559.057721			0.053087
133000			-1559.057721			0.048035
134000			-1559.057721			0.043464
135000			-1559.057721			0.039327
136000			-1559.057721			0.035585
137000			-1559.057721			0.032198
138000			-1559.057721			0.029134
139000			-1559.057721			0.026361
140000			-1559.057721			0.023853
141000			-1559.057721			0.021583
142000			-1559.057721			0.019529
143000			-1559.057721			0.017670
144000			-1559.057721			0.015989
145000			-1559.057721			0.014467
146000			-1559.057721			0.013090
147000			-1559.057721			0.011844
148000			-1559.057721			0.010717
149000			-1559.057721			0.009697
150000			-1559.057721			0.008774
151000			-1559.057721			0.007939
152000			-1559.057721			0.007184
153000			-1559.057721			0.006500
154000			-1559.057721			0.005882
155000			-1559.057721			0.005322
156000			-1559.057721			0.004815
157000			-1559.057721			0.004357
158000			-1559.057721			0.003942
159000			-1559.057721			0.003567
160000			-1559.057721			0.003228
161000			-1559.057721			0.002921
162000			-1559.057721			0.002643
163000			-1559.057721			0.002391
164000			-1559.057721			0.002164
165000			-1559.057721			0.001958
166000			-1559.057721			0.001771
167000			-1559.057721			0.001603
168000			-1559.057721			0.001450
169000			-1559.057721			0.001312
170000			-1559.057721			0.001187
171000			-1559.057721			0.001074
Iteration: 9
Step			Log-likelihood			Temperature
1			-29551.986856			99900.000000
1000			-24316.924783			36769.542477
2000			-26538.261791			23501.721022
3000			-24626.405899			21265.130236
4000			-25256.343174			19241.389323
5000			-26050.930299			17410.241977
6000			-26279.797447			15753.359626
7000			-27082.978706			14254.157974
8000			-28396.896005			12897.631004
9000			-27692.209038			11670.200782
10000			-24102.390088			10559.581542
11000			-21896.300305			9554.656721
12000			-26144.533756			8645.367688
13000			-27505.620778			7822.613061
14000			-27010.507325			7078.157611
15000			-28090.338269			6404.549832
16000			-28009.504367			5795.047357
17000			-26133.769749			5243.549468
18000			-21028.318130			4744.536038
19000			-20003.066564			4293.012272
20000			-27845.095027			3884.458716
21000			-26572.576877			3514.786020
22000			-26085.890452			3180.294005
23000			-25271.332372			2877.634626
24000			-23282.507144			2603.778466
25000			-27980.156301			2355.984403
26000			-19332.952710			2131.772185
27000			-21673.232925			1928.897594
28000			-18370.446466			1745.329992
29000			-21840.682980			1579.231987
30000			-23373.911532			1428.941048
31000			-23958.749139			1292.952863
32000			-19905.642473			1169.906280
33000			-25707.623737			1058.569685
34000			-19332.416081			957.828671
35000			-18850.834586			866.674888
36000			-21647.397696			784.195947
37000			-17925.475885			709.566288
38000			-13887.364257			642.038917
39000			-13951.420288			580.937931
40000			-15812.546909			525.651749
41000			-17446.166863			475.626993
42000			-13461.004150			430.362949
43000			-14051.289797			389.406552
44000			-11875.568510			352.347857
45000			-11205.545576			318.815931
46000			-13258.256672			288.475142
47000			-14097.729370			261.021797
48000			-11801.431632			236.181108
49000			-11117.645128			213.704435
50000			-10732.951095			193.366803
51000			-10851.970487			174.964643
52000			-10340.313835			158.313765
53000			-9616.224795			143.247502
54000			-8854.102635			129.615051
55000			-7022.027961			117.279962
56000			-7048.974542			106.118767
57000			-6213.483745			96.019751
58000			-6368.428111			86.881830
59000			-6466.245081			78.613537
60000			-5312.013394			71.132114
61000			-5718.505145			64.362677
62000			-4939.599276			58.237467
63000			-4575.450919			52.695176
64000			-4112.717349			47.680328
65000			-4096.352934			43.142730
66000			-3651.467435			39.036961
67000			-3821.562266			35.321926
68000			-3198.090402			31.960441
69000			-3105.035253			28.918858
70000			-2790.824569			26.166734
71000			-2508.832503			23.676522
72000			-2400.697233			21.423296
73000			-2330.504164			19.384503
74000			-2294.459074			17.539736
75000			-2266.002425			15.870530
76000			-2279.282194			14.360177
77000			-2288.767744			12.993561
78000			-2387.417464			11.757001
79000			-2252.722655			10.638121
80000			-2207.192015			9.625722
81000			-2108.542296			8.709670
82000			-2013.654543			7.880796
83000			-2026.934313			7.130803
84000			-1968.156157			6.452185
85000			-1962.464827			5.838150
86000			-1975.744597			5.282550
87000			-1920.728407			4.779825
88000			-1920.728407			4.324943
89000			-1920.728407			3.913350
90000			-1926.419737			3.540928
91000			-1899.860197			3.203948
92000			-1899.860197			2.899038
93000			-1899.860197			2.623145
94000			-1888.477538			2.373508
95000			-1880.889098			2.147628
96000			-1880.889098			1.943244
97000			-1882.786208			1.758311
98000			-1858.123778			1.590978
99000			-1858.123778			1.439569
100000			-1863.815108			1.302570
101000			-1861.917998			1.178608
102000			-1772.753828			1.066443
103000			-1768.959608			0.964953
104000			-1765.165389			0.873121
105000			-1767.062499			0.790029
106000			-1763.268279			0.714844
107000			-1763.268279			0.646814
108000			-1761.371169			0.585259
109000			-1759.474059			0.529561
110000			-1757.576949			0.479165
111000			-1757.576949			0.433564
112000			-1757.576949			0.392303
113000			-1757.576949			0.354969
114000			-1757.576949			0.321187
115000			-1757.576949			0.290621
116000			-1757.576949			0.262963
117000			-1755.679839			0.237938
118000			-1755.679839			0.215294
119000			-1755.679839			0.194805
120000			-1755.679839			0.176266
121000			-1755.679839			0.159491
122000			-1755.679839			0.144313
123000			-1753.782729			0.130579
124000			-1753.782729			0.118152
125000			-1753.782729			0.106908
126000			-1753.782729			0.096734
127000			-1753.782729			0.087528
128000			-1753.782729			0.079198
129000			-1753.782729			0.071661
130000			-1753.782729			0.064841
131000			-1753.782729			0.058671
132000			-1753.782729			0.053087
133000			-1708.252089			0.048035
134000			-1708.252089			0.043464
135000			-1708.252089			0.039327
136000			-1708.252089			0.035585
137000			-1708.252089			0.032198
138000			-1708.252089			0.029134
139000			-1708.252089			0.026361
140000			-1708.252089			0.023853
141000			-1708.252089			0.021583
142000			-1708.252089			0.019529
143000			-1708.252089			0.017670
144000			-1708.252089			0.015989
145000			-1708.252089			0.014467
146000			-1708.252089			0.013090
147000			-1708.252089			0.011844
148000			-1708.252089			0.010717
149000			-1708.252089			0.009697
150000			-1708.252089			0.008774
151000			-1708.252089			0.007939
152000			-1708.252089			0.007184
153000			-1708.252089			0.006500
154000			-1708.252089			0.005882
155000			-1708.252089			0.005322
156000			-1708.252089			0.004815
157000			-1708.252089			0.004357
158000			-1708.252089			0.003942
159000			-1708.252089			0.003567
160000			-1708.252089			0.003228
161000			-1708.252089			0.002921
162000			-1708.252089			0.002643
163000			-1708.252089			0.002391
164000			-1708.252089			0.002164
165000			-1708.252089			0.001958
166000			-1708.252089			0.001771
167000			-1708.252089			0.001603
168000			-1708.252089			0.001450
169000			-1708.252089			0.001312
170000			-1708.252089			0.001187
171000			-1708.252089			0.001074
Iteration: 10
Step			Log-likelihood			Temperature
1			-29309.672832			99900.000000
1000			-24881.278440			36769.542477
2000			-29141.061656			23501.721022
3000			-29209.234441			21265.130236
4000			-26492.731152			19241.389323
5000			-28085.673208			17410.241977
6000			-24600.588186			15753.359626
7000			-25428.308700			14254.157974
8000			-24368.061671			12897.631004
9000			-24005.830999			11670.200782
10000			-28169.791114			10559.581542
11000			-25934.218413			9554.656721
12000			-21515.799211			8645.367688
13000			-29939.783052			7822.613061
14000			-25987.396161			7078.157611
15000			-25498.152822			6404.549832
16000			-27474.105896			5795.047357
17000			-25710.095569			5243.549468
18000			-26472.906728			4744.536038
19000			-27462.019501			4293.012272
20000			-19888.870442			3884.458716
21000			-20515.400538			3514.786020
22000			-24353.157554			3180.294005
23000			-25831.962155			2877.634626
24000			-22937.259541			2603.778466
25000			-25859.753162			2355.984403
26000			-26142.276019			2131.772185
27000			-22850.526053			1928.897594
28000			-27667.282742			1745.329992
29000			-22680.413704			1579.231987
30000			-19374.706647			1428.941048
31000			-19591.191280			1292.952863
32000			-25309.268733			1169.906280
33000			-22360.124651			1058.569685
34000			-15956.841545			957.828671
35000			-13582.726987			866.674888
36000			-15850.635640			784.195947
37000			-17141.646928			709.566288
38000			-15659.693174			642.038917
39000			-14376.619274			580.937931
40000			-17192.675377			525.651749
41000			-14735.237568			475.626993
42000			-14090.580799			430.362949
43000			-13711.281976			389.406552
44000			-13815.177317			352.347857
45000			-12078.163341			318.815931
46000			-12214.497233			288.475142
47000			-10463.787250			261.021797
48000			-10849.797833			236.181108
49000			-11684.971934			213.704435
50000			-11524.781947			193.366803
51000			-10352.411908			174.964643
52000			-11194.400368			158.313765
53000			-10447.874382			143.247502
54000			-10582.633698			129.615051
55000			-10845.170864			117.279962
56000			-8811.964439			106.118767
57000			-7733.224271			96.019751
58000			-7309.523677			86.881830
59000			-6527.597668			78.613537
60000			-5670.496835			71.132114
61000			-5812.264030			64.362677
62000			-4861.017271			58.237467
63000			-4432.754215			52.695176
64000			-3784.361894			47.680328
65000			-3596.451246			43.142730
66000			-3532.175280			39.036961
67000			-3159.637988			35.321926
68000			-3112.210238			31.960441
69000			-3047.740752			28.918858
70000			-2628.479445			26.166734
71000			-2402.723357			23.676522
72000			-2379.958037			21.423296
73000			-2147.161816			19.384503
74000			-1991.598798			17.539736
75000			-2038.994294			15.870530
76000			-1904.331738			14.360177
77000			-1862.595319			12.993561
78000			-1839.829999			11.757001
79000			-1788.608029			10.638121
80000			-1682.369870			9.625722
81000			-1701.340970			8.709670
82000			-1644.427670			7.880796
83000			-1659.604550			7.130803
84000			-1716.517850			6.452185
85000			-1714.620740			5.838150
86000			-1697.546750			5.282550
87000			-1606.485471			4.779825
88000			-1595.102811			4.324943
89000			-1574.234601			3.913350
90000			-1589.411481			3.540928
91000			-1589.411481			3.203948
92000			-1543.880841			2.899038
93000			-1547.675061			2.623145
94000			-1540.086621			2.373508
95000			-1543.880841			2.147628
96000			-1534.395291			1.943244
97000			-1547.675061			1.758311
98000			-1534.395291			1.590978
99000			-1534.395291			1.439569
100000			-1530.601071			1.302570
101000			-1526.806851			1.178608
102000			-1524.909741			1.066443
103000			-1524.909741			0.964953
104000			-1526.806851			0.873121
105000			-1524.909741			0.790029
106000			-1528.703961			0.714844
107000			-1526.806851			0.646814
108000			-1526.806851			0.585259
109000			-1524.909741			0.529561
110000			-1523.012631			0.479165
111000			-1521.115521			0.433564
112000			-1519.218411			0.392303
113000			-1515.424191			0.354969
114000			-1515.424191			0.321187
115000			-1515.424191			0.290621
116000			-1515.424191			0.262963
117000			-1515.424191			0.237938
118000			-1515.424191			0.215294
119000			-1515.424191			0.194805
120000			-1515.424191			0.176266
121000			-1515.424191			0.159491
122000			-1511.629971			0.144313
123000			-1511.629971			0.130579
124000			-1511.629971			0.118152
125000			-1511.629971			0.106908
126000			-1511.629971			0.096734
127000			-1511.629971			0.087528
128000			-1511.629971			0.079198
129000			-1511.629971			0.071661
130000			-1511.629971			0.064841
131000			-1511.629971			0.058671
132000			-1509.732861			0.053087
133000			-1509.732861			0.048035
134000			-1509.732861			0.043464
135000			-1505.938641			0.039327
136000			-1505.938641			0.035585
137000			-1505.938641			0.032198
138000			-1505.938641			0.029134
139000			-1505.938641			0.026361
140000			-1505.938641			0.023853
141000			-1505.938641			0.021583
142000			-1505.938641			0.019529
143000			-1505.938641			0.017670
144000			-1505.938641			0.015989
145000			-1505.938641			0.014467
146000			-1505.938641			0.013090
147000			-1505.938641			0.011844
148000			-1505.938641			0.010717
149000			-1505.938641			0.009697
150000			-1505.938641			0.008774
151000			-1505.938641			0.007939
152000			-1505.938641			0.007184
153000			-1505.938641			0.006500
154000			-1505.938641			0.005882
155000			-1505.938641			0.005322
156000			-1505.938641			0.004815
157000			-1505.938641			0.004357
158000			-1505.938641			0.003942
159000			-1505.938641			0.003567
160000			-1505.938641			0.003228
161000			-1505.938641			0.002921
162000			-1505.938641			0.002643
163000			-1505.938641			0.002391
164000			-1505.938641			0.002164
165000			-1505.938641			0.001958
166000			-1505.938641			0.001771
167000			-1505.938641			0.001603
168000			-1505.938641			0.001450
169000			-1505.938641			0.001312
170000			-1505.938641			0.001187
171000			-1505.938641			0.001074

Maximum likelihood Tree found: -1230.857694
digraph g {
	"111" -> "112";
	"112" [color=green, style=filled, label="18"];
	"110" -> "111";
	"111" [color=green, style=filled, label="38"];
	"108" -> "109";
	"109" [color=green, style=filled, label="36"];
	"107" -> "108";
	"108" [color=green, style=filled, label="43"];
	"107" -> "110";
	"110" [color=green, style=filled, label="15"];
	"105" -> "106";
	"106" [color=green, style=filled, label="18"];
	"105" -> "107";
	"107" [color=green, style=filled, label="19"];
	"102" -> "103";
	"103" [color=green, style=filled, label="41"];
	"101" -> "102";
	"102" [color=green, style=filled, label="13"];
	"96" -> "97";
	"97" [color=green, style=filled, label="6"];
	"95" -> "96";
	"96" [color=green, style=filled, label="17"];
	"92" -> "93";
	"93" [color=indianred1, style=filled, label="35"];
	"93" [label="35"];
	"92" -> "94";
	"94" [color=green, style=filled, label="2"];
	"91" -> "92";
	"92" [label="23"];
	"91" -> "95";
	"95" [color=indianred1, style=filled, label="8"];
	"95" [label="8"];
	"90" -> "91";
	"91" [color=green, style=filled, label="36"];
	"90" -> "98";
	"98" [color=green, style=filled, label="23"];
	"89" -> "90";
	"90" [label="48"];
	"88" -> "89";
	"89" [label="27"];
	"87" -> "88";
	"88" [label="34"];
	"87" -> "99";
	"99" [color=green, style=filled, label="21"];
	"86" -> "87";
	"87" [label="8"];
	"85" -> "86";
	"86" [label="47"];
	"82" -> "83";
	"83" [color=green, style=filled, label="44"];
	"81" -> "82";
	"82" [color=green, style=filled, label="23"];
	"79" -> "80";
	"80" [color=indianred1, style=filled, label="43"];
	"80" [label="43"];
	"79" -> "81";
	"81" [color=green, style=filled, label="34"];
	"78" -> "79";
	"79" [color=indianred1, style=filled, label="39"];
	"79" [label="39"];
	"77" -> "78";
	"78" [label="4"];
	"76" -> "77";
	"77" [label="12"];
	"75" -> "76";
	"76" [label="14"];
	"75" -> "84";
	"84" [color=green, style=filled, label="4"];
	"74" -> "75";
	"75" [color=indianred1, style=filled, label="7"];
	"75" [label="7"];
	"73" -> "74";
	"74" [label="9"];
	"72" -> "73";
	"73" [label="21"];
	"72" -> "85";
	"85" [label="3"];
	"72" -> "100";
	"100" [color=indianred1, style=filled, label="1"];
	"100" [label="1"];
	"72" -> "101";
	"101" [color=indianred1, style=filled, label="16"];
	"101" [label="16"];
	"71" -> "72";
	"72" [label="35"];
	"70" -> "71";
	"71" [label="29"];
	"70" -> "104";
	"104" [color=green, style=filled, label="21"];
	"69" -> "70";
	"70" [label="43"];
	"68" -> "69";
	"69" [color=indianred1, style=filled, label="25"];
	"69" [label="25"];
	"67" -> "68";
	"68" [label="16"];
	"63" -> "64";
	"64" [color=green, style=filled, label="38"];
	"62" -> "63";
	"63" [color=green, style=filled, label="9"];
	"62" -> "65";
	"65" [label="38"];
	"61" -> "62";
	"62" [label="17"];
	"61" -> "66";
	"66" [color=green, style=filled, label="9"];
	"60" -> "61";
	"61" [label="19"];
	"57" -> "58";
	"58" [color=green, style=filled, label="20"];
	"52" -> "53";
	"53" [color=indianred1, style=filled, label="30"];
	"53" [label="30"];
	"52" -> "54";
	"54" [color=indianred1, style=filled, label="46"];
	"54" [label="46"];
	"52" -> "55";
	"55" [color=indianred1, style=filled, label="45"];
	"55" [label="45"];
	"50" -> "51";
	"51" [color=indianred1, style=filled, label="5"];
	"51" [label="5"];
	"48" -> "49";
	"49" [color=green, style=filled, label="40"];
	"47" -> "48";
	"48" [color=indianred1, style=filled, label="18"];
	"48" [label="18"];
	"47" -> "50";
	"50" [color=indianred1, style=filled, label="41"];
	"50" [label="41"];
	"46" -> "47";
	"47" [color=indianred1, style=filled, label="50"];
	"47" [label="50"];
	"46" -> "52";
	"52" [label="40"];
	"46" -> "56";
	"56" [color=green, style=filled, label="43"];
	"45" -> "46";
	"46" [label="41"];
	"45" -> "57";
	"57" [color=green, style=filled, label="4"];
	"44" -> "45";
	"45" [label="30"];
	"43" -> "44";
	"44" [label="6"];
	"42" -> "43";
	"43" [label="46"];
	"42" -> "59";
	"59" [color=green, style=filled, label="9"];
	"41" -> "42";
	"42" [label="18"];
	"41" -> "60";
	"60" [label="24"];
	"39" -> "40";
	"40" [color=green, style=filled, label="15"];
	"37" -> "38";
	"38" [color=green, style=filled, label="29"];
	"35" -> "36";
	"36" [color=green, style=filled, label="4"];
	"35" -> "37";
	"37" [color=green, style=filled, label="3"];
	"34" -> "35";
	"35" [color=green, style=filled, label="46"];
	"34" -> "39";
	"39" [label="36"];
	"32" -> "33";
	"33" [color=green, style=filled, label="6"];
	"26" -> "27";
	"27" [color=green, style=filled, label="32"];
	"24" -> "25";
	"25" [color=green, style=filled, label="30"];
	"23" -> "24";
	"24" [color=green, style=filled, label="20"];
	"20" -> "21";
	"21" [color=indianred1, style=filled, label="33"];
	"21" [label="33"];
	"19" -> "20";
	"20" [label="26"];
	"19" -> "22";
	"22" [color=green, style=filled, label="3"];
	"18" -> "19";
	"19" [label="20"];
	"17" -> "18";
	"18" [label="32"];
	"17" -> "23";
	"23" [color=green, style=filled, label="26"];
	"17" -> "26";
	"26" [color=green, style=filled, label="20"];
	"16" -> "17";
	"17" [label="11"];
	"15" -> "16";
	"16" [label="49"];
	"15" -> "28";
	"28" [color=green, style=filled, label="44"];
	"14" -> "15";
	"15" [label="22"];
	"14" -> "29";
	"29" [color=green, style=filled, label="44"];
	"14" -> "30";
	"30" [color=green, style=filled, label="11"];
	"13" -> "14";
	"14" [label="2"];
	"13" -> "31";
	"31" [label="44"];
	"13" -> "32";
	"32" [color=green, style=filled, label="22"];
	"12" -> "13";
	"13" [label="13"];
	"11" -> "12";
	"12" [label="33"];
	"10" -> "11";
	"11" [label="10"];
	"10" -> "34";
	"34" [color=indianred1, style=filled, label="31"];
	"34" [label="31"];
	"10" -> "41";
	"41" [label="50"];
	"10" -> "67";
	"67" [label="15"];
	"10" -> "105";
	"105" [color=indianred1, style=filled, label="42"];
	"105" [label="42"];
	"10" -> "113";
	"113" [color=indianred1, style=filled, label="37"];
	"113" [label="37"];
	"10" -> "114";
	"114" [color=indianred1, style=filled, label="28"];
	"114" [label="28"];
	"9" -> "10";
	"10" [label="5"];
	"9" -> "115";
	"115" [color=green, style=filled, label="29"];
	"8" -> "9";
	"9" [label="7"];
	"7" -> "8";
	"8" [label="39"];
	"7" -> "116";
	"116" [color=green, style=filled, label="22"];
	"6" -> "7";
	"7" [label="31"];
	"5" -> "6";
	"6" [label="45"];
	"5" -> "117";
	"117" [color=green, style=filled, label="29"];
	"4" -> "5";
	"5" [label="25"];
	"3" -> "4";
	"4" [label="1"];
	"2" -> "3";
	"3" [label="37"];
	"1" -> "2";
	"2" [label="42"];
	"0" -> "1";
	"1" [label="28"];
	"0" [label="germline"];
	labelloc="t";
	label="Confidence score: -1230.857694";
}
Best cell assignment:
64 78 47 63 47 114 77 32 54 49 10 61 28 84 100 8 64 52 65 54 77 72 92 52 65 28 10 47 72 21 47 72 28 53 105 21 114 64 19 53 55 24 47 91 47 8 64 64 21 7 92 34 72 78 54 78 91 78 10 80 50 13 63 55 20 64 105 10 66 21 78 28 47 53 46 46 98 8 105 48 80 113 20 28 69 92 93 93 20 45 29 20 46 54 92 20 78 20 47 28 9 51 64 48 92 105 28 113 62 9 28 9 64 48 92 20 47 52 10 47 29 71 48 47 24 50 19 113 64 114 52 78 64 76 34 91 18 72 91 75 95 66 34 28 64 78 28 92 34 65 78 31 21 64 49 72 47 10 48 24 20 54 80 43 28 84 28 63 55 91 54 52 78 34 53 47 50 20 84 28 100 55 93 64 15 79 52 72 26 19 28 92 47 71 20 44 78 63 101 28 53 92 50 100 64 78 92 31 51 93 52 47 91 101 72 29 29 9 71 72 101 91 77 47 92 76 9 10 13 95 20 113 64 64 92 28 28 64 101 77 28 18 52 19 10 100 98 78 105 5 
alpha: 0.150000
beta: 0.000010
gamma: 1.000000
delta: 0.887000
