Starting SASC.
Iteration: 1
Step			Log-likelihood			Temperature
1			-22627.062917			99900.000000
1000			-21193.187819			36769.542477
2000			-20018.040932			23501.721022
3000			-18038.543045			21265.130236
4000			-23009.801173			19241.389323
5000			-18815.100257			17410.241977
6000			-21887.884861			15753.359626
7000			-21124.387484			14254.157974
8000			-19389.692969			12897.631004
9000			-20231.558256			11670.200782
10000			-20483.545511			10559.581542
11000			-18203.700051			9554.656721
12000			-20739.596691			8645.367688
13000			-21782.898744			7822.613061
14000			-21761.288707			7078.157611
15000			-20676.244395			6404.549832
16000			-17660.642795			5795.047357
17000			-19724.261648			5243.549468
18000			-21646.629359			4744.536038
19000			-18702.440618			4293.012272
20000			-19967.150393			3884.458716
21000			-21975.527283			3514.786020
22000			-20343.745772			3180.294005
23000			-21893.957392			2877.634626
24000			-19409.766523			2603.778466
25000			-19597.703586			2355.984403
26000			-19959.213005			2131.772185
27000			-17859.475659			1928.897594
28000			-16896.377176			1745.329992
29000			-19042.081973			1579.231987
30000			-19336.547476			1428.941048
31000			-17842.958874			1292.952863
32000			-19467.738345			1169.906280
33000			-16549.115128			1058.569685
34000			-18975.759309			957.828671
35000			-13869.785796			866.674888
36000			-16455.974897			784.195947
37000			-16132.176064			709.566288
38000			-14990.863520			642.038917
39000			-15560.984692			580.937931
40000			-12814.063136			525.651749
41000			-12177.478608			475.626993
42000			-14926.728246			430.362949
43000			-12119.028825			389.406552
44000			-11748.092523			352.347857
45000			-11626.398882			318.815931
46000			-13821.138258			288.475142
47000			-12341.934938			261.021797
48000			-10977.335079			236.181108
49000			-10963.161112			213.704435
50000			-9069.320396			193.366803
51000			-7850.194089			174.964643
52000			-9431.700656			158.313765
53000			-9272.548616			143.247502
54000			-9100.970129			129.615051
55000			-8773.699611			117.279962
56000			-6830.850730			106.118767
57000			-8551.635143			96.019751
58000			-7021.549905			86.881830
59000			-6510.846118			78.613537
60000			-5653.745284			71.132114
61000			-5035.196508			64.362677
62000			-4804.523171			58.237467
63000			-4447.866493			52.695176
64000			-4244.171990			47.680328
65000			-4038.032069			43.142730
66000			-4016.615552			39.036961
67000			-4373.723776			35.321926
68000			-3728.706381			31.960441
69000			-3076.106386			28.918858
70000			-2882.407647			26.166734
71000			-2327.941316			23.676522
72000			-2394.243406			21.423296
73000			-1966.399644			19.384503
74000			-2047.910866			17.539736
75000			-1920.804497			15.870530
76000			-1898.039177			14.360177
77000			-1841.125878			12.993561
78000			-1727.396039			11.757001
79000			-1767.138589			10.638121
80000			-1827.813855			9.625722
81000			-1549.486994			8.709670
82000			-1543.795664			7.880796
83000			-1528.618784			7.130803
84000			-1513.441905			6.452185
85000			-1513.441905			5.838150
86000			-1534.310114			5.282550
87000			-1519.133234			4.779825
88000			-1418.586405			4.324943
89000			-1424.277735			3.913350
90000			-1422.380625			3.540928
91000			-1422.380625			3.203948
92000			-1420.483515			2.899038
93000			-1422.380625			2.623145
94000			-1420.483515			2.373508
95000			-1407.203745			2.147628
96000			-1405.306635			1.943244
97000			-1407.203745			1.758311
98000			-1407.203745			1.590978
99000			-1407.203745			1.439569
100000			-1407.203745			1.302570
101000			-1401.512415			1.178608
102000			-1405.306635			1.066443
103000			-1401.512415			0.964953
104000			-1405.306635			0.873121
105000			-1405.306635			0.790029
106000			-1403.409525			0.714844
107000			-1393.923975			0.646814
108000			-1393.923975			0.585259
109000			-1392.026866			0.529561
110000			-1386.335536			0.479165
111000			-1386.335536			0.433564
112000			-1386.335536			0.392303
113000			-1386.335536			0.354969
114000			-1386.335536			0.321187
115000			-1384.438426			0.290621
116000			-1384.438426			0.262963
117000			-1384.438426			0.237938
118000			-1384.438426			0.215294
119000			-1384.438426			0.194805
120000			-1384.438426			0.176266
121000			-1382.541316			0.159491
122000			-1382.541316			0.144313
123000			-1329.422236			0.130579
124000			-1293.377146			0.118152
125000			-1293.377146			0.106908
126000			-1293.377146			0.096734
127000			-1293.377146			0.087528
128000			-1293.377146			0.079198
129000			-1285.788706			0.071661
130000			-1285.788706			0.064841
131000			-1285.788706			0.058671
132000			-1285.788706			0.053087
133000			-1285.788706			0.048035
134000			-1285.788706			0.043464
135000			-1285.788706			0.039327
136000			-1285.788706			0.035585
137000			-1285.788706			0.032198
138000			-1285.788706			0.029134
139000			-1285.788706			0.026361
140000			-1285.788706			0.023853
141000			-1285.788706			0.021583
142000			-1285.788706			0.019529
143000			-1285.788706			0.017670
144000			-1285.788706			0.015989
145000			-1285.788706			0.014467
146000			-1285.788706			0.013090
147000			-1285.788706			0.011844
148000			-1285.788706			0.010717
149000			-1285.788706			0.009697
150000			-1285.788706			0.008774
151000			-1285.788706			0.007939
152000			-1285.788706			0.007184
153000			-1285.788706			0.006500
154000			-1285.788706			0.005882
155000			-1285.788706			0.005322
156000			-1285.788706			0.004815
157000			-1285.788706			0.004357
158000			-1283.891596			0.003942
159000			-1232.669627			0.003567
160000			-1232.669627			0.003228
161000			-1232.669627			0.002921
162000			-1232.669627			0.002643
163000			-1232.669627			0.002391
164000			-1232.669627			0.002164
165000			-1232.669627			0.001958
166000			-1232.669627			0.001771
167000			-1232.669627			0.001603
168000			-1232.669627			0.001450
169000			-1232.669627			0.001312
170000			-1232.669627			0.001187
171000			-1232.669627			0.001074
Iteration: 2
Step			Log-likelihood			Temperature
1			-21784.751923			99900.000000
1000			-18158.776387			36769.542477
2000			-22539.226975			23501.721022
3000			-17887.425152			21265.130236
4000			-20798.105142			19241.389323
5000			-21879.355234			17410.241977
6000			-21474.857353			15753.359626
7000			-21107.105238			14254.157974
8000			-18610.889699			12897.631004
9000			-18590.317609			11670.200782
10000			-18446.840985			10559.581542
11000			-17945.241546			9554.656721
12000			-20695.065906			8645.367688
13000			-19452.458866			7822.613061
14000			-18923.273618			7078.157611
15000			-19688.028877			6404.549832
16000			-20646.186754			5795.047357
17000			-20735.512191			5243.549468
18000			-21107.899894			4744.536038
19000			-17605.949139			4293.012272
20000			-22289.040070			3884.458716
21000			-21555.392077			3514.786020
22000			-17291.228241			3180.294005
23000			-21622.526915			2877.634626
24000			-21779.840513			2603.778466
25000			-21612.642646			2355.984403
26000			-19066.879255			2131.772185
27000			-22783.921910			1928.897594
28000			-18857.481744			1745.329992
29000			-19676.866151			1579.231987
30000			-19318.324042			1428.941048
31000			-17408.036887			1292.952863
32000			-17300.578939			1169.906280
33000			-17453.353431			1058.569685
34000			-14836.613993			957.828671
35000			-16281.821980			866.674888
36000			-14806.321959			784.195947
37000			-16237.420208			709.566288
38000			-15695.937528			642.038917
39000			-15311.275748			580.937931
40000			-13942.949234			525.651749
41000			-14080.139231			475.626993
42000			-15018.971222			430.362949
43000			-13781.615643			389.406552
44000			-12609.600391			352.347857
45000			-12658.403357			318.815931
46000			-11473.398616			288.475142
47000			-11294.102676			261.021797
48000			-10660.033911			236.181108
49000			-10162.636308			213.704435
50000			-9266.690180			193.366803
51000			-9440.696566			174.964643
52000			-8242.283041			158.313765
53000			-8353.599716			143.247502
54000			-7795.441765			129.615051
55000			-7766.920609			117.279962
56000			-6946.251905			106.118767
57000			-5457.252180			96.019751
58000			-5452.044650			86.881830
59000			-5724.996876			78.613537
60000			-5056.929720			71.132114
61000			-5223.552865			64.362677
62000			-3995.102275			58.237467
63000			-4878.478207			52.695176
64000			-4393.430865			47.680328
65000			-3741.115310			43.142730
66000			-3502.885786			39.036961
67000			-3781.857714			35.321926
68000			-3349.252131			31.960441
69000			-3092.406295			28.918858
70000			-2833.308561			26.166734
71000			-2734.658842			23.676522
72000			-2461.378244			21.423296
73000			-2590.381723			19.384503
74000			-2095.913338			17.539736
75000			-2109.773668			15.870530
76000			-1969.355276			14.360177
77000			-1842.248907			12.993561
78000			-1773.952948			11.757001
79000			-1803.086918			10.638121
80000			-1541.898554			9.625722
81000			-1543.795664			8.709670
82000			-1513.441905			7.880796
83000			-1502.059245			7.130803
84000			-1492.573695			6.452185
85000			-1500.162135			5.838150
86000			-1509.647685			5.282550
87000			-1500.162135			4.779825
88000			-1494.470805			4.324943
89000			-1500.162135			3.913350
90000			-1492.573695			3.540928
91000			-1486.882365			3.203948
92000			-1496.367915			2.899038
93000			-1492.573695			2.623145
94000			-1492.573695			2.373508
95000			-1490.676585			2.147628
96000			-1441.351725			1.943244
97000			-1433.763285			1.758311
98000			-1433.763285			1.590978
99000			-1382.541316			1.439569
100000			-1380.644206			1.302570
101000			-1382.541316			1.178608
102000			-1380.644206			1.066443
103000			-1340.804896			0.964953
104000			-1232.669627			0.873121
105000			-1232.669627			0.790029
106000			-1228.875407			0.714844
107000			-1225.081187			0.646814
108000			-1225.081187			0.585259
109000			-1226.978297			0.529561
110000			-1226.978297			0.479165
111000			-1226.978297			0.433564
112000			-1225.081187			0.392303
113000			-1225.081187			0.354969
114000			-1225.081187			0.321187
115000			-1225.081187			0.290621
116000			-1225.081187			0.262963
117000			-1225.081187			0.237938
118000			-1225.081187			0.215294
119000			-1225.081187			0.194805
120000			-1225.081187			0.176266
121000			-1225.081187			0.159491
122000			-1225.081187			0.144313
123000			-1225.081187			0.130579
124000			-1225.081187			0.118152
125000			-1225.081187			0.106908
126000			-1225.081187			0.096734
127000			-1225.081187			0.087528
128000			-1225.081187			0.079198
129000			-1225.081187			0.071661
130000			-1225.081187			0.064841
131000			-1225.081187			0.058671
132000			-1225.081187			0.053087
133000			-1225.081187			0.048035
134000			-1225.081187			0.043464
135000			-1225.081187			0.039327
136000			-1225.081187			0.035585
137000			-1225.081187			0.032198
138000			-1225.081187			0.029134
139000			-1225.081187			0.026361
140000			-1225.081187			0.023853
141000			-1225.081187			0.021583
142000			-1225.081187			0.019529
143000			-1225.081187			0.017670
144000			-1225.081187			0.015989
145000			-1225.081187			0.014467
146000			-1225.081187			0.013090
147000			-1225.081187			0.011844
148000			-1225.081187			0.010717
149000			-1225.081187			0.009697
150000			-1225.081187			0.008774
151000			-1225.081187			0.007939
152000			-1225.081187			0.007184
153000			-1225.081187			0.006500
154000			-1225.081187			0.005882
155000			-1225.081187			0.005322
156000			-1225.081187			0.004815
157000			-1225.081187			0.004357
158000			-1225.081187			0.003942
159000			-1225.081187			0.003567
160000			-1225.081187			0.003228
161000			-1225.081187			0.002921
162000			-1225.081187			0.002643
163000			-1225.081187			0.002391
164000			-1225.081187			0.002164
165000			-1225.081187			0.001958
166000			-1225.081187			0.001771
167000			-1225.081187			0.001603
168000			-1225.081187			0.001450
169000			-1225.081187			0.001312
170000			-1225.081187			0.001187
171000			-1225.081187			0.001074
Iteration: 3
Step			Log-likelihood			Temperature
1			-21824.655739			99900.000000
1000			-17710.624400			36769.542477
2000			-21204.382798			23501.721022
3000			-20035.537274			21265.130236
4000			-20322.968483			19241.389323
5000			-22921.003468			17410.241977
6000			-17696.661471			15753.359626
7000			-22286.453961			14254.157974
8000			-19621.952561			12897.631004
9000			-19524.522631			11670.200782
10000			-18154.471952			10559.581542
11000			-21052.995201			9554.656721
12000			-20199.269293			8645.367688
13000			-21583.133313			7822.613061
14000			-20786.068518			7078.157611
15000			-19995.398787			6404.549832
16000			-19172.718696			5795.047357
17000			-20344.610774			5243.549468
18000			-19675.103894			4744.536038
19000			-21339.508579			4293.012272
20000			-18775.879600			3884.458716
21000			-17481.552054			3514.786020
22000			-20730.976143			3180.294005
23000			-20066.219406			2877.634626
24000			-21838.823867			2603.778466
25000			-21023.996083			2355.984403
26000			-16048.967091			2131.772185
27000			-21012.516663			1928.897594
28000			-15346.546757			1745.329992
29000			-16684.100217			1579.231987
30000			-18778.917256			1428.941048
31000			-18525.352644			1292.952863
32000			-14756.739072			1169.906280
33000			-13349.048152			1058.569685
34000			-12914.706725			957.828671
35000			-18616.205667			866.674888
36000			-15938.069710			784.195947
37000			-15583.439156			709.566288
38000			-17165.277155			642.038917
39000			-14338.037751			580.937931
40000			-12783.128816			525.651749
41000			-12117.178704			475.626993
42000			-15565.514901			430.362949
43000			-11458.937149			389.406552
44000			-12596.030340			352.347857
45000			-11003.495900			318.815931
46000			-11624.264320			288.475142
47000			-12287.472895			261.021797
48000			-10824.613415			236.181108
49000			-11644.563647			213.704435
50000			-11154.818991			193.366803
51000			-10162.662722			174.964643
52000			-8298.589366			158.313765
53000			-9088.936563			143.247502
54000			-9041.057266			129.615051
55000			-8798.716828			117.279962
56000			-7889.238742			106.118767
57000			-7198.142400			96.019751
58000			-6539.238261			86.881830
59000			-6217.122443			78.613537
60000			-5970.272371			71.132114
61000			-4934.456158			64.362677
62000			-5025.807718			58.237467
63000			-4624.652509			52.695176
64000			-3977.937364			47.680328
65000			-4164.396610			43.142730
66000			-3515.455982			39.036961
67000			-3315.200911			35.321926
68000			-3220.313159			31.960441
69000			-2947.742135			28.918858
70000			-2820.829286			26.166734
71000			-2722.631114			23.676522
72000			-2616.360702			21.423296
73000			-2650.444175			19.384503
74000			-2324.979845			17.539736
75000			-2264.207819			15.870530
76000			-2230.253359			14.360177
77000			-2173.372313			12.993561
78000			-2059.384447			11.757001
79000			-2101.056360			10.638121
80000			-2108.644800			9.625722
81000			-2055.525721			8.709670
82000			-1889.063842			7.880796
83000			-1639.354899			7.130803
84000			-1656.428889			6.452185
85000			-1645.046229			5.838150
86000			-1633.663569			5.282550
87000			-1633.663569			4.779825
88000			-1627.972239			4.324943
89000			-1620.416052			3.913350
90000			-1626.075129			3.540928
91000			-1635.560679			3.203948
92000			-1637.457789			2.899038
93000			-1629.869349			2.623145
94000			-1631.766459			2.373508
95000			-1597.682986			2.147628
96000			-1438.777294			1.943244
97000			-1433.085964			1.758311
98000			-1421.703304			1.590978
99000			-1423.600414			1.439569
100000			-1421.703304			1.302570
101000			-1423.600414			1.178608
102000			-1421.703304			1.066443
103000			-1419.806194			0.964953
104000			-1423.600414			0.873121
105000			-1423.600414			0.790029
106000			-1421.703304			0.714844
107000			-1421.703304			0.646814
108000			-1421.703304			0.585259
109000			-1421.703304			0.529561
110000			-1421.703304			0.479165
111000			-1417.909084			0.433564
112000			-1417.909084			0.392303
113000			-1416.011974			0.354969
114000			-1416.011974			0.321187
115000			-1416.011974			0.290621
116000			-1416.011974			0.262963
117000			-1414.114864			0.237938
118000			-1414.114864			0.215294
119000			-1414.114864			0.194805
120000			-1414.114864			0.176266
121000			-1414.114864			0.159491
122000			-1414.114864			0.144313
123000			-1414.114864			0.130579
124000			-1414.114864			0.118152
125000			-1414.114864			0.106908
126000			-1414.114864			0.096734
127000			-1412.217755			0.087528
128000			-1412.217755			0.079198
129000			-1412.217755			0.071661
130000			-1412.217755			0.064841
131000			-1412.217755			0.058671
132000			-1412.217755			0.053087
133000			-1412.217755			0.048035
134000			-1412.217755			0.043464
135000			-1412.217755			0.039327
136000			-1412.217755			0.035585
137000			-1412.217755			0.032198
138000			-1412.217755			0.029134
139000			-1412.217755			0.026361
140000			-1412.217755			0.023853
141000			-1412.217755			0.021583
142000			-1412.217755			0.019529
143000			-1412.217755			0.017670
144000			-1412.217755			0.015989
145000			-1412.217755			0.014467
146000			-1412.217755			0.013090
147000			-1412.217755			0.011844
148000			-1412.217755			0.010717
149000			-1412.217755			0.009697
150000			-1412.217755			0.008774
151000			-1412.217755			0.007939
152000			-1412.217755			0.007184
153000			-1412.217755			0.006500
154000			-1412.217755			0.005882
155000			-1412.217755			0.005322
156000			-1412.217755			0.004815
157000			-1412.217755			0.004357
158000			-1412.217755			0.003942
159000			-1412.217755			0.003567
160000			-1412.217755			0.003228
161000			-1412.217755			0.002921
162000			-1412.217755			0.002643
163000			-1412.217755			0.002391
164000			-1412.217755			0.002164
165000			-1412.217755			0.001958
166000			-1412.217755			0.001771
167000			-1412.217755			0.001603
168000			-1412.217755			0.001450
169000			-1412.217755			0.001312
170000			-1412.217755			0.001187
171000			-1412.217755			0.001074
Iteration: 4
Step			Log-likelihood			Temperature
1			-20891.606000			99900.000000
1000			-20864.225389			36769.542477
2000			-20162.417869			23501.721022
3000			-21296.948308			21265.130236
4000			-20635.282056			19241.389323
5000			-21449.529280			17410.241977
6000			-21089.814372			15753.359626
7000			-20676.212141			14254.157974
8000			-19300.405626			12897.631004
9000			-19071.946093			11670.200782
10000			-18284.437193			10559.581542
11000			-20031.458613			9554.656721
12000			-21687.210497			8645.367688
13000			-21680.287699			7822.613061
14000			-21749.131966			7078.157611
15000			-19642.521593			6404.549832
16000			-20647.594225			5795.047357
17000			-19889.031614			5243.549468
18000			-19655.300045			4744.536038
19000			-20463.510050			4293.012272
20000			-19053.760752			3884.458716
21000			-19281.311351			3514.786020
22000			-22042.169423			3180.294005
23000			-20082.053032			2877.634626
24000			-18083.064932			2603.778466
25000			-15363.233706			2355.984403
26000			-20266.453902			2131.772185
27000			-18903.915478			1928.897594
28000			-18321.702072			1745.329992
29000			-18847.477082			1579.231987
30000			-18077.690297			1428.941048
31000			-18355.533357			1292.952863
32000			-16422.964682			1169.906280
33000			-15712.747652			1058.569685
34000			-16126.021509			957.828671
35000			-18112.374906			866.674888
36000			-16432.409082			784.195947
37000			-15394.033174			709.566288
38000			-15954.143845			642.038917
39000			-12461.303278			580.937931
40000			-15346.945476			525.651749
41000			-13561.389617			475.626993
42000			-12069.149819			430.362949
43000			-10819.133123			389.406552
44000			-14310.542863			352.347857
45000			-11620.341086			318.815931
46000			-13352.534574			288.475142
47000			-11288.610705			261.021797
48000			-10916.422361			236.181108
49000			-11562.621453			213.704435
50000			-12903.291812			193.366803
51000			-9646.390779			174.964643
52000			-8519.551380			158.313765
53000			-8411.158083			143.247502
54000			-11314.293565			129.615051
55000			-9215.107584			117.279962
56000			-9093.537117			106.118767
57000			-7154.675977			96.019751
58000			-6320.560397			86.881830
59000			-6076.026730			78.613537
60000			-5610.789075			71.132114
61000			-5868.886954			64.362677
62000			-5735.966081			58.237467
63000			-5506.125492			52.695176
64000			-4936.740309			47.680328
65000			-4132.242501			43.142730
66000			-4121.408148			39.036961
67000			-3572.729908			35.321926
68000			-3077.428774			31.960441
69000			-3134.890381			28.918858
70000			-2553.058176			26.166734
71000			-2553.058176			23.676522
72000			-2450.614237			21.423296
73000			-2329.199198			19.384503
74000			-2247.526709			17.539736
75000			-2194.439882			15.870530
76000			-2148.973749			14.360177
77000			-2025.661600			12.993561
78000			-2065.500910			11.757001
79000			-1991.513621			10.638121
80000			-1983.925181			9.625722
81000			-2004.793391			8.709670
82000			-1454.631495			7.880796
83000			-1393.923975			7.130803
84000			-1291.480036			6.452185
85000			-1291.480036			5.838150
86000			-1293.377146			5.282550
87000			-1291.480036			4.779825
88000			-1268.714716			4.324943
89000			-1259.229167			3.913350
90000			-1276.303156			3.540928
91000			-1276.303156			3.203948
92000			-1264.920497			2.899038
93000			-1255.434947			2.623145
94000			-1257.332057			2.373508
95000			-1253.537837			2.147628
96000			-1253.537837			1.943244
97000			-1253.537837			1.758311
98000			-1251.640727			1.590978
99000			-1251.640727			1.439569
100000			-1251.640727			1.302570
101000			-1253.537837			1.178608
102000			-1251.640727			1.066443
103000			-1251.640727			0.964953
104000			-1251.640727			0.873121
105000			-1251.640727			0.790029
106000			-1251.640727			0.714844
107000			-1249.743617			0.646814
108000			-1249.743617			0.585259
109000			-1249.743617			0.529561
110000			-1249.743617			0.479165
111000			-1249.743617			0.433564
112000			-1249.743617			0.392303
113000			-1249.743617			0.354969
114000			-1249.743617			0.321187
115000			-1249.743617			0.290621
116000			-1249.743617			0.262963
117000			-1247.846507			0.237938
118000			-1245.949397			0.215294
119000			-1245.949397			0.194805
120000			-1245.949397			0.176266
121000			-1245.949397			0.159491
122000			-1245.949397			0.144313
123000			-1244.052287			0.130579
124000			-1244.052287			0.118152
125000			-1244.052287			0.106908
126000			-1244.052287			0.096734
127000			-1244.052287			0.087528
128000			-1244.052287			0.079198
129000			-1244.052287			0.071661
130000			-1244.052287			0.064841
131000			-1244.052287			0.058671
132000			-1244.052287			0.053087
133000			-1244.052287			0.048035
134000			-1244.052287			0.043464
135000			-1244.052287			0.039327
136000			-1244.052287			0.035585
137000			-1244.052287			0.032198
138000			-1244.052287			0.029134
139000			-1244.052287			0.026361
140000			-1244.052287			0.023853
141000			-1244.052287			0.021583
142000			-1244.052287			0.019529
143000			-1244.052287			0.017670
144000			-1244.052287			0.015989
145000			-1244.052287			0.014467
146000			-1244.052287			0.013090
147000			-1244.052287			0.011844
148000			-1244.052287			0.010717
149000			-1244.052287			0.009697
150000			-1244.052287			0.008774
151000			-1244.052287			0.007939
152000			-1244.052287			0.007184
153000			-1244.052287			0.006500
154000			-1244.052287			0.005882
155000			-1244.052287			0.005322
156000			-1244.052287			0.004815
157000			-1244.052287			0.004357
158000			-1244.052287			0.003942
159000			-1244.052287			0.003567
160000			-1244.052287			0.003228
161000			-1244.052287			0.002921
162000			-1244.052287			0.002643
163000			-1244.052287			0.002391
164000			-1244.052287			0.002164
165000			-1244.052287			0.001958
166000			-1244.052287			0.001771
167000			-1244.052287			0.001603
168000			-1244.052287			0.001450
169000			-1244.052287			0.001312
170000			-1244.052287			0.001187
171000			-1244.052287			0.001074
Iteration: 5
Step			Log-likelihood			Temperature
1			-21845.459442			99900.000000
1000			-21764.223764			36769.542477
2000			-20394.677461			23501.721022
3000			-20546.924221			21265.130236
4000			-20183.684798			19241.389323
5000			-21434.540081			17410.241977
6000			-21621.832077			15753.359626
7000			-18731.369390			14254.157974
8000			-20295.505849			12897.631004
9000			-16951.636657			11670.200782
10000			-20576.477486			10559.581542
11000			-20626.597001			9554.656721
12000			-20395.768236			8645.367688
13000			-20513.136868			7822.613061
14000			-19889.703096			7078.157611
15000			-18215.109126			6404.549832
16000			-20229.080585			5795.047357
17000			-18790.294077			5243.549468
18000			-19191.921409			4744.536038
19000			-20181.969530			4293.012272
20000			-22148.099785			3884.458716
21000			-20962.552575			3514.786020
22000			-20809.918774			3180.294005
23000			-18973.050025			2877.634626
24000			-21022.040305			2603.778466
25000			-18021.750438			2355.984403
26000			-15309.965038			2131.772185
27000			-19822.512648			1928.897594
28000			-20221.832196			1745.329992
29000			-20384.159803			1579.231987
30000			-17063.419615			1428.941048
31000			-18850.215838			1292.952863
32000			-19877.443756			1169.906280
33000			-15103.411662			1058.569685
34000			-14302.543749			957.828671
35000			-14930.279175			866.674888
36000			-15283.082965			784.195947
37000			-18045.589016			709.566288
38000			-15407.738077			642.038917
39000			-13547.420849			580.937931
40000			-14882.373464			525.651749
41000			-14440.153317			475.626993
42000			-13799.554635			430.362949
43000			-16664.290530			389.406552
44000			-13437.095131			352.347857
45000			-14176.226198			318.815931
46000			-13591.133344			288.475142
47000			-11492.196770			261.021797
48000			-10286.265151			236.181108
49000			-12217.704958			213.704435
50000			-9955.742881			193.366803
51000			-8958.648788			174.964643
52000			-9689.352827			158.313765
53000			-11190.626629			143.247502
54000			-8163.926810			129.615051
55000			-8112.065612			117.279962
56000			-8665.705033			106.118767
57000			-8370.905319			96.019751
58000			-7332.030875			86.881830
59000			-7576.699395			78.613537
60000			-5614.841322			71.132114
61000			-4918.446530			64.362677
62000			-4965.912372			58.237467
63000			-4356.972320			52.695176
64000			-4277.158848			47.680328
65000			-3652.053740			43.142730
66000			-3391.445937			39.036961
67000			-2876.206102			35.321926
68000			-2714.629220			31.960441
69000			-2522.027096			28.918858
70000			-2493.570446			26.166734
71000			-2377.846737			23.676522
72000			-2408.200497			21.423296
73000			-2269.711468			19.384503
74000			-2258.328808			17.539736
75000			-2252.637478			15.870530
76000			-2218.457245			14.360177
77000			-2313.312744			12.993561
78000			-2104.017831			11.757001
79000			-1885.850183			10.638121
80000			-1889.644403			9.625722
81000			-1899.129953			8.709670
82000			-1891.541513			7.880796
83000			-1876.364633			7.130803
84000			-1840.319544			6.452185
85000			-1781.670401			5.838150
86000			-1720.962881			5.282550
87000			-1715.303805			4.779825
88000			-1573.472103			4.324943
89000			-1573.472103			3.913350
90000			-1573.472103			3.540928
91000			-1573.472103			3.203948
92000			-1582.957653			2.899038
93000			-1577.266323			2.623145
94000			-1569.677883			2.373508
95000			-1560.192333			2.147628
96000			-1562.089443			1.943244
97000			-1562.089443			1.758311
98000			-1560.192333			1.590978
99000			-1552.603893			1.439569
100000			-1554.501003			1.302570
101000			-1543.118343			1.178608
102000			-1545.015453			1.066443
103000			-1543.118343			0.964953
104000			-1539.324123			0.873121
105000			-1539.324123			0.790029
106000			-1541.221233			0.714844
107000			-1543.118343			0.646814
108000			-1541.221233			0.585259
109000			-1541.221233			0.529561
110000			-1539.324123			0.479165
111000			-1537.427013			0.433564
112000			-1537.427013			0.392303
113000			-1482.410824			0.354969
114000			-1482.410824			0.321187
115000			-1480.513714			0.290621
116000			-1480.513714			0.262963
117000			-1478.616604			0.237938
118000			-1478.616604			0.215294
119000			-1478.616604			0.194805
120000			-1478.616604			0.176266
121000			-1478.616604			0.159491
122000			-1474.822384			0.144313
123000			-1474.822384			0.130579
124000			-1474.822384			0.118152
125000			-1409.100855			0.106908
126000			-1409.100855			0.096734
127000			-1409.100855			0.087528
128000			-1409.100855			0.079198
129000			-1409.100855			0.071661
130000			-1409.100855			0.064841
131000			-1407.203745			0.058671
132000			-1407.203745			0.053087
133000			-1407.203745			0.048035
134000			-1407.203745			0.043464
135000			-1407.203745			0.039327
136000			-1407.203745			0.035585
137000			-1407.203745			0.032198
138000			-1407.203745			0.029134
139000			-1407.203745			0.026361
140000			-1407.203745			0.023853
141000			-1407.203745			0.021583
142000			-1407.203745			0.019529
143000			-1407.203745			0.017670
144000			-1407.203745			0.015989
145000			-1407.203745			0.014467
146000			-1407.203745			0.013090
147000			-1407.203745			0.011844
148000			-1407.203745			0.010717
149000			-1407.203745			0.009697
150000			-1407.203745			0.008774
151000			-1407.203745			0.007939
152000			-1407.203745			0.007184
153000			-1407.203745			0.006500
154000			-1407.203745			0.005882
155000			-1407.203745			0.005322
156000			-1407.203745			0.004815
157000			-1407.203745			0.004357
158000			-1321.833796			0.003942
159000			-1281.994486			0.003567
160000			-1281.994486			0.003228
161000			-1281.994486			0.002921
162000			-1281.994486			0.002643
163000			-1281.994486			0.002391
164000			-1281.994486			0.002164
165000			-1281.994486			0.001958
166000			-1281.994486			0.001771
167000			-1281.994486			0.001603
168000			-1281.994486			0.001450
169000			-1281.994486			0.001312
170000			-1281.994486			0.001187
171000			-1281.994486			0.001074
Iteration: 6
Step			Log-likelihood			Temperature
1			-22138.414875			99900.000000
1000			-20350.264011			36769.542477
2000			-21994.562889			23501.721022
3000			-21382.576284			21265.130236
4000			-19181.737963			19241.389323
5000			-17456.127221			17410.241977
6000			-20849.479481			15753.359626
7000			-21264.342651			14254.157974
8000			-19651.016186			12897.631004
9000			-18959.260040			11670.200782
10000			-20131.333960			10559.581542
11000			-20077.156358			9554.656721
12000			-22166.824536			8645.367688
13000			-19920.986364			7822.613061
14000			-18069.955327			7078.157611
15000			-20099.992024			6404.549832
16000			-20376.791298			5795.047357
17000			-19139.473811			5243.549468
18000			-19251.661327			4744.536038
19000			-20613.839125			4293.012272
20000			-20767.531448			3884.458716
21000			-19101.355608			3514.786020
22000			-20450.705183			3180.294005
23000			-20300.912737			2877.634626
24000			-22051.611041			2603.778466
25000			-19566.302982			2355.984403
26000			-19605.201105			2131.772185
27000			-17474.007545			1928.897594
28000			-19016.967996			1745.329992
29000			-16020.240736			1579.231987
30000			-18128.191014			1428.941048
31000			-20227.060300			1292.952863
32000			-18520.479326			1169.906280
33000			-14840.012552			1058.569685
34000			-18391.185567			957.828671
35000			-14621.147008			866.674888
36000			-13621.768764			784.195947
37000			-16896.635203			709.566288
38000			-17322.537924			642.038917
39000			-16741.303797			580.937931
40000			-13718.151850			525.651749
41000			-13122.737917			475.626993
42000			-14478.913529			430.362949
43000			-13137.055634			389.406552
44000			-10904.904849			352.347857
45000			-11910.610592			318.815931
46000			-12907.672432			288.475142
47000			-10131.546559			261.021797
48000			-11363.533342			236.181108
49000			-12165.403891			213.704435
50000			-9551.837238			193.366803
51000			-8822.185883			174.964643
52000			-9546.928887			158.313765
53000			-9272.369832			143.247502
54000			-9000.030421			129.615051
55000			-7858.755969			117.279962
56000			-7316.440540			106.118767
57000			-6651.619297			96.019751
58000			-6738.725089			86.881830
59000			-6230.015172			78.613537
60000			-5755.130701			71.132114
61000			-5526.064193			64.362677
62000			-4919.317371			58.237467
63000			-4890.602694			52.695176
64000			-4269.608501			47.680328
65000			-4458.287391			43.142730
66000			-3517.584705			39.036961
67000			-3021.541743			35.321926
68000			-2467.107666			31.960441
69000			-2558.749506			28.918858
70000			-1841.641932			26.166734
71000			-1801.802622			23.676522
72000			-1983.925181			21.423296
73000			-2059.777327			19.384503
74000			-2164.150629			17.539736
75000			-1870.098582			15.870530
76000			-1718.329783			14.360177
77000			-1631.062724			12.993561
78000			-1560.869654			11.757001
79000			-1521.030344			10.638121
80000			-1519.133234			9.625722
81000			-1426.174845			8.709670
82000			-1428.071955			7.880796
83000			-1426.174845			7.130803
84000			-1435.660395			6.452185
85000			-1447.043055			5.838150
86000			-1435.660395			5.282550
87000			-1431.866175			4.779825
88000			-1390.129756			4.324943
89000			-1374.952876			3.913350
90000			-1384.438426			3.540928
91000			-1338.907786			3.203948
92000			-1327.525126			2.899038
93000			-1331.319346			2.623145
94000			-1331.319346			2.373508
95000			-1331.319346			2.147628
96000			-1331.319346			1.943244
97000			-1327.525126			1.758311
98000			-1319.936686			1.590978
99000			-1319.936686			1.439569
100000			-1318.039576			1.302570
101000			-1316.142466			1.178608
102000			-1310.451136			1.066443
103000			-1306.656916			0.964953
104000			-1308.554026			0.873121
105000			-1312.348246			0.790029
106000			-1306.656916			0.714844
107000			-1251.640727			0.646814
108000			-1245.949397			0.585259
109000			-1244.052287			0.529561
110000			-1244.052287			0.479165
111000			-1244.052287			0.433564
112000			-1242.155177			0.392303
113000			-1236.463847			0.354969
114000			-1236.463847			0.321187
115000			-1236.463847			0.290621
116000			-1236.463847			0.262963
117000			-1236.463847			0.237938
118000			-1236.463847			0.215294
119000			-1236.463847			0.194805
120000			-1236.463847			0.176266
121000			-1234.566737			0.159491
122000			-1234.566737			0.144313
123000			-1234.566737			0.130579
124000			-1234.566737			0.118152
125000			-1234.566737			0.106908
126000			-1234.566737			0.096734
127000			-1232.669627			0.087528
128000			-1232.669627			0.079198
129000			-1232.669627			0.071661
130000			-1232.669627			0.064841
131000			-1232.669627			0.058671
132000			-1232.669627			0.053087
133000			-1232.669627			0.048035
134000			-1232.669627			0.043464
135000			-1232.669627			0.039327
136000			-1232.669627			0.035585
137000			-1232.669627			0.032198
138000			-1232.669627			0.029134
139000			-1232.669627			0.026361
140000			-1232.669627			0.023853
141000			-1232.669627			0.021583
142000			-1232.669627			0.019529
143000			-1232.669627			0.017670
144000			-1232.669627			0.015989
145000			-1232.669627			0.014467
146000			-1232.669627			0.013090
147000			-1232.669627			0.011844
148000			-1232.669627			0.010717
149000			-1232.669627			0.009697
150000			-1232.669627			0.008774
151000			-1232.669627			0.007939
152000			-1232.669627			0.007184
153000			-1232.669627			0.006500
154000			-1232.669627			0.005882
155000			-1232.669627			0.005322
156000			-1232.669627			0.004815
157000			-1232.669627			0.004357
158000			-1232.669627			0.003942
159000			-1232.669627			0.003567
160000			-1232.669627			0.003228
161000			-1232.669627			0.002921
162000			-1232.669627			0.002643
163000			-1232.669627			0.002391
164000			-1232.669627			0.002164
165000			-1232.669627			0.001958
166000			-1232.669627			0.001771
167000			-1232.669627			0.001603
168000			-1232.669627			0.001450
169000			-1232.669627			0.001312
170000			-1232.669627			0.001187
171000			-1232.669627			0.001074
Iteration: 7
Step			Log-likelihood			Temperature
1			-22361.854560			99900.000000
1000			-18277.095102			36769.542477
2000			-20510.846878			23501.721022
3000			-19513.134132			21265.130236
4000			-17623.298673			19241.389323
5000			-21811.581168			17410.241977
6000			-18559.916859			15753.359626
7000			-22686.002340			14254.157974
8000			-20209.115469			12897.631004
9000			-21023.098827			11670.200782
10000			-21603.060336			10559.581542
11000			-22203.159906			9554.656721
12000			-19835.815774			8645.367688
13000			-17465.155385			7822.613061
14000			-21247.016473			7078.157611
15000			-17341.321343			6404.549832
16000			-20150.982381			5795.047357
17000			-21834.416833			5243.549468
18000			-23017.363198			4744.536038
19000			-18656.704780			4293.012272
20000			-19347.135479			3884.458716
21000			-20091.726263			3514.786020
22000			-20454.443793			3180.294005
23000			-17573.361000			2877.634626
24000			-16134.363455			2603.778466
25000			-20687.289785			2355.984403
26000			-19146.810063			2131.772185
27000			-20230.203614			1928.897594
28000			-18543.077540			1745.329992
29000			-20628.177417			1579.231987
30000			-16764.186452			1428.941048
31000			-20245.025707			1292.952863
32000			-17658.854123			1169.906280
33000			-19186.778386			1058.569685
34000			-18077.496777			957.828671
35000			-17209.476509			866.674888
36000			-14635.942686			784.195947
37000			-16372.994755			709.566288
38000			-14428.357202			642.038917
39000			-15121.324240			580.937931
40000			-13915.102340			525.651749
41000			-15159.647641			475.626993
42000			-14068.099826			430.362949
43000			-12140.483434			389.406552
44000			-12565.585659			352.347857
45000			-13572.396915			318.815931
46000			-13243.578235			288.475142
47000			-11570.344745			261.021797
48000			-9763.577568			236.181108
49000			-11399.018447			213.704435
50000			-9330.584944			193.366803
51000			-11844.742533			174.964643
52000			-9620.405961			158.313765
53000			-8515.988772			143.247502
54000			-8633.888194			129.615051
55000			-7571.673708			117.279962
56000			-7639.292347			106.118767
57000			-7531.227423			96.019751
58000			-6202.139083			86.881830
59000			-4898.927123			78.613537
60000			-5515.004067			71.132114
61000			-5633.973689			64.362677
62000			-5140.408398			58.237467
63000			-4296.103534			52.695176
64000			-4361.954076			47.680328
65000			-3972.117020			43.142730
66000			-3584.048061			39.036961
67000			-3351.316347			35.321926
68000			-3275.851241			31.960441
69000			-3141.866007			28.918858
70000			-2948.231775			26.166734
71000			-2626.368145			23.676522
72000			-2554.277965			21.423296
73000			-2462.507112			19.384503
74000			-2447.362485			17.539736
75000			-2464.500982			15.870530
76000			-2388.777849			14.360177
77000			-2348.938540			12.993561
78000			-2181.992861			11.757001
79000			-2064.339789			10.638121
80000			-1852.347271			9.625722
81000			-1682.123426			8.709670
82000			-1558.811277			7.880796
83000			-1496.206648			7.130803
84000			-1446.881788			6.452185
85000			-1439.293348			5.838150
86000			-1435.499128			5.282550
87000			-1418.425138			4.779825
88000			-1431.704908			4.324943
89000			-1427.910688			3.913350
90000			-1424.116468			3.540928
91000			-1420.322248			3.203948
92000			-1422.219358			2.899038
93000			-1405.145369			2.623145
94000			-1416.528028			2.373508
95000			-1416.528028			2.147628
96000			-1355.820509			1.943244
97000			-1312.186979			1.758311
98000			-1310.289869			1.590978
99000			-1315.981199			1.439569
100000			-1302.701429			1.302570
101000			-1247.846507			1.178608
102000			-1247.846507			1.066443
103000			-1247.846507			0.964953
104000			-1245.949397			0.873121
105000			-1245.949397			0.790029
106000			-1242.155177			0.714844
107000			-1244.052287			0.646814
108000			-1242.155177			0.585259
109000			-1238.360957			0.529561
110000			-1238.360957			0.479165
111000			-1238.360957			0.433564
112000			-1238.360957			0.392303
113000			-1236.463847			0.354969
114000			-1236.463847			0.321187
115000			-1236.463847			0.290621
116000			-1236.463847			0.262963
117000			-1236.463847			0.237938
118000			-1236.463847			0.215294
119000			-1236.463847			0.194805
120000			-1236.463847			0.176266
121000			-1236.463847			0.159491
122000			-1236.463847			0.144313
123000			-1236.463847			0.130579
124000			-1236.463847			0.118152
125000			-1236.463847			0.106908
126000			-1236.463847			0.096734
127000			-1236.463847			0.087528
128000			-1236.463847			0.079198
129000			-1236.463847			0.071661
130000			-1236.463847			0.064841
131000			-1236.463847			0.058671
132000			-1236.463847			0.053087
133000			-1236.463847			0.048035
134000			-1236.463847			0.043464
135000			-1236.463847			0.039327
136000			-1236.463847			0.035585
137000			-1236.463847			0.032198
138000			-1236.463847			0.029134
139000			-1236.463847			0.026361
140000			-1236.463847			0.023853
141000			-1236.463847			0.021583
142000			-1236.463847			0.019529
143000			-1236.463847			0.017670
144000			-1236.463847			0.015989
145000			-1236.463847			0.014467
146000			-1236.463847			0.013090
147000			-1236.463847			0.011844
148000			-1236.463847			0.010717
149000			-1236.463847			0.009697
150000			-1236.463847			0.008774
151000			-1236.463847			0.007939
152000			-1236.463847			0.007184
153000			-1236.463847			0.006500
154000			-1236.463847			0.005882
155000			-1236.463847			0.005322
156000			-1236.463847			0.004815
157000			-1236.463847			0.004357
158000			-1236.463847			0.003942
159000			-1236.463847			0.003567
160000			-1236.463847			0.003228
161000			-1236.463847			0.002921
162000			-1236.463847			0.002643
163000			-1236.463847			0.002391
164000			-1236.463847			0.002164
165000			-1236.463847			0.001958
166000			-1236.463847			0.001771
167000			-1236.463847			0.001603
168000			-1236.463847			0.001450
169000			-1236.463847			0.001312
170000			-1236.463847			0.001187
171000			-1236.463847			0.001074
Iteration: 8
Step			Log-likelihood			Temperature
1			-21016.589485			99900.000000
1000			-21215.469339			36769.542477
2000			-21710.802726			23501.721022
3000			-20660.284537			21265.130236
4000			-21002.585405			19241.389323
5000			-19405.031116			17410.241977
6000			-20029.212555			15753.359626
7000			-14768.983676			14254.157974
8000			-20244.908371			12897.631004
9000			-18340.737679			11670.200782
10000			-21791.519292			10559.581542
11000			-23159.323913			9554.656721
12000			-20363.259340			8645.367688
13000			-22444.784931			7822.613061
14000			-20504.613080			7078.157611
15000			-20103.135337			6404.549832
16000			-20614.214487			5795.047357
17000			-21219.295812			5243.549468
18000			-21829.127280			4744.536038
19000			-19212.112298			4293.012272
20000			-22630.256001			3884.458716
21000			-20688.928868			3514.786020
22000			-17439.880141			3180.294005
23000			-19475.590651			2877.634626
24000			-22382.804793			2603.778466
25000			-16591.877817			2355.984403
26000			-16820.563123			2131.772185
27000			-21376.917208			1928.897594
28000			-20369.053269			1745.329992
29000			-14151.648850			1579.231987
30000			-15852.107522			1428.941048
31000			-18888.240061			1292.952863
32000			-16839.437463			1169.906280
33000			-12521.263131			1058.569685
34000			-13873.890872			957.828671
35000			-16759.893696			866.674888
36000			-19275.065875			784.195947
37000			-14296.365838			709.566288
38000			-13286.508029			642.038917
39000			-15800.466258			580.937931
40000			-13640.816049			525.651749
41000			-13611.940105			475.626993
42000			-12311.545866			430.362949
43000			-13315.430962			389.406552
44000			-13339.744444			352.347857
45000			-11795.062886			318.815931
46000			-11454.260410			288.475142
47000			-11143.360146			261.021797
48000			-9902.946335			236.181108
49000			-11308.279701			213.704435
50000			-10394.110140			193.366803
51000			-11823.293762			174.964643
52000			-10469.930033			158.313765
53000			-8767.949613			143.247502
54000			-8429.753821			129.615051
55000			-7174.221798			117.279962
56000			-7952.482600			106.118767
57000			-9759.894844			96.019751
58000			-7844.062890			86.881830
59000			-6469.056869			78.613537
60000			-6767.859060			71.132114
61000			-6059.436540			64.362677
62000			-5363.977096			58.237467
63000			-5380.373765			52.695176
64000			-5042.306986			47.680328
65000			-4379.576373			43.142730
66000			-3942.725023			39.036961
67000			-2572.087944			35.321926
68000			-2468.940269			31.960441
69000			-2448.072060			28.918858
70000			-2426.687796			26.166734
71000			-2165.402672			23.676522
72000			-2114.180702			21.423296
73000			-1949.615934			19.384503
74000			-1955.307264			17.539736
75000			-1839.583555			15.870530
76000			-1839.583555			14.360177
77000			-1830.098005			12.993561
78000			-1837.654192			11.757001
79000			-1672.863650			10.638121
80000			-1657.719024			9.625722
81000			-1525.308365			8.709670
82000			-1521.514145			7.880796
83000			-1464.600846			7.130803
84000			-1479.777725			6.452185
85000			-1367.848236			5.838150
86000			-1360.259796			5.282550
87000			-1365.951126			4.779825
88000			-1371.642456			4.324943
89000			-1373.539566			3.913350
90000			-1375.436676			3.540928
91000			-1362.156906			3.203948
92000			-1373.539566			2.899038
93000			-1377.333786			2.623145
94000			-1371.642456			2.373508
95000			-1362.156906			2.147628
96000			-1365.951126			1.943244
97000			-1362.156906			1.758311
98000			-1352.671356			1.590978
99000			-1350.774246			1.439569
100000			-1350.774246			1.302570
101000			-1348.877136			1.178608
102000			-1348.877136			1.066443
103000			-1348.877136			0.964953
104000			-1346.980026			0.873121
105000			-1346.980026			0.790029
106000			-1339.391587			0.714844
107000			-1339.391587			0.646814
108000			-1291.963837			0.585259
109000			-1291.963837			0.529561
110000			-1291.963837			0.479165
111000			-1291.963837			0.433564
112000			-1291.963837			0.392303
113000			-1291.963837			0.354969
114000			-1291.963837			0.321187
115000			-1290.066727			0.290621
116000			-1290.066727			0.262963
117000			-1290.066727			0.237938
118000			-1290.066727			0.215294
119000			-1290.066727			0.194805
120000			-1290.066727			0.176266
121000			-1290.066727			0.159491
122000			-1290.066727			0.144313
123000			-1290.066727			0.130579
124000			-1288.169617			0.118152
125000			-1288.169617			0.106908
126000			-1288.169617			0.096734
127000			-1288.169617			0.087528
128000			-1288.169617			0.079198
129000			-1288.169617			0.071661
130000			-1288.169617			0.064841
131000			-1288.169617			0.058671
132000			-1288.169617			0.053087
133000			-1288.169617			0.048035
134000			-1288.169617			0.043464
135000			-1288.169617			0.039327
136000			-1288.169617			0.035585
137000			-1288.169617			0.032198
138000			-1288.169617			0.029134
139000			-1288.169617			0.026361
140000			-1288.169617			0.023853
141000			-1288.169617			0.021583
142000			-1288.169617			0.019529
143000			-1288.169617			0.017670
144000			-1288.169617			0.015989
145000			-1288.169617			0.014467
146000			-1288.169617			0.013090
147000			-1288.169617			0.011844
148000			-1288.169617			0.010717
149000			-1288.169617			0.009697
150000			-1288.169617			0.008774
151000			-1288.169617			0.007939
152000			-1288.169617			0.007184
153000			-1288.169617			0.006500
154000			-1288.169617			0.005882
155000			-1288.169617			0.005322
156000			-1288.169617			0.004815
157000			-1288.169617			0.004357
158000			-1288.169617			0.003942
159000			-1288.169617			0.003567
160000			-1288.169617			0.003228
161000			-1288.169617			0.002921
162000			-1288.169617			0.002643
163000			-1288.169617			0.002391
164000			-1288.169617			0.002164
165000			-1288.169617			0.001958
166000			-1288.169617			0.001771
167000			-1288.169617			0.001603
168000			-1288.169617			0.001450
169000			-1288.169617			0.001312
170000			-1288.169617			0.001187
171000			-1288.169617			0.001074
Iteration: 9
Step			Log-likelihood			Temperature
1			-21907.806045			99900.000000
1000			-19869.565036			36769.542477
2000			-20103.490124			23501.721022
3000			-20124.648615			21265.130236
4000			-17164.998552			19241.389323
5000			-20769.718838			17410.241977
6000			-21499.730820			15753.359626
7000			-20573.741788			14254.157974
8000			-21095.323859			12897.631004
9000			-19247.518159			11670.200782
10000			-21031.649029			10559.581542
11000			-17011.649338			9554.656721
12000			-18705.545839			8645.367688
13000			-19772.217129			7822.613061
14000			-17597.340270			7078.157611
15000			-18932.970206			6404.549832
16000			-22070.737569			5795.047357
17000			-20013.601645			5243.549468
18000			-19498.312039			4744.536038
19000			-19099.608087			4293.012272
20000			-17803.506605			3884.458716
21000			-19697.578933			3514.786020
22000			-19307.961812			3180.294005
23000			-19841.721200			2877.634626
24000			-19362.494201			2603.778466
25000			-21438.656835			2355.984403
26000			-19405.262729			2131.772185
27000			-20278.540297			1928.897594
28000			-18627.001927			1745.329992
29000			-16702.006956			1579.231987
30000			-19041.938223			1428.941048
31000			-19713.787921			1292.952863
32000			-19926.311229			1169.906280
33000			-14815.484975			1058.569685
34000			-17948.707393			957.828671
35000			-14155.932709			866.674888
36000			-15790.971811			784.195947
37000			-18823.782253			709.566288
38000			-13247.938279			642.038917
39000			-13862.578558			580.937931
40000			-12010.887716			525.651749
41000			-13105.998139			475.626993
42000			-13476.761496			430.362949
43000			-13677.693887			389.406552
44000			-12483.353185			352.347857
45000			-12199.490422			318.815931
46000			-13007.697368			288.475142
47000			-11916.967565			261.021797
48000			-11964.357222			236.181108
49000			-11726.347633			213.704435
50000			-9561.703990			193.366803
51000			-9425.751299			174.964643
52000			-9725.913971			158.313765
53000			-8939.709942			143.247502
54000			-8989.679869			129.615051
55000			-8167.140470			117.279962
56000			-8006.079641			106.118767
57000			-7360.461110			96.019751
58000			-6432.683407			86.881830
59000			-6389.340157			78.613537
60000			-6264.582446			71.132114
61000			-5592.011495			64.362677
62000			-5569.439696			58.237467
63000			-5018.251531			52.695176
64000			-4332.723345			47.680328
65000			-3919.540409			43.142730
66000			-3019.225339			39.036961
67000			-3500.123674			35.321926
68000			-3158.772891			31.960441
69000			-3277.807019			28.918858
70000			-2709.609371			26.166734
71000			-2412.795212			23.676522
72000			-2541.669677			21.423296
73000			-2113.632395			19.384503
74000			-1994.146719			17.539736
75000			-2020.706259			15.870530
76000			-1842.700454			14.360177
77000			-1950.642203			12.993561
78000			-1804.596988			11.757001
79000			-1549.067700			10.638121
80000			-1393.923975			9.625722
81000			-1327.525126			8.709670
82000			-1327.525126			7.880796
83000			-1323.730906			7.130803
84000			-1283.891596			6.452185
85000			-1283.891596			5.838150
86000			-1276.303156			5.282550
87000			-1272.508936			4.779825
88000			-1274.406046			4.324943
89000			-1268.714716			3.913350
90000			-1278.200266			3.540928
91000			-1264.920497			3.203948
92000			-1264.920497			2.899038
93000			-1257.332057			2.623145
94000			-1255.434947			2.373508
95000			-1255.434947			2.147628
96000			-1257.332057			1.943244
97000			-1257.332057			1.758311
98000			-1253.537837			1.590978
99000			-1249.743617			1.439569
100000			-1245.949397			1.302570
101000			-1245.949397			1.178608
102000			-1245.949397			1.066443
103000			-1245.949397			0.964953
104000			-1242.155177			0.873121
105000			-1244.052287			0.790029
106000			-1242.155177			0.714844
107000			-1242.155177			0.646814
108000			-1242.155177			0.585259
109000			-1236.463847			0.529561
110000			-1236.463847			0.479165
111000			-1236.463847			0.433564
112000			-1236.463847			0.392303
113000			-1236.463847			0.354969
114000			-1236.463847			0.321187
115000			-1236.463847			0.290621
116000			-1236.463847			0.262963
117000			-1236.463847			0.237938
118000			-1236.463847			0.215294
119000			-1234.566737			0.194805
120000			-1234.566737			0.176266
121000			-1234.566737			0.159491
122000			-1232.669627			0.144313
123000			-1232.669627			0.130579
124000			-1232.669627			0.118152
125000			-1232.669627			0.106908
126000			-1232.669627			0.096734
127000			-1232.669627			0.087528
128000			-1232.669627			0.079198
129000			-1232.669627			0.071661
130000			-1232.669627			0.064841
131000			-1232.669627			0.058671
132000			-1232.669627			0.053087
133000			-1232.669627			0.048035
134000			-1232.669627			0.043464
135000			-1232.669627			0.039327
136000			-1232.669627			0.035585
137000			-1232.669627			0.032198
138000			-1232.669627			0.029134
139000			-1232.669627			0.026361
140000			-1232.669627			0.023853
141000			-1232.669627			0.021583
142000			-1232.669627			0.019529
143000			-1232.669627			0.017670
144000			-1232.669627			0.015989
145000			-1232.669627			0.014467
146000			-1232.669627			0.013090
147000			-1232.669627			0.011844
148000			-1232.669627			0.010717
149000			-1232.669627			0.009697
150000			-1232.669627			0.008774
151000			-1232.669627			0.007939
152000			-1232.669627			0.007184
153000			-1232.669627			0.006500
154000			-1232.669627			0.005882
155000			-1232.669627			0.005322
156000			-1232.669627			0.004815
157000			-1232.669627			0.004357
158000			-1232.669627			0.003942
159000			-1232.669627			0.003567
160000			-1232.669627			0.003228
161000			-1232.669627			0.002921
162000			-1232.669627			0.002643
163000			-1232.669627			0.002391
164000			-1232.669627			0.002164
165000			-1232.669627			0.001958
166000			-1232.669627			0.001771
167000			-1232.669627			0.001603
168000			-1232.669627			0.001450
169000			-1232.669627			0.001312
170000			-1232.669627			0.001187
171000			-1232.669627			0.001074
Iteration: 10
Step			Log-likelihood			Temperature
1			-20748.903457			99900.000000
1000			-22258.944337			36769.542477
2000			-18680.701567			23501.721022
3000			-20410.074275			21265.130236
4000			-18252.617295			19241.389323
5000			-21555.277800			17410.241977
6000			-20200.011121			15753.359626
7000			-18826.236568			14254.157974
8000			-19669.515163			12897.631004
9000			-20896.089219			11670.200782
10000			-19253.939638			10559.581542
11000			-19965.185719			9554.656721
12000			-22069.426859			8645.367688
13000			-21576.404036			7822.613061
14000			-17622.641928			7078.157611
15000			-18626.869855			6404.549832
16000			-19575.905867			5795.047357
17000			-21702.193856			5243.549468
18000			-18273.828614			4744.536038
19000			-19611.484674			4293.012272
20000			-21841.424713			3884.458716
21000			-18865.392718			3514.786020
22000			-17885.243601			3180.294005
23000			-18469.644397			2877.634626
24000			-18833.643166			2603.778466
25000			-20171.120441			2355.984403
26000			-18502.889283			2131.772185
27000			-19877.754611			1928.897594
28000			-15176.554525			1745.329992
29000			-20738.919370			1579.231987
30000			-15961.518190			1428.941048
31000			-20425.520860			1292.952863
32000			-15106.478791			1169.906280
33000			-15009.183713			1058.569685
34000			-17594.073782			957.828671
35000			-17607.529555			866.674888
36000			-16126.053762			784.195947
37000			-15905.807162			709.566288
38000			-15485.331905			642.038917
39000			-16602.521430			580.937931
40000			-12809.629688			525.651749
41000			-16364.365310			475.626993
42000			-13942.113428			430.362949
43000			-12752.006814			389.406552
44000			-12708.824831			352.347857
45000			-11812.406581			318.815931
46000			-11619.783882			288.475142
47000			-11217.772568			261.021797
48000			-10103.321522			236.181108
49000			-10203.302527			213.704435
50000			-11587.336711			193.366803
51000			-10521.908566			174.964643
52000			-9889.833671			158.313765
53000			-9642.306279			143.247502
54000			-9440.171615			129.615051
55000			-8739.944511			117.279962
56000			-8310.939627			106.118767
57000			-7470.132863			96.019751
58000			-7194.729382			86.881830
59000			-5420.078222			78.613537
60000			-4987.542985			71.132114
61000			-4595.492124			64.362677
62000			-4583.399890			58.237467
63000			-4961.660766			52.695176
64000			-4025.881167			47.680328
65000			-3648.291773			43.142730
66000			-3400.383180			39.036961
67000			-3387.135663			35.321926
68000			-3057.038526			31.960441
69000			-2739.581930			28.918858
70000			-2561.318098			26.166734
71000			-2621.896604			23.676522
72000			-2371.478086			21.423296
73000			-2196.943967			19.384503
74000			-2022.603369			17.539736
75000			-1789.936162			15.870530
76000			-1805.113042			14.360177
77000			-1767.170842			12.993561
78000			-1715.948872			11.757001
79000			-1498.265025			10.638121
80000			-1477.396815			9.625722
81000			-1502.059245			8.709670
82000			-1507.750575			7.880796
83000			-1483.088145			7.130803
84000			-1481.191035			6.452185
85000			-1488.779475			5.838150
86000			-1492.573695			5.282550
87000			-1488.779475			4.779825
88000			-1475.499705			4.324943
89000			-1466.014155			3.913350
90000			-1409.100855			3.540928
91000			-1412.895075			3.203948
92000			-1412.895075			2.899038
93000			-1405.306635			2.623145
94000			-1405.306635			2.373508
95000			-1410.997965			2.147628
96000			-1412.895075			1.943244
97000			-1409.100855			1.758311
98000			-1399.615305			1.590978
99000			-1348.393336			1.439569
100000			-1348.393336			1.302570
101000			-1354.084666			1.178608
102000			-1355.981776			1.066443
103000			-1350.290446			0.964953
104000			-1346.496226			0.873121
105000			-1342.702006			0.790029
106000			-1340.804896			0.714844
107000			-1340.804896			0.646814
108000			-1297.171366			0.585259
109000			-1297.171366			0.529561
110000			-1295.274256			0.479165
111000			-1295.274256			0.433564
112000			-1295.274256			0.392303
113000			-1293.377146			0.354969
114000			-1293.377146			0.321187
115000			-1293.377146			0.290621
116000			-1293.377146			0.262963
117000			-1293.377146			0.237938
118000			-1293.377146			0.215294
119000			-1293.377146			0.194805
120000			-1293.377146			0.176266
121000			-1293.377146			0.159491
122000			-1293.377146			0.144313
123000			-1293.377146			0.130579
124000			-1293.377146			0.118152
125000			-1293.377146			0.106908
126000			-1293.377146			0.096734
127000			-1293.377146			0.087528
128000			-1293.377146			0.079198
129000			-1293.377146			0.071661
130000			-1236.463847			0.064841
131000			-1232.669627			0.058671
132000			-1232.669627			0.053087
133000			-1232.669627			0.048035
134000			-1232.669627			0.043464
135000			-1232.669627			0.039327
136000			-1232.669627			0.035585
137000			-1232.669627			0.032198
138000			-1232.669627			0.029134
139000			-1232.669627			0.026361
140000			-1232.669627			0.023853
141000			-1232.669627			0.021583
142000			-1232.669627			0.019529
143000			-1232.669627			0.017670
144000			-1232.669627			0.015989
145000			-1232.669627			0.014467
146000			-1232.669627			0.013090
147000			-1232.669627			0.011844
148000			-1232.669627			0.010717
149000			-1232.669627			0.009697
150000			-1232.669627			0.008774
151000			-1232.669627			0.007939
152000			-1232.669627			0.007184
153000			-1232.669627			0.006500
154000			-1232.669627			0.005882
155000			-1232.669627			0.005322
156000			-1232.669627			0.004815
157000			-1232.669627			0.004357
158000			-1232.669627			0.003942
159000			-1232.669627			0.003567
160000			-1232.669627			0.003228
161000			-1232.669627			0.002921
162000			-1232.669627			0.002643
163000			-1232.669627			0.002391
164000			-1232.669627			0.002164
165000			-1232.669627			0.001958
166000			-1232.669627			0.001771
167000			-1232.669627			0.001603
168000			-1232.669627			0.001450
169000			-1232.669627			0.001312
170000			-1232.669627			0.001187
171000			-1232.669627			0.001074

Maximum likelihood Tree found: -1225.081187
digraph g {
	"54" -> "55";
	"55" [label="42"];
	"53" -> "54";
	"54" [label="23"];
	"52" -> "53";
	"53" [label="37"];
	"51" -> "52";
	"52" [label="24"];
	"50" -> "51";
	"51" [color=indianred1, style=filled, label="39"];
	"48" -> "49";
	"49" [label="31"];
	"47" -> "48";
	"48" [label="28"];
	"46" -> "47";
	"47" [label="7"];
	"45" -> "46";
	"46" [label="38"];
	"44" -> "45";
	"45" [label="36"];
	"43" -> "44";
	"44" [label="5"];
	"42" -> "43";
	"43" [label="26"];
	"41" -> "42";
	"42" [label="6"];
	"40" -> "41";
	"41" [label="30"];
	"39" -> "40";
	"40" [label="43"];
	"38" -> "39";
	"39" [label="11"];
	"37" -> "38";
	"38" [label="46"];
	"36" -> "37";
	"37" [color=indianred1, style=filled, label="49"];
	"36" -> "50";
	"50" [label="9"];
	"34" -> "35";
	"35" [label="16"];
	"33" -> "34";
	"34" [label="21"];
	"32" -> "33";
	"33" [label="27"];
	"31" -> "32";
	"32" [label="4"];
	"30" -> "31";
	"31" [label="45"];
	"29" -> "30";
	"30" [label="1"];
	"28" -> "29";
	"29" [label="40"];
	"27" -> "28";
	"28" [label="29"];
	"26" -> "27";
	"27" [color=indianred1, style=filled, label="15"];
	"25" -> "26";
	"26" [label="12"];
	"23" -> "24";
	"24" [label="17"];
	"22" -> "23";
	"23" [label="50"];
	"21" -> "22";
	"22" [label="41"];
	"20" -> "21";
	"21" [label="35"];
	"19" -> "20";
	"20" [label="10"];
	"18" -> "19";
	"19" [color=indianred1, style=filled, label="34"];
	"17" -> "18";
	"18" [label="13"];
	"16" -> "17";
	"17" [label="20"];
	"15" -> "16";
	"16" [color=indianred1, style=filled, label="49"];
	"14" -> "15";
	"15" [label="3"];
	"13" -> "14";
	"14" [label="25"];
	"13" -> "25";
	"25" [label="18"];
	"12" -> "13";
	"13" [label="32"];
	"12" -> "36";
	"36" [label="14"];
	"10" -> "11";
	"11" [label="2"];
	"9" -> "10";
	"10" [label="47"];
	"8" -> "9";
	"9" [label="33"];
	"7" -> "8";
	"8" [label="44"];
	"6" -> "7";
	"7" [label="22"];
	"6" -> "12";
	"12" [label="49"];
	"5" -> "6";
	"6" [label="19"];
	"4" -> "5";
	"5" [label="34"];
	"3" -> "4";
	"4" [label="48"];
	"2" -> "3";
	"3" [label="15"];
	"1" -> "2";
	"2" [label="39"];
	"0" -> "1";
	"1" [label="8"];
	"0" [label="germline"];
	labelloc="t";
	label="Confidence score: -1225.081187";
}
Best cell assigment:
55 23 53 49 11 35 45 6 11 49 17 29 27 4 48 24 35 5 6 4 23 45 49 42 8 6 35 24 23 30 6 6 11 54 45 24 18 52 6 11 49 5 45 30 34 54 6 55 35 17 54 24 6 54 44 22 35 11 30 55 55 11 24 30 11 45 5 49 54 5 49 18 5 11 6 49 18 24 55 22 35 55 45 18 9 24 18 49 44 23 6 6 29 35 45 6 35 18 35 23 28 48 6 29 17 49 55 49 6 55 6 55 6 55 54 44 11 11 30 6 6 28 30 5 44 18 49 6 6 35 6 30 45 45 47 6 24 45 29 19 18 17 6 45 11 23 55 54 45 24 11 55 32 29 19 30 35 34 55 11 24 11 35 6 45 45 55 16 18 49 45 24 2 24 35 45 5 24 18 30 6 11 48 49 17 55 49 6 42 45 10 17 53 23 16 11 6 30 10 6 11 18 49 10 30 34 6 55 18 49 55 11 55 45 49 55 35 10 19 48 16 35 55 19 30 49 49 55 10 49 18 6 30 54 44 9 52 45 43 47 30 18 24 45 32 45 11 35 24 55 
alpha: 0.150000
beta: 0.000010
alpha: 1.000000
