Starting SASC.
Iteration: 1
Step			Log-likelihood			Temperature
1			-25791.641563			99900.000000
1000			-23929.198393			36769.542477
2000			-23856.029116			23501.721022
3000			-24306.303986			21265.130236
4000			-24758.604979			19241.389323
5000			-24672.009402			17410.241977
6000			-24286.450367			15753.359626
7000			-24692.302890			14254.157974
8000			-21480.498467			12897.631004
9000			-25221.919109			11670.200782
10000			-21536.010135			10559.581542
11000			-21087.242553			9554.656721
12000			-21059.378142			8645.367688
13000			-23758.071454			7822.613061
14000			-21336.280015			7078.157611
15000			-22582.739943			6404.549832
16000			-21801.491255			5795.047357
17000			-25676.897133			5243.549468
18000			-22986.308316			4744.536038
19000			-22740.458099			4293.012272
20000			-23119.434388			3884.458716
21000			-24809.671521			3514.786020
22000			-23135.224082			3180.294005
23000			-19467.623622			2877.634626
24000			-24717.557559			2603.778466
25000			-16849.177813			2355.984403
26000			-25886.992541			2131.772185
27000			-25914.352576			1928.897594
28000			-21074.258903			1745.329992
29000			-21757.690620			1579.231987
30000			-17515.966512			1428.941048
31000			-19881.472201			1292.952863
32000			-19102.953372			1169.906280
33000			-16270.975503			1058.569685
34000			-16477.786906			957.828671
35000			-18802.646951			866.674888
36000			-16757.430316			784.195947
37000			-14146.781203			709.566288
38000			-12945.837179			642.038917
39000			-17228.277276			580.937931
40000			-14292.521402			525.651749
41000			-12511.560259			475.626993
42000			-11826.759164			430.362949
43000			-13620.252410			389.406552
44000			-12223.742010			352.347857
45000			-11982.911641			318.815931
46000			-10851.374927			288.475142
47000			-13237.018676			261.021797
48000			-9928.596496			236.181108
49000			-8806.442733			213.704435
50000			-11087.971207			193.366803
51000			-9565.286727			174.964643
52000			-10484.921844			158.313765
53000			-10929.001008			143.247502
54000			-10582.164093			129.615051
55000			-8990.371480			117.279962
56000			-9322.107701			106.118767
57000			-6929.734674			96.019751
58000			-5765.167171			86.881830
59000			-5083.310030			78.613537
60000			-4609.155708			71.132114
61000			-3979.450046			64.362677
62000			-4240.676502			58.237467
63000			-4294.859943			52.695176
64000			-3695.631215			47.680328
65000			-2743.029814			43.142730
66000			-3018.304282			39.036961
67000			-2623.060338			35.321926
68000			-2873.349843			31.960441
69000			-2630.293991			28.918858
70000			-2569.909005			26.166734
71000			-2533.863915			23.676522
72000			-2363.188524			21.423296
73000			-2200.198332			19.384503
74000			-1889.556095			17.539736
75000			-1773.832386			15.870530
76000			-1760.552616			14.360177
77000			-1661.902897			12.993561
78000			-1589.941731			11.757001
79000			-1574.764851			10.638121
80000			-1455.504949			9.625722
81000			-1430.842519			8.709670
82000			-1432.739629			7.880796
83000			-1432.739629			7.130803
84000			-1434.636739			6.452185
85000			-1436.533849			5.838150
86000			-1442.225179			5.282550
87000			-1440.328069			4.779825
88000			-1427.048299			4.324943
89000			-1432.739629			3.913350
90000			-1425.151189			3.540928
91000			-1419.459859			3.203948
92000			-1419.459859			2.899038
93000			-1419.459859			2.623145
94000			-1430.842519			2.373508
95000			-1372.032109			2.147628
96000			-1379.620549			1.943244
97000			-1362.546559			1.758311
98000			-1362.546559			1.590978
99000			-1356.855230			1.439569
100000			-1360.649449			1.302570
101000			-1356.855230			1.178608
102000			-1351.163900			1.066443
103000			-1354.958120			0.964953
104000			-1362.546559			0.873121
105000			-1360.649449			0.790029
106000			-1354.958120			0.714844
107000			-1356.855230			0.646814
108000			-1353.061010			0.585259
109000			-1347.369680			0.529561
110000			-1347.369680			0.479165
111000			-1347.369680			0.433564
112000			-1347.369680			0.392303
113000			-1347.369680			0.354969
114000			-1349.266790			0.321187
115000			-1347.369680			0.290621
116000			-1345.472570			0.262963
117000			-1345.472570			0.237938
118000			-1345.472570			0.215294
119000			-1343.575460			0.194805
120000			-1343.575460			0.176266
121000			-1343.575460			0.159491
122000			-1343.575460			0.144313
123000			-1343.575460			0.130579
124000			-1343.575460			0.118152
125000			-1343.575460			0.106908
126000			-1343.575460			0.096734
127000			-1343.575460			0.087528
128000			-1343.575460			0.079198
129000			-1343.575460			0.071661
130000			-1343.575460			0.064841
131000			-1343.575460			0.058671
132000			-1343.575460			0.053087
133000			-1343.575460			0.048035
134000			-1343.575460			0.043464
135000			-1343.575460			0.039327
136000			-1343.575460			0.035585
137000			-1343.575460			0.032198
138000			-1343.575460			0.029134
139000			-1343.575460			0.026361
140000			-1343.575460			0.023853
141000			-1343.575460			0.021583
142000			-1343.575460			0.019529
143000			-1343.575460			0.017670
144000			-1343.575460			0.015989
145000			-1343.575460			0.014467
146000			-1343.575460			0.013090
147000			-1343.575460			0.011844
148000			-1343.575460			0.010717
149000			-1343.575460			0.009697
150000			-1343.575460			0.008774
151000			-1343.575460			0.007939
152000			-1343.575460			0.007184
153000			-1343.575460			0.006500
154000			-1343.575460			0.005882
155000			-1343.575460			0.005322
156000			-1343.575460			0.004815
157000			-1343.575460			0.004357
158000			-1343.575460			0.003942
159000			-1343.575460			0.003567
160000			-1343.575460			0.003228
161000			-1343.575460			0.002921
162000			-1343.575460			0.002643
163000			-1343.575460			0.002391
164000			-1343.575460			0.002164
165000			-1343.575460			0.001958
166000			-1343.575460			0.001771
167000			-1343.575460			0.001603
168000			-1343.575460			0.001450
169000			-1343.575460			0.001312
170000			-1343.575460			0.001187
171000			-1343.575460			0.001074
Iteration: 2
Step			Log-likelihood			Temperature
1			-25927.588414			99900.000000
1000			-25363.293425			36769.542477
2000			-23011.970600			23501.721022
3000			-25440.333107			21265.130236
4000			-25791.395214			19241.389323
5000			-24706.265820			17410.241977
6000			-22917.856929			15753.359626
7000			-21768.090942			14254.157974
8000			-24231.569030			12897.631004
9000			-24735.432044			11670.200782
10000			-23516.241230			10559.581542
11000			-25669.496374			9554.656721
12000			-24296.463649			8645.367688
13000			-22438.565423			7822.613061
14000			-22723.873749			7078.157611
15000			-20586.745568			6404.549832
16000			-24560.402446			5795.047357
17000			-24673.880097			5243.549468
18000			-23354.206961			4744.536038
19000			-24783.396423			4293.012272
20000			-25782.947611			3884.458716
21000			-22434.744789			3514.786020
22000			-23701.196246			3180.294005
23000			-25230.431219			2877.634626
24000			-23505.336532			2603.778466
25000			-25944.351548			2355.984403
26000			-21551.788151			2131.772185
27000			-21718.250029			1928.897594
28000			-22953.649830			1745.329992
29000			-23080.970295			1579.231987
30000			-18719.420461			1428.941048
31000			-23024.332539			1292.952863
32000			-19078.619315			1169.906280
33000			-17094.201120			1058.569685
34000			-19143.502256			957.828671
35000			-16395.829975			866.674888
36000			-17569.938916			784.195947
37000			-14675.303589			709.566288
38000			-14768.050941			642.038917
39000			-14922.103890			580.937931
40000			-12184.914233			525.651749
41000			-15326.962398			475.626993
42000			-12946.089367			430.362949
43000			-12936.175626			389.406552
44000			-13532.926683			352.347857
45000			-12612.538060			318.815931
46000			-11155.821458			288.475142
47000			-10001.583931			261.021797
48000			-10844.856687			236.181108
49000			-9089.144374			213.704435
50000			-9503.740620			193.366803
51000			-10518.682783			174.964643
52000			-9475.665171			158.313765
53000			-9765.884906			143.247502
54000			-7851.448744			129.615051
55000			-7211.017167			117.279962
56000			-5943.404588			106.118767
57000			-5851.053174			96.019751
58000			-5186.484119			86.881830
59000			-5072.663359			78.613537
60000			-4828.387718			71.132114
61000			-4323.949982			64.362677
62000			-4024.335618			58.237467
63000			-4277.135046			52.695176
64000			-3827.907021			47.680328
65000			-2896.464110			43.142730
66000			-2267.881477			39.036961
67000			-2023.154289			35.321926
68000			-2392.703696			31.960441
69000			-2247.368054			28.918858
70000			-1936.758071			26.166734
71000			-2037.304900			23.676522
72000			-1798.881856			21.423296
73000			-1576.919988			19.384503
74000			-1582.611318			17.539736
75000			-1472.578939			15.870530
76000			-1470.681829			14.360177
77000			-1472.578939			12.993561
78000			-1474.476049			11.757001
79000			-1525.698018			10.638121
80000			-1537.080678			9.625722
81000			-1417.562749			8.709670
82000			-1404.282979			7.880796
83000			-1411.871419			7.130803
84000			-1391.003209			6.452185
85000			-1406.180089			5.838150
86000			-1383.414769			5.282550
87000			-1379.620549			4.779825
88000			-1364.443669			4.324943
89000			-1392.900319			3.913350
90000			-1391.003209			3.540928
91000			-1392.900319			3.203948
92000			-1389.106099			2.899038
93000			-1389.106099			2.623145
94000			-1372.032109			2.373508
95000			-1370.134999			2.147628
96000			-1370.134999			1.943244
97000			-1362.546559			1.758311
98000			-1358.752340			1.590978
99000			-1358.752340			1.439569
100000			-1349.266790			1.302570
101000			-1353.061010			1.178608
102000			-1349.266790			1.066443
103000			-1354.958120			0.964953
104000			-1349.266790			0.873121
105000			-1347.369680			0.790029
106000			-1347.369680			0.714844
107000			-1347.369680			0.646814
108000			-1349.266790			0.585259
109000			-1345.472570			0.529561
110000			-1345.472570			0.479165
111000			-1343.575460			0.433564
112000			-1343.575460			0.392303
113000			-1343.575460			0.354969
114000			-1343.575460			0.321187
115000			-1343.575460			0.290621
116000			-1343.575460			0.262963
117000			-1343.575460			0.237938
118000			-1343.575460			0.215294
119000			-1343.575460			0.194805
120000			-1343.575460			0.176266
121000			-1343.575460			0.159491
122000			-1343.575460			0.144313
123000			-1343.575460			0.130579
124000			-1343.575460			0.118152
125000			-1343.575460			0.106908
126000			-1343.575460			0.096734
127000			-1343.575460			0.087528
128000			-1343.575460			0.079198
129000			-1343.575460			0.071661
130000			-1343.575460			0.064841
131000			-1343.575460			0.058671
132000			-1343.575460			0.053087
133000			-1343.575460			0.048035
134000			-1343.575460			0.043464
135000			-1343.575460			0.039327
136000			-1343.575460			0.035585
137000			-1343.575460			0.032198
138000			-1343.575460			0.029134
139000			-1343.575460			0.026361
140000			-1343.575460			0.023853
141000			-1343.575460			0.021583
142000			-1343.575460			0.019529
143000			-1343.575460			0.017670
144000			-1343.575460			0.015989
145000			-1343.575460			0.014467
146000			-1343.575460			0.013090
147000			-1343.575460			0.011844
148000			-1343.575460			0.010717
149000			-1343.575460			0.009697
150000			-1343.575460			0.008774
151000			-1343.575460			0.007939
152000			-1343.575460			0.007184
153000			-1343.575460			0.006500
154000			-1343.575460			0.005882
155000			-1343.575460			0.005322
156000			-1343.575460			0.004815
157000			-1343.575460			0.004357
158000			-1343.575460			0.003942
159000			-1343.575460			0.003567
160000			-1343.575460			0.003228
161000			-1343.575460			0.002921
162000			-1343.575460			0.002643
163000			-1343.575460			0.002391
164000			-1343.575460			0.002164
165000			-1343.575460			0.001958
166000			-1343.575460			0.001771
167000			-1343.575460			0.001603
168000			-1343.575460			0.001450
169000			-1343.575460			0.001312
170000			-1343.575460			0.001187
171000			-1343.575460			0.001074
Iteration: 3
Step			Log-likelihood			Temperature
1			-26442.860503			99900.000000
1000			-24463.849197			36769.542477
2000			-19846.051604			23501.721022
3000			-25726.028472			21265.130236
4000			-26091.777820			19241.389323
5000			-25144.867750			17410.241977
6000			-25583.932905			15753.359626
7000			-26266.537712			14254.157974
8000			-17868.254248			12897.631004
9000			-18154.755948			11670.200782
10000			-23013.738697			10559.581542
11000			-23782.475856			9554.656721
12000			-24797.379928			8645.367688
13000			-22193.257674			7822.613061
14000			-23323.691935			7078.157611
15000			-20095.083227			6404.549832
16000			-25500.750346			5795.047357
17000			-25084.925414			5243.549468
18000			-23918.551721			4744.536038
19000			-22473.713258			4293.012272
20000			-20623.687913			3884.458716
21000			-22254.733436			3514.786020
22000			-19634.935766			3180.294005
23000			-21205.396944			2877.634626
24000			-22491.593582			2603.778466
25000			-23535.658038			2355.984403
26000			-22964.393262			2131.772185
27000			-23835.111135			1928.897594
28000			-21684.993465			1745.329992
29000			-21392.838528			1579.231987
30000			-20214.143769			1428.941048
31000			-18278.109247			1292.952863
32000			-19425.881363			1169.906280
33000			-16659.601667			1058.569685
34000			-17310.465820			957.828671
35000			-15784.470921			866.674888
36000			-18425.643957			784.195947
37000			-13060.519883			709.566288
38000			-14871.570919			642.038917
39000			-14843.709566			580.937931
40000			-13256.285895			525.651749
41000			-15831.491054			475.626993
42000			-16741.678714			430.362949
43000			-12403.070203			389.406552
44000			-13983.400913			352.347857
45000			-12834.177395			318.815931
46000			-12114.005750			288.475142
47000			-11669.829826			261.021797
48000			-11062.449614			236.181108
49000			-9937.307965			213.704435
50000			-10326.930925			193.366803
51000			-11875.025501			174.964643
52000			-9290.463806			158.313765
53000			-8481.649885			143.247502
54000			-7042.845860			129.615051
55000			-8780.355316			117.279962
56000			-6216.007865			106.118767
57000			-5290.960020			96.019751
58000			-5611.700621			86.881830
59000			-5166.105548			78.613537
60000			-5440.734949			71.132114
61000			-5652.856480			64.362677
62000			-4445.016073			58.237467
63000			-4498.489940			52.695176
64000			-3996.336354			47.680328
65000			-2753.122339			43.142730
66000			-2522.287735			39.036961
67000			-2389.748063			35.321926
68000			-2204.476352			31.960441
69000			-2128.591953			28.918858
70000			-2280.231738			26.166734
71000			-2153.028609			23.676522
72000			-2084.313356			21.423296
73000			-2112.608739			19.384503
74000			-1963.156344			17.539736
75000			-1892.479474			15.870530
76000			-1858.396001			14.360177
77000			-1837.560044			12.993561
78000			-1834.378638			11.757001
79000			-1836.275748			10.638121
80000			-1824.893088			9.625722
81000			-1510.005084			8.709670
82000			-1475.857105			7.880796
83000			-1479.651325			7.130803
84000			-1472.062885			6.452185
85000			-1464.474445			5.838150
86000			-1477.754215			5.282550
87000			-1496.725314			4.779825
88000			-1475.857105			4.324943
89000			-1479.651325			3.913350
90000			-1468.268665			3.540928
91000			-1449.813619			3.203948
92000			-1434.636739			2.899038
93000			-1442.225179			2.623145
94000			-1438.430959			2.373508
95000			-1432.739629			2.147628
96000			-1417.562749			1.943244
97000			-1417.562749			1.758311
98000			-1423.254079			1.590978
99000			-1419.459859			1.439569
100000			-1425.151189			1.302570
101000			-1413.768529			1.178608
102000			-1417.562749			1.066443
103000			-1409.974309			0.964953
104000			-1409.974309			0.873121
105000			-1408.077199			0.790029
106000			-1406.180089			0.714844
107000			-1404.282979			0.646814
108000			-1406.180089			0.585259
109000			-1406.180089			0.529561
110000			-1404.282979			0.479165
111000			-1404.282979			0.433564
112000			-1404.282979			0.392303
113000			-1404.282979			0.354969
114000			-1402.385869			0.321187
115000			-1402.385869			0.290621
116000			-1402.385869			0.262963
117000			-1402.385869			0.237938
118000			-1402.385869			0.215294
119000			-1402.385869			0.194805
120000			-1402.385869			0.176266
121000			-1402.385869			0.159491
122000			-1402.385869			0.144313
123000			-1402.385869			0.130579
124000			-1402.385869			0.118152
125000			-1402.385869			0.106908
126000			-1402.385869			0.096734
127000			-1402.385869			0.087528
128000			-1402.385869			0.079198
129000			-1402.385869			0.071661
130000			-1402.385869			0.064841
131000			-1402.385869			0.058671
132000			-1402.385869			0.053087
133000			-1402.385869			0.048035
134000			-1402.385869			0.043464
135000			-1402.385869			0.039327
136000			-1402.385869			0.035585
137000			-1402.385869			0.032198
138000			-1402.385869			0.029134
139000			-1402.385869			0.026361
140000			-1402.385869			0.023853
141000			-1402.385869			0.021583
142000			-1402.385869			0.019529
143000			-1402.385869			0.017670
144000			-1402.385869			0.015989
145000			-1402.385869			0.014467
146000			-1402.385869			0.013090
147000			-1402.385869			0.011844
148000			-1402.385869			0.010717
149000			-1402.385869			0.009697
150000			-1402.385869			0.008774
151000			-1402.385869			0.007939
152000			-1402.385869			0.007184
153000			-1402.385869			0.006500
154000			-1402.385869			0.005882
155000			-1402.385869			0.005322
156000			-1402.385869			0.004815
157000			-1402.385869			0.004357
158000			-1402.385869			0.003942
159000			-1402.385869			0.003567
160000			-1402.385869			0.003228
161000			-1402.385869			0.002921
162000			-1402.385869			0.002643
163000			-1402.385869			0.002391
164000			-1402.385869			0.002164
165000			-1402.385869			0.001958
166000			-1402.385869			0.001771
167000			-1402.385869			0.001603
168000			-1402.385869			0.001450
169000			-1402.385869			0.001312
170000			-1402.385869			0.001187
171000			-1402.385869			0.001074
Iteration: 4
Step			Log-likelihood			Temperature
1			-24631.712706			99900.000000
1000			-24580.250226			36769.542477
2000			-23585.589873			23501.721022
3000			-25703.424419			21265.130236
4000			-24480.031770			19241.389323
5000			-24304.755824			17410.241977
6000			-22863.679327			15753.359626
7000			-22089.045639			14254.157974
8000			-26982.704100			12897.631004
9000			-20579.280303			11670.200782
10000			-22560.555184			10559.581542
11000			-24812.814835			9554.656721
12000			-25159.088706			8645.367688
13000			-22334.127614			7822.613061
14000			-24512.959961			7078.157611
15000			-20243.465421			6404.549832
16000			-22885.825993			5795.047357
17000			-24036.392475			5243.549468
18000			-24322.436789			4744.536038
19000			-18939.320894			4293.012272
20000			-23102.542240			3884.458716
21000			-23303.591967			3514.786020
22000			-25755.833925			3180.294005
23000			-24444.986535			2877.634626
24000			-20279.967897			2603.778466
25000			-18618.492430			2355.984403
26000			-24339.554710			2131.772185
27000			-24157.496658			1928.897594
28000			-23208.613293			1745.329992
29000			-22365.147016			1579.231987
30000			-19762.405819			1428.941048
31000			-17579.125288			1292.952863
32000			-15901.393843			1169.906280
33000			-15357.421815			1058.569685
34000			-20467.975306			957.828671
35000			-18736.564796			866.674888
36000			-15087.102688			784.195947
37000			-15958.274890			709.566288
38000			-14456.734164			642.038917
39000			-13783.644379			580.937931
40000			-15532.334077			525.651749
41000			-11961.228199			475.626993
42000			-14990.904225			430.362949
43000			-12756.744833			389.406552
44000			-12759.313425			352.347857
45000			-12587.300909			318.815931
46000			-11674.500726			288.475142
47000			-11677.289252			261.021797
48000			-13650.975693			236.181108
49000			-10437.086479			213.704435
50000			-11259.798823			193.366803
51000			-10410.817219			174.964643
52000			-10285.247334			158.313765
53000			-8027.472357			143.247502
54000			-9185.638956			129.615051
55000			-7904.702676			117.279962
56000			-4728.550463			106.118767
57000			-6079.506867			96.019751
58000			-5904.101908			86.881830
59000			-5286.778760			78.613537
60000			-5018.550263			71.132114
61000			-4558.869086			64.362677
62000			-4409.771479			58.237467
63000			-3995.465513			52.695176
64000			-3409.199860			47.680328
65000			-2902.703748			43.142730
66000			-2641.257357			39.036961
67000			-2664.054930			35.321926
68000			-2612.252400			31.960441
69000			-1954.444875			28.918858
70000			-1944.443271			26.166734
71000			-1923.575061			23.676522
72000			-1747.659886			21.423296
73000			-1737.658282			19.384503
74000			-1743.349612			17.539736
75000			-1633.317233			15.870530
76000			-1659.876773			14.360177
77000			-1606.757694			12.993561
78000			-1652.288333			11.757001
79000			-1602.963474			10.638121
80000			-1576.403934			9.625722
81000			-1578.301044			8.709670
82000			-1625.728793			7.880796
83000			-1614.346133			7.130803
84000			-1631.420123			6.452185
85000			-1625.728793			5.838150
86000			-1477.754215			5.282550
87000			-1473.959995			4.779825
88000			-1473.959995			4.324943
89000			-1477.754215			3.913350
90000			-1472.062885			3.540928
91000			-1462.577335			3.203948
92000			-1451.194675			2.899038
93000			-1445.503345			2.623145
94000			-1439.812015			2.373508
95000			-1441.709125			2.147628
96000			-1445.503345			1.943244
97000			-1436.017795			1.758311
98000			-1441.709125			1.590978
99000			-1439.812015			1.439569
100000			-1436.017795			1.302570
101000			-1411.871419			1.178608
102000			-1413.768529			1.066443
103000			-1413.768529			0.964953
104000			-1413.768529			0.873121
105000			-1409.974309			0.790029
106000			-1408.077199			0.714844
107000			-1408.077199			0.646814
108000			-1406.180089			0.585259
109000			-1406.180089			0.529561
110000			-1406.180089			0.479165
111000			-1406.180089			0.433564
112000			-1406.180089			0.392303
113000			-1404.282979			0.354969
114000			-1404.282979			0.321187
115000			-1404.282979			0.290621
116000			-1402.385869			0.262963
117000			-1402.385869			0.237938
118000			-1402.385869			0.215294
119000			-1402.385869			0.194805
120000			-1402.385869			0.176266
121000			-1402.385869			0.159491
122000			-1402.385869			0.144313
123000			-1402.385869			0.130579
124000			-1402.385869			0.118152
125000			-1402.385869			0.106908
126000			-1402.385869			0.096734
127000			-1402.385869			0.087528
128000			-1402.385869			0.079198
129000			-1402.385869			0.071661
130000			-1402.385869			0.064841
131000			-1402.385869			0.058671
132000			-1402.385869			0.053087
133000			-1402.385869			0.048035
134000			-1402.385869			0.043464
135000			-1402.385869			0.039327
136000			-1402.385869			0.035585
137000			-1402.385869			0.032198
138000			-1402.385869			0.029134
139000			-1402.385869			0.026361
140000			-1402.385869			0.023853
141000			-1402.385869			0.021583
142000			-1402.385869			0.019529
143000			-1402.385869			0.017670
144000			-1402.385869			0.015989
145000			-1402.385869			0.014467
146000			-1402.385869			0.013090
147000			-1402.385869			0.011844
148000			-1402.385869			0.010717
149000			-1402.385869			0.009697
150000			-1402.385869			0.008774
151000			-1402.385869			0.007939
152000			-1402.385869			0.007184
153000			-1402.385869			0.006500
154000			-1402.385869			0.005882
155000			-1402.385869			0.005322
156000			-1402.385869			0.004815
157000			-1402.385869			0.004357
158000			-1402.385869			0.003942
159000			-1402.385869			0.003567
160000			-1402.385869			0.003228
161000			-1402.385869			0.002921
162000			-1402.385869			0.002643
163000			-1402.385869			0.002391
164000			-1402.385869			0.002164
165000			-1402.385869			0.001958
166000			-1402.385869			0.001771
167000			-1402.385869			0.001603
168000			-1402.385869			0.001450
169000			-1402.385869			0.001312
170000			-1402.385869			0.001187
171000			-1402.385869			0.001074
Iteration: 5
Step			Log-likelihood			Temperature
1			-26277.392640			99900.000000
1000			-25549.274710			36769.542477
2000			-25269.760314			23501.721022
3000			-18785.056907			21265.130236
4000			-23134.277056			19241.389323
5000			-23808.196808			17410.241977
6000			-22684.729277			15753.359626
7000			-20550.201942			14254.157974
8000			-22884.142979			12897.631004
9000			-23911.221308			11670.200782
10000			-19399.122464			10559.581542
11000			-17343.464356			9554.656721
12000			-25268.256083			8645.367688
13000			-23412.281382			7822.613061
14000			-26649.598501			7078.157611
15000			-19594.820912			6404.549832
16000			-23890.276914			5795.047357
17000			-22192.495272			5243.549468
18000			-22453.962238			4744.536038
19000			-23233.442829			4293.012272
20000			-21647.552583			3884.458716
21000			-22401.552732			3514.786020
22000			-23164.469549			3180.294005
23000			-22450.947938			2877.634626
24000			-20872.264931			2603.778466
25000			-22338.775158			2355.984403
26000			-18770.164469			2131.772185
27000			-22855.774192			1928.897594
28000			-21082.724023			1745.329992
29000			-18485.835423			1579.231987
30000			-19316.725664			1428.941048
31000			-24080.445298			1292.952863
32000			-20442.351114			1169.906280
33000			-21000.341959			1058.569685
34000			-15390.446765			957.828671
35000			-16674.998482			866.674888
36000			-14081.980286			784.195947
37000			-15737.397958			709.566288
38000			-13529.211706			642.038917
39000			-14232.473686			580.937931
40000			-13758.847096			525.651749
41000			-12338.838168			475.626993
42000			-11281.423596			430.362949
43000			-10958.548434			389.406552
44000			-11774.381912			352.347857
45000			-10835.280216			318.815931
46000			-12526.226924			288.475142
47000			-11408.453781			261.021797
48000			-11088.396340			236.181108
49000			-10620.552001			213.704435
50000			-9534.997474			193.366803
51000			-8259.790616			174.964643
52000			-10177.375931			158.313765
53000			-9003.135196			143.247502
54000			-7959.795050			129.615051
55000			-8275.225523			117.279962
56000			-7070.437508			106.118767
57000			-6768.791181			96.019751
58000			-5964.615907			86.881830
59000			-4875.396174			78.613537
60000			-4988.029398			71.132114
61000			-4837.518481			64.362677
62000			-4391.064245			58.237467
63000			-3871.772163			52.695176
64000			-3312.511758			47.680328
65000			-3451.898042			43.142730
66000			-3456.079303			39.036961
67000			-3256.947261			35.321926
68000			-3014.859010			31.960441
69000			-2305.694663			28.918858
70000			-2025.115906			26.166734
71000			-2070.646545			23.676522
72000			-2009.971279			21.423296
73000			-1652.352840			19.384503
74000			-1444.122289			17.539736
75000			-1444.122289			15.870530
76000			-1455.504949			14.360177
77000			-1518.109578			12.993561
78000			-1537.080678			11.757001
79000			-1592.096868			10.638121
80000			-1540.874898			9.625722
81000			-1535.183568			8.709670
82000			-1501.035588			7.880796
83000			-1430.842519			7.130803
84000			-1436.533849			6.452185
85000			-1446.019399			5.838150
86000			-1446.019399			5.282550
87000			-1442.225179			4.779825
88000			-1451.710729			4.324943
89000			-1438.430959			3.913350
90000			-1434.636739			3.540928
91000			-1421.356969			3.203948
92000			-1421.356969			2.899038
93000			-1421.356969			2.623145
94000			-1423.254079			2.373508
95000			-1419.459859			2.147628
96000			-1411.871419			1.943244
97000			-1411.871419			1.758311
98000			-1411.871419			1.590978
99000			-1413.768529			1.439569
100000			-1406.180089			1.302570
101000			-1402.385869			1.178608
102000			-1404.282979			1.066443
103000			-1409.974309			0.964953
104000			-1404.282979			0.873121
105000			-1404.282979			0.790029
106000			-1398.591649			0.714844
107000			-1398.591649			0.646814
108000			-1396.694539			0.585259
109000			-1394.797429			0.529561
110000			-1394.797429			0.479165
111000			-1394.797429			0.433564
112000			-1394.797429			0.392303
113000			-1394.797429			0.354969
114000			-1394.797429			0.321187
115000			-1394.797429			0.290621
116000			-1394.797429			0.262963
117000			-1394.797429			0.237938
118000			-1392.900319			0.215294
119000			-1392.900319			0.194805
120000			-1392.900319			0.176266
121000			-1392.900319			0.159491
122000			-1391.003209			0.144313
123000			-1391.003209			0.130579
124000			-1391.003209			0.118152
125000			-1391.003209			0.106908
126000			-1391.003209			0.096734
127000			-1391.003209			0.087528
128000			-1391.003209			0.079198
129000			-1391.003209			0.071661
130000			-1391.003209			0.064841
131000			-1391.003209			0.058671
132000			-1391.003209			0.053087
133000			-1391.003209			0.048035
134000			-1391.003209			0.043464
135000			-1391.003209			0.039327
136000			-1391.003209			0.035585
137000			-1391.003209			0.032198
138000			-1347.369680			0.029134
139000			-1343.575460			0.026361
140000			-1343.575460			0.023853
141000			-1343.575460			0.021583
142000			-1343.575460			0.019529
143000			-1343.575460			0.017670
144000			-1343.575460			0.015989
145000			-1343.575460			0.014467
146000			-1343.575460			0.013090
147000			-1343.575460			0.011844
148000			-1343.575460			0.010717
149000			-1343.575460			0.009697
150000			-1343.575460			0.008774
151000			-1343.575460			0.007939
152000			-1343.575460			0.007184
153000			-1343.575460			0.006500
154000			-1343.575460			0.005882
155000			-1343.575460			0.005322
156000			-1343.575460			0.004815
157000			-1343.575460			0.004357
158000			-1343.575460			0.003942
159000			-1343.575460			0.003567
160000			-1343.575460			0.003228
161000			-1343.575460			0.002921
162000			-1343.575460			0.002643
163000			-1343.575460			0.002391
164000			-1343.575460			0.002164
165000			-1343.575460			0.001958
166000			-1343.575460			0.001771
167000			-1343.575460			0.001603
168000			-1343.575460			0.001450
169000			-1343.575460			0.001312
170000			-1343.575460			0.001187
171000			-1343.575460			0.001074
Iteration: 6
Step			Log-likelihood			Temperature
1			-25659.198651			99900.000000
1000			-23235.507045			36769.542477
2000			-23959.927515			23501.721022
3000			-23340.223456			21265.130236
4000			-25069.021443			19241.389323
5000			-24435.075852			17410.241977
6000			-26570.946151			15753.359626
7000			-23135.244657			14254.157974
8000			-24968.706226			12897.631004
9000			-25657.565407			11670.200782
10000			-23904.621045			10559.581542
11000			-23172.676642			9554.656721
12000			-24417.878688			8645.367688
13000			-24025.821988			7822.613061
14000			-24306.072373			7078.157611
15000			-21948.612510			6404.549832
16000			-21288.729091			5795.047357
17000			-23006.531458			5243.549468
18000			-20483.946842			4744.536038
19000			-26081.922747			4293.012272
20000			-21196.002315			3884.458716
21000			-19449.109909			3514.786020
22000			-22295.062385			3180.294005
23000			-23310.461935			2877.634626
24000			-25651.401955			2603.778466
25000			-18652.813355			2355.984403
26000			-21158.845874			2131.772185
27000			-20194.688869			1928.897594
28000			-20070.060171			1745.329992
29000			-21324.935448			1579.231987
30000			-20920.455083			1428.941048
31000			-22144.481122			1292.952863
32000			-24472.276224			1169.906280
33000			-23489.450078			1058.569685
34000			-16659.973971			957.828671
35000			-18318.444036			866.674888
36000			-18090.867022			784.195947
37000			-14070.861492			709.566288
38000			-15659.982914			642.038917
39000			-15161.309912			580.937931
40000			-15157.366103			525.651749
41000			-13365.620378			475.626993
42000			-13000.601180			430.362949
43000			-15169.947977			389.406552
44000			-13393.226762			352.347857
45000			-12524.614255			318.815931
46000			-10822.962209			288.475142
47000			-11471.779662			261.021797
48000			-11770.253480			236.181108
49000			-11515.853061			213.704435
50000			-11680.030789			193.366803
51000			-10126.696430			174.964643
52000			-11172.089113			158.313765
53000			-7013.782235			143.247502
54000			-8605.865128			129.615051
55000			-8720.761928			117.279962
56000			-7876.322211			106.118767
57000			-7593.045848			96.019751
58000			-6290.118329			86.881830
59000			-6741.152544			78.613537
60000			-5784.718831			71.132114
61000			-5150.257187			64.362677
62000			-5014.665122			58.237467
63000			-3620.456389			52.695176
64000			-3262.096123			47.680328
65000			-2509.911060			43.142730
66000			-2301.616002			39.036961
67000			-2399.717414			35.321926
68000			-2462.451057			31.960441
69000			-2352.837972			28.918858
70000			-2060.683034			26.166734
71000			-1717.306127			23.676522
72000			-1760.939656			21.423296
73000			-1704.026357			19.384503
74000			-1722.997457			17.539736
75000			-1649.010167			15.870530
76000			-1673.672597			14.360177
77000			-1521.903798			12.993561
78000			-1497.241368			11.757001
79000			-1472.578939			10.638121
80000			-1476.373159			9.625722
81000			-1487.755818			8.709670
82000			-1427.048299			7.880796
83000			-1427.048299			7.130803
84000			-1391.003209			6.452185
85000			-1385.311879			5.838150
86000			-1373.929219			5.282550
87000			-1373.929219			4.779825
88000			-1364.443669			4.324943
89000			-1377.723439			3.913350
90000			-1368.237889			3.540928
91000			-1360.649449			3.203948
92000			-1362.546559			2.899038
93000			-1366.340779			2.623145
94000			-1372.032109			2.373508
95000			-1375.826329			2.147628
96000			-1370.134999			1.943244
97000			-1360.649449			1.758311
98000			-1351.163900			1.590978
99000			-1360.649449			1.439569
100000			-1353.061010			1.302570
101000			-1354.958120			1.178608
102000			-1349.266790			1.066443
103000			-1343.575460			0.964953
104000			-1349.266790			0.873121
105000			-1349.266790			0.790029
106000			-1349.266790			0.714844
107000			-1349.266790			0.646814
108000			-1351.163900			0.585259
109000			-1349.266790			0.529561
110000			-1345.472570			0.479165
111000			-1345.472570			0.433564
112000			-1345.472570			0.392303
113000			-1345.472570			0.354969
114000			-1345.472570			0.321187
115000			-1343.575460			0.290621
116000			-1343.575460			0.262963
117000			-1343.575460			0.237938
118000			-1343.575460			0.215294
119000			-1343.575460			0.194805
120000			-1343.575460			0.176266
121000			-1343.575460			0.159491
122000			-1343.575460			0.144313
123000			-1343.575460			0.130579
124000			-1343.575460			0.118152
125000			-1343.575460			0.106908
126000			-1343.575460			0.096734
127000			-1343.575460			0.087528
128000			-1343.575460			0.079198
129000			-1343.575460			0.071661
130000			-1343.575460			0.064841
131000			-1343.575460			0.058671
132000			-1343.575460			0.053087
133000			-1343.575460			0.048035
134000			-1343.575460			0.043464
135000			-1343.575460			0.039327
136000			-1343.575460			0.035585
137000			-1343.575460			0.032198
138000			-1343.575460			0.029134
139000			-1343.575460			0.026361
140000			-1343.575460			0.023853
141000			-1343.575460			0.021583
142000			-1343.575460			0.019529
143000			-1343.575460			0.017670
144000			-1343.575460			0.015989
145000			-1343.575460			0.014467
146000			-1343.575460			0.013090
147000			-1343.575460			0.011844
148000			-1343.575460			0.010717
149000			-1343.575460			0.009697
150000			-1343.575460			0.008774
151000			-1343.575460			0.007939
152000			-1343.575460			0.007184
153000			-1343.575460			0.006500
154000			-1343.575460			0.005882
155000			-1343.575460			0.005322
156000			-1343.575460			0.004815
157000			-1343.575460			0.004357
158000			-1343.575460			0.003942
159000			-1343.575460			0.003567
160000			-1343.575460			0.003228
161000			-1343.575460			0.002921
162000			-1343.575460			0.002643
163000			-1343.575460			0.002391
164000			-1343.575460			0.002164
165000			-1343.575460			0.001958
166000			-1343.575460			0.001771
167000			-1343.575460			0.001603
168000			-1343.575460			0.001450
169000			-1343.575460			0.001312
170000			-1343.575460			0.001187
171000			-1343.575460			0.001074
Iteration: 7
Step			Log-likelihood			Temperature
1			-26410.125832			99900.000000
1000			-24411.199181			36769.542477
2000			-26955.053784			23501.721022
3000			-22642.840488			21265.130236
4000			-25614.996239			19241.389323
5000			-24960.332027			17410.241977
6000			-19118.244529			15753.359626
7000			-23891.024580			14254.157974
8000			-21854.029774			12897.631004
9000			-22244.409298			11670.200782
10000			-24605.874418			10559.581542
11000			-21316.895461			9554.656721
12000			-23460.521305			8645.367688
13000			-16426.262978			7822.613061
14000			-23912.968830			7078.157611
15000			-21066.333193			6404.549832
16000			-25309.186169			5795.047357
17000			-24255.049763			5243.549468
18000			-23908.608785			4744.536038
19000			-20399.436056			4293.012272
20000			-19566.780498			3884.458716
21000			-26344.377889			3514.786020
22000			-20618.093344			3180.294005
23000			-22674.865584			2877.634626
24000			-20855.410876			2603.778466
25000			-21825.133255			2355.984403
26000			-19572.052534			2131.772185
27000			-20222.415369			1928.897594
28000			-19958.239120			1745.329992
29000			-19227.488091			1579.231987
30000			-19531.002333			1428.941048
31000			-25080.984663			1292.952863
32000			-24436.462747			1169.906280
33000			-20696.449575			1058.569685
34000			-17104.745193			957.828671
35000			-18619.008484			866.674888
36000			-16500.540548			784.195947
37000			-20690.403458			709.566288
38000			-15154.087937			642.038917
39000			-14153.586665			580.937931
40000			-12734.999943			525.651749
41000			-12661.083000			475.626993
42000			-12381.117056			430.362949
43000			-13682.986053			389.406552
44000			-11358.683213			352.347857
45000			-11295.099304			318.815931
46000			-13965.476657			288.475142
47000			-10256.532657			261.021797
48000			-10292.894442			236.181108
49000			-9042.839653			213.704435
50000			-10253.964066			193.366803
51000			-10648.577679			174.964643
52000			-8497.117045			158.313765
53000			-8511.499269			143.247502
54000			-8617.285881			129.615051
55000			-8651.615703			117.279962
56000			-7190.406984			106.118767
57000			-7048.988737			96.019751
58000			-6119.700964			86.881830
59000			-6572.427091			78.613537
60000			-5190.058404			71.132114
61000			-4631.475320			64.362677
62000			-5777.124552			58.237467
63000			-4174.949134			52.695176
64000			-3962.924363			47.680328
65000			-3661.606409			43.142730
66000			-3014.536477			39.036961
67000			-2342.030033			35.321926
68000			-2226.177311			31.960441
69000			-2097.722139			28.918858
70000			-2040.679826			26.166734
71000			-1847.690662			23.676522
72000			-1681.261037			21.423296
73000			-1605.376638			19.384503
74000			-1538.977788			17.539736
75000			-1593.993978			15.870530
76000			-1586.405538			14.360177
77000			-1575.022878			12.993561
78000			-1576.919988			11.757001
79000			-1580.714208			10.638121
80000			-1571.228658			9.625722
81000			-1531.389348			8.709670
82000			-1516.212468			7.880796
83000			-1514.315358			7.130803
84000			-1521.903798			6.452185
85000			-1521.903798			5.838150
86000			-1527.595128			5.282550
87000			-1521.903798			4.779825
88000			-1514.315358			4.324943
89000			-1421.356969			3.913350
90000			-1427.048299			3.540928
91000			-1430.842519			3.203948
92000			-1362.546559			2.899038
93000			-1370.134999			2.623145
94000			-1372.032109			2.373508
95000			-1366.340779			2.147628
96000			-1370.134999			1.943244
97000			-1373.929219			1.758311
98000			-1370.134999			1.590978
99000			-1360.649449			1.439569
100000			-1354.958120			1.302570
101000			-1353.061010			1.178608
102000			-1349.266790			1.066443
103000			-1349.266790			0.964953
104000			-1347.369680			0.873121
105000			-1347.369680			0.790029
106000			-1347.369680			0.714844
107000			-1345.472570			0.646814
108000			-1343.575460			0.585259
109000			-1343.575460			0.529561
110000			-1343.575460			0.479165
111000			-1343.575460			0.433564
112000			-1343.575460			0.392303
113000			-1343.575460			0.354969
114000			-1343.575460			0.321187
115000			-1343.575460			0.290621
116000			-1343.575460			0.262963
117000			-1343.575460			0.237938
118000			-1343.575460			0.215294
119000			-1343.575460			0.194805
120000			-1343.575460			0.176266
121000			-1343.575460			0.159491
122000			-1343.575460			0.144313
123000			-1343.575460			0.130579
124000			-1343.575460			0.118152
125000			-1343.575460			0.106908
126000			-1343.575460			0.096734
127000			-1343.575460			0.087528
128000			-1343.575460			0.079198
129000			-1343.575460			0.071661
130000			-1343.575460			0.064841
131000			-1343.575460			0.058671
132000			-1343.575460			0.053087
133000			-1343.575460			0.048035
134000			-1343.575460			0.043464
135000			-1343.575460			0.039327
136000			-1343.575460			0.035585
137000			-1343.575460			0.032198
138000			-1343.575460			0.029134
139000			-1343.575460			0.026361
140000			-1343.575460			0.023853
141000			-1343.575460			0.021583
142000			-1343.575460			0.019529
143000			-1343.575460			0.017670
144000			-1343.575460			0.015989
145000			-1343.575460			0.014467
146000			-1343.575460			0.013090
147000			-1343.575460			0.011844
148000			-1343.575460			0.010717
149000			-1343.575460			0.009697
150000			-1343.575460			0.008774
151000			-1343.575460			0.007939
152000			-1343.575460			0.007184
153000			-1343.575460			0.006500
154000			-1343.575460			0.005882
155000			-1343.575460			0.005322
156000			-1343.575460			0.004815
157000			-1343.575460			0.004357
158000			-1343.575460			0.003942
159000			-1343.575460			0.003567
160000			-1343.575460			0.003228
161000			-1343.575460			0.002921
162000			-1343.575460			0.002643
163000			-1343.575460			0.002391
164000			-1343.575460			0.002164
165000			-1343.575460			0.001958
166000			-1343.575460			0.001771
167000			-1343.575460			0.001603
168000			-1343.575460			0.001450
169000			-1343.575460			0.001312
170000			-1343.575460			0.001187
171000			-1343.575460			0.001074
Iteration: 8
Step			Log-likelihood			Temperature
1			-26942.181630			99900.000000
1000			-24839.852336			36769.542477
2000			-23835.981976			23501.721022
3000			-27018.587922			21265.130236
4000			-20839.952613			19241.389323
5000			-23687.385686			17410.241977
6000			-24624.710666			15753.359626
7000			-21888.092672			14254.157974
8000			-25950.752453			12897.631004
9000			-21452.692723			11670.200782
10000			-22573.925875			10559.581542
11000			-26343.809007			9554.656721
12000			-21045.168864			8645.367688
13000			-25266.965949			7822.613061
14000			-25100.498231			7078.157611
15000			-24291.798588			6404.549832
16000			-23620.593957			5795.047357
17000			-24897.803582			5243.549468
18000			-24073.663193			4744.536038
19000			-23334.634725			4293.012272
20000			-23227.525725			3884.458716
21000			-21554.476859			3514.786020
22000			-21540.508090			3180.294005
23000			-23133.450146			2877.634626
24000			-23349.720684			2603.778466
25000			-22337.734153			2355.984403
26000			-21909.148563			2131.772185
27000			-20157.230470			1928.897594
28000			-21225.737421			1745.329992
29000			-22676.305307			1579.231987
30000			-16083.724658			1428.941048
31000			-19278.628037			1292.952863
32000			-20490.121973			1169.906280
33000			-26547.180976			1058.569685
34000			-21390.656976			957.828671
35000			-16749.754013			866.674888
36000			-17324.112055			784.195947
37000			-13912.680111			709.566288
38000			-17613.170669			642.038917
39000			-12942.559013			580.937931
40000			-14102.898266			525.651749
41000			-12822.170243			475.626993
42000			-13116.926025			430.362949
43000			-16204.855256			389.406552
44000			-14723.658066			352.347857
45000			-12158.639134			318.815931
46000			-11708.343689			288.475142
47000			-11562.882092			261.021797
48000			-10848.650907			236.181108
49000			-12338.166687			213.704435
50000			-10391.248042			193.366803
51000			-8105.764081			174.964643
52000			-9127.719963			158.313765
53000			-7889.214940			143.247502
54000			-7941.296073			129.615051
55000			-5820.473641			117.279962
56000			-5857.583092			106.118767
57000			-7202.842327			96.019751
58000			-6579.898195			86.881830
59000			-5840.605862			78.613537
60000			-5726.682503			71.132114
61000			-4874.498918			64.362677
62000			-4653.891692			58.237467
63000			-4576.975184			52.695176
64000			-4219.518012			47.680328
65000			-3680.002788			43.142730
66000			-2880.648002			39.036961
67000			-2685.277927			35.321926
68000			-2615.439645			31.960441
69000			-2291.195104			28.918858
70000			-2113.415073			26.166734
71000			-1958.239095			23.676522
72000			-1869.074925			21.423296
73000			-1944.959325			19.384503
74000			-1963.930425			17.539736
75000			-1795.087636			15.870530
76000			-1800.778966			14.360177
77000			-1743.865666			12.993561
78000			-1709.717687			11.757001
79000			-1709.717687			10.638121
80000			-1722.997457			9.625722
81000			-1474.476049			8.709670
82000			-1487.755818			7.880796
83000			-1487.755818			7.130803
84000			-1502.932698			6.452185
85000			-1428.945409			5.838150
86000			-1432.739629			5.282550
87000			-1425.151189			4.779825
88000			-1423.254079			4.324943
89000			-1432.739629			3.913350
90000			-1427.048299			3.540928
91000			-1419.459859			3.203948
92000			-1419.459859			2.899038
93000			-1375.826329			2.623145
94000			-1366.340779			2.373508
95000			-1366.340779			2.147628
96000			-1368.237889			1.943244
97000			-1366.340779			1.758311
98000			-1353.061010			1.590978
99000			-1354.958120			1.439569
100000			-1349.266790			1.302570
101000			-1353.061010			1.178608
102000			-1351.163900			1.066443
103000			-1347.369680			0.964953
104000			-1347.369680			0.873121
105000			-1349.266790			0.790029
106000			-1351.163900			0.714844
107000			-1349.266790			0.646814
108000			-1345.472570			0.585259
109000			-1345.472570			0.529561
110000			-1345.472570			0.479165
111000			-1345.472570			0.433564
112000			-1345.472570			0.392303
113000			-1343.575460			0.354969
114000			-1343.575460			0.321187
115000			-1343.575460			0.290621
116000			-1343.575460			0.262963
117000			-1343.575460			0.237938
118000			-1343.575460			0.215294
119000			-1343.575460			0.194805
120000			-1343.575460			0.176266
121000			-1343.575460			0.159491
122000			-1343.575460			0.144313
123000			-1343.575460			0.130579
124000			-1343.575460			0.118152
125000			-1343.575460			0.106908
126000			-1343.575460			0.096734
127000			-1343.575460			0.087528
128000			-1343.575460			0.079198
129000			-1343.575460			0.071661
130000			-1343.575460			0.064841
131000			-1343.575460			0.058671
132000			-1343.575460			0.053087
133000			-1343.575460			0.048035
134000			-1343.575460			0.043464
135000			-1343.575460			0.039327
136000			-1343.575460			0.035585
137000			-1343.575460			0.032198
138000			-1343.575460			0.029134
139000			-1343.575460			0.026361
140000			-1343.575460			0.023853
141000			-1343.575460			0.021583
142000			-1343.575460			0.019529
143000			-1343.575460			0.017670
144000			-1343.575460			0.015989
145000			-1343.575460			0.014467
146000			-1343.575460			0.013090
147000			-1343.575460			0.011844
148000			-1343.575460			0.010717
149000			-1343.575460			0.009697
150000			-1343.575460			0.008774
151000			-1343.575460			0.007939
152000			-1343.575460			0.007184
153000			-1343.575460			0.006500
154000			-1343.575460			0.005882
155000			-1343.575460			0.005322
156000			-1343.575460			0.004815
157000			-1343.575460			0.004357
158000			-1343.575460			0.003942
159000			-1343.575460			0.003567
160000			-1343.575460			0.003228
161000			-1343.575460			0.002921
162000			-1343.575460			0.002643
163000			-1343.575460			0.002391
164000			-1343.575460			0.002164
165000			-1343.575460			0.001958
166000			-1343.575460			0.001771
167000			-1343.575460			0.001603
168000			-1343.575460			0.001450
169000			-1343.575460			0.001312
170000			-1343.575460			0.001187
171000			-1343.575460			0.001074
Iteration: 9
Step			Log-likelihood			Temperature
1			-26821.153631			99900.000000
1000			-22786.020992			36769.542477
2000			-24755.622933			23501.721022
3000			-21094.095005			21265.130236
4000			-24219.482635			19241.389323
5000			-24353.247935			17410.241977
6000			-25618.989818			15753.359626
7000			-25569.535945			14254.157974
8000			-23070.775171			12897.631004
9000			-23397.362529			11670.200782
10000			-20857.495667			10559.581542
11000			-25615.605995			9554.656721
12000			-26166.436591			8645.367688
13000			-20892.174437			7822.613061
14000			-22523.214120			7078.157611
15000			-24342.557332			6404.549832
16000			-23735.616989			5795.047357
17000			-20963.206094			5243.549468
18000			-24419.860880			4744.536038
19000			-20331.266052			4293.012272
20000			-22329.966929			3884.458716
21000			-23966.592285			3514.786020
22000			-22524.295999			3180.294005
23000			-19283.533608			2877.634626
24000			-18186.593363			2603.778466
25000			-21745.680410			2355.984403
26000			-23495.572379			2131.772185
27000			-17396.577597			1928.897594
28000			-22063.342204			1745.329992
29000			-16405.743716			1579.231987
30000			-20581.570292			1428.941048
31000			-16082.267418			1292.952863
32000			-14467.146442			1169.906280
33000			-22814.272443			1058.569685
34000			-19568.492985			957.828671
35000			-17128.167258			866.674888
36000			-15835.279435			784.195947
37000			-14366.502852			709.566288
38000			-16253.367942			642.038917
39000			-17505.657111			580.937931
40000			-15422.926190			525.651749
41000			-13698.473789			475.626993
42000			-12173.557987			430.362949
43000			-13495.532791			389.406552
44000			-14973.041418			352.347857
45000			-10243.161966			318.815931
46000			-9119.632986			288.475142
47000			-12274.916990			261.021797
48000			-11975.205865			236.181108
49000			-11444.176337			213.704435
50000			-10719.040453			193.366803
51000			-10291.454718			174.964643
52000			-9306.059980			158.313765
53000			-9150.690481			143.247502
54000			-9539.076135			129.615051
55000			-7720.797285			117.279962
56000			-8454.166675			106.118767
57000			-7466.385187			96.019751
58000			-7430.049817			86.881830
59000			-6047.165077			78.613537
60000			-5215.236888			71.132114
61000			-5814.465616			64.362677
62000			-5062.312807			58.237467
63000			-3981.352995			52.695176
64000			-3393.028965			47.680328
65000			-2904.342831			43.142730
66000			-2671.068648			39.036961
67000			-2511.292116			35.321926
68000			-2202.966283			31.960441
69000			-2083.416100			28.918858
70000			-1962.033315			26.166734
71000			-1872.869145			23.676522
72000			-1850.103826			21.423296
73000			-1954.444875			19.384503
74000			-1967.724645			17.539736
75000			-1971.518865			15.870530
76000			-1855.795156			14.360177
77000			-1715.409017			12.993561
78000			-1549.844394			11.757001
79000			-1536.564624			10.638121
80000			-1521.387744			9.625722
81000			-1523.284854			8.709670
82000			-1551.741504			7.880796
83000			-1519.490634			7.130803
84000			-1447.400455			6.452185
85000			-1462.577335			5.838150
86000			-1466.371555			5.282550
87000			-1485.342655			4.779825
88000			-1446.019399			4.324943
89000			-1446.019399			3.913350
90000			-1444.122289			3.540928
91000			-1425.151189			3.203948
92000			-1417.562749			2.899038
93000			-1423.254079			2.623145
94000			-1428.945409			2.373508
95000			-1432.739629			2.147628
96000			-1436.533849			1.943244
97000			-1423.254079			1.758311
98000			-1421.356969			1.590978
99000			-1421.356969			1.439569
100000			-1421.356969			1.302570
101000			-1419.459859			1.178608
102000			-1413.768529			1.066443
103000			-1413.768529			0.964953
104000			-1408.077199			0.873121
105000			-1408.077199			0.790029
106000			-1406.180089			0.714844
107000			-1406.180089			0.646814
108000			-1408.077199			0.585259
109000			-1408.077199			0.529561
110000			-1406.180089			0.479165
111000			-1406.180089			0.433564
112000			-1404.282979			0.392303
113000			-1402.385869			0.354969
114000			-1402.385869			0.321187
115000			-1402.385869			0.290621
116000			-1402.385869			0.262963
117000			-1402.385869			0.237938
118000			-1402.385869			0.215294
119000			-1402.385869			0.194805
120000			-1402.385869			0.176266
121000			-1402.385869			0.159491
122000			-1402.385869			0.144313
123000			-1402.385869			0.130579
124000			-1402.385869			0.118152
125000			-1402.385869			0.106908
126000			-1402.385869			0.096734
127000			-1402.385869			0.087528
128000			-1402.385869			0.079198
129000			-1402.385869			0.071661
130000			-1402.385869			0.064841
131000			-1402.385869			0.058671
132000			-1402.385869			0.053087
133000			-1402.385869			0.048035
134000			-1402.385869			0.043464
135000			-1402.385869			0.039327
136000			-1402.385869			0.035585
137000			-1402.385869			0.032198
138000			-1402.385869			0.029134
139000			-1402.385869			0.026361
140000			-1402.385869			0.023853
141000			-1402.385869			0.021583
142000			-1402.385869			0.019529
143000			-1402.385869			0.017670
144000			-1402.385869			0.015989
145000			-1402.385869			0.014467
146000			-1402.385869			0.013090
147000			-1402.385869			0.011844
148000			-1402.385869			0.010717
149000			-1402.385869			0.009697
150000			-1402.385869			0.008774
151000			-1402.385869			0.007939
152000			-1402.385869			0.007184
153000			-1402.385869			0.006500
154000			-1402.385869			0.005882
155000			-1402.385869			0.005322
156000			-1402.385869			0.004815
157000			-1402.385869			0.004357
158000			-1402.385869			0.003942
159000			-1402.385869			0.003567
160000			-1402.385869			0.003228
161000			-1402.385869			0.002921
162000			-1402.385869			0.002643
163000			-1402.385869			0.002391
164000			-1402.385869			0.002164
165000			-1402.385869			0.001958
166000			-1402.385869			0.001771
167000			-1402.385869			0.001603
168000			-1402.385869			0.001450
169000			-1402.385869			0.001312
170000			-1402.385869			0.001187
171000			-1402.385869			0.001074
Iteration: 10
Step			Log-likelihood			Temperature
1			-25099.266764			99900.000000
1000			-23679.339860			36769.542477
2000			-23843.634923			23501.721022
3000			-19427.719806			21265.130236
4000			-26822.540526			19241.389323
5000			-25693.686682			17410.241977
6000			-21940.704595			15753.359626
7000			-21961.616736			14254.157974
8000			-25866.957080			12897.631004
9000			-24715.745531			11670.200782
10000			-19753.081536			10559.581542
11000			-23875.428407			9554.656721
12000			-24074.844890			8645.367688
13000			-22373.333534			7822.613061
14000			-24105.875970			7078.157611
15000			-22842.277546			6404.549832
16000			-22312.743350			5795.047357
17000			-20488.230702			5243.549468
18000			-22400.526463			4744.536038
19000			-20872.109503			4293.012272
20000			-20773.934965			3884.458716
21000			-22574.893476			3514.786020
22000			-21112.136596			3180.294005
23000			-22118.038918			2877.634626
24000			-23896.856602			2603.778466
25000			-19750.700626			2355.984403
26000			-19697.604902			2131.772185
27000			-23146.202184			1928.897594
28000			-18500.792368			1745.329992
29000			-26277.688759			1579.231987
30000			-20109.486025			1428.941048
31000			-20908.931732			1292.952863
32000			-15908.756510			1169.906280
33000			-19664.794047			1058.569685
34000			-14740.336118			957.828671
35000			-19582.309384			866.674888
36000			-19718.874889			784.195947
37000			-15643.627395			709.566288
38000			-14725.686971			642.038917
39000			-15280.118267			580.937931
40000			-18492.605850			525.651749
41000			-13622.407547			475.626993
42000			-13771.493477			430.362949
43000			-14009.426881			389.406552
44000			-14135.779745			352.347857
45000			-12448.031960			318.815931
46000			-12829.233731			288.475142
47000			-12016.367563			261.021797
48000			-12805.876173			236.181108
49000			-11742.263114			213.704435
50000			-10422.112016			193.366803
51000			-8308.142035			174.964643
52000			-9984.600862			158.313765
53000			-9863.024556			143.247502
54000			-8112.106317			129.615051
55000			-7930.461720			117.279962
56000			-8216.673140			106.118767
57000			-5847.452474			96.019751
58000			-5811.638997			86.881830
59000			-6108.931118			78.613537
60000			-5519.929768			71.132114
61000			-3887.297991			64.362677
62000			-3599.775861			58.237467
63000			-4895.200022			52.695176
64000			-3181.224128			47.680328
65000			-3402.798956			43.142730
66000			-3234.891515			39.036961
67000			-2948.943962			35.321926
68000			-3266.916611			31.960441
69000			-2515.376616			28.918858
70000			-2557.113036			26.166734
71000			-2538.174189			23.676522
72000			-2249.813472			21.423296
73000			-2225.151042			19.384503
74000			-2136.051379			17.539736
75000			-2081.099696			15.870530
76000			-1916.502675			14.360177
77000			-1724.894567			12.993561
78000			-1757.145436			11.757001
79000			-1459.299169			10.638121
80000			-1483.961599			9.625722
81000			-1472.578939			8.709670
82000			-1430.842519			7.880796
83000			-1442.225179			7.130803
84000			-1404.282979			6.452185
85000			-1392.900319			5.838150
86000			-1383.414769			5.282550
87000			-1389.106099			4.779825
88000			-1387.208989			4.324943
89000			-1387.208989			3.913350
90000			-1389.106099			3.540928
91000			-1368.237889			3.203948
92000			-1360.649449			2.899038
93000			-1372.032109			2.623145
94000			-1370.134999			2.373508
95000			-1366.340779			2.147628
96000			-1360.649449			1.943244
97000			-1364.443669			1.758311
98000			-1356.855230			1.590978
99000			-1349.266790			1.439569
100000			-1349.266790			1.302570
101000			-1354.958120			1.178608
102000			-1354.958120			1.066443
103000			-1351.163900			0.964953
104000			-1351.163900			0.873121
105000			-1349.266790			0.790029
106000			-1349.266790			0.714844
107000			-1349.266790			0.646814
108000			-1351.163900			0.585259
109000			-1347.369680			0.529561
110000			-1343.575460			0.479165
111000			-1343.575460			0.433564
112000			-1343.575460			0.392303
113000			-1343.575460			0.354969
114000			-1343.575460			0.321187
115000			-1343.575460			0.290621
116000			-1343.575460			0.262963
117000			-1343.575460			0.237938
118000			-1343.575460			0.215294
119000			-1343.575460			0.194805
120000			-1343.575460			0.176266
121000			-1343.575460			0.159491
122000			-1343.575460			0.144313
123000			-1343.575460			0.130579
124000			-1343.575460			0.118152
125000			-1343.575460			0.106908
126000			-1343.575460			0.096734
127000			-1343.575460			0.087528
128000			-1343.575460			0.079198
129000			-1343.575460			0.071661
130000			-1343.575460			0.064841
131000			-1343.575460			0.058671
132000			-1343.575460			0.053087
133000			-1343.575460			0.048035
134000			-1343.575460			0.043464
135000			-1343.575460			0.039327
136000			-1343.575460			0.035585
137000			-1343.575460			0.032198
138000			-1343.575460			0.029134
139000			-1343.575460			0.026361
140000			-1343.575460			0.023853
141000			-1343.575460			0.021583
142000			-1343.575460			0.019529
143000			-1343.575460			0.017670
144000			-1343.575460			0.015989
145000			-1343.575460			0.014467
146000			-1343.575460			0.013090
147000			-1343.575460			0.011844
148000			-1343.575460			0.010717
149000			-1343.575460			0.009697
150000			-1343.575460			0.008774
151000			-1343.575460			0.007939
152000			-1343.575460			0.007184
153000			-1343.575460			0.006500
154000			-1343.575460			0.005882
155000			-1343.575460			0.005322
156000			-1343.575460			0.004815
157000			-1343.575460			0.004357
158000			-1343.575460			0.003942
159000			-1343.575460			0.003567
160000			-1343.575460			0.003228
161000			-1343.575460			0.002921
162000			-1343.575460			0.002643
163000			-1343.575460			0.002391
164000			-1343.575460			0.002164
165000			-1343.575460			0.001958
166000			-1343.575460			0.001771
167000			-1343.575460			0.001603
168000			-1343.575460			0.001450
169000			-1343.575460			0.001312
170000			-1343.575460			0.001187
171000			-1343.575460			0.001074

Maximum likelihood Tree found: -1343.575460
digraph g {
	"49" -> "50";
	"50" [label="31"];
	"48" -> "49";
	"49" [label="12"];
	"47" -> "48";
	"48" [label="16"];
	"46" -> "47";
	"47" [label="49"];
	"45" -> "46";
	"46" [label="19"];
	"43" -> "44";
	"44" [label="7"];
	"42" -> "43";
	"43" [label="24"];
	"41" -> "42";
	"42" [label="35"];
	"40" -> "41";
	"41" [label="42"];
	"39" -> "40";
	"40" [label="18"];
	"38" -> "39";
	"39" [label="48"];
	"37" -> "38";
	"38" [label="41"];
	"36" -> "37";
	"37" [label="47"];
	"35" -> "36";
	"36" [label="32"];
	"34" -> "35";
	"35" [label="4"];
	"32" -> "33";
	"33" [label="27"];
	"31" -> "32";
	"32" [label="30"];
	"30" -> "31";
	"31" [label="46"];
	"29" -> "30";
	"30" [label="23"];
	"28" -> "29";
	"29" [label="22"];
	"28" -> "34";
	"34" [label="20"];
	"27" -> "28";
	"28" [label="29"];
	"26" -> "27";
	"27" [label="40"];
	"25" -> "26";
	"26" [label="38"];
	"24" -> "25";
	"25" [label="39"];
	"24" -> "45";
	"45" [label="8"];
	"22" -> "23";
	"23" [label="44"];
	"21" -> "22";
	"22" [label="36"];
	"20" -> "21";
	"21" [label="21"];
	"19" -> "20";
	"20" [label="33"];
	"18" -> "19";
	"19" [label="13"];
	"17" -> "18";
	"18" [label="37"];
	"16" -> "17";
	"17" [label="28"];
	"15" -> "16";
	"16" [label="25"];
	"14" -> "15";
	"15" [label="15"];
	"13" -> "14";
	"14" [label="11"];
	"12" -> "13";
	"13" [label="43"];
	"11" -> "12";
	"12" [label="34"];
	"10" -> "11";
	"11" [label="45"];
	"9" -> "10";
	"10" [label="5"];
	"8" -> "9";
	"9" [label="6"];
	"7" -> "8";
	"8" [label="17"];
	"7" -> "24";
	"24" [label="1"];
	"6" -> "7";
	"7" [label="10"];
	"5" -> "6";
	"6" [label="2"];
	"4" -> "5";
	"5" [label="3"];
	"3" -> "4";
	"4" [label="9"];
	"2" -> "3";
	"3" [label="50"];
	"1" -> "2";
	"2" [label="14"];
	"0" -> "1";
	"1" [label="26"];
	"0" [label="germline"];
	labelloc="t";
	label="Confidence score: -1343.575460";
}
Best cell assigment:
7 27 7 44 27 19 36 35 35 32 27 11 36 10 33 33 23 11 16 11 44 23 49 11 50 26 43 48 49 16 11 11 50 36 25 36 7 33 23 11 16 44 8 33 44 36 10 10 33 43 16 16 16 7 7 35 44 2 7 35 44 44 16 27 44 33 50 7 27 21 16 34 49 50 49 50 35 7 43 11 33 27 36 44 11 50 36 8 23 14 27 27 16 30 27 11 36 31 6 44 7 9 36 36 33 36 27 44 6 22 23 23 16 50 15 23 23 43 27 27 27 48 50 35 23 11 9 14 33 36 50 27 26 36 7 16 27 27 15 23 11 5 36 36 33 11 23 32 15 50 14 50 22 36 36 36 11 7 15 16 36 36 7 7 43 10 6 16 11 16 49 13 44 7 11 35 49 43 33 27 44 23 34 22 16 7 33 39 27 33 47 33 11 21 33 5 27 27 33 33 44 33 44 11 11 27 40 5 22 11 11 11 43 43 43 36 9 7 11 11 16 31 27 23 32 29 50 49 16 7 23 33 22 15 15 42 22 44 36 35 15 26 16 33 36 11 16 7 36 7 
alpha: 0.150000
beta: 0.000010
alpha: 1.000000
