Starting SASC.
Iteration: 1
Step			Log-likelihood			Temperature
1			-20942.031209			99900.000000
1000			-21457.540749			36769.542477
2000			-21537.181276			23501.721022
3000			-19996.551965			21265.130236
4000			-19831.567903			19241.389323
5000			-18948.300409			17410.241977
6000			-21292.981820			15753.359626
7000			-19739.104993			14254.157974
8000			-22030.004739			12897.631004
9000			-19082.775284			11670.200782
10000			-19490.442893			10559.581542
11000			-20122.916507			9554.656721
12000			-21248.703223			8645.367688
13000			-21041.756968			7822.613061
14000			-20163.653072			7078.157611
15000			-18274.360081			6404.549832
16000			-19331.349520			5795.047357
17000			-22707.665883			5243.549468
18000			-22087.214158			4744.536038
19000			-20575.874246			4293.012272
20000			-18873.404187			3884.458716
21000			-15458.761364			3514.786020
22000			-21526.288256			3180.294005
23000			-19727.355868			2877.634626
24000			-17777.801066			2603.778466
25000			-19627.905653			2355.984403
26000			-19257.948631			2131.772185
27000			-17860.611321			1928.897594
28000			-20642.111828			1745.329992
29000			-19338.421906			1579.231987
30000			-16466.889169			1428.941048
31000			-19055.817025			1292.952863
32000			-20420.613185			1169.906280
33000			-18198.880240			1058.569685
34000			-20536.105282			957.828671
35000			-20446.876606			866.674888
36000			-18995.786827			784.195947
37000			-19021.126577			709.566288
38000			-17932.460990			642.038917
39000			-15315.724610			580.937931
40000			-14256.843900			525.651749
41000			-15487.496617			475.626993
42000			-15037.875711			430.362949
43000			-16611.702918			389.406552
44000			-13809.662573			352.347857
45000			-14042.743235			318.815931
46000			-14108.807872			288.475142
47000			-14239.377031			261.021797
48000			-13278.515708			236.181108
49000			-10609.460744			213.704435
50000			-9862.999264			193.366803
51000			-7780.424048			174.964643
52000			-6544.428950			158.313765
53000			-8252.455486			143.247502
54000			-7678.481427			129.615051
55000			-9338.957039			117.279962
56000			-7213.457868			106.118767
57000			-7092.365363			96.019751
58000			-5996.976338			86.881830
59000			-4406.564781			78.613537
60000			-3786.338829			71.132114
61000			-2870.492093			64.362677
62000			-3112.935131			58.237467
63000			-2963.514989			52.695176
64000			-2844.158327			47.680328
65000			-2403.932050			43.142730
66000			-2378.979340			39.036961
67000			-2091.295943			35.321926
68000			-1917.535906			31.960441
69000			-1612.133451			28.918858
70000			-1506.443600			26.166734
71000			-1506.443600			23.676522
72000			-1441.941860			21.423296
73000			-1466.604290			19.384503
74000			-1476.089840			17.539736
75000			-1341.395031			15.870530
76000			-1244.642422			14.360177
77000			-1259.819302			12.993561
78000			-1271.201961			11.757001
79000			-1202.906002			10.638121
80000			-1214.288662			9.625722
81000			-1161.169582			8.709670
82000			-1111.844723			7.880796
83000			-1077.696743			7.130803
84000			-1072.005413			6.452185
85000			-1070.108303			5.838150
86000			-1094.770733			5.282550
87000			-1092.873623			4.779825
88000			-1083.388073			4.324943
89000			-1060.622753			3.913350
90000			-1066.314083			3.540928
91000			-1068.211193			3.203948
92000			-1060.622753			2.899038
93000			-1053.034313			2.623145
94000			-1060.622753			2.373508
95000			-1075.799633			2.147628
96000			-1070.108303			1.943244
97000			-1056.828533			1.758311
98000			-1060.622753			1.590978
99000			-1047.342983			1.439569
100000			-1051.137203			1.302570
101000			-1053.034313			1.178608
102000			-1051.137203			1.066443
103000			-1045.445873			0.964953
104000			-1041.651653			0.873121
105000			-1043.548763			0.790029
106000			-1041.651653			0.714844
107000			-1041.651653			0.646814
108000			-1037.857433			0.585259
109000			-1037.857433			0.529561
110000			-1035.960323			0.479165
111000			-1035.960323			0.433564
112000			-1035.960323			0.392303
113000			-1034.063213			0.354969
114000			-1034.063213			0.321187
115000			-1034.063213			0.290621
116000			-1034.063213			0.262963
117000			-1032.166103			0.237938
118000			-1032.166103			0.215294
119000			-1032.166103			0.194805
120000			-1032.166103			0.176266
121000			-1032.166103			0.159491
122000			-1032.166103			0.144313
123000			-1032.166103			0.130579
124000			-1032.166103			0.118152
125000			-1032.166103			0.106908
126000			-1032.166103			0.096734
127000			-1032.166103			0.087528
128000			-1032.166103			0.079198
129000			-1032.166103			0.071661
130000			-1032.166103			0.064841
131000			-1032.166103			0.058671
132000			-1032.166103			0.053087
133000			-1032.166103			0.048035
134000			-1032.166103			0.043464
135000			-1032.166103			0.039327
136000			-1032.166103			0.035585
137000			-1032.166103			0.032198
138000			-1032.166103			0.029134
139000			-1032.166103			0.026361
140000			-1032.166103			0.023853
141000			-1032.166103			0.021583
142000			-1032.166103			0.019529
143000			-1032.166103			0.017670
144000			-1032.166103			0.015989
145000			-1032.166103			0.014467
146000			-1032.166103			0.013090
147000			-1032.166103			0.011844
148000			-1032.166103			0.010717
149000			-1032.166103			0.009697
150000			-1032.166103			0.008774
151000			-1032.166103			0.007939
152000			-1032.166103			0.007184
153000			-1032.166103			0.006500
154000			-1032.166103			0.005882
155000			-1032.166103			0.005322
156000			-1032.166103			0.004815
157000			-1032.166103			0.004357
158000			-1032.166103			0.003942
159000			-1032.166103			0.003567
160000			-1032.166103			0.003228
161000			-1032.166103			0.002921
162000			-1032.166103			0.002643
163000			-1032.166103			0.002391
164000			-1032.166103			0.002164
165000			-1032.166103			0.001958
166000			-1032.166103			0.001771
167000			-1030.268993			0.001603
168000			-1030.268993			0.001450
169000			-1030.268993			0.001312
170000			-1030.268993			0.001187
171000			-1030.268993			0.001074
Iteration: 2
Step			Log-likelihood			Temperature
1			-21105.666468			99900.000000
1000			-21864.355034			36769.542477
2000			-19382.029022			23501.721022
3000			-22078.921983			21265.130236
4000			-20154.572079			19241.389323
5000			-19579.656833			17410.241977
6000			-21300.209634			15753.359626
7000			-19858.139121			14254.157974
8000			-21453.708437			12897.631004
9000			-18495.289842			11670.200782
10000			-20484.845220			10559.581542
11000			-20029.512409			9554.656721
12000			-19415.660948			8645.367688
13000			-20064.616312			7822.613061
14000			-18946.828432			7078.157611
15000			-18226.480785			6404.549832
16000			-20970.602136			5795.047357
17000			-22194.419918			5243.549468
18000			-20511.164250			4744.536038
19000			-20805.579982			4293.012272
20000			-17823.191014			3884.458716
21000			-19553.698429			3514.786020
22000			-19505.094822			3180.294005
23000			-21966.121653			2877.634626
24000			-19469.709536			2603.778466
25000			-18867.832973			2355.984403
26000			-19056.978147			2131.772185
27000			-18363.641586			1928.897594
28000			-16880.350708			1745.329992
29000			-18394.537814			1579.231987
30000			-20050.799913			1428.941048
31000			-17700.122156			1292.952863
32000			-20305.807307			1169.906280
33000			-15096.413357			1058.569685
34000			-16822.147273			957.828671
35000			-19574.411211			866.674888
36000			-15214.421217			784.195947
37000			-18044.249788			709.566288
38000			-16318.967419			642.038917
39000			-17029.539237			580.937931
40000			-16616.189195			525.651749
41000			-17386.448102			475.626993
42000			-15441.309231			430.362949
43000			-15782.053040			389.406552
44000			-14812.931796			352.347857
45000			-13366.442571			318.815931
46000			-12826.944864			288.475142
47000			-12317.150011			261.021797
48000			-11686.379987			236.181108
49000			-9354.418361			213.704435
50000			-10769.102424			193.366803
51000			-8818.497997			174.964643
52000			-9511.297929			158.313765
53000			-8945.539859			143.247502
54000			-7999.365777			129.615051
55000			-6623.049047			117.279962
56000			-5750.416546			106.118767
57000			-6173.794607			96.019751
58000			-5804.626401			86.881830
59000			-4145.370578			78.613537
60000			-3837.141505			71.132114
61000			-3355.952890			64.362677
62000			-2630.424127			58.237467
63000			-2534.510105			52.695176
64000			-2833.608416			47.680328
65000			-2422.161322			43.142730
66000			-2009.784721			39.036961
67000			-1813.162603			35.321926
68000			-2185.603135			31.960441
69000			-1790.042496			28.918858
70000			-1799.528046			26.166734
71000			-1581.263638			23.676522
72000			-1655.186420			21.423296
73000			-1447.084883			19.384503
74000			-1392.068693			17.539736
75000			-1418.628233			15.870530
76000			-1395.862913			14.360177
77000			-1113.741833			12.993561
78000			-1083.388073			11.757001
79000			-1087.182293			10.638121
80000			-1083.388073			9.625722
81000			-1155.478252			8.709670
82000			-1094.770733			7.880796
83000			-1087.182293			7.130803
84000			-1073.902523			6.452185
85000			-1068.211193			5.838150
86000			-1075.799633			5.282550
87000			-1068.211193			4.779825
88000			-1068.211193			4.324943
89000			-1056.828533			3.913350
90000			-1075.799633			3.540928
91000			-1073.902523			3.203948
92000			-1060.622753			2.899038
93000			-1064.416973			2.623145
94000			-1056.828533			2.373508
95000			-1049.240093			2.147628
96000			-1058.725643			1.943244
97000			-1062.519863			1.758311
98000			-1056.828533			1.590978
99000			-1049.240093			1.439569
100000			-1049.240093			1.302570
101000			-1047.342983			1.178608
102000			-1043.548763			1.066443
103000			-1045.445873			0.964953
104000			-1043.548763			0.873121
105000			-1043.548763			0.790029
106000			-1043.548763			0.714844
107000			-1039.754543			0.646814
108000			-1041.651653			0.585259
109000			-1039.754543			0.529561
110000			-1035.960323			0.479165
111000			-1035.960323			0.433564
112000			-1034.063213			0.392303
113000			-1034.063213			0.354969
114000			-1034.063213			0.321187
115000			-1034.063213			0.290621
116000			-1034.063213			0.262963
117000			-1034.063213			0.237938
118000			-1034.063213			0.215294
119000			-1032.166103			0.194805
120000			-1032.166103			0.176266
121000			-1032.166103			0.159491
122000			-1032.166103			0.144313
123000			-1032.166103			0.130579
124000			-1032.166103			0.118152
125000			-1032.166103			0.106908
126000			-1032.166103			0.096734
127000			-1032.166103			0.087528
128000			-1032.166103			0.079198
129000			-1032.166103			0.071661
130000			-1032.166103			0.064841
131000			-1032.166103			0.058671
132000			-1032.166103			0.053087
133000			-1032.166103			0.048035
134000			-1032.166103			0.043464
135000			-1032.166103			0.039327
136000			-1032.166103			0.035585
137000			-1032.166103			0.032198
138000			-1032.166103			0.029134
139000			-1032.166103			0.026361
140000			-1032.166103			0.023853
141000			-1032.166103			0.021583
142000			-1032.166103			0.019529
143000			-1032.166103			0.017670
144000			-1032.166103			0.015989
145000			-1032.166103			0.014467
146000			-1032.166103			0.013090
147000			-1032.166103			0.011844
148000			-1032.166103			0.010717
149000			-1032.166103			0.009697
150000			-1032.166103			0.008774
151000			-1032.166103			0.007939
152000			-1032.166103			0.007184
153000			-1032.166103			0.006500
154000			-1032.166103			0.005882
155000			-1032.166103			0.005322
156000			-1032.166103			0.004815
157000			-1032.166103			0.004357
158000			-1032.166103			0.003942
159000			-1032.166103			0.003567
160000			-1032.166103			0.003228
161000			-1032.166103			0.002921
162000			-1032.166103			0.002643
163000			-1032.166103			0.002391
164000			-1032.166103			0.002164
165000			-1032.166103			0.001958
166000			-1032.166103			0.001771
167000			-1032.166103			0.001603
168000			-1032.166103			0.001450
169000			-1032.166103			0.001312
170000			-1032.166103			0.001187
171000			-1032.166103			0.001074
Iteration: 3
Step			Log-likelihood			Temperature
1			-21791.995150			99900.000000
1000			-20502.435264			36769.542477
2000			-21195.132596			23501.721022
3000			-20064.073844			21265.130236
4000			-21126.229662			19241.389323
5000			-21330.880088			17410.241977
6000			-19616.836630			15753.359626
7000			-20146.145052			14254.157974
8000			-18407.081595			12897.631004
9000			-20837.379304			11670.200782
10000			-20058.291593			10559.581542
11000			-20367.939814			9554.656721
12000			-21054.488430			8645.367688
13000			-17763.193069			7822.613061
14000			-18959.184533			7078.157611
15000			-18682.259303			6404.549832
16000			-19292.084932			5795.047357
17000			-20306.018344			5243.549468
18000			-17413.828712			4744.536038
19000			-20087.038523			4293.012272
20000			-20566.259682			3884.458716
21000			-20482.690083			3514.786020
22000			-16317.624456			3180.294005
23000			-20371.766287			2877.634626
24000			-21179.858956			2603.778466
25000			-16823.909531			2355.984403
26000			-19194.435068			2131.772185
27000			-19104.933629			1928.897594
28000			-19984.266211			1745.329992
29000			-20137.093532			1579.231987
30000			-18440.769131			1428.941048
31000			-19609.374422			1292.952863
32000			-20887.129297			1169.906280
33000			-18692.647948			1058.569685
34000			-17394.611263			957.828671
35000			-16736.164510			866.674888
36000			-14712.590165			784.195947
37000			-14904.740742			709.566288
38000			-16204.475177			642.038917
39000			-16546.189645			580.937931
40000			-14366.407215			525.651749
41000			-14127.969434			475.626993
42000			-14985.105580			430.362949
43000			-14882.350785			389.406552
44000			-14037.192596			352.347857
45000			-15248.440183			318.815931
46000			-15158.211653			288.475142
47000			-12927.705789			261.021797
48000			-11382.379164			236.181108
49000			-12522.439666			213.704435
50000			-11026.566914			193.366803
51000			-11008.906524			174.964643
52000			-9268.919398			158.313765
53000			-8724.486925			143.247502
54000			-8347.607105			129.615051
55000			-7140.913083			117.279962
56000			-7067.661782			106.118767
57000			-7078.285097			96.019751
58000			-5291.960997			86.881830
59000			-4478.396933			78.613537
60000			-3977.017429			71.132114
61000			-4172.478425			64.362677
62000			-3678.467426			58.237467
63000			-3666.181672			52.695176
64000			-3229.690948			47.680328
65000			-2637.502352			43.142730
66000			-2477.086591			39.036961
67000			-2387.857915			35.321926
68000			-2184.996160			31.960441
69000			-2027.761805			28.918858
70000			-1904.836696			26.166734
71000			-1677.183498			23.676522
72000			-1840.334957			21.423296
73000			-1957.955776			19.384503
74000			-1959.852886			17.539736
75000			-1648.726848			15.870530
76000			-1570.945339			14.360177
77000			-1580.430889			12.993561
78000			-1496.958050			11.757001
79000			-1460.912960			10.638121
80000			-1457.118740			9.625722
81000			-1462.810070			8.709670
82000			-1343.292141			7.880796
83000			-1212.391552			7.130803
84000			-1115.638943			6.452185
85000			-1121.330273			5.838150
86000			-1072.005413			5.282550
87000			-1066.314083			4.779825
88000			-1077.696743			4.324943
89000			-1062.519863			3.913350
90000			-1070.108303			3.540928
91000			-1060.622753			3.203948
92000			-1062.519863			2.899038
93000			-1064.416973			2.623145
94000			-1054.931423			2.373508
95000			-1058.725643			2.147628
96000			-1060.622753			1.943244
97000			-1054.931423			1.758311
98000			-1066.314083			1.590978
99000			-1053.034313			1.439569
100000			-1047.342983			1.302570
101000			-1039.754543			1.178608
102000			-1041.651653			1.066443
103000			-1041.651653			0.964953
104000			-1039.754543			0.873121
105000			-1039.754543			0.790029
106000			-1039.754543			0.714844
107000			-1039.754543			0.646814
108000			-1043.548763			0.585259
109000			-1043.548763			0.529561
110000			-1045.445873			0.479165
111000			-1039.754543			0.433564
112000			-1037.857433			0.392303
113000			-1037.857433			0.354969
114000			-1035.960323			0.321187
115000			-1034.063213			0.290621
116000			-1034.063213			0.262963
117000			-1034.063213			0.237938
118000			-1034.063213			0.215294
119000			-1034.063213			0.194805
120000			-1034.063213			0.176266
121000			-1032.166103			0.159491
122000			-1032.166103			0.144313
123000			-1032.166103			0.130579
124000			-1032.166103			0.118152
125000			-1032.166103			0.106908
126000			-1032.166103			0.096734
127000			-1032.166103			0.087528
128000			-1030.268993			0.079198
129000			-1030.268993			0.071661
130000			-1030.268993			0.064841
131000			-1030.268993			0.058671
132000			-1030.268993			0.053087
133000			-1030.268993			0.048035
134000			-1030.268993			0.043464
135000			-1030.268993			0.039327
136000			-1030.268993			0.035585
137000			-1030.268993			0.032198
138000			-1030.268993			0.029134
139000			-1030.268993			0.026361
140000			-1030.268993			0.023853
141000			-1030.268993			0.021583
142000			-1030.268993			0.019529
143000			-1030.268993			0.017670
144000			-1030.268993			0.015989
145000			-1030.268993			0.014467
146000			-1030.268993			0.013090
147000			-1030.268993			0.011844
148000			-1030.268993			0.010717
149000			-1030.268993			0.009697
150000			-1030.268993			0.008774
151000			-1030.268993			0.007939
152000			-1030.268993			0.007184
153000			-1030.268993			0.006500
154000			-1030.268993			0.005882
155000			-1030.268993			0.005322
156000			-1030.268993			0.004815
157000			-1030.268993			0.004357
158000			-1030.268993			0.003942
159000			-1030.268993			0.003567
160000			-1030.268993			0.003228
161000			-1030.268993			0.002921
162000			-1030.268993			0.002643
163000			-1030.268993			0.002391
164000			-1030.268993			0.002164
165000			-1030.268993			0.001958
166000			-1030.268993			0.001771
167000			-1030.268993			0.001603
168000			-1030.268993			0.001450
169000			-1030.268993			0.001312
170000			-1030.268993			0.001187
171000			-1030.268993			0.001074
Iteration: 4
Step			Log-likelihood			Temperature
1			-23173.531088			99900.000000
1000			-21091.005642			36769.542477
2000			-20159.284130			23501.721022
3000			-20609.350744			21265.130236
4000			-17539.609635			19241.389323
5000			-20439.346834			17410.241977
6000			-21188.699439			15753.359626
7000			-21617.246936			14254.157974
8000			-19693.316326			12897.631004
9000			-18606.181384			11670.200782
10000			-21048.023019			10559.581542
11000			-19060.854391			9554.656721
12000			-19656.233289			8645.367688
13000			-19419.100380			7822.613061
14000			-21620.788968			7078.157611
15000			-21620.821221			6404.549832
16000			-19830.386207			5795.047357
17000			-17438.455830			5243.549468
18000			-18875.952203			4744.536038
19000			-22448.072671			4293.012272
20000			-16268.343527			3884.458716
21000			-20015.974612			3514.786020
22000			-19099.746675			3180.294005
23000			-15402.771735			2877.634626
24000			-20195.716260			2603.778466
25000			-19975.308393			2355.984403
26000			-20423.917766			2131.772185
27000			-18457.142444			1928.897594
28000			-20735.043803			1745.329992
29000			-17575.449526			1579.231987
30000			-17473.339799			1428.941048
31000			-19666.079466			1292.952863
32000			-17338.472045			1169.906280
33000			-19746.951460			1058.569685
34000			-14494.094144			957.828671
35000			-17940.152029			866.674888
36000			-14232.627178			784.195947
37000			-16658.350747			709.566288
38000			-15974.344308			642.038917
39000			-15327.720084			580.937931
40000			-17621.367206			525.651749
41000			-18191.429710			475.626993
42000			-14004.481282			430.362949
43000			-13199.089277			389.406552
44000			-15288.778030			352.347857
45000			-12809.645101			318.815931
46000			-15584.668520			288.475142
47000			-13114.751436			261.021797
48000			-9164.760191			236.181108
49000			-11112.247718			213.704435
50000			-12151.805322			193.366803
51000			-12217.796556			174.964643
52000			-9003.904561			158.313765
53000			-8826.828265			143.247502
54000			-7764.625457			129.615051
55000			-5648.585421			117.279962
56000			-5929.249261			106.118767
57000			-4959.993164			96.019751
58000			-4260.068018			86.881830
59000			-3690.902769			78.613537
60000			-3593.892133			71.132114
61000			-4036.977282			64.362677
62000			-2993.642975			58.237467
63000			-2263.416898			52.695176
64000			-2140.814323			47.680328
65000			-1837.889540			43.142730
66000			-1712.712534			39.036961
67000			-1843.613123			35.321926
68000			-1688.566158			31.960441
69000			-1550.077129			28.918858
70000			-1726.476104			26.166734
71000			-1625.961529			23.676522
72000			-1529.208919			21.423296
73000			-1364.160351			19.384503
74000			-1354.674801			17.539736
75000			-1276.893291			15.870530
76000			-1280.687511			14.360177
77000			-1290.173061			12.993561
78000			-1280.687511			11.757001
79000			-1242.745312			10.638121
80000			-1109.947613			9.625722
81000			-1085.285183			8.709670
82000			-1090.976513			7.880796
83000			-1073.902523			7.130803
84000			-1073.902523			6.452185
85000			-1096.667843			5.838150
86000			-1068.211193			5.282550
87000			-1087.182293			4.779825
88000			-1070.108303			4.324943
89000			-1070.108303			3.913350
90000			-1077.696743			3.540928
91000			-1072.005413			3.203948
92000			-1068.211193			2.899038
93000			-1058.725643			2.623145
94000			-1073.902523			2.373508
95000			-1062.519863			2.147628
96000			-1053.034313			1.943244
97000			-1056.828533			1.758311
98000			-1049.240093			1.590978
99000			-1043.548763			1.439569
100000			-1047.342983			1.302570
101000			-1051.137203			1.178608
102000			-1051.137203			1.066443
103000			-1045.445873			0.964953
104000			-1047.342983			0.873121
105000			-1047.342983			0.790029
106000			-1053.034313			0.714844
107000			-1045.445873			0.646814
108000			-1043.548763			0.585259
109000			-1039.754543			0.529561
110000			-1039.754543			0.479165
111000			-1039.754543			0.433564
112000			-1037.857433			0.392303
113000			-1034.063213			0.354969
114000			-1034.063213			0.321187
115000			-1034.063213			0.290621
116000			-1034.063213			0.262963
117000			-1032.166103			0.237938
118000			-1032.166103			0.215294
119000			-1032.166103			0.194805
120000			-1032.166103			0.176266
121000			-1032.166103			0.159491
122000			-1032.166103			0.144313
123000			-1032.166103			0.130579
124000			-1032.166103			0.118152
125000			-1032.166103			0.106908
126000			-1032.166103			0.096734
127000			-1032.166103			0.087528
128000			-1032.166103			0.079198
129000			-1032.166103			0.071661
130000			-1032.166103			0.064841
131000			-1032.166103			0.058671
132000			-1032.166103			0.053087
133000			-1032.166103			0.048035
134000			-1032.166103			0.043464
135000			-1032.166103			0.039327
136000			-1032.166103			0.035585
137000			-1032.166103			0.032198
138000			-1032.166103			0.029134
139000			-1032.166103			0.026361
140000			-1032.166103			0.023853
141000			-1032.166103			0.021583
142000			-1032.166103			0.019529
143000			-1032.166103			0.017670
144000			-1032.166103			0.015989
145000			-1032.166103			0.014467
146000			-1032.166103			0.013090
147000			-1032.166103			0.011844
148000			-1032.166103			0.010717
149000			-1032.166103			0.009697
150000			-1032.166103			0.008774
151000			-1032.166103			0.007939
152000			-1032.166103			0.007184
153000			-1032.166103			0.006500
154000			-1032.166103			0.005882
155000			-1032.166103			0.005322
156000			-1032.166103			0.004815
157000			-1032.166103			0.004357
158000			-1032.166103			0.003942
159000			-1032.166103			0.003567
160000			-1032.166103			0.003228
161000			-1032.166103			0.002921
162000			-1032.166103			0.002643
163000			-1032.166103			0.002391
164000			-1032.166103			0.002164
165000			-1032.166103			0.001958
166000			-1032.166103			0.001771
167000			-1032.166103			0.001603
168000			-1032.166103			0.001450
169000			-1032.166103			0.001312
170000			-1032.166103			0.001187
171000			-1032.166103			0.001074
Iteration: 5
Step			Log-likelihood			Temperature
1			-22105.211818			99900.000000
1000			-21941.356624			36769.542477
2000			-18866.144119			23501.721022
3000			-21092.823509			21265.130236
4000			-20436.074507			19241.389323
5000			-19340.046253			17410.241977
6000			-18826.595090			15753.359626
7000			-20865.771447			14254.157974
8000			-20234.019086			12897.631004
9000			-19499.896190			11670.200782
10000			-21258.226865			10559.581542
11000			-20562.175182			9554.656721
12000			-20937.324997			8645.367688
13000			-18354.199968			7822.613061
14000			-19463.082858			7078.157611
15000			-20022.756718			6404.549832
16000			-19165.661723			5795.047357
17000			-20947.798724			5243.549468
18000			-20899.139507			4744.536038
19000			-20116.624041			4293.012272
20000			-19742.151546			3884.458716
21000			-19467.915025			3514.786020
22000			-18901.593912			3180.294005
23000			-21317.315877			2877.634626
24000			-22414.807210			2603.778466
25000			-19837.259233			2355.984403
26000			-19560.389614			2131.772185
27000			-16927.939724			1928.897594
28000			-21428.353950			1745.329992
29000			-21038.176843			1579.231987
30000			-19233.242270			1428.941048
31000			-19032.391902			1292.952863
32000			-18763.571167			1169.906280
33000			-18133.038595			1058.569685
34000			-20267.645173			957.828671
35000			-17233.858232			866.674888
36000			-15310.470091			784.195947
37000			-18660.784119			709.566288
38000			-15921.178239			642.038917
39000			-19362.955323			580.937931
40000			-12493.801174			525.651749
41000			-15461.291864			475.626993
42000			-13374.476720			430.362949
43000			-14731.317974			389.406552
44000			-15444.502315			352.347857
45000			-13008.856386			318.815931
46000			-15418.798880			288.475142
47000			-14618.347480			261.021797
48000			-11787.425353			236.181108
49000			-8977.887489			213.704435
50000			-9326.548111			193.366803
51000			-9543.812664			174.964643
52000			-9968.522010			158.313765
53000			-6630.760661			143.247502
54000			-6097.168380			129.615051
55000			-7954.846671			117.279962
56000			-5998.040699			106.118767
57000			-7902.023710			96.019751
58000			-6342.766409			86.881830
59000			-6121.062568			78.613537
60000			-5942.830989			71.132114
61000			-4417.431387			64.362677
62000			-3751.906408			58.237467
63000			-3219.689344			52.695176
64000			-2683.903833			47.680328
65000			-2651.749723			43.142730
66000			-2809.209852			39.036961
67000			-2224.803216			35.321926
68000			-1970.687238			31.960441
69000			-1821.331604			28.918858
70000			-1749.273678			26.166734
71000			-1570.945339			23.676522
72000			-1548.180019			21.423296
73000			-1496.958050			19.384503
74000			-1348.983471			17.539736
75000			-1149.786922			15.870530
76000			-1145.992702			14.360177
77000			-1104.256283			12.993561
78000			-1117.536053			11.757001
79000			-1106.153393			10.638121
80000			-1109.947613			9.625722
81000			-1134.610043			8.709670
82000			-1079.593853			7.880796
83000			-1089.079403			7.130803
84000			-1070.108303			6.452185
85000			-1081.490963			5.838150
86000			-1070.108303			5.282550
87000			-1079.593853			4.779825
88000			-1056.828533			4.324943
89000			-1066.314083			3.913350
90000			-1049.240093			3.540928
91000			-1072.005413			3.203948
92000			-1056.828533			2.899038
93000			-1062.519863			2.623145
94000			-1062.519863			2.373508
95000			-1062.519863			2.147628
96000			-1062.519863			1.943244
97000			-1070.108303			1.758311
98000			-1054.931423			1.590978
99000			-1054.931423			1.439569
100000			-1056.828533			1.302570
101000			-1053.034313			1.178608
102000			-1049.240093			1.066443
103000			-1043.548763			0.964953
104000			-1041.651653			0.873121
105000			-1039.754543			0.790029
106000			-1034.063213			0.714844
107000			-1032.166103			0.646814
108000			-1032.166103			0.585259
109000			-1030.268993			0.529561
110000			-1030.268993			0.479165
111000			-1030.268993			0.433564
112000			-1030.268993			0.392303
113000			-1030.268993			0.354969
114000			-1030.268993			0.321187
115000			-1030.268993			0.290621
116000			-1030.268993			0.262963
117000			-1030.268993			0.237938
118000			-1030.268993			0.215294
119000			-1030.268993			0.194805
120000			-1030.268993			0.176266
121000			-1030.268993			0.159491
122000			-1030.268993			0.144313
123000			-1030.268993			0.130579
124000			-1030.268993			0.118152
125000			-1030.268993			0.106908
126000			-1030.268993			0.096734
127000			-1030.268993			0.087528
128000			-1030.268993			0.079198
129000			-1030.268993			0.071661
130000			-1030.268993			0.064841
131000			-1030.268993			0.058671
132000			-1030.268993			0.053087
133000			-1030.268993			0.048035
134000			-1030.268993			0.043464
135000			-1030.268993			0.039327
136000			-1030.268993			0.035585
137000			-1030.268993			0.032198
138000			-1030.268993			0.029134
139000			-1030.268993			0.026361
140000			-1030.268993			0.023853
141000			-1030.268993			0.021583
142000			-1030.268993			0.019529
143000			-1030.268993			0.017670
144000			-1030.268993			0.015989
145000			-1030.268993			0.014467
146000			-1030.268993			0.013090
147000			-1030.268993			0.011844
148000			-1030.268993			0.010717
149000			-1030.268993			0.009697
150000			-1030.268993			0.008774
151000			-1030.268993			0.007939
152000			-1030.268993			0.007184
153000			-1030.268993			0.006500
154000			-1030.268993			0.005882
155000			-1030.268993			0.005322
156000			-1030.268993			0.004815
157000			-1030.268993			0.004357
158000			-1030.268993			0.003942
159000			-1030.268993			0.003567
160000			-1030.268993			0.003228
161000			-1030.268993			0.002921
162000			-1030.268993			0.002643
163000			-1030.268993			0.002391
164000			-1030.268993			0.002164
165000			-1030.268993			0.001958
166000			-1030.268993			0.001771
167000			-1030.268993			0.001603
168000			-1030.268993			0.001450
169000			-1030.268993			0.001312
170000			-1030.268993			0.001187
171000			-1030.268993			0.001074
Iteration: 6
Step			Log-likelihood			Temperature
1			-22170.584398			99900.000000
1000			-19345.010492			36769.542477
2000			-19121.943112			23501.721022
3000			-21104.587371			21265.130236
4000			-21326.033185			19241.389323
5000			-21320.734735			17410.241977
6000			-19635.279998			15753.359626
7000			-22085.833102			14254.157974
8000			-16309.455455			12897.631004
9000			-20042.947607			11670.200782
10000			-21686.349230			10559.581542
11000			-22136.609364			9554.656721
12000			-20012.787367			8645.367688
13000			-19952.027019			7822.613061
14000			-20466.912067			7078.157611
15000			-20389.731694			6404.549832
16000			-21250.310053			5795.047357
17000			-18946.280125			5243.549468
18000			-18698.333439			4744.536038
19000			-20134.369512			4293.012272
20000			-21415.385036			3884.458716
21000			-19592.523148			3514.786020
22000			-20102.306324			3180.294005
23000			-19821.965018			2877.634626
24000			-20045.205343			2603.778466
25000			-20400.243512			2355.984403
26000			-21252.389005			2131.772185
27000			-19743.582373			1928.897594
28000			-17053.975893			1745.329992
29000			-20693.656332			1579.231987
30000			-21135.128812			1428.941048
31000			-15310.930535			1292.952863
32000			-16772.042494			1169.906280
33000			-16266.047699			1058.569685
34000			-19002.155478			957.828671
35000			-17237.796202			866.674888
36000			-16525.151271			784.195947
37000			-19082.382404			709.566288
38000			-14830.952812			642.038917
39000			-18723.802203			580.937931
40000			-16645.211669			525.651749
41000			-15854.794126			475.626993
42000			-15489.678168			430.362949
43000			-17929.654947			389.406552
44000			-15148.016528			352.347857
45000			-12718.061929			318.815931
46000			-12135.992272			288.475142
47000			-13070.962478			261.021797
48000			-9889.397537			236.181108
49000			-11933.095206			213.704435
50000			-12225.159222			193.366803
51000			-9947.988012			174.964643
52000			-9302.196536			158.313765
53000			-9519.584265			143.247502
54000			-6953.328026			129.615051
55000			-6646.743875			117.279962
56000			-5667.363001			106.118767
57000			-5313.963914			96.019751
58000			-4344.643311			86.881830
59000			-5092.441915			78.613537
60000			-4470.453706			71.132114
61000			-3716.016746			64.362677
62000			-4239.780369			58.237467
63000			-3453.898874			52.695176
64000			-2902.291415			47.680328
65000			-2644.348964			43.142730
66000			-2423.864912			39.036961
67000			-2284.123841			35.321926
68000			-2175.956318			31.960441
69000			-2206.955145			28.918858
70000			-2104.543460			26.166734
71000			-1983.063914			23.676522
72000			-1526.698995			21.423296
73000			-1430.559200			19.384503
74000			-1470.398510			17.539736
75000			-1426.764980			15.870530
76000			-1271.201961			14.360177
77000			-1301.555721			12.993561
78000			-1295.864391			11.757001
79000			-1242.745312			10.638121
80000			-1149.786922			9.625722
81000			-1174.449352			8.709670
82000			-1144.095592			7.880796
83000			-1134.610043			7.130803
84000			-1132.712933			6.452185
85000			-1123.227383			5.838150
86000			-1123.227383			5.282550
87000			-1109.947613			4.779825
88000			-1068.211193			4.324943
89000			-1070.108303			3.913350
90000			-1072.005413			3.540928
91000			-1064.416973			3.203948
92000			-1060.622753			2.899038
93000			-1066.314083			2.623145
94000			-1060.622753			2.373508
95000			-1043.548763			2.147628
96000			-1062.519863			1.943244
97000			-1049.240093			1.758311
98000			-1054.931423			1.590978
99000			-1051.137203			1.439569
100000			-1051.137203			1.302570
101000			-1053.034313			1.178608
102000			-1053.034313			1.066443
103000			-1054.931423			0.964953
104000			-1045.445873			0.873121
105000			-1043.548763			0.790029
106000			-1039.754543			0.714844
107000			-1037.857433			0.646814
108000			-1037.857433			0.585259
109000			-1037.857433			0.529561
110000			-1037.857433			0.479165
111000			-1037.857433			0.433564
112000			-1037.857433			0.392303
113000			-1037.857433			0.354969
114000			-1035.960323			0.321187
115000			-1035.960323			0.290621
116000			-1035.960323			0.262963
117000			-1035.960323			0.237938
118000			-1035.960323			0.215294
119000			-1035.960323			0.194805
120000			-1035.960323			0.176266
121000			-1035.960323			0.159491
122000			-1035.960323			0.144313
123000			-1035.960323			0.130579
124000			-1035.960323			0.118152
125000			-1034.063213			0.106908
126000			-1034.063213			0.096734
127000			-1034.063213			0.087528
128000			-1034.063213			0.079198
129000			-1034.063213			0.071661
130000			-1034.063213			0.064841
131000			-1034.063213			0.058671
132000			-1034.063213			0.053087
133000			-1034.063213			0.048035
134000			-1034.063213			0.043464
135000			-1034.063213			0.039327
136000			-1034.063213			0.035585
137000			-1034.063213			0.032198
138000			-1034.063213			0.029134
139000			-1034.063213			0.026361
140000			-1034.063213			0.023853
141000			-1034.063213			0.021583
142000			-1034.063213			0.019529
143000			-1032.166103			0.017670
144000			-1032.166103			0.015989
145000			-1032.166103			0.014467
146000			-1032.166103			0.013090
147000			-1032.166103			0.011844
148000			-1032.166103			0.010717
149000			-1032.166103			0.009697
150000			-1032.166103			0.008774
151000			-1032.166103			0.007939
152000			-1032.166103			0.007184
153000			-1032.166103			0.006500
154000			-1032.166103			0.005882
155000			-1032.166103			0.005322
156000			-1032.166103			0.004815
157000			-1032.166103			0.004357
158000			-1032.166103			0.003942
159000			-1032.166103			0.003567
160000			-1032.166103			0.003228
161000			-1032.166103			0.002921
162000			-1032.166103			0.002643
163000			-1032.166103			0.002391
164000			-1032.166103			0.002164
165000			-1032.166103			0.001958
166000			-1032.166103			0.001771
167000			-1032.166103			0.001603
168000			-1032.166103			0.001450
169000			-1032.166103			0.001312
170000			-1032.166103			0.001187
171000			-1032.166103			0.001074
Iteration: 7
Step			Log-likelihood			Temperature
1			-21859.968576			99900.000000
1000			-21031.207056			36769.542477
2000			-19604.468852			23501.721022
3000			-21920.397493			21265.130236
4000			-20790.763728			19241.389323
5000			-21688.343100			17410.241977
6000			-20309.226165			15753.359626
7000			-20744.840209			14254.157974
8000			-19968.391435			12897.631004
9000			-20804.360193			11670.200782
10000			-20516.870316			10559.581542
11000			-18104.174329			9554.656721
12000			-21316.676649			8645.367688
13000			-20878.341643			7822.613061
14000			-21203.301597			7078.157611
15000			-20695.843722			6404.549832
16000			-19441.789515			5795.047357
17000			-19922.376995			5243.549468
18000			-21087.545634			4744.536038
19000			-19115.427930			4293.012272
20000			-20914.876372			3884.458716
21000			-18254.738075			3514.786020
22000			-20103.048151			3180.294005
23000			-19720.907974			2877.634626
24000			-21509.762573			2603.778466
25000			-18885.883461			2355.984403
26000			-19899.116196			2131.772185
27000			-18263.267702			1928.897594
28000			-20711.305043			1745.329992
29000			-21094.881886			1579.231987
30000			-19717.102076			1428.941048
31000			-19956.853347			1292.952863
32000			-19800.780113			1169.906280
33000			-18988.623520			1058.569685
34000			-18350.303148			957.828671
35000			-17836.030915			866.674888
36000			-17581.894362			784.195947
37000			-16805.428071			709.566288
38000			-17311.284955			642.038917
39000			-15752.687457			580.937931
40000			-14852.363490			525.651749
41000			-13545.744350			475.626993
42000			-15413.767354			430.362949
43000			-13386.897326			389.406552
44000			-12188.865003			352.347857
45000			-13012.970081			318.815931
46000			-14872.909166			288.475142
47000			-12923.155005			261.021797
48000			-12068.880790			236.181108
49000			-9209.076880			213.704435
50000			-10188.231981			193.366803
51000			-10082.509876			174.964643
52000			-8209.112237			158.313765
53000			-7367.569485			143.247502
54000			-7147.167457			129.615051
55000			-7963.305952			117.279962
56000			-6398.415988			106.118767
57000			-5584.825509			96.019751
58000			-5277.267918			86.881830
59000			-5284.275797			78.613537
60000			-4645.181345			71.132114
61000			-3885.337497			64.362677
62000			-3704.634087			58.237467
63000			-3417.751185			52.695176
64000			-3643.120233			47.680328
65000			-3251.579587			43.142730
66000			-2626.726667			39.036961
67000			-2117.178162			35.321926
68000			-1786.603063			31.960441
69000			-1714.351617			28.918858
70000			-1756.120290			26.166734
71000			-1676.441671			23.676522
72000			-1752.326070			21.423296
73000			-1598.853681			19.384503
74000			-1366.057461			17.539736
75000			-1328.115261			15.870530
76000			-1164.963802			14.360177
77000			-1180.140682			12.993561
78000			-1199.111782			11.757001
79000			-1193.420452			10.638121
80000			-1123.227383			9.625722
81000			-1113.741833			8.709670
82000			-1077.696743			7.880796
83000			-1066.314083			7.130803
84000			-1072.005413			6.452185
85000			-1064.416973			5.838150
86000			-1083.388073			5.282550
87000			-1079.593853			4.779825
88000			-1070.108303			4.324943
89000			-1070.108303			3.913350
90000			-1058.725643			3.540928
91000			-1062.519863			3.203948
92000			-1070.108303			2.899038
93000			-1075.799633			2.623145
94000			-1064.416973			2.373508
95000			-1062.519863			2.147628
96000			-1053.034313			1.943244
97000			-1062.519863			1.758311
98000			-1060.622753			1.590978
99000			-1056.828533			1.439569
100000			-1064.416973			1.302570
101000			-1051.137203			1.178608
102000			-1043.548763			1.066443
103000			-1043.548763			0.964953
104000			-1037.857433			0.873121
105000			-1037.857433			0.790029
106000			-1037.857433			0.714844
107000			-1037.857433			0.646814
108000			-1035.960323			0.585259
109000			-1034.063213			0.529561
110000			-1035.960323			0.479165
111000			-1035.960323			0.433564
112000			-1035.960323			0.392303
113000			-1034.063213			0.354969
114000			-1034.063213			0.321187
115000			-1034.063213			0.290621
116000			-1032.166103			0.262963
117000			-1032.166103			0.237938
118000			-1032.166103			0.215294
119000			-1032.166103			0.194805
120000			-1032.166103			0.176266
121000			-1032.166103			0.159491
122000			-1032.166103			0.144313
123000			-1032.166103			0.130579
124000			-1032.166103			0.118152
125000			-1032.166103			0.106908
126000			-1032.166103			0.096734
127000			-1032.166103			0.087528
128000			-1032.166103			0.079198
129000			-1032.166103			0.071661
130000			-1032.166103			0.064841
131000			-1032.166103			0.058671
132000			-1032.166103			0.053087
133000			-1032.166103			0.048035
134000			-1032.166103			0.043464
135000			-1032.166103			0.039327
136000			-1032.166103			0.035585
137000			-1032.166103			0.032198
138000			-1032.166103			0.029134
139000			-1032.166103			0.026361
140000			-1032.166103			0.023853
141000			-1032.166103			0.021583
142000			-1032.166103			0.019529
143000			-1032.166103			0.017670
144000			-1032.166103			0.015989
145000			-1032.166103			0.014467
146000			-1032.166103			0.013090
147000			-1032.166103			0.011844
148000			-1032.166103			0.010717
149000			-1032.166103			0.009697
150000			-1032.166103			0.008774
151000			-1032.166103			0.007939
152000			-1032.166103			0.007184
153000			-1032.166103			0.006500
154000			-1032.166103			0.005882
155000			-1032.166103			0.005322
156000			-1032.166103			0.004815
157000			-1032.166103			0.004357
158000			-1032.166103			0.003942
159000			-1032.166103			0.003567
160000			-1032.166103			0.003228
161000			-1032.166103			0.002921
162000			-1032.166103			0.002643
163000			-1032.166103			0.002391
164000			-1032.166103			0.002164
165000			-1032.166103			0.001958
166000			-1032.166103			0.001771
167000			-1032.166103			0.001603
168000			-1032.166103			0.001450
169000			-1032.166103			0.001312
170000			-1032.166103			0.001187
171000			-1032.166103			0.001074
Iteration: 8
Step			Log-likelihood			Temperature
1			-22554.917805			99900.000000
1000			-20706.258781			36769.542477
2000			-19485.563737			23501.721022
3000			-18525.708108			21265.130236
4000			-21267.894257			19241.389323
5000			-20791.687398			17410.241977
6000			-20584.043246			15753.359626
7000			-22090.336896			14254.157974
8000			-19876.852194			12897.631004
9000			-21589.532114			11670.200782
10000			-20241.026965			10559.581542
11000			-19155.569198			9554.656721
12000			-19977.425438			8645.367688
13000			-20382.961266			7822.613061
14000			-20879.631778			7078.157611
15000			-20955.129137			6404.549832
16000			-20240.537326			5795.047357
17000			-21309.959050			5243.549468
18000			-21561.345169			4744.536038
19000			-21611.109898			4293.012272
20000			-16954.252915			3884.458716
21000			-19668.627482			3514.786020
22000			-20879.276991			3180.294005
23000			-19158.859043			2877.634626
24000			-18381.741845			2603.778466
25000			-16718.800240			2355.984403
26000			-19479.517620			2131.772185
27000			-18286.634158			1928.897594
28000			-20218.733768			1745.329992
29000			-21576.413611			1579.231987
30000			-20131.188106			1428.941048
31000			-18587.500564			1292.952863
32000			-18871.061368			1169.906280
33000			-19005.433644			1058.569685
34000			-16684.115631			957.828671
35000			-19024.099727			866.674888
36000			-18797.091596			784.195947
37000			-18267.469538			709.566288
38000			-15557.167793			642.038917
39000			-16215.954597			580.937931
40000			-14808.691868			525.651749
41000			-16993.429640			475.626993
42000			-13904.820030			430.362949
43000			-15491.909490			389.406552
44000			-13036.046257			352.347857
45000			-14274.190653			318.815931
46000			-12301.380892			288.475142
47000			-11866.394398			261.021797
48000			-14394.520755			236.181108
49000			-11899.366520			213.704435
50000			-9788.135295			193.366803
51000			-10710.377096			174.964643
52000			-11389.721255			158.313765
53000			-7313.004843			143.247502
54000			-8744.044424			129.615051
55000			-7648.245002			117.279962
56000			-5276.326731			106.118767
57000			-4291.448047			96.019751
58000			-4194.405157			86.881830
59000			-3469.553715			78.613537
60000			-3335.762001			71.132114
61000			-3199.008815			64.362677
62000			-2454.766979			58.237467
63000			-2344.417905			52.695176
64000			-2308.372816			47.680328
65000			-2272.230966			43.142730
66000			-1749.273678			39.036961
67000			-1629.723495			35.321926
68000			-1804.257614			31.960441
69000			-1783.421657			28.918858
70000			-1912.425136			26.166734
71000			-1616.475979			23.676522
72000			-1565.254009			21.423296
73000			-1299.658611			19.384503
74000			-1322.423931			17.539736
75000			-1293.967281			15.870530
76000			-1362.263241			14.360177
77000			-1280.687511			12.993561
78000			-1235.156872			11.757001
79000			-1183.934902			10.638121
80000			-1176.346462			9.625722
81000			-1172.552242			8.709670
82000			-1183.934902			7.880796
83000			-1172.552242			7.130803
84000			-1127.021603			6.452185
85000			-1125.124493			5.838150
86000			-1115.638943			5.282550
87000			-1085.285183			4.779825
88000			-1070.108303			4.324943
89000			-1058.725643			3.913350
90000			-1064.416973			3.540928
91000			-1064.416973			3.203948
92000			-1053.034313			2.899038
93000			-1056.828533			2.623145
94000			-1053.034313			2.373508
95000			-1051.137203			2.147628
96000			-1051.137203			1.943244
97000			-1049.240093			1.758311
98000			-1054.931423			1.590978
99000			-1051.137203			1.439569
100000			-1049.240093			1.302570
101000			-1045.445873			1.178608
102000			-1035.960323			1.066443
103000			-1043.548763			0.964953
104000			-1039.754543			0.873121
105000			-1034.063213			0.790029
106000			-1035.960323			0.714844
107000			-1035.960323			0.646814
108000			-1034.063213			0.585259
109000			-1034.063213			0.529561
110000			-1034.063213			0.479165
111000			-1034.063213			0.433564
112000			-1034.063213			0.392303
113000			-1034.063213			0.354969
114000			-1034.063213			0.321187
115000			-1034.063213			0.290621
116000			-1034.063213			0.262963
117000			-1032.166103			0.237938
118000			-1032.166103			0.215294
119000			-1032.166103			0.194805
120000			-1030.268993			0.176266
121000			-1030.268993			0.159491
122000			-1030.268993			0.144313
123000			-1030.268993			0.130579
124000			-1030.268993			0.118152
125000			-1030.268993			0.106908
126000			-1030.268993			0.096734
127000			-1030.268993			0.087528
128000			-1030.268993			0.079198
129000			-1030.268993			0.071661
130000			-1030.268993			0.064841
131000			-1030.268993			0.058671
132000			-1030.268993			0.053087
133000			-1030.268993			0.048035
134000			-1030.268993			0.043464
135000			-1030.268993			0.039327
136000			-1030.268993			0.035585
137000			-1030.268993			0.032198
138000			-1030.268993			0.029134
139000			-1030.268993			0.026361
140000			-1030.268993			0.023853
141000			-1030.268993			0.021583
142000			-1030.268993			0.019529
143000			-1030.268993			0.017670
144000			-1030.268993			0.015989
145000			-1030.268993			0.014467
146000			-1030.268993			0.013090
147000			-1030.268993			0.011844
148000			-1030.268993			0.010717
149000			-1030.268993			0.009697
150000			-1030.268993			0.008774
151000			-1030.268993			0.007939
152000			-1030.268993			0.007184
153000			-1030.268993			0.006500
154000			-1030.268993			0.005882
155000			-1030.268993			0.005322
156000			-1030.268993			0.004815
157000			-1030.268993			0.004357
158000			-1030.268993			0.003942
159000			-1030.268993			0.003567
160000			-1030.268993			0.003228
161000			-1030.268993			0.002921
162000			-1030.268993			0.002643
163000			-1030.268993			0.002391
164000			-1030.268993			0.002164
165000			-1030.268993			0.001958
166000			-1030.268993			0.001771
167000			-1030.268993			0.001603
168000			-1030.268993			0.001450
169000			-1030.268993			0.001312
170000			-1030.268993			0.001187
171000			-1030.268993			0.001074
Iteration: 9
Step			Log-likelihood			Temperature
1			-21678.464670			99900.000000
1000			-19945.743450			36769.542477
2000			-20194.341043			23501.721022
3000			-22169.112421			21265.130236
4000			-19711.152719			19241.389323
5000			-20134.052818			17410.241977
6000			-18651.544917			15753.359626
7000			-21224.943888			14254.157974
8000			-21232.139448			12897.631004
9000			-19487.912394			11670.200782
10000			-19095.797027			10559.581542
11000			-21249.213438			9554.656721
12000			-20190.998371			8645.367688
13000			-18933.053184			7822.613061
14000			-20270.471792			7078.157611
15000			-20277.684869			6404.549832
16000			-22472.869953			5795.047357
17000			-19803.987934			5243.549468
18000			-20745.496954			4744.536038
19000			-20456.813703			4293.012272
20000			-19757.527785			3884.458716
21000			-20053.620693			3514.786020
22000			-21246.075963			3180.294005
23000			-19839.678236			2877.634626
24000			-20924.716709			2603.778466
25000			-20975.196851			2355.984403
26000			-17763.864550			2131.772185
27000			-20733.882682			1928.897594
28000			-18778.152750			1745.329992
29000			-18072.158130			1579.231987
30000			-19158.337149			1428.941048
31000			-18978.557409			1292.952863
32000			-15689.836478			1169.906280
33000			-19376.138333			1058.569685
34000			-19490.782944			957.828671
35000			-18503.162723			866.674888
36000			-17430.662192			784.195947
37000			-18214.523403			709.566288
38000			-18260.520326			642.038917
39000			-17138.067385			580.937931
40000			-15186.436690			525.651749
41000			-15591.928587			475.626993
42000			-14804.627943			430.362949
43000			-13188.492376			389.406552
44000			-15940.615623			352.347857
45000			-14253.929418			318.815931
46000			-14070.639899			288.475142
47000			-13266.027537			261.021797
48000			-11183.033027			236.181108
49000			-12825.798479			213.704435
50000			-10443.690923			193.366803
51000			-9422.761310			174.964643
52000			-7962.675620			158.313765
53000			-7825.063272			143.247502
54000			-6642.105229			129.615051
55000			-5948.542894			117.279962
56000			-5844.336698			106.118767
57000			-6171.542710			96.019751
58000			-4080.036090			86.881830
59000			-3910.838514			78.613537
60000			-4370.578359			71.132114
61000			-3743.608394			64.362677
62000			-3262.871326			58.237467
63000			-3401.650635			52.695176
64000			-3225.090393			47.680328
65000			-2939.787907			43.142730
66000			-2109.111761			39.036961
67000			-2209.497323			35.321926
68000			-2064.575137			31.960441
69000			-1591.813549			28.918858
70000			-1508.340710			26.166734
71000			-1417.279430			23.676522
72000			-1451.427410			21.423296
73000			-1398.308330			19.384503
74000			-1381.234341			17.539736
75000			-1326.218151			15.870530
76000			-1328.115261			14.360177
77000			-1303.452831			12.993561
78000			-1299.658611			11.757001
79000			-1138.404262			10.638121
80000			-1123.227383			9.625722
81000			-1109.947613			8.709670
82000			-1113.741833			7.880796
83000			-1113.741833			7.130803
84000			-1115.638943			6.452185
85000			-1098.564953			5.838150
86000			-1081.490963			5.282550
87000			-1085.285183			4.779825
88000			-1068.211193			4.324943
89000			-1058.725643			3.913350
90000			-1062.519863			3.540928
91000			-1072.005413			3.203948
92000			-1058.725643			2.899038
93000			-1066.314083			2.623145
94000			-1070.108303			2.373508
95000			-1072.005413			2.147628
96000			-1051.137203			1.943244
97000			-1051.137203			1.758311
98000			-1051.137203			1.590978
99000			-1047.342983			1.439569
100000			-1047.342983			1.302570
101000			-1053.034313			1.178608
102000			-1049.240093			1.066443
103000			-1045.445873			0.964953
104000			-1041.651653			0.873121
105000			-1037.857433			0.790029
106000			-1035.960323			0.714844
107000			-1035.960323			0.646814
108000			-1035.960323			0.585259
109000			-1034.063213			0.529561
110000			-1032.166103			0.479165
111000			-1032.166103			0.433564
112000			-1032.166103			0.392303
113000			-1032.166103			0.354969
114000			-1032.166103			0.321187
115000			-1032.166103			0.290621
116000			-1032.166103			0.262963
117000			-1032.166103			0.237938
118000			-1032.166103			0.215294
119000			-1032.166103			0.194805
120000			-1032.166103			0.176266
121000			-1032.166103			0.159491
122000			-1032.166103			0.144313
123000			-1032.166103			0.130579
124000			-1032.166103			0.118152
125000			-1032.166103			0.106908
126000			-1032.166103			0.096734
127000			-1032.166103			0.087528
128000			-1032.166103			0.079198
129000			-1032.166103			0.071661
130000			-1032.166103			0.064841
131000			-1032.166103			0.058671
132000			-1032.166103			0.053087
133000			-1032.166103			0.048035
134000			-1032.166103			0.043464
135000			-1032.166103			0.039327
136000			-1032.166103			0.035585
137000			-1032.166103			0.032198
138000			-1032.166103			0.029134
139000			-1032.166103			0.026361
140000			-1032.166103			0.023853
141000			-1032.166103			0.021583
142000			-1032.166103			0.019529
143000			-1032.166103			0.017670
144000			-1032.166103			0.015989
145000			-1032.166103			0.014467
146000			-1032.166103			0.013090
147000			-1032.166103			0.011844
148000			-1032.166103			0.010717
149000			-1032.166103			0.009697
150000			-1032.166103			0.008774
151000			-1032.166103			0.007939
152000			-1032.166103			0.007184
153000			-1032.166103			0.006500
154000			-1032.166103			0.005882
155000			-1032.166103			0.005322
156000			-1032.166103			0.004815
157000			-1032.166103			0.004357
158000			-1032.166103			0.003942
159000			-1032.166103			0.003567
160000			-1032.166103			0.003228
161000			-1032.166103			0.002921
162000			-1032.166103			0.002643
163000			-1032.166103			0.002391
164000			-1032.166103			0.002164
165000			-1032.166103			0.001958
166000			-1032.166103			0.001771
167000			-1032.166103			0.001603
168000			-1032.166103			0.001450
169000			-1032.166103			0.001312
170000			-1032.166103			0.001187
171000			-1032.166103			0.001074
Iteration: 10
Step			Log-likelihood			Temperature
1			-22744.112750			99900.000000
1000			-17742.615139			36769.542477
2000			-20471.565450			23501.721022
3000			-18079.054513			21265.130236
4000			-19559.357506			19241.389323
5000			-21126.578610			17410.241977
6000			-20831.286198			15753.359626
7000			-19450.383649			14254.157974
8000			-20695.359921			12897.631004
9000			-20017.490521			11670.200782
10000			-20910.824125			10559.581542
11000			-20466.299253			9554.656721
12000			-19205.688714			8645.367688
13000			-21193.305832			7822.613061
14000			-20335.967547			7078.157611
15000			-20004.216590			6404.549832
16000			-20656.165679			5795.047357
17000			-20991.356069			5243.549468
18000			-19722.508964			4744.536038
19000			-20479.230075			4293.012272
20000			-18998.587031			3884.458716
21000			-21509.659974			3514.786020
22000			-19090.319792			3180.294005
23000			-18937.058441			2877.634626
24000			-22751.352242			2603.778466
25000			-18508.601865			2355.984403
26000			-19215.030514			2131.772185
27000			-18432.588452			1928.897594
28000			-20037.933598			1745.329992
29000			-18966.696788			1579.231987
30000			-21043.047103			1428.941048
31000			-20780.342830			1292.952863
32000			-17650.835389			1169.906280
33000			-19887.493026			1058.569685
34000			-15442.282672			957.828671
35000			-16155.836536			866.674888
36000			-17676.641423			784.195947
37000			-16620.408547			709.566288
38000			-18101.986939			642.038917
39000			-17899.861172			580.937931
40000			-16566.447822			525.651749
41000			-13403.789474			475.626993
42000			-17753.481745			430.362949
43000			-16350.611314			389.406552
44000			-12869.728128			352.347857
45000			-13703.488920			318.815931
46000			-11570.283973			288.475142
47000			-12477.237399			261.021797
48000			-12264.438547			236.181108
49000			-7832.549112			213.704435
50000			-9720.323136			193.366803
51000			-8434.126498			174.964643
52000			-8385.118333			158.313765
53000			-9457.979490			143.247502
54000			-6516.843141			129.615051
55000			-7274.681441			117.279962
56000			-8295.520133			106.118767
57000			-5971.642426			96.019751
58000			-6106.208221			86.881830
59000			-4685.788897			78.613537
60000			-4570.936029			71.132114
61000			-4266.114135			64.362677
62000			-3400.011552			58.237467
63000			-3444.542337			52.695176
64000			-3749.202964			47.680328
65000			-2879.913136			43.142730
66000			-3160.653161			39.036961
67000			-2131.941587			35.321926
68000			-2135.542287			31.960441
69000			-2010.429788			28.918858
70000			-1900.494169			26.166734
71000			-1978.275678			23.676522
72000			-1883.420179			21.423296
73000			-1839.786650			19.384503
74000			-1575.862588			17.539736
75000			-1526.698995			15.870530
76000			-1460.300146			14.360177
77000			-1422.357946			12.993561
78000			-1428.049276			11.757001
79000			-1371.264990			10.638121
80000			-1322.004637			9.625722
81000			-1344.705450			8.709670
82000			-1333.322790			7.880796
83000			-1361.714933			7.130803
84000			-1314.416197			6.452185
85000			-1172.552242			5.838150
86000			-1183.934902			5.282550
87000			-1174.449352			4.779825
88000			-1157.375362			4.324943
89000			-1157.375362			3.913350
90000			-1066.314083			3.540928
91000			-1073.902523			3.203948
92000			-1060.622753			2.899038
93000			-1064.416973			2.623145
94000			-1068.211193			2.373508
95000			-1060.622753			2.147628
96000			-1060.622753			1.943244
97000			-1058.725643			1.758311
98000			-1056.828533			1.590978
99000			-1049.240093			1.439569
100000			-1054.931423			1.302570
101000			-1051.137203			1.178608
102000			-1045.445873			1.066443
103000			-1049.240093			0.964953
104000			-1049.240093			0.873121
105000			-1051.137203			0.790029
106000			-1043.548763			0.714844
107000			-1043.548763			0.646814
108000			-1037.857433			0.585259
109000			-1037.857433			0.529561
110000			-1039.754543			0.479165
111000			-1037.857433			0.433564
112000			-1034.063213			0.392303
113000			-1032.166103			0.354969
114000			-1032.166103			0.321187
115000			-1030.268993			0.290621
116000			-1030.268993			0.262963
117000			-1030.268993			0.237938
118000			-1030.268993			0.215294
119000			-1030.268993			0.194805
120000			-1030.268993			0.176266
121000			-1030.268993			0.159491
122000			-1030.268993			0.144313
123000			-1030.268993			0.130579
124000			-1030.268993			0.118152
125000			-1030.268993			0.106908
126000			-1030.268993			0.096734
127000			-1030.268993			0.087528
128000			-1030.268993			0.079198
129000			-1030.268993			0.071661
130000			-1030.268993			0.064841
131000			-1030.268993			0.058671
132000			-1030.268993			0.053087
133000			-1030.268993			0.048035
134000			-1030.268993			0.043464
135000			-1030.268993			0.039327
136000			-1030.268993			0.035585
137000			-1030.268993			0.032198
138000			-1030.268993			0.029134
139000			-1030.268993			0.026361
140000			-1030.268993			0.023853
141000			-1030.268993			0.021583
142000			-1030.268993			0.019529
143000			-1030.268993			0.017670
144000			-1030.268993			0.015989
145000			-1030.268993			0.014467
146000			-1030.268993			0.013090
147000			-1030.268993			0.011844
148000			-1030.268993			0.010717
149000			-1030.268993			0.009697
150000			-1030.268993			0.008774
151000			-1030.268993			0.007939
152000			-1030.268993			0.007184
153000			-1030.268993			0.006500
154000			-1030.268993			0.005882
155000			-1030.268993			0.005322
156000			-1030.268993			0.004815
157000			-1030.268993			0.004357
158000			-1030.268993			0.003942
159000			-1030.268993			0.003567
160000			-1030.268993			0.003228
161000			-1030.268993			0.002921
162000			-1030.268993			0.002643
163000			-1030.268993			0.002391
164000			-1030.268993			0.002164
165000			-1030.268993			0.001958
166000			-1030.268993			0.001771
167000			-1030.268993			0.001603
168000			-1030.268993			0.001450
169000			-1030.268993			0.001312
170000			-1030.268993			0.001187
171000			-1030.268993			0.001074

Maximum likelihood Tree found: -1030.268993
digraph g {
	"49" -> "50";
	"50" [label="29"];
	"48" -> "49";
	"49" [label="42"];
	"47" -> "48";
	"48" [label="10"];
	"46" -> "47";
	"47" [label="5"];
	"45" -> "46";
	"46" [label="6"];
	"44" -> "45";
	"45" [label="47"];
	"43" -> "44";
	"44" [label="40"];
	"42" -> "43";
	"43" [label="27"];
	"41" -> "42";
	"42" [label="34"];
	"39" -> "40";
	"40" [label="26"];
	"38" -> "39";
	"39" [label="38"];
	"37" -> "38";
	"38" [label="25"];
	"36" -> "37";
	"37" [label="7"];
	"35" -> "36";
	"36" [label="28"];
	"34" -> "35";
	"35" [label="33"];
	"33" -> "34";
	"34" [label="46"];
	"32" -> "33";
	"33" [label="49"];
	"31" -> "32";
	"32" [label="20"];
	"30" -> "31";
	"31" [label="21"];
	"29" -> "30";
	"30" [label="2"];
	"28" -> "29";
	"29" [label="32"];
	"27" -> "28";
	"28" [label="17"];
	"26" -> "27";
	"27" [label="19"];
	"25" -> "26";
	"26" [label="30"];
	"24" -> "25";
	"25" [label="24"];
	"23" -> "24";
	"24" [label="16"];
	"22" -> "23";
	"23" [label="37"];
	"21" -> "22";
	"22" [label="22"];
	"20" -> "21";
	"21" [label="50"];
	"19" -> "20";
	"20" [label="31"];
	"17" -> "18";
	"18" [label="23"];
	"16" -> "17";
	"17" [label="18"];
	"15" -> "16";
	"16" [label="35"];
	"13" -> "14";
	"14" [label="41"];
	"12" -> "13";
	"13" [label="15"];
	"11" -> "12";
	"12" [label="36"];
	"10" -> "11";
	"11" [label="48"];
	"9" -> "10";
	"10" [label="43"];
	"9" -> "15";
	"15" [label="45"];
	"8" -> "9";
	"9" [label="1"];
	"7" -> "8";
	"8" [label="13"];
	"6" -> "7";
	"7" [label="9"];
	"5" -> "6";
	"6" [label="14"];
	"4" -> "5";
	"5" [label="44"];
	"3" -> "4";
	"4" [label="8"];
	"3" -> "19";
	"19" [label="3"];
	"3" -> "41";
	"41" [label="4"];
	"2" -> "3";
	"3" [label="11"];
	"1" -> "2";
	"2" [label="39"];
	"0" -> "1";
	"1" [label="12"];
	"0" [label="germline"];
	labelloc="t";
	label="Confidence score: -1030.268993";
}
Best cell assigment:
40 40 31 39 8 50 18 14 9 14 3 18 31 8 3 45 14 23 8 18 17 31 27 9 27 3 14 9 31 14 2 29 45 31 31 46 14 45 50 27 9 18 27 44 14 31 50 3 45 18 18 45 2 50 14 14 18 40 16 50 27 40 31 18 18 3 45 14 9 13 26 49 45 50 12 38 18 48 39 40 45 3 50 27 38 40 9 9 40 13 49 50 25 17 49 27 30 40 45 18 1 27 9 9 13 31 14 45 27 40 13 14 8 49 9 25 50 47 40 30 27 31 45 9 17 30 14 31 50 31 3 3 9 9 3 50 18 27 11 27 45 3 14 26 30 3 16 40 39 45 49 31 26 50 3 14 45 2 17 3 49 50 14 14 49 17 7 31 9 14 9 14 3 18 49 50 14 17 31 31 40 6 50 13 31 45 18 50 31 43 3 1 14 14 30 44 31 9 44 7 9 31 24 30 16 3 39 2 45 17 9 39 13 45 9 43 7 31 50 3 39 14 3 30 36 9 40 45 40 45 50 3 11 18 31 3 39 28 40 9 31 18 40 3 40 50 48 3 3 44 
alpha: 0.150000
beta: 0.000010
alpha: 1.000000
