Starting SASC.
Iteration: 1
Step			Log-likelihood			Temperature
1			-34982.068419			99900.000000
1000			-33774.046170			36769.542477
2000			-32237.727133			23501.721022
3000			-32620.814336			21265.130236
4000			-33367.915044			19241.389323
5000			-31435.120596			17410.241977
6000			-30223.195688			15753.359626
7000			-30306.480846			14254.157974
8000			-28752.894299			12897.631004
9000			-31470.634895			11670.200782
10000			-32772.416029			10559.581542
11000			-31672.710891			9554.656721
12000			-31752.292750			8645.367688
13000			-30880.563344			7822.613061
14000			-32687.614962			7078.157611
15000			-31035.507710			6404.549832
16000			-28271.969550			5795.047357
17000			-33403.438241			5243.549468
18000			-27334.873402			4744.536038
19000			-28884.407702			4293.012272
20000			-26913.527305			3884.458716
21000			-24026.465959			3514.786020
22000			-30008.130203			3180.294005
23000			-24853.298114			2877.634626
24000			-25025.410172			2603.778466
25000			-33822.596948			2355.984403
26000			-28970.792243			2131.772185
27000			-25661.182527			1928.897594
28000			-22043.944874			1745.329992
29000			-26167.130332			1579.231987
30000			-22716.187451			1428.941048
31000			-29992.308255			1292.952863
32000			-20305.828444			1169.906280
33000			-21290.874234			1058.569685
34000			-25948.927372			957.828671
35000			-16315.027230			866.674888
36000			-19117.410683			784.195947
37000			-22030.536091			709.566288
38000			-15289.013262			642.038917
39000			-17022.749072			580.937931
40000			-13624.620255			525.651749
41000			-10472.893020			475.626993
42000			-12545.182190			430.362949
43000			-12340.223966			389.406552
44000			-11706.735762			352.347857
45000			-10455.610773			318.815931
46000			-11193.838745			288.475142
47000			-10267.389269			261.021797
48000			-9239.381431			236.181108
49000			-8583.019468			213.704435
50000			-9668.213369			193.366803
51000			-8614.018296			174.964643
52000			-7631.799124			158.313765
53000			-8550.569239			143.247502
54000			-9214.686748			129.615051
55000			-8913.427461			117.279962
56000			-8277.133214			106.118767
57000			-7345.206503			96.019751
58000			-7133.504266			86.881830
59000			-7601.729806			78.613537
60000			-7082.153283			71.132114
61000			-6176.812526			64.362677
62000			-4876.916824			58.237467
63000			-4561.899806			52.695176
64000			-4243.959410			47.680328
65000			-3547.306591			43.142730
66000			-3315.477971			39.036961
67000			-3527.954289			35.321926
68000			-3596.153489			31.960441
69000			-3410.301217			28.918858
70000			-3397.085954			26.166734
71000			-3222.551835			23.676522
72000			-2913.419668			21.423296
73000			-2850.686025			19.384503
74000			-2750.171449			17.539736
75000			-2676.184159			15.870530
76000			-2448.659975			14.360177
77000			-2549.077791			12.993561
78000			-2401.103212			11.757001
79000			-2431.456971			10.638121
80000			-2427.662751			9.625722
81000			-2366.955232			8.709670
82000			-2336.633726			7.880796
83000			-2143.676814			7.130803
84000			-2111.458198			6.452185
85000			-2079.207328			5.838150
86000			-2069.721778			5.282550
87000			-2039.368019			4.779825
88000			-2041.265129			4.324943
89000			-2035.573799			3.913350
90000			-2039.368019			3.540928
91000			-1993.837379			3.203948
92000			-1984.351829			2.899038
93000			-1976.763389			2.623145
94000			-1978.660499			2.373508
95000			-1980.557609			2.147628
96000			-1927.567543			1.943244
97000			-1910.493553			1.758311
98000			-1755.382082			1.590978
99000			-1759.176302			1.439569
100000			-1759.176302			1.302570
101000			-1761.073412			1.178608
102000			-1761.073412			1.066443
103000			-1753.484972			0.964953
104000			-1755.382082			0.873121
105000			-1753.484972			0.790029
106000			-1751.587862			0.714844
107000			-1747.793642			0.646814
108000			-1745.896532			0.585259
109000			-1747.793642			0.529561
110000			-1745.896532			0.479165
111000			-1745.896532			0.433564
112000			-1745.896532			0.392303
113000			-1745.896532			0.354969
114000			-1743.999422			0.321187
115000			-1743.999422			0.290621
116000			-1742.102312			0.262963
117000			-1742.102312			0.237938
118000			-1742.102312			0.215294
119000			-1742.102312			0.194805
120000			-1742.102312			0.176266
121000			-1742.102312			0.159491
122000			-1742.102312			0.144313
123000			-1706.057222			0.130579
124000			-1706.057222			0.118152
125000			-1706.057222			0.106908
126000			-1706.057222			0.096734
127000			-1706.057222			0.087528
128000			-1706.057222			0.079198
129000			-1706.057222			0.071661
130000			-1706.057222			0.064841
131000			-1706.057222			0.058671
132000			-1706.057222			0.053087
133000			-1706.057222			0.048035
134000			-1706.057222			0.043464
135000			-1706.057222			0.039327
136000			-1706.057222			0.035585
137000			-1706.057222			0.032198
138000			-1706.057222			0.029134
139000			-1706.057222			0.026361
140000			-1706.057222			0.023853
141000			-1706.057222			0.021583
142000			-1706.057222			0.019529
143000			-1706.057222			0.017670
144000			-1706.057222			0.015989
145000			-1706.057222			0.014467
146000			-1706.057222			0.013090
147000			-1706.057222			0.011844
148000			-1706.057222			0.010717
149000			-1706.057222			0.009697
150000			-1706.057222			0.008774
151000			-1706.057222			0.007939
152000			-1706.057222			0.007184
153000			-1706.057222			0.006500
154000			-1706.057222			0.005882
155000			-1706.057222			0.005322
156000			-1706.057222			0.004815
157000			-1706.057222			0.004357
158000			-1706.057222			0.003942
159000			-1706.057222			0.003567
160000			-1706.057222			0.003228
161000			-1706.057222			0.002921
162000			-1706.057222			0.002643
163000			-1706.057222			0.002391
164000			-1706.057222			0.002164
165000			-1706.057222			0.001958
166000			-1706.057222			0.001771
167000			-1706.057222			0.001603
168000			-1706.057222			0.001450
169000			-1706.057222			0.001312
170000			-1706.057222			0.001187
171000			-1706.057222			0.001074
Iteration: 2
Step			Log-likelihood			Temperature
1			-30888.242705			99900.000000
1000			-24907.466819			36769.542477
2000			-30472.104137			23501.721022
3000			-31570.853352			21265.130236
4000			-30769.317015			19241.389323
5000			-31251.461553			17410.241977
6000			-31341.141777			15753.359626
7000			-30953.518526			14254.157974
8000			-27501.147599			12897.631004
9000			-31961.872104			11670.200782
10000			-30271.247930			10559.581542
11000			-29697.036419			9554.656721
12000			-27804.609012			8645.367688
13000			-33687.919656			7822.613061
14000			-21239.329731			7078.157611
15000			-30571.727296			6404.549832
16000			-28549.871278			5795.047357
17000			-31542.041915			5243.549468
18000			-29253.355973			4744.536038
19000			-23780.724180			4293.012272
20000			-26293.462620			3884.458716
21000			-26695.676351			3514.786020
22000			-24679.883967			3180.294005
23000			-28398.237331			2877.634626
24000			-30765.613716			2603.778466
25000			-23559.858926			2355.984403
26000			-26981.249910			2131.772185
27000			-28251.494220			1928.897594
28000			-26061.698507			1745.329992
29000			-28709.460129			1579.231987
30000			-23135.337262			1428.941048
31000			-19991.629438			1292.952863
32000			-23590.412045			1169.906280
33000			-25659.129989			1058.569685
34000			-18775.200737			957.828671
35000			-16550.494641			866.674888
36000			-16971.899407			784.195947
37000			-20770.922348			709.566288
38000			-16756.086255			642.038917
39000			-14356.447322			580.937931
40000			-15770.008357			525.651749
41000			-12958.074846			475.626993
42000			-11935.092695			430.362949
43000			-14405.734090			389.406552
44000			-14242.626562			352.347857
45000			-12886.565228			318.815931
46000			-10398.336847			288.475142
47000			-10981.459187			261.021797
48000			-10689.685451			236.181108
49000			-9196.049860			213.704435
50000			-8926.783416			193.366803
51000			-9383.555951			174.964643
52000			-7075.500190			158.313765
53000			-8176.656730			143.247502
54000			-7270.676745			129.615051
55000			-6082.478920			117.279962
56000			-6391.218208			106.118767
57000			-5850.773475			96.019751
58000			-6026.113927			86.881830
59000			-5556.850440			78.613537
60000			-4981.483647			71.132114
61000			-5501.640731			64.362677
62000			-5069.363520			58.237467
63000			-5089.973703			52.695176
64000			-5306.405508			47.680328
65000			-4280.558646			43.142730
66000			-3783.193296			39.036961
67000			-3436.699490			35.321926
68000			-3367.183741			31.960441
69000			-3346.251025			28.918858
70000			-3319.755992			26.166734
71000			-3192.552862			23.676522
72000			-2972.584864			21.423296
73000			-3118.662333			19.384503
74000			-2691.973853			17.539736
75000			-2426.507469			15.870530
76000			-2379.079719			14.360177
77000			-2233.002251			12.993561
78000			-2043.742799			11.757001
79000			-2009.594820			10.638121
80000			-1965.961290			9.625722
81000			-1842.649141			8.709670
82000			-1806.604051			7.880796
83000			-1808.501161			7.130803
84000			-1810.398271			6.452185
85000			-1802.809831			5.838150
86000			-1808.501161			5.282550
87000			-1797.118501			4.779825
88000			-1795.221391			4.324943
89000			-1797.118501			3.913350
90000			-1810.398271			3.540928
91000			-1800.912721			3.203948
92000			-1797.118501			2.899038
93000			-1797.118501			2.623145
94000			-1761.073412			2.373508
95000			-1762.970522			2.147628
96000			-1759.176302			1.943244
97000			-1753.484972			1.758311
98000			-1751.587862			1.590978
99000			-1679.497682			1.439569
100000			-1687.086122			1.302570
101000			-1677.600572			1.178608
102000			-1685.189012			1.066443
103000			-1685.189012			0.964953
104000			-1685.189012			0.873121
105000			-1683.291902			0.790029
106000			-1685.189012			0.714844
107000			-1675.703462			0.646814
108000			-1677.600572			0.585259
109000			-1675.703462			0.529561
110000			-1671.909242			0.479165
111000			-1673.806352			0.433564
112000			-1675.703462			0.392303
113000			-1673.806352			0.354969
114000			-1673.806352			0.321187
115000			-1671.909242			0.290621
116000			-1670.012132			0.262963
117000			-1670.012132			0.237938
118000			-1666.217912			0.215294
119000			-1666.217912			0.194805
120000			-1666.217912			0.176266
121000			-1664.320802			0.159491
122000			-1664.320802			0.144313
123000			-1664.320802			0.130579
124000			-1664.320802			0.118152
125000			-1664.320802			0.106908
126000			-1664.320802			0.096734
127000			-1664.320802			0.087528
128000			-1664.320802			0.079198
129000			-1664.320802			0.071661
130000			-1664.320802			0.064841
131000			-1664.320802			0.058671
132000			-1664.320802			0.053087
133000			-1664.320802			0.048035
134000			-1664.320802			0.043464
135000			-1664.320802			0.039327
136000			-1664.320802			0.035585
137000			-1664.320802			0.032198
138000			-1664.320802			0.029134
139000			-1664.320802			0.026361
140000			-1664.320802			0.023853
141000			-1664.320802			0.021583
142000			-1664.320802			0.019529
143000			-1664.320802			0.017670
144000			-1664.320802			0.015989
145000			-1664.320802			0.014467
146000			-1664.320802			0.013090
147000			-1664.320802			0.011844
148000			-1664.320802			0.010717
149000			-1664.320802			0.009697
150000			-1664.320802			0.008774
151000			-1664.320802			0.007939
152000			-1664.320802			0.007184
153000			-1664.320802			0.006500
154000			-1664.320802			0.005882
155000			-1664.320802			0.005322
156000			-1664.320802			0.004815
157000			-1664.320802			0.004357
158000			-1664.320802			0.003942
159000			-1664.320802			0.003567
160000			-1664.320802			0.003228
161000			-1664.320802			0.002921
162000			-1664.320802			0.002643
163000			-1664.320802			0.002391
164000			-1664.320802			0.002164
165000			-1664.320802			0.001958
166000			-1664.320802			0.001771
167000			-1664.320802			0.001603
168000			-1664.320802			0.001450
169000			-1664.320802			0.001312
170000			-1664.320802			0.001187
171000			-1664.320802			0.001074
Iteration: 3
Step			Log-likelihood			Temperature
1			-34200.658464			99900.000000
1000			-32328.105252			36769.542477
2000			-29564.373572			23501.721022
3000			-28390.552131			21265.130236
4000			-27706.082467			19241.389323
5000			-25181.993621			17410.241977
6000			-30524.164694			15753.359626
7000			-29181.635317			14254.157974
8000			-31452.329438			12897.631004
9000			-27814.003641			11670.200782
10000			-29539.705303			10559.581542
11000			-32558.520562			9554.656721
12000			-27532.914668			8645.367688
13000			-34505.943583			7822.613061
14000			-27969.683995			7078.157611
15000			-30407.458647			6404.549832
16000			-32465.503505			5795.047357
17000			-30850.596625			5243.549468
18000			-25863.915268			4744.536038
19000			-31360.623091			4293.012272
20000			-25711.023440			3884.458716
21000			-27203.063880			3514.786020
22000			-29038.847692			3180.294005
23000			-28138.990009			2877.634626
24000			-30410.833574			2603.778466
25000			-25296.600140			2355.984403
26000			-27109.172924			2131.772185
27000			-32579.136584			1928.897594
28000			-29525.490186			1745.329992
29000			-26771.680867			1579.231987
30000			-32057.360993			1428.941048
31000			-23611.919484			1292.952863
32000			-20108.051044			1169.906280
33000			-25468.636012			1058.569685
34000			-22901.561762			957.828671
35000			-14557.854617			866.674888
36000			-24476.520894			784.195947
37000			-20710.622445			709.566288
38000			-16290.751840			642.038917
39000			-18927.497268			580.937931
40000			-15441.781915			525.651749
41000			-17493.065243			475.626993
42000			-14765.422584			430.362949
43000			-14757.570278			389.406552
44000			-11737.362285			352.347857
45000			-12146.970936			318.815931
46000			-11838.947061			288.475142
47000			-10975.955538			261.021797
48000			-9634.619536			236.181108
49000			-10035.736652			213.704435
50000			-10044.873254			193.366803
51000			-9094.336070			174.964643
52000			-8476.930898			158.313765
53000			-7533.466100			143.247502
54000			-8427.708638			129.615051
55000			-5950.358542			117.279962
56000			-6382.668005			106.118767
57000			-6003.375022			96.019751
58000			-6207.811353			86.881830
59000			-5737.817717			78.613537
60000			-4893.867639			71.132114
61000			-4507.921564			64.362677
62000			-3382.328368			58.237467
63000			-4059.016072			52.695176
64000			-3652.841015			47.680328
65000			-3302.682002			43.142730
66000			-3281.846045			39.036961
67000			-3012.424174			35.321926
68000			-3363.389521			31.960441
69000			-3277.309998			28.918858
70000			-3427.181686			26.166734
71000			-3088.276320			23.676522
72000			-2800.496163			21.423296
73000			-2563.518682			19.384503
74000			-2622.329091			17.539736
75000			-2453.518556			15.870530
76000			-2290.367097			14.360177
77000			-2170.849168			12.993561
78000			-2174.643388			11.757001
79000			-2110.141649			10.638121
80000			-2066.508119			9.625722
81000			-2060.816789			8.709670
82000			-2032.360139			7.880796
83000			-1867.311571			7.130803
84000			-1855.928911			6.452185
85000			-1854.031801			5.838150
86000			-1857.826021			5.282550
87000			-1821.780931			4.779825
88000			-1814.192491			4.324943
89000			-1808.501161			3.913350
90000			-1804.706941			3.540928
91000			-1749.690752			3.203948
92000			-1728.822542			2.899038
93000			-1732.616762			2.623145
94000			-1738.308092			2.373508
95000			-1728.822542			2.147628
96000			-1725.028322			1.943244
97000			-1690.880342			1.758311
98000			-1687.086122			1.590978
99000			-1685.189012			1.439569
100000			-1685.189012			1.302570
101000			-1681.394792			1.178608
102000			-1685.189012			1.066443
103000			-1681.394792			0.964953
104000			-1681.394792			0.873121
105000			-1679.497682			0.790029
106000			-1681.394792			0.714844
107000			-1679.497682			0.646814
108000			-1679.497682			0.585259
109000			-1675.703462			0.529561
110000			-1675.703462			0.479165
111000			-1671.909242			0.433564
112000			-1670.012132			0.392303
113000			-1670.012132			0.354969
114000			-1670.012132			0.321187
115000			-1670.012132			0.290621
116000			-1670.012132			0.262963
117000			-1668.115022			0.237938
118000			-1668.115022			0.215294
119000			-1668.115022			0.194805
120000			-1668.115022			0.176266
121000			-1668.115022			0.159491
122000			-1668.115022			0.144313
123000			-1668.115022			0.130579
124000			-1668.115022			0.118152
125000			-1668.115022			0.106908
126000			-1668.115022			0.096734
127000			-1668.115022			0.087528
128000			-1668.115022			0.079198
129000			-1668.115022			0.071661
130000			-1668.115022			0.064841
131000			-1668.115022			0.058671
132000			-1668.115022			0.053087
133000			-1668.115022			0.048035
134000			-1668.115022			0.043464
135000			-1668.115022			0.039327
136000			-1668.115022			0.035585
137000			-1668.115022			0.032198
138000			-1668.115022			0.029134
139000			-1668.115022			0.026361
140000			-1668.115022			0.023853
141000			-1668.115022			0.021583
142000			-1668.115022			0.019529
143000			-1668.115022			0.017670
144000			-1668.115022			0.015989
145000			-1668.115022			0.014467
146000			-1668.115022			0.013090
147000			-1668.115022			0.011844
148000			-1668.115022			0.010717
149000			-1668.115022			0.009697
150000			-1668.115022			0.008774
151000			-1668.115022			0.007939
152000			-1668.115022			0.007184
153000			-1668.115022			0.006500
154000			-1668.115022			0.005882
155000			-1668.115022			0.005322
156000			-1668.115022			0.004815
157000			-1668.115022			0.004357
158000			-1668.115022			0.003942
159000			-1668.115022			0.003567
160000			-1668.115022			0.003228
161000			-1668.115022			0.002921
162000			-1668.115022			0.002643
163000			-1668.115022			0.002391
164000			-1668.115022			0.002164
165000			-1668.115022			0.001958
166000			-1668.115022			0.001771
167000			-1668.115022			0.001603
168000			-1668.115022			0.001450
169000			-1668.115022			0.001312
170000			-1668.115022			0.001187
171000			-1668.115022			0.001074
Iteration: 4
Step			Log-likelihood			Temperature
1			-36100.422123			99900.000000
1000			-26590.766419			36769.542477
2000			-31458.445901			23501.721022
3000			-29632.690107			21265.130236
4000			-33300.929795			19241.389323
5000			-31489.922690			17410.241977
6000			-31373.580328			15753.359626
7000			-31112.661669			14254.157974
8000			-33650.191552			12897.631004
9000			-27162.740770			11670.200782
10000			-31411.953499			10559.581542
11000			-33330.896514			9554.656721
12000			-31442.102061			8645.367688
13000			-29815.076532			7822.613061
14000			-28726.560533			7078.157611
15000			-32224.898910			6404.549832
16000			-30293.728809			5795.047357
17000			-29637.677702			5243.549468
18000			-29362.344566			4744.536038
19000			-30166.557933			4293.012272
20000			-26718.506178			3884.458716
21000			-30805.549786			3514.786020
22000			-27974.413563			3180.294005
23000			-26525.851225			2877.634626
24000			-33691.954386			2603.778466
25000			-28986.593615			2355.984403
26000			-21740.767903			2131.772185
27000			-23768.089477			1928.897594
28000			-24189.784523			1745.329992
29000			-18243.939595			1579.231987
30000			-24324.898626			1428.941048
31000			-25880.763484			1292.952863
32000			-22947.241990			1169.906280
33000			-22608.858517			1058.569685
34000			-20712.642729			957.828671
35000			-25745.995272			866.674888
36000			-17827.469596			784.195947
37000			-26379.187356			709.566288
38000			-16906.693932			642.038917
39000			-14205.974498			580.937931
40000			-17321.812071			525.651749
41000			-13523.366632			475.626993
42000			-15385.654375			430.362949
43000			-19365.119918			389.406552
44000			-12786.077066			352.347857
45000			-13665.433005			318.815931
46000			-10853.616830			288.475142
47000			-13715.402932			261.021797
48000			-11894.490983			236.181108
49000			-11373.586232			213.704435
50000			-9273.555825			193.366803
51000			-9021.671169			174.964643
52000			-9189.734037			158.313765
53000			-8918.699498			143.247502
54000			-6625.240057			129.615051
55000			-7057.995229			117.279962
56000			-5986.790672			106.118767
57000			-5510.809586			96.019751
58000			-5237.244547			86.881830
59000			-5376.598578			78.613537
60000			-5491.612712			71.132114
61000			-4894.958415			64.362677
62000			-4120.266059			58.237467
63000			-4551.904041			52.695176
64000			-3927.341402			47.680328
65000			-3998.592993			43.142730
66000			-3846.953208			39.036961
67000			-3752.678270			35.321926
68000			-3559.947132			31.960441
69000			-3412.714381			28.918858
70000			-3251.460032			26.166734
71000			-3346.283278			23.676522
72000			-2863.611008			21.423296
73000			-2585.542174			19.384503
74000			-2585.606681			17.539736
75000			-2273.293108			15.870530
76000			-2231.556688			14.360177
77000			-2168.952058			12.993561
78000			-2123.421419			11.757001
79000			-2102.553209			10.638121
80000			-2077.890779			9.625722
81000			-2032.360139			8.709670
82000			-1962.167070			7.880796
83000			-1829.369371			7.130803
84000			-1812.295381			6.452185
85000			-1795.221391			5.838150
86000			-1785.735841			5.282550
87000			-1766.764742			4.779825
88000			-1783.838731			4.324943
89000			-1789.530061			3.913350
90000			-1781.941621			3.540928
91000			-1747.793642			3.203948
92000			-1747.793642			2.899038
93000			-1743.999422			2.623145
94000			-1745.896532			2.373508
95000			-1745.896532			2.147628
96000			-1749.690752			1.943244
97000			-1747.793642			1.758311
98000			-1743.999422			1.590978
99000			-1747.793642			1.439569
100000			-1740.205202			1.302570
101000			-1734.513872			1.178608
102000			-1726.925432			1.066443
103000			-1728.822542			0.964953
104000			-1730.719652			0.873121
105000			-1728.822542			0.790029
106000			-1728.822542			0.714844
107000			-1726.925432			0.646814
108000			-1726.925432			0.585259
109000			-1725.028322			0.529561
110000			-1725.028322			0.479165
111000			-1725.028322			0.433564
112000			-1725.028322			0.392303
113000			-1725.028322			0.354969
114000			-1725.028322			0.321187
115000			-1725.028322			0.290621
116000			-1723.131212			0.262963
117000			-1723.131212			0.237938
118000			-1723.131212			0.215294
119000			-1723.131212			0.194805
120000			-1723.131212			0.176266
121000			-1723.131212			0.159491
122000			-1723.131212			0.144313
123000			-1721.234102			0.130579
124000			-1721.234102			0.118152
125000			-1721.234102			0.106908
126000			-1721.234102			0.096734
127000			-1721.234102			0.087528
128000			-1721.234102			0.079198
129000			-1721.234102			0.071661
130000			-1721.234102			0.064841
131000			-1721.234102			0.058671
132000			-1721.234102			0.053087
133000			-1721.234102			0.048035
134000			-1721.234102			0.043464
135000			-1721.234102			0.039327
136000			-1721.234102			0.035585
137000			-1721.234102			0.032198
138000			-1721.234102			0.029134
139000			-1721.234102			0.026361
140000			-1721.234102			0.023853
141000			-1721.234102			0.021583
142000			-1721.234102			0.019529
143000			-1721.234102			0.017670
144000			-1721.234102			0.015989
145000			-1721.234102			0.014467
146000			-1721.234102			0.013090
147000			-1721.234102			0.011844
148000			-1721.234102			0.010717
149000			-1721.234102			0.009697
150000			-1721.234102			0.008774
151000			-1721.234102			0.007939
152000			-1721.234102			0.007184
153000			-1721.234102			0.006500
154000			-1721.234102			0.005882
155000			-1721.234102			0.005322
156000			-1721.234102			0.004815
157000			-1721.234102			0.004357
158000			-1721.234102			0.003942
159000			-1721.234102			0.003567
160000			-1721.234102			0.003228
161000			-1721.234102			0.002921
162000			-1721.234102			0.002643
163000			-1721.234102			0.002391
164000			-1721.234102			0.002164
165000			-1721.234102			0.001958
166000			-1721.234102			0.001771
167000			-1721.234102			0.001603
168000			-1721.234102			0.001450
169000			-1721.234102			0.001312
170000			-1721.234102			0.001187
171000			-1721.234102			0.001074
Iteration: 5
Step			Log-likelihood			Temperature
1			-33538.218132			99900.000000
1000			-29281.639678			36769.542477
2000			-33963.977103			23501.721022
3000			-28431.584816			21265.130236
4000			-31245.479943			19241.389323
5000			-27053.558656			17410.241977
6000			-31259.507380			15753.359626
7000			-32744.141221			14254.157974
8000			-33148.806209			12897.631004
9000			-32933.353683			11670.200782
10000			-33913.728573			10559.581542
11000			-30762.889696			9554.656721
12000			-30268.614831			8645.367688
13000			-30052.995200			7822.613061
14000			-27724.264750			7078.157611
15000			-28664.902930			6404.549832
16000			-33099.029802			5795.047357
17000			-31237.032340			5243.549468
18000			-32798.374433			4744.536038
19000			-26123.039416			4293.012272
20000			-30836.871147			3884.458716
21000			-28862.196529			3514.786020
22000			-31434.698244			3180.294005
23000			-27280.147493			2877.634626
24000			-30367.801180			2603.778466
25000			-29056.909859			2355.984403
26000			-26092.477400			2131.772185
27000			-26428.840589			1928.897594
28000			-26484.850794			1745.329992
29000			-27838.073832			1579.231987
30000			-31340.432202			1428.941048
31000			-26676.259543			1292.952863
32000			-25785.635222			1169.906280
33000			-24376.405037			1058.569685
34000			-22777.918182			957.828671
35000			-21044.991763			866.674888
36000			-15047.602332			784.195947
37000			-14172.556667			709.566288
38000			-17219.148197			642.038917
39000			-13099.610428			580.937931
40000			-15684.585579			525.651749
41000			-15227.472993			475.626993
42000			-12858.876820			430.362949
43000			-12828.103766			389.406552
44000			-12626.279958			352.347857
45000			-11073.197787			318.815931
46000			-10197.550987			288.475142
47000			-10017.513219			261.021797
48000			-10212.056385			236.181108
49000			-9933.782353			213.704435
50000			-9302.598874			193.366803
51000			-9510.286957			174.964643
52000			-10034.496288			158.313765
53000			-8666.782588			143.247502
54000			-7532.149550			129.615051
55000			-6915.503723			117.279962
56000			-7122.825341			106.118767
57000			-7146.332488			96.019751
58000			-6231.860969			86.881830
59000			-5834.312299			78.613537
60000			-5917.559364			71.132114
61000			-5609.620572			64.362677
62000			-4522.834578			58.237467
63000			-4158.079246			52.695176
64000			-4056.248120			47.680328
65000			-3607.471642			43.142730
66000			-3194.578986			39.036961
67000			-2908.792699			35.321926
68000			-2808.278123			31.960441
69000			-2738.085054			28.918858
70000			-2713.422624			26.166734
71000			-2419.370576			23.676522
72000			-2341.589067			21.423296
73000			-2168.952058			19.384503
74000			-2189.820268			17.539736
75000			-2216.379808			15.870530
76000			-2206.894258			14.360177
77000			-2208.791368			12.993561
78000			-2091.170549			11.757001
79000			-2053.228349			10.638121
80000			-2043.742799			9.625722
81000			-1998.212160			8.709670
82000			-2047.537019			7.880796
83000			-2009.594820			7.130803
84000			-1954.578630			6.452185
85000			-1933.710420			5.838150
86000			-1899.562441			5.282550
87000			-1903.356660			4.779825
88000			-1880.591341			4.324943
89000			-1886.282671			3.913350
90000			-1825.575151			3.540928
91000			-1795.221391			3.203948
92000			-1797.118501			2.899038
93000			-1804.706941			2.623145
94000			-1799.015611			2.373508
95000			-1800.912721			2.147628
96000			-1793.324281			1.943244
97000			-1747.793642			1.758311
98000			-1745.896532			1.590978
99000			-1738.308092			1.439569
100000			-1734.513872			1.302570
101000			-1738.308092			1.178608
102000			-1734.513872			1.066443
103000			-1728.822542			0.964953
104000			-1726.925432			0.873121
105000			-1726.925432			0.790029
106000			-1728.822542			0.714844
107000			-1726.925432			0.646814
108000			-1726.925432			0.585259
109000			-1726.925432			0.529561
110000			-1725.028322			0.479165
111000			-1725.028322			0.433564
112000			-1723.131212			0.392303
113000			-1721.234102			0.354969
114000			-1721.234102			0.321187
115000			-1721.234102			0.290621
116000			-1721.234102			0.262963
117000			-1721.234102			0.237938
118000			-1721.234102			0.215294
119000			-1719.336992			0.194805
120000			-1719.336992			0.176266
121000			-1719.336992			0.159491
122000			-1719.336992			0.144313
123000			-1719.336992			0.130579
124000			-1719.336992			0.118152
125000			-1719.336992			0.106908
126000			-1719.336992			0.096734
127000			-1719.336992			0.087528
128000			-1719.336992			0.079198
129000			-1719.336992			0.071661
130000			-1719.336992			0.064841
131000			-1719.336992			0.058671
132000			-1719.336992			0.053087
133000			-1719.336992			0.048035
134000			-1719.336992			0.043464
135000			-1719.336992			0.039327
136000			-1719.336992			0.035585
137000			-1719.336992			0.032198
138000			-1719.336992			0.029134
139000			-1719.336992			0.026361
140000			-1719.336992			0.023853
141000			-1719.336992			0.021583
142000			-1719.336992			0.019529
143000			-1719.336992			0.017670
144000			-1719.336992			0.015989
145000			-1719.336992			0.014467
146000			-1719.336992			0.013090
147000			-1719.336992			0.011844
148000			-1719.336992			0.010717
149000			-1719.336992			0.009697
150000			-1719.336992			0.008774
151000			-1719.336992			0.007939
152000			-1719.336992			0.007184
153000			-1719.336992			0.006500
154000			-1719.336992			0.005882
155000			-1719.336992			0.005322
156000			-1719.336992			0.004815
157000			-1719.336992			0.004357
158000			-1719.336992			0.003942
159000			-1719.336992			0.003567
160000			-1719.336992			0.003228
161000			-1719.336992			0.002921
162000			-1719.336992			0.002643
163000			-1719.336992			0.002391
164000			-1719.336992			0.002164
165000			-1719.336992			0.001958
166000			-1719.336992			0.001771
167000			-1719.336992			0.001603
168000			-1719.336992			0.001450
169000			-1719.336992			0.001312
170000			-1719.336992			0.001187
171000			-1719.336992			0.001074
Iteration: 6
Step			Log-likelihood			Temperature
1			-33888.183624			99900.000000
1000			-29005.338941			36769.542477
2000			-31083.392846			23501.721022
3000			-23068.293345			21265.130236
4000			-31535.163049			19241.389323
5000			-31569.788990			17410.241977
6000			-31263.709215			15753.359626
7000			-34319.795192			14254.157974
8000			-32037.401716			12897.631004
9000			-30286.462902			11670.200782
10000			-31578.931431			10559.581542
11000			-32763.821896			9554.656721
12000			-29261.378443			8645.367688
13000			-35206.540211			7822.613061
14000			-28371.522364			7078.157611
15000			-27670.902380			6404.549832
16000			-30217.284424			5795.047357
17000			-29465.723853			5243.549468
18000			-32176.632573			4744.536038
19000			-29962.690484			4293.012272
20000			-30626.388699			3884.458716
21000			-29955.494924			3514.786020
22000			-30079.859756			3180.294005
23000			-32136.373969			2877.634626
24000			-29549.701068			2603.778466
25000			-24337.855862			2355.984403
26000			-25175.862422			2131.772185
27000			-21235.723192			1928.897594
28000			-23703.027752			1745.329992
29000			-19254.486403			1579.231987
30000			-19987.764873			1428.941048
31000			-30950.606825			1292.952863
32000			-20381.739257			1169.906280
33000			-27896.148253			1058.569685
34000			-21009.753008			957.828671
35000			-18264.813644			866.674888
36000			-17127.468265			784.195947
37000			-16673.651363			709.566288
38000			-14488.400595			642.038917
39000			-17879.008260			580.937931
40000			-14093.212260			525.651749
41000			-14628.390796			475.626993
42000			-15580.593478			430.362949
43000			-12289.761341			389.406552
44000			-12060.307793			352.347857
45000			-10436.833194			318.815931
46000			-11206.886902			288.475142
47000			-10246.310022			261.021797
48000			-9945.713320			236.181108
49000			-8874.851872			213.704435
50000			-9677.769265			193.366803
51000			-8883.648423			174.964643
52000			-7675.362308			158.313765
53000			-8248.251431			143.247502
54000			-8235.197435			129.615051
55000			-7860.698526			117.279962
56000			-6560.512543			106.118767
57000			-7566.104010			96.019751
58000			-7482.115117			86.881830
59000			-5560.741420			78.613537
60000			-5358.337052			71.132114
61000			-4991.104049			64.362677
62000			-5576.504700			58.237467
63000			-4698.594324			52.695176
64000			-4518.368876			47.680328
65000			-4695.025878			43.142730
66000			-4240.396803			39.036961
67000			-3946.860809			35.321926
68000			-3609.981566			31.960441
69000			-3310.076921			28.918858
70000			-3145.028353			26.166734
71000			-3194.320959			23.676522
72000			-2887.214915			21.423296
73000			-2747.538350			19.384503
74000			-2933.487382			17.539736
75000			-2584.386892			15.870530
76000			-2347.280397			14.360177
77000			-2299.852647			12.993561
78000			-2280.881547			11.757001
79000			-2237.248018			10.638121
80000			-2053.228349			9.625722
81000			-2015.286150			8.709670
82000			-1928.019090			7.880796
83000			-1878.694231			7.130803
84000			-1929.916200			6.452185
85000			-1863.517351			5.838150
86000			-1842.649141			5.282550
87000			-1854.031801			4.779825
88000			-1780.044511			4.324943
89000			-1772.456072			3.913350
90000			-1751.587862			3.540928
91000			-1755.382082			3.203948
92000			-1759.176302			2.899038
93000			-1755.382082			2.623145
94000			-1700.365892			2.373508
95000			-1692.777452			2.147628
96000			-1690.880342			1.943244
97000			-1688.983232			1.758311
98000			-1685.189012			1.590978
99000			-1687.086122			1.439569
100000			-1685.189012			1.302570
101000			-1683.291902			1.178608
102000			-1683.291902			1.066443
103000			-1681.394792			0.964953
104000			-1679.497682			0.873121
105000			-1675.703462			0.790029
106000			-1675.703462			0.714844
107000			-1675.703462			0.646814
108000			-1677.600572			0.585259
109000			-1675.703462			0.529561
110000			-1675.703462			0.479165
111000			-1675.703462			0.433564
112000			-1673.806352			0.392303
113000			-1673.806352			0.354969
114000			-1671.909242			0.321187
115000			-1671.909242			0.290621
116000			-1671.909242			0.262963
117000			-1671.909242			0.237938
118000			-1671.909242			0.215294
119000			-1671.909242			0.194805
120000			-1671.909242			0.176266
121000			-1671.909242			0.159491
122000			-1671.909242			0.144313
123000			-1671.909242			0.130579
124000			-1671.909242			0.118152
125000			-1670.012132			0.106908
126000			-1670.012132			0.096734
127000			-1670.012132			0.087528
128000			-1670.012132			0.079198
129000			-1670.012132			0.071661
130000			-1670.012132			0.064841
131000			-1668.115022			0.058671
132000			-1668.115022			0.053087
133000			-1668.115022			0.048035
134000			-1668.115022			0.043464
135000			-1668.115022			0.039327
136000			-1668.115022			0.035585
137000			-1668.115022			0.032198
138000			-1668.115022			0.029134
139000			-1668.115022			0.026361
140000			-1668.115022			0.023853
141000			-1668.115022			0.021583
142000			-1668.115022			0.019529
143000			-1668.115022			0.017670
144000			-1668.115022			0.015989
145000			-1668.115022			0.014467
146000			-1668.115022			0.013090
147000			-1668.115022			0.011844
148000			-1668.115022			0.010717
149000			-1668.115022			0.009697
150000			-1668.115022			0.008774
151000			-1668.115022			0.007939
152000			-1668.115022			0.007184
153000			-1668.115022			0.006500
154000			-1668.115022			0.005882
155000			-1668.115022			0.005322
156000			-1668.115022			0.004815
157000			-1668.115022			0.004357
158000			-1668.115022			0.003942
159000			-1668.115022			0.003567
160000			-1668.115022			0.003228
161000			-1668.115022			0.002921
162000			-1668.115022			0.002643
163000			-1668.115022			0.002391
164000			-1668.115022			0.002164
165000			-1668.115022			0.001958
166000			-1668.115022			0.001771
167000			-1668.115022			0.001603
168000			-1668.115022			0.001450
169000			-1668.115022			0.001312
170000			-1668.115022			0.001187
171000			-1668.115022			0.001074
Iteration: 7
Step			Log-likelihood			Temperature
1			-33396.354177			99900.000000
1000			-30099.417256			36769.542477
2000			-31181.042710			23501.721022
3000			-32244.896279			21265.130236
4000			-31109.216397			19241.389323
5000			-27245.289939			17410.241977
6000			-24261.584422			15753.359626
7000			-30064.108155			14254.157974
8000			-29210.232658			12897.631004
9000			-28176.378062			11670.200782
10000			-31047.799303			10559.581542
11000			-24521.887209			9554.656721
12000			-28195.703949			8645.367688
13000			-30320.593365			7822.613061
14000			-25832.455997			7078.157611
15000			-30693.142335			6404.549832
16000			-34594.591699			5795.047357
17000			-27195.325851			5243.549468
18000			-31826.628988			4744.536038
19000			-27615.135465			4293.012272
20000			-32423.799339			3884.458716
21000			-24942.151428			3514.786020
22000			-26018.006310			3180.294005
23000			-34164.463786			2877.634626
24000			-32536.514587			2603.778466
25000			-26543.977898			2355.984403
26000			-28785.010317			2131.772185
27000			-21934.284799			1928.897594
28000			-28793.255502			1745.329992
29000			-18778.253129			1579.231987
30000			-25980.026018			1428.941048
31000			-25680.778119			1292.952863
32000			-29641.600935			1169.906280
33000			-19892.768682			1058.569685
34000			-23826.668274			957.828671
35000			-16343.826988			866.674888
36000			-17440.796429			784.195947
37000			-12856.850696			709.566288
38000			-17406.322857			642.038917
39000			-18224.232507			580.937931
40000			-12591.797767			525.651749
41000			-11596.987824			475.626993
42000			-11868.843435			430.362949
43000			-13996.685424			389.406552
44000			-11169.918143			352.347857
45000			-11221.236873			318.815931
46000			-13183.587644			288.475142
47000			-12088.010937			261.021797
48000			-10635.217569			236.181108
49000			-9367.901109			213.704435
50000			-10082.094202			193.366803
51000			-9689.656301			174.964643
52000			-7659.320426			158.313765
53000			-9276.646310			143.247502
54000			-8079.393906			129.615051
55000			-8363.019217			117.279962
56000			-7922.443992			106.118767
57000			-8440.246580			96.019751
58000			-7518.450487			86.881830
59000			-5941.867007			78.613537
60000			-5901.388469			71.132114
61000			-5134.316807			64.362677
62000			-3909.886210			58.237467
63000			-3720.755773			52.695176
64000			-3863.194449			47.680328
65000			-3299.016795			43.142730
66000			-3223.745210			39.036961
67000			-2800.657430			35.321926
68000			-2829.146333			31.960441
69000			-3071.976411			28.918858
70000			-2889.853853			26.166734
71000			-2758.953264			23.676522
72000			-2709.596151			21.423296
73000			-2571.139375			19.384503
74000			-2499.049196			17.539736
75000			-2343.486177			15.870530
76000			-2371.942827			14.360177
77000			-2320.720857			12.993561
78000			-2318.823747			11.757001
79000			-2089.273439			10.638121
80000			-1935.607530			9.625722
81000			-1848.340471			8.709670
82000			-1814.192491			7.880796
83000			-1831.266481			7.130803
84000			-1838.854921			6.452185
85000			-1810.398271			5.838150
86000			-1810.398271			5.282550
87000			-1742.102312			4.779825
88000			-1776.250292			4.324943
89000			-1766.764742			3.913350
90000			-1780.044511			3.540928
91000			-1781.941621			3.203948
92000			-1768.661852			2.899038
93000			-1768.661852			2.623145
94000			-1774.353182			2.373508
95000			-1787.632951			2.147628
96000			-1770.558962			1.943244
97000			-1764.867632			1.758311
98000			-1757.279192			1.590978
99000			-1766.764742			1.439569
100000			-1759.176302			1.302570
101000			-1730.719652			1.178608
102000			-1725.028322			1.066443
103000			-1723.131212			0.964953
104000			-1721.234102			0.873121
105000			-1721.234102			0.790029
106000			-1723.131212			0.714844
107000			-1721.234102			0.646814
108000			-1717.439882			0.585259
109000			-1719.336992			0.529561
110000			-1719.336992			0.479165
111000			-1719.336992			0.433564
112000			-1719.336992			0.392303
113000			-1713.645662			0.354969
114000			-1713.645662			0.321187
115000			-1711.748552			0.290621
116000			-1711.748552			0.262963
117000			-1711.748552			0.237938
118000			-1711.748552			0.215294
119000			-1711.748552			0.194805
120000			-1711.748552			0.176266
121000			-1711.748552			0.159491
122000			-1711.748552			0.144313
123000			-1711.748552			0.130579
124000			-1711.748552			0.118152
125000			-1711.748552			0.106908
126000			-1711.748552			0.096734
127000			-1711.748552			0.087528
128000			-1711.748552			0.079198
129000			-1711.748552			0.071661
130000			-1711.748552			0.064841
131000			-1711.748552			0.058671
132000			-1711.748552			0.053087
133000			-1711.748552			0.048035
134000			-1711.748552			0.043464
135000			-1711.748552			0.039327
136000			-1711.748552			0.035585
137000			-1711.748552			0.032198
138000			-1675.703462			0.029134
139000			-1670.012132			0.026361
140000			-1670.012132			0.023853
141000			-1668.115022			0.021583
142000			-1668.115022			0.019529
143000			-1668.115022			0.017670
144000			-1668.115022			0.015989
145000			-1668.115022			0.014467
146000			-1668.115022			0.013090
147000			-1668.115022			0.011844
148000			-1668.115022			0.010717
149000			-1668.115022			0.009697
150000			-1668.115022			0.008774
151000			-1668.115022			0.007939
152000			-1668.115022			0.007184
153000			-1668.115022			0.006500
154000			-1668.115022			0.005882
155000			-1668.115022			0.005322
156000			-1668.115022			0.004815
157000			-1668.115022			0.004357
158000			-1668.115022			0.003942
159000			-1668.115022			0.003567
160000			-1668.115022			0.003228
161000			-1668.115022			0.002921
162000			-1668.115022			0.002643
163000			-1668.115022			0.002391
164000			-1668.115022			0.002164
165000			-1668.115022			0.001958
166000			-1668.115022			0.001771
167000			-1668.115022			0.001603
168000			-1668.115022			0.001450
169000			-1668.115022			0.001312
170000			-1668.115022			0.001187
171000			-1668.115022			0.001074
Iteration: 8
Step			Log-likelihood			Temperature
1			-33500.243679			99900.000000
1000			-34102.955771			36769.542477
2000			-29555.489158			23501.721022
3000			-33893.177058			21265.130236
4000			-31571.680261			19241.389323
5000			-31713.517802			17410.241977
6000			-28245.732544			15753.359626
7000			-32334.506156			14254.157974
8000			-25343.409236			12897.631004
9000			-26907.572109			11670.200782
10000			-29725.229202			10559.581542
11000			-27498.432477			9554.656721
12000			-26996.173234			8645.367688
13000			-32753.424354			7822.613061
14000			-28240.357909			7078.157611
15000			-32627.531935			6404.549832
16000			-31759.074856			5795.047357
17000			-27100.309085			5243.549468
18000			-29860.683356			4744.536038
19000			-28051.335909			4293.012272
20000			-26367.713775			3884.458716
21000			-29147.757042			3514.786020
22000			-28849.814015			3180.294005
23000			-26938.699949			2877.634626
24000			-27596.249447			2603.778466
25000			-30871.071955			2355.984403
26000			-30287.283973			2131.772185
27000			-23365.644134			1928.897594
28000			-22861.754705			1745.329992
29000			-27161.532659			1579.231987
30000			-28412.317597			1428.941048
31000			-21662.907150			1292.952863
32000			-24078.124739			1169.906280
33000			-20629.847210			1058.569685
34000			-22032.465454			957.828671
35000			-19970.066391			866.674888
36000			-17936.387843			784.195947
37000			-14751.439079			709.566288
38000			-16160.496319			642.038917
39000			-16591.468658			580.937931
40000			-14047.933808			525.651749
41000			-17201.945194			475.626993
42000			-16575.957567			430.362949
43000			-13027.746023			389.406552
44000			-11413.595706			352.347857
45000			-13773.486250			318.815931
46000			-9821.873439			288.475142
47000			-13111.902022			261.021797
48000			-11627.024889			236.181108
49000			-10245.623804			213.704435
50000			-9932.363204			193.366803
51000			-9429.086590			174.964643
52000			-8527.358211			158.313765
53000			-7848.993332			143.247502
54000			-7413.056754			129.615051
55000			-7341.315523			117.279962
56000			-6648.843964			106.118767
57000			-7410.030776			96.019751
58000			-6152.252695			86.881830
59000			-6012.705144			78.613537
60000			-5714.697610			71.132114
61000			-6104.470159			64.362677
62000			-5392.092152			58.237467
63000			-4536.985189			52.695176
64000			-4455.635233			47.680328
65000			-4163.641562			43.142730
66000			-3474.609436			39.036961
67000			-3364.609310			35.321926
68000			-3262.133118			31.960441
69000			-2974.449721			28.918858
70000			-2947.922435			26.166734
71000			-2754.417216			23.676522
72000			-2640.590617			21.423296
73000			-2505.895808			19.384503
74000			-2502.101588			17.539736
75000			-2477.697185			15.870530
76000			-2390.430126			14.360177
77000			-2443.549206			12.993561
78000			-2418.919029			11.757001
79000			-2341.137520			10.638121
80000			-2085.479219			9.625722
81000			-2075.993669			8.709670
82000			-1992.520830			7.880796
83000			-1829.369371			7.130803
84000			-1829.369371			6.452185
85000			-1829.369371			5.838150
86000			-1814.192491			5.282550
87000			-1757.279192			4.779825
88000			-1757.279192			4.324943
89000			-1696.571672			3.913350
90000			-1702.263002			3.540928
91000			-1706.057222			3.203948
92000			-1702.263002			2.899038
93000			-1704.160112			2.623145
94000			-1700.365892			2.373508
95000			-1690.880342			2.147628
96000			-1685.189012			1.943244
97000			-1677.600572			1.758311
98000			-1677.600572			1.590978
99000			-1673.806352			1.439569
100000			-1675.703462			1.302570
101000			-1675.703462			1.178608
102000			-1668.115022			1.066443
103000			-1668.115022			0.964953
104000			-1668.115022			0.873121
105000			-1666.217912			0.790029
106000			-1666.217912			0.714844
107000			-1666.217912			0.646814
108000			-1668.115022			0.585259
109000			-1668.115022			0.529561
110000			-1668.115022			0.479165
111000			-1670.012132			0.433564
112000			-1671.909242			0.392303
113000			-1671.909242			0.354969
114000			-1671.909242			0.321187
115000			-1671.909242			0.290621
116000			-1668.115022			0.262963
117000			-1668.115022			0.237938
118000			-1668.115022			0.215294
119000			-1668.115022			0.194805
120000			-1666.217912			0.176266
121000			-1666.217912			0.159491
122000			-1666.217912			0.144313
123000			-1666.217912			0.130579
124000			-1666.217912			0.118152
125000			-1666.217912			0.106908
126000			-1666.217912			0.096734
127000			-1666.217912			0.087528
128000			-1666.217912			0.079198
129000			-1666.217912			0.071661
130000			-1666.217912			0.064841
131000			-1666.217912			0.058671
132000			-1666.217912			0.053087
133000			-1666.217912			0.048035
134000			-1666.217912			0.043464
135000			-1666.217912			0.039327
136000			-1666.217912			0.035585
137000			-1666.217912			0.032198
138000			-1666.217912			0.029134
139000			-1666.217912			0.026361
140000			-1666.217912			0.023853
141000			-1666.217912			0.021583
142000			-1666.217912			0.019529
143000			-1666.217912			0.017670
144000			-1666.217912			0.015989
145000			-1666.217912			0.014467
146000			-1666.217912			0.013090
147000			-1666.217912			0.011844
148000			-1666.217912			0.010717
149000			-1666.217912			0.009697
150000			-1666.217912			0.008774
151000			-1666.217912			0.007939
152000			-1666.217912			0.007184
153000			-1666.217912			0.006500
154000			-1666.217912			0.005882
155000			-1666.217912			0.005322
156000			-1666.217912			0.004815
157000			-1666.217912			0.004357
158000			-1666.217912			0.003942
159000			-1666.217912			0.003567
160000			-1666.217912			0.003228
161000			-1666.217912			0.002921
162000			-1666.217912			0.002643
163000			-1666.217912			0.002391
164000			-1666.217912			0.002164
165000			-1666.217912			0.001958
166000			-1666.217912			0.001771
167000			-1666.217912			0.001603
168000			-1666.217912			0.001450
169000			-1666.217912			0.001312
170000			-1666.217912			0.001187
171000			-1666.217912			0.001074
Iteration: 9
Step			Log-likelihood			Temperature
1			-34821.588151			99900.000000
1000			-26493.400996			36769.542477
2000			-30157.743865			23501.721022
3000			-29263.249139			21265.130236
4000			-28920.898500			19241.389323
5000			-30377.949314			17410.241977
6000			-30595.932340			15753.359626
7000			-32039.040799			14254.157974
8000			-30956.802531			12897.631004
9000			-34436.196222			11670.200782
10000			-29582.145458			10559.581542
11000			-25729.871366			9554.656721
12000			-32025.218561			8645.367688
13000			-32328.401372			7822.613061
14000			-32651.833739			7078.157611
15000			-31988.463897			6404.549832
16000			-32191.835867			5795.047357
17000			-29236.308397			5243.549468
18000			-23794.502487			4744.536038
19000			-32246.702468			4293.012272
20000			-30449.957470			3884.458716
21000			-30316.068995			3514.786020
22000			-22922.532571			3180.294005
23000			-27037.807055			2877.634626
24000			-24652.641267			2603.778466
25000			-28115.981398			2355.984403
26000			-26145.649308			2131.772185
27000			-28236.393525			1928.897594
28000			-20567.183913			1745.329992
29000			-33128.389546			1579.231987
30000			-24071.976023			1428.941048
31000			-17683.943202			1292.952863
32000			-18860.365488			1169.906280
33000			-23155.017936			1058.569685
34000			-20918.665314			957.828671
35000			-17542.199363			866.674888
36000			-14823.356313			784.195947
37000			-12771.319480			709.566288
38000			-18465.751875			642.038917
39000			-15442.072195			580.937931
40000			-16710.033722			525.651749
41000			-12924.378414			475.626993
42000			-12603.766826			430.362949
43000			-16070.370387			389.406552
44000			-10127.753855			352.347857
45000			-11905.861965			318.815931
46000			-11900.648596			288.475142
47000			-10396.606843			261.021797
48000			-9239.381431			236.181108
49000			-10951.228602			213.704435
50000			-9053.104026			193.366803
51000			-9004.145632			174.964643
52000			-8616.753993			158.313765
53000			-7171.156185			143.247502
54000			-7398.390089			129.615051
55000			-8178.612508			117.279962
56000			-6848.137273			106.118767
57000			-6779.034979			96.019751
58000			-6532.223000			86.881830
59000			-5841.739472			78.613537
60000			-4917.626975			71.132114
61000			-4673.480347			64.362677
62000			-3818.335291			58.237467
63000			-3318.433603			52.695176
64000			-2981.360840			47.680328
65000			-2552.136022			43.142730
66000			-2584.386892			39.036961
67000			-2451.589193			35.321926
68000			-2301.717504			31.960441
69000			-2369.981210			28.918858
70000			-2256.219118			26.166734
71000			-2235.350908			23.676522
72000			-2138.598299			21.423296
73000			-2108.244539			19.384503
74000			-2098.758989			17.539736
75000			-2098.758989			15.870530
76000			-2106.347429			14.360177
77000			-2053.228349			12.993561
78000			-2051.331239			11.757001
79000			-2108.244539			10.638121
80000			-1897.665331			9.625722
81000			-1945.093080			8.709670
82000			-1910.945100			7.880796
83000			-1857.826021			7.130803
84000			-1848.340471			6.452185
85000			-1850.237581			5.838150
86000			-1821.780931			5.282550
87000			-1780.044511			4.779825
88000			-1759.176302			4.324943
89000			-1751.587862			3.913350
90000			-1753.484972			3.540928
91000			-1753.484972			3.203948
92000			-1743.999422			2.899038
93000			-1742.102312			2.623145
94000			-1751.587862			2.373508
95000			-1747.793642			2.147628
96000			-1747.793642			1.943244
97000			-1749.690752			1.758311
98000			-1749.690752			1.590978
99000			-1743.999422			1.439569
100000			-1743.999422			1.302570
101000			-1745.896532			1.178608
102000			-1740.205202			1.066443
103000			-1673.806352			0.964953
104000			-1673.806352			0.873121
105000			-1677.600572			0.790029
106000			-1675.703462			0.714844
107000			-1679.497682			0.646814
108000			-1679.497682			0.585259
109000			-1679.497682			0.529561
110000			-1679.497682			0.479165
111000			-1679.497682			0.433564
112000			-1679.497682			0.392303
113000			-1673.806352			0.354969
114000			-1673.806352			0.321187
115000			-1673.806352			0.290621
116000			-1673.806352			0.262963
117000			-1673.806352			0.237938
118000			-1673.806352			0.215294
119000			-1671.909242			0.194805
120000			-1671.909242			0.176266
121000			-1671.909242			0.159491
122000			-1671.909242			0.144313
123000			-1671.909242			0.130579
124000			-1671.909242			0.118152
125000			-1671.909242			0.106908
126000			-1671.909242			0.096734
127000			-1671.909242			0.087528
128000			-1671.909242			0.079198
129000			-1671.909242			0.071661
130000			-1671.909242			0.064841
131000			-1671.909242			0.058671
132000			-1671.909242			0.053087
133000			-1671.909242			0.048035
134000			-1671.909242			0.043464
135000			-1671.909242			0.039327
136000			-1671.909242			0.035585
137000			-1671.909242			0.032198
138000			-1671.909242			0.029134
139000			-1671.909242			0.026361
140000			-1671.909242			0.023853
141000			-1671.909242			0.021583
142000			-1671.909242			0.019529
143000			-1671.909242			0.017670
144000			-1671.909242			0.015989
145000			-1671.909242			0.014467
146000			-1671.909242			0.013090
147000			-1671.909242			0.011844
148000			-1671.909242			0.010717
149000			-1671.909242			0.009697
150000			-1671.909242			0.008774
151000			-1671.909242			0.007939
152000			-1671.909242			0.007184
153000			-1671.909242			0.006500
154000			-1671.909242			0.005882
155000			-1671.909242			0.005322
156000			-1671.909242			0.004815
157000			-1671.909242			0.004357
158000			-1671.909242			0.003942
159000			-1671.909242			0.003567
160000			-1671.909242			0.003228
161000			-1671.909242			0.002921
162000			-1671.909242			0.002643
163000			-1671.909242			0.002391
164000			-1671.909242			0.002164
165000			-1671.909242			0.001958
166000			-1671.909242			0.001771
167000			-1671.909242			0.001603
168000			-1671.909242			0.001450
169000			-1671.909242			0.001312
170000			-1671.909242			0.001187
171000			-1671.909242			0.001074
Iteration: 10
Step			Log-likelihood			Temperature
1			-34183.229687			99900.000000
1000			-27219.407720			36769.542477
2000			-24565.095606			23501.721022
3000			-30584.872213			21265.130236
4000			-28152.903168			19241.389323
5000			-29959.869705			17410.241977
6000			-30254.948021			15753.359626
7000			-31085.773756			14254.157974
8000			-28895.344654			12897.631004
9000			-30082.944402			11670.200782
10000			-34915.100687			10559.581542
11000			-29359.388934			9554.656721
12000			-31804.514574			8645.367688
13000			-30362.464637			7822.613061
14000			-26570.220743			7078.157611
15000			-28971.229054			6404.549832
16000			-25343.725931			5795.047357
17000			-25554.272886			5243.549468
18000			-34113.247655			4744.536038
19000			-29764.235763			4293.012272
20000			-25271.603498			3884.458716
21000			-29987.907060			3514.786020
22000			-30317.520397			3180.294005
23000			-24679.942635			2877.634626
24000			-28865.726883			2603.778466
25000			-24035.872266			2355.984403
26000			-31080.926853			2131.772185
27000			-28522.033281			1928.897594
28000			-23015.367785			1745.329992
29000			-20662.306337			1579.231987
30000			-26040.610363			1428.941048
31000			-24338.269317			1292.952863
32000			-19771.714269			1169.906280
33000			-23701.608604			1058.569685
34000			-16459.137243			957.828671
35000			-19001.467040			866.674888
36000			-15528.958053			784.195947
37000			-19304.793600			709.566288
38000			-13625.728547			642.038917
39000			-14627.352849			580.937931
40000			-14614.756239			525.651749
41000			-13901.442885			475.626993
42000			-12266.952090			430.362949
43000			-11653.074214			389.406552
44000			-12973.574260			352.347857
45000			-12406.848589			318.815931
46000			-13793.216694			288.475142
47000			-10816.985340			261.021797
48000			-10434.076921			236.181108
49000			-9057.710419			213.704435
50000			-8996.803541			193.366803
51000			-9425.480051			174.964643
52000			-8630.183352			158.313765
53000			-8293.019668			143.247502
54000			-8259.182544			129.615051
55000			-7245.847210			117.279962
56000			-6526.848364			106.118767
57000			-6496.301084			96.019751
58000			-6886.874129			86.881830
59000			-5996.877358			78.613537
60000			-5191.192014			71.132114
61000			-5351.839388			64.362677
62000			-5262.610712			58.237467
63000			-4788.494482			52.695176
64000			-4125.505842			47.680328
65000			-3471.073243			43.142730
66000			-3457.503193			39.036961
67000			-3735.991320			35.321926
68000			-3579.079499			31.960441
69000			-3664.449448			28.918858
70000			-3198.469966			26.166734
71000			-3080.881400			23.676522
72000			-2853.228202			21.423296
73000			-2733.710273			19.384503
74000			-2629.336971			17.539736
75000			-2646.378707			15.870530
76000			-2580.012111			14.360177
77000			-2659.722984			12.993561
78000			-2597.118354			11.757001
79000			-2360.560167			10.638121
80000			-2277.087328			9.625722
81000			-2210.688478			8.709670
82000			-2225.865358			7.880796
83000			-1946.990190			7.130803
84000			-1941.298860			6.452185
85000			-1935.607530			5.838150
86000			-1833.163591			5.282550
87000			-1833.163591			4.779825
88000			-1825.575151			4.324943
89000			-1823.678041			3.913350
90000			-1831.266481			3.540928
91000			-1829.369371			3.203948
92000			-1810.398271			2.899038
93000			-1814.192491			2.623145
94000			-1812.295381			2.373508
95000			-1808.501161			2.147628
96000			-1804.706941			1.943244
97000			-1802.809831			1.758311
98000			-1795.221391			1.590978
99000			-1753.484972			1.439569
100000			-1753.484972			1.302570
101000			-1749.690752			1.178608
102000			-1749.690752			1.066443
103000			-1749.690752			0.964953
104000			-1753.484972			0.873121
105000			-1742.102312			0.790029
106000			-1740.205202			0.714844
107000			-1740.205202			0.646814
108000			-1742.102312			0.585259
109000			-1738.308092			0.529561
110000			-1738.308092			0.479165
111000			-1738.308092			0.433564
112000			-1736.410982			0.392303
113000			-1736.410982			0.354969
114000			-1736.410982			0.321187
115000			-1736.410982			0.290621
116000			-1736.410982			0.262963
117000			-1734.513872			0.237938
118000			-1734.513872			0.215294
119000			-1734.513872			0.194805
120000			-1734.513872			0.176266
121000			-1734.513872			0.159491
122000			-1734.513872			0.144313
123000			-1734.513872			0.130579
124000			-1734.513872			0.118152
125000			-1734.513872			0.106908
126000			-1734.513872			0.096734
127000			-1668.115022			0.087528
128000			-1668.115022			0.079198
129000			-1668.115022			0.071661
130000			-1668.115022			0.064841
131000			-1668.115022			0.058671
132000			-1668.115022			0.053087
133000			-1668.115022			0.048035
134000			-1668.115022			0.043464
135000			-1668.115022			0.039327
136000			-1668.115022			0.035585
137000			-1668.115022			0.032198
138000			-1668.115022			0.029134
139000			-1668.115022			0.026361
140000			-1668.115022			0.023853
141000			-1668.115022			0.021583
142000			-1668.115022			0.019529
143000			-1668.115022			0.017670
144000			-1668.115022			0.015989
145000			-1668.115022			0.014467
146000			-1668.115022			0.013090
147000			-1668.115022			0.011844
148000			-1668.115022			0.010717
149000			-1668.115022			0.009697
150000			-1668.115022			0.008774
151000			-1668.115022			0.007939
152000			-1668.115022			0.007184
153000			-1668.115022			0.006500
154000			-1668.115022			0.005882
155000			-1668.115022			0.005322
156000			-1668.115022			0.004815
157000			-1668.115022			0.004357
158000			-1668.115022			0.003942
159000			-1668.115022			0.003567
160000			-1668.115022			0.003228
161000			-1668.115022			0.002921
162000			-1668.115022			0.002643
163000			-1668.115022			0.002391
164000			-1668.115022			0.002164
165000			-1668.115022			0.001958
166000			-1668.115022			0.001771
167000			-1668.115022			0.001603
168000			-1668.115022			0.001450
169000			-1668.115022			0.001312
170000			-1668.115022			0.001187
171000			-1668.115022			0.001074

Maximum likelihood Tree found: -1664.320802
digraph g {
	"54" -> "55";
	"55" [label="8"];
	"53" -> "54";
	"54" [label="42"];
	"52" -> "53";
	"53" [label="16"];
	"51" -> "52";
	"52" [label="12"];
	"50" -> "51";
	"51" [label="28"];
	"49" -> "50";
	"50" [label="35"];
	"47" -> "48";
	"48" [label="5"];
	"46" -> "47";
	"47" [label="21"];
	"45" -> "46";
	"46" [label="34"];
	"44" -> "45";
	"45" [label="17"];
	"43" -> "44";
	"44" [color=indianred1, style=filled, label="20"];
	"44" [label="20"];
	"42" -> "43";
	"43" [label="2"];
	"41" -> "42";
	"42" [label="4"];
	"40" -> "41";
	"41" [label="27"];
	"39" -> "40";
	"40" [label="50"];
	"38" -> "39";
	"39" [label="33"];
	"36" -> "37";
	"37" [label="10"];
	"35" -> "36";
	"36" [label="40"];
	"34" -> "35";
	"35" [color=indianred1, style=filled, label="32"];
	"35" [label="32"];
	"33" -> "34";
	"34" [color=indianred1, style=filled, label="14"];
	"34" [label="14"];
	"32" -> "33";
	"33" [color=indianred1, style=filled, label="29"];
	"33" [label="29"];
	"31" -> "32";
	"32" [label="23"];
	"30" -> "31";
	"31" [label="3"];
	"29" -> "30";
	"30" [label="47"];
	"29" -> "38";
	"38" [label="19"];
	"28" -> "29";
	"29" [label="41"];
	"27" -> "28";
	"28" [label="14"];
	"26" -> "27";
	"27" [label="32"];
	"25" -> "26";
	"26" [label="29"];
	"24" -> "25";
	"25" [label="26"];
	"23" -> "24";
	"24" [label="43"];
	"22" -> "23";
	"23" [label="18"];
	"21" -> "22";
	"22" [label="6"];
	"20" -> "21";
	"21" [label="24"];
	"19" -> "20";
	"20" [label="15"];
	"18" -> "19";
	"19" [label="1"];
	"17" -> "18";
	"18" [label="36"];
	"16" -> "17";
	"17" [label="11"];
	"15" -> "16";
	"16" [label="20"];
	"14" -> "15";
	"15" [label="31"];
	"13" -> "14";
	"14" [label="46"];
	"11" -> "12";
	"12" [label="30"];
	"10" -> "11";
	"11" [label="48"];
	"9" -> "10";
	"10" [label="25"];
	"8" -> "9";
	"9" [color=indianred1, style=filled, label="13"];
	"9" [label="13"];
	"7" -> "8";
	"8" [label="9"];
	"6" -> "7";
	"7" [label="38"];
	"6" -> "13";
	"13" [label="37"];
	"6" -> "49";
	"49" [label="44"];
	"5" -> "6";
	"6" [label="22"];
	"4" -> "5";
	"5" [label="39"];
	"3" -> "4";
	"4" [label="13"];
	"2" -> "3";
	"3" [label="49"];
	"1" -> "2";
	"2" [label="45"];
	"0" -> "1";
	"1" [label="7"];
	"0" [label="germline"];
	labelloc="t";
	label="Confidence score: -1664.320802";
}
Best cell assignment:
50 48 6 25 35 12 6 42 37 37 12 42 37 39 37 36 12 50 6 12 50 48 25 6 35 11 25 27 37 37 48 50 28 48 28 49 46 42 9 54 23 48 48 37 12 48 55 48 47 6 10 6 28 36 37 48 27 9 54 28 12 12 12 50 37 6 19 42 55 25 55 37 6 50 42 41 37 28 24 37 48 28 6 28 34 6 48 36 37 46 25 24 48 6 11 37 25 47 42 25 27 50 45 25 37 25 12 28 27 55 47 26 12 37 25 28 27 27 26 55 12 12 48 37 6 48 28 42 38 6 55 28 36 6 55 28 28 48 28 12 40 42 12 47 48 37 48 48 50 6 12 5 11 55 53 6 28 37 42 6 48 28 41 48 6 27 42 42 48 37 28 42 25 5 54 50 50 55 27 25 28 24 48 55 50 36 37 25 11 6 5 50 46 55 55 12 24 50 47 42 44 36 28 55 6 28 12 42 28 11 3 41 37 50 5 25 12 45 12 10 2 28 6 48 42 55 47 54 47 25 12 35 55 6 42 55 55 40 37 48 47 12 48 42 28 12 35 50 50 55 
alpha: 0.150000
beta: 0.000010
gamma: 1.000000
delta: 0.887000
