Starting SASC.
Iteration: 1
Step			Log-likelihood			Temperature
1			-31112.162587			99900.000000
1000			-29075.056285			36769.542477
2000			-28900.322807			23501.721022
3000			-28032.528313			21265.130236
4000			-28277.443182			19241.389323
5000			-27968.041309			17410.241977
6000			-28685.600431			15753.359626
7000			-25032.323527			14254.157974
8000			-25710.289688			12897.631004
9000			-25738.939858			11670.200782
10000			-26310.899472			10559.581542
11000			-27159.083639			9554.656721
12000			-26403.910690			8645.367688
13000			-25436.261424			7822.613061
14000			-30040.673589			7078.157611
15000			-18111.994398			6404.549832
16000			-28635.721425			5795.047357
17000			-26196.583234			5243.549468
18000			-23833.156497			4744.536038
19000			-27121.786506			4293.012272
20000			-25156.532932			3884.458716
21000			-28716.701857			3514.786020
22000			-26125.859374			3180.294005
23000			-28195.759014			2877.634626
24000			-27198.078522			2603.778466
25000			-27630.206143			2355.984403
26000			-23820.287124			2131.772185
27000			-26190.258514			1928.897594
28000			-24944.217880			1745.329992
29000			-22444.398584			1579.231987
30000			-22190.294284			1428.941048
31000			-19239.892320			1292.952863
32000			-19056.872506			1169.906280
33000			-21833.535008			1058.569685
34000			-20035.103938			957.828671
35000			-14939.727326			866.674888
36000			-16323.133960			784.195947
37000			-23718.863614			709.566288
38000			-17301.740754			642.038917
39000			-15760.853416			580.937931
40000			-19034.069094			525.651749
41000			-17872.442486			475.626993
42000			-12367.430810			430.362949
43000			-12146.325046			389.406552
44000			-12358.751594			352.347857
45000			-13262.162988			318.815931
46000			-13106.218767			288.475142
47000			-14171.506221			261.021797
48000			-10179.376779			236.181108
49000			-11055.944191			213.704435
50000			-10321.569107			193.366803
51000			-10439.409861			174.964643
52000			-10582.009804			158.313765
53000			-9889.274379			143.247502
54000			-8854.935983			129.615051
55000			-6663.087732			117.279962
56000			-7319.094908			106.118767
57000			-6575.084685			96.019751
58000			-6553.539154			86.881830
59000			-6581.233401			78.613537
60000			-6063.225615			71.132114
61000			-5036.158964			64.362677
62000			-4854.004152			58.237467
63000			-4777.926232			52.695176
64000			-4255.807531			47.680328
65000			-4229.377005			43.142730
66000			-4559.441889			39.036961
67000			-4070.052020			35.321926
68000			-4125.035956			31.960441
69000			-3793.041709			28.918858
70000			-3374.457723			26.166734
71000			-3275.743497			23.676522
72000			-3355.486623			21.423296
73000			-3141.113195			19.384503
74000			-3095.582555			17.539736
75000			-3029.183706			15.870530
76000			-3059.537465			14.360177
77000			-2998.829946			12.993561
78000			-2951.402196			11.757001
79000			-2947.607976			10.638121
80000			-2689.601018			9.625722
81000			-2655.453039			8.709670
82000			-2461.947820			7.880796
83000			-2473.330480			7.130803
84000			-2452.462270			6.452185
85000			-2465.742040			5.838150
86000			-2071.143163			5.282550
87000			-2065.451833			4.779825
88000			-2055.966283			4.324943
89000			-2057.863393			3.913350
90000			-1968.699224			3.540928
91000			-1964.905004			3.203948
92000			-1976.287664			2.899038
93000			-1963.007894			2.623145
94000			-1951.625234			2.373508
95000			-1949.728124			2.147628
96000			-1955.419454			1.943244
97000			-1953.522344			1.758311
98000			-1940.242574			1.590978
99000			-1936.448354			1.439569
100000			-1938.345464			1.302570
101000			-1936.448354			1.178608
102000			-1932.654134			1.066443
103000			-1932.654134			0.964953
104000			-1938.345464			0.873121
105000			-1940.242574			0.790029
106000			-1938.345464			0.714844
107000			-1934.551244			0.646814
108000			-1930.757024			0.585259
109000			-1930.757024			0.529561
110000			-1925.065694			0.479165
111000			-1925.065694			0.433564
112000			-1923.168584			0.392303
113000			-1923.168584			0.354969
114000			-1923.168584			0.321187
115000			-1923.168584			0.290621
116000			-1923.168584			0.262963
117000			-1923.168584			0.237938
118000			-1837.798635			0.215294
119000			-1834.004415			0.194805
120000			-1834.004415			0.176266
121000			-1834.004415			0.159491
122000			-1834.004415			0.144313
123000			-1834.004415			0.130579
124000			-1834.004415			0.118152
125000			-1834.004415			0.106908
126000			-1834.004415			0.096734
127000			-1834.004415			0.087528
128000			-1834.004415			0.079198
129000			-1834.004415			0.071661
130000			-1834.004415			0.064841
131000			-1834.004415			0.058671
132000			-1832.107305			0.053087
133000			-1832.107305			0.048035
134000			-1832.107305			0.043464
135000			-1832.107305			0.039327
136000			-1832.107305			0.035585
137000			-1832.107305			0.032198
138000			-1832.107305			0.029134
139000			-1832.107305			0.026361
140000			-1832.107305			0.023853
141000			-1832.107305			0.021583
142000			-1832.107305			0.019529
143000			-1832.107305			0.017670
144000			-1832.107305			0.015989
145000			-1832.107305			0.014467
146000			-1832.107305			0.013090
147000			-1832.107305			0.011844
148000			-1832.107305			0.010717
149000			-1832.107305			0.009697
150000			-1832.107305			0.008774
151000			-1832.107305			0.007939
152000			-1832.107305			0.007184
153000			-1832.107305			0.006500
154000			-1832.107305			0.005882
155000			-1832.107305			0.005322
156000			-1832.107305			0.004815
157000			-1832.107305			0.004357
158000			-1832.107305			0.003942
159000			-1832.107305			0.003567
160000			-1832.107305			0.003228
161000			-1832.107305			0.002921
162000			-1832.107305			0.002643
163000			-1832.107305			0.002391
164000			-1832.107305			0.002164
165000			-1832.107305			0.001958
166000			-1832.107305			0.001771
167000			-1832.107305			0.001603
168000			-1832.107305			0.001450
169000			-1832.107305			0.001312
170000			-1832.107305			0.001187
171000			-1832.107305			0.001074
Iteration: 2
Step			Log-likelihood			Temperature
1			-33631.120090			99900.000000
1000			-30280.794384			36769.542477
2000			-29822.409181			23501.721022
3000			-24889.744159			21265.130236
4000			-29062.442158			19241.389323
5000			-27578.512051			17410.241977
6000			-25337.564715			15753.359626
7000			-29602.279916			14254.157974
8000			-28828.663600			12897.631004
9000			-25343.437887			11670.200782
10000			-27377.541567			10559.581542
11000			-30615.105035			9554.656721
12000			-25251.253579			8645.367688
13000			-25782.256693			7822.613061
14000			-27192.651058			7078.157611
15000			-25887.424652			6404.549832
16000			-28884.313179			5795.047357
17000			-29498.841961			5243.549468
18000			-23953.691798			4744.536038
19000			-28387.909591			4293.012272
20000			-28790.322681			3884.458716
21000			-28773.307359			3514.786020
22000			-27050.314980			3180.294005
23000			-28594.791340			2877.634626
24000			-23601.184127			2603.778466
25000			-24316.758276			2355.984403
26000			-26537.074854			2131.772185
27000			-31230.783261			1928.897594
28000			-30454.554422			1745.329992
29000			-23818.463417			1579.231987
30000			-27213.003213			1428.941048
31000			-25675.915935			1292.952863
32000			-24044.374933			1169.906280
33000			-16000.824622			1058.569685
34000			-26444.040280			957.828671
35000			-21230.362471			866.674888
36000			-21068.334041			784.195947
37000			-20420.129401			709.566288
38000			-14860.177720			642.038917
39000			-18564.377416			580.937931
40000			-15279.444866			525.651749
41000			-14643.596326			475.626993
42000			-15446.235117			430.362949
43000			-13724.380503			389.406552
44000			-13643.514348			352.347857
45000			-10112.344540			318.815931
46000			-12708.541084			288.475142
47000			-13430.225856			261.021797
48000			-11065.391649			236.181108
49000			-10511.274267			213.704435
50000			-9274.692768			193.366803
51000			-9563.027072			174.964643
52000			-7905.436746			158.313765
53000			-8086.022820			143.247502
54000			-8636.199452			129.615051
55000			-8200.993024			117.279962
56000			-8450.036325			106.118767
57000			-7563.769267			96.019751
58000			-6969.528134			86.881830
59000			-6461.005898			78.613537
60000			-6367.692721			71.132114
61000			-6346.501978			64.362677
62000			-5769.076807			58.237467
63000			-5871.875533			52.695176
64000			-4804.770213			47.680328
65000			-4053.520498			43.142730
66000			-3816.607524			39.036961
67000			-3212.558307			35.321926
68000			-3020.917945			31.960441
69000			-3136.673907			28.918858
70000			-3352.944445			26.166734
71000			-3034.229968			23.676522
72000			-2935.741516			21.423296
73000			-2969.889495			19.384503
74000			-2916.738162			17.539736
75000			-2782.107860			15.870530
76000			-2816.255840			14.360177
77000			-2844.551223			12.993561
78000			-2861.625213			11.757001
79000			-2867.316543			10.638121
80000			-2503.684240			9.625722
81000			-2461.947820			8.709670
82000			-2458.153600			7.880796
83000			-1987.670324			7.130803
84000			-1972.493444			6.452185
85000			-1980.081884			5.838150
86000			-1883.329275			5.282550
87000			-1890.917715			4.779825
88000			-1875.740835			4.324943
89000			-1871.946615			3.913350
90000			-1894.711935			3.540928
91000			-1877.637945			3.203948
92000			-1883.329275			2.899038
93000			-1871.946615			2.623145
94000			-1864.358175			2.373508
95000			-1851.078405			2.147628
96000			-1845.387075			1.943244
97000			-1845.387075			1.758311
98000			-1849.181295			1.590978
99000			-1854.872625			1.439569
100000			-1860.563955			1.302570
101000			-1851.078405			1.178608
102000			-1851.078405			1.066443
103000			-1851.078405			0.964953
104000			-1845.387075			0.873121
105000			-1843.489965			0.790029
106000			-1843.489965			0.714844
107000			-1843.489965			0.646814
108000			-1843.489965			0.585259
109000			-1839.695745			0.529561
110000			-1839.695745			0.479165
111000			-1839.695745			0.433564
112000			-1837.798635			0.392303
113000			-1837.798635			0.354969
114000			-1839.695745			0.321187
115000			-1839.695745			0.290621
116000			-1839.695745			0.262963
117000			-1841.592855			0.237938
118000			-1839.695745			0.215294
119000			-1837.798635			0.194805
120000			-1837.798635			0.176266
121000			-1837.798635			0.159491
122000			-1834.004415			0.144313
123000			-1834.004415			0.130579
124000			-1834.004415			0.118152
125000			-1834.004415			0.106908
126000			-1834.004415			0.096734
127000			-1834.004415			0.087528
128000			-1834.004415			0.079198
129000			-1834.004415			0.071661
130000			-1834.004415			0.064841
131000			-1834.004415			0.058671
132000			-1834.004415			0.053087
133000			-1834.004415			0.048035
134000			-1834.004415			0.043464
135000			-1834.004415			0.039327
136000			-1834.004415			0.035585
137000			-1834.004415			0.032198
138000			-1834.004415			0.029134
139000			-1834.004415			0.026361
140000			-1834.004415			0.023853
141000			-1834.004415			0.021583
142000			-1834.004415			0.019529
143000			-1834.004415			0.017670
144000			-1834.004415			0.015989
145000			-1834.004415			0.014467
146000			-1834.004415			0.013090
147000			-1834.004415			0.011844
148000			-1834.004415			0.010717
149000			-1834.004415			0.009697
150000			-1834.004415			0.008774
151000			-1834.004415			0.007939
152000			-1834.004415			0.007184
153000			-1834.004415			0.006500
154000			-1834.004415			0.005882
155000			-1834.004415			0.005322
156000			-1834.004415			0.004815
157000			-1834.004415			0.004357
158000			-1834.004415			0.003942
159000			-1834.004415			0.003567
160000			-1834.004415			0.003228
161000			-1834.004415			0.002921
162000			-1834.004415			0.002643
163000			-1834.004415			0.002391
164000			-1834.004415			0.002164
165000			-1834.004415			0.001958
166000			-1834.004415			0.001771
167000			-1834.004415			0.001603
168000			-1834.004415			0.001450
169000			-1834.004415			0.001312
170000			-1834.004415			0.001187
171000			-1834.004415			0.001074
Iteration: 3
Step			Log-likelihood			Temperature
1			-29912.845968			99900.000000
1000			-28431.000652			36769.542477
2000			-27465.233759			23501.721022
3000			-24723.616493			21265.130236
4000			-23642.548243			19241.389323
5000			-27933.755419			17410.241977
6000			-27755.183790			15753.359626
7000			-23585.898809			14254.157974
8000			-26883.046768			12897.631004
9000			-27528.917486			11670.200782
10000			-27515.740316			10559.581542
11000			-27817.885179			9554.656721
12000			-29417.782286			8645.367688
13000			-27416.058489			7822.613061
14000			-25894.083583			7078.157611
15000			-28137.115711			6404.549832
16000			-28969.096728			5795.047357
17000			-25582.350570			5243.549468
18000			-28315.637569			4744.536038
19000			-29523.214111			4293.012272
20000			-26227.743328			3884.458716
21000			-27790.557398			3514.786020
22000			-28110.523918			3180.294005
23000			-26145.721890			2877.634626
24000			-21829.928469			2603.778466
25000			-25080.196985			2355.984403
26000			-26403.529489			2131.772185
27000			-29208.713147			1928.897594
28000			-27309.219193			1745.329992
29000			-21532.953043			1579.231987
30000			-25914.037020			1428.941048
31000			-19408.535750			1292.952863
32000			-18425.398747			1169.906280
33000			-17369.192286			1058.569685
34000			-20936.465851			957.828671
35000			-15476.137329			866.674888
36000			-21103.669557			784.195947
37000			-18534.657045			709.566288
38000			-18707.493413			642.038917
39000			-17084.514292			580.937931
40000			-15743.017023			525.651749
41000			-12288.957243			475.626993
42000			-13386.850353			430.362949
43000			-12450.985673			389.406552
44000			-14481.321548			352.347857
45000			-13407.859255			318.815931
46000			-10226.443903			288.475142
47000			-12995.271616			261.021797
48000			-10160.502440			236.181108
49000			-11931.505910			213.704435
50000			-11007.457920			193.366803
51000			-9814.207993			174.964643
52000			-9777.265647			158.313765
53000			-8918.707573			143.247502
54000			-8005.247586			129.615051
55000			-8795.943731			117.279962
56000			-8542.123873			106.118767
57000			-8321.135445			96.019751
58000			-7511.682295			86.881830
59000			-7215.152577			78.613537
60000			-7207.402870			71.132114
61000			-6244.547678			64.362677
62000			-5401.043309			58.237467
63000			-4757.348303			52.695176
64000			-4665.480689			47.680328
65000			-4786.960235			43.142730
66000			-4160.371471			39.036961
67000			-3944.036426			35.321926
68000			-3782.943345			31.960441
69000			-3257.476132			28.918858
70000			-3143.649533			26.166734
71000			-2692.911438			23.676522
72000			-2770.499427			21.423296
73000			-2652.878608			19.384503
74000			-2738.280810			17.539736
75000			-2677.541038			15.870530
76000			-2534.037999			14.360177
77000			-2467.639150			12.993561
78000			-2437.285390			11.757001
79000			-2399.343191			10.638121
80000			-2374.680761			9.625722
81000			-2295.002141			8.709670
82000			-2300.693471			7.880796
83000			-2296.899251			7.130803
84000			-2209.632192			6.452185
85000			-2016.126974			5.838150
86000			-1968.699224			5.282550
87000			-1959.213674			4.779825
88000			-1961.110784			4.324943
89000			-1959.213674			3.913350
90000			-1854.872625			3.540928
91000			-1858.666845			3.203948
92000			-1871.946615			2.899038
93000			-1870.049505			2.623145
94000			-1864.358175			2.373508
95000			-1858.666845			2.147628
96000			-1854.872625			1.943244
97000			-1854.872625			1.758311
98000			-1852.975515			1.590978
99000			-1847.284185			1.439569
100000			-1843.489965			1.302570
101000			-1845.387075			1.178608
102000			-1845.387075			1.066443
103000			-1845.387075			0.964953
104000			-1845.387075			0.873121
105000			-1845.387075			0.790029
106000			-1843.489965			0.714844
107000			-1843.489965			0.646814
108000			-1837.798635			0.585259
109000			-1837.798635			0.529561
110000			-1837.798635			0.479165
111000			-1837.798635			0.433564
112000			-1837.798635			0.392303
113000			-1837.798635			0.354969
114000			-1837.798635			0.321187
115000			-1837.798635			0.290621
116000			-1837.798635			0.262963
117000			-1837.798635			0.237938
118000			-1837.798635			0.215294
119000			-1837.798635			0.194805
120000			-1837.798635			0.176266
121000			-1837.798635			0.159491
122000			-1837.798635			0.144313
123000			-1835.901525			0.130579
124000			-1834.004415			0.118152
125000			-1834.004415			0.106908
126000			-1834.004415			0.096734
127000			-1834.004415			0.087528
128000			-1834.004415			0.079198
129000			-1834.004415			0.071661
130000			-1834.004415			0.064841
131000			-1834.004415			0.058671
132000			-1834.004415			0.053087
133000			-1834.004415			0.048035
134000			-1834.004415			0.043464
135000			-1834.004415			0.039327
136000			-1834.004415			0.035585
137000			-1834.004415			0.032198
138000			-1834.004415			0.029134
139000			-1834.004415			0.026361
140000			-1834.004415			0.023853
141000			-1834.004415			0.021583
142000			-1834.004415			0.019529
143000			-1834.004415			0.017670
144000			-1834.004415			0.015989
145000			-1834.004415			0.014467
146000			-1834.004415			0.013090
147000			-1834.004415			0.011844
148000			-1834.004415			0.010717
149000			-1834.004415			0.009697
150000			-1834.004415			0.008774
151000			-1834.004415			0.007939
152000			-1834.004415			0.007184
153000			-1834.004415			0.006500
154000			-1834.004415			0.005882
155000			-1834.004415			0.005322
156000			-1834.004415			0.004815
157000			-1834.004415			0.004357
158000			-1834.004415			0.003942
159000			-1834.004415			0.003567
160000			-1834.004415			0.003228
161000			-1834.004415			0.002921
162000			-1834.004415			0.002643
163000			-1834.004415			0.002391
164000			-1834.004415			0.002164
165000			-1834.004415			0.001958
166000			-1834.004415			0.001771
167000			-1834.004415			0.001603
168000			-1834.004415			0.001450
169000			-1834.004415			0.001312
170000			-1834.004415			0.001187
171000			-1834.004415			0.001074
Iteration: 4
Step			Log-likelihood			Temperature
1			-31477.401720			99900.000000
1000			-29116.652013			36769.542477
2000			-29128.492059			23501.721022
3000			-29516.722285			21265.130236
4000			-29181.438194			19241.389323
5000			-23705.293564			17410.241977
6000			-27184.918868			15753.359626
7000			-28555.919631			14254.157974
8000			-26685.612477			12897.631004
9000			-26631.279447			11670.200782
10000			-28753.606110			10559.581542
11000			-29372.289739			9554.656721
12000			-28373.964178			8645.367688
13000			-28029.012695			7822.613061
14000			-29686.520997			7078.157611
15000			-23249.670473			6404.549832
16000			-31322.398687			5795.047357
17000			-27801.526603			5243.549468
18000			-29162.672292			4744.536038
19000			-25176.788328			4293.012272
20000			-29851.279285			3884.458716
21000			-27585.165143			3514.786020
22000			-26300.724923			3180.294005
23000			-27426.259452			2877.634626
24000			-24943.745758			2603.778466
25000			-26371.240527			2355.984403
26000			-21549.264630			2131.772185
27000			-25914.913700			1928.897594
28000			-24021.782559			1745.329992
29000			-23719.174470			1579.231987
30000			-28409.848001			1428.941048
31000			-20525.030436			1292.952863
32000			-25918.127360			1169.906280
33000			-18200.592743			1058.569685
34000			-23076.910290			957.828671
35000			-18489.299351			866.674888
36000			-19056.007504			784.195947
37000			-21395.636813			709.566288
38000			-16890.009219			642.038917
39000			-19445.284574			580.937931
40000			-15019.965931			525.651749
41000			-14770.089881			475.626993
42000			-14690.540275			430.362949
43000			-12716.085592			389.406552
44000			-16263.226936			352.347857
45000			-11887.667182			318.815931
46000			-14114.947708			288.475142
47000			-13077.375077			261.021797
48000			-12245.291460			236.181108
49000			-10243.168945			213.704435
50000			-10148.486390			193.366803
51000			-10765.706939			174.964643
52000			-11344.557097			158.313765
53000			-7786.332271			143.247502
54000			-6285.117137			129.615051
55000			-7352.184365			117.279962
56000			-8249.103933			106.118767
57000			-8771.750366			96.019751
58000			-7353.163644			86.881830
59000			-6658.176323			78.613537
60000			-6713.831740			71.132114
61000			-6136.793610			64.362677
62000			-5145.385008			58.237467
63000			-4548.886139			52.695176
64000			-4454.675707			47.680328
65000			-4364.033722			43.142730
66000			-4253.969089			39.036961
67000			-4040.240728			35.321926
68000			-3712.621262			31.960441
69000			-3395.158827			28.918858
70000			-2737.345463			26.166734
71000			-2379.727023			23.676522
72000			-2508.698249			21.423296
73000			-2588.376868			19.384503
74000			-2497.347842			17.539736
75000			-2512.524722			15.870530
76000			-2468.891193			14.360177
77000			-2474.582522			12.993561
78000			-2345.127496			11.757001
79000			-2231.300897			10.638121
80000			-2189.564478			9.625722
81000			-2189.564478			8.709670
82000			-2036.350116			7.880796
83000			-1869.404437			7.130803
84000			-1871.301547			6.452185
85000			-1878.889987			5.838150
86000			-1880.787097			5.282550
87000			-1863.713107			4.779825
88000			-1850.433337			4.324943
89000			-1854.227557			3.913350
90000			-1858.021777			3.540928
91000			-1850.433337			3.203948
92000			-1848.536228			2.899038
93000			-1854.227557			2.623145
94000			-1856.124667			2.373508
95000			-1863.713107			2.147628
96000			-1852.330447			1.943244
97000			-1846.639118			1.758311
98000			-1844.742008			1.590978
99000			-1844.742008			1.439569
100000			-1842.844898			1.302570
101000			-1835.256458			1.178608
102000			-1833.359348			1.066443
103000			-1831.462238			0.964953
104000			-1831.462238			0.873121
105000			-1829.565128			0.790029
106000			-1829.565128			0.714844
107000			-1829.565128			0.646814
108000			-1831.462238			0.585259
109000			-1831.462238			0.529561
110000			-1831.462238			0.479165
111000			-1827.668018			0.433564
112000			-1825.770908			0.392303
113000			-1825.770908			0.354969
114000			-1825.770908			0.321187
115000			-1825.770908			0.290621
116000			-1825.770908			0.262963
117000			-1825.770908			0.237938
118000			-1825.770908			0.215294
119000			-1825.770908			0.194805
120000			-1825.770908			0.176266
121000			-1825.770908			0.159491
122000			-1825.770908			0.144313
123000			-1825.770908			0.130579
124000			-1825.770908			0.118152
125000			-1825.770908			0.106908
126000			-1825.770908			0.096734
127000			-1825.770908			0.087528
128000			-1825.770908			0.079198
129000			-1825.770908			0.071661
130000			-1825.770908			0.064841
131000			-1825.770908			0.058671
132000			-1825.770908			0.053087
133000			-1823.873798			0.048035
134000			-1823.873798			0.043464
135000			-1823.873798			0.039327
136000			-1823.873798			0.035585
137000			-1823.873798			0.032198
138000			-1823.873798			0.029134
139000			-1823.873798			0.026361
140000			-1823.873798			0.023853
141000			-1823.873798			0.021583
142000			-1823.873798			0.019529
143000			-1823.873798			0.017670
144000			-1823.873798			0.015989
145000			-1823.873798			0.014467
146000			-1823.873798			0.013090
147000			-1823.873798			0.011844
148000			-1823.873798			0.010717
149000			-1823.873798			0.009697
150000			-1823.873798			0.008774
151000			-1823.873798			0.007939
152000			-1823.873798			0.007184
153000			-1821.976688			0.006500
154000			-1821.976688			0.005882
155000			-1821.976688			0.005322
156000			-1821.976688			0.004815
157000			-1821.976688			0.004357
158000			-1821.976688			0.003942
159000			-1821.976688			0.003567
160000			-1821.976688			0.003228
161000			-1821.976688			0.002921
162000			-1821.976688			0.002643
163000			-1821.976688			0.002391
164000			-1821.976688			0.002164
165000			-1821.976688			0.001958
166000			-1821.976688			0.001771
167000			-1821.976688			0.001603
168000			-1821.976688			0.001450
169000			-1821.976688			0.001312
170000			-1821.976688			0.001187
171000			-1821.976688			0.001074
Iteration: 5
Step			Log-likelihood			Temperature
1			-32402.379219			99900.000000
1000			-27029.338332			36769.542477
2000			-27471.391373			23501.721022
3000			-28775.823122			21265.130236
4000			-27659.952928			19241.389323
5000			-31435.477619			17410.241977
6000			-28599.875694			15753.359626
7000			-25840.055570			14254.157974
8000			-26190.343596			12897.631004
9000			-28328.465792			11670.200782
10000			-31039.439019			10559.581542
11000			-26994.331189			9554.656721
12000			-29014.240327			8645.367688
13000			-29632.633676			7822.613061
14000			-29062.544757			7078.157611
15000			-29239.292680			6404.549832
16000			-28700.680551			5795.047357
17000			-30258.964412			5243.549468
18000			-29580.139088			4744.536038
19000			-26801.949000			4293.012272
20000			-24515.761304			3884.458716
21000			-31981.522761			3514.786020
22000			-26176.257492			3180.294005
23000			-25914.752434			2877.634626
24000			-26791.721622			2603.778466
25000			-27189.120704			2355.984403
26000			-26201.318640			2131.772185
27000			-25805.488296			1928.897594
28000			-20814.050957			1745.329992
29000			-24232.748807			1579.231987
30000			-26549.639211			1428.941048
31000			-27696.217952			1292.952863
32000			-20459.018627			1169.906280
33000			-18401.123358			1058.569685
34000			-22367.068622			957.828671
35000			-21917.588408			866.674888
36000			-21884.015150			784.195947
37000			-17010.527003			709.566288
38000			-15193.752383			642.038917
39000			-14769.670587			580.937931
40000			-20703.816161			525.651749
41000			-15353.631515			475.626993
42000			-13381.331969			430.362949
43000			-13756.121158			389.406552
44000			-17279.523741			352.347857
45000			-11673.874314			318.815931
46000			-11419.494471			288.475142
47000			-13619.845934			261.021797
48000			-10398.796470			236.181108
49000			-10430.628046			213.704435
50000			-11109.368288			193.366803
51000			-11210.296318			174.964643
52000			-9291.438385			158.313765
53000			-9517.549261			143.247502
54000			-9327.811848			129.615051
55000			-8653.930187			117.279962
56000			-7663.606522			106.118767
57000			-8022.954965			96.019751
58000			-7528.228553			86.881830
59000			-7036.941574			78.613537
60000			-6444.887831			71.132114
61000			-5780.260108			64.362677
62000			-5532.545034			58.237467
63000			-4960.553166			52.695176
64000			-4206.412326			47.680328
65000			-4220.337163			43.142730
66000			-3879.599194			39.036961
67000			-3714.582878			35.321926
68000			-3364.327105			31.960441
69000			-3330.179126			28.918858
70000			-3003.876208			26.166734
71000			-2836.253209			23.676522
72000			-2658.602191			21.423296
73000			-2421.463443			19.384503
74000			-2360.755923			17.539736
75000			-2393.006793			15.870530
76000			-2182.427585			14.360177
77000			-2095.160526			12.993561
78000			-2055.321216			11.757001
79000			-2057.218326			10.638121
80000			-2104.646075			9.625722
81000			-2148.279605			8.709670
82000			-2153.970935			7.880796
83000			-2165.353595			7.130803
84000			-2102.748965			6.452185
85000			-2098.954746			5.838150
86000			-2087.572086			5.282550
87000			-2062.909656			4.779825
88000			-2061.012546			4.324943
89000			-2066.703876			3.913350
90000			-2059.115436			3.540928
91000			-2057.218326			3.203948
92000			-2049.629886			2.899038
93000			-2053.424106			2.623145
94000			-2045.835666			2.373508
95000			-2047.732776			2.147628
96000			-2040.144336			1.943244
97000			-2042.041446			1.758311
98000			-2036.350116			1.590978
99000			-2032.555896			1.439569
100000			-2023.070346			1.302570
101000			-2023.070346			1.178608
102000			-2026.864566			1.066443
103000			-2028.761676			0.964953
104000			-2023.070346			0.873121
105000			-2024.967456			0.790029
106000			-2023.070346			0.714844
107000			-2024.967456			0.646814
108000			-2024.967456			0.585259
109000			-2023.070346			0.529561
110000			-2021.173236			0.479165
111000			-2021.173236			0.433564
112000			-2021.173236			0.392303
113000			-2021.173236			0.354969
114000			-2021.173236			0.321187
115000			-2021.173236			0.290621
116000			-2021.173236			0.262963
117000			-2019.276126			0.237938
118000			-2019.276126			0.215294
119000			-2019.276126			0.194805
120000			-1825.770908			0.176266
121000			-1825.770908			0.159491
122000			-1825.770908			0.144313
123000			-1825.770908			0.130579
124000			-1825.770908			0.118152
125000			-1823.873798			0.106908
126000			-1823.873798			0.096734
127000			-1823.873798			0.087528
128000			-1823.873798			0.079198
129000			-1823.873798			0.071661
130000			-1823.873798			0.064841
131000			-1823.873798			0.058671
132000			-1823.873798			0.053087
133000			-1823.873798			0.048035
134000			-1823.873798			0.043464
135000			-1823.873798			0.039327
136000			-1823.873798			0.035585
137000			-1823.873798			0.032198
138000			-1823.873798			0.029134
139000			-1823.873798			0.026361
140000			-1823.873798			0.023853
141000			-1823.873798			0.021583
142000			-1823.873798			0.019529
143000			-1823.873798			0.017670
144000			-1823.873798			0.015989
145000			-1823.873798			0.014467
146000			-1823.873798			0.013090
147000			-1823.873798			0.011844
148000			-1823.873798			0.010717
149000			-1823.873798			0.009697
150000			-1823.873798			0.008774
151000			-1823.873798			0.007939
152000			-1823.873798			0.007184
153000			-1823.873798			0.006500
154000			-1823.873798			0.005882
155000			-1823.873798			0.005322
156000			-1823.873798			0.004815
157000			-1823.873798			0.004357
158000			-1823.873798			0.003942
159000			-1823.873798			0.003567
160000			-1823.873798			0.003228
161000			-1823.873798			0.002921
162000			-1823.873798			0.002643
163000			-1823.873798			0.002391
164000			-1823.873798			0.002164
165000			-1823.873798			0.001958
166000			-1823.873798			0.001771
167000			-1823.873798			0.001603
168000			-1823.873798			0.001450
169000			-1823.873798			0.001312
170000			-1823.873798			0.001187
171000			-1823.873798			0.001074
Iteration: 6
Step			Log-likelihood			Temperature
1			-29755.063305			99900.000000
1000			-27706.451169			36769.542477
2000			-26006.265260			23501.721022
3000			-27866.688146			21265.130236
4000			-26550.407453			19241.389323
5000			-26325.592552			17410.241977
6000			-26761.174342			15753.359626
7000			-25733.403956			14254.157974
8000			-25471.673124			12897.631004
9000			-31631.181906			11670.200782
10000			-25357.136951			10559.581542
11000			-23826.896284			9554.656721
12000			-26344.053437			8645.367688
13000			-27412.695241			7822.613061
14000			-28635.404730			7078.157611
15000			-29412.246384			6404.549832
16000			-24111.380758			5795.047357
17000			-28574.031568			5243.549468
18000			-24139.327193			4744.536038
19000			-27716.731375			4293.012272
20000			-24142.875064			3884.458716
21000			-24539.177531			3514.786020
22000			-27539.493812			3180.294005
23000			-23634.739868			2877.634626
24000			-28916.467288			2603.778466
25000			-24829.042479			2355.984403
26000			-28387.534229			2131.772185
27000			-23029.230352			1928.897594
28000			-23844.330900			1745.329992
29000			-24420.395590			1579.231987
30000			-17964.354031			1428.941048
31000			-19010.251091			1292.952863
32000			-20566.288894			1169.906280
33000			-24678.182613			1058.569685
34000			-20279.203575			957.828671
35000			-21508.721585			866.674888
36000			-17434.113320			784.195947
37000			-16442.549290			709.566288
38000			-19095.072733			642.038917
39000			-16426.797688			580.937931
40000			-13216.723269			525.651749
41000			-13759.232218			475.626993
42000			-14175.145013			430.362949
43000			-14457.550534			389.406552
44000			-13898.973289			352.347857
45000			-13341.604155			318.815931
46000			-13696.777177			288.475142
47000			-10970.955444			261.021797
48000			-11265.969253			236.181108
49000			-9968.571797			213.704435
50000			-10237.026067			193.366803
51000			-10411.689200			174.964643
52000			-9457.868010			158.313765
53000			-9167.261234			143.247502
54000			-7995.917464			129.615051
55000			-8050.611120			117.279962
56000			-7739.156710			106.118767
57000			-8197.934792			96.019751
58000			-7015.692163			86.881830
59000			-6838.105652			78.613537
60000			-6450.778520			71.132114
61000			-5604.350772			64.362677
62000			-5688.500932			58.237467
63000			-5055.097810			52.695176
64000			-4591.686920			47.680328
65000			-4323.001037			43.142730
66000			-3628.567862			39.036961
67000			-3685.448908			35.321926
68000			-3509.114439			31.960441
69000			-3452.168886			28.918858
70000			-3357.345640			26.166734
71000			-3442.715590			23.676522
72000			-3183.424336			21.423296
73000			-3008.986977			19.384503
74000			-2974.838998			17.539736
75000			-2813.649156			15.870530
76000			-2699.758050			14.360177
77000			-2587.054480			12.993561
78000			-2486.668918			11.757001
79000			-2452.682205			10.638121
80000			-2408.919662			9.625722
81000			-2253.840443			8.709670
82000			-2198.824254			7.880796
83000			-2107.988748			7.130803
84000			-2113.680078			6.452185
85000			-2107.988748			5.838150
86000			-1867.507327			5.282550
87000			-1861.815997			4.779825
88000			-1859.918887			4.324943
89000			-1854.227557			3.913350
90000			-1852.330447			3.540928
91000			-1854.227557			3.203948
92000			-1848.536228			2.899038
93000			-1852.330447			2.623145
94000			-1844.742008			2.373508
95000			-1840.947788			2.147628
96000			-1846.639118			1.943244
97000			-1848.536228			1.758311
98000			-1840.947788			1.590978
99000			-1839.050678			1.439569
100000			-1844.742008			1.302570
101000			-1844.742008			1.178608
102000			-1839.050678			1.066443
103000			-1844.742008			0.964953
104000			-1842.844898			0.873121
105000			-1842.844898			0.790029
106000			-1839.050678			0.714844
107000			-1835.256458			0.646814
108000			-1835.256458			0.585259
109000			-1831.462238			0.529561
110000			-1831.462238			0.479165
111000			-1831.462238			0.433564
112000			-1831.462238			0.392303
113000			-1831.462238			0.354969
114000			-1825.770908			0.321187
115000			-1825.770908			0.290621
116000			-1827.668018			0.262963
117000			-1827.668018			0.237938
118000			-1827.668018			0.215294
119000			-1827.668018			0.194805
120000			-1827.668018			0.176266
121000			-1827.668018			0.159491
122000			-1827.668018			0.144313
123000			-1827.668018			0.130579
124000			-1827.668018			0.118152
125000			-1827.668018			0.106908
126000			-1827.668018			0.096734
127000			-1825.770908			0.087528
128000			-1825.770908			0.079198
129000			-1825.770908			0.071661
130000			-1825.770908			0.064841
131000			-1825.770908			0.058671
132000			-1823.873798			0.053087
133000			-1823.873798			0.048035
134000			-1823.873798			0.043464
135000			-1823.873798			0.039327
136000			-1823.873798			0.035585
137000			-1823.873798			0.032198
138000			-1823.873798			0.029134
139000			-1823.873798			0.026361
140000			-1823.873798			0.023853
141000			-1823.873798			0.021583
142000			-1823.873798			0.019529
143000			-1823.873798			0.017670
144000			-1823.873798			0.015989
145000			-1823.873798			0.014467
146000			-1823.873798			0.013090
147000			-1823.873798			0.011844
148000			-1823.873798			0.010717
149000			-1823.873798			0.009697
150000			-1823.873798			0.008774
151000			-1823.873798			0.007939
152000			-1823.873798			0.007184
153000			-1823.873798			0.006500
154000			-1823.873798			0.005882
155000			-1823.873798			0.005322
156000			-1823.873798			0.004815
157000			-1823.873798			0.004357
158000			-1823.873798			0.003942
159000			-1823.873798			0.003567
160000			-1823.873798			0.003228
161000			-1823.873798			0.002921
162000			-1823.873798			0.002643
163000			-1823.873798			0.002391
164000			-1823.873798			0.002164
165000			-1823.873798			0.001958
166000			-1823.873798			0.001771
167000			-1823.873798			0.001603
168000			-1823.873798			0.001450
169000			-1823.873798			0.001312
170000			-1823.873798			0.001187
171000			-1823.873798			0.001074
Iteration: 7
Step			Log-likelihood			Temperature
1			-32433.055513			99900.000000
1000			-28163.417223			36769.542477
2000			-28485.538880			23501.721022
3000			-24005.585249			21265.130236
4000			-30009.959203			19241.389323
5000			-29512.541025			17410.241977
6000			-24579.403881			15753.359626
7000			-28187.950640			14254.157974
8000			-27779.819805			12897.631004
9000			-28674.050665			11670.200782
10000			-27299.651620			10559.581542
11000			-29461.808695			9554.656721
12000			-30022.432639			8645.367688
13000			-26368.103052			7822.613061
14000			-24943.083173			7078.157611
15000			-29934.203817			6404.549832
16000			-26112.916874			5795.047357
17000			-27459.433991			5243.549468
18000			-28301.287599			4744.536038
19000			-29497.293799			4293.012272
20000			-21087.627675			3884.458716
21000			-26906.768011			3514.786020
22000			-23642.694774			3180.294005
23000			-18575.598809			2877.634626
24000			-25616.111510			2603.778466
25000			-19663.044607			2355.984403
26000			-25433.886352			2131.772185
27000			-23023.198971			1928.897594
28000			-24697.400062			1745.329992
29000			-21983.251269			1579.231987
30000			-25421.767704			1428.941048
31000			-17748.716882			1292.952863
32000			-21824.539098			1169.906280
33000			-22898.447099			1058.569685
34000			-22373.803738			957.828671
35000			-16542.146035			866.674888
36000			-21898.482456			784.195947
37000			-17240.543594			709.566288
38000			-17647.105692			642.038917
39000			-16850.826655			580.937931
40000			-15195.757931			525.651749
41000			-14352.775455			475.626993
42000			-18939.890916			430.362949
43000			-15306.476528			389.406552
44000			-14419.168466			352.347857
45000			-13576.792965			318.815931
46000			-12971.963828			288.475142
47000			-10747.451253			261.021797
48000			-11566.480873			236.181108
49000			-8879.164383			213.704435
50000			-11179.271077			193.366803
51000			-8647.931060			174.964643
52000			-7770.225883			158.313765
53000			-6838.815226			143.247502
54000			-6065.949634			129.615051
55000			-6796.363393			117.279962
56000			-7709.060977			106.118767
57000			-6579.582640			96.019751
58000			-6607.749009			86.881830
59000			-6124.540109			78.613537
60000			-5216.985548			71.132114
61000			-5136.667700			64.362677
62000			-4584.673202			58.237467
63000			-5122.522928			52.695176
64000			-4578.471657			47.680328
65000			-4362.717172			43.142730
66000			-4209.148024			39.036961
67000			-4021.398642			35.321926
68000			-3618.023789			31.960441
69000			-3559.148873			28.918858
70000			-3232.974969			26.166734
71000			-3170.209073			23.676522
72000			-2946.962909			21.423296
73000			-2793.297000			19.384503
74000			-2787.605670			17.539736
75000			-2774.325900			15.870530
76000			-2348.121221			14.360177
77000			-2338.635671			12.993561
78000			-2229.855334			11.757001
79000			-2252.620654			10.638121
80000			-2142.588275			9.625722
81000			-2134.999835			8.709670
82000			-2076.189426			7.880796
83000			-2034.453006			7.130803
84000			-2032.555896			6.452185
85000			-1996.510806			5.838150
86000			-1966.157047			5.282550
87000			-1979.436816			4.779825
88000			-1969.951267			4.324943
89000			-1956.671497			3.913350
90000			-1943.391727			3.540928
91000			-1935.803287			3.203948
92000			-1859.918887			2.899038
93000			-1856.124667			2.623145
94000			-1858.021777			2.373508
95000			-1861.815997			2.147628
96000			-1859.918887			1.943244
97000			-1858.021777			1.758311
98000			-1854.227557			1.590978
99000			-1852.330447			1.439569
100000			-1848.536228			1.302570
101000			-1842.844898			1.178608
102000			-1840.947788			1.066443
103000			-1835.256458			0.964953
104000			-1833.359348			0.873121
105000			-1831.462238			0.790029
106000			-1831.462238			0.714844
107000			-1831.462238			0.646814
108000			-1831.462238			0.585259
109000			-1831.462238			0.529561
110000			-1829.565128			0.479165
111000			-1829.565128			0.433564
112000			-1829.565128			0.392303
113000			-1829.565128			0.354969
114000			-1829.565128			0.321187
115000			-1829.565128			0.290621
116000			-1829.565128			0.262963
117000			-1829.565128			0.237938
118000			-1827.668018			0.215294
119000			-1827.668018			0.194805
120000			-1827.668018			0.176266
121000			-1827.668018			0.159491
122000			-1827.668018			0.144313
123000			-1827.668018			0.130579
124000			-1825.770908			0.118152
125000			-1825.770908			0.106908
126000			-1825.770908			0.096734
127000			-1825.770908			0.087528
128000			-1825.770908			0.079198
129000			-1825.770908			0.071661
130000			-1825.770908			0.064841
131000			-1825.770908			0.058671
132000			-1825.770908			0.053087
133000			-1825.770908			0.048035
134000			-1825.770908			0.043464
135000			-1825.770908			0.039327
136000			-1825.770908			0.035585
137000			-1825.770908			0.032198
138000			-1825.770908			0.029134
139000			-1825.770908			0.026361
140000			-1825.770908			0.023853
141000			-1825.770908			0.021583
142000			-1825.770908			0.019529
143000			-1825.770908			0.017670
144000			-1825.770908			0.015989
145000			-1825.770908			0.014467
146000			-1825.770908			0.013090
147000			-1825.770908			0.011844
148000			-1825.770908			0.010717
149000			-1825.770908			0.009697
150000			-1825.770908			0.008774
151000			-1825.770908			0.007939
152000			-1825.770908			0.007184
153000			-1825.770908			0.006500
154000			-1825.770908			0.005882
155000			-1825.770908			0.005322
156000			-1825.770908			0.004815
157000			-1825.770908			0.004357
158000			-1825.770908			0.003942
159000			-1825.770908			0.003567
160000			-1825.770908			0.003228
161000			-1825.770908			0.002921
162000			-1825.770908			0.002643
163000			-1825.770908			0.002391
164000			-1825.770908			0.002164
165000			-1825.770908			0.001958
166000			-1825.770908			0.001771
167000			-1825.770908			0.001603
168000			-1825.770908			0.001450
169000			-1825.770908			0.001312
170000			-1825.770908			0.001187
171000			-1825.770908			0.001074
Iteration: 8
Step			Log-likelihood			Temperature
1			-32124.923200			99900.000000
1000			-28463.793990			36769.542477
2000			-26355.398004			23501.721022
3000			-30830.478318			21265.130236
4000			-28467.728902			19241.389323
5000			-26008.420397			17410.241977
6000			-25026.664451			15753.359626
7000			-29099.460688			14254.157974
8000			-31197.344855			12897.631004
9000			-26476.962632			11670.200782
10000			-23335.647397			10559.581542
11000			-25246.975558			9554.656721
12000			-25509.196030			8645.367688
13000			-28363.537442			7822.613061
14000			-27563.742787			7078.157611
15000			-29639.873168			6404.549832
16000			-24500.713438			5795.047357
17000			-28234.275936			5243.549468
18000			-28707.345321			4744.536038
19000			-29769.709395			4293.012272
20000			-29693.379288			3884.458716
21000			-30053.405052			3514.786020
22000			-25589.293943			3180.294005
23000			-28923.378407			2877.634626
24000			-25083.791846			2603.778466
25000			-22133.633173			2355.984403
26000			-30110.060324			2131.772185
27000			-24182.940147			1928.897594
28000			-24317.145316			1745.329992
29000			-23862.753693			1579.231987
30000			-23594.126478			1428.941048
31000			-28646.045562			1292.952863
32000			-23336.415639			1169.906280
33000			-22641.155554			1058.569685
34000			-17036.209863			957.828671
35000			-16231.794078			866.674888
36000			-17020.270580			784.195947
37000			-18435.646700			709.566288
38000			-14835.430209			642.038917
39000			-15707.186029			580.937931
40000			-16848.498573			525.651749
41000			-14769.837693			475.626993
42000			-13775.021912			430.362949
43000			-15626.044330			389.406552
44000			-13221.801785			352.347857
45000			-13975.658184			318.815931
46000			-10845.869359			288.475142
47000			-10619.474042			261.021797
48000			-10650.757311			236.181108
49000			-10591.087738			213.704435
50000			-10277.844656			193.366803
51000			-8162.062647			174.964643
52000			-7740.361763			158.313765
53000			-8524.721510			143.247502
54000			-7460.803435			129.615051
55000			-8426.678766			117.279962
56000			-8341.508176			106.118767
57000			-8158.998577			96.019751
58000			-8861.542085			86.881830
59000			-7560.485262			78.613537
60000			-8110.383292			71.132114
61000			-5385.189108			64.362677
62000			-5478.212004			58.237467
63000			-5115.740823			52.695176
64000			-4570.050468			47.680328
65000			-4230.054326			43.142730
66000			-4186.324036			39.036961
67000			-4310.920481			35.321926
68000			-4426.611937			31.960441
69000			-4063.844636			28.918858
70000			-3854.007255			26.166734
71000			-3783.652919			23.676522
72000			-3323.203500			21.423296
73000			-3353.557260			19.384503
74000			-2966.579076			17.539736
75000			-2928.636876			15.870530
76000			-2881.209127			14.360177
77000			-2717.412601			12.993561
78000			-2721.206821			11.757001
79000			-2690.820807			10.638121
80000			-2632.203918			9.625722
81000			-2624.615478			8.709670
82000			-2624.615478			7.880796
83000			-2617.027038			7.130803
84000			-2527.862869			6.452185
85000			-2367.092321			5.838150
86000			-2363.298101			5.282550
87000			-2363.298101			4.779825
88000			-2355.709661			4.324943
89000			-2351.915441			3.913350
90000			-2148.924673			3.540928
91000			-2160.307332			3.203948
92000			-2158.410223			2.899038
93000			-2164.101552			2.623145
94000			-2160.307332			2.373508
95000			-2158.410223			2.147628
96000			-2139.439123			1.943244
97000			-2141.336233			1.758311
98000			-2135.644903			1.590978
99000			-2137.542013			1.439569
100000			-2137.542013			1.302570
101000			-2131.850683			1.178608
102000			-2133.747793			1.066443
103000			-2124.262243			0.964953
104000			-2114.776693			0.873121
105000			-2114.776693			0.790029
106000			-2112.879583			0.714844
107000			-2112.879583			0.646814
108000			-2112.879583			0.585259
109000			-2112.879583			0.529561
110000			-2112.879583			0.479165
111000			-2112.879583			0.433564
112000			-2112.879583			0.392303
113000			-2112.879583			0.354969
114000			-2112.879583			0.321187
115000			-2110.982473			0.290621
116000			-2110.982473			0.262963
117000			-2110.982473			0.237938
118000			-2110.982473			0.215294
119000			-2110.982473			0.194805
120000			-2110.982473			0.176266
121000			-2110.982473			0.159491
122000			-2025.612524			0.144313
123000			-1834.004415			0.130579
124000			-1834.004415			0.118152
125000			-1834.004415			0.106908
126000			-1834.004415			0.096734
127000			-1834.004415			0.087528
128000			-1834.004415			0.079198
129000			-1832.107305			0.071661
130000			-1832.107305			0.064841
131000			-1832.107305			0.058671
132000			-1832.107305			0.053087
133000			-1832.107305			0.048035
134000			-1832.107305			0.043464
135000			-1832.107305			0.039327
136000			-1832.107305			0.035585
137000			-1832.107305			0.032198
138000			-1832.107305			0.029134
139000			-1832.107305			0.026361
140000			-1832.107305			0.023853
141000			-1832.107305			0.021583
142000			-1832.107305			0.019529
143000			-1832.107305			0.017670
144000			-1832.107305			0.015989
145000			-1832.107305			0.014467
146000			-1832.107305			0.013090
147000			-1832.107305			0.011844
148000			-1832.107305			0.010717
149000			-1832.107305			0.009697
150000			-1832.107305			0.008774
151000			-1832.107305			0.007939
152000			-1832.107305			0.007184
153000			-1832.107305			0.006500
154000			-1832.107305			0.005882
155000			-1832.107305			0.005322
156000			-1832.107305			0.004815
157000			-1832.107305			0.004357
158000			-1832.107305			0.003942
159000			-1832.107305			0.003567
160000			-1832.107305			0.003228
161000			-1832.107305			0.002921
162000			-1832.107305			0.002643
163000			-1832.107305			0.002391
164000			-1832.107305			0.002164
165000			-1832.107305			0.001958
166000			-1832.107305			0.001771
167000			-1832.107305			0.001603
168000			-1832.107305			0.001450
169000			-1832.107305			0.001312
170000			-1832.107305			0.001187
171000			-1832.107305			0.001074
Iteration: 9
Step			Log-likelihood			Temperature
1			-31066.599694			99900.000000
1000			-28931.515155			36769.542477
2000			-29057.395895			23501.721022
3000			-27536.834299			21265.130236
4000			-29131.087065			19241.389323
5000			-30043.371195			17410.241977
6000			-27357.151319			15753.359626
7000			-29954.406385			14254.157974
8000			-30231.888818			12897.631004
9000			-27753.512453			11670.200782
10000			-28149.040839			10559.581542
11000			-28783.760510			9554.656721
12000			-27752.292664			8645.367688
13000			-29439.360070			7822.613061
14000			-29540.701555			7078.157611
15000			-27735.895995			6404.549832
16000			-23551.143855			5795.047357
17000			-26361.224187			5243.549468
18000			-30835.454235			4744.536038
19000			-29714.531939			4293.012272
20000			-27488.837667			3884.458716
21000			-24370.355317			3514.786020
22000			-28309.720466			3180.294005
23000			-26118.743057			2877.634626
24000			-30402.279769			2603.778466
25000			-26090.699862			2355.984403
26000			-21789.288664			2131.772185
27000			-23699.596395			1928.897594
28000			-24105.701106			1745.329992
29000			-26398.735414			1579.231987
30000			-24370.985648			1428.941048
31000			-19291.721265			1292.952863
32000			-18945.640913			1169.906280
33000			-23983.163038			1058.569685
34000			-22278.092134			957.828671
35000			-21557.008497			866.674888
36000			-21029.984226			784.195947
37000			-21612.335543			709.566288
38000			-15452.597929			642.038917
39000			-16660.658270			580.937931
40000			-12716.434540			525.651749
41000			-13048.015333			475.626993
42000			-15748.497316			430.362949
43000			-14089.994998			389.406552
44000			-14173.074958			352.347857
45000			-13957.493418			318.815931
46000			-15551.666942			288.475142
47000			-12682.641348			261.021797
48000			-9968.287356			236.181108
49000			-11039.852539			213.704435
50000			-9397.386264			193.366803
51000			-10060.967143			174.964643
52000			-9474.947839			158.313765
53000			-8221.248419			143.247502
54000			-8025.975104			129.615051
55000			-8193.674289			117.279962
56000			-9022.098538			106.118767
57000			-8167.534043			96.019751
58000			-7170.422433			86.881830
59000			-6601.359783			78.613537
60000			-7596.600698			71.132114
61000			-5730.495379			64.362677
62000			-5739.980929			58.237467
63000			-5756.700132			52.695176
64000			-5999.175423			47.680328
65000			-5429.752147			43.142730
66000			-4572.683567			39.036961
67000			-4303.616482			35.321926
68000			-3889.756225			31.960441
69000			-3632.362082			28.918858
70000			-3430.016381			26.166734
71000			-3363.649785			23.676522
72000			-2804.647406			21.423296
73000			-2751.528327			19.384503
74000			-2690.820807			17.539736
75000			-2721.174567			15.870530
76000			-2556.125998			14.360177
77000			-2478.344489			12.993561
78000			-2320.884360			11.757001
79000			-2019.921194			10.638121
80000			-2055.966283			9.625722
81000			-2057.863393			8.709670
82000			-2065.451833			7.880796
83000			-2074.937383			7.130803
84000			-2012.332754			6.452185
85000			-2019.921194			5.838150
86000			-2029.406744			5.282550
87000			-2018.024084			4.779825
88000			-2004.744314			4.324943
89000			-1989.567434			3.913350
90000			-1959.213674			3.540928
91000			-1953.522344			3.203948
92000			-1961.110784			2.899038
93000			-1953.522344			2.623145
94000			-1959.213674			2.373508
95000			-1949.728124			2.147628
96000			-1951.625234			1.943244
97000			-1951.625234			1.758311
98000			-1942.139684			1.590978
99000			-1936.448354			1.439569
100000			-1938.345464			1.302570
101000			-1938.345464			1.178608
102000			-1938.345464			1.066443
103000			-1934.551244			0.964953
104000			-1932.654134			0.873121
105000			-1930.757024			0.790029
106000			-1923.168584			0.714844
107000			-1923.168584			0.646814
108000			-1921.271474			0.585259
109000			-1835.901525			0.529561
110000			-1835.901525			0.479165
111000			-1835.901525			0.433564
112000			-1835.901525			0.392303
113000			-1835.901525			0.354969
114000			-1835.901525			0.321187
115000			-1835.901525			0.290621
116000			-1835.901525			0.262963
117000			-1835.901525			0.237938
118000			-1835.901525			0.215294
119000			-1835.901525			0.194805
120000			-1835.901525			0.176266
121000			-1835.901525			0.159491
122000			-1835.901525			0.144313
123000			-1835.901525			0.130579
124000			-1835.901525			0.118152
125000			-1835.901525			0.106908
126000			-1835.901525			0.096734
127000			-1835.901525			0.087528
128000			-1835.901525			0.079198
129000			-1835.901525			0.071661
130000			-1835.901525			0.064841
131000			-1835.901525			0.058671
132000			-1835.901525			0.053087
133000			-1835.901525			0.048035
134000			-1835.901525			0.043464
135000			-1835.901525			0.039327
136000			-1835.901525			0.035585
137000			-1835.901525			0.032198
138000			-1835.901525			0.029134
139000			-1835.901525			0.026361
140000			-1835.901525			0.023853
141000			-1835.901525			0.021583
142000			-1835.901525			0.019529
143000			-1835.901525			0.017670
144000			-1835.901525			0.015989
145000			-1835.901525			0.014467
146000			-1835.901525			0.013090
147000			-1835.901525			0.011844
148000			-1835.901525			0.010717
149000			-1835.901525			0.009697
150000			-1835.901525			0.008774
151000			-1835.901525			0.007939
152000			-1835.901525			0.007184
153000			-1835.901525			0.006500
154000			-1835.901525			0.005882
155000			-1835.901525			0.005322
156000			-1835.901525			0.004815
157000			-1835.901525			0.004357
158000			-1835.901525			0.003942
159000			-1835.901525			0.003567
160000			-1835.901525			0.003228
161000			-1835.901525			0.002921
162000			-1835.901525			0.002643
163000			-1835.901525			0.002391
164000			-1835.901525			0.002164
165000			-1835.901525			0.001958
166000			-1835.901525			0.001771
167000			-1835.901525			0.001603
168000			-1835.901525			0.001450
169000			-1835.901525			0.001312
170000			-1835.901525			0.001187
171000			-1835.901525			0.001074
Iteration: 10
Step			Log-likelihood			Temperature
1			-31534.121499			99900.000000
1000			-29068.719888			36769.542477
2000			-27432.777691			23501.721022
3000			-29087.400707			21265.130236
4000			-27365.358412			19241.389323
5000			-28322.935729			17410.241977
6000			-28534.245087			15753.359626
7000			-27335.605788			14254.157974
8000			-28227.848617			12897.631004
9000			-26616.850234			11670.200782
10000			-26106.043847			10559.581542
11000			-31181.077200			9554.656721
12000			-26919.124111			8645.367688
13000			-24243.588999			7822.613061
14000			-29317.068351			7078.157611
15000			-24290.398096			6404.549832
16000			-29255.501668			5795.047357
17000			-28190.267044			5243.549468
18000			-29157.684698			4744.536038
19000			-26018.647775			4293.012272
20000			-27212.246650			3884.458716
21000			-25907.143418			3514.786020
22000			-30249.710475			3180.294005
23000			-25163.514397			2877.634626
24000			-28035.413599			2603.778466
25000			-28124.152635			2355.984403
26000			-27183.552548			2131.772185
27000			-22915.934543			1928.897594
28000			-22222.468969			1745.329992
29000			-25441.325203			1579.231987
30000			-23961.720107			1428.941048
31000			-22246.905625			1292.952863
32000			-24230.889790			1169.906280
33000			-23955.952592			1058.569685
34000			-23672.262774			957.828671
35000			-18286.663370			866.674888
36000			-20013.364887			784.195947
37000			-17581.357749			709.566288
38000			-17668.528048			642.038917
39000			-16251.328222			580.937931
40000			-14862.790244			525.651749
41000			-12019.626293			475.626993
42000			-15742.328024			430.362949
43000			-13112.118354			389.406552
44000			-16735.026761			352.347857
45000			-13545.594778			318.815931
46000			-10732.720081			288.475142
47000			-13336.000688			261.021797
48000			-12493.446403			236.181108
49000			-9486.078311			213.704435
50000			-9331.799588			193.366803
51000			-8595.462887			174.964643
52000			-9019.389255			158.313765
53000			-11332.631969			143.247502
54000			-8054.094484			129.615051
55000			-9048.549640			117.279962
56000			-8141.666560			106.118767
57000			-8144.240991			96.019751
58000			-7618.844124			86.881830
59000			-7788.358395			78.613537
60000			-6401.711687			71.132114
61000			-6025.670456			64.362677
62000			-5858.918297			58.237467
63000			-5216.378573			52.695176
64000			-5108.920625			47.680328
65000			-4654.259296			43.142730
66000			-4180.562360			39.036961
67000			-3815.226468			35.321926
68000			-3812.684290			31.960441
69000			-3589.438126			28.918858
70000			-3646.319172			26.166734
71000			-3583.682289			23.676522
72000			-3305.516696			21.423296
73000			-3292.269179			19.384503
74000			-3136.706161			17.539736
75000			-3072.204421			15.870530
76000			-3011.464648			14.360177
77000			-3019.053088			12.993561
78000			-2962.139789			11.757001
79000			-2920.403369			10.638121
80000			-2967.831119			9.625722
81000			-2832.491242			8.709670
82000			-2724.549493			7.880796
83000			-2694.195734			7.130803
84000			-2688.504404			6.452185
85000			-2595.546014			5.838150
86000			-2237.443774			5.282550
87000			-2237.443774			4.779825
88000			-2256.414874			4.324943
89000			-2243.135104			3.913350
90000			-2243.135104			3.540928
91000			-2241.237994			3.203948
92000			-2243.135104			2.899038
93000			-2237.443774			2.623145
94000			-2237.443774			2.373508
95000			-2227.958224			2.147628
96000			-2224.164005			1.943244
97000			-2024.967456			1.758311
98000			-1939.597507			1.590978
99000			-1856.124667			1.439569
100000			-1844.742008			1.302570
101000			-1844.742008			1.178608
102000			-1840.947788			1.066443
103000			-1839.050678			0.964953
104000			-1837.153568			0.873121
105000			-1831.462238			0.790029
106000			-1833.359348			0.714844
107000			-1831.462238			0.646814
108000			-1833.359348			0.585259
109000			-1831.462238			0.529561
110000			-1827.668018			0.479165
111000			-1827.668018			0.433564
112000			-1827.668018			0.392303
113000			-1825.770908			0.354969
114000			-1825.770908			0.321187
115000			-1825.770908			0.290621
116000			-1825.770908			0.262963
117000			-1825.770908			0.237938
118000			-1825.770908			0.215294
119000			-1825.770908			0.194805
120000			-1825.770908			0.176266
121000			-1825.770908			0.159491
122000			-1825.770908			0.144313
123000			-1825.770908			0.130579
124000			-1825.770908			0.118152
125000			-1825.770908			0.106908
126000			-1825.770908			0.096734
127000			-1825.770908			0.087528
128000			-1825.770908			0.079198
129000			-1825.770908			0.071661
130000			-1825.770908			0.064841
131000			-1825.770908			0.058671
132000			-1825.770908			0.053087
133000			-1825.770908			0.048035
134000			-1825.770908			0.043464
135000			-1825.770908			0.039327
136000			-1825.770908			0.035585
137000			-1825.770908			0.032198
138000			-1825.770908			0.029134
139000			-1825.770908			0.026361
140000			-1825.770908			0.023853
141000			-1825.770908			0.021583
142000			-1825.770908			0.019529
143000			-1825.770908			0.017670
144000			-1825.770908			0.015989
145000			-1825.770908			0.014467
146000			-1825.770908			0.013090
147000			-1825.770908			0.011844
148000			-1825.770908			0.010717
149000			-1825.770908			0.009697
150000			-1825.770908			0.008774
151000			-1825.770908			0.007939
152000			-1825.770908			0.007184
153000			-1825.770908			0.006500
154000			-1825.770908			0.005882
155000			-1825.770908			0.005322
156000			-1825.770908			0.004815
157000			-1825.770908			0.004357
158000			-1825.770908			0.003942
159000			-1825.770908			0.003567
160000			-1825.770908			0.003228
161000			-1825.770908			0.002921
162000			-1825.770908			0.002643
163000			-1825.770908			0.002391
164000			-1825.770908			0.002164
165000			-1825.770908			0.001958
166000			-1825.770908			0.001771
167000			-1825.770908			0.001603
168000			-1825.770908			0.001450
169000			-1825.770908			0.001312
170000			-1825.770908			0.001187
171000			-1825.770908			0.001074

Maximum likelihood Tree found: -1821.976688
digraph g {
	"49" -> "50";
	"50" [label="43"];
	"48" -> "49";
	"49" [label="41"];
	"47" -> "48";
	"48" [label="31"];
	"46" -> "47";
	"47" [label="24"];
	"44" -> "45";
	"45" [label="1"];
	"43" -> "44";
	"44" [label="13"];
	"42" -> "43";
	"43" [label="39"];
	"41" -> "42";
	"42" [label="49"];
	"40" -> "41";
	"41" [label="25"];
	"39" -> "40";
	"40" [label="14"];
	"38" -> "39";
	"39" [label="29"];
	"37" -> "38";
	"38" [label="45"];
	"36" -> "37";
	"37" [label="48"];
	"35" -> "36";
	"36" [label="42"];
	"33" -> "34";
	"34" [label="36"];
	"32" -> "33";
	"33" [label="12"];
	"31" -> "32";
	"32" [label="3"];
	"30" -> "31";
	"31" [label="6"];
	"29" -> "30";
	"30" [label="2"];
	"28" -> "29";
	"29" [label="32"];
	"27" -> "28";
	"28" [label="46"];
	"26" -> "27";
	"27" [label="10"];
	"25" -> "26";
	"26" [label="38"];
	"24" -> "25";
	"25" [label="4"];
	"23" -> "24";
	"24" [label="17"];
	"22" -> "23";
	"23" [label="21"];
	"21" -> "22";
	"22" [label="34"];
	"20" -> "21";
	"21" [label="8"];
	"19" -> "20";
	"20" [label="20"];
	"18" -> "19";
	"19" [label="18"];
	"17" -> "18";
	"18" [label="11"];
	"16" -> "17";
	"17" [label="47"];
	"15" -> "16";
	"16" [label="33"];
	"14" -> "15";
	"15" [label="27"];
	"13" -> "14";
	"14" [label="35"];
	"12" -> "13";
	"13" [label="28"];
	"11" -> "12";
	"12" [label="44"];
	"10" -> "11";
	"11" [label="40"];
	"10" -> "35";
	"35" [label="23"];
	"9" -> "10";
	"10" [label="15"];
	"8" -> "9";
	"9" [label="50"];
	"7" -> "8";
	"8" [label="30"];
	"6" -> "7";
	"7" [label="37"];
	"5" -> "6";
	"6" [label="16"];
	"4" -> "5";
	"5" [label="5"];
	"3" -> "4";
	"4" [label="26"];
	"3" -> "46";
	"46" [label="22"];
	"2" -> "3";
	"3" [label="7"];
	"1" -> "2";
	"2" [label="19"];
	"0" -> "1";
	"1" [label="9"];
	"0" [label="germline"];
	labelloc="t";
	label="Confidence score: -1821.976688";
}
Best cell assignment:
28 33 9 3 34 27 22 34 45 40 2 3 17 27 39 33 22 3 34 15 9 40 14 45 22 2 20 9 28 8 28 9 9 21 21 2 45 2 45 2 50 19 40 28 21 50 33 50 9 28 22 45 42 2 22 28 40 48 28 22 34 21 34 28 9 40 7 22 15 15 33 3 50 22 40 50 28 9 22 50 8 34 32 49 42 34 9 40 50 49 15 45 14 34 22 34 15 34 34 34 15 14 45 50 28 22 44 22 15 22 38 39 40 40 28 40 9 15 34 12 31 40 45 44 48 22 50 45 28 34 28 40 50 1 26 15 8 28 45 44 50 22 50 50 34 39 27 3 1 2 22 27 40 39 45 50 15 50 9 2 45 50 3 45 40 3 50 34 22 9 50 28 8 3 40 2 9 39 22 38 34 45 33 3 34 20 15 9 9 15 15 28 45 40 44 40 13 21 2 34 15 21 15 45 15 9 15 22 21 15 50 45 34 34 9 2 5 3 9 9 14 45 50 45 34 8 21 49 34 3 39 40 15 33 14 15 3 33 45 3 14 28 45 9 28 3 22 21 27 34 
alpha: 0.150000
beta: 0.000010
gamma: 1.000000
delta: 1.000000
