Starting SASC.
Iteration: 1
Step			Log-likelihood			Temperature
1			-24066.342477			99900.000000
1000			-22184.464982			36769.542477
2000			-23534.943425			23501.721022
3000			-20631.916382			21265.130236
4000			-22604.688051			19241.389323
5000			-21126.288007			17410.241977
6000			-24405.318190			15753.359626
7000			-20952.360864			14254.157974
8000			-24748.791857			12897.631004
9000			-23943.370379			11670.200782
10000			-20229.746582			10559.581542
11000			-22510.832406			9554.656721
12000			-21744.540664			8645.367688
13000			-20570.343860			7822.613061
14000			-22599.524453			7078.157611
15000			-21502.484667			6404.549832
16000			-21923.927525			5795.047357
17000			-21801.228190			5243.549468
18000			-23570.472461			4744.536038
19000			-16933.586800			4293.012272
20000			-21843.674184			3884.458716
21000			-21775.744689			3514.786020
22000			-23638.671660			3180.294005
23000			-20900.757693			2877.634626
24000			-21619.105631			2603.778466
25000			-18647.879389			2355.984403
26000			-19698.582201			2131.772185
27000			-22373.885700			1928.897594
28000			-21101.980364			1745.329992
29000			-22329.126083			1579.231987
30000			-19970.185623			1428.941048
31000			-19348.681215			1292.952863
32000			-22982.025257			1169.906280
33000			-23699.470101			1058.569685
34000			-13885.922012			957.828671
35000			-18784.878923			866.674888
36000			-14822.610544			784.195947
37000			-14600.331981			709.566288
38000			-15154.868658			642.038917
39000			-12608.920644			580.937931
40000			-13853.509876			525.651749
41000			-13651.991084			475.626993
42000			-14057.327554			430.362949
43000			-14469.044352			389.406552
44000			-11720.988089			352.347857
45000			-11622.344209			318.815931
46000			-13144.955284			288.475142
47000			-14682.810805			261.021797
48000			-13008.829649			236.181108
49000			-12139.771434			213.704435
50000			-10027.203084			193.366803
51000			-10573.210134			174.964643
52000			-9110.640934			158.313765
53000			-9669.508460			143.247502
54000			-8131.808367			129.615051
55000			-7474.382043			117.279962
56000			-8433.448855			106.118767
57000			-8756.382685			96.019751
58000			-6662.591915			86.881830
59000			-6790.407858			78.613537
60000			-6155.424321			71.132114
61000			-5543.786664			64.362677
62000			-5243.623992			58.237467
63000			-4337.676260			52.695176
64000			-4611.118125			47.680328
65000			-5019.119946			43.142730
66000			-4805.133559			39.036961
67000			-4248.350824			35.321926
68000			-3934.972890			31.960441
69000			-3583.658594			28.918858
70000			-3226.427196			26.166734
71000			-2849.128082			23.676522
72000			-2649.867027			21.423296
73000			-2329.932760			19.384503
74000			-2210.576098			17.539736
75000			-2259.739691			15.870530
76000			-1990.769367			14.360177
77000			-2170.930309			12.993561
78000			-2112.119899			11.757001
79000			-2072.280590			10.638121
80000			-1809.066102			9.625722
81000			-1710.416383			8.709670
82000			-1712.313493			7.880796
83000			-1710.416383			7.130803
84000			-1716.107713			6.452185
85000			-1714.210603			5.838150
86000			-1714.210603			5.282550
87000			-1699.033723			4.779825
88000			-1704.725053			4.324943
89000			-1691.445283			3.913350
90000			-1695.239503			3.540928
91000			-1704.725053			3.203948
92000			-1699.033723			2.899038
93000			-1693.342393			2.623145
94000			-1683.856843			2.373508
95000			-1685.753953			2.147628
96000			-1680.062623			1.943244
97000			-1681.959733			1.758311
98000			-1676.268403			1.590978
99000			-1672.474183			1.439569
100000			-1672.474183			1.302570
101000			-1668.679963			1.178608
102000			-1666.782853			1.066443
103000			-1672.474183			0.964953
104000			-1625.046434			0.873121
105000			-1625.046434			0.790029
106000			-1625.046434			0.714844
107000			-1623.149324			0.646814
108000			-1623.149324			0.585259
109000			-1623.149324			0.529561
110000			-1625.046434			0.479165
111000			-1625.046434			0.433564
112000			-1625.046434			0.392303
113000			-1621.252214			0.354969
114000			-1621.252214			0.321187
115000			-1621.252214			0.290621
116000			-1621.252214			0.262963
117000			-1621.252214			0.237938
118000			-1621.252214			0.215294
119000			-1621.252214			0.194805
120000			-1621.252214			0.176266
121000			-1621.252214			0.159491
122000			-1621.252214			0.144313
123000			-1621.252214			0.130579
124000			-1613.663774			0.118152
125000			-1611.766664			0.106908
126000			-1607.972444			0.096734
127000			-1607.972444			0.087528
128000			-1602.281114			0.079198
129000			-1600.384004			0.071661
130000			-1600.384004			0.064841
131000			-1600.384004			0.058671
132000			-1600.384004			0.053087
133000			-1600.384004			0.048035
134000			-1600.384004			0.043464
135000			-1600.384004			0.039327
136000			-1600.384004			0.035585
137000			-1600.384004			0.032198
138000			-1600.384004			0.029134
139000			-1600.384004			0.026361
140000			-1600.384004			0.023853
141000			-1600.384004			0.021583
142000			-1600.384004			0.019529
143000			-1600.384004			0.017670
144000			-1600.384004			0.015989
145000			-1600.384004			0.014467
146000			-1600.384004			0.013090
147000			-1600.384004			0.011844
148000			-1600.384004			0.010717
149000			-1600.384004			0.009697
150000			-1600.384004			0.008774
151000			-1600.384004			0.007939
152000			-1600.384004			0.007184
153000			-1600.384004			0.006500
154000			-1600.384004			0.005882
155000			-1600.384004			0.005322
156000			-1600.384004			0.004815
157000			-1600.384004			0.004357
158000			-1600.384004			0.003942
159000			-1600.384004			0.003567
160000			-1600.384004			0.003228
161000			-1600.384004			0.002921
162000			-1600.384004			0.002643
163000			-1600.384004			0.002391
164000			-1600.384004			0.002164
165000			-1600.384004			0.001958
166000			-1600.384004			0.001771
167000			-1600.384004			0.001603
168000			-1600.384004			0.001450
169000			-1600.384004			0.001312
170000			-1600.384004			0.001187
171000			-1600.384004			0.001074
Iteration: 2
Step			Log-likelihood			Temperature
1			-22705.384469			99900.000000
1000			-22134.984695			36769.542477
2000			-23562.910435			23501.721022
3000			-22141.546866			21265.130236
4000			-22682.539906			19241.389323
5000			-17756.378388			17410.241977
6000			-21743.631730			15753.359626
7000			-22287.812016			14254.157974
8000			-21471.609014			12897.631004
9000			-20454.781418			11670.200782
10000			-20894.383203			10559.581542
11000			-20996.703967			9554.656721
12000			-23190.443489			8645.367688
13000			-19955.738893			7822.613061
14000			-23613.370002			7078.157611
15000			-20561.169166			6404.549832
16000			-22683.604267			5795.047357
17000			-23311.503741			5243.549468
18000			-22517.162964			4744.536038
19000			-21099.206574			4293.012272
20000			-19622.369429			3884.458716
21000			-21440.234824			3514.786020
22000			-25465.796832			3180.294005
23000			-23645.658964			2877.634626
24000			-19447.454109			2603.778466
25000			-22479.420124			2355.984403
26000			-19599.149504			2131.772185
27000			-19213.244579			1928.897594
28000			-22709.873527			1745.329992
29000			-20382.999036			1579.231987
30000			-20433.215312			1428.941048
31000			-22990.672219			1292.952863
32000			-19486.551591			1169.906280
33000			-22351.061713			1058.569685
34000			-18536.169834			957.828671
35000			-17336.908824			866.674888
36000			-17668.014714			784.195947
37000			-17465.888947			709.566288
38000			-15408.149106			642.038917
39000			-14449.319746			580.937931
40000			-15122.497672			525.651749
41000			-13460.664359			475.626993
42000			-12538.815437			430.362949
43000			-13158.513657			389.406552
44000			-15831.157643			352.347857
45000			-11278.624192			318.815931
46000			-12768.122455			288.475142
47000			-10486.426875			261.021797
48000			-12576.030545			236.181108
49000			-12656.494924			213.704435
50000			-11778.830897			193.366803
51000			-11409.055717			174.964643
52000			-9017.829076			158.313765
53000			-8579.048362			143.247502
54000			-10214.861545			129.615051
55000			-8348.562706			117.279962
56000			-7957.596782			106.118767
57000			-7473.361614			96.019751
58000			-6063.266427			86.881830
59000			-6874.546340			78.613537
60000			-7109.046151			71.132114
61000			-4992.979700			64.362677
62000			-4173.589454			58.237467
63000			-3923.209028			52.695176
64000			-3550.891671			47.680328
65000			-3289.735560			43.142730
66000			-3052.887092			39.036961
67000			-3274.365160			35.321926
68000			-3293.465273			31.960441
69000			-3074.690650			28.918858
70000			-2915.204398			26.166734
71000			-2650.125054			23.676522
72000			-2677.684448			21.423296
73000			-2471.318754			19.384503
74000			-2371.029952			17.539736
75000			-2270.483123			15.870530
76000			-2164.341723			14.360177
77000			-2113.152007			12.993561
78000			-1876.432553			11.757001
79000			-1747.461327			10.638121
80000			-1772.123757			9.625722
81000			-1626.046288			8.709670
82000			-1620.354958			7.880796
83000			-1620.354958			7.130803
84000			-1620.354958			6.452185
85000			-1626.046288			5.838150
86000			-1637.428948			5.282550
87000			-1605.178079			4.779825
88000			-1607.075189			4.324943
89000			-1610.869409			3.913350
90000			-1607.075189			3.540928
91000			-1601.383859			3.203948
92000			-1601.383859			2.899038
93000			-1498.939919			2.623145
94000			-1504.631249			2.373508
95000			-1508.425469			2.147628
96000			-1495.145699			1.943244
97000			-1498.939919			1.758311
98000			-1495.145699			1.590978
99000			-1489.454369			1.439569
100000			-1493.248589			1.302570
101000			-1493.248589			1.178608
102000			-1487.557259			1.066443
103000			-1487.557259			0.964953
104000			-1487.557259			0.873121
105000			-1489.454369			0.790029
106000			-1487.557259			0.714844
107000			-1485.660150			0.646814
108000			-1485.660150			0.585259
109000			-1481.865930			0.529561
110000			-1481.865930			0.479165
111000			-1481.865930			0.433564
112000			-1481.865930			0.392303
113000			-1481.865930			0.354969
114000			-1481.865930			0.321187
115000			-1481.865930			0.290621
116000			-1481.865930			0.262963
117000			-1481.865930			0.237938
118000			-1481.865930			0.215294
119000			-1481.865930			0.194805
120000			-1481.865930			0.176266
121000			-1481.865930			0.159491
122000			-1479.968820			0.144313
123000			-1479.968820			0.130579
124000			-1479.968820			0.118152
125000			-1479.968820			0.106908
126000			-1479.968820			0.096734
127000			-1479.968820			0.087528
128000			-1479.968820			0.079198
129000			-1479.968820			0.071661
130000			-1479.968820			0.064841
131000			-1479.968820			0.058671
132000			-1479.968820			0.053087
133000			-1479.968820			0.048035
134000			-1479.968820			0.043464
135000			-1479.968820			0.039327
136000			-1479.968820			0.035585
137000			-1479.968820			0.032198
138000			-1479.968820			0.029134
139000			-1479.968820			0.026361
140000			-1478.071710			0.023853
141000			-1478.071710			0.021583
142000			-1478.071710			0.019529
143000			-1478.071710			0.017670
144000			-1478.071710			0.015989
145000			-1478.071710			0.014467
146000			-1478.071710			0.013090
147000			-1478.071710			0.011844
148000			-1478.071710			0.010717
149000			-1478.071710			0.009697
150000			-1478.071710			0.008774
151000			-1478.071710			0.007939
152000			-1478.071710			0.007184
153000			-1478.071710			0.006500
154000			-1478.071710			0.005882
155000			-1478.071710			0.005322
156000			-1478.071710			0.004815
157000			-1478.071710			0.004357
158000			-1478.071710			0.003942
159000			-1478.071710			0.003567
160000			-1478.071710			0.003228
161000			-1478.071710			0.002921
162000			-1478.071710			0.002643
163000			-1478.071710			0.002391
164000			-1478.071710			0.002164
165000			-1478.071710			0.001958
166000			-1478.071710			0.001771
167000			-1478.071710			0.001603
168000			-1478.071710			0.001450
169000			-1478.071710			0.001312
170000			-1478.071710			0.001187
171000			-1478.071710			0.001074
Iteration: 3
Step			Log-likelihood			Temperature
1			-22798.342858			99900.000000
1000			-23726.803722			36769.542477
2000			-23557.134023			23501.721022
3000			-21589.654966			21265.130236
4000			-22925.305477			19241.389323
5000			-21585.538212			17410.241977
6000			-21604.650004			15753.359626
7000			-22776.621324			14254.157974
8000			-23406.681774			12897.631004
9000			-22559.157411			11670.200782
10000			-20080.953991			10559.581542
11000			-24548.982494			9554.656721
12000			-19131.750873			8645.367688
13000			-17493.240085			7822.613061
14000			-22819.023387			7078.157611
15000			-22598.674187			6404.549832
16000			-22032.133140			5795.047357
17000			-20976.275627			5243.549468
18000			-24174.935133			4744.536038
19000			-20661.522475			4293.012272
20000			-21924.528661			3884.458716
21000			-19784.198499			3514.786020
22000			-20817.202829			3180.294005
23000			-21438.971104			2877.634626
24000			-23152.372276			2603.778466
25000			-22040.838769			2355.984403
26000			-19985.541287			2131.772185
27000			-21922.734150			1928.897594
28000			-21129.017866			1745.329992
29000			-22683.727442			1579.231987
30000			-18747.786990			1428.941048
31000			-22074.696469			1292.952863
32000			-18337.759045			1169.906280
33000			-22679.557859			1058.569685
34000			-17363.456686			957.828671
35000			-18888.979463			866.674888
36000			-16720.304148			784.195947
37000			-18788.335873			709.566288
38000			-15814.878309			642.038917
39000			-14528.824503			580.937931
40000			-15204.914770			525.651749
41000			-17553.543047			475.626993
42000			-13477.835109			430.362949
43000			-13583.653974			389.406552
44000			-13366.577102			352.347857
45000			-11841.456102			318.815931
46000			-14389.526999			288.475142
47000			-10976.670068			261.021797
48000			-12045.915789			236.181108
49000			-13252.944023			213.704435
50000			-10065.828444			193.366803
51000			-10367.624359			174.964643
52000			-9991.131580			158.313765
53000			-9741.100103			143.247502
54000			-9309.494374			129.615051
55000			-8688.784622			117.279962
56000			-7835.607022			106.118767
57000			-6810.018186			96.019751
58000			-6421.691200			86.881830
59000			-5681.624786			78.613537
60000			-5293.303639			71.132114
61000			-5218.606775			64.362677
62000			-4998.735537			58.237467
63000			-4450.412084			52.695176
64000			-4535.814287			47.680328
65000			-3815.208612			43.142730
66000			-3803.374405			39.036961
67000			-3375.724163			35.321926
68000			-3318.939877			31.960441
69000			-2950.739273			28.918858
70000			-2666.979109			26.166734
71000			-2619.615866			23.676522
72000			-2503.827651			21.423296
73000			-2371.191219			19.384503
74000			-2212.253274			17.539736
75000			-2149.616391			15.870530
76000			-2130.645291			14.360177
77000			-2162.896161			12.993561
78000			-2069.937771			11.757001
79000			-2090.805981			10.638121
80000			-1984.567822			9.625722
81000			-1902.992093			8.709670
82000			-1889.744576			7.880796
83000			-1842.316827			7.130803
84000			-1836.625497			6.452185
85000			-1745.564217			5.838150
86000			-1741.769997			5.282550
87000			-1730.387338			4.779825
88000			-1745.564217			4.324943
89000			-1737.975777			3.913350
90000			-1755.049767			3.540928
91000			-1739.872887			3.203948
92000			-1726.593118			2.899038
93000			-1728.490228			2.623145
94000			-1739.872887			2.373508
95000			-1724.696008			2.147628
96000			-1722.798898			1.943244
97000			-1722.798898			1.758311
98000			-1724.696008			1.590978
99000			-1724.696008			1.439569
100000			-1698.136468			1.302570
101000			-1698.136468			1.178608
102000			-1701.930688			1.066443
103000			-1698.136468			0.964953
104000			-1686.753808			0.873121
105000			-1682.959588			0.790029
106000			-1679.165368			0.714844
107000			-1681.062478			0.646814
108000			-1679.165368			0.585259
109000			-1627.943398			0.529561
110000			-1626.046288			0.479165
111000			-1576.721429			0.433564
112000			-1576.721429			0.392303
113000			-1576.721429			0.354969
114000			-1574.824319			0.321187
115000			-1574.824319			0.290621
116000			-1574.824319			0.262963
117000			-1512.219689			0.237938
118000			-1512.219689			0.215294
119000			-1512.219689			0.194805
120000			-1512.219689			0.176266
121000			-1512.219689			0.159491
122000			-1512.219689			0.144313
123000			-1512.219689			0.130579
124000			-1512.219689			0.118152
125000			-1512.219689			0.106908
126000			-1512.219689			0.096734
127000			-1512.219689			0.087528
128000			-1508.425469			0.079198
129000			-1508.425469			0.071661
130000			-1508.425469			0.064841
131000			-1508.425469			0.058671
132000			-1508.425469			0.053087
133000			-1506.528359			0.048035
134000			-1504.631249			0.043464
135000			-1504.631249			0.039327
136000			-1504.631249			0.035585
137000			-1504.631249			0.032198
138000			-1504.631249			0.029134
139000			-1504.631249			0.026361
140000			-1504.631249			0.023853
141000			-1504.631249			0.021583
142000			-1504.631249			0.019529
143000			-1504.631249			0.017670
144000			-1504.631249			0.015989
145000			-1504.631249			0.014467
146000			-1504.631249			0.013090
147000			-1504.631249			0.011844
148000			-1504.631249			0.010717
149000			-1504.631249			0.009697
150000			-1504.631249			0.008774
151000			-1504.631249			0.007939
152000			-1504.631249			0.007184
153000			-1504.631249			0.006500
154000			-1504.631249			0.005882
155000			-1502.734139			0.005322
156000			-1502.734139			0.004815
157000			-1502.734139			0.004357
158000			-1502.734139			0.003942
159000			-1502.734139			0.003567
160000			-1502.734139			0.003228
161000			-1502.734139			0.002921
162000			-1502.734139			0.002643
163000			-1502.734139			0.002391
164000			-1502.734139			0.002164
165000			-1502.734139			0.001958
166000			-1502.734139			0.001771
167000			-1502.734139			0.001603
168000			-1502.734139			0.001450
169000			-1502.734139			0.001312
170000			-1502.734139			0.001187
171000			-1502.734139			0.001074
Iteration: 4
Step			Log-likelihood			Temperature
1			-24139.974980			99900.000000
1000			-22108.129035			36769.542477
2000			-23713.078243			23501.721022
3000			-23128.747793			21265.130236
4000			-23283.472224			19241.389323
5000			-21610.388323			17410.241977
6000			-23478.185553			15753.359626
7000			-22644.081652			14254.157974
8000			-23464.278233			12897.631004
9000			-20740.878561			11670.200782
10000			-21836.267586			10559.581542
11000			-21536.333469			9554.656721
12000			-22750.132130			8645.367688
13000			-22140.734692			7822.613061
14000			-22257.716283			7078.157611
15000			-20888.768058			6404.549832
16000			-19187.620387			5795.047357
17000			-23018.354788			5243.549468
18000			-21927.581053			4744.536038
19000			-16243.651580			4293.012272
20000			-22483.305265			3884.458716
21000			-18923.514483			3514.786020
22000			-22764.238810			3180.294005
23000			-22679.164980			2877.634626
24000			-23064.943949			2603.778466
25000			-22430.359130			2355.984403
26000			-19041.226223			2131.772185
27000			-17905.777954			1928.897594
28000			-19751.701281			1745.329992
29000			-20213.144715			1579.231987
30000			-20976.759427			1428.941048
31000			-20365.268301			1292.952863
32000			-18668.973372			1169.906280
33000			-19816.449369			1058.569685
34000			-19315.855624			957.828671
35000			-18225.410262			866.674888
36000			-18031.286390			784.195947
37000			-15454.814453			709.566288
38000			-14518.627238			642.038917
39000			-17572.830841			580.937931
40000			-17690.947139			525.651749
41000			-15019.426182			475.626993
42000			-14862.740134			430.362949
43000			-11755.587616			389.406552
44000			-14722.843635			352.347857
45000			-13119.759284			318.815931
46000			-13141.219732			288.475142
47000			-10183.437585			261.021797
48000			-11064.787393			236.181108
49000			-10434.861796			213.704435
50000			-9836.278136			193.366803
51000			-10173.984288			174.964643
52000			-8437.559769			158.313765
53000			-8915.980434			143.247502
54000			-6108.732559			129.615051
55000			-5519.543528			117.279962
56000			-6390.079559			106.118767
57000			-5828.147963			96.019751
58000			-4946.384699			86.881830
59000			-4456.452362			78.613537
60000			-4210.150598			71.132114
61000			-3454.945396			64.362677
62000			-3285.044085			58.237467
63000			-3765.077418			52.695176
64000			-3885.170068			47.680328
65000			-3534.849789			43.142730
66000			-3947.871458			39.036961
67000			-4048.289274			35.321926
68000			-3629.060221			31.960441
69000			-3515.814182			28.918858
70000			-3135.236903			26.166734
71000			-2926.554804			23.676522
72000			-2911.345671			21.423296
73000			-2746.555130			19.384503
74000			-2316.911018			17.539736
75000			-2129.774450			15.870530
76000			-2190.514223			14.360177
77000			-1964.790388			12.993561
78000			-2008.391664			11.757001
79000			-1936.269231			10.638121
80000			-1993.214784			9.625722
81000			-1976.076288			8.709670
82000			-1883.150152			7.880796
83000			-1892.635702			7.130803
84000			-1881.253042			6.452185
85000			-1877.458822			5.838150
86000			-1896.397668			5.282550
87000			-1902.056745			4.779825
88000			-1835.819162			4.324943
89000			-1845.304712			3.913350
90000			-1697.684921			3.540928
91000			-1699.582031			3.203948
92000			-1684.372897			2.899038
93000			-1686.270007			2.623145
94000			-1686.270007			2.373508
95000			-1680.610931			2.147628
96000			-1674.919601			1.943244
97000			-1667.331161			1.758311
98000			-1667.331161			1.590978
99000			-1667.298907			1.439569
100000			-1667.298907			1.302570
101000			-1621.800521			1.178608
102000			-1621.800521			1.066443
103000			-1623.697631			0.964953
104000			-1585.755431			0.873121
105000			-1578.166992			0.790029
106000			-1576.269882			0.714844
107000			-1576.269882			0.646814
108000			-1538.327682			0.585259
109000			-1536.430572			0.529561
110000			-1536.430572			0.479165
111000			-1534.533462			0.433564
112000			-1534.533462			0.392303
113000			-1534.533462			0.354969
114000			-1534.533462			0.321187
115000			-1534.533462			0.290621
116000			-1534.533462			0.262963
117000			-1530.739242			0.237938
118000			-1530.739242			0.215294
119000			-1530.739242			0.194805
120000			-1528.842132			0.176266
121000			-1528.842132			0.159491
122000			-1528.842132			0.144313
123000			-1477.620162			0.130579
124000			-1477.620162			0.118152
125000			-1477.620162			0.106908
126000			-1477.620162			0.096734
127000			-1475.723052			0.087528
128000			-1475.723052			0.079198
129000			-1475.723052			0.071661
130000			-1475.723052			0.064841
131000			-1475.723052			0.058671
132000			-1475.723052			0.053087
133000			-1475.723052			0.048035
134000			-1475.723052			0.043464
135000			-1475.723052			0.039327
136000			-1475.723052			0.035585
137000			-1475.723052			0.032198
138000			-1475.723052			0.029134
139000			-1475.723052			0.026361
140000			-1475.723052			0.023853
141000			-1475.723052			0.021583
142000			-1475.723052			0.019529
143000			-1475.723052			0.017670
144000			-1475.723052			0.015989
145000			-1475.723052			0.014467
146000			-1475.723052			0.013090
147000			-1475.723052			0.011844
148000			-1475.723052			0.010717
149000			-1475.723052			0.009697
150000			-1475.723052			0.008774
151000			-1475.723052			0.007939
152000			-1475.723052			0.007184
153000			-1475.723052			0.006500
154000			-1475.723052			0.005882
155000			-1475.723052			0.005322
156000			-1475.723052			0.004815
157000			-1475.723052			0.004357
158000			-1475.723052			0.003942
159000			-1475.723052			0.003567
160000			-1475.723052			0.003228
161000			-1475.723052			0.002921
162000			-1475.723052			0.002643
163000			-1475.723052			0.002391
164000			-1473.825942			0.002164
165000			-1473.825942			0.001958
166000			-1473.825942			0.001771
167000			-1473.825942			0.001603
168000			-1473.825942			0.001450
169000			-1473.825942			0.001312
170000			-1473.825942			0.001187
171000			-1473.825942			0.001074
Iteration: 5
Step			Log-likelihood			Temperature
1			-24287.272238			99900.000000
1000			-23936.646941			36769.542477
2000			-21414.326191			23501.721022
3000			-22939.004541			21265.130236
4000			-24682.263994			19241.389323
5000			-22429.552796			17410.241977
6000			-22671.597115			15753.359626
7000			-22061.287685			14254.157974
8000			-21649.201364			12897.631004
9000			-20523.317888			11670.200782
10000			-22697.529105			10559.581542
11000			-23498.226854			9554.656721
12000			-24851.880864			8645.367688
13000			-23877.739772			7822.613061
14000			-18338.102154			7078.157611
15000			-20897.054394			6404.549832
16000			-23155.515589			5795.047357
17000			-23203.529738			5243.549468
18000			-17508.097489			4744.536038
19000			-22560.318533			4293.012272
20000			-23490.638414			3884.458716
21000			-22593.407990			3514.786020
22000			-16231.673623			3180.294005
23000			-22368.516904			2877.634626
24000			-18504.382190			2603.778466
25000			-21397.762416			2355.984403
26000			-24114.743667			2131.772185
27000			-23315.825693			1928.897594
28000			-20229.749641			1745.329992
29000			-20460.068191			1579.231987
30000			-16486.830606			1428.941048
31000			-18168.083508			1292.952863
32000			-21056.825087			1169.906280
33000			-17816.435001			1058.569685
34000			-18426.524496			957.828671
35000			-18315.782542			866.674888
36000			-14610.656119			784.195947
37000			-17093.363333			709.566288
38000			-16066.361189			642.038917
39000			-17102.590856			580.937931
40000			-14397.121278			525.651749
41000			-14961.674295			475.626993
42000			-12591.233840			430.362949
43000			-13281.594193			389.406552
44000			-13446.604669			352.347857
45000			-11344.366296			318.815931
46000			-11176.625961			288.475142
47000			-11877.630205			261.021797
48000			-10736.244257			236.181108
49000			-11220.678785			213.704435
50000			-8839.274964			193.366803
51000			-9752.960724			174.964643
52000			-9620.028173			158.313765
53000			-8467.074941			143.247502
54000			-8687.940195			129.615051
55000			-9441.699834			117.279962
56000			-8696.276301			106.118767
57000			-7065.128180			96.019751
58000			-6883.070128			86.881830
59000			-6475.417255			78.613537
60000			-5423.268880			71.132114
61000			-4931.498100			64.362677
62000			-4109.254820			58.237467
63000			-3720.315020			52.695176
64000			-4250.086667			47.680328
65000			-3504.850816			43.142730
66000			-3322.986285			39.036961
67000			-3606.203980			35.321926
68000			-3476.748953			31.960441
69000			-3249.031249			28.918858
70000			-2910.770950			26.166734
71000			-2813.889327			23.676522
72000			-2418.006154			21.423296
73000			-2410.482221			19.384503
74000			-2338.327535			17.539736
75000			-2135.336766			15.870530
76000			-2038.745424			14.360177
77000			-2042.539644			12.993561
78000			-2044.404501			11.757001
79000			-2053.857797			10.638121
80000			-2029.259874			9.625722
81000			-1887.395919			8.709670
82000			-1843.762389			7.880796
83000			-1739.872887			7.130803
84000			-1745.564217			6.452185
85000			-1739.872887			5.838150
86000			-1741.769997			5.282550
87000			-1753.120404			4.779825
88000			-1652.605828			4.324943
89000			-1643.120278			3.913350
90000			-1654.470685			3.540928
91000			-1608.972299			3.203948
92000			-1608.972299			2.899038
93000			-1610.869409			2.623145
94000			-1523.602349			2.373508
95000			-1514.116799			2.147628
96000			-1504.631249			1.943244
97000			-1495.145699			1.758311
98000			-1498.939919			1.590978
99000			-1500.837029			1.439569
100000			-1498.939919			1.302570
101000			-1493.248589			1.178608
102000			-1495.145699			1.066443
103000			-1495.145699			0.964953
104000			-1497.010556			0.873121
105000			-1497.042809			0.790029
106000			-1445.820840			0.714844
107000			-1445.820840			0.646814
108000			-1442.026620			0.585259
109000			-1442.026620			0.529561
110000			-1440.129510			0.479165
111000			-1440.129510			0.433564
112000			-1440.129510			0.392303
113000			-1440.129510			0.354969
114000			-1440.129510			0.321187
115000			-1440.129510			0.290621
116000			-1434.438180			0.262963
117000			-1434.438180			0.237938
118000			-1434.438180			0.215294
119000			-1434.438180			0.194805
120000			-1434.438180			0.176266
121000			-1434.438180			0.159491
122000			-1434.438180			0.144313
123000			-1434.438180			0.130579
124000			-1434.438180			0.118152
125000			-1434.438180			0.106908
126000			-1434.438180			0.096734
127000			-1434.438180			0.087528
128000			-1434.438180			0.079198
129000			-1434.438180			0.071661
130000			-1434.438180			0.064841
131000			-1434.438180			0.058671
132000			-1434.438180			0.053087
133000			-1434.438180			0.048035
134000			-1434.438180			0.043464
135000			-1434.438180			0.039327
136000			-1434.438180			0.035585
137000			-1434.438180			0.032198
138000			-1434.438180			0.029134
139000			-1434.438180			0.026361
140000			-1434.438180			0.023853
141000			-1434.438180			0.021583
142000			-1434.438180			0.019529
143000			-1434.438180			0.017670
144000			-1434.438180			0.015989
145000			-1434.438180			0.014467
146000			-1434.438180			0.013090
147000			-1434.438180			0.011844
148000			-1434.438180			0.010717
149000			-1434.438180			0.009697
150000			-1434.438180			0.008774
151000			-1434.438180			0.007939
152000			-1434.438180			0.007184
153000			-1434.438180			0.006500
154000			-1434.438180			0.005882
155000			-1434.438180			0.005322
156000			-1434.438180			0.004815
157000			-1434.438180			0.004357
158000			-1434.438180			0.003942
159000			-1434.438180			0.003567
160000			-1434.438180			0.003228
161000			-1434.438180			0.002921
162000			-1434.438180			0.002643
163000			-1434.438180			0.002391
164000			-1434.438180			0.002164
165000			-1434.438180			0.001958
166000			-1434.438180			0.001771
167000			-1434.438180			0.001603
168000			-1434.438180			0.001450
169000			-1434.438180			0.001312
170000			-1434.438180			0.001187
171000			-1434.438180			0.001074
Iteration: 6
Step			Log-likelihood			Temperature
1			-23695.508775			99900.000000
1000			-22862.146701			36769.542477
2000			-23139.878265			23501.721022
3000			-19917.409653			21265.130236
4000			-22589.549263			19241.389323
5000			-23100.596160			17410.241977
6000			-21199.425031			15753.359626
7000			-21952.410589			14254.157974
8000			-21441.964828			12897.631004
9000			-21841.325526			11670.200782
10000			-22704.202772			10559.581542
11000			-22883.762578			9554.656721
12000			-24298.080176			8645.367688
13000			-21026.477166			7822.613061
14000			-21827.459357			7078.157611
15000			-22660.026774			6404.549832
16000			-23720.097801			5795.047357
17000			-22170.229289			5243.549468
18000			-21482.094418			4744.536038
19000			-21720.716822			4293.012272
20000			-24121.047811			3884.458716
21000			-22525.906687			3514.786020
22000			-20451.078119			3180.294005
23000			-19684.663203			2877.634626
24000			-22510.477619			2603.778466
25000			-23043.333912			2355.984403
26000			-20947.428878			2131.772185
27000			-21398.445576			1928.897594
28000			-23620.061186			1745.329992
29000			-17021.906543			1579.231987
30000			-22554.240162			1428.941048
31000			-16853.811421			1292.952863
32000			-20612.677543			1169.906280
33000			-16088.950505			1058.569685
34000			-19919.758310			957.828671
35000			-22436.399408			866.674888
36000			-15591.374118			784.195947
37000			-16309.302763			709.566288
38000			-13897.064162			642.038917
39000			-19910.756561			580.937931
40000			-12336.613486			525.651749
41000			-10275.832930			475.626993
42000			-15075.134429			430.362949
43000			-13898.615382			389.406552
44000			-13926.297951			352.347857
45000			-10754.054235			318.815931
46000			-10798.021977			288.475142
47000			-12707.892897			261.021797
48000			-11394.576733			236.181108
49000			-10687.579201			213.704435
50000			-10887.206721			193.366803
51000			-10793.700025			174.964643
52000			-10637.110737			158.313765
53000			-8324.996891			143.247502
54000			-9005.827763			129.615051
55000			-8248.182983			117.279962
56000			-6866.383179			106.118767
57000			-6065.415724			96.019751
58000			-5689.761533			86.881830
59000			-5797.993562			78.613537
60000			-6316.156776			71.132114
61000			-5618.026141			64.362677
62000			-5010.698758			58.237467
63000			-5126.583734			52.695176
64000			-4577.711973			47.680328
65000			-4060.478268			43.142730
66000			-3807.840106			39.036961
67000			-3599.196100			35.321926
68000			-3555.885105			31.960441
69000			-3153.762294			28.918858
70000			-2773.023748			26.166734
71000			-2613.634256			23.676522
72000			-2640.161543			21.423296
73000			-2457.974477			19.384503
74000			-2406.784761			17.539736
75000			-2344.309145			15.870530
76000			-2332.861978			14.360177
77000			-2082.475714			12.993561
78000			-2072.990164			11.757001
79000			-1847.975903			10.638121
80000			-1846.078793			9.625722
81000			-1838.490353			8.709670
82000			-1840.419717			7.880796
83000			-1848.008157			7.130803
84000			-1846.111047			6.452185
85000			-1844.213937			5.838150
86000			-1800.580407			5.282550
87000			-1823.345727			4.779825
88000			-1813.860177			4.324943
89000			-1811.963067			3.913350
90000			-1817.654397			3.540928
91000			-1815.757287			3.203948
92000			-1813.860177			2.899038
93000			-1817.654397			2.623145
94000			-1800.580407			2.373508
95000			-1804.374627			2.147628
96000			-1800.580407			1.943244
97000			-1798.683297			1.758311
98000			-1796.786187			1.590978
99000			-1798.683297			1.439569
100000			-1800.580407			1.302570
101000			-1800.580407			1.178608
102000			-1796.786187			1.066443
103000			-1794.889077			0.964953
104000			-1792.991967			0.873121
105000			-1785.403527			0.790029
106000			-1785.403527			0.714844
107000			-1705.724908			0.646814
108000			-1703.827798			0.585259
109000			-1622.252068			0.529561
110000			-1616.560738			0.479165
111000			-1616.560738			0.433564
112000			-1610.869409			0.392303
113000			-1610.869409			0.354969
114000			-1610.869409			0.321187
115000			-1610.869409			0.290621
116000			-1610.869409			0.262963
117000			-1610.869409			0.237938
118000			-1610.869409			0.215294
119000			-1610.869409			0.194805
120000			-1610.869409			0.176266
121000			-1610.869409			0.159491
122000			-1610.869409			0.144313
123000			-1610.869409			0.130579
124000			-1610.869409			0.118152
125000			-1610.869409			0.106908
126000			-1610.869409			0.096734
127000			-1610.869409			0.087528
128000			-1610.869409			0.079198
129000			-1610.869409			0.071661
130000			-1610.869409			0.064841
131000			-1610.869409			0.058671
132000			-1610.869409			0.053087
133000			-1553.956109			0.048035
134000			-1553.956109			0.043464
135000			-1553.956109			0.039327
136000			-1553.956109			0.035585
137000			-1553.956109			0.032198
138000			-1553.956109			0.029134
139000			-1553.956109			0.026361
140000			-1553.956109			0.023853
141000			-1553.956109			0.021583
142000			-1521.705239			0.019529
143000			-1521.705239			0.017670
144000			-1521.705239			0.015989
145000			-1521.705239			0.014467
146000			-1521.705239			0.013090
147000			-1521.705239			0.011844
148000			-1521.705239			0.010717
149000			-1521.705239			0.009697
150000			-1521.705239			0.008774
151000			-1521.705239			0.007939
152000			-1521.705239			0.007184
153000			-1521.705239			0.006500
154000			-1521.705239			0.005882
155000			-1521.705239			0.005322
156000			-1521.705239			0.004815
157000			-1521.705239			0.004357
158000			-1521.705239			0.003942
159000			-1521.705239			0.003567
160000			-1521.705239			0.003228
161000			-1521.705239			0.002921
162000			-1521.705239			0.002643
163000			-1521.705239			0.002391
164000			-1521.705239			0.002164
165000			-1521.705239			0.001958
166000			-1521.705239			0.001771
167000			-1521.705239			0.001603
168000			-1521.705239			0.001450
169000			-1521.705239			0.001312
170000			-1521.705239			0.001187
171000			-1521.705239			0.001074
Iteration: 7
Step			Log-likelihood			Temperature
1			-23759.978261			99900.000000
1000			-23416.689217			36769.542477
2000			-22939.605677			23501.721022
3000			-21980.110675			21265.130236
4000			-23970.504641			19241.389323
5000			-24386.610956			17410.241977
6000			-22415.692466			15753.359626
7000			-23606.904591			14254.157974
8000			-22116.271622			12897.631004
9000			-24199.195786			11670.200782
10000			-20951.102982			10559.581542
11000			-23748.478266			9554.656721
12000			-20815.827612			8645.367688
13000			-22425.647080			7822.613061
14000			-20025.867456			7078.157611
15000			-22494.693764			6404.549832
16000			-23140.376802			5795.047357
17000			-20050.122270			5243.549468
18000			-17970.112587			4744.536038
19000			-22603.216074			4293.012272
20000			-21765.564301			3884.458716
21000			-23223.178159			3514.786020
22000			-22310.421908			3180.294005
23000			-22060.191071			2877.634626
24000			-22904.586856			2603.778466
25000			-19274.151457			2355.984403
26000			-19294.755801			2131.772185
27000			-22307.718463			1928.897594
28000			-19315.805853			1745.329992
29000			-21533.515747			1579.231987
30000			-19272.157587			1428.941048
31000			-22963.435358			1292.952863
32000			-17266.064848			1169.906280
33000			-18248.987755			1058.569685
34000			-14860.256624			957.828671
35000			-18823.536536			866.674888
36000			-14463.341344			784.195947
37000			-14111.587179			709.566288
38000			-16291.756651			642.038917
39000			-16094.559811			580.937931
40000			-15596.877767			525.651749
41000			-15576.686878			475.626993
42000			-12546.225093			430.362949
43000			-11817.418164			389.406552
44000			-14975.464280			352.347857
45000			-12760.727535			318.815931
46000			-12299.380860			288.475142
47000			-12770.509204			261.021797
48000			-10866.661045			236.181108
49000			-10261.955083			213.704435
50000			-10529.550190			193.366803
51000			-11144.606704			174.964643
52000			-9258.260726			158.313765
53000			-8857.466143			143.247502
54000			-9264.990003			129.615051
55000			-9311.283046			117.279962
56000			-7090.558851			106.118767
57000			-6812.715792			96.019751
58000			-7429.173938			86.881830
59000			-6645.324405			78.613537
60000			-5926.519080			71.132114
61000			-4740.347378			64.362677
62000			-4504.718699			58.237467
63000			-3992.666109			52.695176
64000			-3781.506340			47.680328
65000			-3609.385386			43.142730
66000			-3209.804753			39.036961
67000			-3194.789140			35.321926
68000			-3278.003952			31.960441
69000			-3259.161866			28.918858
70000			-2876.203676			26.166734
71000			-2408.714124			23.676522
72000			-2594.147102			21.423296
73000			-2404.597371			19.384503
74000			-2099.872237			17.539736
75000			-2024.116851			15.870530
76000			-1944.728512			14.360177
77000			-1830.934167			12.993561
78000			-1766.432427			11.757001
79000			-1705.724908			10.638121
80000			-1690.548028			9.625722
81000			-1700.033578			8.709670
82000			-1694.342248			7.880796
83000			-1701.930688			7.130803
84000			-1682.959588			6.452185
85000			-1667.782708			5.838150
86000			-1658.297158			5.282550
87000			-1614.663628			4.779825
88000			-1612.766518			4.324943
89000			-1622.252068			3.913350
90000			-1626.046288			3.540928
91000			-1639.326058			3.203948
92000			-1627.943398			2.899038
93000			-1624.149178			2.623145
94000			-1629.840508			2.373508
95000			-1627.943398			2.147628
96000			-1610.869409			1.943244
97000			-1608.972299			1.758311
98000			-1616.560738			1.590978
99000			-1614.663628			1.439569
100000			-1612.766518			1.302570
101000			-1610.869409			1.178608
102000			-1607.075189			1.066443
103000			-1605.178079			0.964953
104000			-1605.178079			0.873121
105000			-1607.075189			0.790029
106000			-1605.178079			0.714844
107000			-1599.486749			0.646814
108000			-1506.528359			0.585259
109000			-1506.528359			0.529561
110000			-1504.631249			0.479165
111000			-1504.631249			0.433564
112000			-1504.631249			0.392303
113000			-1502.734139			0.354969
114000			-1502.734139			0.321187
115000			-1502.734139			0.290621
116000			-1502.734139			0.262963
117000			-1500.837029			0.237938
118000			-1462.894830			0.215294
119000			-1460.997720			0.194805
120000			-1460.997720			0.176266
121000			-1460.997720			0.159491
122000			-1460.997720			0.144313
123000			-1460.997720			0.130579
124000			-1460.997720			0.118152
125000			-1460.997720			0.106908
126000			-1460.997720			0.096734
127000			-1460.997720			0.087528
128000			-1460.997720			0.079198
129000			-1460.997720			0.071661
130000			-1460.997720			0.064841
131000			-1460.997720			0.058671
132000			-1428.746850			0.053087
133000			-1428.746850			0.048035
134000			-1428.746850			0.043464
135000			-1428.746850			0.039327
136000			-1428.746850			0.035585
137000			-1428.746850			0.032198
138000			-1428.746850			0.029134
139000			-1428.746850			0.026361
140000			-1428.746850			0.023853
141000			-1428.746850			0.021583
142000			-1428.746850			0.019529
143000			-1428.746850			0.017670
144000			-1428.746850			0.015989
145000			-1428.746850			0.014467
146000			-1428.746850			0.013090
147000			-1428.746850			0.011844
148000			-1428.746850			0.010717
149000			-1428.746850			0.009697
150000			-1428.746850			0.008774
151000			-1428.746850			0.007939
152000			-1428.746850			0.007184
153000			-1428.746850			0.006500
154000			-1428.746850			0.005882
155000			-1428.746850			0.005322
156000			-1428.746850			0.004815
157000			-1428.746850			0.004357
158000			-1428.746850			0.003942
159000			-1428.746850			0.003567
160000			-1428.746850			0.003228
161000			-1428.746850			0.002921
162000			-1428.746850			0.002643
163000			-1428.746850			0.002391
164000			-1428.746850			0.002164
165000			-1428.746850			0.001958
166000			-1428.746850			0.001771
167000			-1428.746850			0.001603
168000			-1428.746850			0.001450
169000			-1428.746850			0.001312
170000			-1428.746850			0.001187
171000			-1428.746850			0.001074
Iteration: 8
Step			Log-likelihood			Temperature
1			-24475.215140			99900.000000
1000			-21514.189860			36769.542477
2000			-19562.855284			23501.721022
3000			-19976.451675			21265.130236
4000			-21071.356900			19241.389323
5000			-21197.862133			17410.241977
6000			-21034.666742			15753.359626
7000			-21316.180848			14254.157974
8000			-19636.203345			12897.631004
9000			-20335.489263			11670.200782
10000			-21523.352877			10559.581542
11000			-24756.541564			9554.656721
12000			-21567.109581			8645.367688
13000			-22786.842863			7822.613061
14000			-21377.442514			7078.157611
15000			-22904.173401			6404.549832
16000			-24374.234280			5795.047357
17000			-20726.443508			5243.549468
18000			-18446.979251			4744.536038
19000			-23158.655844			4293.012272
20000			-23968.440425			3884.458716
21000			-18658.713741			3514.786020
22000			-19829.095749			3180.294005
23000			-23501.085726			2877.634626
24000			-21539.227653			2603.778466
25000			-19293.380584			2355.984403
26000			-21738.092770			2131.772185
27000			-22435.997632			1928.897594
28000			-22079.033157			1745.329992
29000			-22355.726774			1579.231987
30000			-18265.507599			1428.941048
31000			-18295.274959			1292.952863
32000			-17131.396454			1169.906280
33000			-20721.118644			1058.569685
34000			-18221.900483			957.828671
35000			-18528.393713			866.674888
36000			-13846.830369			784.195947
37000			-14428.967590			709.566288
38000			-17171.622804			642.038917
39000			-14480.168985			580.937931
40000			-13390.949251			525.651749
41000			-16695.673971			475.626993
42000			-13210.348440			430.362949
43000			-16920.673496			389.406552
44000			-12525.667739			352.347857
45000			-13090.889179			318.815931
46000			-11610.987963			288.475142
47000			-12112.367467			261.021797
48000			-10376.755122			236.181108
49000			-9928.450766			213.704435
50000			-10314.499440			193.366803
51000			-8288.784695			174.964643
52000			-8852.543055			158.313765
53000			-6836.287446			143.247502
54000			-7012.492901			129.615051
55000			-7422.069298			117.279962
56000			-6916.191839			106.118767
57000			-7821.913797			96.019751
58000			-6278.323015			86.881830
59000			-6671.625918			78.613537
60000			-6585.300045			71.132114
61000			-5460.700865			64.362677
62000			-5352.920383			58.237467
63000			-4840.319485			52.695176
64000			-4521.094793			47.680328
65000			-4258.364106			43.142730
66000			-3428.520709			39.036961
67000			-3449.227652			35.321926
68000			-3258.167850			31.960441
69000			-3218.522061			28.918858
70000			-3307.170176			26.166734
71000			-2969.678119			23.676522
72000			-2963.890029			21.423296
73000			-2605.852296			19.384503
74000			-2500.097937			17.539736
75000			-2530.451697			15.870530
76000			-2528.554587			14.360177
77000			-2431.963245			12.993561
78000			-2320.098262			11.757001
79000			-2321.963119			10.638121
80000			-2339.069362			9.625722
81000			-2340.966472			8.709670
82000			-2350.452022			7.880796
83000			-2069.905518			7.130803
84000			-2058.555112			6.452185
85000			-2041.513375			5.838150
86000			-2039.584012			5.282550
87000			-1940.966546			4.779825
88000			-1884.053246			4.324943
89000			-1876.464806			3.913350
90000			-1743.667107			3.540928
91000			-1741.769997			3.203948
92000			-1698.136468			2.899038
93000			-1696.239358			2.623145
94000			-1692.445138			2.373508
95000			-1648.811608			2.147628
96000			-1641.223168			1.943244
97000			-1639.326058			1.758311
98000			-1645.017388			1.590978
99000			-1593.795419			1.439569
100000			-1584.309869			1.302570
101000			-1582.412759			1.178608
102000			-1578.618539			1.066443
103000			-1578.618539			0.964953
104000			-1582.412759			0.873121
105000			-1574.824319			0.790029
106000			-1571.030099			0.714844
107000			-1571.030099			0.646814
108000			-1569.132989			0.585259
109000			-1571.030099			0.529561
110000			-1571.030099			0.479165
111000			-1571.030099			0.433564
112000			-1571.030099			0.392303
113000			-1571.030099			0.354969
114000			-1571.030099			0.321187
115000			-1569.132989			0.290621
116000			-1569.132989			0.262963
117000			-1569.132989			0.237938
118000			-1569.132989			0.215294
119000			-1567.235879			0.194805
120000			-1565.338769			0.176266
121000			-1565.338769			0.159491
122000			-1565.338769			0.144313
123000			-1565.338769			0.130579
124000			-1565.338769			0.118152
125000			-1565.338769			0.106908
126000			-1565.338769			0.096734
127000			-1565.338769			0.087528
128000			-1565.338769			0.079198
129000			-1565.338769			0.071661
130000			-1565.338769			0.064841
131000			-1565.338769			0.058671
132000			-1565.338769			0.053087
133000			-1565.338769			0.048035
134000			-1565.338769			0.043464
135000			-1565.338769			0.039327
136000			-1565.338769			0.035585
137000			-1565.338769			0.032198
138000			-1565.338769			0.029134
139000			-1565.338769			0.026361
140000			-1565.338769			0.023853
141000			-1565.338769			0.021583
142000			-1565.338769			0.019529
143000			-1565.338769			0.017670
144000			-1565.338769			0.015989
145000			-1565.338769			0.014467
146000			-1565.338769			0.013090
147000			-1565.338769			0.011844
148000			-1565.338769			0.010717
149000			-1565.338769			0.009697
150000			-1565.338769			0.008774
151000			-1565.338769			0.007939
152000			-1565.338769			0.007184
153000			-1565.338769			0.006500
154000			-1565.338769			0.005882
155000			-1565.338769			0.005322
156000			-1565.338769			0.004815
157000			-1565.338769			0.004357
158000			-1565.338769			0.003942
159000			-1565.338769			0.003567
160000			-1565.338769			0.003228
161000			-1565.338769			0.002921
162000			-1565.338769			0.002643
163000			-1565.338769			0.002391
164000			-1565.338769			0.002164
165000			-1565.338769			0.001958
166000			-1565.338769			0.001771
167000			-1565.338769			0.001603
168000			-1565.338769			0.001450
169000			-1565.338769			0.001312
170000			-1565.338769			0.001187
171000			-1565.338769			0.001074
Iteration: 9
Step			Log-likelihood			Temperature
1			-25165.596068			99900.000000
1000			-23504.519320			36769.542477
2000			-19352.416767			23501.721022
3000			-24699.525665			21265.130236
4000			-23307.328319			19241.389323
5000			-22711.351343			17410.241977
6000			-22782.022374			15753.359626
7000			-19486.158711			14254.157974
8000			-22645.005322			12897.631004
9000			-23747.026864			11670.200782
10000			-23919.863232			10559.581542
11000			-23265.457047			9554.656721
12000			-23659.410857			8645.367688
13000			-20674.421044			7822.613061
14000			-21519.643739			7078.157611
15000			-24011.950780			6404.549832
16000			-22610.347127			5795.047357
17000			-20241.020804			5243.549468
18000			-22832.056808			4744.536038
19000			-22073.438587			4293.012272
20000			-24454.041913			3884.458716
21000			-22496.247765			3514.786020
22000			-22243.984966			3180.294005
23000			-20863.841762			2877.634626
24000			-21506.413739			2603.778466
25000			-20898.913411			2355.984403
26000			-21009.737388			2131.772185
27000			-22685.231672			1928.897594
28000			-18718.304071			1745.329992
29000			-20770.211891			1579.231987
30000			-17533.777291			1428.941048
31000			-20159.767608			1292.952863
32000			-17100.145439			1169.906280
33000			-19966.306321			1058.569685
34000			-17007.175371			957.828671
35000			-15303.508879			866.674888
36000			-19061.985995			784.195947
37000			-15592.954533			709.566288
38000			-16986.872986			642.038917
39000			-18012.488235			580.937931
40000			-17882.408717			525.651749
41000			-18776.903443			475.626993
42000			-15573.977595			430.362949
43000			-12500.577118			389.406552
44000			-11979.505262			352.347857
45000			-14439.936796			318.815931
46000			-13219.848726			288.475142
47000			-10743.917779			261.021797
48000			-11648.027068			236.181108
49000			-11698.211091			213.704435
50000			-11388.064333			193.366803
51000			-9632.378434			174.964643
52000			-9823.068711			158.313765
53000			-10678.852996			143.247502
54000			-9946.433689			129.615051
55000			-8404.417483			117.279962
56000			-7310.964263			106.118767
57000			-7260.853042			96.019751
58000			-6124.038453			86.881830
59000			-5774.421908			78.613537
60000			-5789.405268			71.132114
61000			-5267.447834			64.362677
62000			-4636.290770			58.237467
63000			-4543.806469			52.695176
64000			-3701.785755			47.680328
65000			-3752.082089			43.142730
66000			-3629.511768			39.036961
67000			-3504.440803			35.321926
68000			-3761.066705			31.960441
69000			-3668.421569			28.918858
70000			-3139.353657			26.166734
71000			-2961.283345			23.676522
72000			-2949.771672			21.423296
73000			-2860.736516			19.384503
74000			-2538.711619			17.539736
75000			-2500.930686			15.870530
76000			-2086.237680			14.360177
77000			-1924.886572			12.993561
78000			-1726.141570			11.757001
79000			-1764.083770			10.638121
80000			-1777.363540			9.625722
81000			-1750.868507			8.709670
82000			-1784.951980			7.880796
83000			-1665.434051			7.130803
84000			-1644.565841			6.452185
85000			-1642.668731			5.838150
86000			-1491.351479			5.282550
87000			-1506.528359			4.779825
88000			-1493.248589			4.324943
89000			-1495.145699			3.913350
90000			-1495.145699			3.540928
91000			-1502.734139			3.203948
92000			-1504.631249			2.899038
93000			-1498.939919			2.623145
94000			-1498.939919			2.373508
95000			-1497.042809			2.147628
96000			-1489.454369			1.943244
97000			-1493.248589			1.758311
98000			-1479.936566			1.590978
99000			-1478.071710			1.439569
100000			-1478.071710			1.302570
101000			-1478.071710			1.178608
102000			-1478.071710			1.066443
103000			-1476.174600			0.964953
104000			-1472.380380			0.873121
105000			-1472.380380			0.790029
106000			-1470.483270			0.714844
107000			-1470.483270			0.646814
108000			-1468.586160			0.585259
109000			-1468.586160			0.529561
110000			-1466.689050			0.479165
111000			-1466.689050			0.433564
112000			-1466.689050			0.392303
113000			-1464.791940			0.354969
114000			-1464.791940			0.321187
115000			-1462.894830			0.290621
116000			-1460.997720			0.262963
117000			-1460.997720			0.237938
118000			-1460.997720			0.215294
119000			-1460.997720			0.194805
120000			-1460.997720			0.176266
121000			-1457.203500			0.159491
122000			-1457.203500			0.144313
123000			-1457.203500			0.130579
124000			-1457.203500			0.118152
125000			-1457.203500			0.106908
126000			-1457.203500			0.096734
127000			-1457.203500			0.087528
128000			-1457.203500			0.079198
129000			-1455.306390			0.071661
130000			-1455.306390			0.064841
131000			-1455.306390			0.058671
132000			-1455.306390			0.053087
133000			-1455.306390			0.048035
134000			-1455.306390			0.043464
135000			-1455.306390			0.039327
136000			-1455.306390			0.035585
137000			-1455.306390			0.032198
138000			-1455.306390			0.029134
139000			-1455.306390			0.026361
140000			-1455.306390			0.023853
141000			-1455.306390			0.021583
142000			-1455.306390			0.019529
143000			-1455.306390			0.017670
144000			-1455.306390			0.015989
145000			-1455.306390			0.014467
146000			-1455.306390			0.013090
147000			-1455.306390			0.011844
148000			-1455.306390			0.010717
149000			-1455.306390			0.009697
150000			-1455.306390			0.008774
151000			-1455.306390			0.007939
152000			-1455.306390			0.007184
153000			-1455.306390			0.006500
154000			-1455.306390			0.005882
155000			-1455.306390			0.005322
156000			-1455.306390			0.004815
157000			-1455.306390			0.004357
158000			-1455.306390			0.003942
159000			-1455.306390			0.003567
160000			-1455.306390			0.003228
161000			-1455.306390			0.002921
162000			-1455.306390			0.002643
163000			-1455.306390			0.002391
164000			-1455.306390			0.002164
165000			-1455.306390			0.001958
166000			-1455.306390			0.001771
167000			-1455.306390			0.001603
168000			-1455.306390			0.001450
169000			-1455.306390			0.001312
170000			-1455.306390			0.001187
171000			-1455.306390			0.001074
Iteration: 10
Step			Log-likelihood			Temperature
1			-24938.458924			99900.000000
1000			-20223.920400			36769.542477
2000			-19599.835722			23501.721022
3000			-22559.506359			21265.130236
4000			-22564.693313			19241.389323
5000			-24412.499014			17410.241977
6000			-20892.793890			15753.359626
7000			-24626.576323			14254.157974
8000			-23051.696433			12897.631004
9000			-20869.043452			11670.200782
10000			-21128.841863			10559.581542
11000			-23334.166461			9554.656721
12000			-21791.985931			8645.367688
13000			-22679.965475			7822.613061
14000			-24957.860996			7078.157611
15000			-23934.222099			6404.549832
16000			-22262.316837			5795.047357
17000			-22655.851353			5243.549468
18000			-23696.971855			4744.536038
19000			-23120.631621			4293.012272
20000			-22880.135464			3884.458716
21000			-21541.060256			3514.786020
22000			-21684.246599			3180.294005
23000			-15704.180287			2877.634626
24000			-23022.503795			2603.778466
25000			-22467.456903			2355.984403
26000			-19695.840664			2131.772185
27000			-21569.141543			1928.897594
28000			-20239.408135			1745.329992
29000			-18838.804337			1579.231987
30000			-19827.955203			1428.941048
31000			-18676.432799			1292.952863
32000			-20833.869203			1169.906280
33000			-16578.498861			1058.569685
34000			-15723.262884			957.828671
35000			-15965.116463			866.674888
36000			-16156.196840			784.195947
37000			-15595.200591			709.566288
38000			-19051.441923			642.038917
39000			-12619.432462			580.937931
40000			-15265.830545			525.651749
41000			-17075.418502			475.626993
42000			-14253.858750			430.362949
43000			-12892.929937			389.406552
44000			-13548.957687			352.347857
45000			-11983.751029			318.815931
46000			-11619.285977			288.475142
47000			-12915.361045			261.021797
48000			-11123.248855			236.181108
49000			-10574.268656			213.704435
50000			-13107.930915			193.366803
51000			-11135.604955			174.964643
52000			-9733.221382			158.313765
53000			-10377.265337			143.247502
54000			-9760.549164			129.615051
55000			-9632.868073			117.279962
56000			-8429.235341			106.118767
57000			-7141.264767			96.019751
58000			-6869.494239			86.881830
59000			-5993.841599			78.613537
60000			-5118.608253			71.132114
61000			-5164.423334			64.362677
62000			-4337.127953			58.237467
63000			-4843.946599			52.695176
64000			-4345.619487			47.680328
65000			-4043.243011			43.142730
66000			-3899.578706			39.036961
67000			-3310.545102			35.321926
68000			-3033.728311			31.960441
69000			-2912.281019			28.918858
70000			-2696.526535			26.166734
71000			-2597.876816			23.676522
72000			-2351.413784			21.423296
73000			-2283.117825			19.384503
74000			-2161.638279			17.539736
75000			-2189.998169			15.870530
76000			-2226.043259			14.360177
77000			-2169.097706			12.993561
78000			-2093.213306			11.757001
79000			-2115.946373			10.638121
80000			-1890.674085			9.625722
81000			-1898.262525			8.709670
82000			-1902.056745			7.880796
83000			-1902.056745			7.130803
84000			-1898.262525			6.452185
85000			-1848.937665			5.838150
86000			-1848.937665			5.282550
87000			-1850.834775			4.779825
88000			-1843.246335			4.324943
89000			-1837.555005			3.913350
90000			-1822.378126			3.540928
91000			-1782.538816			3.203948
92000			-1790.127256			2.899038
93000			-1773.117773			2.623145
94000			-1765.561586			2.373508
95000			-1775.047136			2.147628
96000			-1769.355806			1.943244
97000			-1642.571971			1.758311
98000			-1638.777751			1.590978
99000			-1642.571971			1.439569
100000			-1642.571971			1.302570
101000			-1634.983531			1.178608
102000			-1634.983531			1.066443
103000			-1634.983531			0.964953
104000			-1528.745372			0.873121
105000			-1528.745372			0.790029
106000			-1528.745372			0.714844
107000			-1528.745372			0.646814
108000			-1530.642482			0.585259
109000			-1530.642482			0.529561
110000			-1528.745372			0.479165
111000			-1528.745372			0.433564
112000			-1528.745372			0.392303
113000			-1528.745372			0.354969
114000			-1528.745372			0.321187
115000			-1528.745372			0.290621
116000			-1528.745372			0.262963
117000			-1528.745372			0.237938
118000			-1528.745372			0.215294
119000			-1526.848262			0.194805
120000			-1526.848262			0.176266
121000			-1524.951152			0.159491
122000			-1524.951152			0.144313
123000			-1524.951152			0.130579
124000			-1524.951152			0.118152
125000			-1524.951152			0.106908
126000			-1524.951152			0.096734
127000			-1524.951152			0.087528
128000			-1524.951152			0.079198
129000			-1524.951152			0.071661
130000			-1524.951152			0.064841
131000			-1524.951152			0.058671
132000			-1524.951152			0.053087
133000			-1524.951152			0.048035
134000			-1524.951152			0.043464
135000			-1524.951152			0.039327
136000			-1524.951152			0.035585
137000			-1524.951152			0.032198
138000			-1524.951152			0.029134
139000			-1524.951152			0.026361
140000			-1523.054042			0.023853
141000			-1523.054042			0.021583
142000			-1523.054042			0.019529
143000			-1523.054042			0.017670
144000			-1523.054042			0.015989
145000			-1523.054042			0.014467
146000			-1523.054042			0.013090
147000			-1523.054042			0.011844
148000			-1523.054042			0.010717
149000			-1523.054042			0.009697
150000			-1523.054042			0.008774
151000			-1523.054042			0.007939
152000			-1523.054042			0.007184
153000			-1523.054042			0.006500
154000			-1523.054042			0.005882
155000			-1523.054042			0.005322
156000			-1521.156932			0.004815
157000			-1521.156932			0.004357
158000			-1521.156932			0.003942
159000			-1521.156932			0.003567
160000			-1521.156932			0.003228
161000			-1521.156932			0.002921
162000			-1521.156932			0.002643
163000			-1521.156932			0.002391
164000			-1521.156932			0.002164
165000			-1521.156932			0.001958
166000			-1521.156932			0.001771
167000			-1521.156932			0.001603
168000			-1521.156932			0.001450
169000			-1521.156932			0.001312
170000			-1521.156932			0.001187
171000			-1521.156932			0.001074

Maximum likelihood Tree found: -1428.746850
digraph g {
	"52" -> "53";
	"53" [label="3"];
	"51" -> "52";
	"52" [label="44"];
	"50" -> "51";
	"51" [label="39"];
	"49" -> "50";
	"50" [label="8"];
	"48" -> "49";
	"49" [label="36"];
	"47" -> "48";
	"48" [label="19"];
	"46" -> "47";
	"47" [label="28"];
	"45" -> "46";
	"46" [label="23"];
	"44" -> "45";
	"45" [label="48"];
	"42" -> "43";
	"43" [label="17"];
	"41" -> "42";
	"42" [label="21"];
	"40" -> "41";
	"41" [label="9"];
	"39" -> "40";
	"40" [color=indianred1, style=filled, label="27"];
	"40" [label="27"];
	"38" -> "39";
	"39" [label="2"];
	"37" -> "38";
	"38" [label="7"];
	"36" -> "37";
	"37" [label="31"];
	"35" -> "36";
	"36" [label="25"];
	"34" -> "35";
	"35" [label="26"];
	"33" -> "34";
	"34" [label="16"];
	"32" -> "33";
	"33" [label="12"];
	"31" -> "32";
	"32" [label="10"];
	"30" -> "31";
	"31" [color=indianred1, style=filled, label="33"];
	"31" [label="33"];
	"29" -> "30";
	"30" [label="20"];
	"27" -> "28";
	"28" [label="50"];
	"26" -> "27";
	"27" [label="40"];
	"25" -> "26";
	"26" [label="14"];
	"24" -> "25";
	"25" [label="13"];
	"23" -> "24";
	"24" [label="47"];
	"22" -> "23";
	"23" [color=indianred1, style=filled, label="34"];
	"23" [label="34"];
	"22" -> "29";
	"29" [label="49"];
	"21" -> "22";
	"22" [label="42"];
	"20" -> "21";
	"21" [label="24"];
	"19" -> "20";
	"20" [label="30"];
	"18" -> "19";
	"19" [label="6"];
	"17" -> "18";
	"18" [label="32"];
	"15" -> "16";
	"16" [label="11"];
	"14" -> "15";
	"15" [label="15"];
	"13" -> "14";
	"14" [label="18"];
	"12" -> "13";
	"13" [label="45"];
	"11" -> "12";
	"12" [label="46"];
	"11" -> "17";
	"17" [label="37"];
	"10" -> "11";
	"11" [label="27"];
	"8" -> "9";
	"9" [label="22"];
	"7" -> "8";
	"8" [label="1"];
	"6" -> "7";
	"7" [label="38"];
	"6" -> "10";
	"10" [label="34"];
	"5" -> "6";
	"6" [label="29"];
	"5" -> "44";
	"44" [label="41"];
	"4" -> "5";
	"5" [label="4"];
	"3" -> "4";
	"4" [label="5"];
	"2" -> "3";
	"3" [label="35"];
	"1" -> "2";
	"2" [label="33"];
	"0" -> "1";
	"1" [label="43"];
	"0" [label="germline"];
	labelloc="t";
	label="Confidence score: -1428.746850";
}
Best cell assignment:
14 34 16 53 23 48 9 23 6 6 27 23 16 43 43 23 53 42 53 9 53 53 33 52 15 14 23 28 9 23 13 2 16 34 51 48 34 53 16 53 49 27 27 53 28 15 46 6 43 34 43 27 16 28 4 49 28 33 6 34 28 5 6 28 52 12 8 43 49 49 34 34 16 6 26 23 8 8 21 8 22 53 27 6 34 49 43 27 43 34 8 34 23 43 43 43 23 23 6 27 53 7 49 43 9 53 28 53 53 52 27 9 15 16 49 52 22 53 51 28 49 8 43 27 41 9 28 43 49 47 9 33 34 23 48 43 21 16 23 43 6 53 34 34 34 16 6 20 49 5 16 43 49 43 9 34 43 23 43 6 39 5 5 53 28 53 6 31 53 5 6 42 6 40 20 52 8 41 34 23 6 9 43 9 23 28 43 15 23 48 23 49 47 23 23 9 32 27 53 43 23 53 52 47 43 52 5 49 6 5 6 53 49 52 14 21 42 53 16 7 48 49 27 6 9 24 43 28 8 23 23 16 6 33 34 49 42 27 9 42 43 53 34 23 16 27 28 6 19 28 
alpha: 0.150000
beta: 0.000010
gamma: 1.000000
delta: 0.887000
