Starting SASC.
Iteration: 1
Step			Log-likelihood			Temperature
1			-30097.055963			99900.000000
1000			-28242.802368			36769.542477
2000			-26924.026488			23501.721022
3000			-22857.244114			21265.130236
4000			-26214.390018			19241.389323
5000			-26928.562535			17410.241977
6000			-27231.009357			15753.359626
7000			-23377.741249			14254.157974
8000			-24499.109253			12897.631004
9000			-25202.550017			11670.200782
10000			-27061.753114			10559.581542
11000			-27164.287974			9554.656721
12000			-23214.460777			8645.367688
13000			-24617.504153			7822.613061
14000			-24666.436133			7078.157611
15000			-23255.126996			6404.549832
16000			-23021.448256			5795.047357
17000			-21890.327778			5243.549468
18000			-21771.498848			4744.536038
19000			-25562.646127			4293.012272
20000			-29045.139200			3884.458716
21000			-25973.720916			3514.786020
22000			-22983.148211			3180.294005
23000			-20170.121144			2877.634626
24000			-27507.890655			2603.778466
25000			-24517.977754			2355.984403
26000			-27490.236104			2131.772185
27000			-21716.884435			1928.897594
28000			-18294.752991			1745.329992
29000			-23730.559775			1579.231987
30000			-22156.410035			1428.941048
31000			-19992.777924			1292.952863
32000			-23259.850725			1169.906280
33000			-20886.777171			1058.569685
34000			-16649.272416			957.828671
35000			-19876.860695			866.674888
36000			-16189.828691			784.195947
37000			-12633.931947			709.566288
38000			-12893.979765			642.038917
39000			-12916.164524			580.937931
40000			-14027.249264			525.651749
41000			-13594.678992			475.626993
42000			-10519.058872			430.362949
43000			-13470.490163			389.406552
44000			-13086.684488			352.347857
45000			-10983.290833			318.815931
46000			-10405.161927			288.475142
47000			-8836.644849			261.021797
48000			-9057.128901			236.181108
49000			-9164.038542			213.704435
50000			-10205.475739			193.366803
51000			-9575.136687			174.964643
52000			-9227.461184			158.313765
53000			-8502.463211			143.247502
54000			-9453.973836			129.615051
55000			-8157.678834			117.279962
56000			-7534.432743			106.118767
57000			-6715.429537			96.019751
58000			-6694.652248			86.881830
59000			-6977.617755			78.613537
60000			-5995.941052			71.132114
61000			-5372.475027			64.362677
62000			-4397.624361			58.237467
63000			-3411.003994			52.695176
64000			-3621.647709			47.680328
65000			-3532.870581			43.142730
66000			-3641.038103			39.036961
67000			-3759.749698			35.321926
68000			-3406.248012			31.960441
69000			-3290.879090			28.918858
70000			-3256.795617			26.166734
71000			-3351.457596			23.676522
72000			-3199.592037			21.423296
73000			-3152.261048			19.384503
74000			-2932.615584			17.539736
75000			-2665.574623			15.870530
76000			-2546.056694			14.360177
77000			-2538.468254			12.993561
78000			-2439.818535			11.757001
79000			-2394.287895			10.638121
80000			-2300.077463			9.625722
81000			-2152.199645			8.709670
82000			-2123.872008			7.880796
83000			-1945.962964			7.130803
84000			-1879.564114			6.452185
85000			-1860.593014			5.838150
86000			-1883.358334			5.282550
87000			-1811.268155			4.779825
88000			-1773.325955			4.324943
89000			-1777.120175			3.913350
90000			-1775.223065			3.540928
91000			-1693.647336			3.203948
92000			-1691.750226			2.899038
93000			-1686.058896			2.623145
94000			-1689.853116			2.373508
95000			-1686.058896			2.147628
96000			-1687.956006			1.943244
97000			-1629.145596			1.758311
98000			-1617.762936			1.590978
99000			-1619.660046			1.439569
100000			-1621.557156			1.302570
101000			-1619.660046			1.178608
102000			-1619.660046			1.066443
103000			-1617.762936			0.964953
104000			-1613.968716			0.873121
105000			-1613.968716			0.790029
106000			-1615.865826			0.714844
107000			-1612.071606			0.646814
108000			-1610.174496			0.585259
109000			-1610.174496			0.529561
110000			-1610.174496			0.479165
111000			-1606.380276			0.433564
112000			-1608.277386			0.392303
113000			-1600.688946			0.354969
114000			-1598.791836			0.321187
115000			-1598.791836			0.290621
116000			-1598.791836			0.262963
117000			-1598.791836			0.237938
118000			-1598.791836			0.215294
119000			-1598.791836			0.194805
120000			-1598.791836			0.176266
121000			-1598.791836			0.159491
122000			-1598.791836			0.144313
123000			-1596.894726			0.130579
124000			-1596.894726			0.118152
125000			-1594.997616			0.106908
126000			-1594.997616			0.096734
127000			-1594.997616			0.087528
128000			-1594.997616			0.079198
129000			-1594.997616			0.071661
130000			-1594.997616			0.064841
131000			-1594.997616			0.058671
132000			-1594.997616			0.053087
133000			-1594.997616			0.048035
134000			-1594.997616			0.043464
135000			-1594.997616			0.039327
136000			-1594.997616			0.035585
137000			-1594.997616			0.032198
138000			-1594.997616			0.029134
139000			-1594.997616			0.026361
140000			-1594.997616			0.023853
141000			-1594.997616			0.021583
142000			-1594.997616			0.019529
143000			-1594.997616			0.017670
144000			-1594.997616			0.015989
145000			-1593.100506			0.014467
146000			-1593.100506			0.013090
147000			-1593.100506			0.011844
148000			-1593.100506			0.010717
149000			-1593.100506			0.009697
150000			-1593.100506			0.008774
151000			-1593.100506			0.007939
152000			-1593.100506			0.007184
153000			-1593.100506			0.006500
154000			-1593.100506			0.005882
155000			-1593.100506			0.005322
156000			-1593.100506			0.004815
157000			-1593.100506			0.004357
158000			-1593.100506			0.003942
159000			-1593.100506			0.003567
160000			-1593.100506			0.003228
161000			-1593.100506			0.002921
162000			-1593.100506			0.002643
163000			-1593.100506			0.002391
164000			-1593.100506			0.002164
165000			-1593.100506			0.001958
166000			-1593.100506			0.001771
167000			-1593.100506			0.001603
168000			-1593.100506			0.001450
169000			-1593.100506			0.001312
170000			-1593.100506			0.001187
171000			-1593.100506			0.001074
Iteration: 2
Step			Log-likelihood			Temperature
1			-29116.868754			99900.000000
1000			-27560.004041			36769.542477
2000			-28195.439126			23501.721022
3000			-24660.604112			21265.130236
4000			-21008.177474			19241.389323
5000			-26933.362449			17410.241977
6000			-23994.601172			15753.359626
7000			-26709.875775			14254.157974
8000			-27746.345952			12897.631004
9000			-27482.756103			11670.200782
10000			-26344.657218			10559.581542
11000			-27608.985791			9554.656721
12000			-23975.970123			8645.367688
13000			-24598.591721			7822.613061
14000			-23110.102211			7078.157611
15000			-21225.198737			6404.549832
16000			-25873.437953			5795.047357
17000			-27038.026032			5243.549468
18000			-25929.371973			4744.536038
19000			-25636.900341			4293.012272
20000			-28691.869128			3884.458716
21000			-26879.533795			3514.786020
22000			-24864.536067			3180.294005
23000			-22795.055721			2877.634626
24000			-23222.043378			2603.778466
25000			-21585.321262			2355.984403
26000			-24902.923975			2131.772185
27000			-20692.987512			1928.897594
28000			-23360.758180			1745.329992
29000			-26482.263727			1579.231987
30000			-27097.050537			1428.941048
31000			-23672.948579			1292.952863
32000			-14222.332117			1169.906280
33000			-23991.968073			1058.569685
34000			-18388.860824			957.828671
35000			-15380.938585			866.674888
36000			-17130.965408			784.195947
37000			-17577.636520			709.566288
38000			-16131.763167			642.038917
39000			-12039.969416			580.937931
40000			-11649.880172			525.651749
41000			-11996.098435			475.626993
42000			-12318.812330			430.362949
43000			-12522.163725			389.406552
44000			-10935.364546			352.347857
45000			-8941.824486			318.815931
46000			-9982.499280			288.475142
47000			-10936.346884			261.021797
48000			-10855.082010			236.181108
49000			-9381.904232			213.704435
50000			-8894.068363			193.366803
51000			-8934.063101			174.964643
52000			-7334.456275			158.313765
53000			-9194.418716			143.247502
54000			-8077.290640			129.615051
55000			-7400.984138			117.279962
56000			-7447.508793			106.118767
57000			-6820.254387			96.019751
58000			-7193.908869			86.881830
59000			-6567.680732			78.613537
60000			-6559.576238			71.132114
61000			-5096.174290			64.362677
62000			-5345.179499			58.237467
63000			-4839.650987			52.695176
64000			-4023.383479			47.680328
65000			-3805.189416			43.142730
66000			-3691.685351			39.036961
67000			-3620.046719			35.321926
68000			-3267.313275			31.960441
69000			-3157.248643			28.918858
70000			-3112.234057			26.166734
71000			-3039.176276			23.676522
72000			-2948.631051			21.423296
73000			-2673.937144			19.384503
74000			-2736.541773			17.539736
75000			-2510.785685			15.870530
76000			-2465.255045			14.360177
77000			-2436.798396			12.993561
78000			-2379.885096			11.757001
79000			-2322.971797			10.638121
80000			-2230.013407			9.625722
81000			-2180.688548			8.709670
82000			-2197.762538			7.880796
83000			-2104.804148			7.130803
84000			-2030.816859			6.452185
85000			-1954.932460			5.838150
86000			-1941.652690			5.282550
87000			-1945.446910			4.779825
88000			-1935.961360			4.324943
89000			-1926.475810			3.913350
90000			-1939.755580			3.540928
91000			-1934.064250			3.203948
92000			-1879.048060			2.899038
93000			-1858.244357			2.623145
94000			-1858.244357			2.373508
95000			-1856.347247			2.147628
96000			-1818.405047			1.943244
97000			-1786.154178			1.758311
98000			-1780.462848			1.590978
99000			-1778.565738			1.439569
100000			-1780.462848			1.302570
101000			-1740.623538			1.178608
102000			-1736.829318			1.066443
103000			-1733.035098			0.964953
104000			-1731.137988			0.873121
105000			-1731.137988			0.790029
106000			-1731.137988			0.714844
107000			-1729.240878			0.646814
108000			-1729.240878			0.585259
109000			-1731.137988			0.529561
110000			-1727.343768			0.479165
111000			-1725.446658			0.433564
112000			-1721.652438			0.392303
113000			-1721.652438			0.354969
114000			-1660.944919			0.321187
115000			-1659.047809			0.290621
116000			-1659.047809			0.262963
117000			-1659.047809			0.237938
118000			-1659.047809			0.215294
119000			-1659.047809			0.194805
120000			-1659.047809			0.176266
121000			-1659.047809			0.159491
122000			-1659.047809			0.144313
123000			-1657.150699			0.130579
124000			-1657.150699			0.118152
125000			-1657.150699			0.106908
126000			-1657.150699			0.096734
127000			-1657.150699			0.087528
128000			-1657.150699			0.079198
129000			-1657.150699			0.071661
130000			-1657.150699			0.064841
131000			-1657.150699			0.058671
132000			-1657.150699			0.053087
133000			-1657.150699			0.048035
134000			-1657.150699			0.043464
135000			-1657.150699			0.039327
136000			-1657.150699			0.035585
137000			-1657.150699			0.032198
138000			-1657.150699			0.029134
139000			-1657.150699			0.026361
140000			-1657.150699			0.023853
141000			-1657.150699			0.021583
142000			-1657.150699			0.019529
143000			-1657.150699			0.017670
144000			-1657.150699			0.015989
145000			-1657.150699			0.014467
146000			-1657.150699			0.013090
147000			-1657.150699			0.011844
148000			-1657.150699			0.010717
149000			-1657.150699			0.009697
150000			-1657.150699			0.008774
151000			-1657.150699			0.007939
152000			-1657.150699			0.007184
153000			-1657.150699			0.006500
154000			-1657.150699			0.005882
155000			-1657.150699			0.005322
156000			-1657.150699			0.004815
157000			-1657.150699			0.004357
158000			-1657.150699			0.003942
159000			-1657.150699			0.003567
160000			-1657.150699			0.003228
161000			-1657.150699			0.002921
162000			-1657.150699			0.002643
163000			-1657.150699			0.002391
164000			-1657.150699			0.002164
165000			-1657.150699			0.001958
166000			-1657.150699			0.001771
167000			-1657.150699			0.001603
168000			-1657.150699			0.001450
169000			-1657.150699			0.001312
170000			-1657.150699			0.001187
171000			-1657.150699			0.001074
Iteration: 3
Step			Log-likelihood			Temperature
1			-30021.365084			99900.000000
1000			-23661.000095			36769.542477
2000			-27347.269696			23501.721022
3000			-25969.636416			21265.130236
4000			-26020.761625			19241.389323
5000			-27671.423315			17410.241977
6000			-24488.494835			15753.359626
7000			-25021.016916			14254.157974
8000			-25363.599168			12897.631004
9000			-26975.318803			11670.200782
10000			-27622.045627			10559.581542
11000			-22490.881953			9554.656721
12000			-21694.966600			8645.367688
13000			-27191.246232			7822.613061
14000			-22395.947210			7078.157611
15000			-27738.994964			6404.549832
16000			-23377.691479			5795.047357
17000			-28430.255631			5243.549468
18000			-25139.068708			4744.536038
19000			-27756.922278			4293.012272
20000			-28183.100543			3884.458716
21000			-18886.736389			3514.786020
22000			-25209.449458			3180.294005
23000			-27733.957599			2877.634626
24000			-23269.981342			2603.778466
25000			-24028.115762			2355.984403
26000			-18770.033400			2131.772185
27000			-19863.102963			1928.897594
28000			-24498.071306			1745.329992
29000			-18781.679926			1579.231987
30000			-26168.956138			1428.941048
31000			-21311.574380			1292.952863
32000			-17559.480652			1169.906280
33000			-17556.255314			1058.569685
34000			-21799.641861			957.828671
35000			-15541.322093			866.674888
36000			-15312.299517			784.195947
37000			-14863.437956			709.566288
38000			-12028.677677			642.038917
39000			-16939.157940			580.937931
40000			-12621.666768			525.651749
41000			-13881.579411			475.626993
42000			-15018.924790			430.362949
43000			-9863.852192			389.406552
44000			-10928.215975			352.347857
45000			-11677.067263			318.815931
46000			-9287.215839			288.475142
47000			-9934.555476			261.021797
48000			-10211.741790			236.181108
49000			-10448.719272			213.704435
50000			-8002.884057			193.366803
51000			-9705.612143			174.964643
52000			-9129.928655			158.313765
53000			-9212.284304			143.247502
54000			-8264.013753			129.615051
55000			-8016.615374			117.279962
56000			-7433.745222			106.118767
57000			-6114.142432			96.019751
58000			-5774.984878			86.881830
59000			-5653.537585			78.613537
60000			-5530.483463			71.132114
61000			-6029.578817			64.362677
62000			-5389.968311			58.237467
63000			-5015.915110			52.695176
64000			-3788.786908			47.680328
65000			-3576.181577			43.142730
66000			-3758.013855			39.036961
67000			-3534.445157			35.321926
68000			-3287.627339			31.960441
69000			-3389.555224			28.918858
70000			-3147.402467			26.166734
71000			-3132.322347			23.676522
72000			-2806.503230			21.423296
73000			-2827.306933			19.384503
74000			-2490.459944			17.539736
75000			-2399.463171			15.870530
76000			-2424.093347			14.360177
77000			-2408.916468			12.993561
78000			-2253.772743			11.757001
79000			-2181.650310			10.638121
80000			-2132.293197			9.625722
81000			-1907.053163			8.709670
82000			-1748.147471			7.880796
83000			-1746.250361			7.130803
84000			-1742.456141			6.452185
85000			-1742.456141			5.838150
86000			-1742.456141			5.282550
87000			-1530.100352			4.779825
88000			-1528.203242			4.324943
89000			-1545.277232			3.913350
90000			-1537.688792			3.540928
91000			-1524.409022			3.203948
92000			-1530.100352			2.899038
93000			-1531.997462			2.623145
94000			-1514.923472			2.373508
95000			-1513.026362			2.147628
96000			-1507.335032			1.943244
97000			-1499.746592			1.758311
98000			-1509.232142			1.590978
99000			-1507.335032			1.439569
100000			-1505.437922			1.302570
101000			-1509.232142			1.178608
102000			-1505.437922			1.066443
103000			-1507.335032			0.964953
104000			-1503.540812			0.873121
105000			-1499.746592			0.790029
106000			-1497.849482			0.714844
107000			-1497.849482			0.646814
108000			-1497.849482			0.585259
109000			-1494.055262			0.529561
110000			-1494.055262			0.479165
111000			-1494.055262			0.433564
112000			-1494.055262			0.392303
113000			-1494.055262			0.354969
114000			-1492.158152			0.321187
115000			-1490.261042			0.290621
116000			-1488.363932			0.262963
117000			-1488.363932			0.237938
118000			-1488.363932			0.215294
119000			-1488.363932			0.194805
120000			-1488.363932			0.176266
121000			-1488.363932			0.159491
122000			-1488.363932			0.144313
123000			-1488.363932			0.130579
124000			-1488.363932			0.118152
125000			-1488.363932			0.106908
126000			-1488.363932			0.096734
127000			-1488.363932			0.087528
128000			-1488.363932			0.079198
129000			-1488.363932			0.071661
130000			-1488.363932			0.064841
131000			-1488.363932			0.058671
132000			-1488.363932			0.053087
133000			-1488.363932			0.048035
134000			-1488.363932			0.043464
135000			-1488.363932			0.039327
136000			-1488.363932			0.035585
137000			-1488.363932			0.032198
138000			-1488.363932			0.029134
139000			-1488.363932			0.026361
140000			-1488.363932			0.023853
141000			-1488.363932			0.021583
142000			-1488.363932			0.019529
143000			-1488.363932			0.017670
144000			-1488.363932			0.015989
145000			-1488.363932			0.014467
146000			-1488.363932			0.013090
147000			-1488.363932			0.011844
148000			-1488.363932			0.010717
149000			-1488.363932			0.009697
150000			-1488.363932			0.008774
151000			-1488.363932			0.007939
152000			-1488.363932			0.007184
153000			-1488.363932			0.006500
154000			-1488.363932			0.005882
155000			-1488.363932			0.005322
156000			-1488.363932			0.004815
157000			-1488.363932			0.004357
158000			-1488.363932			0.003942
159000			-1488.363932			0.003567
160000			-1488.363932			0.003228
161000			-1488.363932			0.002921
162000			-1488.363932			0.002643
163000			-1488.363932			0.002391
164000			-1488.363932			0.002164
165000			-1488.363932			0.001958
166000			-1488.363932			0.001771
167000			-1488.363932			0.001603
168000			-1488.363932			0.001450
169000			-1488.363932			0.001312
170000			-1488.363932			0.001187
171000			-1488.363932			0.001074
Iteration: 4
Step			Log-likelihood			Temperature
1			-29065.808051			99900.000000
1000			-23226.374227			36769.542477
2000			-21089.806032			23501.721022
3000			-28985.844990			21265.130236
4000			-25855.320177			19241.389323
5000			-28229.006545			17410.241977
6000			-27147.574610			15753.359626
7000			-27023.585140			14254.157974
8000			-28327.946544			12897.631004
9000			-27360.863102			11670.200782
10000			-26804.482144			10559.581542
11000			-23997.938005			9554.656721
12000			-27736.499776			8645.367688
13000			-26753.931657			7822.613061
14000			-27450.138768			7078.157611
15000			-25119.253181			6404.549832
16000			-21951.624755			5795.047357
17000			-29266.532186			5243.549468
18000			-27449.687220			4744.536038
19000			-21985.423787			4293.012272
20000			-25119.871834			3884.458716
21000			-21249.635393			3514.786020
22000			-26890.180466			3180.294005
23000			-24839.281398			2877.634626
24000			-20515.955147			2603.778466
25000			-23817.820995			2355.984403
26000			-17259.705021			2131.772185
27000			-22283.501667			1928.897594
28000			-19598.340314			1745.329992
29000			-21822.342674			1579.231987
30000			-24570.627769			1428.941048
31000			-16930.173708			1292.952863
32000			-20442.827021			1169.906280
33000			-16270.351737			1058.569685
34000			-15786.242801			957.828671
35000			-16595.373417			866.674888
36000			-18636.194696			784.195947
37000			-17446.196521			709.566288
38000			-19080.446805			642.038917
39000			-21108.595290			580.937931
40000			-14046.293768			525.651749
41000			-12400.382221			475.626993
42000			-11284.462256			430.362949
43000			-12591.227926			389.406552
44000			-11495.833062			352.347857
45000			-14878.576744			318.815931
46000			-10008.413752			288.475142
47000			-11025.085920			261.021797
48000			-10925.685476			236.181108
49000			-8952.078278			213.704435
50000			-8935.713862			193.366803
51000			-9793.905471			174.964643
52000			-7903.369336			158.313765
53000			-8815.034812			143.247502
54000			-8196.137087			129.615051
55000			-7693.784143			117.279962
56000			-6937.875206			106.118767
57000			-7191.126182			96.019751
58000			-6177.462475			86.881830
59000			-6062.867634			78.613537
60000			-5883.545280			71.132114
61000			-6320.062418			64.362677
62000			-5914.183481			58.237467
63000			-5821.773399			52.695176
64000			-5085.120003			47.680328
65000			-4618.043906			43.142730
66000			-4051.872382			39.036961
67000			-3724.349676			35.321926
68000			-3555.603647			31.960441
69000			-3642.257892			28.918858
70000			-3559.397867			26.166734
71000			-3029.464953			23.676522
72000			-2875.637777			21.423296
73000			-2646.700283			19.384503
74000			-2675.060173			17.539736
75000			-2525.672285			15.870530
76000			-2596.794863			14.360177
77000			-2407.599918			12.993561
78000			-2354.480839			11.757001
79000			-2363.966389			10.638121
80000			-2238.757130			9.625722
81000			-2087.343118			8.709670
82000			-2106.378725			7.880796
83000			-2036.185655			7.130803
84000			-2021.041029			6.452185
85000			-1862.038577			5.838150
86000			-1837.376147			5.282550
87000			-1856.347247			4.779825
88000			-1816.507937			4.324943
89000			-1797.536838			3.913350
90000			-1793.742618			3.540928
91000			-1801.331058			3.203948
92000			-1755.800418			2.899038
93000			-1752.006198			2.623145
94000			-1746.314868			2.373508
95000			-1742.520648			2.147628
96000			-1742.520648			1.943244
97000			-1742.520648			1.758311
98000			-1746.314868			1.590978
99000			-1740.623538			1.439569
100000			-1733.035098			1.302570
101000			-1734.932208			1.178608
102000			-1734.932208			1.066443
103000			-1733.035098			0.964953
104000			-1727.343768			0.873121
105000			-1727.343768			0.790029
106000			-1727.343768			0.714844
107000			-1725.446658			0.646814
108000			-1721.652438			0.585259
109000			-1721.652438			0.529561
110000			-1721.652438			0.479165
111000			-1721.652438			0.433564
112000			-1721.652438			0.392303
113000			-1719.755328			0.354969
114000			-1719.755328			0.321187
115000			-1719.755328			0.290621
116000			-1653.356479			0.262963
117000			-1653.356479			0.237938
118000			-1653.356479			0.215294
119000			-1653.356479			0.194805
120000			-1596.443179			0.176266
121000			-1596.443179			0.159491
122000			-1596.443179			0.144313
123000			-1596.443179			0.130579
124000			-1596.443179			0.118152
125000			-1596.443179			0.106908
126000			-1596.443179			0.096734
127000			-1596.443179			0.087528
128000			-1596.443179			0.079198
129000			-1596.443179			0.071661
130000			-1596.443179			0.064841
131000			-1596.443179			0.058671
132000			-1596.443179			0.053087
133000			-1596.443179			0.048035
134000			-1596.443179			0.043464
135000			-1596.443179			0.039327
136000			-1596.443179			0.035585
137000			-1596.443179			0.032198
138000			-1596.443179			0.029134
139000			-1596.443179			0.026361
140000			-1596.443179			0.023853
141000			-1596.443179			0.021583
142000			-1596.443179			0.019529
143000			-1596.443179			0.017670
144000			-1596.443179			0.015989
145000			-1596.443179			0.014467
146000			-1596.443179			0.013090
147000			-1594.546069			0.011844
148000			-1594.546069			0.010717
149000			-1594.546069			0.009697
150000			-1594.546069			0.008774
151000			-1594.546069			0.007939
152000			-1594.546069			0.007184
153000			-1594.546069			0.006500
154000			-1594.546069			0.005882
155000			-1594.546069			0.005322
156000			-1594.546069			0.004815
157000			-1594.546069			0.004357
158000			-1594.546069			0.003942
159000			-1594.546069			0.003567
160000			-1594.546069			0.003228
161000			-1594.546069			0.002921
162000			-1594.546069			0.002643
163000			-1594.546069			0.002391
164000			-1594.546069			0.002164
165000			-1594.546069			0.001958
166000			-1594.546069			0.001771
167000			-1594.546069			0.001603
168000			-1594.546069			0.001450
169000			-1594.546069			0.001312
170000			-1594.546069			0.001187
171000			-1594.546069			0.001074
Iteration: 5
Step			Log-likelihood			Temperature
1			-27828.000925			99900.000000
1000			-23563.194802			36769.542477
2000			-25420.905347			23501.721022
3000			-23452.936650			21265.130236
4000			-27014.067337			19241.389323
5000			-25555.465303			17410.241977
6000			-22601.972854			15753.359626
7000			-27009.880238			14254.157974
8000			-28389.460398			12897.631004
9000			-24151.099538			11670.200782
10000			-24350.645035			10559.581542
11000			-22793.243693			9554.656721
12000			-23051.781441			8645.367688
13000			-28462.614939			7822.613061
14000			-25871.309230			7078.157611
15000			-26636.413437			6404.549832
16000			-22068.354158			5795.047357
17000			-23881.050117			5243.549468
18000			-27150.040603			4744.536038
19000			-25632.686827			4293.012272
20000			-23386.731320			3884.458716
21000			-26526.504232			3514.786020
22000			-20717.564859			3180.294005
23000			-26718.156272			2877.634626
24000			-25976.908161			2603.778466
25000			-19689.841463			2355.984403
26000			-25195.445378			2131.772185
27000			-21036.015471			1928.897594
28000			-18128.329206			1745.329992
29000			-20948.420039			1579.231987
30000			-18318.400830			1428.941048
31000			-24277.044786			1292.952863
32000			-21043.454322			1169.906280
33000			-20708.196645			1058.569685
34000			-14675.785335			957.828671
35000			-17482.323634			866.674888
36000			-14738.651049			784.195947
37000			-11112.476154			709.566288
38000			-14695.507159			642.038917
39000			-13705.637822			580.937931
40000			-11908.725718			525.651749
41000			-10816.189726			475.626993
42000			-12810.105149			430.362949
43000			-11481.263157			389.406552
44000			-10548.330753			352.347857
45000			-10672.029943			318.815931
46000			-10633.040899			288.475142
47000			-11772.767189			261.021797
48000			-10691.898298			236.181108
49000			-10845.564207			213.704435
50000			-8549.116880			193.366803
51000			-9869.924723			174.964643
52000			-7827.575857			158.313765
53000			-7014.651022			143.247502
54000			-9201.200822			129.615051
55000			-6804.238919			117.279962
56000			-7360.350172			106.118767
57000			-5842.706115			96.019751
58000			-6501.894696			86.881830
59000			-6108.489194			78.613537
60000			-5036.756906			71.132114
61000			-4707.079062			64.362677
62000			-5113.990108			58.237467
63000			-4782.989876			52.695176
64000			-4759.902022			47.680328
65000			-3629.332910			43.142730
66000			-3574.090946			39.036961
67000			-3494.928381			35.321926
68000			-3031.781357			31.960441
69000			-2867.920324			28.918858
70000			-2673.324330			26.166734
71000			-2569.080041			23.676522
72000			-2508.211254			21.423296
73000			-2271.846587			19.384503
74000			-2049.852466			17.539736
75000			-2118.212932			15.870530
76000			-2080.335239			14.360177
77000			-1911.814984			12.993561
78000			-1892.843884			11.757001
79000			-1875.769894			10.638121
80000			-1828.342145			9.625722
81000			-1799.885495			8.709670
82000			-1773.325955			7.880796
83000			-1807.473935			7.130803
84000			-1805.576825			6.452185
85000			-1779.017285			5.838150
86000			-1771.428845			5.282550
87000			-1775.223065			4.779825
88000			-1682.264676			4.324943
89000			-1676.573346			3.913350
90000			-1676.573346			3.540928
91000			-1665.190686			3.203948
92000			-1667.087796			2.899038
93000			-1668.984906			2.623145
94000			-1674.676236			2.373508
95000			-1670.882016			2.147628
96000			-1663.293576			1.943244
97000			-1663.293576			1.758311
98000			-1668.984906			1.590978
99000			-1663.293576			1.439569
100000			-1657.602246			1.302570
101000			-1665.190686			1.178608
102000			-1663.293576			1.066443
103000			-1661.396466			0.964953
104000			-1651.910916			0.873121
105000			-1651.910916			0.790029
106000			-1651.910916			0.714844
107000			-1648.116696			0.646814
108000			-1648.116696			0.585259
109000			-1648.116696			0.529561
110000			-1648.116696			0.479165
111000			-1648.116696			0.433564
112000			-1646.219586			0.392303
113000			-1646.219586			0.354969
114000			-1644.322476			0.321187
115000			-1642.425366			0.290621
116000			-1642.425366			0.262963
117000			-1642.425366			0.237938
118000			-1640.528256			0.215294
119000			-1640.528256			0.194805
120000			-1640.528256			0.176266
121000			-1640.528256			0.159491
122000			-1640.528256			0.144313
123000			-1640.528256			0.130579
124000			-1640.528256			0.118152
125000			-1640.528256			0.106908
126000			-1640.528256			0.096734
127000			-1638.631146			0.087528
128000			-1638.631146			0.079198
129000			-1638.631146			0.071661
130000			-1539.981427			0.064841
131000			-1539.981427			0.058671
132000			-1539.981427			0.053087
133000			-1539.981427			0.048035
134000			-1539.981427			0.043464
135000			-1539.981427			0.039327
136000			-1539.981427			0.035585
137000			-1539.981427			0.032198
138000			-1539.981427			0.029134
139000			-1539.981427			0.026361
140000			-1539.981427			0.023853
141000			-1539.981427			0.021583
142000			-1539.981427			0.019529
143000			-1539.981427			0.017670
144000			-1539.981427			0.015989
145000			-1539.981427			0.014467
146000			-1539.981427			0.013090
147000			-1539.981427			0.011844
148000			-1539.981427			0.010717
149000			-1539.981427			0.009697
150000			-1539.981427			0.008774
151000			-1539.981427			0.007939
152000			-1539.981427			0.007184
153000			-1539.981427			0.006500
154000			-1539.981427			0.005882
155000			-1539.981427			0.005322
156000			-1539.981427			0.004815
157000			-1539.981427			0.004357
158000			-1539.981427			0.003942
159000			-1539.981427			0.003567
160000			-1539.981427			0.003228
161000			-1539.981427			0.002921
162000			-1539.981427			0.002643
163000			-1539.981427			0.002391
164000			-1539.981427			0.002164
165000			-1539.981427			0.001958
166000			-1539.981427			0.001771
167000			-1539.981427			0.001603
168000			-1539.981427			0.001450
169000			-1539.981427			0.001312
170000			-1539.981427			0.001187
171000			-1539.981427			0.001074
Iteration: 6
Step			Log-likelihood			Temperature
1			-28784.074011			99900.000000
1000			-26952.069683			36769.542477
2000			-21435.692863			23501.721022
3000			-22163.036712			21265.130236
4000			-24599.333549			19241.389323
5000			-21109.304864			17410.241977
6000			-21008.198049			15753.359626
7000			-26363.590225			14254.157974
8000			-25974.415754			12897.631004
9000			-24274.109729			11670.200782
10000			-28805.502206			10559.581542
11000			-27348.597923			9554.656721
12000			-25231.640056			8645.367688
13000			-25692.502930			7822.613061
14000			-28644.124683			7078.157611
15000			-25251.716668			6404.549832
16000			-27305.829395			5795.047357
17000			-28607.680875			5243.549468
18000			-27064.353959			4744.536038
19000			-22626.667537			4293.012272
20000			-22355.005447			3884.458716
21000			-27663.893543			3514.786020
22000			-26023.491484			3180.294005
23000			-16902.602635			2877.634626
24000			-23596.993834			2603.778466
25000			-28338.103576			2355.984403
26000			-24495.889755			2131.772185
27000			-24441.017315			1928.897594
28000			-18328.786694			1745.329992
29000			-20789.306091			1579.231987
30000			-23955.439183			1428.941048
31000			-17624.504284			1292.952863
32000			-15967.151410			1169.906280
33000			-20510.117286			1058.569685
34000			-17167.080843			957.828671
35000			-22931.999646			866.674888
36000			-16700.166013			784.195947
37000			-17203.152347			709.566288
38000			-15316.345925			642.038917
39000			-13152.045391			580.937931
40000			-15501.183606			525.651749
41000			-14087.907013			475.626993
42000			-12525.828931			430.362949
43000			-12514.343672			389.406552
44000			-12031.149509			352.347857
45000			-10960.762965			318.815931
46000			-11354.699257			288.475142
47000			-11718.483929			261.021797
48000			-8792.043718			236.181108
49000			-8542.856667			213.704435
50000			-9067.060159			193.366803
51000			-8011.058897			174.964643
52000			-10433.011602			158.313765
53000			-8382.640266			143.247502
54000			-8216.075788			129.615051
55000			-7599.289270			117.279962
56000			-7448.960195			106.118767
57000			-6172.662561			96.019751
58000			-5935.265786			86.881830
59000			-5574.116993			78.613537
60000			-4928.589383			71.132114
61000			-4765.824965			64.362677
62000			-5128.398746			58.237467
63000			-4521.710591			52.695176
64000			-4337.245214			47.680328
65000			-4032.358814			43.142730
66000			-4110.618285			39.036961
67000			-3980.330510			35.321926
68000			-3655.537662			31.960441
69000			-3555.023086			28.918858
70000			-3375.410452			26.166734
71000			-3445.184227			23.676522
72000			-3541.453036			21.423296
73000			-3142.001417			19.384503
74000			-2802.934784			17.539736
75000			-2683.416855			15.870530
76000			-2624.767712			14.360177
77000			-2582.805519			12.993561
78000			-2493.899376			11.757001
79000			-2266.891246			10.638121
80000			-2242.228816			9.625722
81000			-2236.537486			8.709670
82000			-2198.692046			7.880796
83000			-2167.150751			7.130803
84000			-2057.118372			6.452185
85000			-1970.109339			5.838150
86000			-1761.943295			5.282550
87000			-1667.087796			4.779825
88000			-1646.219586			4.324943
89000			-1640.528256			3.913350
90000			-1644.322476			3.540928
91000			-1651.910916			3.203948
92000			-1644.322476			2.899038
93000			-1653.808026			2.623145
94000			-1638.631146			2.373508
95000			-1632.939816			2.147628
96000			-1638.631146			1.943244
97000			-1629.145596			1.758311
98000			-1629.145596			1.590978
99000			-1631.042706			1.439569
100000			-1632.939816			1.302570
101000			-1636.734036			1.178608
102000			-1627.248486			1.066443
103000			-1627.248486			0.964953
104000			-1625.351376			0.873121
105000			-1623.454266			0.790029
106000			-1621.557156			0.714844
107000			-1619.660046			0.646814
108000			-1619.660046			0.585259
109000			-1615.865826			0.529561
110000			-1615.865826			0.479165
111000			-1555.158307			0.433564
112000			-1553.261197			0.392303
113000			-1553.261197			0.354969
114000			-1553.261197			0.321187
115000			-1553.261197			0.290621
116000			-1551.364087			0.262963
117000			-1551.364087			0.237938
118000			-1549.466977			0.215294
119000			-1549.466977			0.194805
120000			-1549.466977			0.176266
121000			-1549.466977			0.159491
122000			-1549.466977			0.144313
123000			-1549.466977			0.130579
124000			-1549.466977			0.118152
125000			-1549.466977			0.106908
126000			-1549.466977			0.096734
127000			-1549.466977			0.087528
128000			-1549.466977			0.079198
129000			-1549.466977			0.071661
130000			-1549.466977			0.064841
131000			-1549.466977			0.058671
132000			-1549.466977			0.053087
133000			-1549.466977			0.048035
134000			-1547.569867			0.043464
135000			-1547.569867			0.039327
136000			-1547.569867			0.035585
137000			-1547.569867			0.032198
138000			-1547.569867			0.029134
139000			-1547.569867			0.026361
140000			-1547.569867			0.023853
141000			-1547.569867			0.021583
142000			-1547.569867			0.019529
143000			-1547.569867			0.017670
144000			-1547.569867			0.015989
145000			-1547.569867			0.014467
146000			-1547.569867			0.013090
147000			-1547.569867			0.011844
148000			-1547.569867			0.010717
149000			-1547.569867			0.009697
150000			-1547.569867			0.008774
151000			-1547.569867			0.007939
152000			-1547.569867			0.007184
153000			-1547.569867			0.006500
154000			-1547.569867			0.005882
155000			-1547.569867			0.005322
156000			-1547.569867			0.004815
157000			-1547.569867			0.004357
158000			-1545.672757			0.003942
159000			-1545.672757			0.003567
160000			-1545.672757			0.003228
161000			-1545.672757			0.002921
162000			-1545.672757			0.002643
163000			-1545.672757			0.002391
164000			-1545.672757			0.002164
165000			-1545.672757			0.001958
166000			-1545.672757			0.001771
167000			-1545.672757			0.001603
168000			-1545.672757			0.001450
169000			-1545.672757			0.001312
170000			-1545.672757			0.001187
171000			-1545.672757			0.001074
Iteration: 7
Step			Log-likelihood			Temperature
1			-28747.448361			99900.000000
1000			-25504.340093			36769.542477
2000			-27553.034254			23501.721022
3000			-28546.436726			21265.130236
4000			-25177.650136			19241.389323
5000			-29932.669979			17410.241977
6000			-28656.463266			15753.359626
7000			-26331.157513			14254.157974
8000			-28736.561179			12897.631004
9000			-25327.430903			11670.200782
10000			-28556.212556			10559.581542
11000			-27653.290803			9554.656721
12000			-24644.922856			8645.367688
13000			-23887.685692			7822.613061
14000			-26892.367857			7078.157611
15000			-28020.491552			6404.549832
16000			-27501.586511			5795.047357
17000			-25293.326855			5243.549468
18000			-27076.091406			4744.536038
19000			-27196.846641			4293.012272
20000			-25774.814648			3884.458716
21000			-25137.998507			3514.786020
22000			-25937.637734			3180.294005
23000			-16051.700288			2877.634626
24000			-24523.636831			2603.778466
25000			-25076.484653			2355.984403
26000			-22036.513685			2131.772185
27000			-17096.747082			1928.897594
28000			-21576.002818			1745.329992
29000			-20636.531598			1579.231987
30000			-26799.737840			1428.941048
31000			-24161.224317			1292.952863
32000			-16752.214892			1169.906280
33000			-18715.216570			1058.569685
34000			-19346.992287			957.828671
35000			-15205.970437			866.674888
36000			-19507.381634			784.195947
37000			-15494.706517			709.566288
38000			-13959.580855			642.038917
39000			-13718.835568			580.937931
40000			-15387.641448			525.651749
41000			-14708.417406			475.626993
42000			-14665.804306			430.362949
43000			-12218.840223			389.406552
44000			-11604.484385			352.347857
45000			-9933.995491			318.815931
46000			-11802.895175			288.475142
47000			-10069.798593			261.021797
48000			-10107.573686			236.181108
49000			-9811.791635			213.704435
50000			-9803.332354			193.366803
51000			-10165.551347			174.964643
52000			-9076.577962			158.313765
53000			-9388.516173			143.247502
54000			-8933.461965			129.615051
55000			-8244.016384			117.279962
56000			-7942.633924			106.118767
57000			-7580.060143			96.019751
58000			-7196.354286			86.881830
59000			-7034.460709			78.613537
60000			-6972.624322			71.132114
61000			-6101.475476			64.362677
62000			-5200.902380			58.237467
63000			-5372.346014			52.695176
64000			-4664.375041			47.680328
65000			-4285.178818			43.142730
66000			-4443.665215			39.036961
67000			-3749.522320			35.321926
68000			-3463.961807			31.960441
69000			-3281.548968			28.918858
70000			-3296.758101			26.166734
71000			-3471.066446			23.676522
72000			-3476.177216			21.423296
73000			-3234.798539			19.384503
74000			-2971.198380			17.539736
75000			-2558.950791			15.870530
76000			-2494.674825			14.360177
77000			-2479.497946			12.993561
78000			-2496.957608			11.757001
79000			-2368.276663			10.638121
80000			-2320.848913			9.625722
81000			-2076.863553			8.709670
82000			-2120.497082			7.880796
83000			-2055.995343			7.130803
84000			-2044.612683			6.452185
85000			-2038.050512			5.838150
86000			-1977.342992			5.282550
87000			-1979.240102			4.779825
88000			-1926.250036			4.324943
89000			-1922.455816			3.913350
90000			-1903.452463			3.540928
91000			-1876.957430			3.203948
92000			-1878.854540			2.899038
93000			-1871.266100			2.623145
94000			-1886.410726			2.373508
95000			-1863.709913			2.147628
96000			-1869.401243			1.943244
97000			-1869.401243			1.758311
98000			-1863.742167			1.590978
99000			-1861.845057			1.439569
100000			-1852.359507			1.302570
101000			-1854.256617			1.178608
102000			-1850.462397			1.066443
103000			-1854.256617			0.964953
104000			-1856.153727			0.873121
105000			-1854.256617			0.790029
106000			-1854.256617			0.714844
107000			-1788.051288			0.646814
108000			-1776.668628			0.585259
109000			-1772.874408			0.529561
110000			-1772.874408			0.479165
111000			-1770.977298			0.433564
112000			-1769.080188			0.392303
113000			-1769.080188			0.354969
114000			-1708.372668			0.321187
115000			-1706.475558			0.290621
116000			-1706.475558			0.262963
117000			-1706.475558			0.237938
118000			-1706.475558			0.215294
119000			-1706.475558			0.194805
120000			-1706.475558			0.176266
121000			-1706.475558			0.159491
122000			-1706.475558			0.144313
123000			-1706.475558			0.130579
124000			-1706.475558			0.118152
125000			-1706.475558			0.106908
126000			-1706.475558			0.096734
127000			-1706.475558			0.087528
128000			-1660.944919			0.079198
129000			-1660.944919			0.071661
130000			-1660.944919			0.064841
131000			-1660.944919			0.058671
132000			-1660.944919			0.053087
133000			-1660.944919			0.048035
134000			-1660.944919			0.043464
135000			-1660.944919			0.039327
136000			-1660.944919			0.035585
137000			-1659.047809			0.032198
138000			-1659.047809			0.029134
139000			-1659.047809			0.026361
140000			-1659.047809			0.023853
141000			-1659.047809			0.021583
142000			-1659.047809			0.019529
143000			-1659.047809			0.017670
144000			-1659.047809			0.015989
145000			-1659.047809			0.014467
146000			-1659.047809			0.013090
147000			-1659.047809			0.011844
148000			-1659.047809			0.010717
149000			-1659.047809			0.009697
150000			-1659.047809			0.008774
151000			-1659.047809			0.007939
152000			-1659.047809			0.007184
153000			-1659.047809			0.006500
154000			-1659.047809			0.005882
155000			-1659.047809			0.005322
156000			-1659.047809			0.004815
157000			-1659.047809			0.004357
158000			-1659.047809			0.003942
159000			-1659.047809			0.003567
160000			-1659.047809			0.003228
161000			-1659.047809			0.002921
162000			-1659.047809			0.002643
163000			-1659.047809			0.002391
164000			-1659.047809			0.002164
165000			-1659.047809			0.001958
166000			-1659.047809			0.001771
167000			-1659.047809			0.001603
168000			-1659.047809			0.001450
169000			-1659.047809			0.001312
170000			-1659.047809			0.001187
171000			-1659.047809			0.001074
Iteration: 8
Step			Log-likelihood			Temperature
1			-29095.742517			99900.000000
1000			-23724.352391			36769.542477
2000			-25388.557717			23501.721022
3000			-27658.826705			21265.130236
4000			-20257.895360			19241.389323
5000			-24894.007308			17410.241977
6000			-24218.685924			15753.359626
7000			-25149.929474			14254.157974
8000			-22652.458835			12897.631004
9000			-26240.509689			11670.200782
10000			-26909.145727			10559.581542
11000			-25983.162534			9554.656721
12000			-23138.881394			8645.367688
13000			-25793.043920			7822.613061
14000			-23452.705037			7078.157611
15000			-23298.921793			6404.549832
16000			-22546.226515			5795.047357
17000			-24776.386489			5243.549468
18000			-25699.085676			4744.536038
19000			-26785.754335			4293.012272
20000			-22716.160079			3884.458716
21000			-25760.552541			3514.786020
22000			-20935.017094			3180.294005
23000			-19601.527559			2877.634626
24000			-24326.982460			2603.778466
25000			-26792.873711			2355.984403
26000			-27541.704423			2131.772185
27000			-27588.686464			1928.897594
28000			-18095.169402			1745.329992
29000			-21653.326941			1579.231987
30000			-24761.834101			1428.941048
31000			-26399.001925			1292.952863
32000			-18088.774337			1169.906280
33000			-19403.122609			1058.569685
34000			-12161.507630			957.828671
35000			-16931.129631			866.674888
36000			-15561.879447			784.195947
37000			-18168.285851			709.566288
38000			-13408.005650			642.038917
39000			-15064.868884			580.937931
40000			-13805.193694			525.651749
41000			-13783.718509			475.626993
42000			-11841.101240			430.362949
43000			-15316.228589			389.406552
44000			-9939.164928			352.347857
45000			-11618.376969			318.815931
46000			-10508.910737			288.475142
47000			-7551.730109			261.021797
48000			-9687.151258			236.181108
49000			-9498.369768			213.704435
50000			-8582.109577			193.366803
51000			-9441.494561			174.964643
52000			-9746.826670			158.313765
53000			-9185.487313			143.247502
54000			-7642.051958			129.615051
55000			-8043.723221			117.279962
56000			-6243.081404			106.118767
57000			-6692.077817			96.019751
58000			-5144.912750			86.881830
59000			-4988.420222			78.613537
60000			-4520.710736			71.132114
61000			-4821.066928			64.362677
62000			-5069.104535			58.237467
63000			-4797.140487			52.695176
64000			-4848.523723			47.680328
65000			-4504.088294			43.142730
66000			-4251.869426			39.036961
67000			-4196.917743			35.321926
68000			-3516.468073			31.960441
69000			-3213.543289			28.918858
70000			-2725.217781			26.166734
71000			-2697.212679			23.676522
72000			-2644.029092			21.423296
73000			-2428.435875			19.384503
74000			-2426.506511			17.539736
75000			-2460.718998			15.870530
76000			-2434.159458			14.360177
77000			-2405.638302			12.993561
78000			-2400.011478			11.757001
79000			-2291.876209			10.638121
80000			-2257.728230			9.625722
81000			-2337.406849			8.709670
82000			-2337.406849			7.880796
83000			-2320.397366			7.130803
84000			-2219.850537			6.452185
85000			-2204.673657			5.838150
86000			-2183.805447			5.282550
87000			-2172.422787			4.779825
88000			-2058.596188			4.324943
89000			-2058.596188			3.913350
90000			-1948.563809			3.540928
91000			-1920.107159			3.203948
92000			-1923.901379			2.899038
93000			-1910.621609			2.623145
94000			-1912.518719			2.373508
95000			-1906.827389			2.147628
96000			-1908.724499			1.943244
97000			-1895.444729			1.758311
98000			-1891.650509			1.590978
99000			-1901.136059			1.439569
100000			-1897.341839			1.302570
101000			-1891.650509			1.178608
102000			-1891.650509			1.066443
103000			-1895.444729			0.964953
104000			-1895.444729			0.873121
105000			-1863.193859			0.790029
106000			-1859.399639			0.714844
107000			-1857.502529			0.646814
108000			-1855.605419			0.585259
109000			-1851.811200			0.529561
110000			-1851.811200			0.479165
111000			-1851.811200			0.433564
112000			-1851.811200			0.392303
113000			-1851.811200			0.354969
114000			-1851.811200			0.321187
115000			-1851.811200			0.290621
116000			-1794.897900			0.262963
117000			-1794.897900			0.237938
118000			-1794.897900			0.215294
119000			-1794.897900			0.194805
120000			-1794.897900			0.176266
121000			-1793.000790			0.159491
122000			-1793.000790			0.144313
123000			-1793.000790			0.130579
124000			-1793.000790			0.118152
125000			-1793.000790			0.106908
126000			-1793.000790			0.096734
127000			-1791.103680			0.087528
128000			-1791.103680			0.079198
129000			-1791.103680			0.071661
130000			-1791.103680			0.064841
131000			-1791.103680			0.058671
132000			-1791.103680			0.053087
133000			-1791.103680			0.048035
134000			-1791.103680			0.043464
135000			-1791.103680			0.039327
136000			-1791.103680			0.035585
137000			-1791.103680			0.032198
138000			-1791.103680			0.029134
139000			-1791.103680			0.026361
140000			-1791.103680			0.023853
141000			-1791.103680			0.021583
142000			-1789.206570			0.019529
143000			-1789.206570			0.017670
144000			-1789.206570			0.015989
145000			-1789.206570			0.014467
146000			-1789.206570			0.013090
147000			-1789.206570			0.011844
148000			-1789.206570			0.010717
149000			-1789.206570			0.009697
150000			-1789.206570			0.008774
151000			-1789.206570			0.007939
152000			-1789.206570			0.007184
153000			-1789.206570			0.006500
154000			-1789.206570			0.005882
155000			-1789.206570			0.005322
156000			-1789.206570			0.004815
157000			-1789.206570			0.004357
158000			-1789.206570			0.003942
159000			-1789.206570			0.003567
160000			-1789.206570			0.003228
161000			-1789.206570			0.002921
162000			-1789.206570			0.002643
163000			-1789.206570			0.002391
164000			-1789.206570			0.002164
165000			-1789.206570			0.001958
166000			-1789.206570			0.001771
167000			-1789.206570			0.001603
168000			-1789.206570			0.001450
169000			-1789.206570			0.001312
170000			-1789.206570			0.001187
171000			-1789.206570			0.001074
Iteration: 9
Step			Log-likelihood			Temperature
1			-28645.359209			99900.000000
1000			-24239.618640			36769.542477
2000			-25661.401504			23501.721022
3000			-21382.890479			21265.130236
4000			-25154.814470			19241.389323
5000			-26753.975588			17410.241977
6000			-26383.276738			15753.359626
7000			-27839.374687			14254.157974
8000			-27428.684158			12897.631004
9000			-29515.493463			11670.200782
10000			-25524.771492			10559.581542
11000			-26329.641605			9554.656721
12000			-23445.245610			8645.367688
13000			-26760.590588			7822.613061
14000			-21873.209857			7078.157611
15000			-25924.143868			6404.549832
16000			-22025.087094			5795.047357
17000			-25635.783151			5243.549468
18000			-24351.741649			4744.536038
19000			-26756.775792			4293.012272
20000			-26289.602936			3884.458716
21000			-27543.548704			3514.786020
22000			-27425.825286			3180.294005
23000			-23477.314638			2877.634626
24000			-25993.246162			2603.778466
25000			-20448.374601			2355.984403
26000			-24760.227271			2131.772185
27000			-21469.958179			1928.897594
28000			-21432.526194			1745.329992
29000			-19341.843426			1579.231987
30000			-22467.761846			1428.941048
31000			-22392.173566			1292.952863
32000			-21339.940109			1169.906280
33000			-15922.019489			1058.569685
34000			-18251.151715			957.828671
35000			-15315.246252			866.674888
36000			-18501.098111			784.195947
37000			-18291.899958			709.566288
38000			-13922.911273			642.038917
39000			-12967.752959			580.937931
40000			-12689.845392			525.651749
41000			-12615.567822			475.626993
42000			-11979.030284			430.362949
43000			-12704.048832			389.406552
44000			-12004.399230			352.347857
45000			-10699.439748			318.815931
46000			-9925.011259			288.475142
47000			-11224.068373			261.021797
48000			-10331.212730			236.181108
49000			-9145.395815			213.704435
50000			-8480.316545			193.366803
51000			-10374.098593			174.964643
52000			-9059.568479			158.313765
53000			-8786.971041			143.247502
54000			-6831.340927			129.615051
55000			-6633.370007			117.279962
56000			-5531.761920			106.118767
57000			-6034.554734			96.019751
58000			-6024.042915			86.881830
59000			-5774.366224			78.613537
60000			-5128.747694			71.132114
61000			-4704.278858			64.362677
62000			-4786.526069			58.237467
63000			-4588.135855			52.695176
64000			-3498.658094			47.680328
65000			-3748.496051			43.142730
66000			-3594.959156			39.036961
67000			-3392.677962			35.321926
68000			-3326.182352			31.960441
69000			-2888.820787			28.918858
70000			-2866.216734			26.166734
71000			-2937.952126			23.676522
72000			-2991.264726			21.423296
73000			-2542.359234			19.384503
74000			-2576.378200			17.539736
75000			-2405.993089			15.870530
76000			-2275.092500			14.360177
77000			-2195.478387			12.993561
78000			-2134.803121			11.757001
79000			-2136.732484			10.638121
80000			-2085.510515			9.625722
81000			-2057.053865			8.709670
82000			-1943.549800			7.880796
83000			-1943.549800			7.130803
84000			-1666.692271			6.452185
85000			-1679.972041			5.838150
86000			-1642.029841			5.282550
87000			-1672.383601			4.779825
88000			-1672.383601			4.324943
89000			-1659.103831			3.913350
90000			-1659.103831			3.540928
91000			-1602.190532			3.203948
92000			-1592.704982			2.899038
93000			-1598.396312			2.623145
94000			-1596.499202			2.373508
95000			-1600.293422			2.147628
96000			-1585.116542			1.943244
97000			-1575.630992			1.758311
98000			-1579.425212			1.590978
99000			-1573.733882			1.439569
100000			-1583.219432			1.302570
101000			-1581.322322			1.178608
102000			-1577.528102			1.066443
103000			-1569.939662			0.964953
104000			-1566.145442			0.873121
105000			-1566.145442			0.790029
106000			-1562.351222			0.714844
107000			-1560.454112			0.646814
108000			-1560.454112			0.585259
109000			-1560.454112			0.529561
110000			-1558.557002			0.479165
111000			-1558.557002			0.433564
112000			-1558.557002			0.392303
113000			-1558.557002			0.354969
114000			-1558.557002			0.321187
115000			-1558.557002			0.290621
116000			-1558.557002			0.262963
117000			-1558.557002			0.237938
118000			-1558.557002			0.215294
119000			-1558.557002			0.194805
120000			-1558.557002			0.176266
121000			-1556.659892			0.159491
122000			-1556.659892			0.144313
123000			-1556.659892			0.130579
124000			-1556.659892			0.118152
125000			-1556.659892			0.106908
126000			-1556.659892			0.096734
127000			-1556.659892			0.087528
128000			-1556.659892			0.079198
129000			-1556.659892			0.071661
130000			-1556.659892			0.064841
131000			-1556.659892			0.058671
132000			-1556.659892			0.053087
133000			-1556.659892			0.048035
134000			-1556.659892			0.043464
135000			-1556.659892			0.039327
136000			-1490.261042			0.035585
137000			-1490.261042			0.032198
138000			-1490.261042			0.029134
139000			-1490.261042			0.026361
140000			-1490.261042			0.023853
141000			-1490.261042			0.021583
142000			-1490.261042			0.019529
143000			-1490.261042			0.017670
144000			-1490.261042			0.015989
145000			-1490.261042			0.014467
146000			-1490.261042			0.013090
147000			-1490.261042			0.011844
148000			-1490.261042			0.010717
149000			-1490.261042			0.009697
150000			-1490.261042			0.008774
151000			-1490.261042			0.007939
152000			-1490.261042			0.007184
153000			-1490.261042			0.006500
154000			-1490.261042			0.005882
155000			-1490.261042			0.005322
156000			-1490.261042			0.004815
157000			-1490.261042			0.004357
158000			-1490.261042			0.003942
159000			-1490.261042			0.003567
160000			-1490.261042			0.003228
161000			-1490.261042			0.002921
162000			-1490.261042			0.002643
163000			-1490.261042			0.002391
164000			-1490.261042			0.002164
165000			-1490.261042			0.001958
166000			-1490.261042			0.001771
167000			-1490.261042			0.001603
168000			-1490.261042			0.001450
169000			-1490.261042			0.001312
170000			-1490.261042			0.001187
171000			-1490.261042			0.001074
Iteration: 10
Step			Log-likelihood			Temperature
1			-28730.954932			99900.000000
1000			-25832.883230			36769.542477
2000			-25526.234572			23501.721022
3000			-27293.279775			21265.130236
4000			-25719.036056			19241.389323
5000			-25654.162012			17410.241977
6000			-23980.101613			15753.359626
7000			-26241.298506			14254.157974
8000			-25076.657598			12897.631004
9000			-25292.890044			11670.200782
10000			-26244.432922			10559.581542
11000			-29205.851081			9554.656721
12000			-23049.605729			8645.367688
13000			-18988.321165			7822.613061
14000			-27233.513442			7078.157611
15000			-25521.499165			6404.549832
16000			-30542.114406			5795.047357
17000			-24758.324322			5243.549468
18000			-19393.549196			4744.536038
19000			-24096.443975			4293.012272
20000			-24067.873048			3884.458716
21000			-20666.213876			3514.786020
22000			-21198.477931			3180.294005
23000			-20966.675725			2877.634626
24000			-21292.075548			2603.778466
25000			-27858.946923			2355.984403
26000			-24356.872994			2131.772185
27000			-22444.917283			1928.897594
28000			-22207.881134			1745.329992
29000			-18281.112595			1579.231987
30000			-24493.901724			1428.941048
31000			-16613.007392			1292.952863
32000			-19745.793000			1169.906280
33000			-23100.009686			1058.569685
34000			-14427.779980			957.828671
35000			-14760.557206			866.674888
36000			-12241.124523			784.195947
37000			-15646.938541			709.566288
38000			-18103.171297			642.038917
39000			-12576.432248			580.937931
40000			-12687.341307			525.651749
41000			-13823.246963			475.626993
42000			-13472.501550			430.362949
43000			-11504.403840			389.406552
44000			-11662.239331			352.347857
45000			-10228.874448			318.815931
46000			-13565.574217			288.475142
47000			-11251.454822			261.021797
48000			-10601.616939			236.181108
49000			-9882.450987			213.704435
50000			-7896.839418			193.366803
51000			-9139.247099			174.964643
52000			-8482.542027			158.313765
53000			-8327.483385			143.247502
54000			-7623.209872			129.615051
55000			-7148.287308			117.279962
56000			-6974.688538			106.118767
57000			-6464.688485			96.019751
58000			-6386.687041			86.881830
59000			-4934.383312			78.613537
60000			-4499.493578			71.132114
61000			-4642.577323			64.362677
62000			-4043.735635			58.237467
63000			-3920.133205			52.695176
64000			-4046.310066			47.680328
65000			-3876.279741			43.142730
66000			-3117.086799			39.036961
67000			-3291.776346			35.321926
68000			-3331.680162			31.960441
69000			-2852.388657			28.918858
70000			-2778.949675			26.166734
71000			-2602.647460			23.676522
72000			-2661.167589			21.423296
73000			-2572.067926			19.384503
74000			-2265.768217			17.539736
75000			-2277.150877			15.870530
76000			-2159.626818			14.360177
77000			-2182.295377			12.993561
78000			-2055.189008			11.757001
79000			-1882.906787			10.638121
80000			-1850.655917			9.625722
81000			-1837.376147			8.709670
82000			-1769.080188			7.880796
83000			-1841.170367			7.130803
84000			-1831.684817			6.452185
85000			-1805.125277			5.838150
86000			-1805.125277			5.282550
87000			-1807.022387			4.779825
88000			-1782.359958			4.324943
89000			-1776.668628			3.913350
90000			-1761.491748			3.540928
91000			-1759.594638			3.203948
92000			-1763.388858			2.899038
93000			-1759.594638			2.623145
94000			-1750.109088			2.373508
95000			-1748.211978			2.147628
96000			-1740.623538			1.943244
97000			-1740.623538			1.758311
98000			-1744.417758			1.590978
99000			-1742.520648			1.439569
100000			-1577.528102			1.302570
101000			-1579.425212			1.178608
102000			-1577.528102			1.066443
103000			-1573.733882			0.964953
104000			-1573.733882			0.873121
105000			-1564.248332			0.790029
106000			-1568.042552			0.714844
107000			-1568.042552			0.646814
108000			-1569.939662			0.585259
109000			-1562.351222			0.529561
110000			-1562.351222			0.479165
111000			-1562.351222			0.433564
112000			-1558.557002			0.392303
113000			-1558.557002			0.354969
114000			-1556.659892			0.321187
115000			-1556.659892			0.290621
116000			-1556.659892			0.262963
117000			-1556.659892			0.237938
118000			-1556.659892			0.215294
119000			-1495.952372			0.194805
120000			-1495.952372			0.176266
121000			-1495.952372			0.159491
122000			-1494.055262			0.144313
123000			-1494.055262			0.130579
124000			-1494.055262			0.118152
125000			-1494.055262			0.106908
126000			-1494.055262			0.096734
127000			-1494.055262			0.087528
128000			-1494.055262			0.079198
129000			-1494.055262			0.071661
130000			-1494.055262			0.064841
131000			-1494.055262			0.058671
132000			-1494.055262			0.053087
133000			-1494.055262			0.048035
134000			-1494.055262			0.043464
135000			-1494.055262			0.039327
136000			-1494.055262			0.035585
137000			-1494.055262			0.032198
138000			-1494.055262			0.029134
139000			-1494.055262			0.026361
140000			-1494.055262			0.023853
141000			-1494.055262			0.021583
142000			-1494.055262			0.019529
143000			-1494.055262			0.017670
144000			-1494.055262			0.015989
145000			-1494.055262			0.014467
146000			-1494.055262			0.013090
147000			-1494.055262			0.011844
148000			-1494.055262			0.010717
149000			-1494.055262			0.009697
150000			-1494.055262			0.008774
151000			-1494.055262			0.007939
152000			-1494.055262			0.007184
153000			-1494.055262			0.006500
154000			-1494.055262			0.005882
155000			-1494.055262			0.005322
156000			-1494.055262			0.004815
157000			-1494.055262			0.004357
158000			-1494.055262			0.003942
159000			-1494.055262			0.003567
160000			-1494.055262			0.003228
161000			-1494.055262			0.002921
162000			-1494.055262			0.002643
163000			-1494.055262			0.002391
164000			-1494.055262			0.002164
165000			-1494.055262			0.001958
166000			-1494.055262			0.001771
167000			-1492.158152			0.001603
168000			-1492.158152			0.001450
169000			-1492.158152			0.001312
170000			-1492.158152			0.001187
171000			-1492.158152			0.001074

Maximum likelihood Tree found: -1488.363932
digraph g {
	"53" -> "54";
	"54" [label="26"];
	"52" -> "53";
	"53" [label="32"];
	"51" -> "52";
	"52" [label="28"];
	"50" -> "51";
	"51" [label="19"];
	"49" -> "50";
	"50" [label="13"];
	"48" -> "49";
	"49" [label="37"];
	"47" -> "48";
	"48" [label="16"];
	"46" -> "47";
	"47" [label="47"];
	"45" -> "46";
	"46" [label="39"];
	"43" -> "44";
	"44" [label="4"];
	"42" -> "43";
	"43" [label="27"];
	"41" -> "42";
	"42" [label="9"];
	"40" -> "41";
	"41" [label="20"];
	"39" -> "40";
	"40" [label="3"];
	"38" -> "39";
	"39" [label="38"];
	"36" -> "37";
	"37" [label="35"];
	"35" -> "36";
	"36" [label="18"];
	"33" -> "34";
	"34" [label="21"];
	"32" -> "33";
	"33" [label="2"];
	"31" -> "32";
	"32" [label="42"];
	"30" -> "31";
	"31" [label="45"];
	"29" -> "30";
	"30" [label="11"];
	"28" -> "29";
	"29" [color=indianred1, style=filled, label="6"];
	"29" [label="6"];
	"27" -> "28";
	"28" [color=green, style=filled, label="33"];
	"26" -> "27";
	"27" [label="14"];
	"25" -> "26";
	"26" [label="36"];
	"24" -> "25";
	"25" [color=indianred1, style=filled, label="7"];
	"25" [label="7"];
	"23" -> "24";
	"24" [label="8"];
	"23" -> "35";
	"35" [label="5"];
	"22" -> "23";
	"23" [label="23"];
	"21" -> "22";
	"22" [label="48"];
	"20" -> "21";
	"21" [label="44"];
	"19" -> "20";
	"20" [label="7"];
	"18" -> "19";
	"19" [label="10"];
	"17" -> "18";
	"18" [label="30"];
	"16" -> "17";
	"17" [label="49"];
	"16" -> "38";
	"38" [label="17"];
	"14" -> "15";
	"15" [label="12"];
	"13" -> "14";
	"14" [color=indianred1, style=filled, label="50"];
	"14" [label="50"];
	"12" -> "13";
	"13" [label="22"];
	"11" -> "12";
	"12" [label="43"];
	"11" -> "16";
	"16" [label="6"];
	"11" -> "45";
	"45" [label="33"];
	"10" -> "11";
	"11" [label="29"];
	"9" -> "10";
	"10" [label="40"];
	"8" -> "9";
	"9" [label="46"];
	"7" -> "8";
	"8" [label="34"];
	"6" -> "7";
	"7" [label="1"];
	"5" -> "6";
	"6" [label="41"];
	"4" -> "5";
	"5" [label="50"];
	"3" -> "4";
	"4" [label="24"];
	"2" -> "3";
	"3" [label="25"];
	"1" -> "2";
	"2" [label="31"];
	"0" -> "1";
	"1" [label="15"];
	"0" [label="germline"];
	labelloc="t";
	label="Confidence score: -1488.363932";
}
Best cell assignment:
43 23 11 34 11 13 11 12 11 5 44 44 37 25 10 12 44 14 11 15 42 12 43 51 11 37 22 12 10 23 4 5 23 15 15 41 37 22 5 15 34 41 15 15 13 23 21 8 33 23 13 34 23 34 5 11 15 11 54 44 23 33 44 10 52 5 53 5 35 13 33 35 11 37 15 34 12 43 23 11 34 37 15 12 15 34 14 37 11 37 43 4 13 23 11 5 44 11 10 37 4 44 13 19 13 34 23 11 23 37 5 11 14 11 9 15 15 14 37 5 23 13 22 11 13 23 54 44 5 13 5 43 36 37 15 54 12 14 36 13 23 44 15 44 54 22 23 37 37 36 25 15 13 11 37 15 15 11 44 13 44 43 5 11 15 34 34 11 14 15 22 32 43 36 15 44 23 54 37 5 11 34 15 11 44 15 49 31 54 54 54 23 37 44 54 34 23 2 37 50 37 44 22 34 15 14 34 44 15 3 4 37 44 13 14 44 23 11 52 44 13 22 43 37 37 37 14 12 13 54 11 36 13 23 53 15 44 33 14 23 15 11 11 23 13 5 54 23 15 44 
alpha: 0.150000
beta: 0.000010
gamma: 1.000000
delta: 0.887000
