Starting SASC.
Iteration: 1
Step			Log-likelihood			Temperature
1			-32951.052490			99900.000000
1000			-28755.820784			36769.542477
2000			-26717.224988			23501.721022
3000			-30756.357046			21265.130236
4000			-29720.631754			19241.389323
5000			-31340.016014			17410.241977
6000			-28497.980932			15753.359626
7000			-23902.485434			14254.157974
8000			-29371.349421			12897.631004
9000			-30532.556735			11670.200782
10000			-27263.317119			10559.581542
11000			-28799.932275			9554.656721
12000			-28047.280929			8645.367688
13000			-28275.793290			7822.613061
14000			-29982.852226			7078.157611
15000			-29099.502708			6404.549832
16000			-27468.295919			5795.047357
17000			-28716.614864			5243.549468
18000			-27065.003090			4744.536038
19000			-29059.056423			4293.012272
20000			-25576.583925			3884.458716
21000			-28502.021501			3514.786020
22000			-26624.105332			3180.294005
23000			-28616.777609			2877.634626
24000			-26508.413876			2603.778466
25000			-19654.844222			2355.984403
26000			-25397.170650			2131.772185
27000			-24184.553685			1928.897594
28000			-21707.649298			1745.329992
29000			-18706.256977			1579.231987
30000			-21139.431075			1428.941048
31000			-20866.634277			1292.952863
32000			-16423.359125			1169.906280
33000			-21404.918034			1058.569685
34000			-22078.057867			957.828671
35000			-13546.739252			866.674888
36000			-14984.033207			784.195947
37000			-14650.147689			709.566288
38000			-16317.959554			642.038917
39000			-12899.170783			580.937931
40000			-13223.608843			525.651749
41000			-11701.584167			475.626993
42000			-11400.562333			430.362949
43000			-11458.507740			389.406552
44000			-10343.570113			352.347857
45000			-10241.815172			318.815931
46000			-11011.390920			288.475142
47000			-10314.512327			261.021797
48000			-10749.428475			236.181108
49000			-9579.386518			213.704435
50000			-9473.110266			193.366803
51000			-8589.153773			174.964643
52000			-9739.855107			158.313765
53000			-8193.560881			143.247502
54000			-9257.736983			129.615051
55000			-9034.083204			117.279962
56000			-8065.659856			106.118767
57000			-8740.283344			96.019751
58000			-6915.946698			86.881830
59000			-6083.373442			78.613537
60000			-5776.648599			71.132114
61000			-4593.825409			64.362677
62000			-4053.445183			58.237467
63000			-3893.093929			52.695176
64000			-4008.559611			47.680328
65000			-4044.282167			43.142730
66000			-3826.211279			39.036961
67000			-3345.635477			35.321926
68000			-2904.318425			31.960441
69000			-2813.257146			28.918858
70000			-2706.986733			26.166734
71000			-2636.793664			23.676522
72000			-2612.163487			21.423296
73000			-2423.097556			19.384503
74000			-2533.129936			17.539736
75000			-2531.232826			15.870530
76000			-2338.469435			14.360177
77000			-2198.083296			12.993561
78000			-2135.478666			11.757001
79000			-2105.124907			10.638121
80000			-2061.491377			9.625722
81000			-1941.973448			8.709670
82000			-1890.751478			7.880796
83000			-1879.368818			7.130803
84000			-1905.928358			6.452185
85000			-1898.339918			5.838150
86000			-1881.265928			5.282550
87000			-1875.574598			4.779825
88000			-1885.060148			4.324943
89000			-1826.249739			3.913350
90000			-1818.661299			3.540928
91000			-1811.072859			3.203948
92000			-1811.072859			2.899038
93000			-1818.661299			2.623145
94000			-1816.764189			2.373508
95000			-1822.455519			2.147628
96000			-1820.558409			1.943244
97000			-1814.867079			1.758311
98000			-1818.661299			1.590978
99000			-1814.867079			1.439569
100000			-1811.072859			1.302570
101000			-1816.764189			1.178608
102000			-1811.072859			1.066443
103000			-1811.072859			0.964953
104000			-1805.381529			0.873121
105000			-1803.484419			0.790029
106000			-1801.587309			0.714844
107000			-1799.690199			0.646814
108000			-1795.895979			0.585259
109000			-1795.895979			0.529561
110000			-1795.895979			0.479165
111000			-1795.895979			0.433564
112000			-1795.895979			0.392303
113000			-1795.895979			0.354969
114000			-1795.895979			0.321187
115000			-1795.895979			0.290621
116000			-1795.895979			0.262963
117000			-1795.895979			0.237938
118000			-1795.895979			0.215294
119000			-1795.895979			0.194805
120000			-1795.895979			0.176266
121000			-1795.895979			0.159491
122000			-1795.895979			0.144313
123000			-1795.895979			0.130579
124000			-1795.895979			0.118152
125000			-1795.895979			0.106908
126000			-1795.895979			0.096734
127000			-1795.895979			0.087528
128000			-1795.895979			0.079198
129000			-1795.895979			0.071661
130000			-1795.895979			0.064841
131000			-1795.895979			0.058671
132000			-1795.895979			0.053087
133000			-1795.895979			0.048035
134000			-1795.895979			0.043464
135000			-1795.895979			0.039327
136000			-1795.895979			0.035585
137000			-1795.895979			0.032198
138000			-1795.895979			0.029134
139000			-1795.895979			0.026361
140000			-1795.895979			0.023853
141000			-1795.895979			0.021583
142000			-1795.895979			0.019529
143000			-1795.895979			0.017670
144000			-1795.895979			0.015989
145000			-1795.895979			0.014467
146000			-1795.895979			0.013090
147000			-1795.895979			0.011844
148000			-1795.895979			0.010717
149000			-1795.895979			0.009697
150000			-1795.895979			0.008774
151000			-1795.895979			0.007939
152000			-1795.895979			0.007184
153000			-1795.895979			0.006500
154000			-1795.895979			0.005882
155000			-1795.895979			0.005322
156000			-1795.895979			0.004815
157000			-1795.895979			0.004357
158000			-1795.895979			0.003942
159000			-1795.895979			0.003567
160000			-1795.895979			0.003228
161000			-1795.895979			0.002921
162000			-1795.895979			0.002643
163000			-1795.895979			0.002391
164000			-1795.895979			0.002164
165000			-1795.895979			0.001958
166000			-1795.895979			0.001771
167000			-1795.895979			0.001603
168000			-1795.895979			0.001450
169000			-1795.895979			0.001312
170000			-1795.895979			0.001187
171000			-1795.895979			0.001074
Iteration: 2
Step			Log-likelihood			Temperature
1			-31730.899914			99900.000000
1000			-31015.551539			36769.542477
2000			-29554.078955			23501.721022
3000			-29077.200614			21265.130236
4000			-26394.613691			19241.389323
5000			-26474.421324			17410.241977
6000			-26470.929062			15753.359626
7000			-25810.890216			14254.157974
8000			-29093.506361			12897.631004
9000			-24051.556627			11670.200782
10000			-29609.927893			10559.581542
11000			-30294.418132			9554.656721
12000			-29119.802035			8645.367688
13000			-30320.402951			7822.613061
14000			-32240.589111			7078.157611
15000			-25222.624853			6404.549832
16000			-20049.921061			5795.047357
17000			-26160.190065			5243.549468
18000			-25593.308967			4744.536038
19000			-26753.296492			4293.012272
20000			-26649.122548			3884.458716
21000			-25750.704589			3514.786020
22000			-30439.243559			3180.294005
23000			-26125.311936			2877.634626
24000			-27993.349676			2603.778466
25000			-23534.017906			2355.984403
26000			-16958.435062			2131.772185
27000			-28365.312247			1928.897594
28000			-26353.141137			1745.329992
29000			-22989.128046			1579.231987
30000			-22915.349013			1428.941048
31000			-21704.209865			1292.952863
32000			-14476.856716			1169.906280
33000			-22793.816639			1058.569685
34000			-17544.237489			957.828671
35000			-18565.366462			866.674888
36000			-20612.157673			784.195947
37000			-19991.442082			709.566288
38000			-12771.876732			642.038917
39000			-15352.963961			580.937931
40000			-13603.045576			525.651749
41000			-13193.281498			475.626993
42000			-15218.796884			430.362949
43000			-11266.222311			389.406552
44000			-11095.412066			352.347857
45000			-12370.709845			318.815931
46000			-11131.204968			288.475142
47000			-11796.908731			261.021797
48000			-11433.038976			236.181108
49000			-10998.052482			213.704435
50000			-9571.018158			193.366803
51000			-9851.016355			174.964643
52000			-9750.554607			158.313765
53000			-9169.722257			143.247502
54000			-8756.260719			129.615051
55000			-9036.994904			117.279962
56000			-7999.029394			106.118767
57000			-8121.825489			96.019751
58000			-7583.181106			86.881830
59000			-6374.701470			78.613537
60000			-6306.373257			71.132114
61000			-6089.006104			64.362677
62000			-5862.223747			58.237467
63000			-5596.950883			52.695176
64000			-4965.057830			47.680328
65000			-4612.679174			43.142730
66000			-4006.249046			39.036961
67000			-3626.375502			35.321926
68000			-3312.933060			31.960441
69000			-3071.935586			28.918858
70000			-2832.835221			26.166734
71000			-2774.121571			23.676522
72000			-2514.927078			21.423296
73000			-2461.807998			19.384503
74000			-2490.264648			17.539736
75000			-2427.660018			15.870530
76000			-2374.540939			14.360177
77000			-2370.746719			12.993561
78000			-2306.406246			11.757001
79000			-2306.244979			10.638121
80000			-2311.936309			9.625722
81000			-2294.862319			8.709670
82000			-2317.627639			7.880796
83000			-2323.318969			7.130803
84000			-2332.804519			6.452185
85000			-2334.701629			5.838150
86000			-2273.994110			5.282550
87000			-2260.714340			4.779825
88000			-2251.228790			4.324943
89000			-2247.434570			3.913350
90000			-2202.065197			3.540928
91000			-2221.036297			3.203948
92000			-2198.270977			2.899038
93000			-2198.270977			2.623145
94000			-2039.333032			2.373508
95000			-2031.744592			2.147628
96000			-2035.538812			1.943244
97000			-2031.744592			1.758311
98000			-2033.641702			1.590978
99000			-2033.641702			1.439569
100000			-2033.641702			1.302570
101000			-2026.053262			1.178608
102000			-2022.259042			1.066443
103000			-2022.259042			0.964953
104000			-2018.464822			0.873121
105000			-2012.773492			0.790029
106000			-2012.773492			0.714844
107000			-2010.876382			0.646814
108000			-2005.185052			0.585259
109000			-1957.757303			0.529561
110000			-1955.860193			0.479165
111000			-1955.860193			0.433564
112000			-1955.860193			0.392303
113000			-1955.860193			0.354969
114000			-1955.860193			0.321187
115000			-1955.860193			0.290621
116000			-1955.860193			0.262963
117000			-1955.860193			0.237938
118000			-1955.860193			0.215294
119000			-1955.860193			0.194805
120000			-1955.860193			0.176266
121000			-1955.860193			0.159491
122000			-1955.860193			0.144313
123000			-1955.860193			0.130579
124000			-1955.860193			0.118152
125000			-1955.860193			0.106908
126000			-1955.860193			0.096734
127000			-1955.860193			0.087528
128000			-1955.860193			0.079198
129000			-1955.860193			0.071661
130000			-1955.860193			0.064841
131000			-1955.860193			0.058671
132000			-1955.860193			0.053087
133000			-1955.860193			0.048035
134000			-1955.860193			0.043464
135000			-1955.860193			0.039327
136000			-1955.860193			0.035585
137000			-1955.860193			0.032198
138000			-1955.860193			0.029134
139000			-1955.860193			0.026361
140000			-1955.860193			0.023853
141000			-1955.860193			0.021583
142000			-1955.860193			0.019529
143000			-1955.860193			0.017670
144000			-1955.860193			0.015989
145000			-1955.860193			0.014467
146000			-1955.860193			0.013090
147000			-1955.860193			0.011844
148000			-1955.860193			0.010717
149000			-1955.860193			0.009697
150000			-1955.860193			0.008774
151000			-1955.860193			0.007939
152000			-1955.860193			0.007184
153000			-1955.860193			0.006500
154000			-1955.860193			0.005882
155000			-1955.860193			0.005322
156000			-1955.860193			0.004815
157000			-1955.860193			0.004357
158000			-1955.860193			0.003942
159000			-1955.860193			0.003567
160000			-1955.860193			0.003228
161000			-1955.860193			0.002921
162000			-1955.860193			0.002643
163000			-1955.860193			0.002391
164000			-1955.860193			0.002164
165000			-1955.860193			0.001958
166000			-1955.860193			0.001771
167000			-1955.860193			0.001603
168000			-1955.860193			0.001450
169000			-1955.860193			0.001312
170000			-1955.860193			0.001187
171000			-1955.860193			0.001074
Iteration: 3
Step			Log-likelihood			Temperature
1			-30352.771156			99900.000000
1000			-24310.196975			36769.542477
2000			-30436.616299			23501.721022
3000			-28428.749625			21265.130236
4000			-28858.824709			19241.389323
5000			-23484.144739			17410.241977
6000			-25581.920468			15753.359626
7000			-26590.036595			14254.157974
8000			-30767.314573			12897.631004
9000			-30366.868938			11670.200782
10000			-28616.279072			10559.581542
11000			-30570.059066			9554.656721
12000			-28728.267229			8645.367688
13000			-28731.255114			7822.613061
14000			-24816.995046			7078.157611
15000			-26065.000354			6404.549832
16000			-23169.039858			5795.047357
17000			-27181.166668			5243.549468
18000			-27434.520243			4744.536038
19000			-27260.425994			4293.012272
20000			-24365.529859			3884.458716
21000			-30405.289099			3514.786020
22000			-27904.379027			3180.294005
23000			-26945.587760			2877.634626
24000			-26007.427251			2603.778466
25000			-24468.199572			2355.984403
26000			-19443.215389			2131.772185
27000			-19071.941817			1928.897594
28000			-22777.639904			1745.329992
29000			-27350.757123			1579.231987
30000			-23123.676324			1428.941048
31000			-27892.131365			1292.952863
32000			-16642.089817			1169.906280
33000			-17377.755036			1058.569685
34000			-20482.643979			957.828671
35000			-19846.892200			866.674888
36000			-18431.768268			784.195947
37000			-22705.200777			709.566288
38000			-13813.211330			642.038917
39000			-15734.966227			580.937931
40000			-16258.369224			525.651749
41000			-13343.522710			475.626993
42000			-13113.054571			430.362949
43000			-12037.076515			389.406552
44000			-14758.675838			352.347857
45000			-10900.628391			318.815931
46000			-12622.107643			288.475142
47000			-12478.985806			261.021797
48000			-11983.678833			236.181108
49000			-10124.640062			213.704435
50000			-8798.513193			193.366803
51000			-8725.299984			174.964643
52000			-8587.778556			158.313765
53000			-7815.300006			143.247502
54000			-7736.131601			129.615051
55000			-7517.996206			117.279962
56000			-7090.017592			106.118767
57000			-7200.501518			96.019751
58000			-6817.124034			86.881830
59000			-6098.221949			78.613537
60000			-5644.044421			71.132114
61000			-6242.789348			64.362677
62000			-5543.729204			58.237467
63000			-4844.056246			52.695176
64000			-3818.467411			47.680328
65000			-3864.094811			43.142730
66000			-3856.570877			39.036961
67000			-3617.535019			35.321926
68000			-3511.361367			31.960441
69000			-3567.661852			28.918858
70000			-3279.881695			26.166734
71000			-3148.981106			23.676522
72000			-3033.257397			21.423296
73000			-3069.302487			19.384503
74000			-3014.318551			17.539736
75000			-2891.167669			15.870530
76000			-2779.238180			14.360177
77000			-2586.345775			12.993561
78000			-2548.532589			11.757001
79000			-2429.014660			10.638121
80000			-2444.191540			9.625722
81000			-2286.021837			8.709670
82000			-2053.225616			7.880796
83000			-2064.608276			7.130803
84000			-2017.180526			6.452185
85000			-1981.135437			5.838150
86000			-1988.723877			5.282550
87000			-1941.296127			4.779825
88000			-1952.678787			4.324943
89000			-1928.016357			3.913350
90000			-1920.427917			3.540928
91000			-1910.942367			3.203948
92000			-1891.971267			2.899038
93000			-1893.868377			2.623145
94000			-1897.662597			2.373508
95000			-1907.148147			2.147628
96000			-1903.353927			1.943244
97000			-1901.456817			1.758311
98000			-1903.353927			1.590978
99000			-1893.868377			1.439569
100000			-1891.971267			1.302570
101000			-1842.646408			1.178608
102000			-1797.115768			1.066443
103000			-1795.218658			0.964953
104000			-1791.424438			0.873121
105000			-1791.424438			0.790029
106000			-1787.630218			0.714844
107000			-1785.733108			0.646814
108000			-1783.835998			0.585259
109000			-1781.938888			0.529561
110000			-1783.835998			0.479165
111000			-1783.835998			0.433564
112000			-1781.938888			0.392303
113000			-1781.938888			0.354969
114000			-1781.938888			0.321187
115000			-1781.938888			0.290621
116000			-1781.938888			0.262963
117000			-1781.938888			0.237938
118000			-1781.938888			0.215294
119000			-1781.938888			0.194805
120000			-1781.938888			0.176266
121000			-1781.938888			0.159491
122000			-1781.938888			0.144313
123000			-1781.938888			0.130579
124000			-1781.938888			0.118152
125000			-1780.041778			0.106908
126000			-1780.041778			0.096734
127000			-1780.041778			0.087528
128000			-1780.041778			0.079198
129000			-1780.041778			0.071661
130000			-1780.041778			0.064841
131000			-1780.041778			0.058671
132000			-1780.041778			0.053087
133000			-1780.041778			0.048035
134000			-1780.041778			0.043464
135000			-1780.041778			0.039327
136000			-1780.041778			0.035585
137000			-1780.041778			0.032198
138000			-1780.041778			0.029134
139000			-1780.041778			0.026361
140000			-1780.041778			0.023853
141000			-1780.041778			0.021583
142000			-1780.041778			0.019529
143000			-1780.041778			0.017670
144000			-1780.041778			0.015989
145000			-1780.041778			0.014467
146000			-1780.041778			0.013090
147000			-1780.041778			0.011844
148000			-1780.041778			0.010717
149000			-1780.041778			0.009697
150000			-1780.041778			0.008774
151000			-1780.041778			0.007939
152000			-1780.041778			0.007184
153000			-1780.041778			0.006500
154000			-1780.041778			0.005882
155000			-1780.041778			0.005322
156000			-1780.041778			0.004815
157000			-1780.041778			0.004357
158000			-1780.041778			0.003942
159000			-1780.041778			0.003567
160000			-1780.041778			0.003228
161000			-1780.041778			0.002921
162000			-1780.041778			0.002643
163000			-1780.041778			0.002391
164000			-1780.041778			0.002164
165000			-1780.041778			0.001958
166000			-1780.041778			0.001771
167000			-1780.041778			0.001603
168000			-1780.041778			0.001450
169000			-1780.041778			0.001312
170000			-1780.041778			0.001187
171000			-1780.041778			0.001074
Iteration: 4
Step			Log-likelihood			Temperature
1			-30199.879328			99900.000000
1000			-30738.896015			36769.542477
2000			-27714.758950			23501.721022
3000			-30872.391610			21265.130236
4000			-30482.023764			19241.389323
5000			-28383.289331			17410.241977
6000			-28918.488442			15753.359626
7000			-30601.412680			14254.157974
8000			-30213.584231			12897.631004
9000			-29292.122349			11670.200782
10000			-28761.855223			10559.581542
11000			-32199.195800			9554.656721
12000			-23372.273917			8645.367688
13000			-28667.940911			7822.613061
14000			-24822.267082			7078.157611
15000			-27200.885435			6404.549832
16000			-26575.833155			5795.047357
17000			-24096.178333			5243.549468
18000			-24863.534437			4744.536038
19000			-27532.692001			4293.012272
20000			-24515.386811			3884.458716
21000			-22401.888953			3514.786020
22000			-23794.291497			3180.294005
23000			-20747.046003			2877.634626
24000			-26973.683784			2603.778466
25000			-29210.062819			2355.984403
26000			-20967.272028			2131.772185
27000			-18728.758430			1928.897594
28000			-28871.201384			1745.329992
29000			-25745.678902			1579.231987
30000			-21509.355844			1428.941048
31000			-20763.615617			1292.952863
32000			-17074.534133			1169.906280
33000			-23656.286269			1058.569685
34000			-24352.733889			957.828671
35000			-19322.436520			866.674888
36000			-15730.773289			784.195947
37000			-21063.863370			709.566288
38000			-13546.724516			642.038917
39000			-13584.939479			580.937931
40000			-16097.296717			525.651749
41000			-11053.320860			475.626993
42000			-11870.497302			430.362949
43000			-12135.383125			389.406552
44000			-13607.716477			352.347857
45000			-12313.550197			318.815931
46000			-10815.548722			288.475142
47000			-11013.900844			261.021797
48000			-10188.954120			236.181108
49000			-10200.498047			213.704435
50000			-9703.977124			193.366803
51000			-9760.406623			174.964643
52000			-10241.202358			158.313765
53000			-8898.485300			143.247502
54000			-7785.714488			129.615051
55000			-7695.899412			117.279962
56000			-7771.725144			106.118767
57000			-6779.838580			96.019751
58000			-6979.131889			86.881830
59000			-6595.367364			78.613537
60000			-5896.656168			71.132114
61000			-5064.991845			64.362677
62000			-5331.161965			58.237467
63000			-4560.715376			52.695176
64000			-4165.890726			47.680328
65000			-3576.728108			43.142730
66000			-3234.383309			39.036961
67000			-3141.424920			35.321926
68000			-3281.101485			31.960441
69000			-2970.136714			28.918858
70000			-2981.551627			26.166734
71000			-2909.461448			23.676522
72000			-2907.564338			21.423296
73000			-2777.018536			19.384503
74000			-2667.276437			17.539736
75000			-2650.912021			15.870530
76000			-2217.054396			14.360177
77000			-2139.272886			12.993561
78000			-2169.626646			11.757001
79000			-2095.639357			10.638121
80000			-2023.549177			9.625722
81000			-1959.047438			8.709670
82000			-1911.619688			7.880796
83000			-1907.825468			7.130803
84000			-1816.764189			6.452185
85000			-1812.969969			5.838150
86000			-1812.969969			5.282550
87000			-1814.867079			4.779825
88000			-1824.352629			4.324943
89000			-1820.558409			3.913350
90000			-1828.146849			3.540928
91000			-1833.838179			3.203948
92000			-1830.043959			2.899038
93000			-1828.146849			2.623145
94000			-1824.352629			2.373508
95000			-1826.249739			2.147628
96000			-1814.867079			1.943244
97000			-1816.764189			1.758311
98000			-1812.969969			1.590978
99000			-1812.969969			1.439569
100000			-1801.587309			1.302570
101000			-1799.690199			1.178608
102000			-1799.690199			1.066443
103000			-1797.793089			0.964953
104000			-1799.690199			0.873121
105000			-1799.690199			0.790029
106000			-1799.690199			0.714844
107000			-1799.690199			0.646814
108000			-1797.793089			0.585259
109000			-1799.690199			0.529561
110000			-1799.690199			0.479165
111000			-1797.793089			0.433564
112000			-1797.793089			0.392303
113000			-1797.793089			0.354969
114000			-1797.793089			0.321187
115000			-1797.793089			0.290621
116000			-1797.793089			0.262963
117000			-1797.793089			0.237938
118000			-1797.793089			0.215294
119000			-1795.895979			0.194805
120000			-1795.895979			0.176266
121000			-1795.895979			0.159491
122000			-1795.895979			0.144313
123000			-1795.895979			0.130579
124000			-1795.895979			0.118152
125000			-1795.895979			0.106908
126000			-1795.895979			0.096734
127000			-1795.895979			0.087528
128000			-1795.895979			0.079198
129000			-1795.895979			0.071661
130000			-1795.895979			0.064841
131000			-1795.895979			0.058671
132000			-1795.895979			0.053087
133000			-1795.895979			0.048035
134000			-1795.895979			0.043464
135000			-1795.895979			0.039327
136000			-1795.895979			0.035585
137000			-1795.895979			0.032198
138000			-1795.895979			0.029134
139000			-1795.895979			0.026361
140000			-1795.895979			0.023853
141000			-1795.895979			0.021583
142000			-1795.895979			0.019529
143000			-1795.895979			0.017670
144000			-1795.895979			0.015989
145000			-1795.895979			0.014467
146000			-1795.895979			0.013090
147000			-1795.895979			0.011844
148000			-1795.895979			0.010717
149000			-1795.895979			0.009697
150000			-1795.895979			0.008774
151000			-1795.895979			0.007939
152000			-1795.895979			0.007184
153000			-1795.895979			0.006500
154000			-1795.895979			0.005882
155000			-1795.895979			0.005322
156000			-1795.895979			0.004815
157000			-1795.895979			0.004357
158000			-1795.895979			0.003942
159000			-1795.895979			0.003567
160000			-1795.895979			0.003228
161000			-1795.895979			0.002921
162000			-1795.895979			0.002643
163000			-1795.895979			0.002391
164000			-1795.895979			0.002164
165000			-1795.895979			0.001958
166000			-1795.895979			0.001771
167000			-1795.895979			0.001603
168000			-1795.895979			0.001450
169000			-1795.895979			0.001312
170000			-1795.895979			0.001187
171000			-1795.895979			0.001074
Iteration: 5
Step			Log-likelihood			Temperature
1			-32294.690528			99900.000000
1000			-26729.085609			36769.542477
2000			-27787.130512			23501.721022
3000			-31328.589423			21265.130236
4000			-28322.693308			19241.389323
5000			-30339.884265			17410.241977
6000			-29877.807441			15753.359626
7000			-28489.682918			14254.157974
8000			-22361.598096			12897.631004
9000			-31315.875478			11670.200782
10000			-27507.707037			10559.581542
11000			-27097.119107			9554.656721
12000			-29024.624002			8645.367688
13000			-31461.592320			7822.613061
14000			-27211.719787			7078.157611
15000			-26449.706065			6404.549832
16000			-28830.485394			5795.047357
17000			-28461.671976			5243.549468
18000			-26186.957862			4744.536038
19000			-25571.866036			4293.012272
20000			-23363.931972			3884.458716
21000			-25429.829136			3514.786020
22000			-23652.823480			3180.294005
23000			-27118.814227			2877.634626
24000			-28725.783719			2603.778466
25000			-24733.182155			2355.984403
26000			-27838.560738			2131.772185
27000			-27769.088921			1928.897594
28000			-18571.207381			1745.329992
29000			-24807.503657			1579.231987
30000			-25851.503606			1428.941048
31000			-22478.031379			1292.952863
32000			-23491.457634			1169.906280
33000			-23752.270636			1058.569685
34000			-20302.676558			957.828671
35000			-23289.859600			866.674888
36000			-19721.404339			784.195947
37000			-19023.100758			709.566288
38000			-16717.748443			642.038917
39000			-15372.342676			580.937931
40000			-12910.993312			525.651749
41000			-14878.419540			475.626993
42000			-15248.628751			430.362949
43000			-11114.834714			389.406552
44000			-14773.093373			352.347857
45000			-11397.357571			318.815931
46000			-12263.284150			288.475142
47000			-10408.362133			261.021797
48000			-11819.049558			236.181108
49000			-9571.419935			213.704435
50000			-9123.772324			193.366803
51000			-9194.487286			174.964643
52000			-8213.816277			158.313765
53000			-9295.356649			143.247502
54000			-8791.021513			129.615051
55000			-7917.802612			117.279962
56000			-7538.767656			106.118767
57000			-8122.464717			96.019751
58000			-7184.207448			86.881830
59000			-6606.556504			78.613537
60000			-6636.432302			71.132114
61000			-5176.050493			64.362677
62000			-4974.408528			58.237467
63000			-5099.494612			52.695176
64000			-4968.110223			47.680328
65000			-4419.593249			43.142730
66000			-4080.720136			39.036961
67000			-3974.352963			35.321926
68000			-3898.500817			31.960441
69000			-3811.136998			28.918858
70000			-3759.979535			26.166734
71000			-3608.178483			23.676522
72000			-3135.255628			21.423296
73000			-2998.663709			19.384503
74000			-3046.091459			17.539736
75000			-2983.486830			15.870530
76000			-3006.252149			14.360177
77000			-2977.795500			12.993561
78000			-2575.608183			11.757001
79000			-2598.373503			10.638121
80000			-2407.340116			9.625722
81000			-2227.114667			8.709670
82000			-2007.694977			7.880796
83000			-2007.694977			7.130803
84000			-2009.592086			6.452185
85000			-1960.267227			5.838150
86000			-1965.958557			5.282550
87000			-1952.678787			4.779825
88000			-1954.575897			4.324943
89000			-1950.781677			3.913350
90000			-1950.781677			3.540928
91000			-1948.884567			3.203948
92000			-1943.193237			2.899038
93000			-1945.090347			2.623145
94000			-1945.090347			2.373508
95000			-1810.395538			2.147628
96000			-1806.601318			1.943244
97000			-1804.704208			1.758311
98000			-1802.807098			1.590978
99000			-1808.498428			1.439569
100000			-1797.115768			1.302570
101000			-1789.527328			1.178608
102000			-1789.527328			1.066443
103000			-1791.424438			0.964953
104000			-1787.630218			0.873121
105000			-1785.733108			0.790029
106000			-1785.733108			0.714844
107000			-1785.733108			0.646814
108000			-1783.835998			0.585259
109000			-1783.835998			0.529561
110000			-1780.041778			0.479165
111000			-1780.041778			0.433564
112000			-1780.041778			0.392303
113000			-1780.041778			0.354969
114000			-1780.041778			0.321187
115000			-1780.041778			0.290621
116000			-1780.041778			0.262963
117000			-1780.041778			0.237938
118000			-1780.041778			0.215294
119000			-1780.041778			0.194805
120000			-1780.041778			0.176266
121000			-1780.041778			0.159491
122000			-1780.041778			0.144313
123000			-1780.041778			0.130579
124000			-1780.041778			0.118152
125000			-1780.041778			0.106908
126000			-1780.041778			0.096734
127000			-1780.041778			0.087528
128000			-1780.041778			0.079198
129000			-1780.041778			0.071661
130000			-1780.041778			0.064841
131000			-1780.041778			0.058671
132000			-1780.041778			0.053087
133000			-1780.041778			0.048035
134000			-1780.041778			0.043464
135000			-1780.041778			0.039327
136000			-1780.041778			0.035585
137000			-1780.041778			0.032198
138000			-1780.041778			0.029134
139000			-1780.041778			0.026361
140000			-1780.041778			0.023853
141000			-1780.041778			0.021583
142000			-1780.041778			0.019529
143000			-1780.041778			0.017670
144000			-1780.041778			0.015989
145000			-1780.041778			0.014467
146000			-1780.041778			0.013090
147000			-1780.041778			0.011844
148000			-1780.041778			0.010717
149000			-1780.041778			0.009697
150000			-1780.041778			0.008774
151000			-1780.041778			0.007939
152000			-1780.041778			0.007184
153000			-1780.041778			0.006500
154000			-1780.041778			0.005882
155000			-1780.041778			0.005322
156000			-1780.041778			0.004815
157000			-1780.041778			0.004357
158000			-1780.041778			0.003942
159000			-1780.041778			0.003567
160000			-1780.041778			0.003228
161000			-1780.041778			0.002921
162000			-1780.041778			0.002643
163000			-1780.041778			0.002391
164000			-1780.041778			0.002164
165000			-1780.041778			0.001958
166000			-1780.041778			0.001771
167000			-1780.041778			0.001603
168000			-1780.041778			0.001450
169000			-1780.041778			0.001312
170000			-1780.041778			0.001187
171000			-1780.041778			0.001074
Iteration: 6
Step			Log-likelihood			Temperature
1			-31384.373854			99900.000000
1000			-25225.779845			36769.542477
2000			-30676.188787			23501.721022
3000			-28728.718776			21265.130236
4000			-27862.035632			19241.389323
5000			-28101.446853			17410.241977
6000			-26566.262523			15753.359626
7000			-24647.384015			14254.157974
8000			-25884.593064			12897.631004
9000			-28678.743010			11670.200782
10000			-28089.882351			10559.581542
11000			-30190.631230			9554.656721
12000			-27212.913162			8645.367688
13000			-29288.495235			7822.613061
14000			-26647.644732			7078.157611
15000			-23247.225925			6404.549832
16000			-30954.574315			5795.047357
17000			-27986.148277			5243.549468
18000			-19795.031002			4744.536038
19000			-23199.469803			4293.012272
20000			-25853.303956			3884.458716
21000			-30127.548639			3514.786020
22000			-29991.337921			3180.294005
23000			-24689.882838			2877.634626
24000			-29325.898025			2603.778466
25000			-26986.280394			2355.984403
26000			-23354.076898			2131.772185
27000			-25164.632456			1928.897594
28000			-23230.017083			1745.329992
29000			-30708.542255			1579.231987
30000			-23016.590680			1428.941048
31000			-25179.416457			1292.952863
32000			-27765.605557			1169.906280
33000			-25560.404133			1058.569685
34000			-14697.994732			957.828671
35000			-25774.927150			866.674888
36000			-15472.514143			784.195947
37000			-16342.750997			709.566288
38000			-12606.408870			642.038917
39000			-13413.964909			580.937931
40000			-10567.736888			525.651749
41000			-12587.695797			475.626993
42000			-11446.183893			430.362949
43000			-11502.941765			389.406552
44000			-12607.810501			352.347857
45000			-11958.418326			318.815931
46000			-12692.532325			288.475142
47000			-11152.905927			261.021797
48000			-12061.093877			236.181108
49000			-10838.082429			213.704435
50000			-9803.996221			193.366803
51000			-8514.178308			174.964643
52000			-10199.084737			158.313765
53000			-9542.453070			143.247502
54000			-7674.752600			129.615051
55000			-7350.185526			117.279962
56000			-6176.015137			106.118767
57000			-6826.363235			96.019751
58000			-6947.262220			86.881830
59000			-5121.770292			78.613537
60000			-4306.018838			71.132114
61000			-4056.438908			64.362677
62000			-3759.463481			58.237467
63000			-3782.164294			52.695176
64000			-3373.705087			47.680328
65000			-3649.683290			43.142730
66000			-3418.977699			39.036961
67000			-3322.837904			35.321926
68000			-3320.908541			31.960441
69000			-3250.715471			28.918858
70000			-3155.924479			26.166734
71000			-3121.711992			23.676522
72000			-2892.387458			21.423296
73000			-2896.117171			19.384503
74000			-2848.721675			17.539736
75000			-2839.300632			15.870530
76000			-2606.633424			14.360177
77000			-2473.867979			12.993561
78000			-2261.907714			11.757001
79000			-2165.155105			10.638121
80000			-2170.846435			9.625722
81000			-2064.608276			8.709670
82000			-2047.534286			7.880796
83000			-2032.357406			7.130803
84000			-2020.974746			6.452185
85000			-1920.427917			5.838150
86000			-1914.736587			5.282550
87000			-1922.325027			4.779825
88000			-1926.119247			4.324943
89000			-1935.604797			3.913350
90000			-1922.325027			3.540928
91000			-1905.251037			3.203948
92000			-1897.662597			2.899038
93000			-1905.251037			2.623145
94000			-1905.251037			2.373508
95000			-1897.662597			2.147628
96000			-1901.456817			1.943244
97000			-1897.662597			1.758311
98000			-1895.765487			1.590978
99000			-1895.765487			1.439569
100000			-1891.971267			1.302570
101000			-1890.074157			1.178608
102000			-1888.177047			1.066443
103000			-1844.543518			0.964953
104000			-1842.646408			0.873121
105000			-1838.852188			0.790029
106000			-1838.852188			0.714844
107000			-1836.955078			0.646814
108000			-1836.955078			0.585259
109000			-1836.955078			0.529561
110000			-1836.955078			0.479165
111000			-1835.057968			0.433564
112000			-1835.057968			0.392303
113000			-1835.057968			0.354969
114000			-1835.057968			0.321187
115000			-1835.057968			0.290621
116000			-1835.057968			0.262963
117000			-1835.057968			0.237938
118000			-1835.057968			0.215294
119000			-1787.630218			0.194805
120000			-1787.630218			0.176266
121000			-1785.733108			0.159491
122000			-1785.733108			0.144313
123000			-1785.733108			0.130579
124000			-1785.733108			0.118152
125000			-1783.835998			0.106908
126000			-1783.835998			0.096734
127000			-1783.835998			0.087528
128000			-1783.835998			0.079198
129000			-1783.835998			0.071661
130000			-1783.835998			0.064841
131000			-1783.835998			0.058671
132000			-1783.835998			0.053087
133000			-1783.835998			0.048035
134000			-1783.835998			0.043464
135000			-1783.835998			0.039327
136000			-1783.835998			0.035585
137000			-1783.835998			0.032198
138000			-1783.835998			0.029134
139000			-1783.835998			0.026361
140000			-1783.835998			0.023853
141000			-1783.835998			0.021583
142000			-1783.835998			0.019529
143000			-1783.835998			0.017670
144000			-1783.835998			0.015989
145000			-1783.835998			0.014467
146000			-1783.835998			0.013090
147000			-1783.835998			0.011844
148000			-1783.835998			0.010717
149000			-1783.835998			0.009697
150000			-1783.835998			0.008774
151000			-1783.835998			0.007939
152000			-1783.835998			0.007184
153000			-1783.835998			0.006500
154000			-1783.835998			0.005882
155000			-1783.835998			0.005322
156000			-1783.835998			0.004815
157000			-1783.835998			0.004357
158000			-1783.835998			0.003942
159000			-1783.835998			0.003567
160000			-1783.835998			0.003228
161000			-1783.835998			0.002921
162000			-1783.835998			0.002643
163000			-1783.835998			0.002391
164000			-1783.835998			0.002164
165000			-1783.835998			0.001958
166000			-1783.835998			0.001771
167000			-1783.835998			0.001603
168000			-1783.835998			0.001450
169000			-1783.835998			0.001312
170000			-1783.835998			0.001187
171000			-1783.835998			0.001074
Iteration: 7
Step			Log-likelihood			Temperature
1			-32061.991067			99900.000000
1000			-29691.934594			36769.542477
2000			-28561.735005			23501.721022
3000			-26502.147824			21265.130236
4000			-29053.543877			19241.389323
5000			-27264.838867			17410.241977
6000			-29041.413551			15753.359626
7000			-26915.641616			14254.157974
8000			-26360.025842			12897.631004
9000			-24830.623764			11670.200782
10000			-23817.347097			10559.581542
11000			-28565.831183			9554.656721
12000			-28901.156425			8645.367688
13000			-30613.713171			7822.613061
14000			-27758.424733			7078.157611
15000			-29316.145551			6404.549832
16000			-28239.399253			5795.047357
17000			-28057.652056			5243.549468
18000			-28644.342842			4744.536038
19000			-22597.194521			4293.012272
20000			-29201.028817			3884.458716
21000			-25471.732661			3514.786020
22000			-26836.124264			3180.294005
23000			-21824.205755			2877.634626
24000			-21517.378314			2603.778466
25000			-24045.709869			2355.984403
26000			-26444.841645			2131.772185
27000			-22514.786043			1928.897594
28000			-22415.717030			1745.329992
29000			-19407.020711			1579.231987
30000			-28099.587835			1428.941048
31000			-21206.474992			1292.952863
32000			-24267.906408			1169.906280
33000			-23001.493043			1058.569685
34000			-18088.810654			957.828671
35000			-21310.449576			866.674888
36000			-14272.364775			784.195947
37000			-14528.841088			709.566288
38000			-10959.330362			642.038917
39000			-15235.483833			580.937931
40000			-17032.706792			525.651749
41000			-14870.238861			475.626993
42000			-15547.946995			430.362949
43000			-13584.681452			389.406552
44000			-11857.367120			352.347857
45000			-13010.669300			318.815931
46000			-13408.610849			288.475142
47000			-12213.707103			261.021797
48000			-10928.853428			236.181108
49000			-10708.008750			213.704435
50000			-8740.212998			193.366803
51000			-9443.674337			174.964643
52000			-9926.824569			158.313765
53000			-8238.006584			143.247502
54000			-9241.237715			129.615051
55000			-7962.280569			117.279962
56000			-7924.951183			106.118767
57000			-8046.902852			96.019751
58000			-7711.560092			86.881830
59000			-7397.452008			78.613537
60000			-5585.207597			71.132114
61000			-5071.483671			64.362677
62000			-4730.197394			58.237467
63000			-4613.157135			52.695176
64000			-3992.517729			47.680328
65000			-4174.511274			43.142730
66000			-3937.501539			39.036961
67000			-3698.594695			35.321926
68000			-3371.201002			31.960441
69000			-3160.654047			28.918858
70000			-3067.566644			26.166734
71000			-3096.087800			23.676522
72000			-3023.997621			21.423296
73000			-2603.387512			19.384503
74000			-2626.185085			17.539736
75000			-2582.551555			15.870530
76000			-2588.275139			14.360177
77000			-2393.485624			12.993561
78000			-2199.948152			11.757001
79000			-2169.594393			10.638121
80000			-2199.948152			9.625722
81000			-2192.359713			8.709670
82000			-2101.330687			7.880796
83000			-2107.022017			7.130803
84000			-2097.536467			6.452185
85000			-2080.462477			5.838150
86000			-2078.533113			5.282550
87000			-2080.462477			4.779825
88000			-2078.565367			4.324943
89000			-2080.462477			3.913350
90000			-2070.976927			3.540928
91000			-2082.359587			3.203948
92000			-2059.562014			2.899038
93000			-2063.356234			2.623145
94000			-2033.002474			2.373508
95000			-2025.414034			2.147628
96000			-2019.722704			1.943244
97000			-2008.340044			1.758311
98000			-2002.648714			1.590978
99000			-1996.957384			1.439569
100000			-1993.163164			1.302570
101000			-1993.163164			1.178608
102000			-1987.471834			1.066443
103000			-1987.471834			0.964953
104000			-1987.471834			0.873121
105000			-1987.471834			0.790029
106000			-1989.368944			0.714844
107000			-1987.471834			0.646814
108000			-1987.471834			0.585259
109000			-1983.677614			0.529561
110000			-1983.677614			0.479165
111000			-1983.677614			0.433564
112000			-1983.677614			0.392303
113000			-1983.677614			0.354969
114000			-1983.677614			0.321187
115000			-1981.780504			0.290621
116000			-1981.780504			0.262963
117000			-1981.780504			0.237938
118000			-1981.780504			0.215294
119000			-1981.780504			0.194805
120000			-1981.780504			0.176266
121000			-1981.780504			0.159491
122000			-1981.780504			0.144313
123000			-1981.780504			0.130579
124000			-1981.780504			0.118152
125000			-1981.780504			0.106908
126000			-1981.780504			0.096734
127000			-1981.780504			0.087528
128000			-1981.780504			0.079198
129000			-1981.780504			0.071661
130000			-1981.780504			0.064841
131000			-1981.780504			0.058671
132000			-1981.780504			0.053087
133000			-1981.780504			0.048035
134000			-1981.780504			0.043464
135000			-1981.780504			0.039327
136000			-1981.780504			0.035585
137000			-1981.780504			0.032198
138000			-1981.780504			0.029134
139000			-1981.780504			0.026361
140000			-1981.780504			0.023853
141000			-1981.780504			0.021583
142000			-1981.780504			0.019529
143000			-1981.780504			0.017670
144000			-1981.780504			0.015989
145000			-1981.780504			0.014467
146000			-1981.780504			0.013090
147000			-1981.780504			0.011844
148000			-1981.780504			0.010717
149000			-1981.780504			0.009697
150000			-1981.780504			0.008774
151000			-1981.780504			0.007939
152000			-1981.780504			0.007184
153000			-1981.780504			0.006500
154000			-1981.780504			0.005882
155000			-1981.780504			0.005322
156000			-1981.780504			0.004815
157000			-1981.780504			0.004357
158000			-1981.780504			0.003942
159000			-1981.780504			0.003567
160000			-1981.780504			0.003228
161000			-1981.780504			0.002921
162000			-1981.780504			0.002643
163000			-1981.780504			0.002391
164000			-1981.780504			0.002164
165000			-1981.780504			0.001958
166000			-1981.780504			0.001771
167000			-1981.780504			0.001603
168000			-1981.780504			0.001450
169000			-1981.780504			0.001312
170000			-1981.780504			0.001187
171000			-1981.780504			0.001074
Iteration: 8
Step			Log-likelihood			Temperature
1			-31183.376956			99900.000000
1000			-28513.770626			36769.542477
2000			-25791.274048			23501.721022
3000			-29460.991552			21265.130236
4000			-28370.352670			19241.389323
5000			-26862.056253			17410.241977
6000			-29035.431940			15753.359626
7000			-29499.294378			14254.157974
8000			-28468.814708			12897.631004
9000			-24281.493976			11670.200782
10000			-28147.725159			10559.581542
11000			-28873.808068			9554.656721
12000			-30018.322594			8645.367688
13000			-29356.908530			7822.613061
14000			-27419.827164			7078.157611
15000			-29543.974752			6404.549832
16000			-31029.238925			5795.047357
17000			-27575.572025			5243.549468
18000			-29613.716274			4744.536038
19000			-28866.187375			4293.012272
20000			-29343.763613			3884.458716
21000			-30002.603246			3514.786020
22000			-27334.161095			3180.294005
23000			-28594.232224			2877.634626
24000			-27139.908210			2603.778466
25000			-24450.330925			2355.984403
26000			-22350.221275			2131.772185
27000			-16078.633415			1928.897594
28000			-28832.989479			1745.329992
29000			-25371.229763			1579.231987
30000			-23552.332260			1428.941048
31000			-27559.175356			1292.952863
32000			-22660.793166			1169.906280
33000			-22734.522429			1058.569685
34000			-18975.007366			957.828671
35000			-20455.858666			866.674888
36000			-15201.373946			784.195947
37000			-17684.966737			709.566288
38000			-13443.990296			642.038917
39000			-13779.122018			580.937931
40000			-14533.462218			525.651749
41000			-15300.114586			475.626993
42000			-13225.585196			430.362949
43000			-14821.016601			389.406552
44000			-12673.306256			352.347857
45000			-11967.903875			318.815931
46000			-11114.808299			288.475142
47000			-12932.793811			261.021797
48000			-10039.592646			236.181108
49000			-10828.247931			213.704435
50000			-10583.746517			193.366803
51000			-9639.894678			174.964643
52000			-9625.383441			158.313765
53000			-9263.111619			143.247502
54000			-9467.961405			129.615051
55000			-7354.431293			117.279962
56000			-6086.883221			106.118767
57000			-5826.205072			96.019751
58000			-5691.096808			86.881830
59000			-6531.021053			78.613537
60000			-4819.452484			71.132114
61000			-5167.682133			64.362677
62000			-4475.597615			58.237467
63000			-4242.898154			52.695176
64000			-4206.595038			47.680328
65000			-3807.046658			43.142730
66000			-3666.821786			39.036961
67000			-3246.308437			35.321926
68000			-3119.879389			31.960441
69000			-2884.702258			28.918858
70000			-2604.639554			26.166734
71000			-2617.919324			23.676522
72000			-2642.517247			21.423296
73000			-2705.089623			19.384503
74000			-2589.430421			17.539736
75000			-2680.362687			15.870530
76000			-2602.677938			14.360177
77000			-2475.571569			12.993561
78000			-2191.714645			11.757001
79000			-2168.949325			10.638121
80000			-2149.978225			9.625722
81000			-2149.978225			8.709670
82000			-2146.184005			7.880796
83000			-2131.007126			7.130803
84000			-2149.978225			6.452185
85000			-2104.447586			5.838150
86000			-2117.727356			5.282550
87000			-2094.962036			4.779825
88000			-2049.431396			4.324943
89000			-2005.797867			3.913350
90000			-1996.312317			3.540928
91000			-1992.518097			3.203948
92000			-2002.003647			2.899038
93000			-1986.826767			2.623145
94000			-1962.164337			2.373508
95000			-1962.164337			2.147628
96000			-1965.958557			1.943244
97000			-1948.884567			1.758311
98000			-1948.884567			1.590978
99000			-1946.987457			1.439569
100000			-1950.781677			1.302570
101000			-1946.987457			1.178608
102000			-1941.296127			1.066443
103000			-1939.399017			0.964953
104000			-1935.604797			0.873121
105000			-1935.604797			0.790029
106000			-1935.604797			0.714844
107000			-1933.707687			0.646814
108000			-1926.119247			0.585259
109000			-1833.160858			0.529561
110000			-1833.160858			0.479165
111000			-1833.160858			0.433564
112000			-1833.160858			0.392303
113000			-1833.160858			0.354969
114000			-1833.160858			0.321187
115000			-1833.160858			0.290621
116000			-1829.366638			0.262963
117000			-1829.366638			0.237938
118000			-1829.366638			0.215294
119000			-1829.366638			0.194805
120000			-1829.366638			0.176266
121000			-1827.469528			0.159491
122000			-1827.469528			0.144313
123000			-1827.469528			0.130579
124000			-1827.469528			0.118152
125000			-1827.469528			0.106908
126000			-1827.469528			0.096734
127000			-1827.469528			0.087528
128000			-1827.469528			0.079198
129000			-1827.469528			0.071661
130000			-1783.835998			0.064841
131000			-1783.835998			0.058671
132000			-1783.835998			0.053087
133000			-1783.835998			0.048035
134000			-1783.835998			0.043464
135000			-1783.835998			0.039327
136000			-1783.835998			0.035585
137000			-1783.835998			0.032198
138000			-1780.041778			0.029134
139000			-1780.041778			0.026361
140000			-1780.041778			0.023853
141000			-1780.041778			0.021583
142000			-1780.041778			0.019529
143000			-1780.041778			0.017670
144000			-1780.041778			0.015989
145000			-1780.041778			0.014467
146000			-1780.041778			0.013090
147000			-1780.041778			0.011844
148000			-1780.041778			0.010717
149000			-1780.041778			0.009697
150000			-1780.041778			0.008774
151000			-1780.041778			0.007939
152000			-1780.041778			0.007184
153000			-1780.041778			0.006500
154000			-1780.041778			0.005882
155000			-1780.041778			0.005322
156000			-1780.041778			0.004815
157000			-1780.041778			0.004357
158000			-1780.041778			0.003942
159000			-1780.041778			0.003567
160000			-1780.041778			0.003228
161000			-1780.041778			0.002921
162000			-1780.041778			0.002643
163000			-1780.041778			0.002391
164000			-1780.041778			0.002164
165000			-1780.041778			0.001958
166000			-1780.041778			0.001771
167000			-1780.041778			0.001603
168000			-1780.041778			0.001450
169000			-1780.041778			0.001312
170000			-1780.041778			0.001187
171000			-1780.041778			0.001074
Iteration: 9
Step			Log-likelihood			Temperature
1			-30869.359793			99900.000000
1000			-28860.639795			36769.542477
2000			-25123.998490			23501.721022
3000			-30203.207264			21265.130236
4000			-23340.328064			19241.389323
5000			-25457.813663			17410.241977
6000			-29963.461832			15753.359626
7000			-30195.715585			14254.157974
8000			-28695.731918			12897.631004
9000			-25807.849501			11670.200782
10000			-31518.719715			10559.581542
11000			-26289.058692			9554.656721
12000			-26903.470139			8645.367688
13000			-22122.104852			7822.613061
14000			-26560.017047			7078.157611
15000			-28169.103584			6404.549832
16000			-26990.751934			5795.047357
17000			-28861.123595			5243.549468
18000			-25337.204958			4744.536038
19000			-27020.859345			4293.012272
20000			-28642.859187			3884.458716
21000			-25502.356126			3514.786020
22000			-25435.907506			3180.294005
23000			-29403.626705			2877.634626
24000			-26185.776165			2603.778466
25000			-28492.321856			2355.984403
26000			-25619.358292			2131.772185
27000			-21979.575254			1928.897594
28000			-25342.691090			1745.329992
29000			-21492.657216			1579.231987
30000			-21942.354306			1428.941048
31000			-24212.702538			1292.952863
32000			-21956.112038			1169.906280
33000			-28048.307198			1058.569685
34000			-26340.823130			957.828671
35000			-16760.194436			866.674888
36000			-18143.208191			784.195947
37000			-14796.037477			709.566288
38000			-15730.617861			642.038917
39000			-16036.342849			580.937931
40000			-16402.989452			525.651749
41000			-13831.974173			475.626993
42000			-12867.494634			430.362949
43000			-12967.293797			389.406552
44000			-13032.079978			352.347857
45000			-11309.791334			318.815931
46000			-10152.302055			288.475142
47000			-11916.676067			261.021797
48000			-11158.306976			236.181108
49000			-9084.331733			213.704435
50000			-8494.233767			193.366803
51000			-9764.098243			174.964643
52000			-9068.993586			158.313765
53000			-8361.113535			143.247502
54000			-7420.753957			129.615051
55000			-7962.790784			117.279962
56000			-8054.497130			106.118767
57000			-7502.045245			96.019751
58000			-7172.857042			86.881830
59000			-5485.751543			78.613537
60000			-6408.553330			71.132114
61000			-5974.604783			64.362677
62000			-5292.322510			58.237467
63000			-4882.643513			52.695176
64000			-4488.850971			47.680328
65000			-4591.101390			43.142730
66000			-3774.608108			39.036961
67000			-3532.358590			35.321926
68000			-3397.567021			31.960441
69000			-3308.402852			28.918858
70000			-3283.740422			26.166734
71000			-3384.254998			23.676522
72000			-3348.209908			21.423296
73000			-3190.749779			19.384503
74000			-2854.993566			17.539736
75000			-2647.021041			15.870530
76000			-2603.387512			14.360177
77000			-2565.445312			12.993561
78000			-2510.429122			11.757001
79000			-2440.203800			10.638121
80000			-2415.573623			9.625722
81000			-2301.747024			8.709670
82000			-2235.348175			7.880796
83000			-2248.627945			7.130803
84000			-2235.348175			6.452185
85000			-2089.270706			5.838150
86000			-2100.653366			5.282550
87000			-2108.241806			4.779825
88000			-1983.032547			4.324943
89000			-1939.399017			3.913350
90000			-1819.881088			3.540928
91000			-1823.675308			3.203948
92000			-1819.881088			2.899038
93000			-1810.395538			2.623145
94000			-1800.909988			2.373508
95000			-1799.012878			2.147628
96000			-1800.909988			1.943244
97000			-1797.115768			1.758311
98000			-1797.115768			1.590978
99000			-1795.218658			1.439569
100000			-1797.115768			1.302570
101000			-1795.218658			1.178608
102000			-1789.527328			1.066443
103000			-1789.527328			0.964953
104000			-1785.733108			0.873121
105000			-1785.733108			0.790029
106000			-1785.733108			0.714844
107000			-1785.733108			0.646814
108000			-1785.733108			0.585259
109000			-1785.733108			0.529561
110000			-1785.733108			0.479165
111000			-1785.733108			0.433564
112000			-1785.733108			0.392303
113000			-1785.733108			0.354969
114000			-1785.733108			0.321187
115000			-1785.733108			0.290621
116000			-1785.733108			0.262963
117000			-1785.733108			0.237938
118000			-1785.733108			0.215294
119000			-1785.733108			0.194805
120000			-1785.733108			0.176266
121000			-1785.733108			0.159491
122000			-1783.835998			0.144313
123000			-1783.835998			0.130579
124000			-1783.835998			0.118152
125000			-1783.835998			0.106908
126000			-1783.835998			0.096734
127000			-1783.835998			0.087528
128000			-1783.835998			0.079198
129000			-1783.835998			0.071661
130000			-1783.835998			0.064841
131000			-1783.835998			0.058671
132000			-1783.835998			0.053087
133000			-1783.835998			0.048035
134000			-1783.835998			0.043464
135000			-1783.835998			0.039327
136000			-1783.835998			0.035585
137000			-1783.835998			0.032198
138000			-1783.835998			0.029134
139000			-1783.835998			0.026361
140000			-1783.835998			0.023853
141000			-1783.835998			0.021583
142000			-1783.835998			0.019529
143000			-1783.835998			0.017670
144000			-1783.835998			0.015989
145000			-1783.835998			0.014467
146000			-1783.835998			0.013090
147000			-1783.835998			0.011844
148000			-1783.835998			0.010717
149000			-1783.835998			0.009697
150000			-1783.835998			0.008774
151000			-1783.835998			0.007939
152000			-1783.835998			0.007184
153000			-1783.835998			0.006500
154000			-1783.835998			0.005882
155000			-1783.835998			0.005322
156000			-1783.835998			0.004815
157000			-1783.835998			0.004357
158000			-1783.835998			0.003942
159000			-1783.835998			0.003567
160000			-1783.835998			0.003228
161000			-1783.835998			0.002921
162000			-1783.835998			0.002643
163000			-1783.835998			0.002391
164000			-1783.835998			0.002164
165000			-1783.835998			0.001958
166000			-1783.835998			0.001771
167000			-1783.835998			0.001603
168000			-1783.835998			0.001450
169000			-1783.835998			0.001312
170000			-1783.835998			0.001187
171000			-1783.835998			0.001074
Iteration: 10
Step			Log-likelihood			Temperature
1			-32251.089252			99900.000000
1000			-25233.432792			36769.542477
2000			-28181.072644			23501.721022
3000			-30494.840309			21265.130236
4000			-28704.572400			19241.389323
5000			-25120.101671			17410.241977
6000			-28271.037308			15753.359626
7000			-30621.946678			14254.157974
8000			-29331.108335			12897.631004
9000			-28932.407441			11670.200782
10000			-28340.740738			10559.581542
11000			-23476.840740			9554.656721
12000			-28078.913146			8645.367688
13000			-27276.344701			7822.613061
14000			-28587.558556			7078.157611
15000			-30381.394911			6404.549832
16000			-28338.160468			5795.047357
17000			-23723.802308			5243.549468
18000			-29780.500686			4744.536038
19000			-27394.443482			4293.012272
20000			-30023.181175			3884.458716
21000			-24155.343530			3514.786020
22000			-31112.362816			3180.294005
23000			-30948.745074			2877.634626
24000			-28550.836146			2603.778466
25000			-26105.329304			2355.984403
26000			-21653.207830			2131.772185
27000			-22127.432497			1928.897594
28000			-21063.250556			1745.329992
29000			-27295.831855			1579.231987
30000			-26042.273127			1428.941048
31000			-22301.911006			1292.952863
32000			-15983.352783			1169.906280
33000			-21141.729961			1058.569685
34000			-29902.173752			957.828671
35000			-17108.315648			866.674888
36000			-16001.168600			784.195947
37000			-14537.836998			709.566288
38000			-13380.051600			642.038917
39000			-17632.466311			580.937931
40000			-14697.742544			525.651749
41000			-12970.176025			475.626993
42000			-12393.281645			430.362949
43000			-13091.966427			389.406552
44000			-13956.198314			352.347857
45000			-12179.500456			318.815931
46000			-13789.290728			288.475142
47000			-10867.565348			261.021797
48000			-10205.371364			236.181108
49000			-9379.603570			213.704435
50000			-10163.722807			193.366803
51000			-8671.691265			174.964643
52000			-7910.058745			158.313765
53000			-9669.700130			143.247502
54000			-9211.625783			129.615051
55000			-8883.490262			117.279962
56000			-7682.083013			106.118767
57000			-7718.315784			96.019751
58000			-6954.179178			86.881830
59000			-6780.161114			78.613537
60000			-7944.690525			71.132114
61000			-7011.027971			64.362677
62000			-6371.056839			58.237467
63000			-5292.348924			52.695176
64000			-4617.719597			47.680328
65000			-4946.333079			43.142730
66000			-4160.005876			39.036961
67000			-3968.333261			35.321926
68000			-3493.868083			31.960441
69000			-3122.486073			28.918858
70000			-3031.521554			26.166734
71000			-2768.532841			23.676522
72000			-2789.401050			21.423296
73000			-2535.768873			19.384503
74000			-2499.723783			17.539736
75000			-2425.736494			15.870530
76000			-2446.604704			14.360177
77000			-2423.839384			12.993561
78000			-2355.543425			11.757001
79000			-2059.594267			10.638121
80000			-2084.256697			9.625722
81000			-2044.417387			8.709670
82000			-1993.195417			7.880796
83000			-1995.092527			7.130803
84000			-2027.343397			6.452185
85000			-2029.240507			5.838150
86000			-2015.960737			5.282550
87000			-2012.166517			4.779825
88000			-1991.298307			4.324943
89000			-1959.047438			3.913350
90000			-1953.356108			3.540928
91000			-1959.047438			3.203948
92000			-1943.870558			2.899038
93000			-1949.561888			2.623145
94000			-1945.767668			2.373508
95000			-1953.356108			2.147628
96000			-1945.767668			1.943244
97000			-1947.664778			1.758311
98000			-1945.767668			1.590978
99000			-1945.767668			1.439569
100000			-1951.458998			1.302570
101000			-1854.706389			1.178608
102000			-1852.809279			1.066443
103000			-1847.117949			0.964953
104000			-1835.735289			0.873121
105000			-1830.043959			0.790029
106000			-1830.043959			0.714844
107000			-1830.043959			0.646814
108000			-1830.043959			0.585259
109000			-1830.043959			0.529561
110000			-1830.043959			0.479165
111000			-1830.043959			0.433564
112000			-1828.146849			0.392303
113000			-1826.249739			0.354969
114000			-1826.249739			0.321187
115000			-1826.249739			0.290621
116000			-1824.352629			0.262963
117000			-1824.352629			0.237938
118000			-1824.352629			0.215294
119000			-1824.352629			0.194805
120000			-1824.352629			0.176266
121000			-1824.352629			0.159491
122000			-1824.352629			0.144313
123000			-1824.352629			0.130579
124000			-1824.352629			0.118152
125000			-1824.352629			0.106908
126000			-1824.352629			0.096734
127000			-1824.352629			0.087528
128000			-1824.352629			0.079198
129000			-1824.352629			0.071661
130000			-1824.352629			0.064841
131000			-1824.352629			0.058671
132000			-1824.352629			0.053087
133000			-1824.352629			0.048035
134000			-1824.352629			0.043464
135000			-1824.352629			0.039327
136000			-1824.352629			0.035585
137000			-1824.352629			0.032198
138000			-1824.352629			0.029134
139000			-1824.352629			0.026361
140000			-1824.352629			0.023853
141000			-1824.352629			0.021583
142000			-1824.352629			0.019529
143000			-1824.352629			0.017670
144000			-1824.352629			0.015989
145000			-1824.352629			0.014467
146000			-1824.352629			0.013090
147000			-1824.352629			0.011844
148000			-1824.352629			0.010717
149000			-1824.352629			0.009697
150000			-1824.352629			0.008774
151000			-1824.352629			0.007939
152000			-1824.352629			0.007184
153000			-1824.352629			0.006500
154000			-1824.352629			0.005882
155000			-1824.352629			0.005322
156000			-1824.352629			0.004815
157000			-1824.352629			0.004357
158000			-1824.352629			0.003942
159000			-1824.352629			0.003567
160000			-1824.352629			0.003228
161000			-1824.352629			0.002921
162000			-1824.352629			0.002643
163000			-1824.352629			0.002391
164000			-1824.352629			0.002164
165000			-1824.352629			0.001958
166000			-1824.352629			0.001771
167000			-1824.352629			0.001603
168000			-1824.352629			0.001450
169000			-1824.352629			0.001312
170000			-1824.352629			0.001187
171000			-1824.352629			0.001074

Maximum likelihood Tree found: -1780.041778
digraph g {
	"49" -> "50";
	"50" [label="17"];
	"48" -> "49";
	"49" [label="29"];
	"47" -> "48";
	"48" [label="4"];
	"46" -> "47";
	"47" [label="40"];
	"44" -> "45";
	"45" [label="38"];
	"43" -> "44";
	"44" [label="43"];
	"42" -> "43";
	"43" [label="47"];
	"41" -> "42";
	"42" [label="33"];
	"40" -> "41";
	"41" [label="7"];
	"39" -> "40";
	"40" [label="1"];
	"37" -> "38";
	"38" [label="2"];
	"36" -> "37";
	"37" [label="39"];
	"35" -> "36";
	"36" [label="27"];
	"34" -> "35";
	"35" [label="8"];
	"32" -> "33";
	"33" [label="50"];
	"31" -> "32";
	"32" [label="21"];
	"30" -> "31";
	"31" [label="28"];
	"28" -> "29";
	"29" [label="37"];
	"27" -> "28";
	"28" [label="32"];
	"26" -> "27";
	"27" [label="46"];
	"25" -> "26";
	"26" [label="35"];
	"24" -> "25";
	"25" [label="25"];
	"23" -> "24";
	"24" [label="10"];
	"22" -> "23";
	"23" [label="3"];
	"21" -> "22";
	"22" [label="9"];
	"20" -> "21";
	"21" [label="44"];
	"19" -> "20";
	"20" [label="20"];
	"18" -> "19";
	"19" [label="19"];
	"17" -> "18";
	"18" [label="5"];
	"17" -> "30";
	"30" [label="42"];
	"16" -> "17";
	"17" [label="30"];
	"16" -> "34";
	"34" [label="22"];
	"15" -> "16";
	"16" [label="14"];
	"14" -> "15";
	"15" [label="11"];
	"13" -> "14";
	"14" [label="41"];
	"12" -> "13";
	"13" [label="26"];
	"11" -> "12";
	"12" [label="49"];
	"11" -> "39";
	"39" [label="6"];
	"10" -> "11";
	"11" [label="31"];
	"9" -> "10";
	"10" [label="16"];
	"8" -> "9";
	"9" [label="13"];
	"8" -> "46";
	"46" [label="18"];
	"7" -> "8";
	"8" [label="45"];
	"6" -> "7";
	"7" [label="23"];
	"5" -> "6";
	"6" [label="34"];
	"4" -> "5";
	"5" [label="48"];
	"3" -> "4";
	"4" [label="24"];
	"2" -> "3";
	"3" [label="12"];
	"1" -> "2";
	"2" [label="36"];
	"0" -> "1";
	"1" [label="15"];
	"0" [label="germline"];
	labelloc="t";
	label="Confidence score: -1780.041778";
}
Best cell assignment:
21 29 11 22 44 50 50 6 50 27 32 22 45 11 29 38 33 45 15 38 16 43 45 22 7 37 38 11 45 28 45 29 22 50 29 32 22 38 50 45 28 16 7 45 33 8 50 22 49 33 31 33 45 38 22 50 45 31 8 37 45 15 49 11 44 38 36 50 11 14 14 16 44 15 20 8 45 27 38 33 22 21 16 11 50 28 50 8 7 48 8 29 11 29 28 50 11 8 10 16 11 9 20 50 49 33 32 44 29 38 26 16 29 32 10 44 37 19 45 38 29 29 43 38 33 8 38 14 11 5 29 28 38 22 44 11 16 32 10 11 33 29 28 11 11 22 9 37 50 49 7 50 6 44 29 29 45 49 50 45 33 7 35 37 22 29 11 42 8 50 29 11 37 44 38 45 11 33 16 15 33 27 15 11 11 11 29 33 8 33 29 22 38 14 33 8 11 33 8 33 10 11 45 22 29 16 38 8 11 11 33 11 29 22 50 22 22 44 27 28 50 16 38 8 16 50 38 50 29 45 33 22 45 37 10 35 22 33 38 50 29 11 50 16 11 10 15 29 9 16 
alpha: 0.150000
beta: 0.000010
gamma: 1.000000
delta: 0.887000
