Starting SASC.
Iteration: 1
Step			Log-likelihood			Temperature
1			-39224.852517			99900.000000
1000			-36061.674561			36769.542477
2000			-32417.918710			23501.721022
3000			-33171.120953			21265.130236
4000			-35327.947621			19241.389323
5000			-33633.653927			17410.241977
6000			-34188.952866			15753.359626
7000			-34086.046160			14254.157974
8000			-33838.091494			12897.631004
9000			-35451.613176			11670.200782
10000			-32611.118744			10559.581542
11000			-36564.279693			9554.656721
12000			-34498.576049			8645.367688
13000			-34718.312593			7822.613061
14000			-38003.317471			7078.157611
15000			-32276.862004			6404.549832
16000			-38444.523945			5795.047357
17000			-32255.965582			5243.549468
18000			-33960.957935			4744.536038
19000			-32601.885675			4293.012272
20000			-31736.171077			3884.458716
21000			-35943.150429			3514.786020
22000			-31823.786256			3180.294005
23000			-25008.841530			2877.634626
24000			-34540.487600			2603.778466
25000			-30891.043881			2355.984403
26000			-29530.891143			2131.772185
27000			-33865.178766			1928.897594
28000			-27838.429591			1745.329992
29000			-34015.232297			1579.231987
30000			-29159.838570			1428.941048
31000			-31274.612794			1292.952863
32000			-23933.320860			1169.906280
33000			-18028.798897			1058.569685
34000			-20222.485589			957.828671
35000			-21292.443943			866.674888
36000			-16783.023534			784.195947
37000			-18645.004855			709.566288
38000			-19284.292827			642.038917
39000			-16956.814420			580.937931
40000			-14705.502468			525.651749
41000			-11883.631484			475.626993
42000			-12707.135407			430.362949
43000			-11145.250846			389.406552
44000			-11691.819623			352.347857
45000			-10033.646994			318.815931
46000			-13335.521670			288.475142
47000			-12261.546173			261.021797
48000			-10656.673150			236.181108
49000			-10162.992205			213.704435
50000			-8452.383717			193.366803
51000			-7503.641044			174.964643
52000			-7266.502295			158.313765
53000			-7977.370232			143.247502
54000			-6917.014764			129.615051
55000			-6772.796313			117.279962
56000			-6121.454199			106.118767
57000			-6013.732385			96.019751
58000			-6416.306742			86.881830
59000			-5698.495432			78.613537
60000			-4825.495090			71.132114
61000			-4998.259142			64.362677
62000			-5168.659278			58.237467
63000			-5021.039487			52.695176
64000			-4345.894106			47.680328
65000			-4208.849361			43.142730
66000			-3636.231624			39.036961
67000			-3467.679116			35.321926
68000			-3358.640752			31.960441
69000			-2937.730333			28.918858
70000			-2660.849035			26.166734
71000			-2458.406574			23.676522
72000			-2445.126804			21.423296
73000			-2393.904835			19.384503
74000			-2204.193836			17.539736
75000			-2219.370716			15.870530
76000			-2171.942966			14.360177
77000			-2080.881687			12.993561
78000			-2116.926777			11.757001
79000			-2126.412327			10.638121
80000			-2118.823887			9.625722
81000			-2137.794987			8.709670
82000			-2113.132557			7.880796
83000			-2111.235447			7.130803
84000			-2061.910587			6.452185
85000			-2063.807697			5.838150
86000			-2054.322147			5.282550
87000			-2052.425037			4.779825
88000			-2042.939487			4.324943
89000			-2060.013477			3.913350
90000			-2058.116367			3.540928
91000			-2060.013477			3.203948
92000			-2046.733707			2.899038
93000			-2044.836597			2.623145
94000			-2042.939487			2.373508
95000			-2042.939487			2.147628
96000			-2041.042378			1.943244
97000			-2039.145268			1.758311
98000			-2037.248158			1.590978
99000			-2031.556828			1.439569
100000			-2035.351048			1.302570
101000			-2035.351048			1.178608
102000			-2031.556828			1.066443
103000			-2023.968388			0.964953
104000			-2022.071278			0.873121
105000			-2022.071278			0.790029
106000			-2020.174168			0.714844
107000			-2020.174168			0.646814
108000			-2020.174168			0.585259
109000			-2016.379948			0.529561
110000			-2016.379948			0.479165
111000			-2016.379948			0.433564
112000			-2016.379948			0.392303
113000			-2016.379948			0.354969
114000			-2016.379948			0.321187
115000			-2016.379948			0.290621
116000			-2016.379948			0.262963
117000			-2016.379948			0.237938
118000			-2016.379948			0.215294
119000			-2012.585728			0.194805
120000			-2012.585728			0.176266
121000			-2012.585728			0.159491
122000			-2012.585728			0.144313
123000			-2012.585728			0.130579
124000			-2012.585728			0.118152
125000			-2012.585728			0.106908
126000			-2012.585728			0.096734
127000			-2012.585728			0.087528
128000			-2012.585728			0.079198
129000			-2012.585728			0.071661
130000			-2012.585728			0.064841
131000			-2012.585728			0.058671
132000			-2012.585728			0.053087
133000			-2012.585728			0.048035
134000			-2012.585728			0.043464
135000			-2012.585728			0.039327
136000			-2012.585728			0.035585
137000			-2012.585728			0.032198
138000			-2012.585728			0.029134
139000			-2012.585728			0.026361
140000			-2012.585728			0.023853
141000			-2012.585728			0.021583
142000			-2012.585728			0.019529
143000			-2012.585728			0.017670
144000			-2012.585728			0.015989
145000			-2012.585728			0.014467
146000			-2012.585728			0.013090
147000			-2012.585728			0.011844
148000			-2012.585728			0.010717
149000			-2012.585728			0.009697
150000			-2012.585728			0.008774
151000			-2012.585728			0.007939
152000			-2012.585728			0.007184
153000			-2010.688618			0.006500
154000			-2010.688618			0.005882
155000			-2010.688618			0.005322
156000			-2010.688618			0.004815
157000			-2010.688618			0.004357
158000			-2010.688618			0.003942
159000			-2010.688618			0.003567
160000			-2010.688618			0.003228
161000			-2010.688618			0.002921
162000			-2010.688618			0.002643
163000			-2010.688618			0.002391
164000			-2010.688618			0.002164
165000			-2008.791508			0.001958
166000			-2008.791508			0.001771
167000			-2008.791508			0.001603
168000			-2008.791508			0.001450
169000			-2008.791508			0.001312
170000			-2008.791508			0.001187
171000			-2008.791508			0.001074
Iteration: 2
Step			Log-likelihood			Temperature
1			-38372.524686			99900.000000
1000			-35684.312959			36769.542477
2000			-32829.407139			23501.721022
3000			-32751.449649			21265.130236
4000			-34854.237577			19241.389323
5000			-34425.118633			17410.241977
6000			-37220.525431			15753.359626
7000			-36754.950100			14254.157974
8000			-32788.496975			12897.631004
9000			-34290.617991			11670.200782
10000			-35204.827563			10559.581542
11000			-37540.174710			9554.656721
12000			-31748.763368			8645.367688
13000			-28982.090792			7822.613061
14000			-37590.991557			7078.157611
15000			-25891.985849			6404.549832
16000			-38249.889858			5795.047357
17000			-29397.170838			5243.549468
18000			-31669.048644			4744.536038
19000			-32418.412123			4293.012272
20000			-34972.363906			3884.458716
21000			-33179.398392			3514.786020
22000			-33772.117778			3180.294005
23000			-25544.138390			2877.634626
24000			-30910.448750			2603.778466
25000			-36039.876842			2355.984403
26000			-29116.115861			2131.772185
27000			-33805.219604			1928.897594
28000			-21679.022812			1745.329992
29000			-27574.698463			1579.231987
30000			-30070.348763			1428.941048
31000			-25805.452017			1292.952863
32000			-23686.495746			1169.906280
33000			-25466.593343			1058.569685
34000			-28392.915579			957.828671
35000			-21793.952460			866.674888
36000			-20681.225579			784.195947
37000			-20156.959569			709.566288
38000			-16807.663983			642.038917
39000			-16121.948116			580.937931
40000			-16175.428386			525.651749
41000			-16940.197816			475.626993
42000			-12850.132515			430.362949
43000			-15005.394761			389.406552
44000			-10271.398556			352.347857
45000			-12429.421361			318.815931
46000			-11558.208008			288.475142
47000			-11422.396009			261.021797
48000			-9318.972241			236.181108
49000			-9361.345749			213.704435
50000			-10247.788548			193.366803
51000			-8861.309208			174.964643
52000			-7789.292478			158.313765
53000			-5932.285669			143.247502
54000			-6926.210034			129.615051
55000			-6980.877275			117.279962
56000			-6118.343139			106.118767
57000			-6338.240791			96.019751
58000			-7573.356151			86.881830
59000			-5904.446393			78.613537
60000			-5371.263006			71.132114
61000			-4968.904393			64.362677
62000			-4833.592466			58.237467
63000			-4699.653818			52.695176
64000			-3484.398319			47.680328
65000			-3573.788262			43.142730
66000			-3239.112793			39.036961
67000			-3172.867032			35.321926
68000			-3308.515397			31.960441
69000			-2968.342120			28.918858
70000			-2951.955480			26.166734
71000			-2887.453741			23.676522
72000			-2774.933661			21.423296
73000			-2626.862322			19.384503
74000			-2480.881614			17.539736
75000			-2382.522175			15.870530
76000			-2310.431995			14.360177
77000			-2299.049335			12.993561
78000			-2221.267826			11.757001
79000			-2189.016956			10.638121
80000			-2209.885166			9.625722
81000			-2181.428516			8.709670
82000			-2164.354527			7.880796
83000			-2173.840076			7.130803
84000			-2132.103657			6.452185
85000			-2130.206547			5.838150
86000			-2099.852787			5.282550
87000			-2111.235447			4.779825
88000			-2107.441227			4.324943
89000			-2099.852787			3.913350
90000			-2103.647007			3.540928
91000			-2111.235447			3.203948
92000			-2063.807697			2.899038
93000			-2046.733707			2.623145
94000			-2048.630817			2.373508
95000			-2041.042378			2.147628
96000			-2035.351048			1.943244
97000			-2042.939487			1.758311
98000			-2037.248158			1.590978
99000			-2033.453938			1.439569
100000			-2029.659718			1.302570
101000			-2031.556828			1.178608
102000			-2022.071278			1.066443
103000			-2018.277058			0.964953
104000			-2018.277058			0.873121
105000			-2020.174168			0.790029
106000			-2018.277058			0.714844
107000			-2018.277058			0.646814
108000			-2018.277058			0.585259
109000			-2016.379948			0.529561
110000			-2016.379948			0.479165
111000			-2014.482838			0.433564
112000			-2014.482838			0.392303
113000			-2014.482838			0.354969
114000			-2014.482838			0.321187
115000			-2010.688618			0.290621
116000			-2010.688618			0.262963
117000			-2010.688618			0.237938
118000			-2010.688618			0.215294
119000			-2010.688618			0.194805
120000			-2010.688618			0.176266
121000			-2010.688618			0.159491
122000			-2010.688618			0.144313
123000			-2010.688618			0.130579
124000			-2010.688618			0.118152
125000			-2010.688618			0.106908
126000			-2010.688618			0.096734
127000			-2010.688618			0.087528
128000			-2010.688618			0.079198
129000			-2010.688618			0.071661
130000			-2010.688618			0.064841
131000			-2010.688618			0.058671
132000			-2010.688618			0.053087
133000			-2010.688618			0.048035
134000			-2010.688618			0.043464
135000			-2010.688618			0.039327
136000			-2010.688618			0.035585
137000			-2010.688618			0.032198
138000			-2010.688618			0.029134
139000			-2010.688618			0.026361
140000			-2010.688618			0.023853
141000			-2010.688618			0.021583
142000			-2010.688618			0.019529
143000			-2010.688618			0.017670
144000			-2010.688618			0.015989
145000			-2010.688618			0.014467
146000			-2008.791508			0.013090
147000			-2008.791508			0.011844
148000			-2008.791508			0.010717
149000			-2008.791508			0.009697
150000			-2008.791508			0.008774
151000			-2008.791508			0.007939
152000			-2008.791508			0.007184
153000			-2008.791508			0.006500
154000			-2008.791508			0.005882
155000			-2008.791508			0.005322
156000			-2008.791508			0.004815
157000			-2008.791508			0.004357
158000			-2008.791508			0.003942
159000			-2008.791508			0.003567
160000			-2008.791508			0.003228
161000			-2008.791508			0.002921
162000			-2008.791508			0.002643
163000			-2008.791508			0.002391
164000			-2008.791508			0.002164
165000			-2008.791508			0.001958
166000			-2008.791508			0.001771
167000			-2008.791508			0.001603
168000			-2008.791508			0.001450
169000			-2008.791508			0.001312
170000			-2008.791508			0.001187
171000			-2008.791508			0.001074
Iteration: 3
Step			Log-likelihood			Temperature
1			-39195.864581			99900.000000
1000			-33862.621323			36769.542477
2000			-36013.770802			23501.721022
3000			-26896.577770			21265.130236
4000			-32083.384837			19241.389323
5000			-34068.323179			17410.241977
6000			-28012.478991			15753.359626
7000			-31628.404090			14254.157974
8000			-35137.855422			12897.631004
9000			-30846.802505			11670.200782
10000			-32765.306522			10559.581542
11000			-37086.901852			9554.656721
12000			-30747.353162			8645.367688
13000			-32340.716499			7822.613061
14000			-35781.292107			7078.157611
15000			-32573.912072			6404.549832
16000			-30510.041128			5795.047357
17000			-30903.422523			5243.549468
18000			-34446.870279			4744.536038
19000			-33020.583622			4293.012272
20000			-25091.853110			3884.458716
21000			-30237.913095			3514.786020
22000			-33969.933270			3180.294005
23000			-31612.784263			2877.634626
24000			-31305.678219			2603.778466
25000			-29711.449074			2355.984403
26000			-30243.850774			2131.772185
27000			-32159.102168			1928.897594
28000			-30483.262864			1745.329992
29000			-27291.087557			1579.231987
30000			-23796.503167			1428.941048
31000			-28160.873781			1292.952863
32000			-25250.478233			1169.906280
33000			-24028.144149			1058.569685
34000			-28431.566156			957.828671
35000			-16777.465651			866.674888
36000			-19235.771692			784.195947
37000			-16888.852672			709.566288
38000			-16920.772082			642.038917
39000			-18228.086366			580.937931
40000			-13442.563174			525.651749
41000			-15592.326057			475.626993
42000			-15922.518200			430.362949
43000			-10382.108256			389.406552
44000			-10101.497245			352.347857
45000			-11580.502212			318.815931
46000			-9865.326862			288.475142
47000			-9741.949442			261.021797
48000			-9296.198942			236.181108
49000			-7751.033583			213.704435
50000			-8277.617986			193.366803
51000			-8085.725436			174.964643
52000			-8452.952600			158.313765
53000			-7638.872482			143.247502
54000			-7830.706364			129.615051
55000			-7183.566085			117.279962
56000			-7035.377411			106.118767
57000			-6725.632430			96.019751
58000			-5236.147625			86.881830
59000			-5421.298041			78.613537
60000			-5237.406785			71.132114
61000			-5521.817855			64.362677
62000			-4180.901549			58.237467
63000			-4344.866558			52.695176
64000			-4401.936564			47.680328
65000			-3578.211680			43.142730
66000			-3611.053140			39.036961
67000			-3300.836703			35.321926
68000			-3770.345872			31.960441
69000			-3256.186783			28.918858
70000			-2812.779101			26.166734
71000			-2659.113192			23.676522
72000			-2568.148673			21.423296
73000			-2747.003095			19.384503
74000			-2460.239177			17.539736
75000			-2340.785755			15.870530
76000			-2225.062046			14.360177
77000			-2249.724476			12.993561
78000			-2226.959156			11.757001
79000			-2230.753376			10.638121
80000			-2181.428516			9.625722
81000			-2190.914066			8.709670
82000			-2151.074757			7.880796
83000			-2092.264347			7.130803
84000			-2092.264347			6.452185
85000			-2099.852787			5.838150
86000			-2086.573017			5.282550
87000			-2071.396137			4.779825
88000			-2073.293247			4.324943
89000			-2061.910587			3.913350
90000			-2067.601917			3.540928
91000			-2037.248158			3.203948
92000			-2031.556828			2.899038
93000			-2037.248158			2.623145
94000			-2033.453938			2.373508
95000			-2033.453938			2.147628
96000			-2029.659718			1.943244
97000			-2033.453938			1.758311
98000			-2023.968388			1.590978
99000			-2023.968388			1.439569
100000			-2022.071278			1.302570
101000			-2020.174168			1.178608
102000			-2018.277058			1.066443
103000			-2014.482838			0.964953
104000			-2014.482838			0.873121
105000			-2016.379948			0.790029
106000			-2018.277058			0.714844
107000			-2018.277058			0.646814
108000			-2018.277058			0.585259
109000			-2018.277058			0.529561
110000			-2018.277058			0.479165
111000			-2012.585728			0.433564
112000			-2012.585728			0.392303
113000			-2012.585728			0.354969
114000			-2012.585728			0.321187
115000			-2012.585728			0.290621
116000			-2010.688618			0.262963
117000			-2010.688618			0.237938
118000			-2010.688618			0.215294
119000			-2010.688618			0.194805
120000			-2010.688618			0.176266
121000			-2010.688618			0.159491
122000			-2010.688618			0.144313
123000			-2010.688618			0.130579
124000			-2010.688618			0.118152
125000			-2010.688618			0.106908
126000			-2010.688618			0.096734
127000			-2010.688618			0.087528
128000			-2010.688618			0.079198
129000			-2010.688618			0.071661
130000			-2010.688618			0.064841
131000			-2010.688618			0.058671
132000			-2010.688618			0.053087
133000			-2010.688618			0.048035
134000			-2010.688618			0.043464
135000			-2010.688618			0.039327
136000			-2008.791508			0.035585
137000			-2008.791508			0.032198
138000			-2008.791508			0.029134
139000			-2008.791508			0.026361
140000			-2008.791508			0.023853
141000			-2008.791508			0.021583
142000			-2008.791508			0.019529
143000			-2008.791508			0.017670
144000			-2008.791508			0.015989
145000			-2008.791508			0.014467
146000			-2008.791508			0.013090
147000			-2008.791508			0.011844
148000			-2008.791508			0.010717
149000			-2008.791508			0.009697
150000			-2008.791508			0.008774
151000			-2008.791508			0.007939
152000			-2008.791508			0.007184
153000			-2008.791508			0.006500
154000			-2008.791508			0.005882
155000			-2008.791508			0.005322
156000			-2008.791508			0.004815
157000			-2008.791508			0.004357
158000			-2008.791508			0.003942
159000			-2008.791508			0.003567
160000			-2008.791508			0.003228
161000			-2008.791508			0.002921
162000			-2008.791508			0.002643
163000			-2008.791508			0.002391
164000			-2008.791508			0.002164
165000			-2008.791508			0.001958
166000			-2008.791508			0.001771
167000			-2008.791508			0.001603
168000			-2008.791508			0.001450
169000			-2008.791508			0.001312
170000			-2008.791508			0.001187
171000			-2008.791508			0.001074
Iteration: 4
Step			Log-likelihood			Temperature
1			-39770.683067			99900.000000
1000			-35753.866005			36769.542477
2000			-36491.804061			23501.721022
3000			-31311.234697			21265.130236
4000			-34803.688223			19241.389323
5000			-34038.005198			17410.241977
6000			-36127.075522			15753.359626
7000			-37617.293070			14254.157974
8000			-32099.417045			12897.631004
9000			-34492.556605			11670.200782
10000			-32969.217087			10559.581542
11000			-27719.969266			9554.656721
12000			-30180.297693			8645.367688
13000			-34360.933710			7822.613061
14000			-32176.659959			7078.157611
15000			-37123.766078			6404.549832
16000			-34714.873002			5795.047357
17000			-34136.579749			5243.549468
18000			-31949.464147			4744.536038
19000			-33897.605639			4293.012272
20000			-31934.834113			3884.458716
21000			-31775.956297			3514.786020
22000			-30557.158363			3180.294005
23000			-32261.717923			2877.634626
24000			-27950.150270			2603.778466
25000			-31977.445201			2355.984403
26000			-30214.734617			2131.772185
27000			-31547.313613			1928.897594
28000			-25435.778218			1745.329992
29000			-26999.757389			1579.231987
30000			-32635.320961			1428.941048
31000			-30015.397081			1292.952863
32000			-19155.251256			1169.906280
33000			-21151.814092			1058.569685
34000			-26330.992336			957.828671
35000			-27716.117296			866.674888
36000			-26079.096002			784.195947
37000			-21538.052495			709.566288
38000			-19172.704826			642.038917
39000			-12551.453178			580.937931
40000			-13676.074478			525.651749
41000			-15783.418112			475.626993
42000			-14160.568004			430.362949
43000			-13051.887531			389.406552
44000			-13458.256108			352.347857
45000			-10981.073118			318.815931
46000			-9694.451347			288.475142
47000			-9739.323864			261.021797
48000			-9410.332527			236.181108
49000			-8969.379970			213.704435
50000			-8415.403280			193.366803
51000			-8125.280304			174.964643
52000			-7982.310023			158.313765
53000			-7360.363779			143.247502
54000			-7555.612361			129.615051
55000			-7849.070489			117.279962
56000			-6128.913625			106.118767
57000			-6149.743743			96.019751
58000			-6208.649634			86.881830
59000			-6386.049742			78.613537
60000			-5494.664798			71.132114
61000			-5318.491596			64.362677
62000			-4347.096747			58.237467
63000			-4418.654488			52.695176
64000			-4236.725450			47.680328
65000			-4005.600565			43.142730
66000			-3487.708738			39.036961
67000			-3749.619731			35.321926
68000			-3276.442179			31.960441
69000			-3237.344697			28.918858
70000			-3028.662599			26.166734
71000			-3129.112668			23.676522
72000			-2787.729631			21.423296
73000			-2922.714720			19.384503
74000			-2712.135512			17.539736
75000			-2456.809774			15.870530
76000			-2338.501605			14.360177
77000			-2302.456515			12.993561
78000			-2164.354527			11.757001
79000			-2132.103657			10.638121
80000			-2132.103657			9.625722
81000			-2118.823887			8.709670
82000			-2084.675907			7.880796
83000			-2111.235447			7.130803
84000			-2075.190357			6.452185
85000			-2086.573017			5.838150
86000			-2071.396137			5.282550
87000			-2069.499027			4.779825
88000			-2065.704807			4.324943
89000			-2069.499027			3.913350
90000			-2048.630817			3.540928
91000			-2042.939487			3.203948
92000			-2046.733707			2.899038
93000			-2050.527927			2.623145
94000			-2042.939487			2.373508
95000			-2042.939487			2.147628
96000			-2033.453938			1.943244
97000			-2033.453938			1.758311
98000			-2033.453938			1.590978
99000			-2033.453938			1.439569
100000			-2044.836597			1.302570
101000			-2037.248158			1.178608
102000			-2025.865498			1.066443
103000			-2027.762608			0.964953
104000			-2018.277058			0.873121
105000			-2018.277058			0.790029
106000			-2018.277058			0.714844
107000			-2018.277058			0.646814
108000			-2018.277058			0.585259
109000			-2018.277058			0.529561
110000			-2018.277058			0.479165
111000			-2018.277058			0.433564
112000			-2016.379948			0.392303
113000			-2016.379948			0.354969
114000			-2016.379948			0.321187
115000			-2016.379948			0.290621
116000			-2016.379948			0.262963
117000			-2016.379948			0.237938
118000			-2016.379948			0.215294
119000			-2012.585728			0.194805
120000			-2012.585728			0.176266
121000			-2008.791508			0.159491
122000			-2008.791508			0.144313
123000			-2008.791508			0.130579
124000			-2008.791508			0.118152
125000			-2008.791508			0.106908
126000			-2008.791508			0.096734
127000			-2008.791508			0.087528
128000			-2008.791508			0.079198
129000			-2008.791508			0.071661
130000			-2008.791508			0.064841
131000			-2008.791508			0.058671
132000			-2008.791508			0.053087
133000			-2008.791508			0.048035
134000			-2008.791508			0.043464
135000			-2008.791508			0.039327
136000			-2008.791508			0.035585
137000			-2008.791508			0.032198
138000			-2008.791508			0.029134
139000			-2008.791508			0.026361
140000			-2008.791508			0.023853
141000			-2008.791508			0.021583
142000			-2008.791508			0.019529
143000			-2008.791508			0.017670
144000			-2008.791508			0.015989
145000			-2008.791508			0.014467
146000			-2008.791508			0.013090
147000			-2008.791508			0.011844
148000			-2008.791508			0.010717
149000			-2008.791508			0.009697
150000			-2008.791508			0.008774
151000			-2008.791508			0.007939
152000			-2008.791508			0.007184
153000			-2008.791508			0.006500
154000			-2008.791508			0.005882
155000			-2008.791508			0.005322
156000			-2008.791508			0.004815
157000			-2008.791508			0.004357
158000			-2008.791508			0.003942
159000			-2008.791508			0.003567
160000			-2008.791508			0.003228
161000			-2008.791508			0.002921
162000			-2008.791508			0.002643
163000			-2008.791508			0.002391
164000			-2008.791508			0.002164
165000			-2008.791508			0.001958
166000			-2008.791508			0.001771
167000			-2008.791508			0.001603
168000			-2008.791508			0.001450
169000			-2008.791508			0.001312
170000			-2008.791508			0.001187
171000			-2008.791508			0.001074
Iteration: 5
Step			Log-likelihood			Temperature
1			-38605.224147			99900.000000
1000			-37616.965920			36769.542477
2000			-36415.367005			23501.721022
3000			-35789.895643			21265.130236
4000			-35082.539774			19241.389323
5000			-29734.260304			17410.241977
6000			-32175.155151			15753.359626
7000			-32498.968917			14254.157974
8000			-31942.541393			12897.631004
9000			-33294.980306			11670.200782
10000			-34579.055164			10559.581542
11000			-33344.762819			9554.656721
12000			-36191.097333			8645.367688
13000			-31957.304775			7822.613061
14000			-36074.250595			7078.157611
15000			-33980.148970			6404.549832
16000			-33230.963471			5795.047357
17000			-37676.200240			5243.549468
18000			-32430.213208			4744.536038
19000			-31955.284490			4293.012272
20000			-34893.795720			3884.458716
21000			-32988.250939			3514.786020
22000			-33729.155730			3180.294005
23000			-35252.052323			2877.634626
24000			-29337.227370			2603.778466
25000			-27943.407312			2355.984403
26000			-32648.555949			2131.772185
27000			-33068.464285			1928.897594
28000			-37137.136563			1745.329992
29000			-30675.811290			1579.231987
30000			-20871.815399			1428.941048
31000			-23593.045808			1292.952863
32000			-25331.975284			1169.906280
33000			-24338.979863			1058.569685
34000			-25166.646733			957.828671
35000			-17217.213966			866.674888
36000			-19423.066297			784.195947
37000			-14839.868231			709.566288
38000			-16192.073886			642.038917
39000			-19585.036059			580.937931
40000			-13414.144617			525.651749
41000			-13335.031017			475.626993
42000			-15147.452237			430.362949
43000			-11153.877233			389.406552
44000			-12318.891009			352.347857
45000			-9712.202658			318.815931
46000			-11095.628490			288.475142
47000			-8906.323794			261.021797
48000			-9135.621914			236.181108
49000			-7093.794941			213.704435
50000			-9145.274570			193.366803
51000			-8234.306990			174.964643
52000			-9642.287273			158.313765
53000			-7677.349934			143.247502
54000			-6995.027886			129.615051
55000			-5872.261309			117.279962
56000			-7004.572104			106.118767
57000			-5630.876794			96.019751
58000			-5839.591146			86.881830
59000			-5221.778358			78.613537
60000			-4743.351855			71.132114
61000			-5189.075941			64.362677
62000			-4547.052271			58.237467
63000			-4890.042138			52.695176
64000			-4128.603137			47.680328
65000			-3991.753192			43.142730
66000			-3776.676028			39.036961
67000			-4003.974439			35.321926
68000			-3313.348843			31.960441
69000			-2894.936670			28.918858
70000			-2784.904291			26.166734
71000			-2813.328687			23.676522
72000			-2709.019891			21.423296
73000			-2547.765543			19.384503
74000			-2466.189813			17.539736
75000			-2405.450040			15.870530
76000			-2359.951654			14.360177
77000			-2359.951654			12.993561
78000			-2344.774774			11.757001
79000			-2310.594541			10.638121
80000			-2322.009454			9.625722
81000			-2304.935464			8.709670
82000			-2339.083444			7.880796
83000			-2263.199045			7.130803
84000			-2261.301935			6.452185
85000			-2251.816385			5.838150
86000			-2251.816385			5.282550
87000			-2249.919275			4.779825
88000			-2255.610605			4.324943
89000			-2257.507715			3.913350
90000			-2265.096155			3.540928
91000			-2282.170145			3.203948
92000			-2274.581705			2.899038
93000			-2265.096155			2.623145
94000			-2242.330835			2.373508
95000			-2229.051065			2.147628
96000			-2225.256845			1.943244
97000			-2227.153955			1.758311
98000			-2219.533262			1.590978
99000			-2219.565515			1.439569
100000			-2221.462625			1.302570
101000			-2223.327482			1.178608
102000			-2227.121702			1.066443
103000			-2227.153955			0.964953
104000			-2217.636152			0.873121
105000			-2215.771295			0.790029
106000			-2213.841932			0.714844
107000			-2213.841932			0.646814
108000			-2208.150602			0.585259
109000			-2206.285745			0.529561
110000			-2204.388635			0.479165
111000			-2204.388635			0.433564
112000			-2204.356382			0.392303
113000			-2204.356382			0.354969
114000			-2204.388635			0.321187
115000			-2204.388635			0.290621
116000			-2204.356382			0.262963
117000			-2204.356382			0.237938
118000			-2204.356382			0.215294
119000			-2204.356382			0.194805
120000			-2204.356382			0.176266
121000			-2204.388635			0.159491
122000			-2202.491525			0.144313
123000			-2202.459272			0.130579
124000			-2202.459272			0.118152
125000			-2202.491525			0.106908
126000			-2202.459272			0.096734
127000			-2198.697305			0.087528
128000			-2198.697305			0.079198
129000			-2198.697305			0.071661
130000			-2198.697305			0.064841
131000			-2198.697305			0.058671
132000			-2198.697305			0.053087
133000			-2198.697305			0.048035
134000			-2198.665052			0.043464
135000			-2198.665052			0.039327
136000			-2198.665052			0.035585
137000			-2198.665052			0.032198
138000			-2198.665052			0.029134
139000			-2198.665052			0.026361
140000			-2198.665052			0.023853
141000			-2198.665052			0.021583
142000			-2198.665052			0.019529
143000			-2198.665052			0.017670
144000			-2198.665052			0.015989
145000			-2198.665052			0.014467
146000			-2198.665052			0.013090
147000			-2198.697305			0.011844
148000			-2198.697305			0.010717
149000			-2198.665052			0.009697
150000			-2198.665052			0.008774
151000			-2198.665052			0.007939
152000			-2198.665052			0.007184
153000			-2198.665052			0.006500
154000			-2198.665052			0.005882
155000			-2198.665052			0.005322
156000			-2198.665052			0.004815
157000			-2198.665052			0.004357
158000			-2196.767942			0.003942
159000			-2196.767942			0.003567
160000			-2196.767942			0.003228
161000			-2196.767942			0.002921
162000			-2196.767942			0.002643
163000			-2196.767942			0.002391
164000			-2196.767942			0.002164
165000			-2196.767942			0.001958
166000			-2196.767942			0.001771
167000			-2196.767942			0.001603
168000			-2196.767942			0.001450
169000			-2196.767942			0.001312
170000			-2196.767942			0.001187
171000			-2196.767942			0.001074
Iteration: 6
Step			Log-likelihood			Temperature
1			-39595.638733			99900.000000
1000			-29426.041688			36769.542477
2000			-37352.972518			23501.721022
3000			-31775.103664			21265.130236
4000			-35487.608980			19241.389323
5000			-33306.944630			17410.241977
6000			-32733.317786			15753.359626
7000			-37577.491853			14254.157974
8000			-35851.097077			12897.631004
9000			-30456.740547			11670.200782
10000			-35635.928179			10559.581542
11000			-33383.441844			9554.656721
12000			-35904.497566			8645.367688
13000			-36180.623289			7822.613061
14000			-35140.593881			7078.157611
15000			-34860.613240			6404.549832
16000			-29642.505001			5795.047357
17000			-33285.131043			5243.549468
18000			-33788.068739			4744.536038
19000			-37013.217439			4293.012272
20000			-32969.839614			3884.458716
21000			-33091.437944			3514.786020
22000			-32573.070863			3180.294005
23000			-30532.853592			2877.634626
24000			-29758.999525			2603.778466
25000			-31501.156976			2355.984403
26000			-35306.352023			2131.772185
27000			-27509.241387			1928.897594
28000			-25341.710459			1745.329992
29000			-26071.388555			1579.231987
30000			-24853.653612			1428.941048
31000			-27762.261757			1292.952863
32000			-26244.894500			1169.906280
33000			-19067.993634			1058.569685
34000			-20901.607032			957.828671
35000			-18497.663665			866.674888
36000			-14947.959569			784.195947
37000			-18207.695857			709.566288
38000			-18159.620655			642.038917
39000			-13875.600212			580.937931
40000			-18272.892966			525.651749
41000			-11875.289242			475.626993
42000			-9738.483638			430.362949
43000			-10091.463388			389.406552
44000			-13272.694117			352.347857
45000			-15293.963736			318.815931
46000			-11372.142332			288.475142
47000			-12685.205044			261.021797
48000			-11015.964667			236.181108
49000			-7062.445433			213.704435
50000			-8631.506712			193.366803
51000			-7820.219680			174.964643
52000			-8165.570650			158.313765
53000			-7198.198447			143.247502
54000			-6895.753675			129.615051
55000			-7883.148123			117.279962
56000			-5597.593816			106.118767
57000			-5252.158532			96.019751
58000			-4912.194643			86.881830
59000			-4713.933443			78.613537
60000			-5456.923236			71.132114
61000			-5307.561762			64.362677
62000			-5409.812181			58.237467
63000			-4679.366169			52.695176
64000			-4515.632871			47.680328
65000			-3882.707710			43.142730
66000			-3913.771044			39.036961
67000			-3557.004552			35.321926
68000			-3582.660997			31.960441
69000			-3548.244961			28.918858
70000			-3445.575248			26.166734
71000			-3032.456819			23.676522
72000			-2810.462697			21.423296
73000			-2765.254591			19.384503
74000			-2622.865982			17.539736
75000			-2367.045135			15.870530
76000			-2253.518696			14.360177
77000			-2198.502506			12.993561
78000			-2228.856266			11.757001
79000			-2179.531406			10.638121
80000			-2171.942966			9.625722
81000			-2160.560307			8.709670
82000			-2154.868977			7.880796
83000			-2111.235447			7.130803
84000			-2099.852787			6.452185
85000			-2088.470127			5.838150
86000			-2092.264347			5.282550
87000			-2061.910587			4.779825
88000			-2056.219257			4.324943
89000			-2046.733707			3.913350
90000			-2056.219257			3.540928
91000			-2058.116367			3.203948
92000			-2060.013477			2.899038
93000			-2052.425037			2.623145
94000			-2056.219257			2.373508
95000			-2031.556828			2.147628
96000			-2027.762608			1.943244
97000			-2029.659718			1.758311
98000			-2033.453938			1.590978
99000			-2041.042378			1.439569
100000			-2033.453938			1.302570
101000			-2031.556828			1.178608
102000			-2027.762608			1.066443
103000			-2022.071278			0.964953
104000			-2023.968388			0.873121
105000			-2023.968388			0.790029
106000			-2014.482838			0.714844
107000			-2014.482838			0.646814
108000			-2014.482838			0.585259
109000			-2014.482838			0.529561
110000			-2014.482838			0.479165
111000			-2014.482838			0.433564
112000			-2014.482838			0.392303
113000			-2012.585728			0.354969
114000			-2010.688618			0.321187
115000			-2010.688618			0.290621
116000			-2010.688618			0.262963
117000			-2010.688618			0.237938
118000			-2010.688618			0.215294
119000			-2010.688618			0.194805
120000			-2010.688618			0.176266
121000			-2010.688618			0.159491
122000			-2010.688618			0.144313
123000			-2010.688618			0.130579
124000			-2010.688618			0.118152
125000			-2010.688618			0.106908
126000			-2010.688618			0.096734
127000			-2010.688618			0.087528
128000			-2010.688618			0.079198
129000			-2010.688618			0.071661
130000			-2010.688618			0.064841
131000			-2010.688618			0.058671
132000			-2010.688618			0.053087
133000			-2010.688618			0.048035
134000			-2010.688618			0.043464
135000			-2010.688618			0.039327
136000			-2010.688618			0.035585
137000			-2010.688618			0.032198
138000			-2010.688618			0.029134
139000			-2010.688618			0.026361
140000			-2010.688618			0.023853
141000			-2010.688618			0.021583
142000			-2010.688618			0.019529
143000			-2010.688618			0.017670
144000			-2010.688618			0.015989
145000			-2010.688618			0.014467
146000			-2010.688618			0.013090
147000			-2010.688618			0.011844
148000			-2010.688618			0.010717
149000			-2010.688618			0.009697
150000			-2010.688618			0.008774
151000			-2010.688618			0.007939
152000			-2010.688618			0.007184
153000			-2010.688618			0.006500
154000			-2010.688618			0.005882
155000			-2010.688618			0.005322
156000			-2010.688618			0.004815
157000			-2010.688618			0.004357
158000			-2010.688618			0.003942
159000			-2010.688618			0.003567
160000			-2010.688618			0.003228
161000			-2010.688618			0.002921
162000			-2010.688618			0.002643
163000			-2010.688618			0.002391
164000			-2010.688618			0.002164
165000			-2010.688618			0.001958
166000			-2010.688618			0.001771
167000			-2010.688618			0.001603
168000			-2010.688618			0.001450
169000			-2010.688618			0.001312
170000			-2010.688618			0.001187
171000			-2010.688618			0.001074
Iteration: 7
Step			Log-likelihood			Temperature
1			-38508.761818			99900.000000
1000			-33589.350152			36769.542477
2000			-34031.001416			23501.721022
3000			-29035.774024			21265.130236
4000			-35077.838142			19241.389323
5000			-35797.181617			17410.241977
6000			-30686.708844			15753.359626
7000			-34805.735929			14254.157974
8000			-37394.654092			12897.631004
9000			-37779.224783			11670.200782
10000			-36714.086875			10559.581542
11000			-34430.183330			9554.656721
12000			-28915.420363			8645.367688
13000			-33344.816484			7822.613061
14000			-35593.605672			7078.157611
15000			-34614.675121			6404.549832
16000			-33836.736592			5795.047357
17000			-32594.663384			5243.549468
18000			-31896.855282			4744.536038
19000			-26083.916491			4293.012272
20000			-29490.951407			3884.458716
21000			-28061.455820			3514.786020
22000			-28995.350671			3180.294005
23000			-36213.233709			2877.634626
24000			-25452.426748			2603.778466
25000			-24645.289252			2355.984403
26000			-32114.507938			2131.772185
27000			-31281.945298			1928.897594
28000			-29573.704348			1745.329992
29000			-31753.360779			1579.231987
30000			-22374.629383			1428.941048
31000			-31273.008056			1292.952863
32000			-29735.290184			1169.906280
33000			-26624.560584			1058.569685
34000			-22442.548422			957.828671
35000			-22657.203935			866.674888
36000			-25132.977943			784.195947
37000			-21468.488131			709.566288
38000			-16098.634489			642.038917
39000			-16740.309688			580.937931
40000			-17699.062385			525.651749
41000			-18453.842454			475.626993
42000			-12357.492448			430.362949
43000			-15777.710525			389.406552
44000			-12349.891412			352.347857
45000			-9631.820303			318.815931
46000			-10591.299969			288.475142
47000			-9386.370547			261.021797
48000			-11379.718403			236.181108
49000			-8568.591227			213.704435
50000			-8753.786753			193.366803
51000			-8296.740640			174.964643
52000			-7850.854970			158.313765
53000			-9094.562815			143.247502
54000			-9693.366410			129.615051
55000			-7676.105107			117.279962
56000			-6872.685020			106.118767
57000			-6452.055712			96.019751
58000			-5224.341111			86.881830
59000			-5333.992288			78.613537
60000			-5782.994541			71.132114
61000			-5879.779403			64.362677
62000			-5034.609537			58.237467
63000			-4401.314484			52.695176
64000			-4495.798048			47.680328
65000			-4176.599770			43.142730
66000			-4388.417966			39.036961
67000			-3815.826339			35.321926
68000			-3317.757254			31.960441
69000			-3262.179702			28.918858
70000			-3031.012535			26.166734
71000			-3177.025497			23.676522
72000			-2924.663444			21.423296
73000			-2922.729601			19.384503
74000			-2873.435337			17.539736
75000			-2846.875797			15.870530
76000			-2852.716449			14.360177
77000			-2797.668007			12.993561
78000			-2854.549053			11.757001
79000			-2545.868433			10.638121
80000			-2462.290233			9.625722
81000			-2393.994273			8.709670
82000			-2329.492534			7.880796
83000			-2354.122710			7.130803
84000			-2331.389644			6.452185
85000			-2255.472991			5.838150
86000			-2257.475461			5.282550
87000			-2246.092802			4.779825
88000			-2242.298582			4.324943
89000			-2236.639505			3.913350
90000			-2230.948175			3.540928
91000			-2234.742395			3.203948
92000			-2234.742395			2.899038
93000			-2230.948175			2.623145
94000			-2232.813032			2.373508
95000			-2232.845285			2.147628
96000			-2229.051065			1.943244
97000			-2236.639505			1.758311
98000			-2229.018812			1.590978
99000			-2223.359735			1.439569
100000			-2225.256845			1.302570
101000			-2229.051065			1.178608
102000			-2225.256845			1.066443
103000			-2213.874185			0.964953
104000			-2211.977075			0.873121
105000			-2213.841932			0.790029
106000			-2215.739042			0.714844
107000			-2210.079965			0.646814
108000			-2210.079965			0.585259
109000			-2208.150602			0.529561
110000			-2206.285745			0.479165
111000			-2204.388635			0.433564
112000			-2202.459272			0.392303
113000			-2202.459272			0.354969
114000			-2202.459272			0.321187
115000			-2202.491525			0.290621
116000			-2202.491525			0.262963
117000			-2200.562162			0.237938
118000			-2200.594415			0.215294
119000			-2200.594415			0.194805
120000			-2200.562162			0.176266
121000			-2200.562162			0.159491
122000			-2200.562162			0.144313
123000			-2200.562162			0.130579
124000			-2200.562162			0.118152
125000			-2200.594415			0.106908
126000			-2200.562162			0.096734
127000			-2200.562162			0.087528
128000			-2198.697305			0.079198
129000			-2198.697305			0.071661
130000			-2198.665052			0.064841
131000			-2198.697305			0.058671
132000			-2198.665052			0.053087
133000			-2198.697305			0.048035
134000			-2198.697305			0.043464
135000			-2198.665052			0.039327
136000			-2198.665052			0.035585
137000			-2198.665052			0.032198
138000			-2196.767942			0.029134
139000			-2196.800195			0.026361
140000			-2196.800195			0.023853
141000			-2196.800195			0.021583
142000			-2196.800195			0.019529
143000			-2196.800195			0.017670
144000			-2196.767942			0.015989
145000			-2196.767942			0.014467
146000			-2196.767942			0.013090
147000			-2196.767942			0.011844
148000			-2196.767942			0.010717
149000			-2196.767942			0.009697
150000			-2196.767942			0.008774
151000			-2196.767942			0.007939
152000			-2196.767942			0.007184
153000			-2196.767942			0.006500
154000			-2196.767942			0.005882
155000			-2196.767942			0.005322
156000			-2196.767942			0.004815
157000			-2196.767942			0.004357
158000			-2196.767942			0.003942
159000			-2196.767942			0.003567
160000			-2196.767942			0.003228
161000			-2196.767942			0.002921
162000			-2196.767942			0.002643
163000			-2196.767942			0.002391
164000			-2196.767942			0.002164
165000			-2196.767942			0.001958
166000			-2196.767942			0.001771
167000			-2196.767942			0.001603
168000			-2196.767942			0.001450
169000			-2196.767942			0.001312
170000			-2196.767942			0.001187
171000			-2196.767942			0.001074
Iteration: 8
Step			Log-likelihood			Temperature
1			-38760.561392			99900.000000
1000			-36398.817670			36769.542477
2000			-33057.036327			23501.721022
3000			-33883.579904			21265.130236
4000			-31044.788115			19241.389323
5000			-35323.297000			17410.241977
6000			-34552.914918			15753.359626
7000			-34657.991561			14254.157974
8000			-34309.923573			12897.631004
9000			-37395.375133			11670.200782
10000			-37228.901577			10559.581542
11000			-32709.818210			9554.656721
12000			-32673.949620			8645.367688
13000			-34561.755401			7822.613061
14000			-35412.277372			7078.157611
15000			-35806.162790			6404.549832
16000			-34618.874046			5795.047357
17000			-31140.294062			5243.549468
18000			-37909.672311			4744.536038
19000			-33056.177164			4293.012272
20000			-28657.119193			3884.458716
21000			-37513.523396			3514.786020
22000			-32737.140153			3180.294005
23000			-30008.242882			2877.634626
24000			-24543.125077			2603.778466
25000			-26355.584420			2355.984403
26000			-34961.878502			2131.772185
27000			-25606.801326			1928.897594
28000			-36483.633246			1745.329992
29000			-28900.128022			1579.231987
30000			-33588.428849			1428.941048
31000			-21882.149029			1292.952863
32000			-27069.278976			1169.906280
33000			-23287.960356			1058.569685
34000			-21366.212408			957.828671
35000			-20069.214701			866.674888
36000			-17790.526403			784.195947
37000			-15523.748748			709.566288
38000			-18434.748180			642.038917
39000			-19411.818490			580.937931
40000			-19072.268056			525.651749
41000			-15311.635803			475.626993
42000			-13876.678827			430.362949
43000			-14210.134264			389.406552
44000			-11572.701728			352.347857
45000			-12725.880733			318.815931
46000			-11158.439695			288.475142
47000			-11472.502930			261.021797
48000			-8836.493517			236.181108
49000			-7846.845006			213.704435
50000			-7767.392160			193.366803
51000			-8731.704593			174.964643
52000			-8720.183884			158.313765
53000			-7817.329834			143.247502
54000			-7366.779420			129.615051
55000			-6708.947222			117.279962
56000			-6603.862603			106.118767
57000			-6667.041955			96.019751
58000			-7217.010330			86.881830
59000			-5380.200249			78.613537
60000			-5319.879770			71.132114
61000			-5271.199978			64.362677
62000			-4731.871156			58.237467
63000			-4073.961032			52.695176
64000			-3588.945943			47.680328
65000			-3248.162665			43.142730
66000			-3475.428823			39.036961
67000			-3422.838852			35.321926
68000			-3515.732734			31.960441
69000			-3144.048668			28.918858
70000			-2743.273382			26.166734
71000			-2775.459745			23.676522
72000			-2524.418383			21.423296
73000			-2636.380126			19.384503
74000			-2505.834324			17.539736
75000			-2452.682991			15.870530
76000			-2456.509464			14.360177
77000			-2335.094425			12.993561
78000			-2146.875062			11.757001
79000			-2182.920151			10.638121
80000			-2132.103657			9.625722
81000			-2141.589207			8.709670
82000			-2132.103657			7.880796
83000			-2105.349318			7.130803
84000			-2099.657988			6.452185
85000			-2093.966658			5.838150
86000			-2116.731978			5.282550
87000			-2114.834868			4.779825
88000			-2111.040648			4.324943
89000			-2058.116367			3.913350
90000			-2061.910587			3.540928
91000			-2052.425037			3.203948
92000			-2046.733707			2.899038
93000			-2048.630817			2.623145
94000			-2041.042378			2.373508
95000			-2035.351048			2.147628
96000			-2033.453938			1.943244
97000			-2022.071278			1.758311
98000			-2020.174168			1.590978
99000			-2020.174168			1.439569
100000			-2025.865498			1.302570
101000			-2025.865498			1.178608
102000			-2020.174168			1.066443
103000			-2018.277058			0.964953
104000			-2016.379948			0.873121
105000			-2018.277058			0.790029
106000			-2016.379948			0.714844
107000			-2014.482838			0.646814
108000			-2012.585728			0.585259
109000			-2012.585728			0.529561
110000			-2012.585728			0.479165
111000			-2012.585728			0.433564
112000			-2012.585728			0.392303
113000			-2012.585728			0.354969
114000			-2012.585728			0.321187
115000			-2010.688618			0.290621
116000			-2010.688618			0.262963
117000			-2010.688618			0.237938
118000			-2010.688618			0.215294
119000			-2010.688618			0.194805
120000			-2010.688618			0.176266
121000			-2010.688618			0.159491
122000			-2010.688618			0.144313
123000			-2010.688618			0.130579
124000			-2010.688618			0.118152
125000			-2010.688618			0.106908
126000			-2010.688618			0.096734
127000			-2010.688618			0.087528
128000			-2010.688618			0.079198
129000			-2010.688618			0.071661
130000			-2008.791508			0.064841
131000			-2008.791508			0.058671
132000			-2008.791508			0.053087
133000			-2008.791508			0.048035
134000			-2008.791508			0.043464
135000			-2008.791508			0.039327
136000			-2008.791508			0.035585
137000			-2008.791508			0.032198
138000			-2008.791508			0.029134
139000			-2008.791508			0.026361
140000			-2008.791508			0.023853
141000			-2008.791508			0.021583
142000			-2008.791508			0.019529
143000			-2008.791508			0.017670
144000			-2008.791508			0.015989
145000			-2008.791508			0.014467
146000			-2008.791508			0.013090
147000			-2008.791508			0.011844
148000			-2008.791508			0.010717
149000			-2008.791508			0.009697
150000			-2008.791508			0.008774
151000			-2008.791508			0.007939
152000			-2008.791508			0.007184
153000			-2008.791508			0.006500
154000			-2008.791508			0.005882
155000			-2008.791508			0.005322
156000			-2008.791508			0.004815
157000			-2008.791508			0.004357
158000			-2008.791508			0.003942
159000			-2008.791508			0.003567
160000			-2008.791508			0.003228
161000			-2008.791508			0.002921
162000			-2008.791508			0.002643
163000			-2008.791508			0.002391
164000			-2008.791508			0.002164
165000			-2008.791508			0.001958
166000			-2008.791508			0.001771
167000			-2008.791508			0.001603
168000			-2008.791508			0.001450
169000			-2008.791508			0.001312
170000			-2008.791508			0.001187
171000			-2008.791508			0.001074
Iteration: 9
Step			Log-likelihood			Temperature
1			-37880.921012			99900.000000
1000			-32232.934030			36769.542477
2000			-34852.469408			23501.721022
3000			-31365.089765			21265.130236
4000			-30014.013379			19241.389323
5000			-36090.104796			17410.241977
6000			-26397.385347			15753.359626
7000			-35541.007262			14254.157974
8000			-34021.580373			12897.631004
9000			-33806.394771			11670.200782
10000			-33968.106506			10559.581542
11000			-31797.700949			9554.656721
12000			-27182.337333			8645.367688
13000			-36550.679741			7822.613061
14000			-29891.351448			7078.157611
15000			-37623.742930			6404.549832
16000			-27107.993207			5795.047357
17000			-32752.691521			5243.549468
18000			-30067.322785			4744.536038
19000			-35850.495036			4293.012272
20000			-29156.340469			3884.458716
21000			-30048.422031			3514.786020
22000			-29525.668421			3180.294005
23000			-30077.781776			2877.634626
24000			-32559.360122			2603.778466
25000			-36181.641913			2355.984403
26000			-34663.527858			2131.772185
27000			-28211.140938			1928.897594
28000			-31959.851762			1745.329992
29000			-22104.239910			1579.231987
30000			-27446.734524			1428.941048
31000			-34934.009993			1292.952863
32000			-20642.942941			1169.906280
33000			-30105.230942			1058.569685
34000			-23145.225560			957.828671
35000			-18608.585913			866.674888
36000			-21392.084369			784.195947
37000			-22523.269604			709.566288
38000			-21352.790836			642.038917
39000			-18939.411689			580.937931
40000			-16524.446288			525.651749
41000			-18004.652521			475.626993
42000			-14612.106595			430.362949
43000			-13712.513962			389.406552
44000			-16563.968903			352.347857
45000			-12509.105819			318.815931
46000			-12039.846328			288.475142
47000			-9967.937143			261.021797
48000			-11732.075205			236.181108
49000			-9506.087725			213.704435
50000			-8683.024801			193.366803
51000			-7409.682800			174.964643
52000			-7930.561549			158.313765
53000			-7831.152072			143.247502
54000			-8564.371874			129.615051
55000			-7134.053545			117.279962
56000			-6970.714405			106.118767
57000			-7561.466546			96.019751
58000			-6811.292659			86.881830
59000			-4794.057770			78.613537
60000			-4576.889977			71.132114
61000			-4738.015312			64.362677
62000			-4652.516349			58.237467
63000			-4729.380430			52.695176
64000			-3882.933484			47.680328
65000			-3590.926758			43.142730
66000			-3744.368172			39.036961
67000			-3562.244335			35.321926
68000			-3122.708434			31.960441
69000			-2775.427492			28.918858
70000			-2800.089922			26.166734
71000			-2665.127056			23.676522
72000			-2707.518573			21.423296
73000			-2331.300205			19.384503
74000			-2264.901356			17.539736
75000			-2240.238926			15.870530
76000			-2226.959156			14.360177
77000			-2263.004246			12.993561
78000			-2152.971867			11.757001
79000			-2122.618107			10.638121
80000			-2088.470127			9.625722
81000			-2097.955677			8.709670
82000			-2103.647007			7.880796
83000			-2118.823887			7.130803
84000			-2109.338337			6.452185
85000			-2109.338337			5.838150
86000			-2101.749897			5.282550
87000			-2097.955677			4.779825
88000			-2092.264347			4.324943
89000			-2041.042378			3.913350
90000			-2035.351048			3.540928
91000			-2029.659718			3.203948
92000			-2029.659718			2.899038
93000			-2035.351048			2.623145
94000			-2033.453938			2.373508
95000			-2023.968388			2.147628
96000			-2022.071278			1.943244
97000			-2029.659718			1.758311
98000			-2031.556828			1.590978
99000			-2027.762608			1.439569
100000			-2031.556828			1.302570
101000			-2031.556828			1.178608
102000			-2027.762608			1.066443
103000			-2025.865498			0.964953
104000			-2020.174168			0.873121
105000			-2022.071278			0.790029
106000			-2018.277058			0.714844
107000			-2018.277058			0.646814
108000			-2018.277058			0.585259
109000			-2020.174168			0.529561
110000			-2020.174168			0.479165
111000			-2020.174168			0.433564
112000			-2018.277058			0.392303
113000			-2018.277058			0.354969
114000			-2014.482838			0.321187
115000			-2014.482838			0.290621
116000			-2014.482838			0.262963
117000			-2014.482838			0.237938
118000			-2010.688618			0.215294
119000			-2010.688618			0.194805
120000			-2010.688618			0.176266
121000			-2010.688618			0.159491
122000			-2010.688618			0.144313
123000			-2010.688618			0.130579
124000			-2010.688618			0.118152
125000			-2010.688618			0.106908
126000			-2010.688618			0.096734
127000			-2010.688618			0.087528
128000			-2010.688618			0.079198
129000			-2010.688618			0.071661
130000			-2010.688618			0.064841
131000			-2010.688618			0.058671
132000			-2010.688618			0.053087
133000			-2010.688618			0.048035
134000			-2010.688618			0.043464
135000			-2010.688618			0.039327
136000			-2010.688618			0.035585
137000			-2010.688618			0.032198
138000			-2010.688618			0.029134
139000			-2010.688618			0.026361
140000			-2010.688618			0.023853
141000			-2010.688618			0.021583
142000			-2010.688618			0.019529
143000			-2010.688618			0.017670
144000			-2008.791508			0.015989
145000			-2008.791508			0.014467
146000			-2008.791508			0.013090
147000			-2008.791508			0.011844
148000			-2008.791508			0.010717
149000			-2008.791508			0.009697
150000			-2008.791508			0.008774
151000			-2008.791508			0.007939
152000			-2008.791508			0.007184
153000			-2008.791508			0.006500
154000			-2008.791508			0.005882
155000			-2008.791508			0.005322
156000			-2008.791508			0.004815
157000			-2008.791508			0.004357
158000			-2008.791508			0.003942
159000			-2008.791508			0.003567
160000			-2008.791508			0.003228
161000			-2008.791508			0.002921
162000			-2008.791508			0.002643
163000			-2008.791508			0.002391
164000			-2008.791508			0.002164
165000			-2008.791508			0.001958
166000			-2008.791508			0.001771
167000			-2008.791508			0.001603
168000			-2008.791508			0.001450
169000			-2008.791508			0.001312
170000			-2008.791508			0.001187
171000			-2008.791508			0.001074
Iteration: 10
Step			Log-likelihood			Temperature
1			-39774.928834			99900.000000
1000			-29904.725473			36769.542477
2000			-33187.007407			23501.721022
3000			-29131.015194			21265.130236
4000			-33560.189767			19241.389323
5000			-36416.466381			17410.241977
6000			-34971.111864			15753.359626
7000			-30417.868839			14254.157974
8000			-34994.192674			12897.631004
9000			-34085.382701			11670.200782
10000			-30957.014514			10559.581542
11000			-32069.959683			9554.656721
12000			-34115.978486			8645.367688
13000			-35885.075309			7822.613061
14000			-31340.878882			7078.157611
15000			-31958.498149			6404.549832
16000			-30953.475043			5795.047357
17000			-33849.496699			5243.549468
18000			-31359.963338			4744.536038
19000			-30833.503596			4293.012272
20000			-36459.577394			3884.458716
21000			-32677.475970			3514.786020
22000			-24320.460310			3180.294005
23000			-29264.352853			2877.634626
24000			-34688.042840			2603.778466
25000			-33944.930528			2355.984403
26000			-24607.404926			2131.772185
27000			-27331.122062			1928.897594
28000			-31390.416920			1745.329992
29000			-30129.364371			1579.231987
30000			-31171.135628			1428.941048
31000			-30073.626929			1292.952863
32000			-19871.712161			1169.906280
33000			-20615.679136			1058.569685
34000			-26310.376315			957.828671
35000			-23183.885097			866.674888
36000			-21969.278474			784.195947
37000			-14050.145823			709.566288
38000			-15470.127225			642.038917
39000			-13759.837928			580.937931
40000			-17258.418924			525.651749
41000			-13465.436932			475.626993
42000			-10543.161967			430.362949
43000			-11814.292449			389.406552
44000			-10844.422532			352.347857
45000			-11444.580769			318.815931
46000			-9563.989494			288.475142
47000			-12463.677778			261.021797
48000			-10128.992133			236.181108
49000			-8431.743744			213.704435
50000			-7853.562605			193.366803
51000			-7462.001384			174.964643
52000			-7201.571550			158.313765
53000			-8812.060533			143.247502
54000			-7747.092141			129.615051
55000			-6892.642615			117.279962
56000			-6695.305084			106.118767
57000			-6823.577450			96.019751
58000			-5423.478991			86.881830
59000			-5119.605805			78.613537
60000			-4921.647940			71.132114
61000			-4305.956757			64.362677
62000			-4109.303665			58.237467
63000			-3790.491149			52.695176
64000			-3562.105291			47.680328
65000			-4077.593985			43.142730
66000			-3945.797419			39.036961
67000			-3534.708710			35.321926
68000			-3265.621429			31.960441
69000			-3201.890198			28.918858
70000			-3108.673782			26.166734
71000			-2558.469603			23.676522
72000			-2450.431094			21.423296
73000			-2368.952125			19.384503
74000			-2171.748167			17.539736
75000			-2213.679386			15.870530
76000			-2209.774235			14.360177
77000			-2154.674178			12.993561
78000			-2169.851057			11.757001
79000			-2145.383427			10.638121
80000			-2101.634486			9.625722
81000			-2116.811366			8.709670
82000			-2078.674367			7.880796
83000			-2111.120036			7.130803
84000			-2107.325816			6.452185
85000			-2101.634486			5.838150
86000			-2065.589396			5.282550
87000			-2054.206737			4.779825
88000			-2042.824077			4.324943
89000			-2048.515407			3.913350
90000			-2042.824077			3.540928
91000			-2050.412517			3.203948
92000			-2059.898067			2.899038
93000			-2058.000957			2.623145
94000			-2052.309627			2.373508
95000			-2040.926967			2.147628
96000			-2042.824077			1.943244
97000			-2042.824077			1.758311
98000			-2035.235637			1.590978
99000			-2042.824077			1.439569
100000			-2035.235637			1.302570
101000			-2029.659718			1.178608
102000			-2027.762608			1.066443
103000			-2027.762608			0.964953
104000			-2025.865498			0.873121
105000			-2025.865498			0.790029
106000			-2025.865498			0.714844
107000			-2023.968388			0.646814
108000			-2020.174168			0.585259
109000			-2018.277058			0.529561
110000			-2018.277058			0.479165
111000			-2018.277058			0.433564
112000			-2016.379948			0.392303
113000			-2010.688618			0.354969
114000			-2010.688618			0.321187
115000			-2010.688618			0.290621
116000			-2010.688618			0.262963
117000			-2010.688618			0.237938
118000			-2010.688618			0.215294
119000			-2010.688618			0.194805
120000			-2010.688618			0.176266
121000			-2010.688618			0.159491
122000			-2010.688618			0.144313
123000			-2010.688618			0.130579
124000			-2010.688618			0.118152
125000			-2010.688618			0.106908
126000			-2010.688618			0.096734
127000			-2010.688618			0.087528
128000			-2010.688618			0.079198
129000			-2010.688618			0.071661
130000			-2010.688618			0.064841
131000			-2010.688618			0.058671
132000			-2010.688618			0.053087
133000			-2010.688618			0.048035
134000			-2010.688618			0.043464
135000			-2010.688618			0.039327
136000			-2010.688618			0.035585
137000			-2010.688618			0.032198
138000			-2010.688618			0.029134
139000			-2010.688618			0.026361
140000			-2010.688618			0.023853
141000			-2010.688618			0.021583
142000			-2010.688618			0.019529
143000			-2010.688618			0.017670
144000			-2010.688618			0.015989
145000			-2010.688618			0.014467
146000			-2010.688618			0.013090
147000			-2010.688618			0.011844
148000			-2010.688618			0.010717
149000			-2010.688618			0.009697
150000			-2010.688618			0.008774
151000			-2010.688618			0.007939
152000			-2010.688618			0.007184
153000			-2010.688618			0.006500
154000			-2010.688618			0.005882
155000			-2010.688618			0.005322
156000			-2010.688618			0.004815
157000			-2010.688618			0.004357
158000			-2010.688618			0.003942
159000			-2010.688618			0.003567
160000			-2010.688618			0.003228
161000			-2010.688618			0.002921
162000			-2010.688618			0.002643
163000			-2010.688618			0.002391
164000			-2010.688618			0.002164
165000			-2010.688618			0.001958
166000			-2010.688618			0.001771
167000			-2010.688618			0.001603
168000			-2010.688618			0.001450
169000			-2010.688618			0.001312
170000			-2010.688618			0.001187
171000			-2010.688618			0.001074

Maximum likelihood Tree found: -2008.791508
digraph g {
	"52" -> "53";
	"53" [label="49"];
	"51" -> "52";
	"52" [label="33"];
	"50" -> "51";
	"51" [label="37"];
	"49" -> "50";
	"50" [label="15"];
	"48" -> "49";
	"49" [label="2"];
	"47" -> "48";
	"48" [label="45"];
	"46" -> "47";
	"47" [label="28"];
	"45" -> "46";
	"46" [label="29"];
	"44" -> "45";
	"45" [label="36"];
	"43" -> "44";
	"44" [label="50"];
	"42" -> "43";
	"43" [label="21"];
	"41" -> "42";
	"42" [label="18"];
	"40" -> "41";
	"41" [label="23"];
	"39" -> "40";
	"40" [label="3"];
	"38" -> "39";
	"39" [label="16"];
	"37" -> "38";
	"38" [label="30"];
	"36" -> "37";
	"37" [label="26"];
	"35" -> "36";
	"36" [label="38"];
	"34" -> "35";
	"35" [color=indianred1, style=filled, label="41"];
	"33" -> "34";
	"34" [label="22"];
	"32" -> "33";
	"33" [label="12"];
	"31" -> "32";
	"32" [label="10"];
	"30" -> "31";
	"31" [label="40"];
	"29" -> "30";
	"30" [label="24"];
	"28" -> "29";
	"29" [label="31"];
	"27" -> "28";
	"28" [label="35"];
	"26" -> "27";
	"27" [label="6"];
	"25" -> "26";
	"26" [color=indianred1, style=filled, label="4"];
	"24" -> "25";
	"25" [label="27"];
	"23" -> "24";
	"24" [label="5"];
	"22" -> "23";
	"23" [label="44"];
	"21" -> "22";
	"22" [label="46"];
	"20" -> "21";
	"21" [label="7"];
	"19" -> "20";
	"20" [label="42"];
	"18" -> "19";
	"19" [label="39"];
	"17" -> "18";
	"18" [label="13"];
	"16" -> "17";
	"17" [label="8"];
	"15" -> "16";
	"16" [color=indianred1, style=filled, label="32"];
	"14" -> "15";
	"15" [label="20"];
	"13" -> "14";
	"14" [label="19"];
	"12" -> "13";
	"13" [label="9"];
	"11" -> "12";
	"12" [label="1"];
	"10" -> "11";
	"11" [label="11"];
	"9" -> "10";
	"10" [label="25"];
	"8" -> "9";
	"9" [label="43"];
	"7" -> "8";
	"8" [label="34"];
	"6" -> "7";
	"7" [label="14"];
	"4" -> "5";
	"5" [label="17"];
	"3" -> "4";
	"4" [label="47"];
	"3" -> "6";
	"6" [label="32"];
	"2" -> "3";
	"3" [label="4"];
	"1" -> "2";
	"2" [label="41"];
	"0" -> "1";
	"1" [label="48"];
	"0" [label="germline"];
	labelloc="t";
	label="Confidence score: -2008.791508";
}
Best cell assigment:
25 3 2 15 41 46 46 47 3 11 1 31 48 53 41 3 33 41 34 48 50 53 33 51 5 33 33 1 33 32 5 3 2 34 3 2 35 3 42 34 32 22 48 11 11 11 3 5 5 53 0 5 3 33 53 25 2 15 10 15 14 4 34 34 3 34 42 11 25 48 15 34 41 3 11 8 53 24 14 3 11 11 13 48 34 42 12 11 40 16 34 14 32 47 48 3 33 34 8 2 45 5 46 42 5 40 24 4 26 42 11 3 42 15 42 4 3 11 11 41 48 22 3 24 53 3 5 40 3 25 42 11 15 25 14 53 42 20 33 2 35 5 48 10 52 42 3 53 15 47 25 41 48 34 16 25 34 15 35 33 25 34 47 5 10 24 4 3 9 25 48 42 15 34 53 3 42 21 53 15 34 25 15 24 3 15 2 47 23 15 53 25 25 42 14 11 25 52 34 5 3 52 3 3 3 48 53 4 11 40 11 48 48 3 11 11 15 53 4 53 15 34 11 52 3 53 0 48 11 25 52 14 11 3 30 48 48 26 42 25 13 34 5 48 11 48 3 42 33 48 
alpha: 0.150000
beta: 0.000010
alpha: 0.113000
