Starting SASC.
Iteration: 1
Step			Log-likelihood			Temperature
1			-39087.984130			99900.000000
1000			-36300.751142			36769.542477
2000			-30342.986924			23501.721022
3000			-34285.011586			21265.130236
4000			-34137.435726			19241.389323
5000			-34413.718945			17410.241977
6000			-33794.569033			15753.359626
7000			-37211.809642			14254.157974
8000			-35347.780218			12897.631004
9000			-34196.621498			11670.200782
10000			-36920.235265			10559.581542
11000			-31557.178465			9554.656721
12000			-35636.355031			8645.367688
13000			-36087.442075			7822.613061
14000			-36160.274082			7078.157611
15000			-37062.893877			6404.549832
16000			-37243.790807			5795.047357
17000			-37087.389201			5243.549468
18000			-30168.883778			4744.536038
19000			-33861.633526			4293.012272
20000			-28641.103265			3884.458716
21000			-26993.042420			3514.786020
22000			-36381.977923			3180.294005
23000			-27626.483635			2877.634626
24000			-31977.240267			2603.778466
25000			-34901.657413			2355.984403
26000			-32211.924701			2131.772185
27000			-34438.774255			1928.897594
28000			-26028.161104			1745.329992
29000			-16985.689936			1579.231987
30000			-20161.334992			1428.941048
31000			-32150.721702			1292.952863
32000			-21586.601220			1169.906280
33000			-21172.896391			1058.569685
34000			-24490.777706			957.828671
35000			-20613.539225			866.674888
36000			-24434.412714			784.195947
37000			-24665.033223			709.566288
38000			-15335.811224			642.038917
39000			-13913.899347			580.937931
40000			-18023.303717			525.651749
41000			-13793.962124			475.626993
42000			-12343.103958			430.362949
43000			-15261.351812			389.406552
44000			-10422.735955			352.347857
45000			-12078.458644			318.815931
46000			-12507.152672			288.475142
47000			-9270.861822			261.021797
48000			-10869.037821			236.181108
49000			-9085.305669			213.704435
50000			-9598.281929			193.366803
51000			-8305.851492			174.964643
52000			-9256.007475			158.313765
53000			-6390.104620			143.247502
54000			-7015.177474			129.615051
55000			-7351.927704			117.279962
56000			-6595.470459			106.118767
57000			-6437.198157			96.019751
58000			-5984.208165			86.881830
59000			-5239.939915			78.613537
60000			-5482.382952			71.132114
61000			-5104.476864			64.362677
62000			-4802.481589			58.237467
63000			-4534.311761			52.695176
64000			-3643.057108			47.680328
65000			-3523.506926			43.142730
66000			-3158.719340			39.036961
67000			-2995.954922			35.321926
68000			-3075.601288			31.960441
69000			-3060.424408			28.918858
70000			-3047.015625			26.166734
71000			-3035.374938			23.676522
72000			-2933.253533			21.423296
73000			-2863.382997			19.384503
74000			-2604.059490			17.539736
75000			-2427.854035			15.870530
76000			-2456.310684			14.360177
77000			-2437.339585			12.993561
78000			-2408.882935			11.757001
79000			-2420.265595			10.638121
80000			-2370.940735			9.625722
81000			-2346.278305			8.709670
82000			-2351.969635			7.880796
83000			-2348.175415			7.130803
84000			-2344.381195			6.452185
85000			-2346.278305			5.838150
86000			-2340.586975			5.282550
87000			-2329.204315			4.779825
88000			-2331.101425			4.324943
89000			-2332.998535			3.913350
90000			-2334.895645			3.540928
91000			-2336.792755			3.203948
92000			-2346.278305			2.899038
93000			-2312.130326			2.623145
94000			-2315.924546			2.373508
95000			-2319.718766			2.147628
96000			-2329.204315			1.943244
97000			-2314.027436			1.758311
98000			-2312.130326			1.590978
99000			-2308.336106			1.439569
100000			-2304.541886			1.302570
101000			-2306.438996			1.178608
102000			-2306.438996			1.066443
103000			-2308.336106			0.964953
104000			-2308.336106			0.873121
105000			-2304.541886			0.790029
106000			-2302.644776			0.714844
107000			-2304.541886			0.646814
108000			-2300.747666			0.585259
109000			-2300.747666			0.529561
110000			-2298.850556			0.479165
111000			-2296.953446			0.433564
112000			-2296.953446			0.392303
113000			-2296.953446			0.354969
114000			-2296.953446			0.321187
115000			-2296.953446			0.290621
116000			-2296.953446			0.262963
117000			-2296.953446			0.237938
118000			-2296.953446			0.215294
119000			-2296.953446			0.194805
120000			-2296.953446			0.176266
121000			-2296.953446			0.159491
122000			-2296.953446			0.144313
123000			-2296.953446			0.130579
124000			-2296.953446			0.118152
125000			-2296.953446			0.106908
126000			-2296.953446			0.096734
127000			-2296.953446			0.087528
128000			-2296.953446			0.079198
129000			-2296.953446			0.071661
130000			-2296.953446			0.064841
131000			-2296.953446			0.058671
132000			-2296.953446			0.053087
133000			-2296.953446			0.048035
134000			-2296.953446			0.043464
135000			-2296.953446			0.039327
136000			-2296.953446			0.035585
137000			-2296.953446			0.032198
138000			-2296.953446			0.029134
139000			-2296.953446			0.026361
140000			-2296.953446			0.023853
141000			-2296.953446			0.021583
142000			-2296.953446			0.019529
143000			-2296.953446			0.017670
144000			-2296.953446			0.015989
145000			-2296.953446			0.014467
146000			-2296.953446			0.013090
147000			-2296.953446			0.011844
148000			-2296.953446			0.010717
149000			-2296.953446			0.009697
150000			-2296.953446			0.008774
151000			-2296.953446			0.007939
152000			-2296.953446			0.007184
153000			-2296.953446			0.006500
154000			-2296.953446			0.005882
155000			-2296.953446			0.005322
156000			-2296.953446			0.004815
157000			-2296.953446			0.004357
158000			-2296.953446			0.003942
159000			-2296.953446			0.003567
160000			-2296.953446			0.003228
161000			-2296.953446			0.002921
162000			-2296.953446			0.002643
163000			-2296.953446			0.002391
164000			-2296.953446			0.002164
165000			-2296.953446			0.001958
166000			-2296.953446			0.001771
167000			-2296.953446			0.001603
168000			-2296.953446			0.001450
169000			-2296.953446			0.001312
170000			-2296.953446			0.001187
171000			-2296.953446			0.001074
Iteration: 2
Step			Log-likelihood			Temperature
1			-36860.800364			99900.000000
1000			-36575.181183			36769.542477
2000			-35427.473573			23501.721022
3000			-31683.774619			21265.130236
4000			-34790.513683			19241.389323
5000			-34987.672430			17410.241977
6000			-32671.866963			15753.359626
7000			-35500.370087			14254.157974
8000			-36720.062219			12897.631004
9000			-28129.050675			11670.200782
10000			-29956.996917			10559.581542
11000			-32795.598406			9554.656721
12000			-37336.265396			8645.367688
13000			-33580.550392			7822.613061
14000			-27485.253069			7078.157611
15000			-38541.537211			6404.549832
16000			-30846.225446			5795.047357
17000			-34681.056026			5243.549468
18000			-34670.409354			4744.536038
19000			-37762.481753			4293.012272
20000			-30567.725641			3884.458716
21000			-34765.091908			3514.786020
22000			-29455.198119			3180.294005
23000			-26945.512071			2877.634626
24000			-31258.247261			2603.778466
25000			-36091.198202			2355.984403
26000			-25152.578811			2131.772185
27000			-22685.391585			1928.897594
28000			-28291.384121			1745.329992
29000			-27293.539303			1579.231987
30000			-32010.916124			1428.941048
31000			-18482.377919			1292.952863
32000			-24592.233469			1169.906280
33000			-20703.741342			1058.569685
34000			-21485.080950			957.828671
35000			-22400.487818			866.674888
36000			-17700.891780			784.195947
37000			-15356.787872			709.566288
38000			-15226.186461			642.038917
39000			-16008.426106			580.937931
40000			-12606.743578			525.651749
41000			-14010.382251			475.626993
42000			-13884.533764			430.362949
43000			-11731.686235			389.406552
44000			-13579.776377			352.347857
45000			-15158.031193			318.815931
46000			-11529.739253			288.475142
47000			-11071.052091			261.021797
48000			-11918.010629			236.181108
49000			-9369.194846			213.704435
50000			-9660.329354			193.366803
51000			-7377.977029			174.964643
52000			-8757.170149			158.313765
53000			-9488.299320			143.247502
54000			-9183.192986			129.615051
55000			-8754.413876			117.279962
56000			-7792.593849			106.118767
57000			-6000.068205			96.019751
58000			-4633.800067			86.881830
59000			-4543.474777			78.613537
60000			-5739.480977			71.132114
61000			-4230.129096			64.362677
62000			-4066.848623			58.237467
63000			-3782.443392			52.695176
64000			-3816.849399			47.680328
65000			-3817.397707			43.142730
66000			-3556.209343			39.036961
67000			-3196.016473			35.321926
68000			-3190.034862			31.960441
69000			-3116.886161			28.918858
70000			-2843.734576			26.166734
71000			-2915.566729			23.676522
72000			-2813.316310			21.423296
73000			-2762.158847			19.384503
74000			-2629.877202			17.539736
75000			-2413.896944			15.870530
76000			-2377.851854			14.360177
77000			-2368.366304			12.993561
78000			-2429.073824			11.757001
79000			-2417.691164			10.638121
80000			-2381.646074			9.625722
81000			-2358.880754			8.709670
82000			-2368.366304			7.880796
83000			-2377.851854			7.130803
84000			-2375.954744			6.452185
85000			-2372.160524			5.838150
86000			-2353.189424			5.282550
87000			-2358.880754			4.779825
88000			-2353.189424			4.324943
89000			-2351.292314			3.913350
90000			-2355.086534			3.540928
91000			-2336.115435			3.203948
92000			-2339.909654			2.899038
93000			-2343.703874			2.623145
94000			-2339.909654			2.373508
95000			-2338.012545			2.147628
96000			-2351.292314			1.943244
97000			-2351.292314			1.758311
98000			-2334.218325			1.590978
99000			-2336.115435			1.439569
100000			-2336.115435			1.302570
101000			-2336.115435			1.178608
102000			-2330.424105			1.066443
103000			-2328.526995			0.964953
104000			-2328.526995			0.873121
105000			-2326.629885			0.790029
106000			-2322.835665			0.714844
107000			-2320.938555			0.646814
108000			-2320.938555			0.585259
109000			-2319.041445			0.529561
110000			-2319.041445			0.479165
111000			-2320.938555			0.433564
112000			-2320.938555			0.392303
113000			-2320.938555			0.354969
114000			-2320.938555			0.321187
115000			-2319.041445			0.290621
116000			-2319.041445			0.262963
117000			-2319.041445			0.237938
118000			-2319.041445			0.215294
119000			-2319.041445			0.194805
120000			-2319.041445			0.176266
121000			-2319.041445			0.159491
122000			-2319.041445			0.144313
123000			-2319.041445			0.130579
124000			-2319.041445			0.118152
125000			-2319.041445			0.106908
126000			-2319.041445			0.096734
127000			-2319.041445			0.087528
128000			-2319.041445			0.079198
129000			-2319.041445			0.071661
130000			-2319.041445			0.064841
131000			-2319.041445			0.058671
132000			-2319.041445			0.053087
133000			-2319.041445			0.048035
134000			-2319.041445			0.043464
135000			-2319.041445			0.039327
136000			-2319.041445			0.035585
137000			-2319.041445			0.032198
138000			-2319.041445			0.029134
139000			-2319.041445			0.026361
140000			-2319.041445			0.023853
141000			-2319.041445			0.021583
142000			-2319.041445			0.019529
143000			-2319.041445			0.017670
144000			-2319.041445			0.015989
145000			-2319.041445			0.014467
146000			-2319.041445			0.013090
147000			-2319.041445			0.011844
148000			-2319.041445			0.010717
149000			-2319.041445			0.009697
150000			-2319.041445			0.008774
151000			-2319.041445			0.007939
152000			-2319.041445			0.007184
153000			-2319.041445			0.006500
154000			-2319.041445			0.005882
155000			-2319.041445			0.005322
156000			-2319.041445			0.004815
157000			-2319.041445			0.004357
158000			-2319.041445			0.003942
159000			-2319.041445			0.003567
160000			-2319.041445			0.003228
161000			-2319.041445			0.002921
162000			-2319.041445			0.002643
163000			-2319.041445			0.002391
164000			-2319.041445			0.002164
165000			-2319.041445			0.001958
166000			-2319.041445			0.001771
167000			-2319.041445			0.001603
168000			-2319.041445			0.001450
169000			-2319.041445			0.001312
170000			-2319.041445			0.001187
171000			-2319.041445			0.001074
Iteration: 3
Step			Log-likelihood			Temperature
1			-41445.977564			99900.000000
1000			-28930.865614			36769.542477
2000			-32759.359796			23501.721022
3000			-36689.040035			21265.130236
4000			-32496.139469			19241.389323
5000			-30113.721057			17410.241977
6000			-34486.744473			15753.359626
7000			-32321.332588			14254.157974
8000			-33993.592637			12897.631004
9000			-34558.512118			11670.200782
10000			-34815.390208			10559.581542
11000			-32305.070771			9554.656721
12000			-29271.389488			8645.367688
13000			-29613.147887			7822.613061
14000			-38340.088766			7078.157611
15000			-36984.323550			6404.549832
16000			-34218.548230			5795.047357
17000			-23250.601347			5243.549468
18000			-38862.406826			4744.536038
19000			-26846.525082			4293.012272
20000			-21405.425687			3884.458716
21000			-29785.424270			3514.786020
22000			-27372.121308			3180.294005
23000			-28508.129563			2877.634626
24000			-29602.319374			2603.778466
25000			-36864.406903			2355.984403
26000			-34931.946666			2131.772185
27000			-28313.026412			1928.897594
28000			-30017.226475			1745.329992
29000			-22720.636180			1579.231987
30000			-24356.250003			1428.941048
31000			-20949.301278			1292.952863
32000			-24974.669766			1169.906280
33000			-18280.779885			1058.569685
34000			-28259.097940			957.828671
35000			-21107.916690			866.674888
36000			-19291.637548			784.195947
37000			-18210.284857			709.566288
38000			-18331.893416			642.038917
39000			-19214.199148			580.937931
40000			-14942.212202			525.651749
41000			-14073.291897			475.626993
42000			-11890.366153			430.362949
43000			-11776.759488			389.406552
44000			-15286.545032			352.347857
45000			-11621.627442			318.815931
46000			-14382.699609			288.475142
47000			-11378.474830			261.021797
48000			-10945.514459			236.181108
49000			-9834.980808			213.704435
50000			-10326.558068			193.366803
51000			-9965.532449			174.964643
52000			-9064.437459			158.313765
53000			-8463.525717			143.247502
54000			-9293.336861			129.615051
55000			-9037.276784			117.279962
56000			-8020.812872			106.118767
57000			-7812.221695			96.019751
58000			-6807.114029			86.881830
59000			-6724.699712			78.613537
60000			-6218.177185			71.132114
61000			-5377.821969			64.362677
62000			-5710.261924			58.237467
63000			-5727.045634			52.695176
64000			-5512.543192			47.680328
65000			-4740.651041			43.142730
66000			-4255.410178			39.036961
67000			-4046.857094			35.321926
68000			-3939.012105			31.960441
69000			-3632.164088			28.918858
70000			-3675.829871			26.166734
71000			-3201.874908			23.676522
72000			-2983.707260			21.423296
73000			-2949.559280			19.384503
74000			-2852.806671			17.539736
75000			-2818.658692			15.870530
76000			-2919.205521			14.360177
77000			-2695.346543			12.993561
78000			-2685.860993			11.757001
79000			-2621.359253			10.638121
80000			-2572.034393			9.625722
81000			-2545.474854			8.709670
82000			-2535.989304			7.880796
83000			-2543.577744			7.130803
84000			-2518.915314			6.452185
85000			-2515.121094			5.838150
86000			-2515.121094			5.282550
87000			-2507.532654			4.779825
88000			-2507.532654			4.324943
89000			-2509.429764			3.913350
90000			-2496.149994			3.540928
91000			-2486.664444			3.203948
92000			-2496.149994			2.899038
93000			-2499.944214			2.623145
94000			-2490.458664			2.373508
95000			-2490.458664			2.147628
96000			-2480.973114			1.943244
97000			-2479.076004			1.758311
98000			-2480.973114			1.590978
99000			-2484.767334			1.439569
100000			-2477.178894			1.302570
101000			-2473.384674			1.178608
102000			-2475.281784			1.066443
103000			-2477.178894			0.964953
104000			-2475.281784			0.873121
105000			-2469.590454			0.790029
106000			-2469.590454			0.714844
107000			-2463.899124			0.646814
108000			-2462.002014			0.585259
109000			-2304.541886			0.529561
110000			-2302.644776			0.479165
111000			-2302.644776			0.433564
112000			-2298.850556			0.392303
113000			-2298.850556			0.354969
114000			-2298.850556			0.321187
115000			-2298.850556			0.290621
116000			-2298.850556			0.262963
117000			-2298.850556			0.237938
118000			-2298.850556			0.215294
119000			-2298.850556			0.194805
120000			-2298.850556			0.176266
121000			-2298.850556			0.159491
122000			-2298.850556			0.144313
123000			-2298.850556			0.130579
124000			-2298.850556			0.118152
125000			-2298.850556			0.106908
126000			-2296.953446			0.096734
127000			-2296.953446			0.087528
128000			-2296.953446			0.079198
129000			-2296.953446			0.071661
130000			-2296.953446			0.064841
131000			-2296.953446			0.058671
132000			-2296.953446			0.053087
133000			-2296.953446			0.048035
134000			-2296.953446			0.043464
135000			-2296.953446			0.039327
136000			-2296.953446			0.035585
137000			-2296.953446			0.032198
138000			-2296.953446			0.029134
139000			-2296.953446			0.026361
140000			-2296.953446			0.023853
141000			-2296.953446			0.021583
142000			-2296.953446			0.019529
143000			-2296.953446			0.017670
144000			-2296.953446			0.015989
145000			-2296.953446			0.014467
146000			-2296.953446			0.013090
147000			-2296.953446			0.011844
148000			-2296.953446			0.010717
149000			-2296.953446			0.009697
150000			-2296.953446			0.008774
151000			-2296.953446			0.007939
152000			-2296.953446			0.007184
153000			-2296.953446			0.006500
154000			-2296.953446			0.005882
155000			-2296.953446			0.005322
156000			-2296.953446			0.004815
157000			-2296.953446			0.004357
158000			-2296.953446			0.003942
159000			-2296.953446			0.003567
160000			-2296.953446			0.003228
161000			-2296.953446			0.002921
162000			-2296.953446			0.002643
163000			-2296.953446			0.002391
164000			-2296.953446			0.002164
165000			-2296.953446			0.001958
166000			-2296.953446			0.001771
167000			-2296.953446			0.001603
168000			-2296.953446			0.001450
169000			-2296.953446			0.001312
170000			-2296.953446			0.001187
171000			-2296.953446			0.001074
Iteration: 4
Step			Log-likelihood			Temperature
1			-39731.679136			99900.000000
1000			-31196.624969			36769.542477
2000			-36940.672503			23501.721022
3000			-38264.037260			21265.130236
4000			-35402.752476			19241.389323
5000			-35988.244048			17410.241977
6000			-33186.112782			15753.359626
7000			-34488.131368			14254.157974
8000			-34343.874824			12897.631004
9000			-31733.099479			11670.200782
10000			-34346.460933			10559.581542
11000			-32491.406843			9554.656721
12000			-34022.764700			8645.367688
13000			-28833.201013			7822.613061
14000			-34009.452677			7078.157611
15000			-34313.198531			6404.549832
16000			-37575.946321			5795.047357
17000			-33003.221982			5243.549468
18000			-35405.907468			4744.536038
19000			-28095.773536			4293.012272
20000			-38205.303036			3884.458716
21000			-34257.296764			3514.786020
22000			-28957.753526			3180.294005
23000			-28186.145817			2877.634626
24000			-35835.120608			2603.778466
25000			-30377.715465			2355.984403
26000			-25920.509636			2131.772185
27000			-25950.573115			1928.897594
28000			-28923.546879			1745.329992
29000			-21010.815132			1579.231987
30000			-23397.227124			1428.941048
31000			-21853.636341			1292.952863
32000			-26554.138532			1169.906280
33000			-23951.992632			1058.569685
34000			-20388.439883			957.828671
35000			-24514.973853			866.674888
36000			-22596.157070			784.195947
37000			-15718.789989			709.566288
38000			-15822.266036			642.038917
39000			-20161.566605			580.937931
40000			-15398.034652			525.651749
41000			-16053.610855			475.626993
42000			-12293.321712			430.362949
43000			-12997.976426			389.406552
44000			-11271.398083			352.347857
45000			-13819.257943			318.815931
46000			-12201.512766			288.475142
47000			-13295.983960			261.021797
48000			-9744.435583			236.181108
49000			-11116.867172			213.704435
50000			-10722.203789			193.366803
51000			-8965.271686			174.964643
52000			-7828.624203			158.313765
53000			-8873.216391			143.247502
54000			-8629.811592			129.615051
55000			-8254.350921			117.279962
56000			-8560.451271			106.118767
57000			-8323.769909			96.019751
58000			-6740.811940			86.881830
59000			-7174.223857			78.613537
60000			-6525.379989			71.132114
61000			-6397.918833			64.362677
62000			-6929.587590			58.237467
63000			-6120.166694			52.695176
64000			-6751.839813			47.680328
65000			-5535.217591			43.142730
66000			-5000.845389			39.036961
67000			-4811.069884			35.321926
68000			-4187.307739			31.960441
69000			-3731.071834			28.918858
70000			-3703.867227			26.166734
71000			-3826.405295			23.676522
72000			-3315.024187			21.423296
73000			-3152.066248			19.384503
74000			-3121.712488			17.539736
75000			-2827.660441			15.870530
76000			-2804.895121			14.360177
77000			-2710.039622			12.993561
78000			-2723.319392			11.757001
79000			-2721.422282			10.638121
80000			-2717.628062			9.625722
81000			-2710.039622			8.709670
82000			-2546.694643			7.880796
83000			-2554.283083			7.130803
84000			-2535.311983			6.452185
85000			-2522.032213			5.838150
86000			-2531.517763			5.282550
87000			-2541.003313			4.779825
88000			-2525.826433			4.324943
89000			-2527.723543			3.913350
90000			-2529.620653			3.540928
91000			-2501.164003			3.203948
92000			-2504.958223			2.899038
93000			-2510.649553			2.623145
94000			-2514.443773			2.373508
95000			-2355.086534			2.147628
96000			-2347.498094			1.943244
97000			-2341.806764			1.758311
98000			-2338.012545			1.590978
99000			-2339.909654			1.439569
100000			-2334.218325			1.302570
101000			-2339.909654			1.178608
102000			-2334.218325			1.066443
103000			-2332.321215			0.964953
104000			-2330.424105			0.873121
105000			-2326.629885			0.790029
106000			-2326.629885			0.714844
107000			-2326.629885			0.646814
108000			-2324.732775			0.585259
109000			-2320.938555			0.529561
110000			-2320.938555			0.479165
111000			-2320.938555			0.433564
112000			-2320.938555			0.392303
113000			-2320.938555			0.354969
114000			-2320.938555			0.321187
115000			-2320.938555			0.290621
116000			-2320.938555			0.262963
117000			-2320.938555			0.237938
118000			-2320.938555			0.215294
119000			-2320.938555			0.194805
120000			-2320.938555			0.176266
121000			-2320.938555			0.159491
122000			-2320.938555			0.144313
123000			-2320.938555			0.130579
124000			-2320.938555			0.118152
125000			-2320.938555			0.106908
126000			-2320.938555			0.096734
127000			-2320.938555			0.087528
128000			-2320.938555			0.079198
129000			-2320.938555			0.071661
130000			-2320.938555			0.064841
131000			-2320.938555			0.058671
132000			-2320.938555			0.053087
133000			-2320.938555			0.048035
134000			-2319.041445			0.043464
135000			-2319.041445			0.039327
136000			-2319.041445			0.035585
137000			-2319.041445			0.032198
138000			-2319.041445			0.029134
139000			-2319.041445			0.026361
140000			-2319.041445			0.023853
141000			-2319.041445			0.021583
142000			-2319.041445			0.019529
143000			-2319.041445			0.017670
144000			-2319.041445			0.015989
145000			-2319.041445			0.014467
146000			-2319.041445			0.013090
147000			-2319.041445			0.011844
148000			-2319.041445			0.010717
149000			-2319.041445			0.009697
150000			-2319.041445			0.008774
151000			-2319.041445			0.007939
152000			-2319.041445			0.007184
153000			-2319.041445			0.006500
154000			-2319.041445			0.005882
155000			-2319.041445			0.005322
156000			-2319.041445			0.004815
157000			-2319.041445			0.004357
158000			-2319.041445			0.003942
159000			-2319.041445			0.003567
160000			-2319.041445			0.003228
161000			-2319.041445			0.002921
162000			-2319.041445			0.002643
163000			-2319.041445			0.002391
164000			-2319.041445			0.002164
165000			-2319.041445			0.001958
166000			-2319.041445			0.001771
167000			-2319.041445			0.001603
168000			-2319.041445			0.001450
169000			-2319.041445			0.001312
170000			-2319.041445			0.001187
171000			-2319.041445			0.001074
Iteration: 5
Step			Log-likelihood			Temperature
1			-39731.646883			99900.000000
1000			-33261.674648			36769.542477
2000			-32803.488804			23501.721022
3000			-32386.461877			21265.130236
4000			-36641.521365			19241.389323
5000			-36903.988185			17410.241977
6000			-35104.261141			15753.359626
7000			-36378.204278			14254.157974
8000			-28787.781870			12897.631004
9000			-30307.437313			11670.200782
10000			-35444.354043			10559.581542
11000			-36799.878749			9554.656721
12000			-28403.938102			8645.367688
13000			-30783.389204			7822.613061
14000			-37470.127456			7078.157611
15000			-36832.446313			6404.549832
16000			-26872.213781			5795.047357
17000			-36512.899087			5243.549468
18000			-31574.742095			4744.536038
19000			-37942.809801			4293.012272
20000			-33597.070236			3884.458716
21000			-28061.297184			3514.786020
22000			-33916.681968			3180.294005
23000			-39318.701398			2877.634626
24000			-33536.943277			2603.778466
25000			-31676.450045			2355.984403
26000			-24145.225087			2131.772185
27000			-28628.984616			1928.897594
28000			-22389.958482			1745.329992
29000			-30434.429405			1579.231987
30000			-21710.869292			1428.941048
31000			-36617.363311			1292.952863
32000			-20141.665996			1169.906280
33000			-24781.519335			1058.569685
34000			-24993.233250			957.828671
35000			-19347.040778			866.674888
36000			-15276.801455			784.195947
37000			-25623.490278			709.566288
38000			-12729.592501			642.038917
39000			-16948.492622			580.937931
40000			-13352.392884			525.651749
41000			-14150.225922			475.626993
42000			-15425.937155			430.362949
43000			-12056.757685			389.406552
44000			-10349.666496			352.347857
45000			-12024.066946			318.815931
46000			-13353.290139			288.475142
47000			-12606.177753			261.021797
48000			-11922.939556			236.181108
49000			-10516.392240			213.704435
50000			-9474.670602			193.366803
51000			-9307.982951			174.964643
52000			-8291.744813			158.313765
53000			-8340.295592			143.247502
54000			-6690.454972			129.615051
55000			-8445.812498			117.279962
56000			-7524.403446			106.118767
57000			-6277.981610			96.019751
58000			-6304.470804			86.881830
59000			-6031.899780			78.613537
60000			-5797.561237			71.132114
61000			-5754.766295			64.362677
62000			-5621.613809			58.237467
63000			-5464.863254			52.695176
64000			-5233.190063			47.680328
65000			-5295.730185			43.142730
66000			-5380.068027			39.036961
67000			-4702.805601			35.321926
68000			-4836.694076			31.960441
69000			-4492.548927			28.918858
70000			-4290.203226			26.166734
71000			-4068.241357			23.676522
72000			-3780.170920			21.423296
73000			-2954.283009			19.384503
74000			-2634.413249			17.539736
75000			-2539.557750			15.870530
76000			-2518.689540			14.360177
77000			-2535.699023			12.993561
78000			-2528.110583			11.757001
79000			-2512.933704			10.638121
80000			-2452.290691			9.625722
81000			-2378.529175			8.709670
82000			-2376.632065			7.880796
83000			-2369.043625			7.130803
84000			-2367.146515			6.452185
85000			-2369.043625			5.838150
86000			-2350.072525			5.282550
87000			-2353.866745			4.779825
88000			-2370.940735			4.324943
89000			-2367.146515			3.913350
90000			-2327.307205			3.540928
91000			-2327.307205			3.203948
92000			-2315.924546			2.899038
93000			-2317.821656			2.623145
94000			-2317.821656			2.373508
95000			-2327.307205			2.147628
96000			-2315.924546			1.943244
97000			-2315.924546			1.758311
98000			-2315.924546			1.590978
99000			-2321.615875			1.439569
100000			-2314.027436			1.302570
101000			-2314.027436			1.178608
102000			-2310.233216			1.066443
103000			-2310.233216			0.964953
104000			-2304.541886			0.873121
105000			-2302.644776			0.790029
106000			-2300.747666			0.714844
107000			-2300.747666			0.646814
108000			-2296.953446			0.585259
109000			-2298.850556			0.529561
110000			-2298.850556			0.479165
111000			-2300.747666			0.433564
112000			-2300.747666			0.392303
113000			-2300.747666			0.354969
114000			-2300.747666			0.321187
115000			-2300.747666			0.290621
116000			-2298.850556			0.262963
117000			-2298.850556			0.237938
118000			-2298.850556			0.215294
119000			-2298.850556			0.194805
120000			-2298.850556			0.176266
121000			-2298.850556			0.159491
122000			-2298.850556			0.144313
123000			-2298.850556			0.130579
124000			-2298.850556			0.118152
125000			-2298.850556			0.106908
126000			-2298.850556			0.096734
127000			-2298.850556			0.087528
128000			-2298.850556			0.079198
129000			-2298.850556			0.071661
130000			-2298.850556			0.064841
131000			-2298.850556			0.058671
132000			-2296.953446			0.053087
133000			-2296.953446			0.048035
134000			-2296.953446			0.043464
135000			-2296.953446			0.039327
136000			-2296.953446			0.035585
137000			-2296.953446			0.032198
138000			-2296.953446			0.029134
139000			-2296.953446			0.026361
140000			-2296.953446			0.023853
141000			-2296.953446			0.021583
142000			-2296.953446			0.019529
143000			-2296.953446			0.017670
144000			-2296.953446			0.015989
145000			-2296.953446			0.014467
146000			-2296.953446			0.013090
147000			-2296.953446			0.011844
148000			-2296.953446			0.010717
149000			-2296.953446			0.009697
150000			-2296.953446			0.008774
151000			-2296.953446			0.007939
152000			-2296.953446			0.007184
153000			-2296.953446			0.006500
154000			-2296.953446			0.005882
155000			-2296.953446			0.005322
156000			-2296.953446			0.004815
157000			-2296.953446			0.004357
158000			-2296.953446			0.003942
159000			-2296.953446			0.003567
160000			-2296.953446			0.003228
161000			-2296.953446			0.002921
162000			-2296.953446			0.002643
163000			-2296.953446			0.002391
164000			-2296.953446			0.002164
165000			-2296.953446			0.001958
166000			-2296.953446			0.001771
167000			-2296.953446			0.001603
168000			-2296.953446			0.001450
169000			-2296.953446			0.001312
170000			-2296.953446			0.001187
171000			-2296.953446			0.001074
Iteration: 6
Step			Log-likelihood			Temperature
1			-39843.291931			99900.000000
1000			-36305.383949			36769.542477
2000			-37035.448760			23501.721022
3000			-23248.434532			21265.130236
4000			-34198.937901			19241.389323
5000			-32562.157117			17410.241977
6000			-35046.462264			15753.359626
7000			-37150.489309			14254.157974
8000			-35109.055215			12897.631004
9000			-32864.486604			11670.200782
10000			-32158.497824			10559.581542
11000			-35727.539485			9554.656721
12000			-35060.724371			8645.367688
13000			-33300.880568			7822.613061
14000			-35768.141197			7078.157611
15000			-34275.778224			6404.549832
16000			-32542.992497			5795.047357
17000			-26281.036718			5243.549468
18000			-31670.940557			4744.536038
19000			-28097.820235			4293.012272
20000			-33236.716099			3884.458716
21000			-29755.979444			3514.786020
22000			-34576.360189			3180.294005
23000			-28119.843727			2877.634626
24000			-28949.332338			2603.778466
25000			-26625.428216			2355.984403
26000			-35158.277476			2131.772185
27000			-33264.882468			1928.897594
28000			-28381.979117			1745.329992
29000			-30038.584325			1579.231987
30000			-18906.846755			1428.941048
31000			-28595.728053			1292.952863
32000			-25978.982775			1169.906280
33000			-18632.959182			1058.569685
34000			-23533.071376			957.828671
35000			-21127.872908			866.674888
36000			-17781.408987			784.195947
37000			-18887.670457			709.566288
38000			-17612.448863			642.038917
39000			-15661.630341			580.937931
40000			-15249.485351			525.651749
41000			-13990.115177			475.626993
42000			-13935.711802			430.362949
43000			-10956.219799			389.406552
44000			-11709.243449			352.347857
45000			-11320.218567			318.815931
46000			-9158.680145			288.475142
47000			-11345.939519			261.021797
48000			-11575.135040			236.181108
49000			-9776.067799			213.704435
50000			-9148.297339			193.366803
51000			-9665.504630			174.964643
52000			-8560.005563			158.313765
53000			-8115.152317			143.247502
54000			-7494.345805			129.615051
55000			-7653.321842			117.279962
56000			-7736.337296			106.118767
57000			-6598.012637			96.019751
58000			-6925.283156			86.881830
59000			-7092.003061			78.613537
60000			-7451.744383			71.132114
61000			-7251.031927			64.362677
62000			-6467.751276			58.237467
63000			-5958.944599			52.695176
64000			-5498.108140			47.680328
65000			-4870.261495			43.142730
66000			-5000.775043			39.036961
67000			-4051.935609			35.321926
68000			-3623.479033			31.960441
69000			-3455.184552			28.918858
70000			-3424.669525			26.166734
71000			-3280.876207			23.676522
72000			-3087.629016			21.423296
73000			-3212.870528			19.384503
74000			-2924.896851			17.539736
75000			-2835.926202			15.870530
76000			-2790.395562			14.360177
77000			-2712.614053			12.993561
78000			-2716.408273			11.757001
79000			-2511.520394			10.638121
80000			-2381.646074			9.625722
81000			-2381.646074			8.709670
82000			-2358.880754			7.880796
83000			-2360.777864			7.130803
84000			-2360.777864			6.452185
85000			-2368.366304			5.838150
86000			-2358.880754			5.282550
87000			-2356.983644			4.779825
88000			-2374.057634			4.324943
89000			-2366.469194			3.913350
90000			-2368.366304			3.540928
91000			-2372.160524			3.203948
92000			-2374.057634			2.899038
93000			-2368.366304			2.623145
94000			-2362.674974			2.373508
95000			-2366.469194			2.147628
96000			-2353.189424			1.943244
97000			-2353.189424			1.758311
98000			-2355.086534			1.590978
99000			-2343.703874			1.439569
100000			-2334.218325			1.302570
101000			-2334.218325			1.178608
102000			-2334.218325			1.066443
103000			-2330.424105			0.964953
104000			-2336.115435			0.873121
105000			-2330.424105			0.790029
106000			-2322.835665			0.714844
107000			-2320.938555			0.646814
108000			-2322.835665			0.585259
109000			-2322.835665			0.529561
110000			-2320.938555			0.479165
111000			-2320.938555			0.433564
112000			-2319.041445			0.392303
113000			-2319.041445			0.354969
114000			-2319.041445			0.321187
115000			-2319.041445			0.290621
116000			-2319.041445			0.262963
117000			-2319.041445			0.237938
118000			-2319.041445			0.215294
119000			-2319.041445			0.194805
120000			-2319.041445			0.176266
121000			-2319.041445			0.159491
122000			-2319.041445			0.144313
123000			-2319.041445			0.130579
124000			-2319.041445			0.118152
125000			-2319.041445			0.106908
126000			-2319.041445			0.096734
127000			-2319.041445			0.087528
128000			-2319.041445			0.079198
129000			-2319.041445			0.071661
130000			-2319.041445			0.064841
131000			-2319.041445			0.058671
132000			-2319.041445			0.053087
133000			-2319.041445			0.048035
134000			-2319.041445			0.043464
135000			-2319.041445			0.039327
136000			-2319.041445			0.035585
137000			-2319.041445			0.032198
138000			-2319.041445			0.029134
139000			-2319.041445			0.026361
140000			-2319.041445			0.023853
141000			-2319.041445			0.021583
142000			-2319.041445			0.019529
143000			-2319.041445			0.017670
144000			-2319.041445			0.015989
145000			-2319.041445			0.014467
146000			-2319.041445			0.013090
147000			-2319.041445			0.011844
148000			-2319.041445			0.010717
149000			-2319.041445			0.009697
150000			-2319.041445			0.008774
151000			-2319.041445			0.007939
152000			-2319.041445			0.007184
153000			-2319.041445			0.006500
154000			-2319.041445			0.005882
155000			-2319.041445			0.005322
156000			-2319.041445			0.004815
157000			-2319.041445			0.004357
158000			-2319.041445			0.003942
159000			-2319.041445			0.003567
160000			-2319.041445			0.003228
161000			-2319.041445			0.002921
162000			-2319.041445			0.002643
163000			-2319.041445			0.002391
164000			-2319.041445			0.002164
165000			-2319.041445			0.001958
166000			-2319.041445			0.001771
167000			-2319.041445			0.001603
168000			-2319.041445			0.001450
169000			-2319.041445			0.001312
170000			-2319.041445			0.001187
171000			-2319.041445			0.001074
Iteration: 7
Step			Log-likelihood			Temperature
1			-37661.530366			99900.000000
1000			-34028.552790			36769.542477
2000			-31237.563674			23501.721022
3000			-35683.809195			21265.130236
4000			-37129.421740			19241.389323
5000			-37270.702076			17410.241977
6000			-34070.623421			15753.359626
7000			-35000.474238			14254.157974
8000			-35485.606662			12897.631004
9000			-32342.124613			11670.200782
10000			-35657.985644			10559.581542
11000			-29444.278685			9554.656721
12000			-33155.797115			8645.367688
13000			-33230.036592			7822.613061
14000			-25493.897341			7078.157611
15000			-30763.517791			6404.549832
16000			-34423.195598			5795.047357
17000			-32823.022947			5243.549468
18000			-34512.761544			4744.536038
19000			-35816.633308			4293.012272
20000			-35650.429457			3884.458716
21000			-32540.972213			3514.786020
22000			-35723.138290			3180.294005
23000			-36118.226806			2877.634626
24000			-24643.986229			2603.778466
25000			-33302.282199			2355.984403
26000			-32192.812909			2131.772185
27000			-31947.150373			1928.897594
28000			-26436.409275			1745.329992
29000			-22893.106082			1579.231987
30000			-27190.036842			1428.941048
31000			-31380.506727			1292.952863
32000			-28948.144802			1169.906280
33000			-23026.018059			1058.569685
34000			-24579.522582			957.828671
35000			-17004.980788			866.674888
36000			-16869.593922			784.195947
37000			-13244.987764			709.566288
38000			-18815.923387			642.038917
39000			-17450.748806			580.937931
40000			-15584.062927			525.651749
41000			-17861.067031			475.626993
42000			-13013.282319			430.362949
43000			-12657.168110			389.406552
44000			-13193.938740			352.347857
45000			-11518.919636			318.815931
46000			-11121.543911			288.475142
47000			-10491.515715			261.021797
48000			-11054.048447			236.181108
49000			-9951.569519			213.704435
50000			-10173.531387			193.366803
51000			-7075.052245			174.964643
52000			-8082.965954			158.313765
53000			-9646.017476			143.247502
54000			-8169.716960			129.615051
55000			-7400.038613			117.279962
56000			-7187.659055			106.118767
57000			-6472.190564			96.019751
58000			-7093.791732			86.881830
59000			-6437.784557			78.613537
60000			-6274.826619			71.132114
61000			-6138.589487			64.362677
62000			-4700.650464			58.237467
63000			-4339.264219			52.695176
64000			-4021.162556			47.680328
65000			-4346.852659			43.142730
66000			-4394.151395			39.036961
67000			-4157.270674			35.321926
68000			-3337.821760			31.960441
69000			-3830.780076			28.918858
70000			-3489.461545			26.166734
71000			-3249.012378			23.676522
72000			-2694.830489			21.423296
73000			-2617.339260			19.384503
74000			-2499.718440			17.539736
75000			-2552.837520			15.870530
76000			-2463.899124			14.360177
77000			-2547.371964			12.993561
78000			-2517.018204			11.757001
79000			-2446.825134			10.638121
80000			-2422.162705			9.625722
81000			-2429.751145			8.709670
82000			-2370.940735			7.880796
83000			-2334.895645			7.130803
84000			-2334.895645			6.452185
85000			-2369.043625			5.838150
86000			-2380.426285			5.282550
87000			-2393.706055			4.779825
88000			-2338.689865			4.324943
89000			-2342.484085			3.913350
90000			-2332.998535			3.540928
91000			-2327.307205			3.203948
92000			-2329.204315			2.899038
93000			-2315.924546			2.623145
94000			-2314.027436			2.373508
95000			-2315.924546			2.147628
96000			-2315.924546			1.943244
97000			-2317.821656			1.758311
98000			-2312.130326			1.590978
99000			-2317.821656			1.439569
100000			-2314.027436			1.302570
101000			-2306.438996			1.178608
102000			-2304.541886			1.066443
103000			-2304.541886			0.964953
104000			-2302.644776			0.873121
105000			-2302.644776			0.790029
106000			-2300.747666			0.714844
107000			-2298.850556			0.646814
108000			-2296.953446			0.585259
109000			-2296.953446			0.529561
110000			-2296.953446			0.479165
111000			-2296.953446			0.433564
112000			-2296.953446			0.392303
113000			-2296.953446			0.354969
114000			-2296.953446			0.321187
115000			-2296.953446			0.290621
116000			-2296.953446			0.262963
117000			-2296.953446			0.237938
118000			-2296.953446			0.215294
119000			-2296.953446			0.194805
120000			-2296.953446			0.176266
121000			-2296.953446			0.159491
122000			-2296.953446			0.144313
123000			-2296.953446			0.130579
124000			-2296.953446			0.118152
125000			-2296.953446			0.106908
126000			-2296.953446			0.096734
127000			-2296.953446			0.087528
128000			-2296.953446			0.079198
129000			-2296.953446			0.071661
130000			-2296.953446			0.064841
131000			-2296.953446			0.058671
132000			-2296.953446			0.053087
133000			-2296.953446			0.048035
134000			-2296.953446			0.043464
135000			-2296.953446			0.039327
136000			-2296.953446			0.035585
137000			-2296.953446			0.032198
138000			-2296.953446			0.029134
139000			-2296.953446			0.026361
140000			-2296.953446			0.023853
141000			-2296.953446			0.021583
142000			-2296.953446			0.019529
143000			-2296.953446			0.017670
144000			-2296.953446			0.015989
145000			-2296.953446			0.014467
146000			-2296.953446			0.013090
147000			-2296.953446			0.011844
148000			-2296.953446			0.010717
149000			-2296.953446			0.009697
150000			-2296.953446			0.008774
151000			-2296.953446			0.007939
152000			-2296.953446			0.007184
153000			-2296.953446			0.006500
154000			-2296.953446			0.005882
155000			-2296.953446			0.005322
156000			-2296.953446			0.004815
157000			-2296.953446			0.004357
158000			-2296.953446			0.003942
159000			-2296.953446			0.003567
160000			-2296.953446			0.003228
161000			-2296.953446			0.002921
162000			-2296.953446			0.002643
163000			-2296.953446			0.002391
164000			-2296.953446			0.002164
165000			-2296.953446			0.001958
166000			-2296.953446			0.001771
167000			-2296.953446			0.001603
168000			-2296.953446			0.001450
169000			-2296.953446			0.001312
170000			-2296.953446			0.001187
171000			-2296.953446			0.001074
Iteration: 8
Step			Log-likelihood			Temperature
1			-37738.505541			99900.000000
1000			-37472.206408			36769.542477
2000			-32601.911345			23501.721022
3000			-36429.555261			21265.130236
4000			-36096.282557			19241.389323
5000			-37907.682542			17410.241977
6000			-34116.162958			15753.359626
7000			-37802.793185			14254.157974
8000			-33677.657789			12897.631004
9000			-33571.020911			11670.200782
10000			-32986.367926			10559.581542
11000			-33731.474764			9554.656721
12000			-33703.630929			8645.367688
13000			-34211.540350			7822.613061
14000			-32117.321389			7078.157611
15000			-35727.598153			6404.549832
16000			-35352.342680			5795.047357
17000			-27790.978057			5243.549468
18000			-30512.759222			4744.536038
19000			-31945.769317			4293.012272
20000			-35391.041443			3884.458716
21000			-32312.899721			3514.786020
22000			-25187.075738			3180.294005
23000			-35963.581618			2877.634626
24000			-36434.516442			2603.778466
25000			-26410.292385			2355.984403
26000			-26079.441742			2131.772185
27000			-29987.374033			1928.897594
28000			-21907.400489			1745.329992
29000			-26034.594262			1579.231987
30000			-31233.719684			1428.941048
31000			-17382.297419			1292.952863
32000			-21593.855448			1169.906280
33000			-22963.428165			1058.569685
34000			-26067.076744			957.828671
35000			-19402.517412			866.674888
36000			-14450.807887			784.195947
37000			-16808.687043			709.566288
38000			-16455.062183			642.038917
39000			-12144.998185			580.937931
40000			-15228.901583			525.651749
41000			-11283.663262			475.626993
42000			-15379.342154			430.362949
43000			-12560.356833			389.406552
44000			-12513.424562			352.347857
45000			-11924.352866			318.815931
46000			-12074.482582			288.475142
47000			-10527.065326			261.021797
48000			-9962.829004			236.181108
49000			-12084.683545			213.704435
50000			-10113.812044			193.366803
51000			-8708.554863			174.964643
52000			-9500.230288			158.313765
53000			-10626.327859			143.247502
54000			-9335.272640			129.615051
55000			-7510.581207			117.279962
56000			-7734.498853			106.118767
57000			-6255.442064			96.019751
58000			-6364.410082			86.881830
59000			-6191.257019			78.613537
60000			-5519.363390			71.132114
61000			-5278.462675			64.362677
62000			-5109.168339			58.237467
63000			-4351.453213			52.695176
64000			-4340.006047			47.680328
65000			-4502.673705			43.142730
66000			-3866.857419			39.036961
67000			-3856.726801			35.321926
68000			-4131.581975			31.960441
69000			-4152.643706			28.918858
70000			-4096.343220			26.166734
71000			-4098.208077			23.676522
72000			-3476.568816			21.423296
73000			-3351.649837			19.384503
74000			-3135.153525			17.539736
75000			-2785.891768			15.870530
76000			-2711.839972			14.360177
77000			-2475.281784			12.993561
78000			-2484.767334			11.757001
79000			-2471.487564			10.638121
80000			-2462.002014			9.625722
81000			-2439.236695			8.709670
82000			-2416.471375			7.880796
83000			-2372.837845			7.130803
84000			-2378.529175			6.452185
85000			-2332.998535			5.838150
86000			-2327.307205			5.282550
87000			-2338.689865			4.779825
88000			-2342.484085			4.324943
89000			-2329.204315			3.913350
90000			-2323.512985			3.540928
91000			-2327.307205			3.203948
92000			-2332.998535			2.899038
93000			-2325.410095			2.623145
94000			-2325.410095			2.373508
95000			-2329.204315			2.147628
96000			-2304.541886			1.943244
97000			-2306.438996			1.758311
98000			-2314.027436			1.590978
99000			-2304.541886			1.439569
100000			-2308.336106			1.302570
101000			-2302.644776			1.178608
102000			-2304.541886			1.066443
103000			-2304.541886			0.964953
104000			-2300.747666			0.873121
105000			-2302.644776			0.790029
106000			-2302.644776			0.714844
107000			-2300.747666			0.646814
108000			-2302.644776			0.585259
109000			-2300.747666			0.529561
110000			-2298.850556			0.479165
111000			-2300.747666			0.433564
112000			-2300.747666			0.392303
113000			-2298.850556			0.354969
114000			-2298.850556			0.321187
115000			-2298.850556			0.290621
116000			-2298.850556			0.262963
117000			-2296.953446			0.237938
118000			-2296.953446			0.215294
119000			-2296.953446			0.194805
120000			-2296.953446			0.176266
121000			-2296.953446			0.159491
122000			-2296.953446			0.144313
123000			-2296.953446			0.130579
124000			-2296.953446			0.118152
125000			-2296.953446			0.106908
126000			-2296.953446			0.096734
127000			-2296.953446			0.087528
128000			-2296.953446			0.079198
129000			-2296.953446			0.071661
130000			-2296.953446			0.064841
131000			-2296.953446			0.058671
132000			-2296.953446			0.053087
133000			-2296.953446			0.048035
134000			-2296.953446			0.043464
135000			-2296.953446			0.039327
136000			-2296.953446			0.035585
137000			-2296.953446			0.032198
138000			-2296.953446			0.029134
139000			-2296.953446			0.026361
140000			-2296.953446			0.023853
141000			-2296.953446			0.021583
142000			-2296.953446			0.019529
143000			-2296.953446			0.017670
144000			-2296.953446			0.015989
145000			-2296.953446			0.014467
146000			-2296.953446			0.013090
147000			-2296.953446			0.011844
148000			-2296.953446			0.010717
149000			-2296.953446			0.009697
150000			-2296.953446			0.008774
151000			-2296.953446			0.007939
152000			-2296.953446			0.007184
153000			-2296.953446			0.006500
154000			-2296.953446			0.005882
155000			-2296.953446			0.005322
156000			-2296.953446			0.004815
157000			-2296.953446			0.004357
158000			-2296.953446			0.003942
159000			-2296.953446			0.003567
160000			-2296.953446			0.003228
161000			-2296.953446			0.002921
162000			-2296.953446			0.002643
163000			-2296.953446			0.002391
164000			-2296.953446			0.002164
165000			-2296.953446			0.001958
166000			-2296.953446			0.001771
167000			-2296.953446			0.001603
168000			-2296.953446			0.001450
169000			-2296.953446			0.001312
170000			-2296.953446			0.001187
171000			-2296.953446			0.001074
Iteration: 9
Step			Log-likelihood			Temperature
1			-40132.544065			99900.000000
1000			-37442.890595			36769.542477
2000			-35933.265951			23501.721022
3000			-36013.783158			21265.130236
4000			-36294.924959			19241.389323
5000			-35115.224507			17410.241977
6000			-36645.116225			15753.359626
7000			-31948.059307			14254.157974
8000			-25056.104804			12897.631004
9000			-35411.012398			11670.200782
10000			-33882.759762			10559.581542
11000			-29765.916541			9554.656721
12000			-31678.534836			8645.367688
13000			-32457.983174			7822.613061
14000			-30661.158933			7078.157611
15000			-35046.353826			6404.549832
16000			-32682.202779			5795.047357
17000			-31360.987320			5243.549468
18000			-34135.629537			4744.536038
19000			-36269.268514			4293.012272
20000			-24339.272774			3884.458716
21000			-32530.299127			3514.786020
22000			-29469.806116			3180.294005
23000			-33771.985556			2877.634626
24000			-31581.723560			2603.778466
25000			-29314.468871			2355.984403
26000			-26675.263290			2131.772185
27000			-27414.420771			1928.897594
28000			-19145.436905			1745.329992
29000			-25922.509345			1579.231987
30000			-23002.472819			1428.941048
31000			-18645.933936			1292.952863
32000			-19069.294479			1169.906280
33000			-27801.308034			1058.569685
34000			-16575.497943			957.828671
35000			-18301.196548			866.674888
36000			-18491.681627			784.195947
37000			-14483.170253			709.566288
38000			-13805.998749			642.038917
39000			-22320.287305			580.937931
40000			-19308.145714			525.651749
41000			-17390.035448			475.626993
42000			-18300.970774			430.362949
43000			-12836.915597			389.406552
44000			-13160.160283			352.347857
45000			-11365.291820			318.815931
46000			-11997.598328			288.475142
47000			-12303.097542			261.021797
48000			-11818.513425			236.181108
49000			-11981.310097			213.704435
50000			-11793.651636			193.366803
51000			-9063.249924			174.964643
52000			-9074.239704			158.313765
53000			-7656.083955			143.247502
54000			-8394.531861			129.615051
55000			-7256.148535			117.279962
56000			-7541.515528			106.118767
57000			-7665.176625			96.019751
58000			-6593.283069			86.881830
59000			-6407.515879			78.613537
60000			-5164.668329			71.132114
61000			-5020.036423			64.362677
62000			-4735.792459			58.237467
63000			-4854.794334			52.695176
64000			-4406.437150			47.680328
65000			-4286.596687			43.142730
66000			-4029.396063			39.036961
67000			-3518.401996			35.321926
68000			-3590.266401			31.960441
69000			-3512.452639			28.918858
70000			-3656.600744			26.166734
71000			-3442.807877			23.676522
72000			-3251.199768			21.423296
73000			-3089.945419			19.384503
74000			-3095.830270			17.539736
75000			-3006.666100			15.870530
76000			-3010.460320			14.360177
77000			-3031.038250			12.993561
78000			-2949.752801			11.757001
79000			-2932.678811			10.638121
80000			-2861.614900			9.625722
81000			-2597.916612			8.709670
82000			-2440.456484			7.880796
83000			-2408.205614			7.130803
84000			-2360.777864			6.452185
85000			-2351.292314			5.838150
86000			-2360.777864			5.282550
87000			-2360.777864			4.779825
88000			-2358.880754			4.324943
89000			-2358.880754			3.913350
90000			-2360.777864			3.540928
91000			-2345.600984			3.203948
92000			-2351.292314			2.899038
93000			-2355.086534			2.623145
94000			-2351.292314			2.373508
95000			-2339.909654			2.147628
96000			-2358.880754			1.943244
97000			-2349.395204			1.758311
98000			-2345.600984			1.590978
99000			-2338.012545			1.439569
100000			-2334.218325			1.302570
101000			-2332.321215			1.178608
102000			-2328.526995			1.066443
103000			-2322.835665			0.964953
104000			-2320.938555			0.873121
105000			-2320.938555			0.790029
106000			-2320.938555			0.714844
107000			-2319.041445			0.646814
108000			-2319.041445			0.585259
109000			-2319.041445			0.529561
110000			-2319.041445			0.479165
111000			-2319.041445			0.433564
112000			-2319.041445			0.392303
113000			-2319.041445			0.354969
114000			-2319.041445			0.321187
115000			-2319.041445			0.290621
116000			-2319.041445			0.262963
117000			-2319.041445			0.237938
118000			-2319.041445			0.215294
119000			-2319.041445			0.194805
120000			-2319.041445			0.176266
121000			-2319.041445			0.159491
122000			-2319.041445			0.144313
123000			-2319.041445			0.130579
124000			-2319.041445			0.118152
125000			-2319.041445			0.106908
126000			-2319.041445			0.096734
127000			-2319.041445			0.087528
128000			-2319.041445			0.079198
129000			-2319.041445			0.071661
130000			-2319.041445			0.064841
131000			-2319.041445			0.058671
132000			-2319.041445			0.053087
133000			-2319.041445			0.048035
134000			-2319.041445			0.043464
135000			-2319.041445			0.039327
136000			-2319.041445			0.035585
137000			-2319.041445			0.032198
138000			-2319.041445			0.029134
139000			-2319.041445			0.026361
140000			-2319.041445			0.023853
141000			-2319.041445			0.021583
142000			-2319.041445			0.019529
143000			-2319.041445			0.017670
144000			-2319.041445			0.015989
145000			-2319.041445			0.014467
146000			-2319.041445			0.013090
147000			-2319.041445			0.011844
148000			-2319.041445			0.010717
149000			-2319.041445			0.009697
150000			-2319.041445			0.008774
151000			-2319.041445			0.007939
152000			-2319.041445			0.007184
153000			-2319.041445			0.006500
154000			-2319.041445			0.005882
155000			-2319.041445			0.005322
156000			-2319.041445			0.004815
157000			-2319.041445			0.004357
158000			-2319.041445			0.003942
159000			-2319.041445			0.003567
160000			-2319.041445			0.003228
161000			-2319.041445			0.002921
162000			-2319.041445			0.002643
163000			-2319.041445			0.002391
164000			-2319.041445			0.002164
165000			-2319.041445			0.001958
166000			-2319.041445			0.001771
167000			-2319.041445			0.001603
168000			-2319.041445			0.001450
169000			-2319.041445			0.001312
170000			-2319.041445			0.001187
171000			-2319.041445			0.001074
Iteration: 10
Step			Log-likelihood			Temperature
1			-39164.062049			99900.000000
1000			-31289.498276			36769.542477
2000			-35994.005724			23501.721022
3000			-33911.093238			21265.130236
4000			-35945.765801			19241.389323
5000			-28462.807180			17410.241977
6000			-35907.630081			15753.359626
7000			-34042.284107			14254.157974
8000			-32305.428616			12897.631004
9000			-33204.368469			11670.200782
10000			-33808.320926			10559.581542
11000			-33013.707386			9554.656721
12000			-36622.872798			8645.367688
13000			-37094.549450			7822.613061
14000			-34021.292723			7078.157611
15000			-32516.729077			6404.549832
16000			-36998.210295			5795.047357
17000			-35554.225155			5243.549468
18000			-34310.882127			4744.536038
19000			-33392.413970			4293.012272
20000			-37587.387649			3884.458716
21000			-26951.042134			3514.786020
22000			-29145.766774			3180.294005
23000			-26570.397290			2877.634626
24000			-23540.659816			2603.778466
25000			-33679.425885			2355.984403
26000			-34979.553200			2131.772185
27000			-34121.736953			1928.897594
28000			-31122.655197			1745.329992
29000			-29823.114282			1579.231987
30000			-24429.771009			1428.941048
31000			-22612.715006			1292.952863
32000			-26288.000666			1169.906280
33000			-20341.812629			1058.569685
34000			-15005.558659			957.828671
35000			-15514.799366			866.674888
36000			-23719.557037			784.195947
37000			-14893.957542			709.566288
38000			-11192.241357			642.038917
39000			-16033.677993			580.937931
40000			-11112.052522			525.651749
41000			-13371.170463			475.626993
42000			-13434.575588			430.362949
43000			-14022.538992			389.406552
44000			-12700.244435			352.347857
45000			-13001.926073			318.815931
46000			-11118.479841			288.475142
47000			-11191.414447			261.021797
48000			-9493.700370			236.181108
49000			-10990.760658			213.704435
50000			-10218.170611			193.366803
51000			-8408.198671			174.964643
52000			-8232.089977			158.313765
53000			-7378.144135			143.247502
54000			-9640.153201			129.615051
55000			-7181.322658			117.279962
56000			-6805.216919			106.118767
57000			-7186.471519			96.019751
58000			-6124.573728			86.881830
59000			-6250.105521			78.613537
60000			-5314.572272			71.132114
61000			-5654.955454			64.362677
62000			-5486.596466			58.237467
63000			-4789.008299			52.695176
64000			-5083.957602			47.680328
65000			-4760.422636			43.142730
66000			-4110.778272			39.036961
67000			-3856.823561			35.321926
68000			-3879.846908			31.960441
69000			-3863.127705			28.918858
70000			-3611.360385			26.166734
71000			-3791.392313			23.676522
72000			-3374.479664			21.423296
73000			-3179.012829			19.384503
74000			-2564.220180			17.539736
75000			-2552.902027			15.870530
76000			-2477.178894			14.360177
77000			-2395.603165			12.993561
78000			-2359.558075			11.757001
79000			-2342.484085			10.638121
80000			-2329.204315			9.625722
81000			-2344.381195			8.709670
82000			-2363.352295			7.880796
83000			-2346.278305			7.130803
84000			-2350.072525			6.452185
85000			-2344.381195			5.838150
86000			-2344.381195			5.282550
87000			-2338.689865			4.779825
88000			-2338.689865			4.324943
89000			-2321.615875			3.913350
90000			-2334.895645			3.540928
91000			-2323.512985			3.203948
92000			-2321.615875			2.899038
93000			-2336.792755			2.623145
94000			-2329.204315			2.373508
95000			-2315.924546			2.147628
96000			-2319.718766			1.943244
97000			-2310.233216			1.758311
98000			-2302.644776			1.590978
99000			-2304.541886			1.439569
100000			-2306.438996			1.302570
101000			-2304.541886			1.178608
102000			-2308.336106			1.066443
103000			-2306.438996			0.964953
104000			-2306.438996			0.873121
105000			-2304.541886			0.790029
106000			-2300.747666			0.714844
107000			-2302.644776			0.646814
108000			-2298.850556			0.585259
109000			-2298.850556			0.529561
110000			-2298.850556			0.479165
111000			-2298.850556			0.433564
112000			-2296.953446			0.392303
113000			-2296.953446			0.354969
114000			-2296.953446			0.321187
115000			-2296.953446			0.290621
116000			-2296.953446			0.262963
117000			-2296.953446			0.237938
118000			-2296.953446			0.215294
119000			-2296.953446			0.194805
120000			-2296.953446			0.176266
121000			-2296.953446			0.159491
122000			-2296.953446			0.144313
123000			-2296.953446			0.130579
124000			-2296.953446			0.118152
125000			-2296.953446			0.106908
126000			-2296.953446			0.096734
127000			-2296.953446			0.087528
128000			-2296.953446			0.079198
129000			-2296.953446			0.071661
130000			-2296.953446			0.064841
131000			-2296.953446			0.058671
132000			-2296.953446			0.053087
133000			-2296.953446			0.048035
134000			-2296.953446			0.043464
135000			-2296.953446			0.039327
136000			-2296.953446			0.035585
137000			-2296.953446			0.032198
138000			-2296.953446			0.029134
139000			-2296.953446			0.026361
140000			-2296.953446			0.023853
141000			-2296.953446			0.021583
142000			-2296.953446			0.019529
143000			-2296.953446			0.017670
144000			-2296.953446			0.015989
145000			-2296.953446			0.014467
146000			-2296.953446			0.013090
147000			-2296.953446			0.011844
148000			-2296.953446			0.010717
149000			-2296.953446			0.009697
150000			-2296.953446			0.008774
151000			-2296.953446			0.007939
152000			-2296.953446			0.007184
153000			-2296.953446			0.006500
154000			-2296.953446			0.005882
155000			-2296.953446			0.005322
156000			-2296.953446			0.004815
157000			-2296.953446			0.004357
158000			-2296.953446			0.003942
159000			-2296.953446			0.003567
160000			-2296.953446			0.003228
161000			-2296.953446			0.002921
162000			-2296.953446			0.002643
163000			-2296.953446			0.002391
164000			-2296.953446			0.002164
165000			-2296.953446			0.001958
166000			-2296.953446			0.001771
167000			-2296.953446			0.001603
168000			-2296.953446			0.001450
169000			-2296.953446			0.001312
170000			-2296.953446			0.001187
171000			-2296.953446			0.001074

Maximum likelihood Tree found: -2296.953446
digraph g {
	"49" -> "50";
	"50" [label="24"];
	"48" -> "49";
	"49" [label="31"];
	"47" -> "48";
	"48" [label="13"];
	"46" -> "47";
	"47" [label="9"];
	"45" -> "46";
	"46" [label="4"];
	"44" -> "45";
	"45" [label="45"];
	"43" -> "44";
	"44" [label="37"];
	"42" -> "43";
	"43" [label="27"];
	"41" -> "42";
	"42" [label="36"];
	"39" -> "40";
	"40" [label="3"];
	"38" -> "39";
	"39" [label="32"];
	"37" -> "38";
	"38" [label="39"];
	"36" -> "37";
	"37" [label="29"];
	"35" -> "36";
	"36" [label="46"];
	"34" -> "35";
	"35" [label="47"];
	"33" -> "34";
	"34" [label="19"];
	"32" -> "33";
	"33" [label="20"];
	"30" -> "31";
	"31" [label="7"];
	"29" -> "30";
	"30" [label="28"];
	"28" -> "29";
	"29" [label="35"];
	"27" -> "28";
	"28" [label="5"];
	"26" -> "27";
	"27" [label="44"];
	"25" -> "26";
	"26" [label="33"];
	"24" -> "25";
	"25" [label="8"];
	"23" -> "24";
	"24" [label="6"];
	"22" -> "23";
	"23" [label="16"];
	"21" -> "22";
	"22" [label="43"];
	"20" -> "21";
	"21" [label="2"];
	"20" -> "32";
	"32" [label="14"];
	"19" -> "20";
	"20" [label="40"];
	"18" -> "19";
	"19" [label="18"];
	"17" -> "18";
	"18" [label="41"];
	"16" -> "17";
	"17" [label="38"];
	"15" -> "16";
	"16" [label="12"];
	"14" -> "15";
	"15" [label="10"];
	"13" -> "14";
	"14" [label="11"];
	"13" -> "41";
	"41" [label="42"];
	"12" -> "13";
	"13" [label="34"];
	"11" -> "12";
	"12" [label="1"];
	"10" -> "11";
	"11" [label="48"];
	"9" -> "10";
	"10" [label="49"];
	"8" -> "9";
	"9" [label="17"];
	"7" -> "8";
	"8" [label="23"];
	"6" -> "7";
	"7" [label="15"];
	"5" -> "6";
	"6" [label="25"];
	"4" -> "5";
	"5" [label="30"];
	"3" -> "4";
	"4" [label="50"];
	"2" -> "3";
	"3" [label="21"];
	"1" -> "2";
	"2" [label="26"];
	"0" -> "1";
	"1" [label="22"];
	"0" [label="germline"];
	labelloc="t";
	label="Confidence score: -2296.953446";
}
Best cell assigment:
50 20 39 49 11 50 31 38 38 12 50 50 37 19 18 40 38 39 46 36 48 20 44 12 36 35 12 48 38 46 45 12 35 38 48 20 37 40 45 38 48 20 48 40 20 35 20 8 20 11 18 48 40 12 30 37 46 35 45 48 50 46 38 40 40 9 48 48 48 46 48 46 48 38 40 50 20 40 48 12 47 48 40 40 44 48 47 48 20 38 37 50 12 49 45 20 45 45 38 12 12 37 11 38 38 37 12 46 46 44 38 50 20 31 38 40 18 50 11 46 50 46 47 48 46 40 46 50 32 12 39 48 10 40 49 9 50 12 35 37 35 43 40 48 48 40 38 38 31 40 46 50 38 40 46 40 35 38 48 12 40 46 48 48 48 37 34 48 46 50 37 38 20 48 31 12 38 32 49 35 47 19 46 38 39 39 20 44 46 50 35 46 19 37 31 40 45 38 45 50 38 46 50 46 37 46 38 40 50 48 33 29 34 30 38 48 35 47 38 40 45 34 30 34 35 48 31 17 20 40 48 50 49 20 46 46 38 40 16 40 11 50 50 19 35 42 20 46 31 12 
alpha: 0.150000
beta: 0.000010
alpha: 1.000000
