Starting SASC.
Iteration: 1
Step			Log-likelihood			Temperature
1			-27501.811865			99900.000000
1000			-25604.892343			36769.542477
2000			-26582.725055			23501.721022
3000			-26130.746596			21265.130236
4000			-27100.571575			19241.389323
5000			-27634.867591			17410.241977
6000			-24807.446345			15753.359626
7000			-20709.556707			14254.157974
8000			-26406.971148			12897.631004
9000			-23126.058591			11670.200782
10000			-26241.444617			10559.581542
11000			-26980.376325			9554.656721
12000			-26694.208836			8645.367688
13000			-24849.011786			7822.613061
14000			-24811.248545			7078.157611
15000			-24441.266026			6404.549832
16000			-27747.647346			5795.047357
17000			-24810.519313			5243.549468
18000			-22285.166746			4744.536038
19000			-21591.018012			4293.012272
20000			-24608.109105			3884.458716
21000			-24998.564814			3514.786020
22000			-17038.554907			3180.294005
23000			-20656.695654			2877.634626
24000			-23840.157705			2603.778466
25000			-22505.721144			2355.984403
26000			-19701.332185			2131.772185
27000			-23334.919474			1928.897594
28000			-21518.397042			1745.329992
29000			-25137.590472			1579.231987
30000			-23532.439538			1428.941048
31000			-15262.824649			1292.952863
32000			-22560.898600			1169.906280
33000			-23956.004588			1058.569685
34000			-18173.020839			957.828671
35000			-19187.473363			866.674888
36000			-14605.656353			784.195947
37000			-13816.329586			709.566288
38000			-12399.367211			642.038917
39000			-13034.377163			580.937931
40000			-15223.087939			525.651749
41000			-11799.848202			475.626993
42000			-18983.162987			430.362949
43000			-12033.843637			389.406552
44000			-11223.267459			352.347857
45000			-13617.144715			318.815931
46000			-11086.288499			288.475142
47000			-10340.175968			261.021797
48000			-9971.412320			236.181108
49000			-9607.774178			213.704435
50000			-9517.706915			193.366803
51000			-6870.804456			174.964643
52000			-6205.852732			158.313765
53000			-5733.162957			143.247502
54000			-6600.969130			129.615051
55000			-5755.605743			117.279962
56000			-5681.457187			106.118767
57000			-4671.775381			96.019751
58000			-4838.817820			86.881830
59000			-3932.236699			78.613537
60000			-4143.874429			71.132114
61000			-4261.043701			64.362677
62000			-3749.823860			58.237467
63000			-3339.118594			52.695176
64000			-3774.486290			47.680328
65000			-3188.510917			43.142730
66000			-2945.338237			39.036961
67000			-2792.208450			35.321926
68000			-2610.505186			31.960441
69000			-2665.521375			28.918858
70000			-2517.998344			26.166734
71000			-2468.641231			23.676522
72000			-2042.403019			21.423296
73000			-2105.202448			19.384503
74000			-2122.244184			17.539736
75000			-2112.385413			15.870530
76000			-1891.061816			14.360177
77000			-1805.869764			12.993561
78000			-1754.753155			11.757001
79000			-1749.061825			10.638121
80000			-1724.399395			9.625722
81000			-1627.646786			8.709670
82000			-1564.936796			7.880796
83000			-1476.964857			7.130803
84000			-1482.656187			6.452185
85000			-1354.352016			5.838150
86000			-1367.631786			5.282550
87000			-1365.734676			4.779825
88000			-1358.146236			4.324943
89000			-1369.528896			3.913350
90000			-1352.454906			3.540928
91000			-1350.557796			3.203948
92000			-1348.660686			2.899038
93000			-1284.161179			2.623145
94000			-1280.366959			2.373508
95000			-1267.087189			2.147628
96000			-1270.881409			1.943244
97000			-1268.984299			1.758311
98000			-1280.366959			1.590978
99000			-1276.572739			1.439569
100000			-1272.778519			1.302570
101000			-1274.675629			1.178608
102000			-1274.675629			1.066443
103000			-1272.778519			0.964953
104000			-1272.778519			0.873121
105000			-1272.778519			0.790029
106000			-1272.778519			0.714844
107000			-1270.881409			0.646814
108000			-1265.190079			0.585259
109000			-1263.292969			0.529561
110000			-1259.498749			0.479165
111000			-1259.498749			0.433564
112000			-1257.601639			0.392303
113000			-1257.601639			0.354969
114000			-1257.601639			0.321187
115000			-1257.601639			0.290621
116000			-1257.601639			0.262963
117000			-1257.601639			0.237938
118000			-1257.601639			0.215294
119000			-1257.601639			0.194805
120000			-1257.601639			0.176266
121000			-1257.601639			0.159491
122000			-1257.601639			0.144313
123000			-1257.601639			0.130579
124000			-1257.601639			0.118152
125000			-1257.601639			0.106908
126000			-1257.601639			0.096734
127000			-1257.601639			0.087528
128000			-1257.601639			0.079198
129000			-1257.601639			0.071661
130000			-1257.601639			0.064841
131000			-1257.601639			0.058671
132000			-1257.601639			0.053087
133000			-1257.601639			0.048035
134000			-1257.601639			0.043464
135000			-1257.601639			0.039327
136000			-1257.601639			0.035585
137000			-1257.601639			0.032198
138000			-1257.601639			0.029134
139000			-1257.601639			0.026361
140000			-1257.601639			0.023853
141000			-1257.601639			0.021583
142000			-1257.601639			0.019529
143000			-1257.601639			0.017670
144000			-1257.601639			0.015989
145000			-1257.601639			0.014467
146000			-1257.601639			0.013090
147000			-1257.601639			0.011844
148000			-1257.601639			0.010717
149000			-1257.601639			0.009697
150000			-1257.601639			0.008774
151000			-1257.601639			0.007939
152000			-1257.601639			0.007184
153000			-1257.601639			0.006500
154000			-1257.601639			0.005882
155000			-1257.601639			0.005322
156000			-1257.601639			0.004815
157000			-1257.601639			0.004357
158000			-1257.601639			0.003942
159000			-1257.601639			0.003567
160000			-1257.601639			0.003228
161000			-1257.601639			0.002921
162000			-1257.601639			0.002643
163000			-1257.601639			0.002391
164000			-1257.601639			0.002164
165000			-1257.601639			0.001958
166000			-1257.601639			0.001771
167000			-1257.601639			0.001603
168000			-1257.601639			0.001450
169000			-1257.601639			0.001312
170000			-1257.601639			0.001187
171000			-1257.601639			0.001074
Iteration: 2
Step			Log-likelihood			Temperature
1			-25654.135178			99900.000000
1000			-25981.030335			36769.542477
2000			-25024.016061			23501.721022
3000			-23319.376129			21265.130236
4000			-26505.647281			19241.389323
5000			-26134.716819			17410.241977
6000			-23524.231754			15753.359626
7000			-22118.388173			14254.157974
8000			-21103.149890			12897.631004
9000			-23537.646376			11670.200782
10000			-22822.254070			10559.581542
11000			-24597.377352			9554.656721
12000			-25159.162417			8645.367688
13000			-24367.401911			7822.613061
14000			-26404.892196			7078.157611
15000			-22440.424748			6404.549832
16000			-19537.921279			5795.047357
17000			-18642.026299			5243.549468
18000			-24223.092539			4744.536038
19000			-20388.156302			4293.012272
20000			-26325.374843			3884.458716
21000			-23950.500940			3514.786020
22000			-25310.438518			3180.294005
23000			-24774.913401			2877.634626
24000			-23451.437839			2603.778466
25000			-23576.318725			2355.984403
26000			-23456.871142			2131.772185
27000			-20155.096215			1928.897594
28000			-21177.098169			1745.329992
29000			-24215.009729			1579.231987
30000			-23454.748259			1428.941048
31000			-19500.379175			1292.952863
32000			-17417.897661			1169.906280
33000			-16866.181764			1058.569685
34000			-22570.862112			957.828671
35000			-18199.999672			866.674888
36000			-18041.190741			784.195947
37000			-14558.314794			709.566288
38000			-14205.946707			642.038917
39000			-17844.600877			580.937931
40000			-10433.747171			525.651749
41000			-13388.679344			475.626993
42000			-12036.643841			430.362949
43000			-10944.547719			389.406552
44000			-10809.020161			352.347857
45000			-10349.600089			318.815931
46000			-9864.658107			288.475142
47000			-8726.817249			261.021797
48000			-8678.841192			236.181108
49000			-8880.148351			213.704435
50000			-7828.613385			193.366803
51000			-9568.054170			174.964643
52000			-8723.017190			158.313765
53000			-7490.391179			143.247502
54000			-6849.168004			129.615051
55000			-6814.671076			117.279962
56000			-6719.216365			106.118767
57000			-6113.784168			96.019751
58000			-7911.576010			86.881830
59000			-6375.122120			78.613537
60000			-5119.241149			71.132114
61000			-4045.385977			64.362677
62000			-3531.855571			58.237467
63000			-3167.707214			52.695176
64000			-3428.089243			47.680328
65000			-3001.277589			43.142730
66000			-2518.143202			39.036961
67000			-2458.032652			35.321926
68000			-2240.413311			31.960441
69000			-2258.674836			28.918858
70000			-2224.623617			26.166734
71000			-2139.238378			23.676522
72000			-2095.337438			21.423296
73000			-2006.552729			19.384503
74000			-1835.529573			17.539736
75000			-1814.661363			15.870530
76000			-1689.645624			14.360177
77000			-1471.800509			12.993561
78000			-1468.006290			11.757001
79000			-1464.495327			10.638121
80000			-1458.803997			9.625722
81000			-1430.347347			8.709670
82000			-1445.524227			7.880796
83000			-1397.984428			7.130803
84000			-1405.572868			6.452185
85000			-1422.646858			5.838150
86000			-1413.161308			5.282550
87000			-1366.465916			4.779825
88000			-1368.363026			4.324943
89000			-1355.083256			3.913350
90000			-1311.341027			3.540928
91000			-1296.164147			3.203948
92000			-1296.164147			2.899038
93000			-1315.135247			2.623145
94000			-1311.341027			2.373508
95000			-1307.546807			2.147628
96000			-1292.481977			1.943244
97000			-1277.305097			1.758311
98000			-1279.202207			1.590978
99000			-1275.407987			1.439569
100000			-1271.613767			1.302570
101000			-1271.613767			1.178608
102000			-1275.407987			1.066443
103000			-1275.407987			0.964953
104000			-1277.305097			0.873121
105000			-1277.305097			0.790029
106000			-1271.613767			0.714844
107000			-1271.613767			0.646814
108000			-1271.613767			0.585259
109000			-1271.613767			0.529561
110000			-1269.716657			0.479165
111000			-1267.819547			0.433564
112000			-1265.922437			0.392303
113000			-1265.922437			0.354969
114000			-1265.922437			0.321187
115000			-1264.025327			0.290621
116000			-1264.025327			0.262963
117000			-1264.025327			0.237938
118000			-1264.025327			0.215294
119000			-1264.025327			0.194805
120000			-1264.025327			0.176266
121000			-1264.025327			0.159491
122000			-1264.025327			0.144313
123000			-1264.025327			0.130579
124000			-1264.025327			0.118152
125000			-1264.025327			0.106908
126000			-1264.025327			0.096734
127000			-1264.025327			0.087528
128000			-1264.025327			0.079198
129000			-1262.128217			0.071661
130000			-1262.128217			0.064841
131000			-1262.128217			0.058671
132000			-1262.128217			0.053087
133000			-1262.128217			0.048035
134000			-1262.128217			0.043464
135000			-1262.128217			0.039327
136000			-1262.128217			0.035585
137000			-1262.128217			0.032198
138000			-1262.128217			0.029134
139000			-1262.128217			0.026361
140000			-1262.128217			0.023853
141000			-1262.128217			0.021583
142000			-1262.128217			0.019529
143000			-1262.128217			0.017670
144000			-1262.128217			0.015989
145000			-1262.128217			0.014467
146000			-1262.128217			0.013090
147000			-1262.128217			0.011844
148000			-1262.128217			0.010717
149000			-1262.128217			0.009697
150000			-1262.128217			0.008774
151000			-1262.128217			0.007939
152000			-1262.128217			0.007184
153000			-1262.128217			0.006500
154000			-1262.128217			0.005882
155000			-1262.128217			0.005322
156000			-1262.128217			0.004815
157000			-1262.128217			0.004357
158000			-1262.128217			0.003942
159000			-1262.128217			0.003567
160000			-1262.128217			0.003228
161000			-1262.128217			0.002921
162000			-1262.128217			0.002643
163000			-1262.128217			0.002391
164000			-1262.128217			0.002164
165000			-1262.128217			0.001958
166000			-1262.128217			0.001771
167000			-1262.128217			0.001603
168000			-1262.128217			0.001450
169000			-1262.128217			0.001312
170000			-1262.128217			0.001187
171000			-1262.128217			0.001074
Iteration: 3
Step			Log-likelihood			Temperature
1			-27070.335150			99900.000000
1000			-20123.349721			36769.542477
2000			-24238.119830			23501.721022
3000			-22974.533083			21265.130236
4000			-28867.569788			19241.389323
5000			-23133.714732			17410.241977
6000			-27542.624615			15753.359626
7000			-24410.349223			14254.157974
8000			-23079.443015			12897.631004
9000			-21929.058376			11670.200782
10000			-24582.027527			10559.581542
11000			-20720.396898			9554.656721
12000			-22977.837664			8645.367688
13000			-23681.272589			7822.613061
14000			-26472.537249			7078.157611
15000			-25475.147036			6404.549832
16000			-23711.471322			5795.047357
17000			-22593.096641			5243.549468
18000			-24463.139929			4744.536038
19000			-20818.756337			4293.012272
20000			-20716.280144			3884.458716
21000			-22577.597228			3514.786020
22000			-24972.251623			3180.294005
23000			-22031.895195			2877.634626
24000			-23117.267880			2603.778466
25000			-24480.879562			2355.984403
26000			-24307.345298			2131.772185
27000			-22950.316362			1928.897594
28000			-23456.747968			1745.329992
29000			-17362.031205			1579.231987
30000			-22708.770580			1428.941048
31000			-21722.431596			1292.952863
32000			-18240.434279			1169.906280
33000			-21425.229242			1058.569685
34000			-18084.228974			957.828671
35000			-20020.213725			866.674888
36000			-19035.162096			784.195947
37000			-17660.481390			709.566288
38000			-17285.029616			642.038917
39000			-19697.188974			580.937931
40000			-13991.024971			525.651749
41000			-12831.591593			475.626993
42000			-12416.834080			430.362949
43000			-14474.198559			389.406552
44000			-10942.292763			352.347857
45000			-11371.124702			318.815931
46000			-11300.738112			288.475142
47000			-10784.422238			261.021797
48000			-11559.683215			236.181108
49000			-10678.679558			213.704435
50000			-9664.740295			193.366803
51000			-10430.636111			174.964643
52000			-7370.685569			158.313765
53000			-7812.313476			143.247502
54000			-7081.893879			129.615051
55000			-5865.315588			117.279962
56000			-6654.971457			106.118767
57000			-5602.966103			96.019751
58000			-5296.892167			86.881830
59000			-3742.396687			78.613537
60000			-4060.433843			71.132114
61000			-3819.307355			64.362677
62000			-3843.356971			58.237467
63000			-4136.852227			52.695176
64000			-3409.311664			47.680328
65000			-2985.002816			43.142730
66000			-2770.920947			39.036961
67000			-2605.942724			35.321926
68000			-2218.771020			31.960441
69000			-2232.018537			28.918858
70000			-2150.442807			26.166734
71000			-2152.630198			23.676522
72000			-1952.784951			21.423296
73000			-1911.048531			19.384503
74000			-1884.488992			17.539736
75000			-1876.900552			15.870530
76000			-1695.747946			14.360177
77000			-1743.370495			12.993561
78000			-1758.547375			11.757001
79000			-1752.856045			10.638121
80000			-1531.512245			9.625722
81000			-1436.256861			8.709670
82000			-1443.845301			7.880796
83000			-1438.559446			7.130803
84000			-1411.885617			6.452185
85000			-1402.514356			5.838150
86000			-1400.617246			5.282550
87000			-1410.102796			4.779825
88000			-1400.617246			4.324943
89000			-1351.180337			3.913350
90000			-1355.086606			3.540928
91000			-1356.983716			3.203948
92000			-1356.983716			2.899038
93000			-1339.177369			2.623145
94000			-1344.868699			2.373508
95000			-1296.276197			2.147628
96000			-1296.276197			1.943244
97000			-1292.481977			1.758311
98000			-1294.379087			1.590978
99000			-1292.481977			1.439569
100000			-1292.481977			1.302570
101000			-1290.584867			1.178608
102000			-1284.893537			1.066443
103000			-1284.893537			0.964953
104000			-1282.996427			0.873121
105000			-1282.996427			0.790029
106000			-1281.099317			0.714844
107000			-1282.996427			0.646814
108000			-1275.407987			0.585259
109000			-1271.613767			0.529561
110000			-1271.613767			0.479165
111000			-1269.716657			0.433564
112000			-1269.716657			0.392303
113000			-1269.716657			0.354969
114000			-1270.881409			0.321187
115000			-1270.881409			0.290621
116000			-1270.881409			0.262963
117000			-1270.881409			0.237938
118000			-1270.881409			0.215294
119000			-1270.881409			0.194805
120000			-1270.881409			0.176266
121000			-1270.881409			0.159491
122000			-1270.881409			0.144313
123000			-1270.881409			0.130579
124000			-1270.881409			0.118152
125000			-1268.984299			0.106908
126000			-1268.984299			0.096734
127000			-1268.984299			0.087528
128000			-1268.984299			0.079198
129000			-1268.984299			0.071661
130000			-1268.984299			0.064841
131000			-1268.984299			0.058671
132000			-1268.984299			0.053087
133000			-1268.984299			0.048035
134000			-1268.984299			0.043464
135000			-1268.984299			0.039327
136000			-1263.292969			0.035585
137000			-1263.292969			0.032198
138000			-1263.292969			0.029134
139000			-1263.292969			0.026361
140000			-1263.292969			0.023853
141000			-1263.292969			0.021583
142000			-1263.292969			0.019529
143000			-1263.292969			0.017670
144000			-1263.292969			0.015989
145000			-1263.292969			0.014467
146000			-1263.292969			0.013090
147000			-1263.292969			0.011844
148000			-1263.292969			0.010717
149000			-1263.292969			0.009697
150000			-1263.292969			0.008774
151000			-1263.292969			0.007939
152000			-1263.292969			0.007184
153000			-1263.292969			0.006500
154000			-1263.292969			0.005882
155000			-1263.292969			0.005322
156000			-1263.292969			0.004815
157000			-1263.292969			0.004357
158000			-1263.292969			0.003942
159000			-1263.292969			0.003567
160000			-1263.292969			0.003228
161000			-1263.292969			0.002921
162000			-1263.292969			0.002643
163000			-1263.292969			0.002391
164000			-1263.292969			0.002164
165000			-1263.292969			0.001958
166000			-1263.292969			0.001771
167000			-1263.292969			0.001603
168000			-1263.292969			0.001450
169000			-1263.292969			0.001312
170000			-1263.292969			0.001187
171000			-1263.292969			0.001074
Iteration: 4
Step			Log-likelihood			Temperature
1			-27709.719883			99900.000000
1000			-24870.930713			36769.542477
2000			-26350.160447			23501.721022
3000			-24775.339225			21265.130236
4000			-21850.036502			19241.389323
5000			-25697.469531			17410.241977
6000			-20834.331935			15753.359626
7000			-22683.662442			14254.157974
8000			-25108.784875			12897.631004
9000			-21859.425292			11670.200782
10000			-26799.705168			10559.581542
11000			-24432.410519			9554.656721
12000			-20989.657503			8645.367688
13000			-23000.699744			7822.613061
14000			-18120.133372			7078.157611
15000			-22611.754104			6404.549832
16000			-25407.683825			5795.047357
17000			-26384.232242			5243.549468
18000			-26599.385591			4744.536038
19000			-21298.795509			4293.012272
20000			-22293.948560			3884.458716
21000			-23756.846132			3514.786020
22000			-25317.100508			3180.294005
23000			-22147.882770			2877.634626
24000			-21165.638191			2603.778466
25000			-23424.434516			2355.984403
26000			-26038.943489			2131.772185
27000			-23074.358660			1928.897594
28000			-20888.330753			1745.329992
29000			-17875.535197			1579.231987
30000			-21688.471298			1428.941048
31000			-15441.405176			1292.952863
32000			-19167.947199			1169.906280
33000			-20132.498001			1058.569685
34000			-18331.952944			957.828671
35000			-15157.489585			866.674888
36000			-15022.297639			784.195947
37000			-15978.529777			709.566288
38000			-17402.817541			642.038917
39000			-13749.464453			580.937931
40000			-18176.769253			525.651749
41000			-12879.846252			475.626993
42000			-10831.946748			430.362949
43000			-10693.000333			389.406552
44000			-12902.661342			352.347857
45000			-13284.295865			318.815931
46000			-10842.722433			288.475142
47000			-10150.123044			261.021797
48000			-10651.771070			236.181108
49000			-8782.897800			213.704435
50000			-8950.482707			193.366803
51000			-7984.270519			174.964643
52000			-7209.419542			158.313765
53000			-7844.596600			143.247502
54000			-6219.397835			129.615051
55000			-7034.600982			117.279962
56000			-5731.389021			106.118767
57000			-5756.516817			96.019751
58000			-5809.589825			86.881830
59000			-5070.065617			78.613537
60000			-3919.467144			71.132114
61000			-4051.690121			64.362677
62000			-3388.443454			58.237467
63000			-3542.496403			52.695176
64000			-3786.211797			47.680328
65000			-3054.525682			43.142730
66000			-2893.239080			39.036961
67000			-2667.812549			35.321926
68000			-2727.671335			31.960441
69000			-2900.892027			28.918858
70000			-2788.427738			26.166734
71000			-2158.216167			23.676522
72000			-2053.980478			21.423296
73000			-2028.985369			19.384503
74000			-1954.998080			17.539736
75000			-1884.522311			15.870530
76000			-1848.307354			14.360177
77000			-1806.563126			12.993561
78000			-1806.644041			11.757001
79000			-1747.833632			10.638121
80000			-1747.833632			9.625722
81000			-1446.774928			8.709670
82000			-1435.392268			7.880796
83000			-1443.386183			7.130803
84000			-1409.132843			6.452185
85000			-1344.522404			5.838150
86000			-1348.316624			5.282550
87000			-1355.905064			4.779825
88000			-1344.522404			4.324943
89000			-1340.728184			3.913350
90000			-1297.094654			3.540928
91000			-1298.991764			3.203948
92000			-1281.917774			2.899038
93000			-1293.300434			2.623145
94000			-1283.814884			2.373508
95000			-1283.814884			2.147628
96000			-1285.711994			1.943244
97000			-1280.020664			1.758311
98000			-1278.123554			1.590978
99000			-1274.329334			1.439569
100000			-1283.814884			1.302570
101000			-1280.020664			1.178608
102000			-1278.123554			1.066443
103000			-1276.226444			0.964953
104000			-1270.535115			0.873121
105000			-1272.432224			0.790029
106000			-1267.793578			0.714844
107000			-1265.896468			0.646814
108000			-1265.896468			0.585259
109000			-1258.413388			0.529561
110000			-1258.413388			0.479165
111000			-1258.413388			0.433564
112000			-1258.413388			0.392303
113000			-1256.516279			0.354969
114000			-1256.516279			0.321187
115000			-1258.007913			0.290621
116000			-1258.413388			0.262963
117000			-1258.413388			0.237938
118000			-1256.516279			0.215294
119000			-1256.516279			0.194805
120000			-1256.516279			0.176266
121000			-1256.516279			0.159491
122000			-1254.619169			0.144313
123000			-1254.619169			0.130579
124000			-1248.126839			0.118152
125000			-1240.132924			0.106908
126000			-1240.132924			0.096734
127000			-1236.338704			0.087528
128000			-1235.104272			0.079198
129000			-1235.104272			0.071661
130000			-1235.104272			0.064841
131000			-1233.207162			0.058671
132000			-1231.310052			0.053087
133000			-1231.310052			0.048035
134000			-1231.310052			0.043464
135000			-1231.310052			0.039327
136000			-1231.310052			0.035585
137000			-1231.310052			0.032198
138000			-1231.310052			0.029134
139000			-1231.310052			0.026361
140000			-1231.310052			0.023853
141000			-1231.310052			0.021583
142000			-1231.310052			0.019529
143000			-1231.310052			0.017670
144000			-1231.310052			0.015989
145000			-1231.310052			0.014467
146000			-1231.310052			0.013090
147000			-1231.310052			0.011844
148000			-1231.310052			0.010717
149000			-1231.310052			0.009697
150000			-1231.310052			0.008774
151000			-1231.310052			0.007939
152000			-1231.310052			0.007184
153000			-1229.027269			0.006500
154000			-1225.233049			0.005882
155000			-1225.233049			0.005322
156000			-1225.233049			0.004815
157000			-1224.827574			0.004357
158000			-1224.827574			0.003942
159000			-1224.827574			0.003567
160000			-1221.033354			0.003228
161000			-1221.033354			0.002921
162000			-1221.033354			0.002643
163000			-1221.033354			0.002391
164000			-1221.033354			0.002164
165000			-1213.444914			0.001958
166000			-1213.444914			0.001771
167000			-1213.444914			0.001603
168000			-1213.444914			0.001450
169000			-1213.444914			0.001312
170000			-1213.444914			0.001187
171000			-1213.444914			0.001074
Iteration: 5
Step			Log-likelihood			Temperature
1			-26469.886633			99900.000000
1000			-25260.375100			36769.542477
2000			-26803.467135			23501.721022
3000			-25001.218488			21265.130236
4000			-25911.315227			19241.389323
5000			-24586.047521			17410.241977
6000			-25951.090030			15753.359626
7000			-23564.657463			14254.157974
8000			-23553.113536			12897.631004
9000			-25119.469638			11670.200782
10000			-22165.085773			10559.581542
11000			-25560.807266			9554.656721
12000			-23485.442069			8645.367688
13000			-21075.053866			7822.613061
14000			-25389.639176			7078.157611
15000			-27826.411193			6404.549832
16000			-25522.806398			5795.047357
17000			-23584.235538			5243.549468
18000			-23027.704992			4744.536038
19000			-25197.459404			4293.012272
20000			-21882.416385			3884.458716
21000			-23895.478911			3514.786020
22000			-22159.180348			3180.294005
23000			-25401.062115			2877.634626
24000			-23881.656673			2603.778466
25000			-22625.497100			2355.984403
26000			-20895.485163			2131.772185
27000			-19381.559142			1928.897594
28000			-24569.939474			1745.329992
29000			-20371.818301			1579.231987
30000			-23921.695342			1428.941048
31000			-22664.272048			1292.952863
32000			-21910.658940			1169.906280
33000			-16994.396426			1058.569685
34000			-14856.209723			957.828671
35000			-15038.163221			866.674888
36000			-14988.863969			784.195947
37000			-16902.214258			709.566288
38000			-14981.935449			642.038917
39000			-13146.409251			580.937931
40000			-12527.693369			525.651749
41000			-12340.395535			475.626993
42000			-12565.603315			430.362949
43000			-10401.200182			389.406552
44000			-12360.747690			352.347857
45000			-11563.451282			318.815931
46000			-11253.976005			288.475142
47000			-9551.001570			261.021797
48000			-10245.235387			236.181108
49000			-8534.622741			213.704435
50000			-9658.256062			193.366803
51000			-8696.580825			174.964643
52000			-6983.598947			158.313765
53000			-7625.531696			143.247502
54000			-7994.054834			129.615051
55000			-6409.469459			117.279962
56000			-6207.021159			106.118767
57000			-6324.448458			96.019751
58000			-5512.904678			86.881830
59000			-4717.012979			78.613537
60000			-3324.393262			71.132114
61000			-3459.023564			64.362677
62000			-2928.510089			58.237467
63000			-2712.239551			52.695176
64000			-2932.691349			47.680328
65000			-2508.480540			43.142730
66000			-2769.056090			39.036961
67000			-2708.219557			35.321926
68000			-2534.620786			31.960441
69000			-2297.707812			28.918858
70000			-2453.109564			26.166734
71000			-2394.299154			23.676522
72000			-2256.229419			21.423296
73000			-2195.715420			19.384503
74000			-1992.724651			17.539736
75000			-1992.466624			15.870530
76000			-1880.601642			14.360177
77000			-1768.865673			12.993561
78000			-1481.569317			11.757001
79000			-1455.009777			10.638121
80000			-1360.154278			9.625722
81000			-1373.434048			8.709670
82000			-1367.742718			7.880796
83000			-1417.067577			7.130803
84000			-1415.170467			6.452185
85000			-1401.890698			5.838150
86000			-1305.029389			5.282550
87000			-1305.029389			4.779825
88000			-1305.029389			4.324943
89000			-1301.235169			3.913350
90000			-1299.338059			3.540928
91000			-1301.235169			3.203948
92000			-1295.543839			2.899038
93000			-1299.338059			2.623145
94000			-1299.338059			2.373508
95000			-1299.338059			2.147628
96000			-1305.029389			1.943244
97000			-1308.823609			1.758311
98000			-1295.543839			1.590978
99000			-1299.338059			1.439569
100000			-1293.646729			1.302570
101000			-1295.543839			1.178608
102000			-1295.543839			1.066443
103000			-1287.955399			0.964953
104000			-1291.749619			0.873121
105000			-1287.955399			0.790029
106000			-1282.264069			0.714844
107000			-1280.366959			0.646814
108000			-1278.469849			0.585259
109000			-1270.881409			0.529561
110000			-1268.984299			0.479165
111000			-1270.881409			0.433564
112000			-1270.881409			0.392303
113000			-1270.881409			0.354969
114000			-1270.881409			0.321187
115000			-1270.881409			0.290621
116000			-1270.881409			0.262963
117000			-1268.984299			0.237938
118000			-1268.984299			0.215294
119000			-1268.984299			0.194805
120000			-1268.984299			0.176266
121000			-1268.984299			0.159491
122000			-1268.984299			0.144313
123000			-1268.984299			0.130579
124000			-1268.984299			0.118152
125000			-1268.984299			0.106908
126000			-1268.984299			0.096734
127000			-1268.984299			0.087528
128000			-1268.984299			0.079198
129000			-1268.984299			0.071661
130000			-1268.984299			0.064841
131000			-1268.984299			0.058671
132000			-1268.984299			0.053087
133000			-1268.984299			0.048035
134000			-1268.984299			0.043464
135000			-1268.984299			0.039327
136000			-1268.984299			0.035585
137000			-1268.984299			0.032198
138000			-1268.984299			0.029134
139000			-1268.984299			0.026361
140000			-1268.984299			0.023853
141000			-1268.984299			0.021583
142000			-1268.984299			0.019529
143000			-1268.984299			0.017670
144000			-1268.984299			0.015989
145000			-1268.984299			0.014467
146000			-1268.984299			0.013090
147000			-1268.984299			0.011844
148000			-1268.984299			0.010717
149000			-1268.984299			0.009697
150000			-1268.984299			0.008774
151000			-1263.292969			0.007939
152000			-1263.292969			0.007184
153000			-1263.292969			0.006500
154000			-1263.292969			0.005882
155000			-1263.292969			0.005322
156000			-1263.292969			0.004815
157000			-1263.292969			0.004357
158000			-1263.292969			0.003942
159000			-1263.292969			0.003567
160000			-1263.292969			0.003228
161000			-1263.292969			0.002921
162000			-1263.292969			0.002643
163000			-1263.292969			0.002391
164000			-1263.292969			0.002164
165000			-1263.292969			0.001958
166000			-1263.292969			0.001771
167000			-1263.292969			0.001603
168000			-1263.292969			0.001450
169000			-1263.292969			0.001312
170000			-1263.292969			0.001187
171000			-1263.292969			0.001074
Iteration: 6
Step			Log-likelihood			Temperature
1			-27528.048871			99900.000000
1000			-23608.962475			36769.542477
2000			-22629.860202			23501.721022
3000			-26219.409447			21265.130236
4000			-26171.703095			19241.389323
5000			-24434.736108			17410.241977
6000			-24727.401261			15753.359626
7000			-25146.969554			14254.157974
8000			-22515.001495			12897.631004
9000			-26316.458176			11670.200782
10000			-26188.788763			10559.581542
11000			-24124.964712			9554.656721
12000			-20603.702530			8645.367688
13000			-20100.311638			7822.613061
14000			-21265.940461			7078.157611
15000			-24327.967159			6404.549832
16000			-26847.698189			5795.047357
17000			-23566.290707			5243.549468
18000			-23009.798253			4744.536038
19000			-26188.777085			4293.012272
20000			-23041.559483			3884.458716
21000			-23404.127922			3514.786020
22000			-20805.250794			3180.294005
23000			-21978.040127			2877.634626
24000			-26711.702120			2603.778466
25000			-20573.486681			2355.984403
26000			-24215.439592			2131.772185
27000			-23006.505351			1928.897594
28000			-18289.873416			1745.329992
29000			-20875.599291			1579.231987
30000			-18063.692195			1428.941048
31000			-18258.616562			1292.952863
32000			-19732.788355			1169.906280
33000			-17356.366290			1058.569685
34000			-18385.557965			957.828671
35000			-18241.434133			866.674888
36000			-15191.231691			784.195947
37000			-21388.516883			709.566288
38000			-17531.266874			642.038917
39000			-15813.567106			580.937931
40000			-13331.308658			525.651749
41000			-13326.705045			475.626993
42000			-13142.066724			430.362949
43000			-11947.984048			389.406552
44000			-13245.369826			352.347857
45000			-8263.948827			318.815931
46000			-8946.612302			288.475142
47000			-9996.300524			261.021797
48000			-8737.214530			236.181108
49000			-10307.699324			213.704435
50000			-9283.819001			193.366803
51000			-9366.001197			174.964643
52000			-8610.331137			158.313765
53000			-6973.834795			143.247502
54000			-7572.186843			129.615051
55000			-5124.222905			117.279962
56000			-6190.270463			106.118767
57000			-5980.297470			96.019751
58000			-4979.629092			86.881830
59000			-5187.408095			78.613537
60000			-4594.322244			71.132114
61000			-4928.517701			64.362677
62000			-4447.765156			58.237467
63000			-4327.367474			52.695176
64000			-3452.725259			47.680328
65000			-3036.645358			43.142730
66000			-3328.026215			39.036961
67000			-3395.102385			35.321926
68000			-3314.171723			31.960441
69000			-2583.241911			28.918858
70000			-2431.505365			26.166734
71000			-2273.980730			23.676522
72000			-2230.476214			21.423296
73000			-2092.871222			19.384503
74000			-1959.465959			17.539736
75000			-1764.287746			15.870530
76000			-1589.699626			14.360177
77000			-1671.750309			12.993561
78000			-1633.699410			11.757001
79000			-1648.514996			10.638121
80000			-1642.823666			9.625722
81000			-1614.367016			8.709670
82000			-1585.910366			7.880796
83000			-1534.575228			7.130803
84000			-1445.411058			6.452185
85000			-1345.636529			5.838150
86000			-1341.842309			5.282550
87000			-1313.385659			4.779825
88000			-1305.797219			4.324943
89000			-1292.517449			3.913350
90000			-1294.414559			3.540928
91000			-1305.797219			3.203948
92000			-1294.414559			2.899038
93000			-1294.414559			2.623145
94000			-1309.591439			2.373508
95000			-1303.900109			2.147628
96000			-1302.002999			1.943244
97000			-1295.430670			1.758311
98000			-1293.533560			1.590978
99000			-1299.224890			1.439569
100000			-1293.533560			1.302570
101000			-1285.945120			1.178608
102000			-1287.842230			1.066443
103000			-1282.150900			0.964953
104000			-1278.356680			0.873121
105000			-1274.562460			0.790029
106000			-1276.572739			0.714844
107000			-1274.675629			0.646814
108000			-1272.778519			0.585259
109000			-1274.675629			0.529561
110000			-1270.881409			0.479165
111000			-1268.984299			0.433564
112000			-1268.984299			0.392303
113000			-1268.984299			0.354969
114000			-1268.984299			0.321187
115000			-1265.190079			0.290621
116000			-1265.190079			0.262963
117000			-1263.292969			0.237938
118000			-1263.292969			0.215294
119000			-1263.292969			0.194805
120000			-1263.292969			0.176266
121000			-1263.292969			0.159491
122000			-1263.292969			0.144313
123000			-1263.292969			0.130579
124000			-1263.292969			0.118152
125000			-1263.292969			0.106908
126000			-1263.292969			0.096734
127000			-1263.292969			0.087528
128000			-1263.292969			0.079198
129000			-1263.292969			0.071661
130000			-1263.292969			0.064841
131000			-1263.292969			0.058671
132000			-1263.292969			0.053087
133000			-1263.292969			0.048035
134000			-1263.292969			0.043464
135000			-1263.292969			0.039327
136000			-1263.292969			0.035585
137000			-1263.292969			0.032198
138000			-1263.292969			0.029134
139000			-1263.292969			0.026361
140000			-1263.292969			0.023853
141000			-1263.292969			0.021583
142000			-1263.292969			0.019529
143000			-1263.292969			0.017670
144000			-1263.292969			0.015989
145000			-1263.292969			0.014467
146000			-1263.292969			0.013090
147000			-1263.292969			0.011844
148000			-1263.292969			0.010717
149000			-1263.292969			0.009697
150000			-1263.292969			0.008774
151000			-1263.292969			0.007939
152000			-1263.292969			0.007184
153000			-1263.292969			0.006500
154000			-1263.292969			0.005882
155000			-1263.292969			0.005322
156000			-1263.292969			0.004815
157000			-1263.292969			0.004357
158000			-1263.292969			0.003942
159000			-1263.292969			0.003567
160000			-1263.292969			0.003228
161000			-1263.292969			0.002921
162000			-1263.292969			0.002643
163000			-1263.292969			0.002391
164000			-1263.292969			0.002164
165000			-1263.292969			0.001958
166000			-1263.292969			0.001771
167000			-1263.292969			0.001603
168000			-1263.292969			0.001450
169000			-1263.292969			0.001312
170000			-1263.292969			0.001187
171000			-1263.292969			0.001074
Iteration: 7
Step			Log-likelihood			Temperature
1			-27077.601056			99900.000000
1000			-21559.209792			36769.542477
2000			-24723.237518			23501.721022
3000			-24743.598571			21265.130236
4000			-25837.005404			19241.389323
5000			-24941.710182			17410.241977
6000			-24329.465550			15753.359626
7000			-23928.691543			14254.157974
8000			-22642.920038			12897.631004
9000			-24089.784625			11670.200782
10000			-25518.484446			10559.581542
11000			-22437.005890			9554.656721
12000			-23749.289946			8645.367688
13000			-23495.200382			7822.613061
14000			-26221.329913			7078.157611
15000			-26297.642504			6404.549832
16000			-23918.147471			5795.047357
17000			-23511.016491			5243.549468
18000			-26209.435906			4744.536038
19000			-25599.743481			4293.012272
20000			-22230.769209			3884.458716
21000			-22609.068177			3514.786020
22000			-26369.363160			3180.294005
23000			-20410.760355			2877.634626
24000			-15736.536321			2603.778466
25000			-21196.256552			2355.984403
26000			-19329.096808			2131.772185
27000			-23115.177249			1928.897594
28000			-22484.219544			1745.329992
29000			-22691.588152			1579.231987
30000			-22616.715285			1428.941048
31000			-20814.736343			1292.952863
32000			-18374.554366			1169.906280
33000			-21650.361992			1058.569685
34000			-21015.566136			957.828671
35000			-19615.948989			866.674888
36000			-17116.065794			784.195947
37000			-14252.329753			709.566288
38000			-14982.794199			642.038917
39000			-16342.901942			580.937931
40000			-14175.038801			525.651749
41000			-12344.506449			475.626993
42000			-13729.235471			430.362949
43000			-10237.954744			389.406552
44000			-11496.747416			352.347857
45000			-11574.162199			318.815931
46000			-11874.086762			288.475142
47000			-12188.057853			261.021797
48000			-11048.082433			236.181108
49000			-9743.320885			213.704435
50000			-8940.797798			193.366803
51000			-8465.532125			174.964643
52000			-8882.031320			158.313765
53000			-8101.099327			143.247502
54000			-6880.939261			129.615051
55000			-6394.964061			117.279962
56000			-5304.996661			106.118767
57000			-5462.037496			96.019751
58000			-4540.821963			86.881830
59000			-5085.996264			78.613537
60000			-4400.507354			71.132114
61000			-4925.671424			64.362677
62000			-4510.913912			58.237467
63000			-3764.162152			52.695176
64000			-3561.493917			47.680328
65000			-3539.018878			43.142730
66000			-3184.646351			39.036961
67000			-2849.954499			35.321926
68000			-3134.069449			31.960441
69000			-2918.121445			28.918858
70000			-2424.007846			26.166734
71000			-1652.309216			23.676522
72000			-1551.762386			21.423296
73000			-1527.099957			19.384503
74000			-1549.865276			17.539736
75000			-1673.177425			15.870530
76000			-1578.321926			14.360177
77000			-1538.482616			12.993561
78000			-1572.630596			11.757001
79000			-1538.482616			10.638121
80000			-1532.791286			9.625722
81000			-1502.437527			8.709670
82000			-1492.951977			7.880796
83000			-1464.495327			7.130803
84000			-1455.009777			6.452185
85000			-1451.215557			5.838150
86000			-1451.215557			5.282550
87000			-1447.421337			4.779825
88000			-1447.421337			4.324943
89000			-1451.215557			3.913350
90000			-1437.935787			3.540928
91000			-1436.038677			3.203948
92000			-1388.205453			2.899038
93000			-1338.475118			2.623145
94000			-1340.372228			2.373508
95000			-1287.144449			2.147628
96000			-1287.144449			1.943244
97000			-1275.761789			1.758311
98000			-1287.144449			1.590978
99000			-1277.658899			1.439569
100000			-1285.247339			1.302570
101000			-1281.453119			1.178608
102000			-1281.453119			1.066443
103000			-1277.658899			0.964953
104000			-1277.658899			0.873121
105000			-1279.556009			0.790029
106000			-1276.167264			0.714844
107000			-1272.373044			0.646814
108000			-1270.475934			0.585259
109000			-1272.373044			0.529561
110000			-1270.475934			0.479165
111000			-1262.887494			0.433564
112000			-1264.784604			0.392303
113000			-1260.990384			0.354969
114000			-1259.093274			0.321187
115000			-1255.299054			0.290621
116000			-1255.299054			0.262963
117000			-1255.299054			0.237938
118000			-1255.299054			0.215294
119000			-1255.299054			0.194805
120000			-1253.401944			0.176266
121000			-1253.401944			0.159491
122000			-1253.401944			0.144313
123000			-1253.401944			0.130579
124000			-1253.401944			0.118152
125000			-1253.401944			0.106908
126000			-1251.504834			0.096734
127000			-1251.504834			0.087528
128000			-1251.504834			0.079198
129000			-1251.504834			0.071661
130000			-1251.504834			0.064841
131000			-1251.504834			0.058671
132000			-1251.504834			0.053087
133000			-1251.504834			0.048035
134000			-1251.504834			0.043464
135000			-1251.504834			0.039327
136000			-1251.504834			0.035585
137000			-1251.504834			0.032198
138000			-1251.504834			0.029134
139000			-1251.504834			0.026361
140000			-1251.504834			0.023853
141000			-1251.504834			0.021583
142000			-1251.504834			0.019529
143000			-1251.504834			0.017670
144000			-1251.504834			0.015989
145000			-1251.504834			0.014467
146000			-1251.504834			0.013090
147000			-1251.504834			0.011844
148000			-1251.504834			0.010717
149000			-1251.504834			0.009697
150000			-1251.504834			0.008774
151000			-1251.504834			0.007939
152000			-1251.504834			0.007184
153000			-1251.504834			0.006500
154000			-1251.504834			0.005882
155000			-1251.504834			0.005322
156000			-1251.504834			0.004815
157000			-1251.504834			0.004357
158000			-1251.504834			0.003942
159000			-1251.504834			0.003567
160000			-1251.504834			0.003228
161000			-1251.504834			0.002921
162000			-1251.504834			0.002643
163000			-1251.504834			0.002391
164000			-1251.504834			0.002164
165000			-1251.504834			0.001958
166000			-1251.504834			0.001771
167000			-1251.504834			0.001603
168000			-1251.504834			0.001450
169000			-1251.504834			0.001312
170000			-1251.504834			0.001187
171000			-1251.504834			0.001074
Iteration: 8
Step			Log-likelihood			Temperature
1			-26286.608792			99900.000000
1000			-24502.005799			36769.542477
2000			-25948.940732			23501.721022
3000			-27814.163531			21265.130236
4000			-22795.662277			19241.389323
5000			-25240.958081			17410.241977
6000			-26587.906170			15753.359626
7000			-23687.518065			14254.157974
8000			-24528.404072			12897.631004
9000			-22172.926401			11670.200782
10000			-26350.450728			10559.581542
11000			-22589.882982			9554.656721
12000			-20871.063243			8645.367688
13000			-25191.515886			7822.613061
14000			-22791.841685			7078.157611
15000			-21354.794036			6404.549832
16000			-22037.366590			5795.047357
17000			-23482.420258			5243.549468
18000			-20022.072743			4744.536038
19000			-17770.672255			4293.012272
20000			-26685.485689			3884.458716
21000			-23517.042032			3514.786020
22000			-24702.859244			3180.294005
23000			-21421.063872			2877.634626
24000			-23699.759888			2603.778466
25000			-23955.385935			2355.984403
26000			-21072.212511			2131.772185
27000			-24883.421666			1928.897594
28000			-19519.828236			1745.329992
29000			-20311.342394			1579.231987
30000			-24276.932870			1428.941048
31000			-19164.485050			1292.952863
32000			-19914.667623			1169.906280
33000			-17087.718499			1058.569685
34000			-17405.884670			957.828671
35000			-17908.044094			866.674888
36000			-14945.271293			784.195947
37000			-14804.808970			709.566288
38000			-16566.373880			642.038917
39000			-13774.779777			580.937931
40000			-15099.092630			525.651749
41000			-13204.170024			475.626993
42000			-13909.630212			430.362949
43000			-13954.152972			389.406552
44000			-13904.757766			352.347857
45000			-7682.116623			318.815931
46000			-11651.272488			288.475142
47000			-11799.226491			261.021797
48000			-11037.684892			236.181108
49000			-8008.108684			213.704435
50000			-7278.011110			193.366803
51000			-8381.150352			174.964643
52000			-7936.044919			158.313765
53000			-6414.987844			143.247502
54000			-6044.702449			129.615051
55000			-6082.160848			117.279962
56000			-5825.089238			106.118767
57000			-5567.944521			96.019751
58000			-5856.442853			86.881830
59000			-5650.077158			78.613537
60000			-4682.970360			71.132114
61000			-4812.393132			64.362677
62000			-4348.375267			58.237467
63000			-4152.876179			52.695176
64000			-3323.490167			47.680328
65000			-2365.842504			43.142730
66000			-2347.387458			39.036961
67000			-2375.844108			35.321926
68000			-2239.800497			31.960441
69000			-2084.172971			28.918858
70000			-2276.807349			26.166734
71000			-2261.630469			23.676522
72000			-1970.507639			21.423296
73000			-1818.738840			19.384503
74000			-1778.899531			17.539736
75000			-1577.838126			15.870530
76000			-1587.291422			14.360177
77000			-1598.674082			12.993561
78000			-1587.291422			11.757001
79000			-1587.291422			10.638121
80000			-1591.085642			9.625722
81000			-1585.362059			8.709670
82000			-1602.436049			7.880796
83000			-1598.641829			7.130803
84000			-1551.246332			6.452185
85000			-1390.197873			5.838150
86000			-1376.918103			5.282550
87000			-1334.776208			4.779825
88000			-1346.158868			4.324943
89000			-1342.364648			3.913350
90000			-1349.953088			3.540928
91000			-1340.467538			3.203948
92000			-1338.570428			2.899038
93000			-1346.158868			2.623145
94000			-1336.673318			2.373508
95000			-1331.292153			2.147628
96000			-1335.086373			1.943244
97000			-1335.086373			1.758311
98000			-1335.086373			1.590978
99000			-1335.086373			1.439569
100000			-1283.755704			1.302570
101000			-1281.858594			1.178608
102000			-1276.167264			1.066443
103000			-1276.167264			0.964953
104000			-1274.270154			0.873121
105000			-1274.270154			0.790029
106000			-1274.270154			0.714844
107000			-1274.270154			0.646814
108000			-1274.270154			0.585259
109000			-1274.270154			0.529561
110000			-1272.373044			0.479165
111000			-1272.373044			0.433564
112000			-1272.373044			0.392303
113000			-1274.270154			0.354969
114000			-1274.270154			0.321187
115000			-1272.373044			0.290621
116000			-1272.373044			0.262963
117000			-1272.373044			0.237938
118000			-1272.373044			0.215294
119000			-1272.373044			0.194805
120000			-1272.373044			0.176266
121000			-1272.373044			0.159491
122000			-1272.373044			0.144313
123000			-1272.373044			0.130579
124000			-1272.373044			0.118152
125000			-1272.373044			0.106908
126000			-1272.373044			0.096734
127000			-1272.373044			0.087528
128000			-1272.373044			0.079198
129000			-1272.373044			0.071661
130000			-1272.373044			0.064841
131000			-1272.373044			0.058671
132000			-1272.373044			0.053087
133000			-1272.373044			0.048035
134000			-1272.373044			0.043464
135000			-1270.475934			0.039327
136000			-1270.475934			0.035585
137000			-1270.475934			0.032198
138000			-1270.475934			0.029134
139000			-1270.475934			0.026361
140000			-1270.475934			0.023853
141000			-1270.475934			0.021583
142000			-1270.475934			0.019529
143000			-1270.475934			0.017670
144000			-1270.475934			0.015989
145000			-1270.475934			0.014467
146000			-1270.475934			0.013090
147000			-1270.475934			0.011844
148000			-1270.475934			0.010717
149000			-1270.475934			0.009697
150000			-1270.475934			0.008774
151000			-1270.475934			0.007939
152000			-1270.475934			0.007184
153000			-1270.475934			0.006500
154000			-1268.578824			0.005882
155000			-1268.578824			0.005322
156000			-1268.578824			0.004815
157000			-1268.578824			0.004357
158000			-1268.578824			0.003942
159000			-1268.578824			0.003567
160000			-1268.578824			0.003228
161000			-1268.578824			0.002921
162000			-1268.578824			0.002643
163000			-1268.578824			0.002391
164000			-1268.578824			0.002164
165000			-1268.578824			0.001958
166000			-1268.578824			0.001771
167000			-1268.578824			0.001603
168000			-1268.578824			0.001450
169000			-1268.578824			0.001312
170000			-1268.578824			0.001187
171000			-1268.578824			0.001074
Iteration: 9
Step			Log-likelihood			Temperature
1			-26423.168457			99900.000000
1000			-24069.057106			36769.542477
2000			-22992.149542			23501.721022
3000			-21908.544953			21265.130236
4000			-24284.999272			19241.389323
5000			-26229.235048			17410.241977
6000			-26172.321748			15753.359626
7000			-22934.429908			14254.157974
8000			-27898.340106			12897.631004
9000			-25608.428536			11670.200782
10000			-17382.438971			10559.581542
11000			-23124.806549			9554.656721
12000			-24666.388725			8645.367688
13000			-24053.886066			7822.613061
14000			-18631.121600			7078.157611
15000			-21429.995275			6404.549832
16000			-25444.593917			5795.047357
17000			-23657.829948			5243.549468
18000			-23523.296406			4744.536038
19000			-26643.163366			4293.012272
20000			-22034.793382			3884.458716
21000			-24523.519076			3514.786020
22000			-21757.180712			3180.294005
23000			-24843.409411			2877.634626
24000			-23757.919391			2603.778466
25000			-22734.943079			2355.984403
26000			-22884.632926			2131.772185
27000			-27374.233374			1928.897594
28000			-24669.740295			1745.329992
29000			-20585.229967			1579.231987
30000			-17707.918037			1428.941048
31000			-20241.427927			1292.952863
32000			-17112.301686			1169.906280
33000			-22351.898287			1058.569685
34000			-15698.089746			957.828671
35000			-16467.322384			866.674888
36000			-17561.796636			784.195947
37000			-12105.605444			709.566288
38000			-15369.825211			642.038917
39000			-18806.435639			580.937931
40000			-12150.018893			525.651749
41000			-14162.958245			475.626993
42000			-11774.848503			430.362949
43000			-13012.676204			389.406552
44000			-10906.873762			352.347857
45000			-11038.724979			318.815931
46000			-9910.440935			288.475142
47000			-9693.170542			261.021797
48000			-8691.610747			236.181108
49000			-7471.871626			213.704435
50000			-7594.345187			193.366803
51000			-7089.907452			174.964643
52000			-8226.373093			158.313765
53000			-6753.183637			143.247502
54000			-6178.752191			129.615051
55000			-6884.192664			117.279962
56000			-6006.611990			106.118767
57000			-5502.504344			96.019751
58000			-5941.522522			86.881830
59000			-5343.519421			78.613537
60000			-5023.004594			71.132114
61000			-4072.203544			64.362677
62000			-3922.800366			58.237467
63000			-3461.275461			52.695176
64000			-3186.549300			47.680328
65000			-3484.809023			43.142730
66000			-2990.903669			39.036961
67000			-2949.797593			35.321926
68000			-2756.485894			31.960441
69000			-2479.669103			28.918858
70000			-2584.106913			26.166734
71000			-2480.185157			23.676522
72000			-2188.044944			21.423296
73000			-1986.168319			19.384503
74000			-1972.920803			17.539736
75000			-1906.521953			15.870530
76000			-1906.521953			14.360177
77000			-1819.149534			12.993561
78000			-1887.550854			11.757001
79000			-1870.476864			10.638121
80000			-1782.757238			9.625722
81000			-1681.484370			8.709670
82000			-1624.465710			7.880796
83000			-1594.111950			7.130803
84000			-1594.111950			6.452185
85000			-1586.523510			5.838150
86000			-1584.626400			5.282550
87000			-1586.523510			4.779825
88000			-1582.729290			4.324943
89000			-1514.433331			3.913350
90000			-1518.680117			3.540928
91000			-1432.891304			3.203948
92000			-1430.994194			2.899038
93000			-1429.097084			2.623145
94000			-1419.611534			2.373508
95000			-1430.994194			2.147628
96000			-1425.893454			1.943244
97000			-1378.417904			1.758311
98000			-1368.932354			1.590978
99000			-1325.298825			1.439569
100000			-1329.093045			1.302570
101000			-1285.459515			1.178608
102000			-1287.356625			1.066443
103000			-1285.459515			0.964953
104000			-1283.610206			0.873121
105000			-1285.507316			0.790029
106000			-1285.507316			0.714844
107000			-1287.404426			0.646814
108000			-1283.610206			0.585259
109000			-1283.610206			0.529561
110000			-1281.713096			0.479165
111000			-1281.713096			0.433564
112000			-1281.713096			0.392303
113000			-1272.227546			0.354969
114000			-1270.465884			0.321187
115000			-1270.465884			0.290621
116000			-1270.465884			0.262963
117000			-1270.465884			0.237938
118000			-1270.465884			0.215294
119000			-1268.568774			0.194805
120000			-1268.568774			0.176266
121000			-1268.568774			0.159491
122000			-1268.568774			0.144313
123000			-1268.568774			0.130579
124000			-1268.568774			0.118152
125000			-1268.568774			0.106908
126000			-1268.568774			0.096734
127000			-1268.568774			0.087528
128000			-1268.568774			0.079198
129000			-1268.568774			0.071661
130000			-1268.568774			0.064841
131000			-1268.568774			0.058671
132000			-1268.568774			0.053087
133000			-1268.568774			0.048035
134000			-1268.568774			0.043464
135000			-1268.568774			0.039327
136000			-1268.568774			0.035585
137000			-1268.568774			0.032198
138000			-1268.568774			0.029134
139000			-1268.568774			0.026361
140000			-1268.568774			0.023853
141000			-1264.879914			0.021583
142000			-1264.879914			0.019529
143000			-1264.879914			0.017670
144000			-1264.879914			0.015989
145000			-1264.879914			0.014467
146000			-1264.879914			0.013090
147000			-1264.879914			0.011844
148000			-1264.879914			0.010717
149000			-1264.879914			0.009697
150000			-1264.879914			0.008774
151000			-1264.879914			0.007939
152000			-1264.879914			0.007184
153000			-1264.879914			0.006500
154000			-1264.879914			0.005882
155000			-1264.879914			0.005322
156000			-1264.879914			0.004815
157000			-1264.879914			0.004357
158000			-1264.879914			0.003942
159000			-1264.879914			0.003567
160000			-1264.879914			0.003228
161000			-1264.879914			0.002921
162000			-1264.879914			0.002643
163000			-1264.879914			0.002391
164000			-1264.879914			0.002164
165000			-1264.879914			0.001958
166000			-1264.879914			0.001771
167000			-1264.879914			0.001603
168000			-1264.879914			0.001450
169000			-1264.879914			0.001312
170000			-1264.879914			0.001187
171000			-1264.879914			0.001074
Iteration: 10
Step			Log-likelihood			Temperature
1			-26538.505126			99900.000000
1000			-23118.223803			36769.542477
2000			-24745.184825			23501.721022
3000			-23798.969593			21265.130236
4000			-24411.325721			19241.389323
5000			-25863.817131			17410.241977
6000			-26038.137154			15753.359626
7000			-21090.333345			14254.157974
8000			-24786.094335			12897.631004
9000			-23958.755022			11670.200782
10000			-24177.174858			10559.581542
11000			-24138.127147			9554.656721
12000			-21914.924365			8645.367688
13000			-23672.781054			7822.613061
14000			-24746.216933			7078.157611
15000			-26095.320159			6404.549832
16000			-21375.087524			5795.047357
17000			-23459.788682			5243.549468
18000			-21034.918437			4744.536038
19000			-18983.151309			4293.012272
20000			-24497.372991			3884.458716
21000			-26546.911578			3514.786020
22000			-20137.984133			3180.294005
23000			-25758.364731			2877.634626
24000			-21214.865283			2603.778466
25000			-17570.299849			2355.984403
26000			-23315.045280			2131.772185
27000			-16824.424769			1928.897594
28000			-21849.480754			1745.329992
29000			-17879.452592			1579.231987
30000			-16647.433555			1428.941048
31000			-21521.959649			1292.952863
32000			-24278.947316			1169.906280
33000			-21260.563029			1058.569685
34000			-18052.611493			957.828671
35000			-18794.737395			866.674888
36000			-16473.074864			784.195947
37000			-15266.897472			709.566288
38000			-16351.625089			642.038917
39000			-14201.868045			580.937931
40000			-15335.257938			525.651749
41000			-14137.087704			475.626993
42000			-13193.613193			430.362949
43000			-11441.203494			389.406552
44000			-10880.799485			352.347857
45000			-10814.679238			318.815931
46000			-9846.229476			288.475142
47000			-10637.447514			261.021797
48000			-10196.120316			236.181108
49000			-8514.560865			213.704435
50000			-7638.779212			193.366803
51000			-7244.863495			174.964643
52000			-6172.061006			158.313765
53000			-6681.996552			143.247502
54000			-6862.060733			129.615051
55000			-6633.252253			117.279962
56000			-5414.351719			106.118767
57000			-5750.456881			96.019751
58000			-5184.124090			86.881830
59000			-5665.758414			78.613537
60000			-4631.522616			71.132114
61000			-4672.136007			64.362677
62000			-4357.828564			58.237467
63000			-3708.474481			52.695176
64000			-3401.271677			47.680328
65000			-2722.466928			43.142730
66000			-2542.112466			39.036961
67000			-2447.418234			35.321926
68000			-2541.440984			31.960441
69000			-2586.907117			28.918858
70000			-2302.598646			26.166734
71000			-2008.965893			23.676522
72000			-1914.110393			21.423296
73000			-1747.164715			19.384503
74000			-1754.753155			17.539736
75000			-1625.749676			15.870530
76000			-1611.857092			14.360177
77000			-1619.477785			12.993561
78000			-1413.273357			11.757001
79000			-1424.656017			10.638121
80000			-1417.067577			9.625722
81000			-1358.257168			8.709670
82000			-1371.536938			7.880796
83000			-1358.257168			7.130803
84000			-1405.684917			6.452185
85000			-1405.684917			5.838150
86000			-1396.199368			5.282550
87000			-1373.123883			4.779825
88000			-1357.947003			4.324943
89000			-1356.049893			3.913350
90000			-1350.358563			3.540928
91000			-1352.255673			3.203948
92000			-1359.844113			2.899038
93000			-1356.049893			2.623145
94000			-1359.844113			2.373508
95000			-1359.844113			2.147628
96000			-1352.255673			1.943244
97000			-1293.336564			1.758311
98000			-1291.439454			1.590978
99000			-1291.439454			1.439569
100000			-1293.336564			1.302570
101000			-1287.645234			1.178608
102000			-1285.748124			1.066443
103000			-1287.645234			0.964953
104000			-1283.851014			0.873121
105000			-1285.748124			0.790029
106000			-1283.851014			0.714844
107000			-1278.159684			0.646814
108000			-1276.262574			0.585259
109000			-1278.159684			0.529561
110000			-1276.262574			0.479165
111000			-1274.365464			0.433564
112000			-1268.674134			0.392303
113000			-1268.674134			0.354969
114000			-1266.777024			0.321187
115000			-1266.777024			0.290621
116000			-1266.777024			0.262963
117000			-1266.777024			0.237938
118000			-1266.777024			0.215294
119000			-1266.777024			0.194805
120000			-1266.777024			0.176266
121000			-1266.777024			0.159491
122000			-1266.777024			0.144313
123000			-1266.777024			0.130579
124000			-1266.777024			0.118152
125000			-1266.777024			0.106908
126000			-1266.777024			0.096734
127000			-1266.777024			0.087528
128000			-1264.879914			0.079198
129000			-1264.879914			0.071661
130000			-1264.879914			0.064841
131000			-1264.879914			0.058671
132000			-1264.879914			0.053087
133000			-1264.879914			0.048035
134000			-1264.879914			0.043464
135000			-1264.879914			0.039327
136000			-1264.879914			0.035585
137000			-1264.879914			0.032198
138000			-1262.982804			0.029134
139000			-1262.982804			0.026361
140000			-1262.982804			0.023853
141000			-1262.982804			0.021583
142000			-1262.982804			0.019529
143000			-1262.982804			0.017670
144000			-1262.982804			0.015989
145000			-1262.982804			0.014467
146000			-1262.982804			0.013090
147000			-1262.982804			0.011844
148000			-1262.982804			0.010717
149000			-1262.982804			0.009697
150000			-1262.982804			0.008774
151000			-1262.982804			0.007939
152000			-1262.982804			0.007184
153000			-1262.982804			0.006500
154000			-1262.982804			0.005882
155000			-1262.982804			0.005322
156000			-1262.982804			0.004815
157000			-1262.982804			0.004357
158000			-1262.982804			0.003942
159000			-1262.982804			0.003567
160000			-1262.982804			0.003228
161000			-1262.982804			0.002921
162000			-1262.982804			0.002643
163000			-1262.982804			0.002391
164000			-1262.982804			0.002164
165000			-1262.982804			0.001958
166000			-1262.982804			0.001771
167000			-1262.982804			0.001603
168000			-1262.982804			0.001450
169000			-1262.982804			0.001312
170000			-1262.982804			0.001187
171000			-1262.982804			0.001074

Maximum likelihood Tree found: -1228.834825
digraph g {
	"58" -> "59";
	"59" [color=indianred1, style=filled, label="12"];
	"59" [label="12"];
	"57" -> "58";
	"58" [label="16"];
	"55" -> "56";
	"56" [color=indianred1, style=filled, label="46"];
	"56" [label="46"];
	"54" -> "55";
	"55" [label="29"];
	"53" -> "54";
	"54" [label="19"];
	"49" -> "50";
	"50" [label="26"];
	"48" -> "49";
	"49" [label="42"];
	"47" -> "48";
	"48" [label="38"];
	"46" -> "47";
	"47" [label="10"];
	"45" -> "46";
	"46" [label="3"];
	"45" -> "51";
	"51" [color=green, style=filled, label="42"];
	"44" -> "45";
	"45" [label="37"];
	"43" -> "44";
	"44" [label="8"];
	"42" -> "43";
	"43" [label="14"];
	"41" -> "42";
	"42" [label="40"];
	"40" -> "41";
	"41" [label="25"];
	"39" -> "40";
	"40" [label="6"];
	"38" -> "39";
	"39" [color=indianred1, style=filled, label="18"];
	"39" [label="18"];
	"37" -> "38";
	"38" [label="44"];
	"36" -> "37";
	"37" [label="17"];
	"35" -> "36";
	"36" [label="43"];
	"34" -> "35";
	"35" [label="47"];
	"33" -> "34";
	"34" [color=indianred1, style=filled, label="28"];
	"34" [label="28"];
	"32" -> "33";
	"33" [label="45"];
	"32" -> "52";
	"52" [color=green, style=filled, label="6"];
	"31" -> "32";
	"32" [label="24"];
	"30" -> "31";
	"31" [label="27"];
	"27" -> "28";
	"28" [label="11"];
	"26" -> "27";
	"27" [color=green, style=filled, label="23"];
	"25" -> "26";
	"26" [label="34"];
	"25" -> "29";
	"29" [label="23"];
	"24" -> "25";
	"25" [label="41"];
	"23" -> "24";
	"24" [label="1"];
	"22" -> "23";
	"23" [label="7"];
	"22" -> "30";
	"30" [label="15"];
	"21" -> "22";
	"22" [label="28"];
	"19" -> "20";
	"20" [label="33"];
	"17" -> "18";
	"18" [color=green, style=filled, label="33"];
	"17" -> "19";
	"19" [label="35"];
	"16" -> "17";
	"17" [label="39"];
	"15" -> "16";
	"16" [label="50"];
	"13" -> "14";
	"14" [label="9"];
	"12" -> "13";
	"13" [label="2"];
	"11" -> "12";
	"12" [label="49"];
	"10" -> "11";
	"11" [label="32"];
	"10" -> "15";
	"15" [label="22"];
	"10" -> "21";
	"21" [label="18"];
	"10" -> "53";
	"53" [color=indianred1, style=filled, label="13"];
	"53" [label="13"];
	"10" -> "57";
	"57" [label="5"];
	"9" -> "10";
	"10" [label="31"];
	"8" -> "9";
	"9" [label="12"];
	"7" -> "8";
	"8" [label="46"];
	"6" -> "7";
	"7" [label="36"];
	"5" -> "6";
	"6" [label="48"];
	"4" -> "5";
	"5" [label="20"];
	"3" -> "4";
	"4" [label="21"];
	"3" -> "60";
	"60" [color=green, style=filled, label="11"];
	"2" -> "3";
	"3" [label="13"];
	"1" -> "2";
	"2" [label="4"];
	"0" -> "1";
	"1" [label="30"];
	"0" [label="germline"];
	labelloc="t";
	label="Confidence score: -1228.834825";
}
Best cell assignment:
9 18 20 4 10 59 50 4 10 54 54 19 58 10 28 53 28 20 50 58 48 7 59 9 10 44 28 57 50 44 53 28 10 55 4 55 44 50 9 43 3 18 26 44 28 44 44 18 59 58 51 28 50 20 20 16 14 54 4 28 4 49 55 44 3 14 49 16 50 59 56 10 47 14 54 44 55 44 19 50 58 4 58 57 28 4 44 4 4 14 58 58 3 14 19 27 27 54 4 49 14 4 10 58 20 20 50 4 20 4 56 14 10 44 54 10 3 44 53 13 28 4 55 20 26 20 4 50 14 53 55 55 12 4 55 10 44 44 12 17 14 14 19 9 50 49 59 50 54 58 44 55 9 58 57 14 56 29 20 43 4 28 18 14 57 57 4 20 39 57 44 50 55 50 58 28 53 14 56 28 19 14 18 28 55 44 48 10 49 10 10 28 58 9 57 14 14 55 4 14 28 4 44 20 14 14 50 50 14 49 43 53 19 55 2 58 53 4 4 20 14 58 14 44 44 29 55 58 10 50 50 4 6 12 55 57 53 9 20 47 50 42 50 9 20 48 50 27 19 55 
alpha: 0.150000
beta: 0.000010
gamma: 0.113000
delta: 0.887000
