Starting SASC.
Iteration: 1
Step			Log-likelihood			Temperature
1			-26155.536315			99900.000000
1000			-23979.269502			36769.542477
2000			-26466.372072			23501.721022
3000			-28859.642354			21265.130236
4000			-26516.192411			19241.389323
5000			-24329.569207			17410.241977
6000			-24611.183130			15753.359626
7000			-27699.203282			14254.157974
8000			-22038.698933			12897.631004
9000			-27289.104992			11670.200782
10000			-24867.448406			10559.581542
11000			-25981.271902			9554.656721
12000			-22773.997687			8645.367688
13000			-26259.191146			7822.613061
14000			-27088.119771			7078.157611
15000			-23473.116499			6404.549832
16000			-24409.596774			5795.047357
17000			-23971.267607			5243.549468
18000			-27053.675672			4744.536038
19000			-25384.816963			4293.012272
20000			-27676.282534			3884.458716
21000			-24707.967993			3514.786020
22000			-27447.752656			3180.294005
23000			-22036.763730			2877.634626
24000			-24261.997558			2603.778466
25000			-22734.712523			2355.984403
26000			-24641.780181			2131.772185
27000			-27248.374265			1928.897594
28000			-25069.735439			1745.329992
29000			-25000.117091			1579.231987
30000			-20478.025263			1428.941048
31000			-26242.246170			1292.952863
32000			-23762.444817			1169.906280
33000			-21701.922289			1058.569685
34000			-19776.393747			957.828671
35000			-24072.421412			866.674888
36000			-16498.562778			784.195947
37000			-17564.521713			709.566288
38000			-16960.768615			642.038917
39000			-14865.925162			580.937931
40000			-24135.729776			525.651749
41000			-17311.024388			475.626993
42000			-13322.867951			430.362949
43000			-13028.068237			389.406552
44000			-12436.814989			352.347857
45000			-12565.733386			318.815931
46000			-9937.130545			288.475142
47000			-13672.897950			261.021797
48000			-10868.755297			236.181108
49000			-10832.909567			213.704435
50000			-10371.955772			193.366803
51000			-9884.612602			174.964643
52000			-10356.890389			158.313765
53000			-10539.168375			143.247502
54000			-8627.802122			129.615051
55000			-8004.937233			117.279962
56000			-7194.361054			106.118767
57000			-7269.955173			96.019751
58000			-6009.646593			86.881830
59000			-6538.321626			78.613537
60000			-5883.953533			71.132114
61000			-5467.556938			64.362677
62000			-4601.712382			58.237467
63000			-4027.629884			52.695176
64000			-4260.587372			47.680328
65000			-3875.764325			43.142730
66000			-3955.442945			39.036961
67000			-3752.226403			35.321926
68000			-3591.101068			31.960441
69000			-2678.887284			28.918858
70000			-2750.977464			26.166734
71000			-2739.594804			23.676522
72000			-2552.393729			21.423296
73000			-2325.288838			19.384503
74000			-2243.713109			17.539736
75000			-2226.639119			15.870530
76000			-2184.902700			14.360177
77000			-2207.668019			12.993561
78000			-2160.240270			11.757001
79000			-2109.018300			10.638121
80000			-2141.269170			9.625722
81000			-2146.960500			8.709670
82000			-2116.574487			7.880796
83000			-2114.709630			7.130803
84000			-2131.783620			6.452185
85000			-2110.915410			5.838150
86000			-2063.487661			5.282550
87000			-2057.796331			4.779825
88000			-2044.516561			4.324943
89000			-2067.281881			3.913350
90000			-2061.590551			3.540928
91000			-2055.899221			3.203948
92000			-2029.339681			2.899038
93000			-2031.236791			2.623145
94000			-2027.442571			2.373508
95000			-2036.928121			2.147628
96000			-2029.339681			1.943244
97000			-2023.648351			1.758311
98000			-2023.648351			1.590978
99000			-2025.545461			1.439569
100000			-2012.265691			1.302570
101000			-2010.368581			1.178608
102000			-2004.677251			1.066443
103000			-2002.780141			0.964953
104000			-2000.883031			0.873121
105000			-2002.780141			0.790029
106000			-2002.780141			0.714844
107000			-1959.146611			0.646814
108000			-1953.455281			0.585259
109000			-1885.159322			0.529561
110000			-1885.159322			0.479165
111000			-1883.262212			0.433564
112000			-1883.262212			0.392303
113000			-1883.262212			0.354969
114000			-1881.365102			0.321187
115000			-1795.995153			0.290621
116000			-1790.303823			0.262963
117000			-1790.303823			0.237938
118000			-1790.303823			0.215294
119000			-1786.509603			0.194805
120000			-1786.509603			0.176266
121000			-1786.509603			0.159491
122000			-1786.509603			0.144313
123000			-1786.509603			0.130579
124000			-1786.509603			0.118152
125000			-1786.509603			0.106908
126000			-1640.432134			0.096734
127000			-1640.432134			0.087528
128000			-1640.432134			0.079198
129000			-1640.432134			0.071661
130000			-1640.432134			0.064841
131000			-1640.432134			0.058671
132000			-1640.432134			0.053087
133000			-1640.432134			0.048035
134000			-1640.432134			0.043464
135000			-1640.432134			0.039327
136000			-1640.432134			0.035585
137000			-1640.432134			0.032198
138000			-1640.432134			0.029134
139000			-1640.432134			0.026361
140000			-1640.432134			0.023853
141000			-1640.432134			0.021583
142000			-1640.432134			0.019529
143000			-1640.432134			0.017670
144000			-1640.432134			0.015989
145000			-1640.432134			0.014467
146000			-1640.432134			0.013090
147000			-1640.432134			0.011844
148000			-1640.432134			0.010717
149000			-1640.432134			0.009697
150000			-1640.432134			0.008774
151000			-1640.432134			0.007939
152000			-1640.432134			0.007184
153000			-1640.432134			0.006500
154000			-1640.432134			0.005882
155000			-1640.432134			0.005322
156000			-1640.432134			0.004815
157000			-1640.432134			0.004357
158000			-1640.432134			0.003942
159000			-1640.432134			0.003567
160000			-1640.432134			0.003228
161000			-1640.432134			0.002921
162000			-1640.432134			0.002643
163000			-1640.432134			0.002391
164000			-1640.432134			0.002164
165000			-1640.432134			0.001958
166000			-1640.432134			0.001771
167000			-1640.432134			0.001603
168000			-1640.432134			0.001450
169000			-1640.432134			0.001312
170000			-1640.432134			0.001187
171000			-1640.432134			0.001074
Iteration: 2
Step			Log-likelihood			Temperature
1			-27867.969886			99900.000000
1000			-27571.097058			36769.542477
2000			-24159.741300			23501.721022
3000			-25152.569050			21265.130236
4000			-25122.596492			19241.389323
5000			-24867.750364			17410.241977
6000			-23467.372340			15753.359626
7000			-25496.939973			14254.157974
8000			-23844.633361			12897.631004
9000			-24740.579489			11670.200782
10000			-24376.539570			10559.581542
11000			-27848.720184			9554.656721
12000			-25815.364170			8645.367688
13000			-25607.643834			7822.613061
14000			-22984.925843			7078.157611
15000			-23526.827817			6404.549832
16000			-23843.612931			5795.047357
17000			-21176.654436			5243.549468
18000			-26940.887020			4744.536038
19000			-24233.502815			4293.012272
20000			-27903.413839			3884.458716
21000			-23084.865697			3514.786020
22000			-24505.590038			3180.294005
23000			-21660.986364			2877.634626
24000			-20219.012612			2603.778466
25000			-23142.418225			2355.984403
26000			-21400.572082			2131.772185
27000			-24068.375004			1928.897594
28000			-25183.954918			1745.329992
29000			-20867.560361			1579.231987
30000			-23931.055993			1428.941048
31000			-21715.498178			1292.952863
32000			-21301.626243			1169.906280
33000			-17708.784096			1058.569685
34000			-18960.020581			957.828671
35000			-23543.186394			866.674888
36000			-23826.236983			784.195947
37000			-20611.831714			709.566288
38000			-18511.082835			642.038917
39000			-16252.448695			580.937931
40000			-13338.640128			525.651749
41000			-16461.667422			475.626993
42000			-11623.719989			430.362949
43000			-14609.375445			389.406552
44000			-12755.511949			352.347857
45000			-10067.755590			318.815931
46000			-12609.425583			288.475142
47000			-10646.488413			261.021797
48000			-10776.603242			236.181108
49000			-10322.463807			213.704435
50000			-10537.696398			193.366803
51000			-9093.330057			174.964643
52000			-8838.020704			158.313765
53000			-9910.829032			143.247502
54000			-9600.239624			129.615051
55000			-6941.121757			117.279962
56000			-8051.564487			106.118767
57000			-5673.761366			96.019751
58000			-5532.187691			86.881830
59000			-5563.309693			78.613537
60000			-4783.571075			71.132114
61000			-4585.916849			64.362677
62000			-4430.192563			58.237467
63000			-3738.753113			52.695176
64000			-3742.611839			47.680328
65000			-3294.738455			43.142730
66000			-2779.369607			39.036961
67000			-2830.720590			35.321926
68000			-2767.986947			31.960441
69000			-2544.256982			28.918858
70000			-2744.705573			26.166734
71000			-2532.680802			23.676522
72000			-2540.269242			21.423296
73000			-2610.462311			19.384503
74000			-2612.359421			17.539736
75000			-2610.462311			15.870530
76000			-2578.211442			14.360177
77000			-2508.018372			12.993561
78000			-2511.877099			11.757001
79000			-2409.433160			10.638121
80000			-2424.610039			9.625722
81000			-2279.048625			8.709670
82000			-2275.254405			7.880796
83000			-2180.398905			7.130803
84000			-2169.016246			6.452185
85000			-2159.530696			5.838150
86000			-2165.222026			5.282550
87000			-2182.296015			4.779825
88000			-2169.016246			4.324943
89000			-2040.012767			3.913350
90000			-2036.218547			3.540928
91000			-1966.025477			3.203948
92000			-1973.613917			2.899038
93000			-1950.848597			2.623145
94000			-1905.317958			2.373508
95000			-1907.215068			2.147628
96000			-1916.700618			1.943244
97000			-1893.935298			1.758311
98000			-1897.729518			1.590978
99000			-1893.935298			1.439569
100000			-1892.038188			1.302570
101000			-1895.832408			1.178608
102000			-1753.549159			1.066443
103000			-1700.430079			0.964953
104000			-1692.841639			0.873121
105000			-1692.841639			0.790029
106000			-1690.944529			0.714844
107000			-1690.944529			0.646814
108000			-1690.944529			0.585259
109000			-1690.944529			0.529561
110000			-1690.944529			0.479165
111000			-1690.944529			0.433564
112000			-1683.356089			0.392303
113000			-1681.458979			0.354969
114000			-1679.561869			0.321187
115000			-1679.561869			0.290621
116000			-1679.561869			0.262963
117000			-1679.561869			0.237938
118000			-1679.561869			0.215294
119000			-1679.561869			0.194805
120000			-1679.561869			0.176266
121000			-1679.561869			0.159491
122000			-1679.561869			0.144313
123000			-1679.561869			0.130579
124000			-1679.561869			0.118152
125000			-1677.664759			0.106908
126000			-1677.664759			0.096734
127000			-1677.664759			0.087528
128000			-1677.664759			0.079198
129000			-1677.664759			0.071661
130000			-1677.664759			0.064841
131000			-1677.664759			0.058671
132000			-1677.664759			0.053087
133000			-1677.664759			0.048035
134000			-1677.664759			0.043464
135000			-1677.664759			0.039327
136000			-1677.664759			0.035585
137000			-1677.664759			0.032198
138000			-1677.664759			0.029134
139000			-1677.664759			0.026361
140000			-1677.664759			0.023853
141000			-1677.664759			0.021583
142000			-1677.664759			0.019529
143000			-1677.664759			0.017670
144000			-1677.664759			0.015989
145000			-1677.664759			0.014467
146000			-1677.664759			0.013090
147000			-1677.664759			0.011844
148000			-1677.664759			0.010717
149000			-1677.664759			0.009697
150000			-1677.664759			0.008774
151000			-1677.664759			0.007939
152000			-1677.664759			0.007184
153000			-1677.664759			0.006500
154000			-1677.664759			0.005882
155000			-1677.664759			0.005322
156000			-1677.664759			0.004815
157000			-1677.664759			0.004357
158000			-1677.664759			0.003942
159000			-1677.664759			0.003567
160000			-1677.664759			0.003228
161000			-1677.664759			0.002921
162000			-1677.664759			0.002643
163000			-1677.664759			0.002391
164000			-1677.664759			0.002164
165000			-1677.664759			0.001958
166000			-1677.664759			0.001771
167000			-1677.664759			0.001603
168000			-1677.664759			0.001450
169000			-1677.664759			0.001312
170000			-1677.664759			0.001187
171000			-1677.664759			0.001074
Iteration: 3
Step			Log-likelihood			Temperature
1			-27913.694046			99900.000000
1000			-25966.960024			36769.542477
2000			-23521.640863			23501.721022
3000			-23832.450206			21265.130236
4000			-21848.213853			19241.389323
5000			-25536.779282			17410.241977
6000			-26457.531590			15753.359626
7000			-24681.446545			14254.157974
8000			-24414.083051			12897.631004
9000			-27080.789358			11670.200782
10000			-25430.127669			10559.581542
11000			-26776.509933			9554.656721
12000			-25591.751541			8645.367688
13000			-27991.803928			7822.613061
14000			-23701.930818			7078.157611
15000			-24190.300258			6404.549832
16000			-21774.420084			5795.047357
17000			-23726.024365			5243.549468
18000			-25441.891530			4744.536038
19000			-25119.764034			4293.012272
20000			-26494.840400			3884.458716
21000			-24149.423001			3514.786020
22000			-22368.801909			3180.294005
23000			-22983.266185			2877.634626
24000			-24823.116980			2603.778466
25000			-24304.883421			2355.984403
26000			-18852.465873			2131.772185
27000			-21797.191243			1928.897594
28000			-22765.142468			1745.329992
29000			-20713.958959			1579.231987
30000			-21593.690260			1428.941048
31000			-19593.030824			1292.952863
32000			-21467.583745			1169.906280
33000			-21868.079150			1058.569685
34000			-12505.826362			957.828671
35000			-17377.778025			866.674888
36000			-18621.250067			784.195947
37000			-19858.799167			709.566288
38000			-16499.460033			642.038917
39000			-15788.339909			580.937931
40000			-14358.446712			525.651749
41000			-14982.686818			475.626993
42000			-14595.676381			430.362949
43000			-15182.191164			389.406552
44000			-13868.053930			352.347857
45000			-11550.539034			318.815931
46000			-13181.449704			288.475142
47000			-14325.879148			261.021797
48000			-10838.304778			236.181108
49000			-13184.334991			213.704435
50000			-14536.484770			193.366803
51000			-10275.997819			174.964643
52000			-11548.334127			158.313765
53000			-8789.405419			143.247502
54000			-7695.875411			129.615051
55000			-6745.138867			117.279962
56000			-8390.496268			106.118767
57000			-7596.554210			96.019751
58000			-6860.836162			86.881830
59000			-6556.498069			78.613537
60000			-5727.461006			71.132114
61000			-6159.002228			64.362677
62000			-5370.132847			58.237467
63000			-5021.935451			52.695176
64000			-4326.121219			47.680328
65000			-4353.449001			43.142730
66000			-3561.456882			39.036961
67000			-3114.158219			35.321926
68000			-3006.603511			31.960441
69000			-3080.590800			28.918858
70000			-2763.805686			26.166734
71000			-2777.085456			23.676522
72000			-2455.221826			21.423296
73000			-2419.144483			19.384503
74000			-2187.729318			17.539736
75000			-2252.231058			15.870530
76000			-2204.803308			14.360177
77000			-2278.790598			12.993561
78000			-2106.153589			11.757001
79000			-2075.799829			10.638121
80000			-2126.989545			9.625722
81000			-2024.577860			8.709670
82000			-1971.458780			7.880796
83000			-1967.664560			7.130803
84000			-1967.664560			6.452185
85000			-1984.738550			5.838150
86000			-1984.738550			5.282550
87000			-1925.928140			4.779825
88000			-1906.957041			4.324943
89000			-1903.162821			3.913350
90000			-1897.471491			3.540928
91000			-1897.471491			3.203948
92000			-1827.278421			2.899038
93000			-1836.763971			2.623145
94000			-1834.866861			2.373508
95000			-1819.689981			2.147628
96000			-1825.381311			1.943244
97000			-1823.484201			1.758311
98000			-1831.072641			1.590978
99000			-1793.130442			1.439569
100000			-1783.644892			1.302570
101000			-1783.644892			1.178608
102000			-1783.644892			1.066443
103000			-1783.644892			0.964953
104000			-1783.644892			0.873121
105000			-1783.644892			0.790029
106000			-1777.953562			0.714844
107000			-1774.159342			0.646814
108000			-1770.365122			0.585259
109000			-1770.365122			0.529561
110000			-1770.365122			0.479165
111000			-1766.570902			0.433564
112000			-1764.673792			0.392303
113000			-1762.776682			0.354969
114000			-1762.776682			0.321187
115000			-1760.879572			0.290621
116000			-1760.879572			0.262963
117000			-1760.879572			0.237938
118000			-1758.982462			0.215294
119000			-1758.982462			0.194805
120000			-1758.982462			0.176266
121000			-1758.982462			0.159491
122000			-1758.982462			0.144313
123000			-1758.982462			0.130579
124000			-1758.982462			0.118152
125000			-1757.085352			0.106908
126000			-1757.085352			0.096734
127000			-1757.085352			0.087528
128000			-1757.085352			0.079198
129000			-1757.085352			0.071661
130000			-1757.085352			0.064841
131000			-1757.085352			0.058671
132000			-1757.085352			0.053087
133000			-1757.085352			0.048035
134000			-1757.085352			0.043464
135000			-1757.085352			0.039327
136000			-1757.085352			0.035585
137000			-1757.085352			0.032198
138000			-1757.085352			0.029134
139000			-1757.085352			0.026361
140000			-1757.085352			0.023853
141000			-1757.085352			0.021583
142000			-1757.085352			0.019529
143000			-1757.085352			0.017670
144000			-1757.085352			0.015989
145000			-1757.085352			0.014467
146000			-1757.085352			0.013090
147000			-1757.085352			0.011844
148000			-1757.085352			0.010717
149000			-1757.085352			0.009697
150000			-1757.085352			0.008774
151000			-1757.085352			0.007939
152000			-1757.085352			0.007184
153000			-1757.085352			0.006500
154000			-1757.085352			0.005882
155000			-1757.085352			0.005322
156000			-1757.085352			0.004815
157000			-1757.085352			0.004357
158000			-1757.085352			0.003942
159000			-1757.085352			0.003567
160000			-1757.085352			0.003228
161000			-1757.085352			0.002921
162000			-1757.085352			0.002643
163000			-1757.085352			0.002391
164000			-1757.085352			0.002164
165000			-1757.085352			0.001958
166000			-1757.085352			0.001771
167000			-1757.085352			0.001603
168000			-1757.085352			0.001450
169000			-1757.085352			0.001312
170000			-1757.085352			0.001187
171000			-1757.085352			0.001074
Iteration: 4
Step			Log-likelihood			Temperature
1			-28167.132703			99900.000000
1000			-25849.984272			36769.542477
2000			-24641.548568			23501.721022
3000			-26799.462934			21265.130236
4000			-24603.181235			19241.389323
5000			-22808.532707			17410.241977
6000			-25987.059992			15753.359626
7000			-26767.094729			14254.157974
8000			-27058.631014			12897.631004
9000			-24538.831866			11670.200782
10000			-25579.064009			10559.581542
11000			-24657.901306			9554.656721
12000			-25503.845253			8645.367688
13000			-25537.741045			7822.613061
14000			-25669.345369			7078.157611
15000			-23781.324996			6404.549832
16000			-23527.144512			5795.047357
17000			-27701.965394			5243.549468
18000			-26925.962328			4744.536038
19000			-23653.890254			4293.012272
20000			-24215.118115			3884.458716
21000			-23121.503026			3514.786020
22000			-26011.786928			3180.294005
23000			-22423.780006			2877.634626
24000			-27358.717500			2603.778466
25000			-23399.882715			2355.984403
26000			-27187.930612			2131.772185
27000			-23117.562275			1928.897594
28000			-21046.457582			1745.329992
29000			-21230.849555			1579.231987
30000			-25920.790156			1428.941048
31000			-24607.840457			1292.952863
32000			-27037.434431			1169.906280
33000			-19189.823077			1058.569685
34000			-23200.771248			957.828671
35000			-20281.051417			866.674888
36000			-16174.544011			784.195947
37000			-18888.226521			709.566288
38000			-19152.778133			642.038917
39000			-16642.499846			580.937931
40000			-11764.100289			525.651749
41000			-15691.420193			475.626993
42000			-15489.983426			430.362949
43000			-14480.577164			389.406552
44000			-13064.623541			352.347857
45000			-11986.549016			318.815931
46000			-12701.900172			288.475142
47000			-10886.286674			261.021797
48000			-11325.448589			236.181108
49000			-11210.053253			213.704435
50000			-9521.856979			193.366803
51000			-10648.502858			174.964643
52000			-9262.011578			158.313765
53000			-9799.726453			143.247502
54000			-7752.923563			129.615051
55000			-7635.522679			117.279962
56000			-6790.185706			106.118767
57000			-6893.312806			96.019751
58000			-5916.371509			86.881830
59000			-5851.482729			78.613537
60000			-5305.308574			71.132114
61000			-5614.698768			64.362677
62000			-4693.896690			58.237467
63000			-4260.845399			52.695176
64000			-4274.737983			47.680328
65000			-4657.470399			43.142730
66000			-4230.459386			39.036961
67000			-3844.513310			35.321926
68000			-3825.606717			31.960441
69000			-3363.292442			28.918858
70000			-2955.413795			26.166734
71000			-2940.236915			23.676522
72000			-2932.648475			21.423296
73000			-2857.054356			19.384503
74000			-2771.781167			17.539736
75000			-2756.572033			15.870530
76000			-2434.611643			14.360177
77000			-2336.155444			12.993561
78000			-2250.753242			11.757001
79000			-2000.883031			10.638121
80000			-2004.677251			9.625722
81000			-2033.133901			8.709670
82000			-2040.722341			7.880796
83000			-1974.323491			7.130803
84000			-1985.706151			6.452185
85000			-1985.706151			5.838150
86000			-1991.397481			5.282550
87000			-1972.394128			4.779825
88000			-1964.837941			4.324943
89000			-1951.558171			3.913350
90000			-1904.130422			3.540928
91000			-1924.998632			3.203948
92000			-1913.615972			2.899038
93000			-1907.924642			2.623145
94000			-1900.336202			2.373508
95000			-1906.027532			2.147628
96000			-1902.233312			1.943244
97000			-1906.027532			1.758311
98000			-1906.027532			1.590978
99000			-1858.599782			1.439569
100000			-1854.805562			1.302570
101000			-1856.702672			1.178608
102000			-1854.805562			1.066443
103000			-1854.805562			0.964953
104000			-1809.274923			0.873121
105000			-1803.583593			0.790029
106000			-1807.377813			0.714844
107000			-1803.583593			0.646814
108000			-1797.892263			0.585259
109000			-1794.098043			0.529561
110000			-1794.098043			0.479165
111000			-1794.098043			0.433564
112000			-1792.200933			0.392303
113000			-1792.200933			0.354969
114000			-1792.200933			0.321187
115000			-1790.303823			0.290621
116000			-1790.303823			0.262963
117000			-1788.406713			0.237938
118000			-1788.406713			0.215294
119000			-1788.406713			0.194805
120000			-1788.406713			0.176266
121000			-1788.406713			0.159491
122000			-1788.406713			0.144313
123000			-1642.329244			0.130579
124000			-1642.329244			0.118152
125000			-1642.329244			0.106908
126000			-1642.329244			0.096734
127000			-1642.329244			0.087528
128000			-1642.329244			0.079198
129000			-1642.329244			0.071661
130000			-1642.329244			0.064841
131000			-1642.329244			0.058671
132000			-1642.329244			0.053087
133000			-1642.329244			0.048035
134000			-1642.329244			0.043464
135000			-1642.329244			0.039327
136000			-1642.329244			0.035585
137000			-1642.329244			0.032198
138000			-1642.329244			0.029134
139000			-1642.329244			0.026361
140000			-1642.329244			0.023853
141000			-1642.329244			0.021583
142000			-1642.329244			0.019529
143000			-1642.329244			0.017670
144000			-1642.329244			0.015989
145000			-1642.329244			0.014467
146000			-1642.329244			0.013090
147000			-1642.329244			0.011844
148000			-1642.329244			0.010717
149000			-1642.329244			0.009697
150000			-1642.329244			0.008774
151000			-1642.329244			0.007939
152000			-1642.329244			0.007184
153000			-1642.329244			0.006500
154000			-1640.432134			0.005882
155000			-1640.432134			0.005322
156000			-1640.432134			0.004815
157000			-1640.432134			0.004357
158000			-1640.432134			0.003942
159000			-1640.432134			0.003567
160000			-1640.432134			0.003228
161000			-1640.432134			0.002921
162000			-1640.432134			0.002643
163000			-1640.432134			0.002391
164000			-1640.432134			0.002164
165000			-1640.432134			0.001958
166000			-1640.432134			0.001771
167000			-1640.432134			0.001603
168000			-1640.432134			0.001450
169000			-1640.432134			0.001312
170000			-1640.432134			0.001187
171000			-1640.432134			0.001074
Iteration: 5
Step			Log-likelihood			Temperature
1			-26847.362806			99900.000000
1000			-21356.821217			36769.542477
2000			-25488.894147			23501.721022
3000			-22304.218146			21265.130236
4000			-22948.376377			19241.389323
5000			-22969.658042			17410.241977
6000			-22923.379736			15753.359626
7000			-26195.994278			14254.157974
8000			-26060.847922			12897.631004
9000			-22823.516067			11670.200782
10000			-21544.855040			10559.581542
11000			-24721.757978			9554.656721
12000			-27203.444762			8645.367688
13000			-27083.314019			7822.613061
14000			-27426.406485			7078.157611
15000			-24812.347134			6404.549832
16000			-25410.221221			5795.047357
17000			-25439.182246			5243.549468
18000			-25034.625697			4744.536038
19000			-22656.749172			4293.012272
20000			-22071.589031			3884.458716
21000			-20628.105209			3514.786020
22000			-25241.061738			3180.294005
23000			-26770.264457			2877.634626
24000			-23144.714054			2603.778466
25000			-25157.641727			2355.984403
26000			-25101.282574			2131.772185
27000			-23626.084511			1928.897594
28000			-27097.432376			1745.329992
29000			-15287.939684			1579.231987
30000			-22892.031961			1428.941048
31000			-18673.008666			1292.952863
32000			-20491.744902			1169.906280
33000			-21672.110997			1058.569685
34000			-21563.427421			957.828671
35000			-21963.072560			866.674888
36000			-25302.220804			784.195947
37000			-17867.698684			709.566288
38000			-14158.874801			642.038917
39000			-13763.463751			580.937931
40000			-14483.758570			525.651749
41000			-14624.945204			475.626993
42000			-10860.043828			430.362949
43000			-13843.244970			389.406552
44000			-15341.944340			352.347857
45000			-14350.412564			318.815931
46000			-12409.692406			288.475142
47000			-11338.754773			261.021797
48000			-10035.419638			236.181108
49000			-10042.755890			213.704435
50000			-9289.512305			193.366803
51000			-8839.601119			174.964643
52000			-9715.162838			158.313765
53000			-8173.360728			143.247502
54000			-9415.612980			129.615051
55000			-9037.856481			117.279962
56000			-7968.833475			106.118767
57000			-8209.347150			96.019751
58000			-7788.974492			86.881830
59000			-6951.774267			78.613537
60000			-5615.118062			71.132114
61000			-4946.121397			64.362677
62000			-4423.131856			58.237467
63000			-4413.646306			52.695176
64000			-4478.502832			47.680328
65000			-4181.108112			43.142730
66000			-4244.900277			39.036961
67000			-3530.431640			35.321926
68000			-3467.730251			31.960441
69000			-3500.142387			28.918858
70000			-3316.187226			26.166734
71000			-3118.984547			23.676522
72000			-3148.118518			21.423296
73000			-2907.056536			19.384503
74000			-2772.458488			17.539736
75000			-2611.107379			15.870530
76000			-2529.531649			14.360177
77000			-2546.605639			12.993561
78000			-2529.531649			11.757001
79000			-2567.473849			10.638121
80000			-2542.811419			9.625722
81000			-2542.811419			8.709670
82000			-2533.325869			7.880796
83000			-2539.017199			7.130803
84000			-2218.405612			6.452185
85000			-2131.138553			5.838150
86000			-2133.035663			5.282550
87000			-2131.138553			4.779825
88000			-2123.550113			4.324943
89000			-2060.945483			3.913350
90000			-1935.736224			3.540928
91000			-1924.353564			3.203948
92000			-1914.868014			2.899038
93000			-1922.456454			2.623145
94000			-1886.540378			2.373508
95000			-1871.363498			2.147628
96000			-1869.466388			1.943244
97000			-1678.374334			1.758311
98000			-1682.168554			1.590978
99000			-1666.991674			1.439569
100000			-1655.609014			1.302570
101000			-1659.403234			1.178608
102000			-1651.814794			1.066443
103000			-1648.020574			0.964953
104000			-1649.917684			0.873121
105000			-1651.814794			0.790029
106000			-1651.814794			0.714844
107000			-1651.814794			0.646814
108000			-1653.711904			0.585259
109000			-1651.814794			0.529561
110000			-1653.711904			0.479165
111000			-1651.814794			0.433564
112000			-1646.123464			0.392303
113000			-1646.123464			0.354969
114000			-1646.123464			0.321187
115000			-1646.123464			0.290621
116000			-1646.123464			0.262963
117000			-1646.123464			0.237938
118000			-1646.123464			0.215294
119000			-1646.123464			0.194805
120000			-1646.123464			0.176266
121000			-1644.226354			0.159491
122000			-1644.226354			0.144313
123000			-1644.226354			0.130579
124000			-1644.226354			0.118152
125000			-1644.226354			0.106908
126000			-1644.226354			0.096734
127000			-1642.329244			0.087528
128000			-1642.329244			0.079198
129000			-1642.329244			0.071661
130000			-1642.329244			0.064841
131000			-1642.329244			0.058671
132000			-1642.329244			0.053087
133000			-1640.432134			0.048035
134000			-1640.432134			0.043464
135000			-1640.432134			0.039327
136000			-1640.432134			0.035585
137000			-1640.432134			0.032198
138000			-1640.432134			0.029134
139000			-1640.432134			0.026361
140000			-1640.432134			0.023853
141000			-1640.432134			0.021583
142000			-1640.432134			0.019529
143000			-1640.432134			0.017670
144000			-1640.432134			0.015989
145000			-1640.432134			0.014467
146000			-1640.432134			0.013090
147000			-1640.432134			0.011844
148000			-1640.432134			0.010717
149000			-1640.432134			0.009697
150000			-1640.432134			0.008774
151000			-1640.432134			0.007939
152000			-1640.432134			0.007184
153000			-1640.432134			0.006500
154000			-1640.432134			0.005882
155000			-1640.432134			0.005322
156000			-1640.432134			0.004815
157000			-1640.432134			0.004357
158000			-1640.432134			0.003942
159000			-1640.432134			0.003567
160000			-1640.432134			0.003228
161000			-1640.432134			0.002921
162000			-1640.432134			0.002643
163000			-1640.432134			0.002391
164000			-1640.432134			0.002164
165000			-1640.432134			0.001958
166000			-1640.432134			0.001771
167000			-1640.432134			0.001603
168000			-1640.432134			0.001450
169000			-1640.432134			0.001312
170000			-1640.432134			0.001187
171000			-1640.432134			0.001074
Iteration: 6
Step			Log-likelihood			Temperature
1			-26894.984076			99900.000000
1000			-27695.221381			36769.542477
2000			-26162.400445			23501.721022
3000			-25334.084634			21265.130236
4000			-26830.881055			19241.389323
5000			-26460.821434			17410.241977
6000			-25411.918972			15753.359626
7000			-24724.880716			14254.157974
8000			-26659.211648			12897.631004
9000			-21730.120912			11670.200782
10000			-18940.495335			10559.581542
11000			-25624.776491			9554.656721
12000			-25957.538981			8645.367688
13000			-26679.880498			7822.613061
14000			-27242.043707			7078.157611
15000			-22876.946002			6404.549832
16000			-27366.816155			5795.047357
17000			-22161.624041			5243.549468
18000			-24298.854821			4744.536038
19000			-25484.358099			4293.012272
20000			-23686.894630			3884.458716
21000			-24100.625873			3514.786020
22000			-24130.753860			3180.294005
23000			-24448.650325			2877.634626
24000			-27256.370321			2603.778466
25000			-20572.830992			2355.984403
26000			-23506.249887			2131.772185
27000			-21658.579039			1928.897594
28000			-24639.941738			1745.329992
29000			-21640.097579			1579.231987
30000			-22606.213420			1428.941048
31000			-23254.154194			1292.952863
32000			-20528.525981			1169.906280
33000			-19982.630428			1058.569685
34000			-24706.302495			957.828671
35000			-16316.214446			866.674888
36000			-20571.675710			784.195947
37000			-19558.824176			709.566288
38000			-20333.853802			642.038917
39000			-16169.362896			580.937931
40000			-12577.684928			525.651749
41000			-16830.841467			475.626993
42000			-12836.938090			430.362949
43000			-14963.446013			389.406552
44000			-12957.860431			352.347857
45000			-11041.043358			318.815931
46000			-12788.915043			288.475142
47000			-11138.150754			261.021797
48000			-10602.300737			236.181108
49000			-9517.444106			213.704435
50000			-10641.172445			193.366803
51000			-11744.698217			174.964643
52000			-11672.382264			158.313765
53000			-8245.714773			143.247502
54000			-10168.340512			129.615051
55000			-7849.767094			117.279962
56000			-7146.455343			106.118767
57000			-7046.591674			96.019751
58000			-7193.276118			86.881830
59000			-7082.056203			78.613537
60000			-6770.059324			71.132114
61000			-5681.194378			64.362677
62000			-5348.071262			58.237467
63000			-4742.221695			52.695176
64000			-4585.084100			47.680328
65000			-4205.436330			43.142730
66000			-3925.857427			39.036961
67000			-3993.927613			35.321926
68000			-3508.977031			31.960441
69000			-3057.502947			28.918858
70000			-2987.954945			26.166734
71000			-2611.171885			23.676522
72000			-2415.801810			21.423296
73000			-2495.480430			19.384503
74000			-2529.660663			17.539736
75000			-2449.949790			15.870530
76000			-2232.298196			14.360177
77000			-2044.516561			12.993561
78000			-2054.002111			11.757001
79000			-1978.117711			10.638121
80000			-1964.837941			9.625722
81000			-1879.467992			8.709670
82000			-1860.496892			7.880796
83000			-1871.879552			7.130803
84000			-1875.673772			6.452185
85000			-1866.188222			5.838150
86000			-1710.625203			5.282550
87000			-1739.081853			4.779825
88000			-1735.287633			4.324943
89000			-1729.596303			3.913350
90000			-1723.904973			3.540928
91000			-1718.213643			3.203948
92000			-1703.036763			2.899038
93000			-1701.139653			2.623145
94000			-1676.477224			2.373508
95000			-1678.374334			2.147628
96000			-1676.477224			1.943244
97000			-1676.477224			1.758311
98000			-1674.580114			1.590978
99000			-1678.374334			1.439569
100000			-1676.477224			1.302570
101000			-1663.197454			1.178608
102000			-1665.094564			1.066443
103000			-1657.506124			0.964953
104000			-1653.711904			0.873121
105000			-1653.711904			0.790029
106000			-1653.711904			0.714844
107000			-1653.711904			0.646814
108000			-1655.609014			0.585259
109000			-1653.711904			0.529561
110000			-1653.711904			0.479165
111000			-1653.711904			0.433564
112000			-1653.711904			0.392303
113000			-1653.711904			0.354969
114000			-1653.711904			0.321187
115000			-1651.814794			0.290621
116000			-1649.917684			0.262963
117000			-1649.917684			0.237938
118000			-1649.917684			0.215294
119000			-1649.917684			0.194805
120000			-1648.020574			0.176266
121000			-1648.020574			0.159491
122000			-1648.020574			0.144313
123000			-1648.020574			0.130579
124000			-1648.020574			0.118152
125000			-1648.020574			0.106908
126000			-1648.020574			0.096734
127000			-1648.020574			0.087528
128000			-1648.020574			0.079198
129000			-1648.020574			0.071661
130000			-1648.020574			0.064841
131000			-1648.020574			0.058671
132000			-1648.020574			0.053087
133000			-1648.020574			0.048035
134000			-1648.020574			0.043464
135000			-1648.020574			0.039327
136000			-1648.020574			0.035585
137000			-1648.020574			0.032198
138000			-1648.020574			0.029134
139000			-1648.020574			0.026361
140000			-1648.020574			0.023853
141000			-1648.020574			0.021583
142000			-1648.020574			0.019529
143000			-1648.020574			0.017670
144000			-1648.020574			0.015989
145000			-1646.123464			0.014467
146000			-1646.123464			0.013090
147000			-1646.123464			0.011844
148000			-1646.123464			0.010717
149000			-1646.123464			0.009697
150000			-1646.123464			0.008774
151000			-1646.123464			0.007939
152000			-1646.123464			0.007184
153000			-1646.123464			0.006500
154000			-1646.123464			0.005882
155000			-1646.123464			0.005322
156000			-1646.123464			0.004815
157000			-1646.123464			0.004357
158000			-1646.123464			0.003942
159000			-1646.123464			0.003567
160000			-1646.123464			0.003228
161000			-1646.123464			0.002921
162000			-1646.123464			0.002643
163000			-1646.123464			0.002391
164000			-1646.123464			0.002164
165000			-1646.123464			0.001958
166000			-1646.123464			0.001771
167000			-1646.123464			0.001603
168000			-1646.123464			0.001450
169000			-1646.123464			0.001312
170000			-1646.123464			0.001187
171000			-1646.123464			0.001074
Iteration: 7
Step			Log-likelihood			Temperature
1			-28343.176891			99900.000000
1000			-24058.399814			36769.542477
2000			-25327.328942			23501.721022
3000			-26184.810977			21265.130236
4000			-22382.829346			19241.389323
5000			-25914.969812			17410.241977
6000			-26005.139675			15753.359626
7000			-22566.186429			14254.157974
8000			-26985.708086			12897.631004
9000			-22703.520176			11670.200782
10000			-23523.699240			10559.581542
11000			-26212.440717			9554.656721
12000			-26843.838291			8645.367688
13000			-25521.919097			7822.613061
14000			-22827.536060			7078.157611
15000			-23938.661950			6404.549832
16000			-25611.379386			5795.047357
17000			-23897.816947			5243.549468
18000			-27127.114654			4744.536038
19000			-25392.088709			4293.012272
20000			-22968.496921			3884.458716
21000			-24961.037126			3514.786020
22000			-26709.653697			3180.294005
23000			-23250.301306			2877.634626
24000			-24621.583453			2603.778466
25000			-24749.097437			2355.984403
26000			-18274.551062			2131.772185
27000			-21416.065656			1928.897594
28000			-21850.999321			1745.329992
29000			-23495.189761			1579.231987
30000			-25656.490732			1428.941048
31000			-22154.707083			1292.952863
32000			-21925.458733			1169.906280
33000			-19686.000891			1058.569685
34000			-22815.933466			957.828671
35000			-19588.746964			866.674888
36000			-22585.829011			784.195947
37000			-17051.519039			709.566288
38000			-15370.767455			642.038917
39000			-21314.304877			580.937931
40000			-16759.267341			525.651749
41000			-13256.070383			475.626993
42000			-13572.351121			430.362949
43000			-16525.084225			389.406552
44000			-10835.516251			352.347857
45000			-13414.219511			318.815931
46000			-11962.270569			288.475142
47000			-11180.951535			261.021797
48000			-9957.585300			236.181108
49000			-11207.047850			213.704435
50000			-9298.212096			193.366803
51000			-9748.026522			174.964643
52000			-10265.744027			158.313765
53000			-8203.506231			143.247502
54000			-8869.180798			129.615051
55000			-7546.390763			117.279962
56000			-6768.646015			106.118767
57000			-6549.839138			96.019751
58000			-6619.516154			86.881830
59000			-6103.088783			78.613537
60000			-5479.971706			71.132114
61000			-5126.115233			64.362677
62000			-5247.046472			58.237467
63000			-4102.482176			52.695176
64000			-3836.564244			47.680328
65000			-3877.849117			43.142730
66000			-3372.675392			39.036961
67000			-3327.144753			35.321926
68000			-2821.874268			31.960441
69000			-2778.402005			28.918858
70000			-2543.160367			26.166734
71000			-2371.039413			23.676522
72000			-2409.368653			21.423296
73000			-2261.974635			19.384503
74000			-2294.225505			17.539736
75000			-2347.344584			15.870530
76000			-2298.019724			14.360177
77000			-2132.971156			12.993561
78000			-2024.835887			11.757001
79000			-1907.215068			10.638121
80000			-1840.816218			9.625722
81000			-1859.787318			8.709670
82000			-1850.301768			7.880796
83000			-1795.285579			7.130803
84000			-1808.565348			6.452185
85000			-1804.771128			5.838150
86000			-1785.800029			5.282550
87000			-1783.902919			4.779825
88000			-1795.285579			4.324943
89000			-1793.388469			3.913350
90000			-1806.668238			3.540928
91000			-1799.079798			3.203948
92000			-1808.565348			2.899038
93000			-1804.771128			2.623145
94000			-1791.491359			2.373508
95000			-1795.285579			2.147628
96000			-1789.594249			1.943244
97000			-1763.034709			1.758311
98000			-1761.137599			1.590978
99000			-1755.446269			1.439569
100000			-1755.446269			1.302570
101000			-1753.549159			1.178608
102000			-1751.652049			1.066443
103000			-1749.754939			0.964953
104000			-1751.652049			0.873121
105000			-1751.652049			0.790029
106000			-1751.652049			0.714844
107000			-1751.652049			0.646814
108000			-1749.754939			0.585259
109000			-1749.754939			0.529561
110000			-1747.857829			0.479165
111000			-1745.960719			0.433564
112000			-1745.960719			0.392303
113000			-1745.960719			0.354969
114000			-1745.960719			0.321187
115000			-1677.664759			0.290621
116000			-1675.767649			0.262963
117000			-1675.767649			0.237938
118000			-1673.870539			0.215294
119000			-1673.870539			0.194805
120000			-1673.870539			0.176266
121000			-1673.870539			0.159491
122000			-1673.870539			0.144313
123000			-1673.870539			0.130579
124000			-1673.870539			0.118152
125000			-1673.870539			0.106908
126000			-1673.870539			0.096734
127000			-1673.870539			0.087528
128000			-1673.870539			0.079198
129000			-1673.870539			0.071661
130000			-1673.870539			0.064841
131000			-1673.870539			0.058671
132000			-1673.870539			0.053087
133000			-1673.870539			0.048035
134000			-1673.870539			0.043464
135000			-1673.870539			0.039327
136000			-1673.870539			0.035585
137000			-1673.870539			0.032198
138000			-1673.870539			0.029134
139000			-1673.870539			0.026361
140000			-1673.870539			0.023853
141000			-1673.870539			0.021583
142000			-1673.870539			0.019529
143000			-1673.870539			0.017670
144000			-1673.870539			0.015989
145000			-1671.973429			0.014467
146000			-1671.973429			0.013090
147000			-1671.973429			0.011844
148000			-1671.973429			0.010717
149000			-1671.973429			0.009697
150000			-1671.973429			0.008774
151000			-1671.973429			0.007939
152000			-1671.973429			0.007184
153000			-1671.973429			0.006500
154000			-1671.973429			0.005882
155000			-1671.973429			0.005322
156000			-1671.973429			0.004815
157000			-1671.973429			0.004357
158000			-1671.973429			0.003942
159000			-1671.973429			0.003567
160000			-1671.973429			0.003228
161000			-1671.973429			0.002921
162000			-1671.973429			0.002643
163000			-1671.973429			0.002391
164000			-1671.973429			0.002164
165000			-1671.973429			0.001958
166000			-1671.973429			0.001771
167000			-1671.973429			0.001603
168000			-1671.973429			0.001450
169000			-1671.973429			0.001312
170000			-1671.973429			0.001187
171000			-1671.973429			0.001074
Iteration: 8
Step			Log-likelihood			Temperature
1			-27733.597611			99900.000000
1000			-26996.290250			36769.542477
2000			-25336.770561			23501.721022
3000			-25316.650017			21265.130236
4000			-25617.451917			19241.389323
5000			-24228.430139			17410.241977
6000			-23728.651625			15753.359626
7000			-22688.102786			14254.157974
8000			-26585.288865			12897.631004
9000			-21670.800287			11670.200782
10000			-21975.642756			10559.581542
11000			-24413.534744			9554.656721
12000			-23366.664244			8645.367688
13000			-24520.089597			7822.613061
14000			-22217.220791			7078.157611
15000			-25529.255349			6404.549832
16000			-20143.735188			5795.047357
17000			-21317.712056			5243.549468
18000			-22903.446874			4744.536038
19000			-23567.570221			4293.012272
20000			-23850.395037			3884.458716
21000			-25243.947024			3514.786020
22000			-20615.083466			3180.294005
23000			-24102.479052			2877.634626
24000			-20332.446331			2603.778466
25000			-22692.879344			2355.984403
26000			-26541.623082			2131.772185
27000			-25606.230524			1928.897594
28000			-19559.340230			1745.329992
29000			-23801.193351			1579.231987
30000			-19099.782228			1428.941048
31000			-17658.260022			1292.952863
32000			-22783.920048			1169.906280
33000			-17951.435390			1058.569685
34000			-22827.219365			957.828671
35000			-18284.977799			866.674888
36000			-16796.130443			784.195947
37000			-17562.469175			709.566288
38000			-17563.076150			642.038917
39000			-12833.272883			580.937931
40000			-14847.648900			525.651749
41000			-15325.101963			475.626993
42000			-15388.797368			430.362949
43000			-13323.108461			389.406552
44000			-13866.165717			352.347857
45000			-13729.424210			318.815931
46000			-13970.887968			288.475142
47000			-9948.642219			261.021797
48000			-10651.288326			236.181108
49000			-10216.219808			213.704435
50000			-10122.519592			193.366803
51000			-10473.355925			174.964643
52000			-9748.762510			158.313765
53000			-9636.478234			143.247502
54000			-9246.028364			129.615051
55000			-7443.140489			117.279962
56000			-7630.922124			106.118767
57000			-6601.506816			96.019751
58000			-6597.170128			86.881830
59000			-5543.801964			78.613537
60000			-5627.339310			71.132114
61000			-5093.031615			64.362677
62000			-4677.409100			58.237467
63000			-4506.959482			52.695176
64000			-4533.325502			47.680328
65000			-4804.612229			43.142730
66000			-4723.004247			39.036961
67000			-4157.729978			35.321926
68000			-3973.226509			31.960441
69000			-3563.418499			28.918858
70000			-3300.494292			26.166734
71000			-3308.050478			23.676522
72000			-3171.426306			21.423296
73000			-2938.597832			19.384503
74000			-2734.355021			17.539736
75000			-2630.078479			15.870530
76000			-2535.384246			14.360177
77000			-2442.425857			12.993561
78000			-2448.117187			11.757001
79000			-2417.827934			10.638121
80000			-2241.396705			9.625722
81000			-2248.985145			8.709670
82000			-2088.150090			7.880796
83000			-2088.150090			7.130803
84000			-2086.252980			6.452185
85000			-2035.031011			5.838150
86000			-1890.850652			5.282550
87000			-1841.525792			4.779825
88000			-1828.246022			4.324943
89000			-1828.246022			3.913350
90000			-1822.554693			3.540928
91000			-1824.451802			3.203948
92000			-1839.628682			2.899038
93000			-1835.834462			2.623145
94000			-1811.172033			2.373508
95000			-1809.274923			2.147628
96000			-1803.583593			1.943244
97000			-1814.966253			1.758311
98000			-1811.172033			1.590978
99000			-1811.172033			1.439569
100000			-1813.069143			1.302570
101000			-1801.686483			1.178608
102000			-1803.583593			1.066443
103000			-1797.892263			0.964953
104000			-1797.892263			0.873121
105000			-1653.711904			0.790029
106000			-1653.711904			0.714844
107000			-1653.711904			0.646814
108000			-1653.711904			0.585259
109000			-1651.814794			0.529561
110000			-1651.814794			0.479165
111000			-1648.020574			0.433564
112000			-1648.020574			0.392303
113000			-1646.123464			0.354969
114000			-1646.123464			0.321187
115000			-1646.123464			0.290621
116000			-1642.329244			0.262963
117000			-1642.329244			0.237938
118000			-1642.329244			0.215294
119000			-1642.329244			0.194805
120000			-1642.329244			0.176266
121000			-1642.329244			0.159491
122000			-1642.329244			0.144313
123000			-1642.329244			0.130579
124000			-1642.329244			0.118152
125000			-1642.329244			0.106908
126000			-1642.329244			0.096734
127000			-1642.329244			0.087528
128000			-1642.329244			0.079198
129000			-1642.329244			0.071661
130000			-1640.432134			0.064841
131000			-1640.432134			0.058671
132000			-1640.432134			0.053087
133000			-1640.432134			0.048035
134000			-1640.432134			0.043464
135000			-1640.432134			0.039327
136000			-1640.432134			0.035585
137000			-1640.432134			0.032198
138000			-1640.432134			0.029134
139000			-1640.432134			0.026361
140000			-1640.432134			0.023853
141000			-1640.432134			0.021583
142000			-1640.432134			0.019529
143000			-1640.432134			0.017670
144000			-1640.432134			0.015989
145000			-1640.432134			0.014467
146000			-1640.432134			0.013090
147000			-1640.432134			0.011844
148000			-1640.432134			0.010717
149000			-1640.432134			0.009697
150000			-1640.432134			0.008774
151000			-1640.432134			0.007939
152000			-1640.432134			0.007184
153000			-1640.432134			0.006500
154000			-1640.432134			0.005882
155000			-1640.432134			0.005322
156000			-1640.432134			0.004815
157000			-1640.432134			0.004357
158000			-1640.432134			0.003942
159000			-1640.432134			0.003567
160000			-1640.432134			0.003228
161000			-1640.432134			0.002921
162000			-1640.432134			0.002643
163000			-1640.432134			0.002391
164000			-1640.432134			0.002164
165000			-1640.432134			0.001958
166000			-1640.432134			0.001771
167000			-1640.432134			0.001603
168000			-1640.432134			0.001450
169000			-1640.432134			0.001312
170000			-1640.432134			0.001187
171000			-1640.432134			0.001074
Iteration: 9
Step			Log-likelihood			Temperature
1			-27782.664443			99900.000000
1000			-25390.921748			36769.542477
2000			-26548.340681			23501.721022
3000			-24312.031991			21265.130236
4000			-24818.490011			19241.389323
5000			-22885.701402			17410.241977
6000			-22192.784135			15753.359626
7000			-22256.769821			14254.157974
8000			-24811.397050			12897.631004
9000			-24519.676143			11670.200782
10000			-23493.125545			10559.581542
11000			-24994.238080			9554.656721
12000			-25240.255403			8645.367688
13000			-23727.818876			7822.613061
14000			-23181.811827			7078.157611
15000			-25776.357609			6404.549832
16000			-25709.727147			5795.047357
17000			-23459.977420			5243.549468
18000			-21863.241144			4744.536038
19000			-25139.482800			4293.012272
20000			-23645.598079			3884.458716
21000			-26302.871665			3514.786020
22000			-25787.353228			3180.294005
23000			-24430.931267			2877.634626
24000			-25971.921204			2603.778466
25000			-18112.088603			2355.984403
26000			-23077.083737			2131.772185
27000			-22817.798322			1928.897594
28000			-21228.826489			1745.329992
29000			-22123.499999			1579.231987
30000			-23280.681480			1428.941048
31000			-26718.312338			1292.952863
32000			-19468.193869			1169.906280
33000			-23213.273879			1058.569685
34000			-16334.487650			957.828671
35000			-18861.848823			866.674888
36000			-15091.074275			784.195947
37000			-15363.527964			709.566288
38000			-17325.614868			642.038917
39000			-15093.428771			580.937931
40000			-17320.729873			525.651749
41000			-17042.790053			475.626993
42000			-13836.844065			430.362949
43000			-14266.473441			389.406552
44000			-13423.640554			352.347857
45000			-11260.398542			318.815931
46000			-13616.107825			288.475142
47000			-10069.497272			261.021797
48000			-10917.698956			236.181108
49000			-10166.249881			213.704435
50000			-10343.959567			193.366803
51000			-11465.377341			174.964643
52000			-11940.681107			158.313765
53000			-10243.063789			143.247502
54000			-9648.183428			129.615051
55000			-7546.332095			117.279962
56000			-7090.321964			106.118767
57000			-6141.030983			96.019751
58000			-6605.403635			86.881830
59000			-5666.178765			78.613537
60000			-4717.661865			71.132114
61000			-4883.639942			64.362677
62000			-4593.607888			58.237467
63000			-5056.760751			52.695176
64000			-4837.179794			47.680328
65000			-4386.473952			43.142730
66000			-4052.840621			39.036961
67000			-3420.973983			35.321926
68000			-2945.444444			31.960441
69000			-2492.680225			28.918858
70000			-2320.785044			26.166734
71000			-2366.315684			23.676522
72000			-2224.032435			21.423296
73000			-2015.350337			19.384503
74000			-1928.083277			17.539736
75000			-1954.642817			15.870530
76000			-1897.729518			14.360177
77000			-1823.742228			12.993561
78000			-1797.182688			11.757001
79000			-1783.902919			10.638121
80000			-1755.446269			9.625722
81000			-1736.475169			8.709670
82000			-1734.578059			7.880796
83000			-1740.269389			7.130803
84000			-1742.166499			6.452185
85000			-1728.886729			5.838150
86000			-1730.783839			5.282550
87000			-1734.578059			4.779825
88000			-1726.989619			4.324943
89000			-1711.812739			3.913350
90000			-1709.915629			3.540928
91000			-1706.121409			3.203948
92000			-1711.812739			2.899038
93000			-1702.327189			2.623145
94000			-1709.915629			2.373508
95000			-1694.738749			2.147628
96000			-1696.635859			1.943244
97000			-1690.944529			1.758311
98000			-1702.327189			1.590978
99000			-1683.356089			1.439569
100000			-1683.356089			1.302570
101000			-1683.356089			1.178608
102000			-1683.356089			1.066443
103000			-1679.561869			0.964953
104000			-1677.664759			0.873121
105000			-1677.664759			0.790029
106000			-1677.664759			0.714844
107000			-1679.561869			0.646814
108000			-1679.561869			0.585259
109000			-1675.767649			0.529561
110000			-1675.767649			0.479165
111000			-1673.870539			0.433564
112000			-1673.870539			0.392303
113000			-1673.870539			0.354969
114000			-1673.870539			0.321187
115000			-1671.973429			0.290621
116000			-1671.973429			0.262963
117000			-1671.973429			0.237938
118000			-1671.973429			0.215294
119000			-1671.973429			0.194805
120000			-1671.973429			0.176266
121000			-1671.973429			0.159491
122000			-1671.973429			0.144313
123000			-1671.973429			0.130579
124000			-1671.973429			0.118152
125000			-1671.973429			0.106908
126000			-1671.973429			0.096734
127000			-1671.973429			0.087528
128000			-1671.973429			0.079198
129000			-1671.973429			0.071661
130000			-1671.973429			0.064841
131000			-1671.973429			0.058671
132000			-1671.973429			0.053087
133000			-1671.973429			0.048035
134000			-1671.973429			0.043464
135000			-1671.973429			0.039327
136000			-1671.973429			0.035585
137000			-1671.973429			0.032198
138000			-1671.973429			0.029134
139000			-1671.973429			0.026361
140000			-1671.973429			0.023853
141000			-1671.973429			0.021583
142000			-1671.973429			0.019529
143000			-1671.973429			0.017670
144000			-1671.973429			0.015989
145000			-1671.973429			0.014467
146000			-1671.973429			0.013090
147000			-1671.973429			0.011844
148000			-1671.973429			0.010717
149000			-1671.973429			0.009697
150000			-1671.973429			0.008774
151000			-1671.973429			0.007939
152000			-1671.973429			0.007184
153000			-1671.973429			0.006500
154000			-1671.973429			0.005882
155000			-1671.973429			0.005322
156000			-1671.973429			0.004815
157000			-1671.973429			0.004357
158000			-1671.973429			0.003942
159000			-1671.973429			0.003567
160000			-1671.973429			0.003228
161000			-1671.973429			0.002921
162000			-1671.973429			0.002643
163000			-1671.973429			0.002391
164000			-1671.973429			0.002164
165000			-1671.973429			0.001958
166000			-1671.973429			0.001771
167000			-1671.973429			0.001603
168000			-1671.973429			0.001450
169000			-1671.973429			0.001312
170000			-1671.973429			0.001187
171000			-1671.973429			0.001074
Iteration: 10
Step			Log-likelihood			Temperature
1			-26965.273906			99900.000000
1000			-25839.290611			36769.542477
2000			-25319.675996			23501.721022
3000			-25856.681296			21265.130236
4000			-24820.929590			19241.389323
5000			-25705.900673			17410.241977
6000			-25587.194918			15753.359626
7000			-25938.160265			14254.157974
8000			-21854.336155			12897.631004
9000			-27794.627664			11670.200782
10000			-22281.089142			10559.581542
11000			-23828.532811			9554.656721
12000			-21868.674447			8645.367688
13000			-25206.799480			7822.613061
14000			-26476.030567			7078.157611
15000			-23127.886413			6404.549832
16000			-24820.703816			5795.047357
17000			-25741.080761			5243.549468
18000			-23367.631845			4744.536038
19000			-21603.149395			4293.012272
20000			-20639.959991			3884.458716
21000			-25681.012470			3514.786020
22000			-25758.890739			3180.294005
23000			-18916.258038			2877.634626
24000			-21780.826827			2603.778466
25000			-24178.175770			2355.984403
26000			-20168.467963			2131.772185
27000			-23179.404502			1928.897594
28000			-19976.150280			1745.329992
29000			-19937.879708			1579.231987
30000			-21689.055974			1428.941048
31000			-23935.275346			1292.952863
32000			-21292.527733			1169.906280
33000			-17178.097676			1058.569685
34000			-22377.545631			957.828671
35000			-16779.845271			866.674888
36000			-21236.840062			784.195947
37000			-22016.701855			709.566288
38000			-15515.930152			642.038917
39000			-15484.336028			580.937931
40000			-16260.462268			525.651749
41000			-16107.074961			475.626993
42000			-10572.096566			430.362949
43000			-12770.571494			389.406552
44000			-12357.335729			352.347857
45000			-13434.947029			318.815931
46000			-13707.647066			288.475142
47000			-11163.839453			261.021797
48000			-10460.967572			236.181108
49000			-9992.935552			213.704435
50000			-10542.733763			193.366803
51000			-9299.739683			174.964643
52000			-9147.718696			158.313765
53000			-8670.796423			143.247502
54000			-9432.472875			129.615051
55000			-8432.367540			117.279962
56000			-7915.359609			106.118767
57000			-6918.420943			96.019751
58000			-6110.897157			86.881830
59000			-6150.542947			78.613537
60000			-4276.887281			71.132114
61000			-4695.374506			64.362677
62000			-4568.364898			58.237467
63000			-4765.121868			52.695176
64000			-4730.328821			47.680328
65000			-4156.149563			43.142730
66000			-3514.545186			39.036961
67000			-3592.133175			35.321926
68000			-3495.574086			31.960441
69000			-3474.641370			28.918858
70000			-3571.522993			26.166734
71000			-3050.688588			23.676522
72000			-3027.923268			21.423296
73000			-2900.816899			19.384503
74000			-2879.787422			17.539736
75000			-2796.314583			15.870530
76000			-2760.269493			14.360177
77000			-2762.166603			12.993561
78000			-2703.356194			11.757001
79000			-2724.288910			10.638121
80000			-2731.812844			9.625722
81000			-2682.487984			8.709670
82000			-2419.434764			7.880796
83000			-2303.711054			7.130803
84000			-2296.122615			6.452185
85000			-2250.591975			5.838150
86000			-2261.974635			5.282550
87000			-2265.768855			4.779825
88000			-2265.768855			4.324943
89000			-2214.546885			3.913350
90000			-2210.752665			3.540928
91000			-1873.067088			3.203948
92000			-1876.861308			2.899038
93000			-1818.050898			2.623145
94000			-1728.886729			2.373508
95000			-1732.680949			2.147628
96000			-1725.092509			1.943244
97000			-1696.635859			1.758311
98000			-1696.635859			1.590978
99000			-1690.944529			1.439569
100000			-1683.356089			1.302570
101000			-1687.150309			1.178608
102000			-1690.944529			1.066443
103000			-1692.841639			0.964953
104000			-1681.458979			0.873121
105000			-1679.561869			0.790029
106000			-1679.561869			0.714844
107000			-1677.664759			0.646814
108000			-1675.767649			0.585259
109000			-1673.870539			0.529561
110000			-1673.870539			0.479165
111000			-1673.870539			0.433564
112000			-1671.973429			0.392303
113000			-1671.973429			0.354969
114000			-1671.973429			0.321187
115000			-1671.973429			0.290621
116000			-1671.973429			0.262963
117000			-1671.973429			0.237938
118000			-1671.973429			0.215294
119000			-1671.973429			0.194805
120000			-1671.973429			0.176266
121000			-1671.973429			0.159491
122000			-1671.973429			0.144313
123000			-1671.973429			0.130579
124000			-1671.973429			0.118152
125000			-1671.973429			0.106908
126000			-1671.973429			0.096734
127000			-1671.973429			0.087528
128000			-1671.973429			0.079198
129000			-1671.973429			0.071661
130000			-1671.973429			0.064841
131000			-1671.973429			0.058671
132000			-1671.973429			0.053087
133000			-1671.973429			0.048035
134000			-1671.973429			0.043464
135000			-1671.973429			0.039327
136000			-1671.973429			0.035585
137000			-1671.973429			0.032198
138000			-1671.973429			0.029134
139000			-1671.973429			0.026361
140000			-1671.973429			0.023853
141000			-1671.973429			0.021583
142000			-1671.973429			0.019529
143000			-1671.973429			0.017670
144000			-1671.973429			0.015989
145000			-1671.973429			0.014467
146000			-1671.973429			0.013090
147000			-1671.973429			0.011844
148000			-1671.973429			0.010717
149000			-1671.973429			0.009697
150000			-1671.973429			0.008774
151000			-1671.973429			0.007939
152000			-1671.973429			0.007184
153000			-1671.973429			0.006500
154000			-1671.973429			0.005882
155000			-1671.973429			0.005322
156000			-1671.973429			0.004815
157000			-1671.973429			0.004357
158000			-1671.973429			0.003942
159000			-1671.973429			0.003567
160000			-1671.973429			0.003228
161000			-1671.973429			0.002921
162000			-1671.973429			0.002643
163000			-1671.973429			0.002391
164000			-1671.973429			0.002164
165000			-1671.973429			0.001958
166000			-1671.973429			0.001771
167000			-1671.973429			0.001603
168000			-1671.973429			0.001450
169000			-1671.973429			0.001312
170000			-1671.973429			0.001187
171000			-1671.973429			0.001074

Maximum likelihood Tree found: -1640.432134
digraph g {
	"49" -> "50";
	"50" [label="49"];
	"48" -> "49";
	"49" [label="43"];
	"47" -> "48";
	"48" [label="16"];
	"45" -> "46";
	"46" [label="13"];
	"44" -> "45";
	"45" [label="29"];
	"43" -> "44";
	"44" [label="12"];
	"42" -> "43";
	"43" [label="25"];
	"41" -> "42";
	"42" [label="38"];
	"40" -> "41";
	"41" [label="36"];
	"39" -> "40";
	"40" [label="22"];
	"38" -> "39";
	"39" [label="37"];
	"37" -> "38";
	"38" [label="21"];
	"35" -> "36";
	"36" [label="5"];
	"34" -> "35";
	"35" [label="34"];
	"33" -> "34";
	"34" [label="40"];
	"32" -> "33";
	"33" [label="23"];
	"31" -> "32";
	"32" [label="2"];
	"30" -> "31";
	"31" [label="24"];
	"28" -> "29";
	"29" [label="1"];
	"27" -> "28";
	"28" [label="39"];
	"26" -> "27";
	"27" [label="4"];
	"25" -> "26";
	"26" [label="46"];
	"24" -> "25";
	"25" [label="14"];
	"23" -> "24";
	"24" [label="47"];
	"22" -> "23";
	"23" [label="17"];
	"21" -> "22";
	"22" [label="8"];
	"20" -> "21";
	"21" [label="20"];
	"19" -> "20";
	"20" [label="30"];
	"18" -> "19";
	"19" [label="3"];
	"17" -> "18";
	"18" [label="19"];
	"16" -> "17";
	"17" [label="42"];
	"15" -> "16";
	"16" [label="45"];
	"14" -> "15";
	"15" [label="35"];
	"13" -> "14";
	"14" [label="7"];
	"13" -> "30";
	"30" [label="27"];
	"12" -> "13";
	"13" [label="28"];
	"11" -> "12";
	"12" [label="26"];
	"10" -> "11";
	"11" [label="6"];
	"9" -> "10";
	"10" [label="32"];
	"8" -> "9";
	"9" [label="48"];
	"7" -> "8";
	"8" [label="10"];
	"6" -> "7";
	"7" [label="15"];
	"6" -> "37";
	"37" [label="41"];
	"5" -> "6";
	"6" [label="11"];
	"4" -> "5";
	"5" [label="33"];
	"4" -> "47";
	"47" [label="9"];
	"3" -> "4";
	"4" [label="50"];
	"2" -> "3";
	"3" [label="44"];
	"1" -> "2";
	"2" [label="18"];
	"0" -> "1";
	"1" [label="31"];
	"0" [label="germline"];
	labelloc="t";
	label="Confidence score: -1640.432134";
}
Best cell assignment:
50 28 12 29 45 4 3 20 36 35 49 12 36 28 27 46 11 36 36 29 11 19 36 22 22 43 20 36 36 29 19 36 29 29 36 28 50 29 46 22 43 46 12 36 20 4 49 36 49 3 46 11 43 36 43 20 12 43 12 29 50 46 49 4 20 45 43 11 11 44 36 36 33 22 50 11 29 4 36 20 50 22 46 22 46 28 20 28 22 45 20 48 27 36 27 42 22 4 35 50 36 22 29 3 12 3 22 29 3 29 4 46 50 20 46 46 12 11 19 20 29 34 10 4 11 50 12 4 50 28 22 12 20 10 50 19 28 20 46 22 42 12 22 36 20 29 21 4 50 45 21 20 29 26 12 40 36 4 29 15 17 50 20 36 22 3 50 29 22 50 8 4 29 21 12 45 4 20 29 29 20 20 45 46 22 4 4 43 22 20 49 50 4 42 17 46 42 43 25 21 42 18 35 12 20 49 50 42 22 43 9 20 4 43 50 46 46 4 36 12 29 22 4 22 20 50 49 43 4 22 50 4 4 29 21 50 36 28 10 1 29 12 2 28 46 22 12 43 4 12 
alpha: 0.150000
beta: 0.000010
gamma: 1.000000
delta: 1.000000
