Starting SASC.
Iteration: 1
Step			Log-likelihood			Temperature
1			-27416.217286			99900.000000
1000			-21165.025513			36769.542477
2000			-25566.622914			23501.721022
3000			-20126.754986			21265.130236
4000			-23698.277376			19241.389323
5000			-25349.713147			17410.241977
6000			-24872.415512			15753.359626
7000			-22735.970491			14254.157974
8000			-24616.408263			12897.631004
9000			-25280.036131			11670.200782
10000			-22613.153821			10559.581542
11000			-25274.957616			9554.656721
12000			-22964.520945			8645.367688
13000			-21051.295674			7822.613061
14000			-25646.404132			7078.157611
15000			-24267.791573			6404.549832
16000			-19857.600039			5795.047357
17000			-19211.644238			5243.549468
18000			-22001.627660			4744.536038
19000			-19467.387621			4293.012272
20000			-25102.830822			3884.458716
21000			-19870.478032			3514.786020
22000			-22714.301786			3180.294005
23000			-22208.655939			2877.634626
24000			-23264.146987			2603.778466
25000			-23888.982390			2355.984403
26000			-23077.766983			2131.772185
27000			-22120.201344			1928.897594
28000			-23722.972059			1745.329992
29000			-19161.114326			1579.231987
30000			-19111.607624			1428.941048
31000			-20266.387619			1292.952863
32000			-14977.669837			1169.906280
33000			-24190.370690			1058.569685
34000			-17326.611751			957.828671
35000			-21666.733390			866.674888
36000			-16402.692774			784.195947
37000			-19239.300393			709.566288
38000			-14378.224232			642.038917
39000			-19394.104067			580.937931
40000			-14261.028546			525.651749
41000			-15299.864898			475.626993
42000			-16560.534104			430.362949
43000			-13884.708712			389.406552
44000			-13647.144831			352.347857
45000			-12488.113230			318.815931
46000			-12122.434228			288.475142
47000			-12467.277273			261.021797
48000			-11285.324924			236.181108
49000			-11815.316506			213.704435
50000			-10369.381428			193.366803
51000			-9153.301674			174.964643
52000			-9851.153707			158.313765
53000			-11041.559498			143.247502
54000			-9963.136025			129.615051
55000			-9055.883422			117.279962
56000			-7698.435192			106.118767
57000			-8105.695186			96.019751
58000			-6240.434294			86.881830
59000			-6143.810698			78.613537
60000			-6269.949466			71.132114
61000			-6109.211171			64.362677
62000			-5372.073975			58.237467
63000			-5209.341810			52.695176
64000			-4552.334780			47.680328
65000			-4107.546042			43.142730
66000			-3989.280155			39.036961
67000			-3365.233569			35.321926
68000			-3027.451232			31.960441
69000			-2887.161853			28.918858
70000			-2536.938333			26.166734
71000			-2546.875431			23.676522
72000			-2442.534381			21.423296
73000			-2330.604892			19.384503
74000			-2110.540134			17.539736
75000			-1996.713535			15.870530
76000			-1909.510982			14.360177
77000			-2010.025558			12.993561
78000			-1983.433765			11.757001
79000			-1765.266117			10.638121
80000			-1801.311207			9.625722
81000			-1752.050854			8.709670
82000			-1769.221604			7.880796
83000			-1754.044724			7.130803
84000			-1774.912934			6.452185
85000			-1744.559174			5.838150
86000			-1755.941834			5.282550
87000			-1778.707154			4.779825
88000			-1767.389000			4.324943
89000			-1759.800560			3.913350
90000			-1723.594204			3.540928
91000			-1738.738830			3.203948
92000			-1689.413971			2.899038
93000			-1685.619751			2.623145
94000			-1679.928421			2.373508
95000			-1676.134201			2.147628
96000			-1500.219026			1.943244
97000			-1505.910356			1.758311
98000			-1505.910356			1.590978
99000			-1500.219026			1.439569
100000			-1496.424806			1.302570
101000			-1494.527696			1.178608
102000			-1492.630586			1.066443
103000			-1475.556596			0.964953
104000			-1475.556596			0.873121
105000			-1473.659487			0.790029
106000			-1473.659487			0.714844
107000			-1473.659487			0.646814
108000			-1471.762377			0.585259
109000			-1473.659487			0.529561
110000			-1473.659487			0.479165
111000			-1471.762377			0.433564
112000			-1471.762377			0.392303
113000			-1469.865267			0.354969
114000			-1469.865267			0.321187
115000			-1469.865267			0.290621
116000			-1469.865267			0.262963
117000			-1469.865267			0.237938
118000			-1469.865267			0.215294
119000			-1469.865267			0.194805
120000			-1469.865267			0.176266
121000			-1469.865267			0.159491
122000			-1469.865267			0.144313
123000			-1469.865267			0.130579
124000			-1469.865267			0.118152
125000			-1469.865267			0.106908
126000			-1469.865267			0.096734
127000			-1469.865267			0.087528
128000			-1469.865267			0.079198
129000			-1469.865267			0.071661
130000			-1469.865267			0.064841
131000			-1469.865267			0.058671
132000			-1469.865267			0.053087
133000			-1469.865267			0.048035
134000			-1469.865267			0.043464
135000			-1469.865267			0.039327
136000			-1469.865267			0.035585
137000			-1469.865267			0.032198
138000			-1469.865267			0.029134
139000			-1469.865267			0.026361
140000			-1469.865267			0.023853
141000			-1469.865267			0.021583
142000			-1469.865267			0.019529
143000			-1469.865267			0.017670
144000			-1469.865267			0.015989
145000			-1469.865267			0.014467
146000			-1469.865267			0.013090
147000			-1469.865267			0.011844
148000			-1469.865267			0.010717
149000			-1469.865267			0.009697
150000			-1469.865267			0.008774
151000			-1469.865267			0.007939
152000			-1469.865267			0.007184
153000			-1469.865267			0.006500
154000			-1469.865267			0.005882
155000			-1469.865267			0.005322
156000			-1469.865267			0.004815
157000			-1469.865267			0.004357
158000			-1469.865267			0.003942
159000			-1469.865267			0.003567
160000			-1469.865267			0.003228
161000			-1469.865267			0.002921
162000			-1469.865267			0.002643
163000			-1469.865267			0.002391
164000			-1469.865267			0.002164
165000			-1469.865267			0.001958
166000			-1469.865267			0.001771
167000			-1469.865267			0.001603
168000			-1469.865267			0.001450
169000			-1469.865267			0.001312
170000			-1469.865267			0.001187
171000			-1469.865267			0.001074
Iteration: 2
Step			Log-likelihood			Temperature
1			-27295.157034			99900.000000
1000			-22628.873169			36769.542477
2000			-25577.773961			23501.721022
3000			-26926.161774			21265.130236
4000			-26696.391531			19241.389323
5000			-24402.292862			17410.241977
6000			-25255.444047			15753.359626
7000			-22839.704565			14254.157974
8000			-23256.080585			12897.631004
9000			-24853.708278			11670.200782
10000			-24504.827722			10559.581542
11000			-20905.458715			9554.656721
12000			-21968.975014			8645.367688
13000			-23172.874670			7822.613061
14000			-23453.007720			7078.157611
15000			-21654.092849			6404.549832
16000			-23093.911464			5795.047357
17000			-24694.931600			5243.549468
18000			-20034.063521			4744.536038
19000			-23684.680911			4293.012272
20000			-24825.348388			3884.458716
21000			-24865.736005			3514.786020
22000			-17830.800357			3180.294005
23000			-20870.225799			2877.634626
24000			-22797.619198			2603.778466
25000			-23836.417457			2355.984403
26000			-22504.270885			2131.772185
27000			-22086.660340			1928.897594
28000			-22607.348214			1745.329992
29000			-18125.330366			1579.231987
30000			-21634.799215			1428.941048
31000			-20433.160353			1292.952863
32000			-20380.318958			1169.906280
33000			-21310.581089			1058.569685
34000			-16950.617509			957.828671
35000			-20371.620085			866.674888
36000			-18920.838103			784.195947
37000			-19153.575656			709.566288
38000			-16148.480036			642.038917
39000			-13560.851212			580.937931
40000			-14275.882892			525.651749
41000			-15852.181931			475.626993
42000			-12903.462981			430.362949
43000			-15350.957854			389.406552
44000			-12913.356147			352.347857
45000			-13883.245632			318.815931
46000			-12457.263991			288.475142
47000			-11886.793871			261.021797
48000			-13144.862232			236.181108
49000			-11015.193479			213.704435
50000			-12150.588919			193.366803
51000			-9951.920471			174.964643
52000			-9447.875615			158.313765
53000			-6122.877981			143.247502
54000			-7318.464888			129.615051
55000			-6639.724646			117.279962
56000			-7023.896786			106.118767
57000			-7625.790866			96.019751
58000			-6131.175996			86.881830
59000			-5552.363930			78.613537
60000			-5290.879447			71.132114
61000			-5245.381061			64.362677
62000			-5731.648192			58.237467
63000			-4510.155916			52.695176
64000			-4504.385137			47.680328
65000			-3291.401708			43.142730
66000			-2958.542458			39.036961
67000			-2523.432790			35.321926
68000			-2587.450729			31.960441
69000			-2608.447952			28.918858
70000			-2763.849704			26.166734
71000			-2241.440723			23.676522
72000			-2226.263843			21.423296
73000			-2097.260364			19.384503
74000			-1827.903000			17.539736
75000			-1898.096069			15.870530
76000			-1873.433639			14.360177
77000			-1625.428285			12.993561
78000			-1695.621355			11.757001
79000			-1680.444475			10.638121
80000			-1627.325395			9.625722
81000			-1633.016725			8.709670
82000			-1627.325395			7.880796
83000			-1625.428285			7.130803
84000			-1606.457185			6.452185
85000			-1583.691866			5.838150
86000			-1524.881456			5.282550
87000			-1540.058336			4.779825
88000			-1522.984346			4.324943
89000			-1526.778566			3.913350
90000			-1534.367006			3.540928
91000			-1526.778566			3.203948
92000			-1511.601686			2.899038
93000			-1513.498796			2.623145
94000			-1496.424806			2.373508
95000			-1500.219026			2.147628
96000			-1502.116136			1.943244
97000			-1486.939256			1.758311
98000			-1492.630586			1.590978
99000			-1485.042146			1.439569
100000			-1481.247926			1.302570
101000			-1481.247926			1.178608
102000			-1481.247926			1.066443
103000			-1481.247926			0.964953
104000			-1483.145036			0.873121
105000			-1483.145036			0.790029
106000			-1481.247926			0.714844
107000			-1479.350816			0.646814
108000			-1479.350816			0.585259
109000			-1479.350816			0.529561
110000			-1475.556596			0.479165
111000			-1473.659487			0.433564
112000			-1473.659487			0.392303
113000			-1473.659487			0.354969
114000			-1469.865267			0.321187
115000			-1471.762377			0.290621
116000			-1471.762377			0.262963
117000			-1471.762377			0.237938
118000			-1471.762377			0.215294
119000			-1469.865267			0.194805
120000			-1469.865267			0.176266
121000			-1469.865267			0.159491
122000			-1469.865267			0.144313
123000			-1469.865267			0.130579
124000			-1469.865267			0.118152
125000			-1469.865267			0.106908
126000			-1469.865267			0.096734
127000			-1469.865267			0.087528
128000			-1469.865267			0.079198
129000			-1469.865267			0.071661
130000			-1469.865267			0.064841
131000			-1469.865267			0.058671
132000			-1469.865267			0.053087
133000			-1469.865267			0.048035
134000			-1467.968157			0.043464
135000			-1467.968157			0.039327
136000			-1467.968157			0.035585
137000			-1467.968157			0.032198
138000			-1467.968157			0.029134
139000			-1467.968157			0.026361
140000			-1467.968157			0.023853
141000			-1467.968157			0.021583
142000			-1467.968157			0.019529
143000			-1467.968157			0.017670
144000			-1467.968157			0.015989
145000			-1467.968157			0.014467
146000			-1467.968157			0.013090
147000			-1467.968157			0.011844
148000			-1467.968157			0.010717
149000			-1467.968157			0.009697
150000			-1467.968157			0.008774
151000			-1467.968157			0.007939
152000			-1467.968157			0.007184
153000			-1467.968157			0.006500
154000			-1467.968157			0.005882
155000			-1467.968157			0.005322
156000			-1467.968157			0.004815
157000			-1467.968157			0.004357
158000			-1467.968157			0.003942
159000			-1467.968157			0.003567
160000			-1467.968157			0.003228
161000			-1467.968157			0.002921
162000			-1467.968157			0.002643
163000			-1467.968157			0.002391
164000			-1467.968157			0.002164
165000			-1467.968157			0.001958
166000			-1467.968157			0.001771
167000			-1467.968157			0.001603
168000			-1467.968157			0.001450
169000			-1467.968157			0.001312
170000			-1467.968157			0.001187
171000			-1467.968157			0.001074
Iteration: 3
Step			Log-likelihood			Temperature
1			-27942.162460			99900.000000
1000			-23298.165953			36769.542477
2000			-21695.113855			23501.721022
3000			-24227.189860			21265.130236
4000			-21591.966181			19241.389323
5000			-22447.847225			17410.241977
6000			-25336.439216			15753.359626
7000			-24454.960394			14254.157974
8000			-22713.823825			12897.631004
9000			-25866.694664			11670.200782
10000			-23442.701099			10559.581542
11000			-24797.859340			9554.656721
12000			-23141.570827			8645.367688
13000			-22532.302402			7822.613061
14000			-23475.468023			7078.157611
15000			-22560.964250			6404.549832
16000			-21002.583629			5795.047357
17000			-21106.543476			5243.549468
18000			-21607.486170			4744.536038
19000			-25496.429844			4293.012272
20000			-24933.908790			3884.458716
21000			-25858.423064			3514.786020
22000			-22617.555016			3180.294005
23000			-19056.095956			2877.634626
24000			-20225.969889			2603.778466
25000			-24356.181661			2355.984403
26000			-24490.662375			2131.772185
27000			-21440.719275			1928.897594
28000			-22665.610316			1745.329992
29000			-19410.931708			1579.231987
30000			-17785.345902			1428.941048
31000			-20217.256280			1292.952863
32000			-18850.988143			1169.906280
33000			-17989.143005			1058.569685
34000			-16345.231167			957.828671
35000			-20225.161414			866.674888
36000			-20292.932423			784.195947
37000			-16569.702960			709.566288
38000			-15448.721996			642.038917
39000			-16619.420699			580.937931
40000			-16446.701666			525.651749
41000			-16831.917592			475.626993
42000			-14267.661063			430.362949
43000			-14760.950810			389.406552
44000			-13605.558000			352.347857
45000			-13773.374520			318.815931
46000			-10763.200384			288.475142
47000			-11170.105591			261.021797
48000			-11344.542949			236.181108
49000			-10066.289538			213.704435
50000			-12020.242477			193.366803
51000			-10518.833822			174.964643
52000			-9644.697091			158.313765
53000			-9323.548875			143.247502
54000			-8718.628817			129.615051
55000			-9041.383863			117.279962
56000			-6606.963561			106.118767
57000			-6956.885122			96.019751
58000			-5720.787425			86.881830
59000			-5088.765359			78.613537
60000			-4844.457464			71.132114
61000			-4948.056686			64.362677
62000			-4440.437544			58.237467
63000			-4389.828389			52.695176
64000			-4000.023587			47.680328
65000			-4007.547520			43.142730
66000			-3651.568163			39.036961
67000			-3570.798768			35.321926
68000			-2839.578676			31.960441
69000			-2607.679710			28.918858
70000			-2674.078560			26.166734
71000			-2787.872905			23.676522
72000			-2790.221563			21.423296
73000			-2281.828340			19.384503
74000			-2289.416780			17.539736
75000			-2245.783250			15.870530
76000			-2188.869951			14.360177
77000			-2234.400590			12.993561
78000			-2076.940462			11.757001
79000			-2086.426012			10.638121
80000			-2086.426012			9.625722
81000			-2099.705781			8.709670
82000			-1990.796431			7.880796
83000			-1880.764052			7.130803
84000			-1795.394103			6.452185
85000			-1766.937453			5.838150
86000			-1778.320113			5.282550
87000			-1782.114333			4.779825
88000			-1772.628783			4.324943
89000			-1746.069243			3.913350
90000			-1751.760573			3.540928
91000			-1738.480803			3.203948
92000			-1481.141454			2.899038
93000			-1458.376134			2.623145
94000			-1462.170354			2.373508
95000			-1414.742605			2.147628
96000			-1403.359945			1.943244
97000			-1405.257055			1.758311
98000			-1397.668615			1.590978
99000			-1393.874395			1.439569
100000			-1390.080175			1.302570
101000			-1391.977285			1.178608
102000			-1390.080175			1.066443
103000			-1390.080175			0.964953
104000			-1384.388845			0.873121
105000			-1388.183065			0.790029
106000			-1388.183065			0.714844
107000			-1388.183065			0.646814
108000			-1390.080175			0.585259
109000			-1384.388845			0.529561
110000			-1384.388845			0.479165
111000			-1384.388845			0.433564
112000			-1384.388845			0.392303
113000			-1384.388845			0.354969
114000			-1384.388845			0.321187
115000			-1382.491735			0.290621
116000			-1380.594625			0.262963
117000			-1380.594625			0.237938
118000			-1380.594625			0.215294
119000			-1380.594625			0.194805
120000			-1380.594625			0.176266
121000			-1380.594625			0.159491
122000			-1380.594625			0.144313
123000			-1380.594625			0.130579
124000			-1380.594625			0.118152
125000			-1380.594625			0.106908
126000			-1380.594625			0.096734
127000			-1380.594625			0.087528
128000			-1380.594625			0.079198
129000			-1380.594625			0.071661
130000			-1380.594625			0.064841
131000			-1380.594625			0.058671
132000			-1380.594625			0.053087
133000			-1380.594625			0.048035
134000			-1380.594625			0.043464
135000			-1380.594625			0.039327
136000			-1380.594625			0.035585
137000			-1380.594625			0.032198
138000			-1380.594625			0.029134
139000			-1380.594625			0.026361
140000			-1380.594625			0.023853
141000			-1380.594625			0.021583
142000			-1380.594625			0.019529
143000			-1380.594625			0.017670
144000			-1380.594625			0.015989
145000			-1380.594625			0.014467
146000			-1380.594625			0.013090
147000			-1380.594625			0.011844
148000			-1380.594625			0.010717
149000			-1380.594625			0.009697
150000			-1380.594625			0.008774
151000			-1380.594625			0.007939
152000			-1380.594625			0.007184
153000			-1380.594625			0.006500
154000			-1378.697515			0.005882
155000			-1378.697515			0.005322
156000			-1378.697515			0.004815
157000			-1378.697515			0.004357
158000			-1378.697515			0.003942
159000			-1378.697515			0.003567
160000			-1378.697515			0.003228
161000			-1378.697515			0.002921
162000			-1378.697515			0.002643
163000			-1378.697515			0.002391
164000			-1378.697515			0.002164
165000			-1378.697515			0.001958
166000			-1378.697515			0.001771
167000			-1378.697515			0.001603
168000			-1378.697515			0.001450
169000			-1378.697515			0.001312
170000			-1378.697515			0.001187
171000			-1378.697515			0.001074
Iteration: 4
Step			Log-likelihood			Temperature
1			-26638.859578			99900.000000
1000			-24571.689797			36769.542477
2000			-25950.343506			23501.721022
3000			-23657.320876			21265.130236
4000			-25508.554332			19241.389323
5000			-23823.815008			17410.241977
6000			-26212.311790			15753.359626
7000			-22563.957975			14254.157974
8000			-23451.723424			12897.631004
9000			-24141.884418			11670.200782
10000			-24977.299029			10559.581542
11000			-23598.736240			9554.656721
12000			-25209.579196			8645.367688
13000			-26164.916294			7822.613061
14000			-23730.103113			7078.157611
15000			-23652.494548			6404.549832
16000			-21229.565345			5795.047357
17000			-21203.445674			5243.549468
18000			-26249.125122			4744.536038
19000			-24671.656065			4293.012272
20000			-23860.628339			3884.458716
21000			-25970.346714			3514.786020
22000			-23421.563184			3180.294005
23000			-23536.674079			2877.634626
24000			-19907.646151			2603.778466
25000			-21832.001893			2355.984403
26000			-20759.624537			2131.772185
27000			-22263.742475			1928.897594
28000			-20042.044840			1745.329992
29000			-15371.644222			1579.231987
30000			-20063.481933			1428.941048
31000			-18211.796930			1292.952863
32000			-22851.204561			1169.906280
33000			-23512.785730			1058.569685
34000			-21286.686901			957.828671
35000			-23599.079349			866.674888
36000			-16110.312063			784.195947
37000			-17305.597011			709.566288
38000			-16093.909555			642.038917
39000			-14838.207368			580.937931
40000			-14258.421862			525.651749
41000			-16586.841456			475.626993
42000			-13176.268675			430.362949
43000			-14309.060213			389.406552
44000			-13182.261964			352.347857
45000			-11982.182942			318.815931
46000			-13926.099242			288.475142
47000			-14023.218316			261.021797
48000			-10429.288452			236.181108
49000			-12003.690380			213.704435
50000			-12242.268852			193.366803
51000			-11834.545633			174.964643
52000			-12115.054044			158.313765
53000			-8444.949500			143.247502
54000			-9121.185657			129.615051
55000			-9267.365725			117.279962
56000			-8885.595071			106.118767
57000			-7165.373701			96.019751
58000			-5896.670346			86.881830
59000			-4599.181969			78.613537
60000			-4545.740356			71.132114
61000			-5294.705920			64.362677
62000			-4571.880602			58.237467
63000			-4034.423754			52.695176
64000			-3284.619602			47.680328
65000			-3301.693592			43.142730
66000			-3013.687661			39.036961
67000			-3019.378991			35.321926
68000			-2699.605992			31.960441
69000			-2599.833243			28.918858
70000			-2360.797385			26.166734
71000			-2440.411498			23.676522
72000			-2267.838996			21.423296
73000			-2188.160377			19.384503
74000			-2053.465568			17.539736
75000			-1880.828559			15.870530
76000			-1890.314109			14.360177
77000			-1795.458610			12.993561
78000			-1774.590400			11.757001
79000			-1730.956870			10.638121
80000			-1729.059760			9.625722
81000			-1776.487510			8.709670
82000			-1757.516410			7.880796
83000			-1696.808890			7.130803
84000			-1675.940681			6.452185
85000			-1668.352241			5.838150
86000			-1696.808890			5.282550
87000			-1683.529121			4.779825
88000			-1685.426231			4.324943
89000			-1677.837791			3.913350
90000			-1664.558021			3.540928
91000			-1412.845495			3.203948
92000			-1412.845495			2.899038
93000			-1410.948385			2.623145
94000			-1424.228155			2.373508
95000			-1397.668615			2.147628
96000			-1388.183065			1.943244
97000			-1378.697515			1.758311
98000			-1317.989996			1.590978
99000			-1308.504446			1.439569
100000			-1304.710226			1.302570
101000			-1302.813116			1.178608
102000			-1306.607336			1.066443
103000			-1308.504446			0.964953
104000			-1306.607336			0.873121
105000			-1302.813116			0.790029
106000			-1302.813116			0.714844
107000			-1302.813116			0.646814
108000			-1302.813116			0.585259
109000			-1302.813116			0.529561
110000			-1302.813116			0.479165
111000			-1300.916006			0.433564
112000			-1297.121786			0.392303
113000			-1297.121786			0.354969
114000			-1297.121786			0.321187
115000			-1297.121786			0.290621
116000			-1297.121786			0.262963
117000			-1297.121786			0.237938
118000			-1297.121786			0.215294
119000			-1297.121786			0.194805
120000			-1297.121786			0.176266
121000			-1297.121786			0.159491
122000			-1297.121786			0.144313
123000			-1297.121786			0.130579
124000			-1297.121786			0.118152
125000			-1297.121786			0.106908
126000			-1297.121786			0.096734
127000			-1297.121786			0.087528
128000			-1297.121786			0.079198
129000			-1297.121786			0.071661
130000			-1297.121786			0.064841
131000			-1297.121786			0.058671
132000			-1297.121786			0.053087
133000			-1297.121786			0.048035
134000			-1297.121786			0.043464
135000			-1297.121786			0.039327
136000			-1297.121786			0.035585
137000			-1297.121786			0.032198
138000			-1297.121786			0.029134
139000			-1297.121786			0.026361
140000			-1297.121786			0.023853
141000			-1297.121786			0.021583
142000			-1297.121786			0.019529
143000			-1297.121786			0.017670
144000			-1297.121786			0.015989
145000			-1297.121786			0.014467
146000			-1297.121786			0.013090
147000			-1297.121786			0.011844
148000			-1297.121786			0.010717
149000			-1297.121786			0.009697
150000			-1295.224676			0.008774
151000			-1295.224676			0.007939
152000			-1295.224676			0.007184
153000			-1295.224676			0.006500
154000			-1295.224676			0.005882
155000			-1295.224676			0.005322
156000			-1295.224676			0.004815
157000			-1295.224676			0.004357
158000			-1295.224676			0.003942
159000			-1295.224676			0.003567
160000			-1295.224676			0.003228
161000			-1295.224676			0.002921
162000			-1295.224676			0.002643
163000			-1295.224676			0.002391
164000			-1295.224676			0.002164
165000			-1295.224676			0.001958
166000			-1295.224676			0.001771
167000			-1295.224676			0.001603
168000			-1295.224676			0.001450
169000			-1295.224676			0.001312
170000			-1295.224676			0.001187
171000			-1295.224676			0.001074
Iteration: 5
Step			Log-likelihood			Temperature
1			-27107.859199			99900.000000
1000			-24080.854365			36769.542477
2000			-21947.388333			23501.721022
3000			-19960.944014			21265.130236
4000			-21185.017043			19241.389323
5000			-23479.787194			17410.241977
6000			-23393.546404			15753.359626
7000			-21938.143292			14254.157974
8000			-22923.365086			12897.631004
9000			-24854.966159			11670.200782
10000			-26810.921865			10559.581542
11000			-20224.665936			9554.656721
12000			-25294.122236			8645.367688
13000			-25269.492059			7822.613061
14000			-25472.204225			7078.157611
15000			-24082.332181			6404.549832
16000			-21801.991243			5795.047357
17000			-26322.913052			5243.549468
18000			-23516.837977			4744.536038
19000			-21079.022174			4293.012272
20000			-23219.648455			3884.458716
21000			-24796.563366			3514.786020
22000			-24591.783925			3180.294005
23000			-22818.223541			2877.634626
24000			-26206.922419			2603.778466
25000			-22915.776646			2355.984403
26000			-20479.444498			2131.772185
27000			-21416.212273			1928.897594
28000			-19699.899400			1745.329992
29000			-23717.840715			1579.231987
30000			-21201.967858			1428.941048
31000			-21028.427755			1292.952863
32000			-21761.210746			1169.906280
33000			-20929.273660			1058.569685
34000			-20848.794545			957.828671
35000			-15959.683810			866.674888
36000			-19516.627398			784.195947
37000			-17352.514545			709.566288
38000			-19058.746571			642.038917
39000			-14946.530318			580.937931
40000			-15361.334820			525.651749
41000			-12526.313456			475.626993
42000			-15749.996018			430.362949
43000			-13077.410700			389.406552
44000			-13698.258363			352.347857
45000			-14477.395845			318.815931
46000			-13040.934638			288.475142
47000			-11291.080761			261.021797
48000			-13164.226212			236.181108
49000			-14269.643255			213.704435
50000			-11611.208548			193.366803
51000			-10944.677875			174.964643
52000			-8438.786048			158.313765
53000			-9952.125669			143.247502
54000			-10630.813082			129.615051
55000			-10085.594850			117.279962
56000			-9723.161761			106.118767
57000			-7348.991592			96.019751
58000			-6238.446263			86.881830
59000			-6856.537653			78.613537
60000			-5553.267024			71.132114
61000			-4751.117874			64.362677
62000			-4643.369645			58.237467
63000			-4021.504610			52.695176
64000			-4035.235928			47.680328
65000			-3677.359461			43.142730
66000			-3604.753228			39.036961
67000			-3592.435220			35.321926
68000			-3035.684739			31.960441
69000			-2811.051680			28.918858
70000			-2822.337580			26.166734
71000			-2350.699021			23.676522
72000			-2699.315711			21.423296
73000			-2385.072775			19.384503
74000			-2096.712057			17.539736
75000			-1881.431661			15.870530
76000			-1830.209691			14.360177
77000			-1788.473272			12.993561
78000			-1786.576162			11.757001
79000			-1699.309102			10.638121
80000			-1648.087133			9.625722
81000			-1638.601583			8.709670
82000			-1653.778463			7.880796
83000			-1644.292913			7.130803
84000			-1646.190023			6.452185
85000			-1642.395803			5.838150
86000			-1606.350713			5.282550
87000			-1596.865163			4.779825
88000			-1570.305623			4.324943
89000			-1574.099843			3.913350
90000			-1568.408514			3.540928
91000			-1560.820074			3.203948
92000			-1568.408514			2.899038
93000			-1558.922964			2.623145
94000			-1547.540304			2.373508
95000			-1555.128744			2.147628
96000			-1545.643194			1.943244
97000			-1555.128744			1.758311
98000			-1515.289434			1.590978
99000			-1429.919485			1.439569
100000			-1426.125265			1.302570
101000			-1420.433935			1.178608
102000			-1418.536825			1.066443
103000			-1416.639715			0.964953
104000			-1412.845495			0.873121
105000			-1412.845495			0.790029
106000			-1407.154165			0.714844
107000			-1390.080175			0.646814
108000			-1390.080175			0.585259
109000			-1390.080175			0.529561
110000			-1390.080175			0.479165
111000			-1384.388845			0.433564
112000			-1384.388845			0.392303
113000			-1384.388845			0.354969
114000			-1380.594625			0.321187
115000			-1380.594625			0.290621
116000			-1380.594625			0.262963
117000			-1380.594625			0.237938
118000			-1380.594625			0.215294
119000			-1380.594625			0.194805
120000			-1380.594625			0.176266
121000			-1380.594625			0.159491
122000			-1380.594625			0.144313
123000			-1380.594625			0.130579
124000			-1380.594625			0.118152
125000			-1380.594625			0.106908
126000			-1380.594625			0.096734
127000			-1380.594625			0.087528
128000			-1380.594625			0.079198
129000			-1380.594625			0.071661
130000			-1380.594625			0.064841
131000			-1380.594625			0.058671
132000			-1380.594625			0.053087
133000			-1380.594625			0.048035
134000			-1380.594625			0.043464
135000			-1380.594625			0.039327
136000			-1380.594625			0.035585
137000			-1380.594625			0.032198
138000			-1380.594625			0.029134
139000			-1380.594625			0.026361
140000			-1380.594625			0.023853
141000			-1380.594625			0.021583
142000			-1380.594625			0.019529
143000			-1380.594625			0.017670
144000			-1380.594625			0.015989
145000			-1380.594625			0.014467
146000			-1380.594625			0.013090
147000			-1380.594625			0.011844
148000			-1380.594625			0.010717
149000			-1380.594625			0.009697
150000			-1380.594625			0.008774
151000			-1380.594625			0.007939
152000			-1380.594625			0.007184
153000			-1380.594625			0.006500
154000			-1380.594625			0.005882
155000			-1380.594625			0.005322
156000			-1380.594625			0.004815
157000			-1380.594625			0.004357
158000			-1380.594625			0.003942
159000			-1380.594625			0.003567
160000			-1380.594625			0.003228
161000			-1380.594625			0.002921
162000			-1380.594625			0.002643
163000			-1380.594625			0.002391
164000			-1380.594625			0.002164
165000			-1380.594625			0.001958
166000			-1380.594625			0.001771
167000			-1380.594625			0.001603
168000			-1380.594625			0.001450
169000			-1380.594625			0.001312
170000			-1380.594625			0.001187
171000			-1380.594625			0.001074
Iteration: 6
Step			Log-likelihood			Temperature
1			-25153.079351			99900.000000
1000			-25204.914135			36769.542477
2000			-23158.284190			23501.721022
3000			-23639.988859			21265.130236
4000			-24011.907499			19241.389323
5000			-22814.602266			17410.241977
6000			-23865.055949			15753.359626
7000			-23327.733954			14254.157974
8000			-20414.071918			12897.631004
9000			-26207.711236			11670.200782
10000			-21637.883861			10559.581542
11000			-25615.179531			9554.656721
12000			-23049.574199			8645.367688
13000			-24380.500982			7822.613061
14000			-24793.974199			7078.157611
15000			-19938.413365			6404.549832
16000			-23810.335879			5795.047357
17000			-25387.365066			5243.549468
18000			-21493.290047			4744.536038
19000			-18385.768005			4293.012272
20000			-24727.499164			3884.458716
21000			-26947.610544			3514.786020
22000			-23769.605153			3180.294005
23000			-25452.415113			2877.634626
24000			-24239.850977			2603.778466
25000			-20759.662629			2355.984403
26000			-18153.766441			2131.772185
27000			-23286.572256			1928.897594
28000			-24330.982602			1745.329992
29000			-16329.409220			1579.231987
30000			-21349.367715			1428.941048
31000			-23033.494225			1292.952863
32000			-26288.254857			1169.906280
33000			-22041.871528			1058.569685
34000			-18419.710787			957.828671
35000			-23382.465702			866.674888
36000			-18518.392759			784.195947
37000			-18301.957896			709.566288
38000			-17616.514792			642.038917
39000			-17186.612653			580.937931
40000			-18394.552878			525.651749
41000			-14539.414074			475.626993
42000			-13764.592705			430.362949
43000			-14168.348759			389.406552
44000			-13604.162208			352.347857
45000			-12874.645705			318.815931
46000			-13501.079041			288.475142
47000			-13591.800269			261.021797
48000			-14620.758191			236.181108
49000			-11607.129886			213.704435
50000			-11216.228469			193.366803
51000			-10115.406141			174.964643
52000			-9607.432213			158.313765
53000			-11053.411222			143.247502
54000			-10509.166430			129.615051
55000			-8547.340611			117.279962
56000			-9586.983297			106.118767
57000			-8592.677730			96.019751
58000			-7440.003101			86.881830
59000			-6817.149890			78.613537
60000			-5585.383042			71.132114
61000			-5107.155898			64.362677
62000			-4880.180020			58.237467
63000			-3872.336657			52.695176
64000			-3751.308658			47.680328
65000			-3851.855487			43.142730
66000			-3851.242673			39.036961
67000			-3745.198034			35.321926
68000			-2816.904277			31.960441
69000			-2577.449125			28.918858
70000			-2524.330045			26.166734
71000			-2376.627312			23.676522
72000			-2594.633694			21.423296
73000			-2507.527901			19.384503
74000			-2399.779673			17.539736
75000			-2238.976871			15.870530
76000			-2112.275977			14.360177
77000			-1975.684058			12.993561
78000			-1975.684058			11.757001
79000			-1905.490989			10.638121
80000			-1871.343009			9.625722
81000			-1875.137229			8.709670
82000			-1858.063239			7.880796
83000			-1854.269019			7.130803
84000			-1791.664390			6.452185
85000			-1723.368430			5.838150
86000			-1721.471320			5.282550
87000			-1528.569204			4.779825
88000			-1515.289434			4.324943
89000			-1509.598104			3.913350
90000			-1505.803884			3.540928
91000			-1502.009664			3.203948
92000			-1500.112554			2.899038
93000			-1509.598104			2.623145
94000			-1500.112554			2.373508
95000			-1500.112554			2.147628
96000			-1503.906774			1.943244
97000			-1509.598104			1.758311
98000			-1454.581914			1.590978
99000			-1439.405035			1.439569
100000			-1435.610815			1.302570
101000			-1443.199255			1.178608
102000			-1439.405035			1.066443
103000			-1437.507925			0.964953
104000			-1431.816595			0.873121
105000			-1428.022375			0.790029
106000			-1428.022375			0.714844
107000			-1420.433935			0.646814
108000			-1420.433935			0.585259
109000			-1420.433935			0.529561
110000			-1420.433935			0.479165
111000			-1420.433935			0.433564
112000			-1420.433935			0.392303
113000			-1418.536825			0.354969
114000			-1418.536825			0.321187
115000			-1410.948385			0.290621
116000			-1410.948385			0.262963
117000			-1410.948385			0.237938
118000			-1410.948385			0.215294
119000			-1409.051275			0.194805
120000			-1409.051275			0.176266
121000			-1409.051275			0.159491
122000			-1409.051275			0.144313
123000			-1409.051275			0.130579
124000			-1409.051275			0.118152
125000			-1409.051275			0.106908
126000			-1409.051275			0.096734
127000			-1409.051275			0.087528
128000			-1409.051275			0.079198
129000			-1409.051275			0.071661
130000			-1409.051275			0.064841
131000			-1409.051275			0.058671
132000			-1409.051275			0.053087
133000			-1409.051275			0.048035
134000			-1409.051275			0.043464
135000			-1409.051275			0.039327
136000			-1409.051275			0.035585
137000			-1409.051275			0.032198
138000			-1409.051275			0.029134
139000			-1409.051275			0.026361
140000			-1409.051275			0.023853
141000			-1409.051275			0.021583
142000			-1409.051275			0.019529
143000			-1409.051275			0.017670
144000			-1409.051275			0.015989
145000			-1409.051275			0.014467
146000			-1409.051275			0.013090
147000			-1409.051275			0.011844
148000			-1409.051275			0.010717
149000			-1409.051275			0.009697
150000			-1409.051275			0.008774
151000			-1409.051275			0.007939
152000			-1409.051275			0.007184
153000			-1409.051275			0.006500
154000			-1409.051275			0.005882
155000			-1409.051275			0.005322
156000			-1409.051275			0.004815
157000			-1409.051275			0.004357
158000			-1409.051275			0.003942
159000			-1409.051275			0.003567
160000			-1409.051275			0.003228
161000			-1409.051275			0.002921
162000			-1409.051275			0.002643
163000			-1409.051275			0.002391
164000			-1409.051275			0.002164
165000			-1409.051275			0.001958
166000			-1409.051275			0.001771
167000			-1409.051275			0.001603
168000			-1409.051275			0.001450
169000			-1409.051275			0.001312
170000			-1409.051275			0.001187
171000			-1409.051275			0.001074
Iteration: 7
Step			Log-likelihood			Temperature
1			-25762.078071			99900.000000
1000			-20750.300254			36769.542477
2000			-21926.992245			23501.721022
3000			-24690.744500			21265.130236
4000			-23902.376437			19241.389323
5000			-26352.014769			17410.241977
6000			-23384.620839			15753.359626
7000			-19757.537010			14254.157974
8000			-25347.842451			12897.631004
9000			-25001.489336			11670.200782
10000			-23576.067681			10559.581542
11000			-23653.262790			9554.656721
12000			-22669.114255			8645.367688
13000			-24865.563060			7822.613061
14000			-23374.581143			7078.157611
15000			-19856.573770			6404.549832
16000			-26567.270717			5795.047357
17000			-25916.330379			5243.549468
18000			-25326.933091			4744.536038
19000			-25282.836336			4293.012272
20000			-21904.435182			3884.458716
21000			-20917.820654			3514.786020
22000			-23154.657076			3180.294005
23000			-24631.907676			2877.634626
24000			-21229.178305			2603.778466
25000			-23363.301082			2355.984403
26000			-21555.701156			2131.772185
27000			-20939.559705			1928.897594
28000			-25513.703193			1745.329992
29000			-22957.873692			1579.231987
30000			-16734.863025			1428.941048
31000			-20122.523955			1292.952863
32000			-20517.509872			1169.906280
33000			-13407.689679			1058.569685
34000			-16624.079921			957.828671
35000			-17148.529761			866.674888
36000			-20452.917212			784.195947
37000			-14494.340821			709.566288
38000			-17467.255917			642.038917
39000			-17614.858192			580.937931
40000			-13249.836671			525.651749
41000			-13607.284946			475.626993
42000			-13459.201929			430.362949
43000			-14241.207181			389.406552
44000			-14766.202271			352.347857
45000			-11867.969302			318.815931
46000			-11949.287004			288.475142
47000			-12723.284522			261.021797
48000			-12558.054111			236.181108
49000			-12386.557649			213.704435
50000			-11465.330438			193.366803
51000			-11058.736087			174.964643
52000			-10757.069185			158.313765
53000			-9932.858450			143.247502
54000			-10336.007529			129.615051
55000			-8944.153292			117.279962
56000			-8640.040973			106.118767
57000			-7442.202170			96.019751
58000			-7804.732019			86.881830
59000			-6181.837980			78.613537
60000			-5196.217468			71.132114
61000			-4948.179860			64.362677
62000			-4997.795000			58.237467
63000			-4333.656917			52.695176
64000			-3960.829344			47.680328
65000			-3768.318141			43.142730
66000			-3306.165133			39.036961
67000			-3196.648808			35.321926
68000			-2872.662294			31.960441
69000			-2665.845052			28.918858
70000			-2582.243199			26.166734
71000			-2404.172888			23.676522
72000			-2440.250231			21.423296
73000			-2463.015551			19.384503
74000			-2228.386727			17.539736
75000			-2135.428337			15.870530
76000			-1927.068773			14.360177
77000			-1866.361253			12.993561
78000			-1739.254884			11.757001
79000			-1744.946214			10.638121
80000			-1729.769334			9.625722
81000			-1682.341585			8.709670
82000			-1634.913835			7.880796
83000			-1596.971636			7.130803
84000			-1543.852556			6.452185
85000			-1507.807466			5.838150
86000			-1504.013246			5.282550
87000			-1509.704576			4.779825
88000			-1498.321916			4.324943
89000			-1505.910356			3.913350
90000			-1498.321916			3.540928
91000			-1486.939256			3.203948
92000			-1430.025957			2.899038
93000			-1422.437517			2.623145
94000			-1414.849077			2.373508
95000			-1426.231737			2.147628
96000			-1428.128847			1.943244
97000			-1422.437517			1.758311
98000			-1422.437517			1.590978
99000			-1424.334627			1.439569
100000			-1414.849077			1.302570
101000			-1414.849077			1.178608
102000			-1414.849077			1.066443
103000			-1414.849077			0.964953
104000			-1411.054857			0.873121
105000			-1411.054857			0.790029
106000			-1411.054857			0.714844
107000			-1401.569307			0.646814
108000			-1401.569307			0.585259
109000			-1399.672197			0.529561
110000			-1399.672197			0.479165
111000			-1399.672197			0.433564
112000			-1397.775087			0.392303
113000			-1397.775087			0.354969
114000			-1397.775087			0.321187
115000			-1397.775087			0.290621
116000			-1397.775087			0.262963
117000			-1397.775087			0.237938
118000			-1395.877977			0.215294
119000			-1395.877977			0.194805
120000			-1395.877977			0.176266
121000			-1395.877977			0.159491
122000			-1395.877977			0.144313
123000			-1393.980867			0.130579
124000			-1393.980867			0.118152
125000			-1393.980867			0.106908
126000			-1393.980867			0.096734
127000			-1393.980867			0.087528
128000			-1393.980867			0.079198
129000			-1393.980867			0.071661
130000			-1393.980867			0.064841
131000			-1393.980867			0.058671
132000			-1393.980867			0.053087
133000			-1393.980867			0.048035
134000			-1393.980867			0.043464
135000			-1393.980867			0.039327
136000			-1393.980867			0.035585
137000			-1393.980867			0.032198
138000			-1393.980867			0.029134
139000			-1393.980867			0.026361
140000			-1393.980867			0.023853
141000			-1393.980867			0.021583
142000			-1393.980867			0.019529
143000			-1393.980867			0.017670
144000			-1393.980867			0.015989
145000			-1393.980867			0.014467
146000			-1393.980867			0.013090
147000			-1393.980867			0.011844
148000			-1393.980867			0.010717
149000			-1393.980867			0.009697
150000			-1393.980867			0.008774
151000			-1393.980867			0.007939
152000			-1393.980867			0.007184
153000			-1393.980867			0.006500
154000			-1393.980867			0.005882
155000			-1393.980867			0.005322
156000			-1393.980867			0.004815
157000			-1393.980867			0.004357
158000			-1393.980867			0.003942
159000			-1393.980867			0.003567
160000			-1393.980867			0.003228
161000			-1393.980867			0.002921
162000			-1393.980867			0.002643
163000			-1393.980867			0.002391
164000			-1393.980867			0.002164
165000			-1393.980867			0.001958
166000			-1393.980867			0.001771
167000			-1393.980867			0.001603
168000			-1393.980867			0.001450
169000			-1393.980867			0.001312
170000			-1393.980867			0.001187
171000			-1393.980867			0.001074
Iteration: 8
Step			Log-likelihood			Temperature
1			-26663.167221			99900.000000
1000			-22691.762240			36769.542477
2000			-24584.899221			23501.721022
3000			-25647.843856			21265.130236
4000			-22848.803075			19241.389323
5000			-21721.705648			17410.241977
6000			-24992.546255			15753.359626
7000			-26918.766854			14254.157974
8000			-23613.552494			12897.631004
9000			-26830.338673			11670.200782
10000			-24756.691803			10559.581542
11000			-24185.350841			9554.656721
12000			-25790.798586			8645.367688
13000			-22446.724196			7822.613061
14000			-26740.186327			7078.157611
15000			-25282.159015			6404.549832
16000			-23431.344854			5795.047357
17000			-24183.254372			5243.549468
18000			-23227.154871			4744.536038
19000			-21886.560697			4293.012272
20000			-24635.819232			3884.458716
21000			-22365.814110			3514.786020
22000			-22695.439124			3180.294005
23000			-24374.900573			2877.634626
24000			-18828.369353			2603.778466
25000			-22850.905383			2355.984403
26000			-24120.177620			2131.772185
27000			-22206.559470			1928.897594
28000			-24060.115168			1745.329992
29000			-19828.888143			1579.231987
30000			-17020.101004			1428.941048
31000			-21287.672019			1292.952863
32000			-19438.312318			1169.906280
33000			-16017.160153			1058.569685
34000			-20513.102838			957.828671
35000			-19382.044086			866.674888
36000			-19803.434115			784.195947
37000			-18974.505490			709.566288
38000			-16898.322281			642.038917
39000			-15902.984606			580.937931
40000			-16073.891611			525.651749
41000			-15512.599243			475.626993
42000			-14971.793884			430.362949
43000			-11607.408489			389.406552
44000			-14691.203448			352.347857
45000			-12319.200095			318.815931
46000			-12867.928106			288.475142
47000			-12311.602758			261.021797
48000			-10273.886700			236.181108
49000			-11130.600493			213.704435
50000			-11672.308947			193.366803
51000			-10507.257642			174.964643
52000			-11319.182623			158.313765
53000			-12469.212476			143.247502
54000			-10316.708056			129.615051
55000			-9106.551245			117.279962
56000			-7312.805811			106.118767
57000			-6997.020552			96.019751
58000			-6255.153787			86.881830
59000			-5100.845915			78.613537
60000			-4393.423249			71.132114
61000			-4552.490208			64.362677
62000			-4270.498141			58.237467
63000			-3221.337652			52.695176
64000			-2856.743587			47.680328
65000			-3210.664566			43.142730
66000			-2951.244299			39.036961
67000			-2881.244749			35.321926
68000			-2790.022203			31.960441
69000			-2633.239395			28.918858
70000			-2470.055683			26.166734
71000			-2032.597358			23.676522
72000			-2102.790427			21.423296
73000			-1968.095618			19.384503
74000			-1782.178840			17.539736
75000			-1772.693290			15.870530
76000			-1863.754569			14.360177
77000			-1818.223930			12.993561
78000			-1693.014671			11.757001
79000			-1469.758794			10.638121
80000			-1443.199255			9.625722
81000			-1446.993474			8.709670
82000			-1513.392324			7.880796
83000			-1496.318334			7.130803
84000			-1509.598104			6.452185
85000			-1410.948385			5.838150
86000			-1403.359945			5.282550
87000			-1369.211965			4.779825
88000			-1373.006185			4.324943
89000			-1373.006185			3.913350
90000			-1378.697515			3.540928
91000			-1373.006185			3.203948
92000			-1357.829305			2.899038
93000			-1352.137975			2.623145
94000			-1350.240865			2.373508
95000			-1365.417745			2.147628
96000			-1361.623525			1.943244
97000			-1359.726415			1.758311
98000			-1352.137975			1.590978
99000			-1355.932195			1.439569
100000			-1342.652425			1.302570
101000			-1335.063985			1.178608
102000			-1335.063985			1.066443
103000			-1329.372655			0.964953
104000			-1331.269765			0.873121
105000			-1331.269765			0.790029
106000			-1327.475545			0.714844
107000			-1323.681325			0.646814
108000			-1321.784215			0.585259
109000			-1321.784215			0.529561
110000			-1321.784215			0.479165
111000			-1321.784215			0.433564
112000			-1321.784215			0.392303
113000			-1321.784215			0.354969
114000			-1321.784215			0.321187
115000			-1321.784215			0.290621
116000			-1321.784215			0.262963
117000			-1321.784215			0.237938
118000			-1321.784215			0.215294
119000			-1321.784215			0.194805
120000			-1321.784215			0.176266
121000			-1321.784215			0.159491
122000			-1321.784215			0.144313
123000			-1321.784215			0.130579
124000			-1321.784215			0.118152
125000			-1321.784215			0.106908
126000			-1321.784215			0.096734
127000			-1321.784215			0.087528
128000			-1321.784215			0.079198
129000			-1321.784215			0.071661
130000			-1321.784215			0.064841
131000			-1321.784215			0.058671
132000			-1321.784215			0.053087
133000			-1321.784215			0.048035
134000			-1321.784215			0.043464
135000			-1321.784215			0.039327
136000			-1321.784215			0.035585
137000			-1321.784215			0.032198
138000			-1321.784215			0.029134
139000			-1321.784215			0.026361
140000			-1321.784215			0.023853
141000			-1321.784215			0.021583
142000			-1321.784215			0.019529
143000			-1321.784215			0.017670
144000			-1321.784215			0.015989
145000			-1321.784215			0.014467
146000			-1321.784215			0.013090
147000			-1321.784215			0.011844
148000			-1321.784215			0.010717
149000			-1321.784215			0.009697
150000			-1321.784215			0.008774
151000			-1321.784215			0.007939
152000			-1321.784215			0.007184
153000			-1321.784215			0.006500
154000			-1321.784215			0.005882
155000			-1321.784215			0.005322
156000			-1321.784215			0.004815
157000			-1321.784215			0.004357
158000			-1321.784215			0.003942
159000			-1321.784215			0.003567
160000			-1321.784215			0.003228
161000			-1321.784215			0.002921
162000			-1321.784215			0.002643
163000			-1321.784215			0.002391
164000			-1321.784215			0.002164
165000			-1321.784215			0.001958
166000			-1321.784215			0.001771
167000			-1321.784215			0.001603
168000			-1321.784215			0.001450
169000			-1321.784215			0.001312
170000			-1321.784215			0.001187
171000			-1321.784215			0.001074
Iteration: 9
Step			Log-likelihood			Temperature
1			-26583.520855			99900.000000
1000			-23662.522567			36769.542477
2000			-24224.287057			23501.721022
3000			-22523.543943			21265.130236
4000			-21730.422956			19241.389323
5000			-25364.734599			17410.241977
6000			-25920.801920			15753.359626
7000			-22721.051638			14254.157974
8000			-22810.608687			12897.631004
9000			-25105.114972			11670.200782
10000			-21623.228874			10559.581542
11000			-22008.524043			9554.656721
12000			-18728.608283			8645.367688
13000			-23710.375449			7822.613061
14000			-25280.519932			7078.157611
15000			-24457.165301			6404.549832
16000			-23551.683853			5795.047357
17000			-24595.179427			5243.549468
18000			-22487.402094			4744.536038
19000			-22633.585220			4293.012272
20000			-24952.938558			3884.458716
21000			-26350.736312			3514.786020
22000			-23431.726055			3180.294005
23000			-22957.184693			2877.634626
24000			-26474.441341			2603.778466
25000			-24142.459139			2355.984403
26000			-23978.190491			2131.772185
27000			-20862.854235			1928.897594
28000			-20776.103230			1745.329992
29000			-23171.865919			1579.231987
30000			-20388.661821			1428.941048
31000			-18994.760886			1292.952863
32000			-18073.694942			1169.906280
33000			-19755.220606			1058.569685
34000			-22593.253212			957.828671
35000			-15138.132588			866.674888
36000			-19071.665715			784.195947
37000			-19629.926265			709.566288
38000			-16157.256012			642.038917
39000			-14823.138926			580.937931
40000			-14296.106035			525.651749
41000			-14444.382572			475.626993
42000			-12081.337037			430.362949
43000			-14630.847658			389.406552
44000			-13588.560195			352.347857
45000			-13766.486757			318.815931
46000			-12140.168021			288.475142
47000			-13081.193242			261.021797
48000			-11999.567787			236.181108
49000			-12223.324166			213.704435
50000			-12232.487182			193.366803
51000			-11517.534745			174.964643
52000			-8581.676272			158.313765
53000			-9786.587461			143.247502
54000			-9695.532021			129.615051
55000			-8488.556615			117.279962
56000			-9928.166974			106.118767
57000			-8587.980416			96.019751
58000			-7426.347969			86.881830
59000			-7660.880033			78.613537
60000			-6215.384823			71.132114
61000			-5632.778538			64.362677
62000			-4951.109078			58.237467
63000			-4838.701628			52.695176
64000			-4242.015077			47.680328
65000			-4019.698422			43.142730
66000			-3551.918590			39.036961
67000			-2959.219779			35.321926
68000			-2968.737582			31.960441
69000			-2768.159978			28.918858
70000			-2699.767258			26.166734
71000			-2511.953370			23.676522
72000			-2553.689790			21.423296
73000			-2278.761624			19.384503
74000			-2360.337354			17.539736
75000			-1839.299717			15.870530
76000			-1888.624576			14.360177
77000			-1926.566776			12.993561
78000			-1774.797977			11.757001
79000			-1759.621097			10.638121
80000			-1674.251148			9.625722
81000			-1657.177158			8.709670
82000			-1383.993320			7.880796
83000			-1389.684650			7.130803
84000			-1389.684650			6.452185
85000			-1376.404880			5.838150
86000			-1370.713550			5.282550
87000			-1368.816440			4.779825
88000			-1366.919330			4.324943
89000			-1374.507770			3.913350
90000			-1382.096210			3.540928
91000			-1376.404880			3.203948
92000			-1366.919330			2.899038
93000			-1361.228000			2.623145
94000			-1374.507770			2.373508
95000			-1370.713550			2.147628
96000			-1370.713550			1.943244
97000			-1359.330890			1.758311
98000			-1359.330890			1.590978
99000			-1359.330890			1.439569
100000			-1353.639560			1.302570
101000			-1347.948230			1.178608
102000			-1353.639560			1.066443
103000			-1353.639560			0.964953
104000			-1357.433780			0.873121
105000			-1355.536670			0.790029
106000			-1353.639560			0.714844
107000			-1302.813116			0.646814
108000			-1308.504446			0.585259
109000			-1302.813116			0.529561
110000			-1302.813116			0.479165
111000			-1302.813116			0.433564
112000			-1302.813116			0.392303
113000			-1302.813116			0.354969
114000			-1299.018896			0.321187
115000			-1297.121786			0.290621
116000			-1297.121786			0.262963
117000			-1297.121786			0.237938
118000			-1297.121786			0.215294
119000			-1297.121786			0.194805
120000			-1297.121786			0.176266
121000			-1297.121786			0.159491
122000			-1297.121786			0.144313
123000			-1297.121786			0.130579
124000			-1297.121786			0.118152
125000			-1297.121786			0.106908
126000			-1297.121786			0.096734
127000			-1297.121786			0.087528
128000			-1297.121786			0.079198
129000			-1297.121786			0.071661
130000			-1297.121786			0.064841
131000			-1297.121786			0.058671
132000			-1297.121786			0.053087
133000			-1297.121786			0.048035
134000			-1297.121786			0.043464
135000			-1297.121786			0.039327
136000			-1297.121786			0.035585
137000			-1297.121786			0.032198
138000			-1297.121786			0.029134
139000			-1297.121786			0.026361
140000			-1297.121786			0.023853
141000			-1297.121786			0.021583
142000			-1297.121786			0.019529
143000			-1297.121786			0.017670
144000			-1297.121786			0.015989
145000			-1297.121786			0.014467
146000			-1297.121786			0.013090
147000			-1297.121786			0.011844
148000			-1297.121786			0.010717
149000			-1297.121786			0.009697
150000			-1297.121786			0.008774
151000			-1297.121786			0.007939
152000			-1297.121786			0.007184
153000			-1297.121786			0.006500
154000			-1297.121786			0.005882
155000			-1297.121786			0.005322
156000			-1297.121786			0.004815
157000			-1297.121786			0.004357
158000			-1297.121786			0.003942
159000			-1297.121786			0.003567
160000			-1297.121786			0.003228
161000			-1297.121786			0.002921
162000			-1295.224676			0.002643
163000			-1295.224676			0.002391
164000			-1295.224676			0.002164
165000			-1295.224676			0.001958
166000			-1295.224676			0.001771
167000			-1295.224676			0.001603
168000			-1295.224676			0.001450
169000			-1295.224676			0.001312
170000			-1295.224676			0.001187
171000			-1295.224676			0.001074
Iteration: 10
Step			Log-likelihood			Temperature
1			-26744.226896			99900.000000
1000			-23446.606815			36769.542477
2000			-23788.936879			23501.721022
3000			-24932.161269			21265.130236
4000			-25284.598593			19241.389323
5000			-24067.794529			17410.241977
6000			-22347.455824			15753.359626
7000			-23449.058072			14254.157974
8000			-25420.120312			12897.631004
9000			-26618.481008			11670.200782
10000			-23223.269730			10559.581542
11000			-22753.701227			9554.656721
12000			-25441.478161			8645.367688
13000			-25130.841763			7822.613061
14000			-23519.154381			7078.157611
15000			-25102.300032			6404.549832
16000			-23436.391116			5795.047357
17000			-21383.993657			5243.549468
18000			-25442.451602			4744.536038
19000			-26452.110051			4293.012272
20000			-25203.280891			3884.458716
21000			-25568.320664			3514.786020
22000			-26250.409418			3180.294005
23000			-25195.704129			2877.634626
24000			-25445.316313			2603.778466
25000			-25462.223197			2355.984403
26000			-23214.300234			2131.772185
27000			-18910.109408			1928.897594
28000			-21825.627404			1745.329992
29000			-20737.879647			1579.231987
30000			-24683.226406			1428.941048
31000			-19848.824063			1292.952863
32000			-21520.735164			1169.906280
33000			-22000.812429			1058.569685
34000			-14784.883090			957.828671
35000			-16191.585834			866.674888
36000			-21958.888328			784.195947
37000			-15121.870771			709.566288
38000			-15470.616475			642.038917
39000			-13504.495117			580.937931
40000			-17162.117329			525.651749
41000			-14714.986140			475.626993
42000			-13841.342107			430.362949
43000			-11507.210607			389.406552
44000			-13033.067596			352.347857
45000			-14266.719876			318.815931
46000			-13044.230321			288.475142
47000			-14118.369935			261.021797
48000			-12277.616045			236.181108
49000			-11242.606167			213.704435
50000			-11775.359861			193.366803
51000			-10433.818660			174.964643
52000			-11039.377947			158.313765
53000			-8614.249675			143.247502
54000			-9393.466400			129.615051
55000			-9004.544117			117.279962
56000			-8245.055056			106.118767
57000			-8140.294713			96.019751
58000			-7396.794704			86.881830
59000			-7372.654168			78.613537
60000			-6958.057922			71.132114
61000			-6893.878716			64.362677
62000			-6079.889519			58.237467
63000			-5628.699877			52.695176
64000			-5319.954750			47.680328
65000			-4760.307304			43.142730
66000			-4479.444105			39.036961
67000			-3536.296002			35.321926
68000			-3568.159831			31.960441
69000			-3027.515739			28.918858
70000			-2821.335080			26.166734
71000			-2694.624236			23.676522
72000			-2457.001687			21.423296
73000			-2181.952993			19.384503
74000			-2134.525243			17.539736
75000			-2114.108580			15.870530
76000			-2140.668120			14.360177
77000			-2011.664641			12.993561
78000			-1939.574462			11.757001
79000			-2064.783721			10.638121
80000			-1842.821853			9.625722
81000			-1785.908553			8.709670
82000			-1732.789473			7.880796
83000			-1736.583693			7.130803
84000			-1723.303924			6.452185
85000			-1740.377913			5.838150
86000			-1738.480803			5.282550
87000			-1738.480803			4.779825
88000			-1704.332824			4.324943
89000			-1708.127044			3.913350
90000			-1717.612594			3.540928
91000			-1706.229934			3.203948
92000			-1708.127044			2.899038
93000			-1431.816595			2.623145
94000			-1428.022375			2.373508
95000			-1428.022375			2.147628
96000			-1426.125265			1.943244
97000			-1416.639715			1.758311
98000			-1418.536825			1.590978
99000			-1414.742605			1.439569
100000			-1416.639715			1.302570
101000			-1410.948385			1.178608
102000			-1399.565725			1.066443
103000			-1393.874395			0.964953
104000			-1390.080175			0.873121
105000			-1390.080175			0.790029
106000			-1388.183065			0.714844
107000			-1388.183065			0.646814
108000			-1388.183065			0.585259
109000			-1388.183065			0.529561
110000			-1386.285955			0.479165
111000			-1386.285955			0.433564
112000			-1384.388845			0.392303
113000			-1384.388845			0.354969
114000			-1384.388845			0.321187
115000			-1384.388845			0.290621
116000			-1384.388845			0.262963
117000			-1384.388845			0.237938
118000			-1382.491735			0.215294
119000			-1382.491735			0.194805
120000			-1380.594625			0.176266
121000			-1380.594625			0.159491
122000			-1380.594625			0.144313
123000			-1380.594625			0.130579
124000			-1380.594625			0.118152
125000			-1380.594625			0.106908
126000			-1380.594625			0.096734
127000			-1380.594625			0.087528
128000			-1380.594625			0.079198
129000			-1380.594625			0.071661
130000			-1380.594625			0.064841
131000			-1380.594625			0.058671
132000			-1380.594625			0.053087
133000			-1380.594625			0.048035
134000			-1380.594625			0.043464
135000			-1380.594625			0.039327
136000			-1380.594625			0.035585
137000			-1380.594625			0.032198
138000			-1380.594625			0.029134
139000			-1380.594625			0.026361
140000			-1380.594625			0.023853
141000			-1380.594625			0.021583
142000			-1380.594625			0.019529
143000			-1380.594625			0.017670
144000			-1380.594625			0.015989
145000			-1380.594625			0.014467
146000			-1380.594625			0.013090
147000			-1380.594625			0.011844
148000			-1380.594625			0.010717
149000			-1380.594625			0.009697
150000			-1380.594625			0.008774
151000			-1380.594625			0.007939
152000			-1380.594625			0.007184
153000			-1380.594625			0.006500
154000			-1380.594625			0.005882
155000			-1380.594625			0.005322
156000			-1380.594625			0.004815
157000			-1380.594625			0.004357
158000			-1380.594625			0.003942
159000			-1380.594625			0.003567
160000			-1380.594625			0.003228
161000			-1380.594625			0.002921
162000			-1380.594625			0.002643
163000			-1380.594625			0.002391
164000			-1380.594625			0.002164
165000			-1380.594625			0.001958
166000			-1380.594625			0.001771
167000			-1380.594625			0.001603
168000			-1380.594625			0.001450
169000			-1380.594625			0.001312
170000			-1380.594625			0.001187
171000			-1380.594625			0.001074

Maximum likelihood Tree found: -1295.224676
digraph g {
	"52" -> "53";
	"53" [label="6"];
	"51" -> "52";
	"52" [label="32"];
	"50" -> "51";
	"51" [color=indianred1, style=filled, label="41"];
	"51" [label="41"];
	"49" -> "50";
	"50" [label="5"];
	"48" -> "49";
	"49" [label="14"];
	"47" -> "48";
	"48" [label="31"];
	"46" -> "47";
	"47" [label="20"];
	"45" -> "46";
	"46" [label="11"];
	"44" -> "45";
	"45" [label="34"];
	"43" -> "44";
	"44" [label="18"];
	"42" -> "43";
	"43" [label="37"];
	"41" -> "42";
	"42" [label="48"];
	"40" -> "41";
	"41" [label="46"];
	"39" -> "40";
	"40" [label="45"];
	"38" -> "39";
	"39" [label="2"];
	"37" -> "38";
	"38" [label="9"];
	"36" -> "37";
	"37" [label="40"];
	"35" -> "36";
	"36" [label="7"];
	"34" -> "35";
	"35" [label="36"];
	"32" -> "33";
	"33" [label="43"];
	"31" -> "32";
	"32" [label="39"];
	"30" -> "31";
	"31" [label="21"];
	"29" -> "30";
	"30" [label="17"];
	"28" -> "29";
	"29" [label="8"];
	"27" -> "28";
	"28" [label="44"];
	"26" -> "27";
	"27" [label="33"];
	"25" -> "26";
	"26" [label="13"];
	"24" -> "25";
	"25" [label="22"];
	"23" -> "24";
	"24" [label="25"];
	"23" -> "34";
	"34" [label="24"];
	"20" -> "21";
	"21" [label="42"];
	"19" -> "20";
	"20" [color=indianred1, style=filled, label="4"];
	"20" [label="4"];
	"18" -> "19";
	"19" [color=green, style=filled, label="32"];
	"17" -> "18";
	"18" [label="16"];
	"16" -> "17";
	"17" [label="12"];
	"15" -> "16";
	"16" [label="49"];
	"14" -> "15";
	"15" [label="50"];
	"13" -> "14";
	"14" [label="1"];
	"12" -> "13";
	"13" [label="29"];
	"11" -> "12";
	"12" [label="27"];
	"10" -> "11";
	"11" [label="47"];
	"10" -> "22";
	"22" [label="3"];
	"9" -> "10";
	"10" [label="28"];
	"8" -> "9";
	"9" [label="10"];
	"7" -> "8";
	"8" [label="19"];
	"7" -> "23";
	"23" [label="35"];
	"6" -> "7";
	"7" [label="23"];
	"5" -> "6";
	"6" [label="26"];
	"4" -> "5";
	"5" [label="4"];
	"3" -> "4";
	"4" [label="41"];
	"2" -> "3";
	"3" [label="30"];
	"1" -> "2";
	"2" [label="15"];
	"0" -> "1";
	"1" [label="38"];
	"0" [label="germline"];
	labelloc="t";
	label="Confidence score: -1295.224676";
}
Best cell assignment:
33 33 9 21 20 30 51 7 23 14 23 10 21 10 32 52 23 23 6 35 16 7 39 8 39 53 23 28 23 44 22 33 7 38 51 10 51 39 32 53 10 52 21 53 9 22 15 21 9 21 39 16 39 29 21 52 53 23 39 10 38 39 53 21 23 52 31 32 23 53 38 33 22 53 10 39 39 53 30 33 33 39 30 28 38 9 21 29 53 39 30 30 10 21 21 9 22 22 22 29 23 30 20 23 7 21 7 21 23 21 15 23 29 33 39 33 10 29 53 33 39 23 27 33 53 39 52 30 33 16 23 7 15 10 22 9 10 29 53 16 33 22 16 10 21 7 30 38 10 30 10 53 9 29 20 53 30 3 10 9 10 33 39 39 21 23 23 33 10 53 10 21 16 32 10 20 30 23 39 23 23 39 23 53 22 20 53 23 16 37 39 22 10 39 21 10 52 37 16 16 53 39 16 30 29 21 29 22 38 10 9 20 10 10 30 39 23 53 8 21 16 33 21 33 30 30 16 39 22 48 33 21 16 39 23 22 10 30 30 53 30 22 23 20 10 53 23 21 8 13 
alpha: 0.150000
beta: 0.000010
gamma: 1.000000
delta: 0.887000
