Starting SASC.
Iteration: 1
Step			Log-likelihood			Temperature
1			-24918.931345			9900.000000
1000			-21379.352027			1054.648417
2000			-14332.910545			387.789398
3000			-9530.577229			142.588387
4000			-6518.940014			52.429098
5000			-4208.374329			19.277939
6000			-3225.166981			7.088410
7000			-2727.226910			2.606376
8000			-2215.652282			0.958353
9000			-2145.459212			0.352382
10000			-2143.562102			0.129569
11000			-2052.500823			0.047642
12000			-2048.706603			0.017518
13000			-1849.510054			0.006441
14000			-1849.510054			0.002368

Maximum likelihood Tree found: -1682.564376
digraph g {
	"49" -> "50";
	"50" [label="10"];
	"48" -> "49";
	"49" [label="9"];
	"46" -> "47";
	"47" [label="16"];
	"45" -> "46";
	"46" [label="17"];
	"44" -> "45";
	"45" [label="30"];
	"43" -> "44";
	"44" [label="8"];
	"43" -> "48";
	"48" [label="48"];
	"42" -> "43";
	"43" [label="47"];
	"40" -> "41";
	"41" [label="27"];
	"39" -> "40";
	"40" [label="23"];
	"38" -> "39";
	"39" [label="37"];
	"37" -> "38";
	"38" [label="25"];
	"36" -> "37";
	"37" [label="15"];
	"36" -> "42";
	"42" [label="35"];
	"34" -> "35";
	"35" [label="7"];
	"32" -> "33";
	"33" [label="14"];
	"31" -> "32";
	"32" [label="19"];
	"30" -> "31";
	"31" [label="36"];
	"29" -> "30";
	"30" [label="31"];
	"28" -> "29";
	"29" [label="46"];
	"28" -> "34";
	"34" [label="4"];
	"27" -> "28";
	"28" [label="40"];
	"26" -> "27";
	"27" [label="18"];
	"25" -> "26";
	"26" [label="13"];
	"24" -> "25";
	"25" [label="12"];
	"23" -> "24";
	"24" [label="24"];
	"22" -> "23";
	"23" [label="3"];
	"21" -> "22";
	"22" [label="33"];
	"20" -> "21";
	"21" [label="50"];
	"19" -> "20";
	"20" [label="42"];
	"17" -> "18";
	"18" [label="34"];
	"16" -> "17";
	"17" [label="28"];
	"15" -> "16";
	"16" [label="44"];
	"14" -> "15";
	"15" [label="29"];
	"13" -> "14";
	"14" [label="41"];
	"12" -> "13";
	"13" [label="43"];
	"11" -> "12";
	"12" [label="6"];
	"10" -> "11";
	"11" [label="5"];
	"9" -> "10";
	"10" [label="22"];
	"9" -> "19";
	"19" [label="2"];
	"8" -> "9";
	"9" [label="38"];
	"7" -> "8";
	"8" [label="1"];
	"7" -> "36";
	"36" [label="32"];
	"6" -> "7";
	"7" [label="49"];
	"5" -> "6";
	"6" [label="21"];
	"4" -> "5";
	"5" [label="20"];
	"3" -> "4";
	"4" [label="39"];
	"2" -> "3";
	"3" [label="26"];
	"1" -> "2";
	"2" [label="45"];
	"0" -> "1";
	"1" [label="11"];
	"0" [label="germline"];
	labelloc="t";
	label="Confidence score: -1682.564376";
}
Best cell assigment:
25 47 7 50 41 48 18 6 46 26 35 18 4 18 13 48 7 26 41 33 33 47 40 26 47 25 26 50 49 24 7 50 47 6 50 7 40 46 26 44 18 13 41 13 41 50 18 31 47 47 41 17 50 33 48 18 41 45 41 25 26 16 34 7 33 18 13 12 48 28 49 18 41 49 13 49 47 26 26 18 46 42 7 41 18 50 41 41 50 26 18 33 45 7 13 35 32 33 33 30 18 47 41 39 7 25 47 18 17 47 35 38 50 11 26 41 35 50 40 7 17 7 32 40 33 16 26 33 18 17 13 33 49 26 35 7 18 26 41 41 13 7 34 17 13 35 47 18 35 41 50 41 50 47 17 35 18 41 40 26 26 41 18 50 17 47 26 24 7 31 33 26 32 41 34 11 35 47 41 33 35 15 41 33 26 6 48 25 25 35 50 6 18 18 40 47 34 35 25 41 13 26 6 26 50 41 35 18 34 35 13 6 50 26 45 17 49 17 50 33 33 17 50 17 26 35 18 49 47 23 40 41 41 13 13 50 18 35 41 47 32 50 33 46 26 33 7 26 35 32 
alpha: 0.150000
beta: 0.000010
alpha: 1.000000
