Starting SASC.
Iteration: 1
Step			Log-likelihood			Temperature
1			-39440.511430			99900.000000
1000			-31871.194683			36769.542477
2000			-32070.089273			23501.721022
3000			-34707.086888			21265.130236
4000			-38691.235010			19241.389323
5000			-36075.214043			17410.241977
6000			-36544.589027			15753.359626
7000			-36715.012231			14254.157974
8000			-35393.635505			12897.631004
9000			-36216.136811			11670.200782
10000			-39083.769671			10559.581542
11000			-34665.130534			9554.656721
12000			-35438.515238			8645.367688
13000			-34357.115557			7822.613061
14000			-34430.560378			7078.157611
15000			-33142.660150			6404.549832
16000			-32042.084171			5795.047357
17000			-35188.586359			5243.549468
18000			-32513.696315			4744.536038
19000			-28722.678049			4293.012272
20000			-32391.985157			3884.458716
21000			-32214.817940			3514.786020
22000			-30694.476278			3180.294005
23000			-30522.786295			2877.634626
24000			-31675.308554			2603.778466
25000			-34296.897677			2355.984403
26000			-27684.275728			2131.772185
27000			-18938.648191			1928.897594
28000			-27574.281441			1745.329992
29000			-34000.760838			1579.231987
30000			-23203.242999			1428.941048
31000			-36406.132251			1292.952863
32000			-25084.780443			1169.906280
33000			-24789.373754			1058.569685
34000			-28255.150405			957.828671
35000			-27035.352617			866.674888
36000			-19090.493175			784.195947
37000			-18549.699494			709.566288
38000			-21375.279239			642.038917
39000			-21156.126473			580.937931
40000			-14288.573314			525.651749
41000			-12486.594373			475.626993
42000			-16115.581151			430.362949
43000			-10962.241615			389.406552
44000			-13923.903064			352.347857
45000			-10603.291890			318.815931
46000			-11208.701588			288.475142
47000			-11281.542492			261.021797
48000			-10345.396428			236.181108
49000			-9624.893353			213.704435
50000			-9721.323428			193.366803
51000			-9398.427690			174.964643
52000			-8159.245347			158.313765
53000			-7659.504925			143.247502
54000			-7280.405462			129.615051
55000			-7568.217873			117.279962
56000			-6874.365258			106.118767
57000			-7011.731258			96.019751
58000			-5970.475903			86.881830
59000			-5541.535526			78.613537
60000			-4655.945789			71.132114
61000			-4736.559757			64.362677
62000			-4686.751096			58.237467
63000			-4693.178415			52.695176
64000			-4742.503274			47.680328
65000			-4406.430366			43.142730
66000			-4371.508305			39.036961
67000			-4129.097521			35.321926
68000			-3831.315760			31.960441
69000			-3730.639917			28.918858
70000			-3506.780939			26.166734
71000			-3506.909953			23.676522
72000			-3357.038264			21.423296
73000			-3400.671794			19.384503
74000			-3233.726115			17.539736
75000			-3292.536524			15.870530
76000			-3286.845194			14.360177
77000			-3186.298365			12.993561
78000			-2681.667109			11.757001
79000			-2660.798899			10.638121
80000			-2658.901789			9.625722
81000			-2598.258777			8.709670
82000			-2238.194920			7.880796
83000			-2228.709370			7.130803
84000			-2230.606480			6.452185
85000			-2228.709370			5.838150
86000			-2224.915150			5.282550
87000			-2215.429600			4.779825
88000			-2215.429600			4.324943
89000			-2215.429600			3.913350
90000			-2213.532490			3.540928
91000			-2205.944050			3.203948
92000			-2202.149830			2.899038
93000			-2209.738270			2.623145
94000			-2207.841160			2.373508
95000			-2215.429600			2.147628
96000			-2205.944050			1.943244
97000			-2215.429600			1.758311
98000			-2205.944050			1.590978
99000			-2200.252720			1.439569
100000			-2204.046940			1.302570
101000			-2194.561390			1.178608
102000			-2194.561390			1.066443
103000			-2186.972950			0.964953
104000			-2186.972950			0.873121
105000			-2190.767170			0.790029
106000			-2194.561390			0.714844
107000			-2188.870060			0.646814
108000			-2181.281620			0.585259
109000			-2183.178730			0.529561
110000			-2181.281620			0.479165
111000			-2181.281620			0.433564
112000			-2181.281620			0.392303
113000			-2179.384510			0.354969
114000			-2179.384510			0.321187
115000			-2179.384510			0.290621
116000			-2179.384510			0.262963
117000			-2179.384510			0.237938
118000			-2175.590291			0.215294
119000			-2175.590291			0.194805
120000			-2175.590291			0.176266
121000			-2175.590291			0.159491
122000			-2175.590291			0.144313
123000			-2175.590291			0.130579
124000			-2175.590291			0.118152
125000			-2175.590291			0.106908
126000			-2175.590291			0.096734
127000			-2175.590291			0.087528
128000			-2175.590291			0.079198
129000			-2175.590291			0.071661
130000			-2175.590291			0.064841
131000			-2175.590291			0.058671
132000			-2175.590291			0.053087
133000			-2175.590291			0.048035
134000			-2175.590291			0.043464
135000			-2175.590291			0.039327
136000			-2175.590291			0.035585
137000			-2175.590291			0.032198
138000			-2175.590291			0.029134
139000			-2175.590291			0.026361
140000			-2175.590291			0.023853
141000			-2175.590291			0.021583
142000			-2175.590291			0.019529
143000			-2175.590291			0.017670
144000			-2175.590291			0.015989
145000			-2175.590291			0.014467
146000			-2175.590291			0.013090
147000			-2175.590291			0.011844
148000			-2175.590291			0.010717
149000			-2175.590291			0.009697
150000			-2175.590291			0.008774
151000			-2175.590291			0.007939
152000			-2175.590291			0.007184
153000			-2175.590291			0.006500
154000			-2175.590291			0.005882
155000			-2175.590291			0.005322
156000			-2175.590291			0.004815
157000			-2175.590291			0.004357
158000			-2175.590291			0.003942
159000			-2175.590291			0.003567
160000			-2175.590291			0.003228
161000			-2175.590291			0.002921
162000			-2175.590291			0.002643
163000			-2175.590291			0.002391
164000			-2175.590291			0.002164
165000			-2175.590291			0.001958
166000			-2175.590291			0.001771
167000			-2175.590291			0.001603
168000			-2175.590291			0.001450
169000			-2175.590291			0.001312
170000			-2175.590291			0.001187
171000			-2175.590291			0.001074
Iteration: 2
Step			Log-likelihood			Temperature
1			-40670.246316			99900.000000
1000			-36738.363950			36769.542477
2000			-36778.927570			23501.721022
3000			-36086.150995			21265.130236
4000			-38550.649512			19241.389323
5000			-32128.040520			17410.241977
6000			-38994.831275			15753.359626
7000			-34023.863428			14254.157974
8000			-36470.768843			12897.631004
9000			-39213.547231			11670.200782
10000			-32877.742073			10559.581542
11000			-28675.657916			9554.656721
12000			-33336.907196			8645.367688
13000			-34439.271847			7822.613061
14000			-34783.874382			7078.157611
15000			-37756.895136			6404.549832
16000			-31603.218375			5795.047357
17000			-31120.590036			5243.549468
18000			-34842.415087			4744.536038
19000			-30462.905685			4293.012272
20000			-33662.635392			3884.458716
21000			-29675.273611			3514.786020
22000			-30612.158721			3180.294005
23000			-33829.021085			2877.634626
24000			-33052.173592			2603.778466
25000			-32902.378088			2355.984403
26000			-29845.330349			2131.772185
27000			-36633.339741			1928.897594
28000			-27407.277095			1745.329992
29000			-30360.488160			1579.231987
30000			-25128.381720			1428.941048
31000			-23543.104288			1292.952863
32000			-27411.678290			1169.906280
33000			-25555.935201			1058.569685
34000			-23020.056079			957.828671
35000			-22759.436598			866.674888
36000			-17716.437238			784.195947
37000			-22202.583518			709.566288
38000			-15548.442025			642.038917
39000			-15316.988768			580.937931
40000			-15985.076499			525.651749
41000			-13016.477516			475.626993
42000			-14620.722989			430.362949
43000			-12995.632663			389.406552
44000			-12712.227286			352.347857
45000			-11796.600485			318.815931
46000			-11832.408123			288.475142
47000			-10867.324390			261.021797
48000			-8836.481358			236.181108
49000			-8540.021985			213.704435
50000			-8997.155146			193.366803
51000			-8287.389663			174.964643
52000			-8428.763978			158.313765
53000			-7092.172280			143.247502
54000			-6482.657506			129.615051
55000			-6822.594981			117.279962
56000			-6197.000233			106.118767
57000			-5870.116755			96.019751
58000			-6139.629547			86.881830
59000			-6941.655524			78.613537
60000			-7496.444388			71.132114
61000			-6968.956891			64.362677
62000			-5954.563035			58.237467
63000			-5479.833991			52.695176
64000			-5057.197758			47.680328
65000			-4582.307448			43.142730
66000			-4472.984643			39.036961
67000			-4022.762602			35.321926
68000			-3797.651581			31.960441
69000			-3683.792728			28.918858
70000			-3290.639414			26.166734
71000			-3207.166575			23.676522
72000			-3324.722887			21.423296
73000			-3138.870616			19.384503
74000			-3004.595101			17.539736
75000			-2900.286305			15.870530
76000			-2850.961445			14.360177
77000			-2739.031956			12.993561
78000			-2716.266636			11.757001
79000			-2748.517506			10.638121
80000			-2655.559117			9.625722
81000			-2524.658528			8.709670
82000			-2524.658528			7.880796
83000			-2532.246968			7.130803
84000			-2450.671238			6.452185
85000			-2439.288578			5.838150
86000			-2437.391468			5.282550
87000			-2435.494358			4.779825
88000			-2424.111699			4.324943
89000			-2420.317479			3.913350
90000			-2422.214589			3.540928
91000			-2418.420369			3.203948
92000			-2420.317479			2.899038
93000			-2420.317479			2.623145
94000			-2395.655049			2.373508
95000			-2352.021519			2.147628
96000			-2350.124409			1.943244
97000			-2350.124409			1.758311
98000			-2350.124409			1.590978
99000			-2353.918629			1.439569
100000			-2340.638859			1.302570
101000			-2340.638859			1.178608
102000			-2342.535969			1.066443
103000			-2340.638859			0.964953
104000			-2342.535969			0.873121
105000			-2340.638859			0.790029
106000			-2336.844639			0.714844
107000			-2334.947529			0.646814
108000			-2331.153309			0.585259
109000			-2331.153309			0.529561
110000			-2331.153309			0.479165
111000			-2331.153309			0.433564
112000			-2327.359089			0.392303
113000			-2327.359089			0.354969
114000			-2327.359089			0.321187
115000			-2327.359089			0.290621
116000			-2327.359089			0.262963
117000			-2327.359089			0.237938
118000			-2327.359089			0.215294
119000			-2327.359089			0.194805
120000			-2179.384510			0.176266
121000			-2179.384510			0.159491
122000			-2179.384510			0.144313
123000			-2179.384510			0.130579
124000			-2177.487401			0.118152
125000			-2177.487401			0.106908
126000			-2177.487401			0.096734
127000			-2177.487401			0.087528
128000			-2177.487401			0.079198
129000			-2177.487401			0.071661
130000			-2177.487401			0.064841
131000			-2177.487401			0.058671
132000			-2177.487401			0.053087
133000			-2177.487401			0.048035
134000			-2177.487401			0.043464
135000			-2177.487401			0.039327
136000			-2177.487401			0.035585
137000			-2177.487401			0.032198
138000			-2177.487401			0.029134
139000			-2177.487401			0.026361
140000			-2177.487401			0.023853
141000			-2177.487401			0.021583
142000			-2177.487401			0.019529
143000			-2175.590291			0.017670
144000			-2175.590291			0.015989
145000			-2175.590291			0.014467
146000			-2175.590291			0.013090
147000			-2175.590291			0.011844
148000			-2175.590291			0.010717
149000			-2175.590291			0.009697
150000			-2175.590291			0.008774
151000			-2175.590291			0.007939
152000			-2175.590291			0.007184
153000			-2175.590291			0.006500
154000			-2175.590291			0.005882
155000			-2175.590291			0.005322
156000			-2175.590291			0.004815
157000			-2175.590291			0.004357
158000			-2175.590291			0.003942
159000			-2175.590291			0.003567
160000			-2175.590291			0.003228
161000			-2175.590291			0.002921
162000			-2175.590291			0.002643
163000			-2175.590291			0.002391
164000			-2175.590291			0.002164
165000			-2175.590291			0.001958
166000			-2175.590291			0.001771
167000			-2175.590291			0.001603
168000			-2175.590291			0.001450
169000			-2175.590291			0.001312
170000			-2175.590291			0.001187
171000			-2175.590291			0.001074
Iteration: 3
Step			Log-likelihood			Temperature
1			-40961.949707			99900.000000
1000			-36744.630002			36769.542477
2000			-36150.447536			23501.721022
3000			-37934.100445			21265.130236
4000			-35606.020902			19241.389323
5000			-34438.626779			17410.241977
6000			-37589.348321			15753.359626
7000			-38032.588897			14254.157974
8000			-35355.590706			12897.631004
9000			-34394.735223			11670.200782
10000			-30538.112764			10559.581542
11000			-36059.843643			9554.656721
12000			-32294.212118			8645.367688
13000			-35133.124462			7822.613061
14000			-28622.920037			7078.157611
15000			-34843.840074			6404.549832
16000			-32688.315516			5795.047357
17000			-33658.732733			5243.549468
18000			-35929.705457			4744.536038
19000			-29065.887851			4293.012272
20000			-31387.572329			3884.458716
21000			-36712.024345			3514.786020
22000			-30138.945586			3180.294005
23000			-36472.079553			2877.634626
24000			-31728.846928			2603.778466
25000			-34457.920413			2355.984403
26000			-31962.062442			2131.772185
27000			-25995.768598			1928.897594
28000			-26379.662136			1745.329992
29000			-26301.434919			1579.231987
30000			-31719.510967			1428.941048
31000			-23252.307050			1292.952863
32000			-27032.552412			1169.906280
33000			-27862.636320			1058.569685
34000			-21336.067480			957.828671
35000			-29115.658419			866.674888
36000			-21092.856200			784.195947
37000			-19697.251675			709.566288
38000			-16929.250872			642.038917
39000			-17671.466584			580.937931
40000			-11926.463127			525.651749
41000			-18294.085124			475.626993
42000			-13567.601174			430.362949
43000			-15231.721418			389.406552
44000			-10615.093844			352.347857
45000			-11256.440193			318.815931
46000			-11427.188989			288.475142
47000			-11151.726839			261.021797
48000			-10912.954847			236.181108
49000			-9005.318308			213.704435
50000			-7536.676577			193.366803
51000			-8689.075662			174.964643
52000			-8866.512584			158.313765
53000			-6664.812318			143.247502
54000			-7820.914702			129.615051
55000			-5953.724447			117.279962
56000			-6430.731802			106.118767
57000			-6295.746712			96.019751
58000			-5658.188744			86.881830
59000			-4836.713706			78.613537
60000			-4679.576111			71.132114
61000			-4631.509133			64.362677
62000			-4688.164406			58.237467
63000			-4537.776663			52.695176
64000			-4253.597206			47.680328
65000			-4288.487013			43.142730
66000			-4165.045851			39.036961
67000			-3855.042842			35.321926
68000			-3908.097415			31.960441
69000			-3550.349962			28.918858
70000			-3213.373959			26.166734
71000			-3139.805963			23.676522
72000			-3079.130697			21.423296
73000			-2929.226755			19.384503
74000			-2879.901896			17.539736
75000			-2917.844095			15.870530
76000			-2761.765022			14.360177
77000			-2551.218068			12.993561
78000			-2545.526738			11.757001
79000			-2338.741749			10.638121
80000			-2340.638859			9.625722
81000			-2262.857350			8.709670
82000			-2247.680470			7.880796
83000			-2249.577580			7.130803
84000			-2253.371800			6.452185
85000			-2272.342900			5.838150
86000			-2221.120930			5.282550
87000			-2213.532490			4.779825
88000			-2211.635380			4.324943
89000			-2219.223820			3.913350
90000			-2219.223820			3.540928
91000			-2209.738270			3.203948
92000			-2207.841160			2.899038
93000			-2207.841160			2.623145
94000			-2215.429600			2.373508
95000			-2223.018040			2.147628
96000			-2217.326710			1.943244
97000			-2215.429600			1.758311
98000			-2213.532490			1.590978
99000			-2200.252720			1.439569
100000			-2204.046940			1.302570
101000			-2202.149830			1.178608
102000			-2196.458500			1.066443
103000			-2196.458500			0.964953
104000			-2190.767170			0.873121
105000			-2192.664280			0.790029
106000			-2186.972950			0.714844
107000			-2186.972950			0.646814
108000			-2186.972950			0.585259
109000			-2186.972950			0.529561
110000			-2183.178730			0.479165
111000			-2181.281620			0.433564
112000			-2177.487401			0.392303
113000			-2177.487401			0.354969
114000			-2177.487401			0.321187
115000			-2177.487401			0.290621
116000			-2175.590291			0.262963
117000			-2175.590291			0.237938
118000			-2175.590291			0.215294
119000			-2175.590291			0.194805
120000			-2175.590291			0.176266
121000			-2175.590291			0.159491
122000			-2175.590291			0.144313
123000			-2175.590291			0.130579
124000			-2175.590291			0.118152
125000			-2175.590291			0.106908
126000			-2175.590291			0.096734
127000			-2175.590291			0.087528
128000			-2175.590291			0.079198
129000			-2175.590291			0.071661
130000			-2175.590291			0.064841
131000			-2175.590291			0.058671
132000			-2175.590291			0.053087
133000			-2175.590291			0.048035
134000			-2175.590291			0.043464
135000			-2175.590291			0.039327
136000			-2175.590291			0.035585
137000			-2175.590291			0.032198
138000			-2175.590291			0.029134
139000			-2175.590291			0.026361
140000			-2175.590291			0.023853
141000			-2175.590291			0.021583
142000			-2175.590291			0.019529
143000			-2175.590291			0.017670
144000			-2175.590291			0.015989
145000			-2175.590291			0.014467
146000			-2175.590291			0.013090
147000			-2175.590291			0.011844
148000			-2175.590291			0.010717
149000			-2175.590291			0.009697
150000			-2175.590291			0.008774
151000			-2175.590291			0.007939
152000			-2175.590291			0.007184
153000			-2175.590291			0.006500
154000			-2175.590291			0.005882
155000			-2175.590291			0.005322
156000			-2175.590291			0.004815
157000			-2175.590291			0.004357
158000			-2175.590291			0.003942
159000			-2175.590291			0.003567
160000			-2175.590291			0.003228
161000			-2175.590291			0.002921
162000			-2175.590291			0.002643
163000			-2175.590291			0.002391
164000			-2175.590291			0.002164
165000			-2175.590291			0.001958
166000			-2175.590291			0.001771
167000			-2175.590291			0.001603
168000			-2175.590291			0.001450
169000			-2175.590291			0.001312
170000			-2175.590291			0.001187
171000			-2175.590291			0.001074
Iteration: 4
Step			Log-likelihood			Temperature
1			-40401.372752			99900.000000
1000			-37402.490355			36769.542477
2000			-35435.958324			23501.721022
3000			-37376.361788			21265.130236
4000			-35423.118423			19241.389323
5000			-35158.212024			17410.241977
6000			-30397.758878			15753.359626
7000			-34506.600205			14254.157974
8000			-38503.995843			12897.631004
9000			-38217.060113			11670.200782
10000			-30802.160000			10559.581542
11000			-36845.596125			9554.656721
12000			-33636.160934			8645.367688
13000			-37100.506759			7822.613061
14000			-36354.980627			7078.157611
15000			-34453.712738			6404.549832
16000			-37484.265444			5795.047357
17000			-29803.866693			5243.549468
18000			-32932.209955			4744.536038
19000			-33754.549995			4293.012272
20000			-31831.161853			3884.458716
21000			-35112.062732			3514.786020
22000			-34767.181594			3180.294005
23000			-36298.524714			2877.634626
24000			-34347.861620			2603.778466
25000			-26570.625177			2355.984403
26000			-26158.849711			2131.772185
27000			-26807.382724			1928.897594
28000			-27064.797443			1745.329992
29000			-24612.754844			1579.231987
30000			-28853.115413			1428.941048
31000			-29430.203314			1292.952863
32000			-22551.361474			1169.906280
33000			-23478.435443			1058.569685
34000			-23247.278305			957.828671
35000			-23533.439954			866.674888
36000			-21848.861897			784.195947
37000			-19283.520432			709.566288
38000			-19848.744930			642.038917
39000			-17288.907113			580.937931
40000			-13495.484580			525.651749
41000			-15022.775454			475.626993
42000			-12660.967224			430.362949
43000			-15793.629658			389.406552
44000			-13396.142804			352.347857
45000			-9891.037058			318.815931
46000			-8558.644137			288.475142
47000			-10718.983346			261.021797
48000			-9280.249667			236.181108
49000			-7032.948416			213.704435
50000			-9866.342375			193.366803
51000			-7943.394102			174.964643
52000			-9374.190393			158.313765
53000			-9126.882935			143.247502
54000			-7047.603402			129.615051
55000			-7423.322100			117.279962
56000			-7542.813615			106.118767
57000			-6429.377160			96.019751
58000			-6036.288353			86.881830
59000			-5286.484200			78.613537
60000			-4833.274273			71.132114
61000			-4625.172736			64.362677
62000			-4236.103922			58.237467
63000			-4151.024253			52.695176
64000			-4001.991152			47.680328
65000			-4007.101921			43.142730
66000			-3965.784795			39.036961
67000			-3916.750216			35.321926
68000			-3916.685709			31.960441
69000			-3711.765578			28.918858
70000			-3645.334475			26.166734
71000			-3391.637791			23.676522
72000			-3169.675923			21.423296
73000			-3188.647022			19.384503
74000			-3137.425053			17.539736
75000			-3114.111426			15.870530
76000			-3093.243216			14.360177
77000			-3002.214190			12.993561
78000			-2926.458804			11.757001
79000			-2752.311726			10.638121
80000			-2687.809986			9.625722
81000			-2701.089756			8.709670
82000			-2691.604206			7.880796
83000			-2706.781086			7.130803
84000			-2668.838887			6.452185
85000			-2655.559117			5.838150
86000			-2644.176457			5.282550
87000			-2477.230778			4.779825
88000			-2473.436558			4.324943
89000			-2486.716328			3.913350
90000			-2484.819218			3.540928
91000			-2463.951008			3.203948
92000			-2462.053898			2.899038
93000			-2452.568348			2.623145
94000			-2454.465458			2.373508
95000			-2454.465458			2.147628
96000			-2448.774128			1.943244
97000			-2454.465458			1.758311
98000			-2454.465458			1.590978
99000			-2446.877018			1.439569
100000			-2444.979908			1.302570
101000			-2446.877018			1.178608
102000			-2441.185688			1.066443
103000			-2437.391468			0.964953
104000			-2431.700138			0.873121
105000			-2422.214589			0.790029
106000			-2422.214589			0.714844
107000			-2422.214589			0.646814
108000			-2422.214589			0.585259
109000			-2422.214589			0.529561
110000			-2422.214589			0.479165
111000			-2422.214589			0.433564
112000			-2422.214589			0.392303
113000			-2422.214589			0.354969
114000			-2422.214589			0.321187
115000			-2422.214589			0.290621
116000			-2422.214589			0.262963
117000			-2422.214589			0.237938
118000			-2422.214589			0.215294
119000			-2422.214589			0.194805
120000			-2422.214589			0.176266
121000			-2422.214589			0.159491
122000			-2420.317479			0.144313
123000			-2420.317479			0.130579
124000			-2420.317479			0.118152
125000			-2420.317479			0.106908
126000			-2420.317479			0.096734
127000			-2420.317479			0.087528
128000			-2420.317479			0.079198
129000			-2420.317479			0.071661
130000			-2420.317479			0.064841
131000			-2420.317479			0.058671
132000			-2420.317479			0.053087
133000			-2420.317479			0.048035
134000			-2420.317479			0.043464
135000			-2420.317479			0.039327
136000			-2420.317479			0.035585
137000			-2420.317479			0.032198
138000			-2420.317479			0.029134
139000			-2420.317479			0.026361
140000			-2420.317479			0.023853
141000			-2420.317479			0.021583
142000			-2420.317479			0.019529
143000			-2420.317479			0.017670
144000			-2420.317479			0.015989
145000			-2420.317479			0.014467
146000			-2420.317479			0.013090
147000			-2420.317479			0.011844
148000			-2420.317479			0.010717
149000			-2420.317479			0.009697
150000			-2420.317479			0.008774
151000			-2420.317479			0.007939
152000			-2420.317479			0.007184
153000			-2420.317479			0.006500
154000			-2420.317479			0.005882
155000			-2420.317479			0.005322
156000			-2420.317479			0.004815
157000			-2420.317479			0.004357
158000			-2420.317479			0.003942
159000			-2420.317479			0.003567
160000			-2420.317479			0.003228
161000			-2420.317479			0.002921
162000			-2420.317479			0.002643
163000			-2420.317479			0.002391
164000			-2420.317479			0.002164
165000			-2420.317479			0.001958
166000			-2420.317479			0.001771
167000			-2420.317479			0.001603
168000			-2420.317479			0.001450
169000			-2420.317479			0.001312
170000			-2420.317479			0.001187
171000			-2420.317479			0.001074
Iteration: 5
Step			Log-likelihood			Temperature
1			-40325.972154			99900.000000
1000			-34129.855238			36769.542477
2000			-35351.764232			23501.721022
3000			-34218.696874			21265.130236
4000			-32536.224183			19241.389323
5000			-36421.288556			17410.241977
6000			-34613.521524			15753.359626
7000			-32209.454982			14254.157974
8000			-33694.971343			12897.631004
9000			-36188.240147			11670.200782
10000			-35417.916733			10559.581542
11000			-36038.685153			9554.656721
12000			-34817.629482			8645.367688
13000			-37197.060009			7822.613061
14000			-36273.308138			7078.157611
15000			-28792.369801			6404.549832
16000			-34168.662440			5795.047357
17000			-32359.945324			5243.549468
18000			-35053.220069			4744.536038
19000			-32999.769926			4293.012272
20000			-34890.552411			3884.458716
21000			-29757.643996			3514.786020
22000			-34422.042429			3180.294005
23000			-38681.201153			2877.634626
24000			-34094.648736			2603.778466
25000			-28643.885007			2355.984403
26000			-33389.123181			2131.772185
27000			-29226.409269			1928.897594
28000			-27623.708900			1745.329992
29000			-27582.514949			1579.231987
30000			-29083.348881			1428.941048
31000			-25351.440202			1292.952863
32000			-33986.035505			1169.906280
33000			-23696.978454			1058.569685
34000			-27782.447485			957.828671
35000			-22857.312236			866.674888
36000			-22633.350659			784.195947
37000			-18055.843923			709.566288
38000			-15269.889391			642.038917
39000			-17783.762538			580.937931
40000			-13944.557178			525.651749
41000			-14429.824455			475.626993
42000			-14549.096035			430.362949
43000			-13241.180921			389.406552
44000			-14526.964105			352.347857
45000			-11006.558304			318.815931
46000			-11479.583758			288.475142
47000			-11889.670370			261.021797
48000			-9478.079895			236.181108
49000			-9965.341042			213.704435
50000			-9333.711855			193.366803
51000			-9249.561695			174.964643
52000			-10785.053822			158.313765
53000			-8225.031382			143.247502
54000			-6967.763516			129.615051
55000			-6260.856905			117.279962
56000			-6508.668739			106.118767
57000			-6703.302825			96.019751
58000			-5093.366022			86.881830
59000			-4739.251523			78.613537
60000			-4834.042515			71.132114
61000			-4547.036439			64.362677
62000			-4359.803111			58.237467
63000			-4335.172935			52.695176
64000			-4510.765576			47.680328
65000			-3893.597856			43.142730
66000			-3538.354488			39.036961
67000			-3614.529168			35.321926
68000			-3449.609613			31.960441
69000			-3371.828103			28.918858
70000			-3037.936746			26.166734
71000			-2914.624597			23.676522
72000			-2901.344827			21.423296
73000			-2852.019967			19.384503
74000			-2910.765870			17.539736
75000			-2872.888177			15.870530
76000			-2833.113374			14.360177
77000			-2732.566545			12.993561
78000			-2647.454623			11.757001
79000			-2507.068484			10.638121
80000			-2469.126284			9.625722
81000			-2450.155184			8.709670
82000			-2472.920504			7.880796
83000			-2300.799550			7.130803
84000			-2247.680470			6.452185
85000			-2247.680470			5.838150
86000			-2234.400700			5.282550
87000			-2238.194920			4.779825
88000			-2228.709370			4.324943
89000			-2228.709370			3.913350
90000			-2219.223820			3.540928
91000			-2215.429600			3.203948
92000			-2217.326710			2.899038
93000			-2209.738270			2.623145
94000			-2213.532490			2.373508
95000			-2211.635380			2.147628
96000			-2188.870060			1.943244
97000			-2188.870060			1.758311
98000			-2188.870060			1.590978
99000			-2186.972950			1.439569
100000			-2194.561390			1.302570
101000			-2194.561390			1.178608
102000			-2192.664280			1.066443
103000			-2192.664280			0.964953
104000			-2190.767170			0.873121
105000			-2188.870060			0.790029
106000			-2186.972950			0.714844
107000			-2185.075840			0.646814
108000			-2183.178730			0.585259
109000			-2183.178730			0.529561
110000			-2183.178730			0.479165
111000			-2181.281620			0.433564
112000			-2181.281620			0.392303
113000			-2181.281620			0.354969
114000			-2179.384510			0.321187
115000			-2179.384510			0.290621
116000			-2179.384510			0.262963
117000			-2179.384510			0.237938
118000			-2179.384510			0.215294
119000			-2179.384510			0.194805
120000			-2179.384510			0.176266
121000			-2177.487401			0.159491
122000			-2177.487401			0.144313
123000			-2177.487401			0.130579
124000			-2177.487401			0.118152
125000			-2177.487401			0.106908
126000			-2177.487401			0.096734
127000			-2177.487401			0.087528
128000			-2177.487401			0.079198
129000			-2177.487401			0.071661
130000			-2177.487401			0.064841
131000			-2177.487401			0.058671
132000			-2177.487401			0.053087
133000			-2177.487401			0.048035
134000			-2177.487401			0.043464
135000			-2177.487401			0.039327
136000			-2177.487401			0.035585
137000			-2177.487401			0.032198
138000			-2177.487401			0.029134
139000			-2177.487401			0.026361
140000			-2177.487401			0.023853
141000			-2177.487401			0.021583
142000			-2177.487401			0.019529
143000			-2175.590291			0.017670
144000			-2175.590291			0.015989
145000			-2175.590291			0.014467
146000			-2175.590291			0.013090
147000			-2175.590291			0.011844
148000			-2175.590291			0.010717
149000			-2175.590291			0.009697
150000			-2175.590291			0.008774
151000			-2175.590291			0.007939
152000			-2175.590291			0.007184
153000			-2175.590291			0.006500
154000			-2175.590291			0.005882
155000			-2175.590291			0.005322
156000			-2175.590291			0.004815
157000			-2175.590291			0.004357
158000			-2175.590291			0.003942
159000			-2175.590291			0.003567
160000			-2175.590291			0.003228
161000			-2175.590291			0.002921
162000			-2175.590291			0.002643
163000			-2175.590291			0.002391
164000			-2175.590291			0.002164
165000			-2175.590291			0.001958
166000			-2175.590291			0.001771
167000			-2175.590291			0.001603
168000			-2175.590291			0.001450
169000			-2175.590291			0.001312
170000			-2175.590291			0.001187
171000			-2175.590291			0.001074
Iteration: 6
Step			Log-likelihood			Temperature
1			-39877.485955			99900.000000
1000			-32511.664353			36769.542477
2000			-34429.862482			23501.721022
3000			-34689.303324			21265.130236
4000			-36538.909375			19241.389323
5000			-33495.103313			17410.241977
6000			-36420.831169			15753.359626
7000			-32537.836852			14254.157974
8000			-37484.394458			12897.631004
9000			-33790.079031			11670.200782
10000			-30782.414819			10559.581542
11000			-34547.433530			9554.656721
12000			-34327.497786			8645.367688
13000			-29873.646308			7822.613061
14000			-38429.917633			7078.157611
15000			-33087.638121			6404.549832
16000			-33174.131100			5795.047357
17000			-34843.963249			5243.549468
18000			-32315.596381			4744.536038
19000			-32913.904498			4293.012272
20000			-29412.214551			3884.458716
21000			-32619.224900			3514.786020
22000			-36322.826518			3180.294005
23000			-31548.633157			2877.634626
24000			-31938.930657			2603.778466
25000			-31369.234618			2355.984403
26000			-28371.120463			2131.772185
27000			-30728.328138			1928.897594
28000			-28992.533951			1745.329992
29000			-22249.436546			1579.231987
30000			-24624.788411			1428.941048
31000			-26781.210224			1292.952863
32000			-25158.896746			1169.906280
33000			-24529.589802			1058.569685
34000			-30696.437895			957.828671
35000			-28190.255786			866.674888
36000			-25802.307311			784.195947
37000			-23079.972000			709.566288
38000			-18189.635637			642.038917
39000			-18771.482578			580.937931
40000			-16575.737508			525.651749
41000			-17750.796255			475.626993
42000			-14758.974566			430.362949
43000			-13709.385886			389.406552
44000			-9575.676931			352.347857
45000			-14441.491556			318.815931
46000			-14082.031617			288.475142
47000			-9273.875177			261.021797
48000			-7703.557749			236.181108
49000			-10301.258523			213.704435
50000			-8596.703672			193.366803
51000			-7171.082657			174.964643
52000			-6723.913008			158.313765
53000			-6723.106674			143.247502
54000			-6961.471050			129.615051
55000			-7147.645856			117.279962
56000			-7647.450784			106.118767
57000			-7174.812371			96.019751
58000			-6855.619932			86.881830
59000			-6590.056787			78.613537
60000			-6159.858529			71.132114
61000			-5906.091499			64.362677
62000			-4729.572453			58.237467
63000			-4310.988467			52.695176
64000			-4229.283724			47.680328
65000			-3913.046917			43.142730
66000			-4046.360670			39.036961
67000			-3551.376231			35.321926
68000			-3473.755988			31.960441
69000			-3542.051948			28.918858
70000			-3371.312049			26.166734
71000			-3360.316430			23.676522
72000			-3310.798050			21.423296
73000			-3299.673417			19.384503
74000			-3239.449698			17.539736
75000			-3220.478598			15.870530
76000			-3218.581488			14.360177
77000			-3049.738700			12.993561
78000			-2970.060080			11.757001
79000			-2939.706321			10.638121
80000			-2951.088980			9.625722
81000			-2952.986090			8.709670
82000			-2878.998801			7.880796
83000			-2875.204581			7.130803
84000			-2715.847342			6.452185
85000			-2450.671238			5.838150
86000			-2443.082798			5.282550
87000			-2370.992619			4.779825
88000			-2367.198399			4.324943
89000			-2315.976429			3.913350
90000			-2295.108220			3.540928
91000			-2304.593769			3.203948
92000			-2304.593769			2.899038
93000			-2249.577580			2.623145
94000			-2245.783360			2.373508
95000			-2251.474690			2.147628
96000			-2205.944050			1.943244
97000			-2205.944050			1.758311
98000			-2204.046940			1.590978
99000			-2198.355610			1.439569
100000			-2194.561390			1.302570
101000			-2192.664280			1.178608
102000			-2192.664280			1.066443
103000			-2192.664280			0.964953
104000			-2190.767170			0.873121
105000			-2190.767170			0.790029
106000			-2190.767170			0.714844
107000			-2194.561390			0.646814
108000			-2194.561390			0.585259
109000			-2190.767170			0.529561
110000			-2188.870060			0.479165
111000			-2188.870060			0.433564
112000			-2183.178730			0.392303
113000			-2183.178730			0.354969
114000			-2181.281620			0.321187
115000			-2181.281620			0.290621
116000			-2181.281620			0.262963
117000			-2179.384510			0.237938
118000			-2177.487401			0.215294
119000			-2177.487401			0.194805
120000			-2177.487401			0.176266
121000			-2177.487401			0.159491
122000			-2177.487401			0.144313
123000			-2175.590291			0.130579
124000			-2175.590291			0.118152
125000			-2175.590291			0.106908
126000			-2175.590291			0.096734
127000			-2175.590291			0.087528
128000			-2175.590291			0.079198
129000			-2175.590291			0.071661
130000			-2175.590291			0.064841
131000			-2175.590291			0.058671
132000			-2175.590291			0.053087
133000			-2175.590291			0.048035
134000			-2175.590291			0.043464
135000			-2175.590291			0.039327
136000			-2175.590291			0.035585
137000			-2175.590291			0.032198
138000			-2175.590291			0.029134
139000			-2175.590291			0.026361
140000			-2175.590291			0.023853
141000			-2175.590291			0.021583
142000			-2175.590291			0.019529
143000			-2175.590291			0.017670
144000			-2175.590291			0.015989
145000			-2175.590291			0.014467
146000			-2175.590291			0.013090
147000			-2175.590291			0.011844
148000			-2175.590291			0.010717
149000			-2175.590291			0.009697
150000			-2175.590291			0.008774
151000			-2175.590291			0.007939
152000			-2175.590291			0.007184
153000			-2175.590291			0.006500
154000			-2175.590291			0.005882
155000			-2175.590291			0.005322
156000			-2175.590291			0.004815
157000			-2175.590291			0.004357
158000			-2175.590291			0.003942
159000			-2175.590291			0.003567
160000			-2175.590291			0.003228
161000			-2175.590291			0.002921
162000			-2175.590291			0.002643
163000			-2175.590291			0.002391
164000			-2175.590291			0.002164
165000			-2175.590291			0.001958
166000			-2175.590291			0.001771
167000			-2175.590291			0.001603
168000			-2175.590291			0.001450
169000			-2175.590291			0.001312
170000			-2175.590291			0.001187
171000			-2175.590291			0.001074
Iteration: 7
Step			Log-likelihood			Temperature
1			-38264.889639			99900.000000
1000			-34405.543161			36769.542477
2000			-36644.012827			23501.721022
3000			-33331.054599			21265.130236
4000			-32686.966713			19241.389323
5000			-30701.167462			17410.241977
6000			-31957.972103			15753.359626
7000			-33072.305814			14254.157974
8000			-33768.835458			12897.631004
9000			-36057.456893			11670.200782
10000			-39236.758259			10559.581542
11000			-27920.652073			9554.656721
12000			-33324.627281			8645.367688
13000			-30682.105441			7822.613061
14000			-35055.477805			7078.157611
15000			-28500.033021			6404.549832
16000			-37212.204635			5795.047357
17000			-34917.950538			5243.549468
18000			-38497.193163			4744.536038
19000			-32551.186968			4293.012272
20000			-26280.727976			3884.458716
21000			-37528.989749			3514.786020
22000			-35702.052259			3180.294005
23000			-29701.041552			2877.634626
24000			-34098.372610			2603.778466
25000			-25207.215912			2355.984403
26000			-27267.826304			2131.772185
27000			-32064.397943			1928.897594
28000			-30560.271109			1745.329992
29000			-33110.356452			1579.231987
30000			-25831.312268			1428.941048
31000			-28297.505478			1292.952863
32000			-27333.283966			1169.906280
33000			-27812.220684			1058.569685
34000			-21015.338557			957.828671
35000			-22406.128432			866.674888
36000			-22025.131859			784.195947
37000			-17620.238776			709.566288
38000			-15790.243053			642.038917
39000			-18364.659395			580.937931
40000			-17217.843202			525.651749
41000			-17136.578329			475.626993
42000			-13640.685369			430.362949
43000			-17560.006159			389.406552
44000			-11094.658112			352.347857
45000			-13683.659095			318.815931
46000			-11399.996060			288.475142
47000			-11922.185106			261.021797
48000			-10518.921795			236.181108
49000			-9003.383105			213.704435
50000			-8246.952275			193.366803
51000			-8098.364882			174.964643
52000			-9170.258438			158.313765
53000			-8514.805409			143.247502
54000			-7773.750818			129.615051
55000			-6797.733192			117.279962
56000			-7299.951284			106.118767
57000			-5929.449057			96.019751
58000			-6262.276053			86.881830
59000			-6057.065641			78.613537
60000			-6242.369606			71.132114
61000			-6254.139306			64.362677
62000			-5701.596500			58.237467
63000			-5090.249123			52.695176
64000			-5024.495341			47.680328
65000			-4653.500372			43.142730
66000			-4515.366130			39.036961
67000			-4248.163903			35.321926
68000			-4206.782270			31.960441
69000			-3975.463866			28.918858
70000			-3963.919939			26.166734
71000			-3590.737579			23.676522
72000			-3194.273846			21.423296
73000			-3051.958343			19.384503
74000			-3048.196377			17.539736
75000			-3124.048523			15.870530
76000			-3078.517883			14.360177
77000			-3002.794751			12.993561
78000			-2878.966548			11.757001
79000			-2791.699488			10.638121
80000			-2774.625499			9.625722
81000			-2591.057377			8.709670
82000			-2572.086277			7.880796
83000			-2575.880497			7.130803
84000			-2589.160267			6.452185
85000			-2583.468937			5.838150
86000			-2507.584538			5.282550
87000			-2505.687428			4.779825
88000			-2452.568348			4.324943
89000			-2460.156788			3.913350
90000			-2456.362568			3.540928
91000			-2378.581059			3.203948
92000			-2357.712849			2.899038
93000			-2352.021519			2.623145
94000			-2314.079319			2.373508
95000			-2315.976429			2.147628
96000			-2308.387989			1.943244
97000			-2297.005330			1.758311
98000			-2259.063130			1.590978
99000			-2209.738270			1.439569
100000			-2207.841160			1.302570
101000			-2198.355610			1.178608
102000			-2192.664280			1.066443
103000			-2188.870060			0.964953
104000			-2188.870060			0.873121
105000			-2185.075840			0.790029
106000			-2186.972950			0.714844
107000			-2186.972950			0.646814
108000			-2186.972950			0.585259
109000			-2185.075840			0.529561
110000			-2183.178730			0.479165
111000			-2183.178730			0.433564
112000			-2179.384510			0.392303
113000			-2179.384510			0.354969
114000			-2177.487401			0.321187
115000			-2177.487401			0.290621
116000			-2175.590291			0.262963
117000			-2175.590291			0.237938
118000			-2175.590291			0.215294
119000			-2175.590291			0.194805
120000			-2175.590291			0.176266
121000			-2175.590291			0.159491
122000			-2175.590291			0.144313
123000			-2175.590291			0.130579
124000			-2175.590291			0.118152
125000			-2175.590291			0.106908
126000			-2175.590291			0.096734
127000			-2175.590291			0.087528
128000			-2175.590291			0.079198
129000			-2175.590291			0.071661
130000			-2175.590291			0.064841
131000			-2175.590291			0.058671
132000			-2175.590291			0.053087
133000			-2175.590291			0.048035
134000			-2175.590291			0.043464
135000			-2175.590291			0.039327
136000			-2175.590291			0.035585
137000			-2175.590291			0.032198
138000			-2175.590291			0.029134
139000			-2175.590291			0.026361
140000			-2175.590291			0.023853
141000			-2175.590291			0.021583
142000			-2175.590291			0.019529
143000			-2175.590291			0.017670
144000			-2175.590291			0.015989
145000			-2175.590291			0.014467
146000			-2175.590291			0.013090
147000			-2175.590291			0.011844
148000			-2175.590291			0.010717
149000			-2175.590291			0.009697
150000			-2175.590291			0.008774
151000			-2175.590291			0.007939
152000			-2175.590291			0.007184
153000			-2175.590291			0.006500
154000			-2175.590291			0.005882
155000			-2175.590291			0.005322
156000			-2175.590291			0.004815
157000			-2175.590291			0.004357
158000			-2175.590291			0.003942
159000			-2175.590291			0.003567
160000			-2175.590291			0.003228
161000			-2175.590291			0.002921
162000			-2175.590291			0.002643
163000			-2175.590291			0.002391
164000			-2175.590291			0.002164
165000			-2175.590291			0.001958
166000			-2175.590291			0.001771
167000			-2175.590291			0.001603
168000			-2175.590291			0.001450
169000			-2175.590291			0.001312
170000			-2175.590291			0.001187
171000			-2175.590291			0.001074
Iteration: 8
Step			Log-likelihood			Temperature
1			-39862.341329			99900.000000
1000			-30133.368533			36769.542477
2000			-37986.161002			23501.721022
3000			-32514.980611			21265.130236
4000			-35692.566709			19241.389323
5000			-30989.475351			17410.241977
6000			-35096.950358			15753.359626
7000			-37644.874725			14254.157974
8000			-35659.714703			12897.631004
9000			-36537.903681			11670.200782
10000			-37798.018741			10559.581542
11000			-38179.783556			9554.656721
12000			-28311.708918			8645.367688
13000			-34950.840636			7822.613061
14000			-33076.642502			7078.157611
15000			-33137.388114			6404.549832
16000			-29828.411787			5795.047357
17000			-34709.171680			5243.549468
18000			-39031.031793			4744.536038
19000			-22912.070399			4293.012272
20000			-33213.040901			3884.458716
21000			-34753.863732			3514.786020
22000			-32479.768270			3180.294005
23000			-37010.735615			2877.634626
24000			-34649.824641			2603.778466
25000			-33464.007726			2355.984403
26000			-30863.931881			2131.772185
27000			-37260.948934			1928.897594
28000			-31854.094279			1745.329992
29000			-34101.946896			1579.231987
30000			-25299.444152			1428.941048
31000			-25219.442999			1292.952863
32000			-27657.936123			1169.906280
33000			-26472.884391			1058.569685
34000			-21034.749526			957.828671
35000			-23072.975799			866.674888
36000			-24214.514117			784.195947
37000			-23568.851655			709.566288
38000			-22028.621063			642.038917
39000			-18996.529092			580.937931
40000			-16535.604860			525.651749
41000			-12910.594144			475.626993
42000			-17672.827065			430.362949
43000			-12943.495921			389.406552
44000			-14450.015344			352.347857
45000			-11254.628165			318.815931
46000			-13317.704549			288.475142
47000			-11499.560551			261.021797
48000			-11058.167314			236.181108
49000			-9779.837718			213.704435
50000			-9303.991485			193.366803
51000			-7291.213400			174.964643
52000			-7504.232187			158.313765
53000			-6995.806711			143.247502
54000			-6393.112136			129.615051
55000			-6947.862907			117.279962
56000			-6465.067463			106.118767
57000			-6856.613947			96.019751
58000			-5549.317486			86.881830
59000			-5782.145960			78.613537
60000			-5191.279753			71.132114
61000			-4741.218979			64.362677
62000			-4503.725443			58.237467
63000			-4179.964703			52.695176
64000			-4560.541983			47.680328
65000			-3949.704821			43.142730
66000			-3942.051874			39.036961
67000			-3828.289782			35.321926
68000			-3674.656127			31.960441
69000			-3828.322035			28.918858
70000			-3902.244818			26.166734
71000			-3568.675994			23.676522
72000			-3538.064208			21.423296
73000			-3313.082200			19.384503
74000			-3199.287855			17.539736
75000			-2905.977635			15.870530
76000			-2866.138325			14.360177
77000			-2828.196125			12.993561
78000			-2826.299015			11.757001
79000			-2809.225025			10.638121
80000			-2763.694386			9.625722
81000			-2748.517506			8.709670
82000			-2517.070088			7.880796
83000			-2526.555638			7.130803
84000			-2443.082798			6.452185
85000			-2450.671238			5.838150
86000			-2465.848118			5.282550
87000			-2467.745228			4.779825
88000			-2454.465458			4.324943
89000			-2448.774128			3.913350
90000			-2446.877018			3.540928
91000			-2435.494358			3.203948
92000			-2446.877018			2.899038
93000			-2443.082798			2.623145
94000			-2450.671238			2.373508
95000			-2202.149830			2.147628
96000			-2194.561390			1.943244
97000			-2196.458500			1.758311
98000			-2198.355610			1.590978
99000			-2194.561390			1.439569
100000			-2194.561390			1.302570
101000			-2186.972950			1.178608
102000			-2186.972950			1.066443
103000			-2185.075840			0.964953
104000			-2185.075840			0.873121
105000			-2185.075840			0.790029
106000			-2188.870060			0.714844
107000			-2188.870060			0.646814
108000			-2188.870060			0.585259
109000			-2183.178730			0.529561
110000			-2181.281620			0.479165
111000			-2181.281620			0.433564
112000			-2181.281620			0.392303
113000			-2181.281620			0.354969
114000			-2177.487401			0.321187
115000			-2175.590291			0.290621
116000			-2175.590291			0.262963
117000			-2175.590291			0.237938
118000			-2175.590291			0.215294
119000			-2175.590291			0.194805
120000			-2175.590291			0.176266
121000			-2175.590291			0.159491
122000			-2175.590291			0.144313
123000			-2175.590291			0.130579
124000			-2175.590291			0.118152
125000			-2175.590291			0.106908
126000			-2175.590291			0.096734
127000			-2175.590291			0.087528
128000			-2175.590291			0.079198
129000			-2175.590291			0.071661
130000			-2175.590291			0.064841
131000			-2175.590291			0.058671
132000			-2175.590291			0.053087
133000			-2175.590291			0.048035
134000			-2175.590291			0.043464
135000			-2175.590291			0.039327
136000			-2175.590291			0.035585
137000			-2175.590291			0.032198
138000			-2175.590291			0.029134
139000			-2175.590291			0.026361
140000			-2175.590291			0.023853
141000			-2175.590291			0.021583
142000			-2175.590291			0.019529
143000			-2175.590291			0.017670
144000			-2175.590291			0.015989
145000			-2175.590291			0.014467
146000			-2175.590291			0.013090
147000			-2175.590291			0.011844
148000			-2175.590291			0.010717
149000			-2175.590291			0.009697
150000			-2175.590291			0.008774
151000			-2175.590291			0.007939
152000			-2175.590291			0.007184
153000			-2175.590291			0.006500
154000			-2175.590291			0.005882
155000			-2175.590291			0.005322
156000			-2175.590291			0.004815
157000			-2175.590291			0.004357
158000			-2175.590291			0.003942
159000			-2175.590291			0.003567
160000			-2175.590291			0.003228
161000			-2175.590291			0.002921
162000			-2175.590291			0.002643
163000			-2175.590291			0.002391
164000			-2175.590291			0.002164
165000			-2175.590291			0.001958
166000			-2175.590291			0.001771
167000			-2175.590291			0.001603
168000			-2175.590291			0.001450
169000			-2175.590291			0.001312
170000			-2175.590291			0.001187
171000			-2175.590291			0.001074
Iteration: 9
Step			Log-likelihood			Temperature
1			-40506.165349			99900.000000
1000			-32841.406703			36769.542477
2000			-36327.007778			23501.721022
3000			-36467.775118			21265.130236
4000			-34830.006158			19241.389323
5000			-34965.217021			17410.241977
6000			-37600.537461			15753.359626
7000			-37225.780525			14254.157974
8000			-30324.900457			12897.631004
9000			-36524.107857			11670.200782
10000			-36858.831963			10559.581542
11000			-34754.637813			9554.656721
12000			-32659.199062			8645.367688
13000			-32299.032606			7822.613061
14000			-32977.198126			7078.157611
15000			-31711.793513			6404.549832
16000			-33210.483987			5795.047357
17000			-29373.240244			5243.549468
18000			-34028.147287			4744.536038
19000			-35073.094263			4293.012272
20000			-31240.069873			3884.458716
21000			-38366.087375			3514.786020
22000			-29316.268276			3180.294005
23000			-30072.907363			2877.634626
24000			-36308.197945			2603.778466
25000			-31857.457527			2355.984403
26000			-35849.619222			2131.772185
27000			-33696.062119			1928.897594
28000			-28351.187601			1745.329992
29000			-30936.209741			1579.231987
30000			-22424.577639			1428.941048
31000			-27973.797567			1292.952863
32000			-27905.507447			1169.906280
33000			-28964.523009			1058.569685
34000			-21161.055400			957.828671
35000			-23034.124666			866.674888
36000			-19160.061752			784.195947
37000			-21421.947644			709.566288
38000			-21013.124752			642.038917
39000			-15146.114017			580.937931
40000			-19995.194703			525.651749
41000			-16403.440551			475.626993
42000			-13661.682592			430.362949
43000			-14775.538341			389.406552
44000			-14729.227782			352.347857
45000			-14159.956876			318.815931
46000			-13176.699757			288.475142
47000			-12310.301055			261.021797
48000			-9668.444858			236.181108
49000			-9326.375603			213.704435
50000			-8927.923839			193.366803
51000			-7324.742727			174.964643
52000			-7019.346112			158.313765
53000			-8039.560312			143.247502
54000			-6962.110279			129.615051
55000			-7888.506926			117.279962
56000			-6713.401189			106.118767
57000			-7136.521223			96.019751
58000			-6558.676758			86.881830
59000			-6241.375590			78.613537
60000			-5905.683883			71.132114
61000			-5938.192780			64.362677
62000			-4786.910885			58.237467
63000			-4545.913410			52.695176
64000			-4508.035717			47.680328
65000			-4423.085062			43.142730
66000			-4028.453932			39.036961
67000			-4291.345885			35.321926
68000			-3817.455429			31.960441
69000			-3603.082001			28.918858
70000			-3849.706299			26.166734
71000			-3868.645146			23.676522
72000			-3805.911503			21.423296
73000			-3230.383442			19.384503
74000			-3078.614643			17.539736
75000			-2943.919834			15.870530
76000			-2997.038914			14.360177
77000			-3031.186894			12.993561
78000			-2981.862034			11.757001
79000			-3031.186894			10.638121
80000			-3010.318684			9.625722
81000			-2995.141804			8.709670
82000			-2930.640064			7.880796
83000			-2932.537174			7.130803
84000			-2938.228504			6.452185
85000			-2898.389195			5.838150
86000			-2892.697865			5.282550
87000			-2860.446995			4.779825
88000			-2856.652775			4.324943
89000			-2860.446995			3.913350
90000			-2845.270115			3.540928
91000			-2841.475895			3.203948
92000			-2835.784565			2.899038
93000			-2830.093235			2.623145
94000			-2831.990345			2.373508
95000			-2837.681675			2.147628
96000			-2839.578785			1.943244
97000			-2830.093235			1.758311
98000			-2824.401905			1.590978
99000			-2828.196125			1.439569
100000			-2826.299015			1.302570
101000			-2828.196125			1.178608
102000			-2822.504795			1.066443
103000			-2826.299015			0.964953
104000			-2828.196125			0.873121
105000			-2826.299015			0.790029
106000			-2822.504795			0.714844
107000			-2822.504795			0.646814
108000			-2822.504795			0.585259
109000			-2818.710575			0.529561
110000			-2818.710575			0.479165
111000			-2816.813465			0.433564
112000			-2813.019245			0.392303
113000			-2813.019245			0.354969
114000			-2813.019245			0.321187
115000			-2813.019245			0.290621
116000			-2813.019245			0.262963
117000			-2813.019245			0.237938
118000			-2813.019245			0.215294
119000			-2813.019245			0.194805
120000			-2813.019245			0.176266
121000			-2813.019245			0.159491
122000			-2813.019245			0.144313
123000			-2813.019245			0.130579
124000			-2813.019245			0.118152
125000			-2813.019245			0.106908
126000			-2813.019245			0.096734
127000			-2813.019245			0.087528
128000			-2813.019245			0.079198
129000			-2813.019245			0.071661
130000			-2811.122135			0.064841
131000			-2811.122135			0.058671
132000			-2811.122135			0.053087
133000			-2811.122135			0.048035
134000			-2811.122135			0.043464
135000			-2811.122135			0.039327
136000			-2811.122135			0.035585
137000			-2811.122135			0.032198
138000			-2811.122135			0.029134
139000			-2811.122135			0.026361
140000			-2811.122135			0.023853
141000			-2811.122135			0.021583
142000			-2811.122135			0.019529
143000			-2811.122135			0.017670
144000			-2811.122135			0.015989
145000			-2811.122135			0.014467
146000			-2811.122135			0.013090
147000			-2811.122135			0.011844
148000			-2811.122135			0.010717
149000			-2811.122135			0.009697
150000			-2811.122135			0.008774
151000			-2811.122135			0.007939
152000			-2811.122135			0.007184
153000			-2811.122135			0.006500
154000			-2811.122135			0.005882
155000			-2811.122135			0.005322
156000			-2811.122135			0.004815
157000			-2811.122135			0.004357
158000			-2811.122135			0.003942
159000			-2811.122135			0.003567
160000			-2811.122135			0.003228
161000			-2811.122135			0.002921
162000			-2811.122135			0.002643
163000			-2811.122135			0.002391
164000			-2811.122135			0.002164
165000			-2811.122135			0.001958
166000			-2811.122135			0.001771
167000			-2811.122135			0.001603
168000			-2811.122135			0.001450
169000			-2811.122135			0.001312
170000			-2811.122135			0.001187
171000			-2811.122135			0.001074
Iteration: 10
Step			Log-likelihood			Temperature
1			-39703.274370			99900.000000
1000			-37599.725287			36769.542477
2000			-32887.866851			23501.721022
3000			-32191.941123			21265.130236
4000			-36543.923384			19241.389323
5000			-32356.822586			17410.241977
6000			-31616.052437			15753.359626
7000			-38351.851682			14254.157974
8000			-37343.562611			12897.631004
9000			-33945.498300			11670.200782
10000			-35849.522462			10559.581542
11000			-36356.367522			9554.656721
12000			-33761.939076			8645.367688
13000			-30943.991701			7822.613061
14000			-36880.087214			7078.157611
15000			-31092.546841			6404.549832
16000			-30577.828899			5795.047357
17000			-33130.858196			5243.549468
18000			-35732.502779			4744.536038
19000			-34996.306769			4293.012272
20000			-34498.958937			3884.458716
21000			-34323.542299			3514.786020
22000			-35167.331109			3180.294005
23000			-23533.929594			2877.634626
24000			-29799.315909			2603.778466
25000			-34784.739384			2355.984403
26000			-30784.549381			2131.772185
27000			-29080.059037			1928.897594
28000			-29397.451126			1745.329992
29000			-31721.322995			1579.231987
30000			-26347.056479			1428.941048
31000			-28254.203379			1292.952863
32000			-30662.102234			1169.906280
33000			-29962.235755			1058.569685
34000			-22354.449076			957.828671
35000			-21769.156864			866.674888
36000			-23155.416531			784.195947
37000			-16153.221392			709.566288
38000			-23077.576353			642.038917
39000			-15540.745147			580.937931
40000			-14784.132475			525.651749
41000			-17123.943626			475.626993
42000			-13032.874185			430.362949
43000			-12888.828679			389.406552
44000			-11309.025701			352.347857
45000			-14023.681651			318.815931
46000			-13362.364348			288.475142
47000			-12951.116614			261.021797
48000			-10013.924074			236.181108
49000			-12066.429972			213.704435
50000			-9253.452675			193.366803
51000			-8085.387071			174.964643
52000			-7814.422877			158.313765
53000			-7235.294116			143.247502
54000			-5415.036132			129.615051
55000			-6871.843656			117.279962
56000			-5512.685997			106.118767
57000			-6251.494530			96.019751
58000			-5976.768369			86.881830
59000			-5775.545697			78.613537
60000			-5904.065375			71.132114
61000			-5730.531111			64.362677
62000			-5580.530409			58.237467
63000			-5178.348931			52.695176
64000			-4567.195075			47.680328
65000			-4393.564051			43.142730
66000			-4434.268362			39.036961
67000			-4109.062060			35.321926
68000			-3908.065161			31.960441
69000			-3881.634635			28.918858
70000			-3714.688957			26.166734
71000			-3580.123161			23.676522
72000			-3337.260830			21.423296
73000			-3348.449969			19.384503
74000			-3371.473316			17.539736
75000			-2737.102593			15.870530
76000			-2560.703617			14.360177
77000			-2427.905919			12.993561
78000			-2336.844639			11.757001
79000			-2338.741749			10.638121
80000			-2308.387989			9.625722
81000			-2259.063130			8.709670
82000			-2268.548680			7.880796
83000			-2268.548680			7.130803
84000			-2236.297810			6.452185
85000			-2240.092030			5.838150
86000			-2207.841160			5.282550
87000			-2207.841160			4.779825
88000			-2213.532490			4.324943
89000			-2215.429600			3.913350
90000			-2205.944050			3.540928
91000			-2211.635380			3.203948
92000			-2192.664280			2.899038
93000			-2198.355610			2.623145
94000			-2200.252720			2.373508
95000			-2200.252720			2.147628
96000			-2198.355610			1.943244
97000			-2202.149830			1.758311
98000			-2205.944050			1.590978
99000			-2202.149830			1.439569
100000			-2198.355610			1.302570
101000			-2186.972950			1.178608
102000			-2188.870060			1.066443
103000			-2188.870060			0.964953
104000			-2186.972950			0.873121
105000			-2186.972950			0.790029
106000			-2185.075840			0.714844
107000			-2183.178730			0.646814
108000			-2183.178730			0.585259
109000			-2183.178730			0.529561
110000			-2183.178730			0.479165
111000			-2181.281620			0.433564
112000			-2181.281620			0.392303
113000			-2181.281620			0.354969
114000			-2181.281620			0.321187
115000			-2181.281620			0.290621
116000			-2181.281620			0.262963
117000			-2181.281620			0.237938
118000			-2181.281620			0.215294
119000			-2181.281620			0.194805
120000			-2181.281620			0.176266
121000			-2181.281620			0.159491
122000			-2179.384510			0.144313
123000			-2179.384510			0.130579
124000			-2179.384510			0.118152
125000			-2179.384510			0.106908
126000			-2179.384510			0.096734
127000			-2179.384510			0.087528
128000			-2179.384510			0.079198
129000			-2179.384510			0.071661
130000			-2179.384510			0.064841
131000			-2179.384510			0.058671
132000			-2179.384510			0.053087
133000			-2179.384510			0.048035
134000			-2179.384510			0.043464
135000			-2179.384510			0.039327
136000			-2179.384510			0.035585
137000			-2179.384510			0.032198
138000			-2179.384510			0.029134
139000			-2179.384510			0.026361
140000			-2179.384510			0.023853
141000			-2179.384510			0.021583
142000			-2179.384510			0.019529
143000			-2179.384510			0.017670
144000			-2179.384510			0.015989
145000			-2179.384510			0.014467
146000			-2179.384510			0.013090
147000			-2179.384510			0.011844
148000			-2179.384510			0.010717
149000			-2179.384510			0.009697
150000			-2179.384510			0.008774
151000			-2179.384510			0.007939
152000			-2179.384510			0.007184
153000			-2179.384510			0.006500
154000			-2179.384510			0.005882
155000			-2179.384510			0.005322
156000			-2179.384510			0.004815
157000			-2179.384510			0.004357
158000			-2179.384510			0.003942
159000			-2179.384510			0.003567
160000			-2179.384510			0.003228
161000			-2179.384510			0.002921
162000			-2179.384510			0.002643
163000			-2179.384510			0.002391
164000			-2179.384510			0.002164
165000			-2179.384510			0.001958
166000			-2179.384510			0.001771
167000			-2179.384510			0.001603
168000			-2179.384510			0.001450
169000			-2179.384510			0.001312
170000			-2179.384510			0.001187
171000			-2179.384510			0.001074

Maximum likelihood Tree found: -2175.590291
digraph g {
	"49" -> "50";
	"50" [label="29"];
	"48" -> "49";
	"49" [label="25"];
	"47" -> "48";
	"48" [label="45"];
	"46" -> "47";
	"47" [label="16"];
	"45" -> "46";
	"46" [label="36"];
	"44" -> "45";
	"45" [label="39"];
	"43" -> "44";
	"44" [label="49"];
	"42" -> "43";
	"43" [label="34"];
	"41" -> "42";
	"42" [label="11"];
	"40" -> "41";
	"41" [label="42"];
	"39" -> "40";
	"40" [label="8"];
	"38" -> "39";
	"39" [label="43"];
	"37" -> "38";
	"38" [label="46"];
	"36" -> "37";
	"37" [label="5"];
	"35" -> "36";
	"36" [label="2"];
	"34" -> "35";
	"35" [label="22"];
	"33" -> "34";
	"34" [label="40"];
	"32" -> "33";
	"33" [label="23"];
	"31" -> "32";
	"32" [label="20"];
	"30" -> "31";
	"31" [label="37"];
	"29" -> "30";
	"30" [label="30"];
	"28" -> "29";
	"29" [label="9"];
	"27" -> "28";
	"28" [label="24"];
	"26" -> "27";
	"27" [label="14"];
	"25" -> "26";
	"26" [label="18"];
	"24" -> "25";
	"25" [label="32"];
	"23" -> "24";
	"24" [label="19"];
	"22" -> "23";
	"23" [label="4"];
	"21" -> "22";
	"22" [label="26"];
	"20" -> "21";
	"21" [label="10"];
	"18" -> "19";
	"19" [label="50"];
	"17" -> "18";
	"18" [label="28"];
	"16" -> "17";
	"17" [label="33"];
	"14" -> "15";
	"15" [label="35"];
	"13" -> "14";
	"14" [label="13"];
	"12" -> "13";
	"13" [label="6"];
	"11" -> "12";
	"12" [label="48"];
	"10" -> "11";
	"11" [label="27"];
	"10" -> "16";
	"16" [label="12"];
	"9" -> "10";
	"10" [label="38"];
	"8" -> "9";
	"9" [label="31"];
	"7" -> "8";
	"8" [label="17"];
	"7" -> "20";
	"20" [label="21"];
	"6" -> "7";
	"7" [label="41"];
	"5" -> "6";
	"6" [label="3"];
	"4" -> "5";
	"5" [label="47"];
	"3" -> "4";
	"4" [label="44"];
	"2" -> "3";
	"3" [label="7"];
	"1" -> "2";
	"2" [label="1"];
	"0" -> "1";
	"1" [label="15"];
	"0" [label="germline"];
	labelloc="t";
	label="Confidence score: -2175.590291";
}
Best cell assignment:
10 25 44 50 43 48 15 44 44 50 50 43 25 25 5 13 43 10 50 25 18 44 25 6 9 36 50 48 47 48 10 6 47 32 50 48 10 46 44 47 50 9 37 10 48 19 19 50 6 19 44 49 44 50 42 15 44 48 18 19 15 6 25 43 6 50 19 25 19 18 5 15 43 6 10 6 37 19 10 19 15 10 37 6 14 18 49 9 19 10 24 50 25 37 46 48 6 35 49 19 19 37 50 25 48 48 10 37 50 44 50 48 9 48 10 9 19 43 50 50 48 37 37 44 36 10 15 15 23 5 50 44 19 10 15 6 8 48 39 19 47 44 50 25 9 50 18 44 48 50 18 9 6 48 35 22 48 24 14 50 37 24 50 44 36 50 37 15 9 43 19 4 10 19 15 50 36 36 6 15 43 19 21 5 10 44 50 3 37 43 43 35 50 10 19 8 8 19 37 37 18 37 19 45 10 17 9 25 15 19 19 6 25 44 50 48 15 49 36 10 47 37 14 37 25 23 24 6 37 50 15 48 48 19 15 49 48 48 48 37 15 9 14 9 15 19 15 13 37 42 
alpha: 0.150000
beta: 0.000010
gamma: 1.000000
delta: 1.000000
