Starting SASC.
Iteration: 1
Step			Log-likelihood			Temperature
1			-33602.702462			99900.000000
1000			-28450.377239			36769.542477
2000			-30065.547986			23501.721022
3000			-28773.053043			21265.130236
4000			-29057.666530			19241.389323
5000			-33040.589023			17410.241977
6000			-30682.730442			15753.359626
7000			-32298.411404			14254.157974
8000			-31484.299032			12897.631004
9000			-30668.462496			11670.200782
10000			-33207.953996			10559.581542
11000			-32492.019221			9554.656721
12000			-26943.869494			8645.367688
13000			-24020.686873			7822.613061
14000			-26887.536755			7078.157611
15000			-31581.218747			6404.549832
16000			-27747.033235			5795.047357
17000			-31511.116599			5243.549468
18000			-28192.009655			4744.536038
19000			-26789.810705			4293.012272
20000			-25342.934440			3884.458716
21000			-31378.776286			3514.786020
22000			-29090.691481			3180.294005
23000			-25987.667394			2877.634626
24000			-27511.712354			2603.778466
25000			-26138.667951			2355.984403
26000			-31063.882443			2131.772185
27000			-24491.439855			1928.897594
28000			-29689.345487			1745.329992
29000			-22027.143755			1579.231987
30000			-26592.942239			1428.941048
31000			-25849.430553			1292.952863
32000			-21664.323625			1169.906280
33000			-20071.677689			1058.569685
34000			-24611.558920			957.828671
35000			-18216.767349			866.674888
36000			-24224.527907			784.195947
37000			-14694.868996			709.566288
38000			-16179.385502			642.038917
39000			-16319.868401			580.937931
40000			-16921.736067			525.651749
41000			-17604.446532			475.626993
42000			-12405.799072			430.362949
43000			-12833.815779			389.406552
44000			-11343.693024			352.347857
45000			-13257.129332			318.815931
46000			-12699.513849			288.475142
47000			-13166.804042			261.021797
48000			-13095.778224			236.181108
49000			-11211.384965			213.704435
50000			-9806.594068			193.366803
51000			-10341.514577			174.964643
52000			-9731.688947			158.313765
53000			-10103.865613			143.247502
54000			-8652.544222			129.615051
55000			-8041.487125			117.279962
56000			-7210.242096			106.118767
57000			-7981.037633			96.019751
58000			-7486.988542			86.881830
59000			-6289.208406			78.613537
60000			-5637.930799			71.132114
61000			-5183.882284			64.362677
62000			-5155.199860			58.237467
63000			-4207.360281			52.695176
64000			-3939.228545			47.680328
65000			-3741.413053			43.142730
66000			-3760.384152			39.036961
67000			-3637.072003			35.321926
68000			-3298.005370			31.960441
69000			-3176.590331			28.918858
70000			-2719.386825			26.166734
71000			-2835.110534			23.676522
72000			-2806.653884			21.423296
73000			-2618.839995			19.384503
74000			-2372.215697			17.539736
75000			-2254.594878			15.870530
76000			-2224.241119			14.360177
77000			-2154.048049			12.993561
78000			-2152.150939			11.757001
79000			-2061.089660			10.638121
80000			-2044.015670			9.625722
81000			-2078.163650			8.709670
82000			-2026.941680			7.880796
83000			-2036.427230			7.130803
84000			-2034.530120			6.452185
85000			-2000.382140			5.838150
86000			-2009.867690			5.282550
87000			-2004.176360			4.779825
88000			-1943.468841			4.324943
89000			-1945.365951			3.913350
90000			-1943.468841			3.540928
91000			-1935.880401			3.203948
92000			-1933.983291			2.899038
93000			-1915.012191			2.623145
94000			-1907.423751			2.373508
95000			-1907.423751			2.147628
96000			-1907.423751			1.943244
97000			-1909.320861			1.758311
98000			-1913.115081			1.590978
99000			-1911.217971			1.439569
100000			-1905.526641			1.302570
101000			-1905.526641			1.178608
102000			-1901.732421			1.066443
103000			-1899.835311			0.964953
104000			-1901.732421			0.873121
105000			-1901.732421			0.790029
106000			-1901.732421			0.714844
107000			-1901.732421			0.646814
108000			-1901.732421			0.585259
109000			-1899.835311			0.529561
110000			-1899.835311			0.479165
111000			-1897.938201			0.433564
112000			-1897.938201			0.392303
113000			-1897.938201			0.354969
114000			-1897.938201			0.321187
115000			-1897.938201			0.290621
116000			-1897.938201			0.262963
117000			-1897.938201			0.237938
118000			-1897.938201			0.215294
119000			-1897.938201			0.194805
120000			-1897.938201			0.176266
121000			-1897.938201			0.159491
122000			-1897.938201			0.144313
123000			-1897.938201			0.130579
124000			-1897.938201			0.118152
125000			-1897.938201			0.106908
126000			-1897.938201			0.096734
127000			-1897.938201			0.087528
128000			-1897.938201			0.079198
129000			-1897.938201			0.071661
130000			-1897.938201			0.064841
131000			-1897.938201			0.058671
132000			-1897.938201			0.053087
133000			-1897.938201			0.048035
134000			-1897.938201			0.043464
135000			-1897.938201			0.039327
136000			-1897.938201			0.035585
137000			-1897.938201			0.032198
138000			-1897.938201			0.029134
139000			-1897.938201			0.026361
140000			-1897.938201			0.023853
141000			-1897.938201			0.021583
142000			-1897.938201			0.019529
143000			-1897.938201			0.017670
144000			-1897.938201			0.015989
145000			-1897.938201			0.014467
146000			-1897.938201			0.013090
147000			-1897.938201			0.011844
148000			-1897.938201			0.010717
149000			-1897.938201			0.009697
150000			-1897.938201			0.008774
151000			-1897.938201			0.007939
152000			-1897.938201			0.007184
153000			-1897.938201			0.006500
154000			-1897.938201			0.005882
155000			-1897.938201			0.005322
156000			-1897.938201			0.004815
157000			-1897.938201			0.004357
158000			-1897.938201			0.003942
159000			-1897.938201			0.003567
160000			-1897.938201			0.003228
161000			-1897.938201			0.002921
162000			-1897.938201			0.002643
163000			-1897.938201			0.002391
164000			-1897.938201			0.002164
165000			-1897.938201			0.001958
166000			-1897.938201			0.001771
167000			-1897.938201			0.001603
168000			-1897.938201			0.001450
169000			-1897.938201			0.001312
170000			-1897.938201			0.001187
171000			-1897.938201			0.001074
Iteration: 2
Step			Log-likelihood			Temperature
1			-33726.111371			99900.000000
1000			-28560.318697			36769.542477
2000			-28990.607877			23501.721022
3000			-31441.741542			21265.130236
4000			-29712.427502			19241.389323
5000			-27493.225055			17410.241977
6000			-28442.272745			15753.359626
7000			-33981.781349			14254.157974
8000			-26967.074683			12897.631004
9000			-31360.476668			11670.200782
10000			-27199.624555			10559.581542
11000			-25906.531534			9554.656721
12000			-26184.503607			8645.367688
13000			-31551.219775			7822.613061
14000			-29241.873880			7078.157611
15000			-29653.101038			6404.549832
16000			-27833.382464			5795.047357
17000			-31800.057877			5243.549468
18000			-28610.347292			4744.536038
19000			-27234.458752			4293.012272
20000			-32017.554044			3884.458716
21000			-33343.680913			3514.786020
22000			-29175.346017			3180.294005
23000			-26653.594149			2877.634626
24000			-29331.650863			2603.778466
25000			-26785.221829			2355.984403
26000			-21964.571379			2131.772185
27000			-25719.072432			1928.897594
28000			-25813.235874			1745.329992
29000			-25348.696116			1579.231987
30000			-25969.593549			1428.941048
31000			-30736.048881			1292.952863
32000			-26140.242527			1169.906280
33000			-21909.948069			1058.569685
34000			-21234.040285			957.828671
35000			-23485.344012			866.674888
36000			-16500.275692			784.195947
37000			-23253.380540			709.566288
38000			-15673.727977			642.038917
39000			-13132.952181			580.937931
40000			-14643.732108			525.651749
41000			-16878.343047			475.626993
42000			-14559.599465			430.362949
43000			-11669.556073			389.406552
44000			-13641.726605			352.347857
45000			-12651.918994			318.815931
46000			-11513.477000			288.475142
47000			-13304.266802			261.021797
48000			-12013.270250			236.181108
49000			-12246.975404			213.704435
50000			-11011.736869			193.366803
51000			-10114.614884			174.964643
52000			-9856.080194			158.313765
53000			-9287.334239			143.247502
54000			-8099.309358			129.615051
55000			-7785.576637			117.279962
56000			-7239.757268			106.118767
57000			-5889.821294			96.019751
58000			-7468.753430			86.881830
59000			-7366.438505			78.613537
60000			-7088.466431			71.132114
61000			-6430.782081			64.362677
62000			-5021.692587			58.237467
63000			-4891.146785			52.695176
64000			-4611.180842			47.680328
65000			-3832.371733			43.142730
66000			-4101.664590			39.036961
67000			-4159.829932			35.321926
68000			-3438.385670			31.960441
69000			-3438.450177			28.918858
70000			-3218.901472			26.166734
71000			-3165.782393			23.676522
72000			-2976.071394			21.423296
73000			-2979.865614			19.384503
74000			-2596.649397			17.539736
75000			-2708.578886			15.870530
76000			-2463.851698			14.360177
77000			-2494.205458			12.993561
78000			-2367.195849			11.757001
79000			-2458.160368			10.638121
80000			-2302.597350			9.625722
81000			-2310.185790			8.709670
82000			-2179.801255			7.880796
83000			-2119.093735			7.130803
84000			-2136.167725			6.452185
85000			-2139.961945			5.838150
86000			-2130.476395			5.282550
87000			-2122.887955			4.779825
88000			-2113.402405			4.324943
89000			-2119.093735			3.913350
90000			-2105.813965			3.540928
91000			-2019.353240			3.203948
92000			-1994.690810			2.899038
93000			-1935.880401			2.623145
94000			-1920.703521			2.373508
95000			-1928.291961			2.147628
96000			-1922.600631			1.943244
97000			-1924.497741			1.758311
98000			-1916.909301			1.590978
99000			-1916.909301			1.439569
100000			-1918.806411			1.302570
101000			-1916.909301			1.178608
102000			-1916.909301			1.066443
103000			-1913.115081			0.964953
104000			-1915.012191			0.873121
105000			-1915.012191			0.790029
106000			-1913.115081			0.714844
107000			-1911.217971			0.646814
108000			-1911.217971			0.585259
109000			-1911.217971			0.529561
110000			-1909.320861			0.479165
111000			-1909.320861			0.433564
112000			-1909.320861			0.392303
113000			-1909.320861			0.354969
114000			-1909.320861			0.321187
115000			-1909.320861			0.290621
116000			-1909.320861			0.262963
117000			-1909.320861			0.237938
118000			-1909.320861			0.215294
119000			-1907.423751			0.194805
120000			-1907.423751			0.176266
121000			-1905.526641			0.159491
122000			-1905.526641			0.144313
123000			-1905.526641			0.130579
124000			-1905.526641			0.118152
125000			-1905.526641			0.106908
126000			-1905.526641			0.096734
127000			-1905.526641			0.087528
128000			-1905.526641			0.079198
129000			-1905.526641			0.071661
130000			-1905.526641			0.064841
131000			-1905.526641			0.058671
132000			-1905.526641			0.053087
133000			-1905.526641			0.048035
134000			-1905.526641			0.043464
135000			-1905.526641			0.039327
136000			-1905.526641			0.035585
137000			-1905.526641			0.032198
138000			-1905.526641			0.029134
139000			-1905.526641			0.026361
140000			-1905.526641			0.023853
141000			-1905.526641			0.021583
142000			-1905.526641			0.019529
143000			-1905.526641			0.017670
144000			-1905.526641			0.015989
145000			-1905.526641			0.014467
146000			-1905.526641			0.013090
147000			-1905.526641			0.011844
148000			-1905.526641			0.010717
149000			-1905.526641			0.009697
150000			-1905.526641			0.008774
151000			-1905.526641			0.007939
152000			-1905.526641			0.007184
153000			-1905.526641			0.006500
154000			-1905.526641			0.005882
155000			-1905.526641			0.005322
156000			-1905.526641			0.004815
157000			-1905.526641			0.004357
158000			-1905.526641			0.003942
159000			-1905.526641			0.003567
160000			-1905.526641			0.003228
161000			-1905.526641			0.002921
162000			-1905.526641			0.002643
163000			-1905.526641			0.002391
164000			-1905.526641			0.002164
165000			-1905.526641			0.001958
166000			-1905.526641			0.001771
167000			-1905.526641			0.001603
168000			-1905.526641			0.001450
169000			-1905.526641			0.001312
170000			-1905.526641			0.001187
171000			-1905.526641			0.001074
Iteration: 3
Step			Log-likelihood			Temperature
1			-34516.942368			99900.000000
1000			-32500.575262			36769.542477
2000			-26861.390670			23501.721022
3000			-28705.616246			21265.130236
4000			-32365.455321			19241.389323
5000			-28599.125899			17410.241977
6000			-29970.021005			15753.359626
7000			-31653.921741			14254.157974
8000			-28166.933770			12897.631004
9000			-29972.217292			11670.200782
10000			-20183.982540			10559.581542
11000			-29073.843264			9554.656721
12000			-28993.197044			8645.367688
13000			-26621.715583			7822.613061
14000			-29666.729756			7078.157611
15000			-31512.148707			6404.549832
16000			-27590.165345			5795.047357
17000			-31674.144883			5243.549468
18000			-30345.566758			4744.536038
19000			-24727.690244			4293.012272
20000			-31299.555053			3884.458716
21000			-34248.376602			3514.786020
22000			-27909.733147			3180.294005
23000			-25437.575844			2877.634626
24000			-33636.442825			2603.778466
25000			-27154.847421			2355.984403
26000			-22580.965018			2131.772185
27000			-23921.685148			1928.897594
28000			-25113.647998			1745.329992
29000			-30330.756343			1579.231987
30000			-26150.115117			1428.941048
31000			-22783.955786			1292.952863
32000			-26523.570240			1169.906280
33000			-18730.227409			1058.569685
34000			-19362.378489			957.828671
35000			-26579.269590			866.674888
36000			-16322.431154			784.195947
37000			-13974.172400			709.566288
38000			-13332.955064			642.038917
39000			-16741.047393			580.937931
40000			-11234.730846			525.651749
41000			-14562.775032			475.626993
42000			-20969.981371			430.362949
43000			-15154.183708			389.406552
44000			-13129.577255			352.347857
45000			-11795.281386			318.815931
46000			-12554.178208			288.475142
47000			-13774.867413			261.021797
48000			-11280.507834			236.181108
49000			-10082.572271			213.704435
50000			-10030.027913			193.366803
51000			-9405.025404			174.964643
52000			-9440.264159			158.313765
53000			-9025.791088			143.247502
54000			-9269.427501			129.615051
55000			-8745.347183			117.279962
56000			-7957.498232			106.118767
57000			-7346.699163			96.019751
58000			-7158.052526			86.881830
59000			-6050.242894			78.613537
60000			-6295.066842			71.132114
61000			-6468.794626			64.362677
62000			-5622.490053			58.237467
63000			-5600.660081			52.695176
64000			-5058.511758			47.680328
65000			-4336.486935			43.142730
66000			-4103.271420			39.036961
67000			-4162.081829			35.321926
68000			-3497.002559			31.960441
69000			-3273.627382			28.918858
70000			-3097.292913			26.166734
71000			-3203.531072			23.676522
72000			-2843.886509			21.423296
73000			-2697.809041			19.384503
74000			-2707.294591			17.539736
75000			-2500.509602			15.870530
76000			-2635.204411			14.360177
77000			-2468.258732			12.993561
78000			-2341.861938			11.757001
79000			-2265.977538			10.638121
80000			-2135.076949			9.625722
81000			-2021.250350			8.709670
82000			-2032.633010			7.880796
83000			-2040.221450			7.130803
84000			-2036.427230			6.452185
85000			-2038.324340			5.838150
86000			-2030.735900			5.282550
87000			-2040.221450			4.779825
88000			-2047.809890			4.324943
89000			-2044.015670			3.913350
90000			-2040.221450			3.540928
91000			-1987.102371			3.203948
92000			-1992.793700			2.899038
93000			-1981.411041			2.623145
94000			-1979.513931			2.373508
95000			-1964.337051			2.147628
96000			-1960.542831			1.943244
97000			-1956.748611			1.758311
98000			-1951.057281			1.590978
99000			-1947.263061			1.439569
100000			-1947.263061			1.302570
101000			-1947.263061			1.178608
102000			-1932.086181			1.066443
103000			-1897.938201			0.964953
104000			-1882.761321			0.873121
105000			-1882.761321			0.790029
106000			-1882.761321			0.714844
107000			-1880.864211			0.646814
108000			-1880.864211			0.585259
109000			-1861.893112			0.529561
110000			-1861.893112			0.479165
111000			-1861.893112			0.433564
112000			-1861.893112			0.392303
113000			-1861.893112			0.354969
114000			-1861.893112			0.321187
115000			-1861.893112			0.290621
116000			-1861.893112			0.262963
117000			-1861.893112			0.237938
118000			-1861.893112			0.215294
119000			-1859.996002			0.194805
120000			-1859.996002			0.176266
121000			-1859.996002			0.159491
122000			-1859.996002			0.144313
123000			-1859.996002			0.130579
124000			-1859.996002			0.118152
125000			-1859.996002			0.106908
126000			-1859.996002			0.096734
127000			-1859.996002			0.087528
128000			-1859.996002			0.079198
129000			-1859.996002			0.071661
130000			-1859.996002			0.064841
131000			-1859.996002			0.058671
132000			-1859.996002			0.053087
133000			-1859.996002			0.048035
134000			-1859.996002			0.043464
135000			-1859.996002			0.039327
136000			-1859.996002			0.035585
137000			-1859.996002			0.032198
138000			-1859.996002			0.029134
139000			-1859.996002			0.026361
140000			-1859.996002			0.023853
141000			-1859.996002			0.021583
142000			-1859.996002			0.019529
143000			-1859.996002			0.017670
144000			-1859.996002			0.015989
145000			-1859.996002			0.014467
146000			-1859.996002			0.013090
147000			-1859.996002			0.011844
148000			-1859.996002			0.010717
149000			-1859.996002			0.009697
150000			-1859.996002			0.008774
151000			-1859.996002			0.007939
152000			-1859.996002			0.007184
153000			-1859.996002			0.006500
154000			-1859.996002			0.005882
155000			-1859.996002			0.005322
156000			-1859.996002			0.004815
157000			-1859.996002			0.004357
158000			-1859.996002			0.003942
159000			-1859.996002			0.003567
160000			-1859.996002			0.003228
161000			-1859.996002			0.002921
162000			-1859.996002			0.002643
163000			-1859.996002			0.002391
164000			-1859.996002			0.002164
165000			-1859.996002			0.001958
166000			-1859.996002			0.001771
167000			-1859.996002			0.001603
168000			-1859.996002			0.001450
169000			-1859.996002			0.001312
170000			-1859.996002			0.001187
171000			-1859.996002			0.001074
Iteration: 4
Step			Log-likelihood			Temperature
1			-34696.845283			99900.000000
1000			-30984.473529			36769.542477
2000			-29016.179240			23501.721022
3000			-34552.477243			21265.130236
4000			-28958.313075			19241.389323
5000			-27385.799360			17410.241977
6000			-31991.950427			15753.359626
7000			-29809.916099			14254.157974
8000			-31168.847984			12897.631004
9000			-29549.701176			11670.200782
10000			-29736.521049			10559.581542
11000			-27032.854879			9554.656721
12000			-29792.068029			8645.367688
13000			-32607.737091			7822.613061
14000			-29708.718364			7078.157611
15000			-22915.586525			6404.549832
16000			-25632.945919			5795.047357
17000			-23538.510081			5243.549468
18000			-32205.543935			4744.536038
19000			-32115.139402			4293.012272
20000			-29141.494156			3884.458716
21000			-28639.797957			3514.786020
22000			-33315.444198			3180.294005
23000			-28561.661661			2877.634626
24000			-25171.593406			2603.778466
25000			-27653.866590			2355.984403
26000			-26248.720905			2131.772185
27000			-25868.691933			1928.897594
28000			-25076.233530			1745.329992
29000			-21462.564324			1579.231987
30000			-24097.840832			1428.941048
31000			-24418.458259			1292.952863
32000			-25351.739611			1169.906280
33000			-20766.679747			1058.569685
34000			-16933.488250			957.828671
35000			-26278.628957			866.674888
36000			-21081.922538			784.195947
37000			-15513.816592			709.566288
38000			-15556.338771			642.038917
39000			-21615.632155			580.937931
40000			-16559.581580			525.651749
41000			-15623.875386			475.626993
42000			-14027.652106			430.362949
43000			-13133.280554			389.406552
44000			-11529.712402			352.347857
45000			-11514.201310			318.815931
46000			-10975.976221			288.475142
47000			-12280.563398			261.021797
48000			-12436.739231			236.181108
49000			-10175.433900			213.704435
50000			-11149.064777			193.366803
51000			-10068.632697			174.964643
52000			-10692.022537			158.313765
53000			-8921.901586			143.247502
54000			-8374.513481			129.615051
55000			-8376.313831			117.279962
56000			-7469.656525			106.118767
57000			-7587.224515			96.019751
58000			-7747.924717			86.881830
59000			-7149.179790			78.613537
60000			-7184.908185			71.132114
61000			-6674.107637			64.362677
62000			-7031.564810			58.237467
63000			-5423.815397			52.695176
64000			-4614.593860			47.680328
65000			-4507.871901			43.142730
66000			-3946.037065			39.036961
67000			-3333.244125			35.321926
68000			-3061.957398			31.960441
69000			-2976.587448			28.918858
70000			-2904.497269			26.166734
71000			-2754.625580			23.676522
72000			-2583.885681			21.423296
73000			-2494.721512			19.384503
74000			-2674.946961			17.539736
75000			-2591.474121			15.870530
76000			-2308.804734			14.360177
77000			-2396.071793			12.993561
78000			-2331.570053			11.757001
79000			-2348.644043			10.638121
80000			-2322.084504			9.625722
81000			-2263.274094			8.709670
82000			-2282.245194			7.880796
83000			-2246.200104			7.130803
84000			-2246.200104			6.452185
85000			-2185.492585			5.838150
86000			-2181.698365			5.282550
87000			-2164.624375			4.779825
88000			-2163.533599			4.324943
89000			-2025.044570			3.913350
90000			-1958.645721			3.540928
91000			-1968.131271			3.203948
92000			-1964.337051			2.899038
93000			-1962.439941			2.623145
94000			-1968.131271			2.373508
95000			-1968.131271			2.147628
96000			-1962.439941			1.943244
97000			-1951.057281			1.758311
98000			-1945.365951			1.590978
99000			-1939.674621			1.439569
100000			-1935.880401			1.302570
101000			-1933.983291			1.178608
102000			-1930.189071			1.066443
103000			-1930.189071			0.964953
104000			-1928.291961			0.873121
105000			-1926.394851			0.790029
106000			-1928.291961			0.714844
107000			-1926.394851			0.646814
108000			-1926.394851			0.585259
109000			-1926.394851			0.529561
110000			-1926.394851			0.479165
111000			-1926.394851			0.433564
112000			-1924.497741			0.392303
113000			-1926.394851			0.354969
114000			-1924.497741			0.321187
115000			-1924.497741			0.290621
116000			-1924.497741			0.262963
117000			-1922.600631			0.237938
118000			-1922.600631			0.215294
119000			-1922.600631			0.194805
120000			-1922.600631			0.176266
121000			-1922.600631			0.159491
122000			-1922.600631			0.144313
123000			-1922.600631			0.130579
124000			-1922.600631			0.118152
125000			-1922.600631			0.106908
126000			-1922.600631			0.096734
127000			-1922.600631			0.087528
128000			-1922.600631			0.079198
129000			-1922.600631			0.071661
130000			-1922.600631			0.064841
131000			-1922.600631			0.058671
132000			-1922.600631			0.053087
133000			-1922.600631			0.048035
134000			-1922.600631			0.043464
135000			-1922.600631			0.039327
136000			-1920.703521			0.035585
137000			-1918.806411			0.032198
138000			-1918.806411			0.029134
139000			-1918.806411			0.026361
140000			-1918.806411			0.023853
141000			-1918.806411			0.021583
142000			-1918.806411			0.019529
143000			-1918.806411			0.017670
144000			-1918.806411			0.015989
145000			-1918.806411			0.014467
146000			-1918.806411			0.013090
147000			-1918.806411			0.011844
148000			-1918.806411			0.010717
149000			-1918.806411			0.009697
150000			-1918.806411			0.008774
151000			-1918.806411			0.007939
152000			-1918.806411			0.007184
153000			-1918.806411			0.006500
154000			-1918.806411			0.005882
155000			-1918.806411			0.005322
156000			-1918.806411			0.004815
157000			-1918.806411			0.004357
158000			-1918.806411			0.003942
159000			-1918.806411			0.003567
160000			-1918.806411			0.003228
161000			-1918.806411			0.002921
162000			-1918.806411			0.002643
163000			-1918.806411			0.002391
164000			-1918.806411			0.002164
165000			-1918.806411			0.001958
166000			-1918.806411			0.001771
167000			-1918.806411			0.001603
168000			-1918.806411			0.001450
169000			-1918.806411			0.001312
170000			-1918.806411			0.001187
171000			-1918.806411			0.001074
Iteration: 5
Step			Log-likelihood			Temperature
1			-34231.317348			99900.000000
1000			-28105.877303			36769.542477
2000			-28023.307558			23501.721022
3000			-28224.937846			21265.130236
4000			-31053.886678			19241.389323
5000			-29012.593276			17410.241977
6000			-28697.614351			15753.359626
7000			-23480.904725			14254.157974
8000			-30219.310655			12897.631004
9000			-30029.153948			11670.200782
10000			-24523.819738			10559.581542
11000			-30544.446612			9554.656721
12000			-31113.670528			8645.367688
13000			-30766.590322			7822.613061
14000			-29089.380770			7078.157611
15000			-26664.962073			6404.549832
16000			-27316.433200			5795.047357
17000			-24413.200959			5243.549468
18000			-24925.033614			4744.536038
19000			-27585.042898			4293.012272
20000			-29986.631769			3884.458716
21000			-23832.902180			3514.786020
22000			-25101.631949			3180.294005
23000			-25857.212513			2877.634626
24000			-26701.942510			2603.778466
25000			-20948.925480			2355.984403
26000			-24962.955239			2131.772185
27000			-24927.704805			1928.897594
28000			-29211.165333			1745.329992
29000			-22049.114418			1579.231987
30000			-24594.754635			1428.941048
31000			-23026.958809			1292.952863
32000			-23862.147647			1169.906280
33000			-22336.909312			1058.569685
34000			-26504.836592			957.828671
35000			-20932.830769			866.674888
36000			-18348.867152			784.195947
37000			-20237.541489			709.566288
38000			-19998.787014			642.038917
39000			-12788.000698			580.937931
40000			-14261.193212			525.651749
41000			-14178.951840			475.626993
42000			-14960.394048			430.362949
43000			-13572.618473			389.406552
44000			-11718.133266			352.347857
45000			-12917.825247			318.815931
46000			-10943.848526			288.475142
47000			-11886.137467			261.021797
48000			-11655.903998			236.181108
49000			-10315.104625			213.704435
50000			-11404.426958			193.366803
51000			-10013.018430			174.964643
52000			-9348.912600			158.313765
53000			-8733.803256			143.247502
54000			-7947.405707			129.615051
55000			-7557.149358			117.279962
56000			-7420.272997			106.118767
57000			-7063.100266			96.019751
58000			-6693.679873			86.881830
59000			-6950.273522			78.613537
60000			-7073.547578			71.132114
61000			-6056.127744			64.362677
62000			-5674.169408			58.237467
63000			-5245.422552			52.695176
64000			-5144.940229			47.680328
65000			-4678.896241			43.142730
66000			-4178.672019			39.036961
67000			-4336.261161			35.321926
68000			-3865.713378			31.960441
69000			-3831.017091			28.918858
70000			-3333.367300			26.166734
71000			-3197.420448			23.676522
72000			-3174.655129			21.423296
73000			-2767.292536			19.384503
74000			-2526.359568			17.539736
75000			-2666.745707			15.870530
76000			-2615.523737			14.360177
77000			-2653.465937			12.993561
78000			-2541.536448			11.757001
79000			-2497.902918			10.638121
80000			-2387.870539			9.625722
81000			-2401.150309			8.709670
82000			-2403.047419			7.880796
83000			-2387.935046			7.130803
84000			-2323.594573			6.452185
85000			-2160.830155			5.838150
86000			-2149.447495			5.282550
87000			-2153.241715			4.779825
88000			-2157.035935			4.324943
89000			-2139.961945			3.913350
90000			-2145.653275			3.540928
91000			-2157.035935			3.203948
92000			-2124.785065			2.899038
93000			-2105.813965			2.623145
94000			-2117.196625			2.373508
95000			-2109.608185			2.147628
96000			-2107.711075			1.943244
97000			-2102.019745			1.758311
98000			-2098.225525			1.590978
99000			-2100.122635			1.439569
100000			-2098.225525			1.302570
101000			-2098.225525			1.178608
102000			-2086.842865			1.066443
103000			-2086.842865			0.964953
104000			-2084.945755			0.873121
105000			-2086.842865			0.790029
106000			-2090.637085			0.714844
107000			-2084.945755			0.646814
108000			-2083.048645			0.585259
109000			-2081.151535			0.529561
110000			-2081.151535			0.479165
111000			-2081.151535			0.433564
112000			-2081.151535			0.392303
113000			-2081.151535			0.354969
114000			-2081.151535			0.321187
115000			-2081.151535			0.290621
116000			-2081.151535			0.262963
117000			-2081.151535			0.237938
118000			-2081.151535			0.215294
119000			-2081.151535			0.194805
120000			-2079.254425			0.176266
121000			-2079.254425			0.159491
122000			-2079.254425			0.144313
123000			-2079.254425			0.130579
124000			-2079.254425			0.118152
125000			-2079.254425			0.106908
126000			-2079.254425			0.096734
127000			-2079.254425			0.087528
128000			-2079.254425			0.079198
129000			-2079.254425			0.071661
130000			-2079.254425			0.064841
131000			-2079.254425			0.058671
132000			-2079.254425			0.053087
133000			-2079.254425			0.048035
134000			-2079.254425			0.043464
135000			-2079.254425			0.039327
136000			-2079.254425			0.035585
137000			-2079.254425			0.032198
138000			-2079.254425			0.029134
139000			-2079.254425			0.026361
140000			-2079.254425			0.023853
141000			-2079.254425			0.021583
142000			-2079.254425			0.019529
143000			-2079.254425			0.017670
144000			-2079.254425			0.015989
145000			-2079.254425			0.014467
146000			-2079.254425			0.013090
147000			-2079.254425			0.011844
148000			-2079.254425			0.010717
149000			-2079.254425			0.009697
150000			-2079.254425			0.008774
151000			-2079.254425			0.007939
152000			-2079.254425			0.007184
153000			-2079.254425			0.006500
154000			-2079.254425			0.005882
155000			-2079.254425			0.005322
156000			-2079.254425			0.004815
157000			-2079.254425			0.004357
158000			-2079.254425			0.003942
159000			-2079.254425			0.003567
160000			-2079.254425			0.003228
161000			-2079.254425			0.002921
162000			-2079.254425			0.002643
163000			-2079.254425			0.002391
164000			-2079.254425			0.002164
165000			-2079.254425			0.001958
166000			-2079.254425			0.001771
167000			-2079.254425			0.001603
168000			-2079.254425			0.001450
169000			-2079.254425			0.001312
170000			-2079.254425			0.001187
171000			-2079.254425			0.001074
Iteration: 6
Step			Log-likelihood			Temperature
1			-35039.286843			99900.000000
1000			-29751.246381			36769.542477
2000			-32970.853340			23501.721022
3000			-29828.816853			21265.130236
4000			-31203.113300			19241.389323
5000			-28568.288339			17410.241977
6000			-32919.083063			15753.359626
7000			-24968.022076			14254.157974
8000			-30550.099849			12897.631004
9000			-31570.809528			11670.200782
10000			-28787.649362			10559.581542
11000			-26310.783066			9554.656721
12000			-31233.531566			8645.367688
13000			-29534.958326			7822.613061
14000			-30589.390851			7078.157611
15000			-28923.338186			6404.549832
16000			-30545.821828			5795.047357
17000			-29533.873389			5243.549468
18000			-30936.213031			4744.536038
19000			-33100.346459			4293.012272
20000			-27046.753302			3884.458716
21000			-25877.925295			3514.786020
22000			-28360.799615			3180.294005
23000			-27978.990868			2877.634626
24000			-30370.616228			2603.778466
25000			-27984.731969			2355.984403
26000			-32614.809477			2131.772185
27000			-23511.369981			1928.897594
28000			-24038.235767			1745.329992
29000			-26104.819148			1579.231987
30000			-23243.965336			1428.941048
31000			-22517.888266			1292.952863
32000			-22909.874619			1169.906280
33000			-28005.131114			1058.569685
34000			-21251.683157			957.828671
35000			-25414.778271			866.674888
36000			-17892.027330			784.195947
37000			-19017.775953			709.566288
38000			-16350.060894			642.038917
39000			-14874.900924			580.937931
40000			-18191.110903			525.651749
41000			-15382.819243			475.626993
42000			-18377.080511			430.362949
43000			-12386.071408			389.406552
44000			-12586.725197			352.347857
45000			-14330.274931			318.815931
46000			-12849.268203			288.475142
47000			-12768.469613			261.021797
48000			-11590.070974			236.181108
49000			-10465.310526			213.704435
50000			-11339.840137			193.366803
51000			-10809.836877			174.964643
52000			-9823.571297			158.313765
53000			-9048.626754			143.247502
54000			-8380.586012			129.615051
55000			-8519.784615			117.279962
56000			-7449.213448			106.118767
57000			-7712.448510			96.019751
58000			-7085.349532			86.881830
59000			-5160.697670			78.613537
60000			-6346.637759			71.132114
61000			-5088.962278			64.362677
62000			-5035.617425			58.237467
63000			-4754.399439			52.695176
64000			-4510.123798			47.680328
65000			-4527.907362			43.142730
66000			-4111.859714			39.036961
67000			-3449.096848			35.321926
68000			-3151.282834			31.960441
69000			-3181.765607			28.918858
70000			-3066.041898			26.166734
71000			-3456.717541			23.676522
72000			-3060.221554			21.423296
73000			-2690.930175			19.384503
74000			-2643.502425			17.539736
75000			-2315.302398			15.870530
76000			-2417.746337			14.360177
77000			-2243.212218			12.993561
78000			-2207.167129			11.757001
79000			-2133.179839			10.638121
80000			-2169.224929			9.625722
81000			-2123.694289			8.709670
82000			-2197.681579			7.880796
83000			-2163.533599			7.130803
84000			-2182.504699			6.452185
85000			-2154.048049			5.838150
86000			-2112.311630			5.282550
87000			-2091.443420			4.779825
88000			-2036.427230			4.324943
89000			-2036.427230			3.913350
90000			-2034.530120			3.540928
91000			-2044.015670			3.203948
92000			-2040.221450			2.899038
93000			-2034.530120			2.623145
94000			-2030.735900			2.373508
95000			-2021.250350			2.147628
96000			-2028.838790			1.943244
97000			-2028.838790			1.758311
98000			-2026.941680			1.590978
99000			-2021.250350			1.439569
100000			-2009.867690			1.302570
101000			-2013.661910			1.178608
102000			-1968.131271			1.066443
103000			-1968.131271			0.964953
104000			-1964.337051			0.873121
105000			-1956.748611			0.790029
106000			-1949.160171			0.714844
107000			-1945.365951			0.646814
108000			-1945.365951			0.585259
109000			-1930.189071			0.529561
110000			-1928.291961			0.479165
111000			-1928.291961			0.433564
112000			-1924.497741			0.392303
113000			-1920.703521			0.354969
114000			-1920.703521			0.321187
115000			-1920.703521			0.290621
116000			-1918.806411			0.262963
117000			-1918.806411			0.237938
118000			-1918.806411			0.215294
119000			-1918.806411			0.194805
120000			-1918.806411			0.176266
121000			-1918.806411			0.159491
122000			-1916.909301			0.144313
123000			-1877.069991			0.130579
124000			-1877.069991			0.118152
125000			-1877.069991			0.106908
126000			-1877.069991			0.096734
127000			-1871.378661			0.087528
128000			-1869.481551			0.079198
129000			-1869.481551			0.071661
130000			-1869.481551			0.064841
131000			-1869.481551			0.058671
132000			-1863.790222			0.053087
133000			-1863.790222			0.048035
134000			-1863.790222			0.043464
135000			-1863.790222			0.039327
136000			-1863.790222			0.035585
137000			-1863.790222			0.032198
138000			-1863.790222			0.029134
139000			-1863.790222			0.026361
140000			-1863.790222			0.023853
141000			-1863.790222			0.021583
142000			-1863.790222			0.019529
143000			-1863.790222			0.017670
144000			-1863.790222			0.015989
145000			-1863.790222			0.014467
146000			-1863.790222			0.013090
147000			-1863.790222			0.011844
148000			-1863.790222			0.010717
149000			-1863.790222			0.009697
150000			-1863.790222			0.008774
151000			-1863.790222			0.007939
152000			-1863.790222			0.007184
153000			-1863.790222			0.006500
154000			-1863.790222			0.005882
155000			-1863.790222			0.005322
156000			-1863.790222			0.004815
157000			-1863.790222			0.004357
158000			-1863.790222			0.003942
159000			-1863.790222			0.003567
160000			-1863.790222			0.003228
161000			-1863.790222			0.002921
162000			-1863.790222			0.002643
163000			-1863.790222			0.002391
164000			-1863.790222			0.002164
165000			-1863.790222			0.001958
166000			-1863.790222			0.001771
167000			-1863.790222			0.001603
168000			-1863.790222			0.001450
169000			-1863.790222			0.001312
170000			-1863.790222			0.001187
171000			-1863.790222			0.001074
Iteration: 7
Step			Log-likelihood			Temperature
1			-32882.000027			99900.000000
1000			-32746.967948			36769.542477
2000			-27104.434844			23501.721022
3000			-29326.991641			21265.130236
4000			-29528.193738			19241.389323
5000			-33592.067468			17410.241977
6000			-24684.300006			15753.359626
7000			-31587.355785			14254.157974
8000			-27351.586874			12897.631004
9000			-30890.902325			11670.200782
10000			-30691.667685			10559.581542
11000			-29426.711561			9554.656721
12000			-30942.989297			8645.367688
13000			-33386.508108			7822.613061
14000			-22294.797530			7078.157611
15000			-27492.670909			6404.549832
16000			-29476.089249			5795.047357
17000			-31838.973517			5243.549468
18000			-25923.599684			4744.536038
19000			-29417.402014			4293.012272
20000			-26193.678301			3884.458716
21000			-31705.299138			3514.786020
22000			-29425.603268			3180.294005
23000			-29131.724165			2877.634626
24000			-30075.473405			2603.778466
25000			-27216.293987			2355.984403
26000			-28715.392076			2131.772185
27000			-23217.218115			1928.897594
28000			-28082.285073			1745.329992
29000			-31359.623344			1579.231987
30000			-18194.532819			1428.941048
31000			-30529.231639			1292.952863
32000			-24145.934225			1169.906280
33000			-24017.039184			1058.569685
34000			-23047.234780			957.828671
35000			-19671.548749			866.674888
36000			-22629.489382			784.195947
37000			-17341.366897			709.566288
38000			-16185.065154			642.038917
39000			-16566.847486			580.937931
40000			-14927.955497			525.651749
41000			-13626.716831			475.626993
42000			-12830.951068			430.362949
43000			-14031.068182			389.406552
44000			-12326.525010			352.347857
45000			-10821.064109			318.815931
46000			-12604.857709			288.475142
47000			-12197.500956			261.021797
48000			-10326.666069			236.181108
49000			-10640.709647			213.704435
50000			-12012.346580			193.366803
51000			-9779.453967			174.964643
52000			-9669.330667			158.313765
53000			-10043.448374			143.247502
54000			-8464.413639			129.615051
55000			-7927.601859			117.279962
56000			-7769.335396			106.118767
57000			-8456.690346			96.019751
58000			-7621.838778			86.881830
59000			-6729.305669			78.613537
60000			-6444.164450			71.132114
61000			-5425.964695			64.362677
62000			-5098.222054			58.237467
63000			-5539.242987			52.695176
64000			-4667.255554			47.680328
65000			-4365.008091			43.142730
66000			-3704.142335			39.036961
67000			-3370.444498			35.321926
68000			-2915.879929			31.960441
69000			-2978.484558			28.918858
70000			-2815.333100			26.166734
71000			-2752.728470			23.676522
72000			-2834.304199			21.423296
73000			-2561.120362			19.384503
74000			-2568.708802			17.539736
75000			-2625.622101			15.870530
76000			-2542.149262			14.360177
77000			-2244.302994			12.993561
78000			-2295.524964			11.757001
79000			-2223.434784			10.638121
80000			-2149.447495			9.625722
81000			-2181.698365			8.709670
82000			-2149.447495			7.880796
83000			-2153.241715			7.130803
84000			-2134.270615			6.452185
85000			-2139.961945			5.838150
86000			-2134.270615			5.282550
87000			-2130.476395			4.779825
88000			-2128.579285			4.324943
89000			-2128.579285			3.913350
90000			-2126.682175			3.540928
91000			-2120.990845			3.203948
92000			-2107.711075			2.899038
93000			-2109.608185			2.623145
94000			-2107.711075			2.373508
95000			-2109.608185			2.147628
96000			-2102.019745			1.943244
97000			-2102.019745			1.758311
98000			-2098.225525			1.590978
99000			-2109.608185			1.439569
100000			-2096.328415			1.302570
101000			-2096.328415			1.178608
102000			-2094.431305			1.066443
103000			-2094.431305			0.964953
104000			-2092.534195			0.873121
105000			-2090.637085			0.790029
106000			-2088.739975			0.714844
107000			-2088.739975			0.646814
108000			-2084.945755			0.585259
109000			-2084.945755			0.529561
110000			-2083.048645			0.479165
111000			-2083.048645			0.433564
112000			-2083.048645			0.392303
113000			-2083.048645			0.354969
114000			-2083.048645			0.321187
115000			-2083.048645			0.290621
116000			-2083.048645			0.262963
117000			-2083.048645			0.237938
118000			-2083.048645			0.215294
119000			-2083.048645			0.194805
120000			-2083.048645			0.176266
121000			-2081.151535			0.159491
122000			-2079.254425			0.144313
123000			-2079.254425			0.130579
124000			-2079.254425			0.118152
125000			-2079.254425			0.106908
126000			-2079.254425			0.096734
127000			-2079.254425			0.087528
128000			-2079.254425			0.079198
129000			-2079.254425			0.071661
130000			-2079.254425			0.064841
131000			-2079.254425			0.058671
132000			-2079.254425			0.053087
133000			-2079.254425			0.048035
134000			-2079.254425			0.043464
135000			-2079.254425			0.039327
136000			-2079.254425			0.035585
137000			-2079.254425			0.032198
138000			-2079.254425			0.029134
139000			-2079.254425			0.026361
140000			-2079.254425			0.023853
141000			-2079.254425			0.021583
142000			-2079.254425			0.019529
143000			-2079.254425			0.017670
144000			-2079.254425			0.015989
145000			-2079.254425			0.014467
146000			-2079.254425			0.013090
147000			-2079.254425			0.011844
148000			-2079.254425			0.010717
149000			-2079.254425			0.009697
150000			-2079.254425			0.008774
151000			-2079.254425			0.007939
152000			-2079.254425			0.007184
153000			-2079.254425			0.006500
154000			-2079.254425			0.005882
155000			-2079.254425			0.005322
156000			-2079.254425			0.004815
157000			-2079.254425			0.004357
158000			-2079.254425			0.003942
159000			-2079.254425			0.003567
160000			-2079.254425			0.003228
161000			-2079.254425			0.002921
162000			-2079.254425			0.002643
163000			-2079.254425			0.002391
164000			-2079.254425			0.002164
165000			-2079.254425			0.001958
166000			-2079.254425			0.001771
167000			-2079.254425			0.001603
168000			-2079.254425			0.001450
169000			-2079.254425			0.001312
170000			-2079.254425			0.001187
171000			-2079.254425			0.001074
Iteration: 8
Step			Log-likelihood			Temperature
1			-32416.310825			99900.000000
1000			-30420.823607			36769.542477
2000			-33045.899152			23501.721022
3000			-30756.793916			21265.130236
4000			-29483.586768			19241.389323
5000			-26373.311511			17410.241977
6000			-33779.338888			15753.359626
7000			-34072.798697			14254.157974
8000			-31351.700692			12897.631004
9000			-31297.877878			11670.200782
10000			-31669.195381			10559.581542
11000			-31779.608961			9554.656721
12000			-33776.221989			8645.367688
13000			-28568.127072			7822.613061
14000			-33700.202737			7078.157611
15000			-23942.884789			6404.549832
16000			-33352.747169			5795.047357
17000			-32268.418270			5243.549468
18000			-31259.076515			4744.536038
19000			-25408.060672			4293.012272
20000			-26150.135693			3884.458716
21000			-31296.540753			3514.786020
22000			-31004.717246			3180.294005
23000			-30794.096888			2877.634626
24000			-23922.822913			2603.778466
25000			-29733.219527			2355.984403
26000			-30503.800967			2131.772185
27000			-24830.887689			1928.897594
28000			-29829.042627			1745.329992
29000			-23123.790661			1579.231987
30000			-29167.672495			1428.941048
31000			-27170.555091			1292.952863
32000			-25536.026204			1169.906280
33000			-25040.607735			1058.569685
34000			-24219.153272			957.828671
35000			-18412.770813			866.674888
36000			-17816.670662			784.195947
37000			-20250.542656			709.566288
38000			-16436.462951			642.038917
39000			-15351.817358			580.937931
40000			-13914.995525			525.651749
41000			-19514.358325			475.626993
42000			-15663.092984			430.362949
43000			-14022.582487			389.406552
44000			-15261.694485			352.347857
45000			-11963.707939			318.815931
46000			-11285.425083			288.475142
47000			-11423.063846			261.021797
48000			-12124.710099			236.181108
49000			-12556.315828			213.704435
50000			-10278.018531			193.366803
51000			-10109.621450			174.964643
52000			-10355.348493			158.313765
53000			-10279.361494			143.247502
54000			-11155.794054			129.615051
55000			-8237.540360			117.279962
56000			-8772.299602			106.118767
57000			-8206.418359			96.019751
58000			-7358.855904			86.881830
59000			-7113.592086			78.613537
60000			-5372.147719			71.132114
61000			-4915.653787			64.362677
62000			-4686.006719			58.237467
63000			-4668.513435			52.695176
64000			-4356.522396			47.680328
65000			-4750.508459			43.142730
66000			-4376.874552			39.036961
67000			-4369.318365			35.321926
68000			-3597.710655			31.960441
69000			-3698.838045			28.918858
70000			-3571.054355			26.166734
71000			-3553.980365			23.676522
72000			-3288.417221			21.423296
73000			-3180.410965			19.384503
74000			-2933.818921			17.539736
75000			-2405.654103			15.870530
76000			-2561.217122			14.360177
77000			-2312.695714			12.993561
78000			-2291.827504			11.757001
79000			-2280.444844			10.638121
80000			-2251.988194			9.625722
81000			-2253.885304			8.709670
82000			-2221.634434			7.880796
83000			-2189.383565			7.130803
84000			-2151.441365			6.452185
85000			-2136.264485			5.838150
86000			-2128.676045			5.282550
87000			-2130.573155			4.779825
88000			-2130.573155			4.324943
89000			-2121.087605			3.913350
90000			-2085.042516			3.540928
91000			-2092.630955			3.203948
92000			-2085.042516			2.899038
93000			-2081.248296			2.623145
94000			-2073.659856			2.373508
95000			-2081.248296			2.147628
96000			-2081.248296			1.943244
97000			-2081.248296			1.758311
98000			-2075.556966			1.590978
99000			-2073.659856			1.439569
100000			-2069.865636			1.302570
101000			-2067.968526			1.178608
102000			-2066.071416			1.066443
103000			-2067.968526			0.964953
104000			-2067.968526			0.873121
105000			-2067.968526			0.790029
106000			-2064.174306			0.714844
107000			-2064.174306			0.646814
108000			-2066.071416			0.585259
109000			-2066.071416			0.529561
110000			-2064.174306			0.479165
111000			-2062.277196			0.433564
112000			-2062.277196			0.392303
113000			-2062.277196			0.354969
114000			-2062.277196			0.321187
115000			-2062.277196			0.290621
116000			-2062.277196			0.262963
117000			-2058.482976			0.237938
118000			-2058.482976			0.215294
119000			-2058.482976			0.194805
120000			-2058.482976			0.176266
121000			-2058.482976			0.159491
122000			-2058.482976			0.144313
123000			-2058.482976			0.130579
124000			-2058.482976			0.118152
125000			-2058.482976			0.106908
126000			-2058.482976			0.096734
127000			-2056.585866			0.087528
128000			-2056.585866			0.079198
129000			-2056.585866			0.071661
130000			-2056.585866			0.064841
131000			-2056.585866			0.058671
132000			-2056.585866			0.053087
133000			-2056.585866			0.048035
134000			-2056.585866			0.043464
135000			-2056.585866			0.039327
136000			-2056.585866			0.035585
137000			-2056.585866			0.032198
138000			-2056.585866			0.029134
139000			-2056.585866			0.026361
140000			-2056.585866			0.023853
141000			-2056.585866			0.021583
142000			-2056.585866			0.019529
143000			-2056.585866			0.017670
144000			-2056.585866			0.015989
145000			-2056.585866			0.014467
146000			-2056.585866			0.013090
147000			-2056.585866			0.011844
148000			-2056.585866			0.010717
149000			-2056.585866			0.009697
150000			-2056.585866			0.008774
151000			-2056.585866			0.007939
152000			-2056.585866			0.007184
153000			-2056.585866			0.006500
154000			-2056.585866			0.005882
155000			-2056.585866			0.005322
156000			-2056.585866			0.004815
157000			-2056.585866			0.004357
158000			-2056.585866			0.003942
159000			-2056.585866			0.003567
160000			-2056.585866			0.003228
161000			-2056.585866			0.002921
162000			-2056.585866			0.002643
163000			-2056.585866			0.002391
164000			-2054.688756			0.002164
165000			-2054.688756			0.001958
166000			-2054.688756			0.001771
167000			-2054.688756			0.001603
168000			-2054.688756			0.001450
169000			-2054.688756			0.001312
170000			-2054.688756			0.001187
171000			-2054.688756			0.001074
Iteration: 9
Step			Log-likelihood			Temperature
1			-34350.512744			99900.000000
1000			-32862.782578			36769.542477
2000			-30698.681403			23501.721022
3000			-32892.464856			21265.130236
4000			-27948.751386			19241.389323
5000			-30830.156714			17410.241977
6000			-31092.608798			15753.359626
7000			-32671.567349			14254.157974
8000			-27427.550516			12897.631004
9000			-31156.562230			11670.200782
10000			-28517.646930			10559.581542
11000			-31271.479605			9554.656721
12000			-30990.783512			8645.367688
13000			-28686.381280			7822.613061
14000			-32362.402928			7078.157611
15000			-32405.004350			6404.549832
16000			-30265.861724			5795.047357
17000			-32215.680392			5243.549468
18000			-28871.304043			4744.536038
19000			-28768.021516			4293.012272
20000			-30020.817841			3884.458716
21000			-32388.118041			3514.786020
22000			-31932.436282			3180.294005
23000			-29220.237428			2877.634626
24000			-23614.535172			2603.778466
25000			-31169.261439			2355.984403
26000			-29270.327471			2131.772185
27000			-29479.780870			1928.897594
28000			-27128.000659			1745.329992
29000			-29170.144326			1579.231987
30000			-27188.628935			1428.941048
31000			-31951.278369			1292.952863
32000			-21739.653878			1169.906280
33000			-20940.633305			1058.569685
34000			-17877.894236			957.828671
35000			-20165.333974			866.674888
36000			-23113.305257			784.195947
37000			-12928.557001			709.566288
38000			-16643.617463			642.038917
39000			-17826.601920			580.937931
40000			-16828.115093			525.651749
41000			-14085.594732			475.626993
42000			-15564.475518			430.362949
43000			-12376.269163			389.406552
44000			-14105.492283			352.347857
45000			-12759.318274			318.815931
46000			-12512.861082			288.475142
47000			-12377.553459			261.021797
48000			-10877.358755			236.181108
49000			-13335.453310			213.704435
50000			-11362.045471			193.366803
51000			-10200.134422			174.964643
52000			-8905.408157			158.313765
53000			-8993.138442			143.247502
54000			-7449.530142			129.615051
55000			-8454.514634			117.279962
56000			-8153.932668			106.118767
57000			-6568.379693			96.019751
58000			-5979.088062			86.881830
59000			-6930.947635			78.613537
60000			-6187.286360			71.132114
61000			-4276.230962			64.362677
62000			-4379.797931			58.237467
63000			-4836.898838			52.695176
64000			-4249.284382			47.680328
65000			-3543.275026			43.142730
66000			-3510.508103			39.036961
67000			-3406.812121			35.321926
68000			-3277.776389			31.960441
69000			-3178.352588			28.918858
70000			-2875.621325			26.166734
71000			-2935.522510			23.676522
72000			-2572.599782			21.423296
73000			-2473.950062			19.384503
74000			-2407.551213			17.539736
75000			-2352.535023			15.870530
76000			-2411.345433			14.360177
77000			-2257.679524			12.993561
78000			-2240.605534			11.757001
79000			-2200.766225			10.638121
80000			-2149.544255			9.625722
81000			-2202.663335			8.709670
82000			-2217.840214			7.880796
83000			-2126.778935			7.130803
84000			-2086.939626			6.452185
85000			-2081.248296			5.838150
86000			-2083.145406			5.282550
87000			-2088.836735			4.779825
88000			-2085.042516			4.324943
89000			-2079.351186			3.913350
90000			-2094.528065			3.540928
91000			-2088.836735			3.203948
92000			-2081.248296			2.899038
93000			-2081.248296			2.623145
94000			-2090.733845			2.373508
95000			-2086.939626			2.147628
96000			-2075.556966			1.943244
97000			-2077.454076			1.758311
98000			-2069.865636			1.590978
99000			-2066.071416			1.439569
100000			-2066.071416			1.302570
101000			-2064.174306			1.178608
102000			-2064.174306			1.066443
103000			-2066.071416			0.964953
104000			-2067.968526			0.873121
105000			-2066.071416			0.790029
106000			-2060.380086			0.714844
107000			-2062.277196			0.646814
108000			-2060.380086			0.585259
109000			-2058.482976			0.529561
110000			-2058.482976			0.479165
111000			-2058.482976			0.433564
112000			-2058.482976			0.392303
113000			-2056.585866			0.354969
114000			-2056.585866			0.321187
115000			-2056.585866			0.290621
116000			-2056.585866			0.262963
117000			-2054.688756			0.237938
118000			-2054.688756			0.215294
119000			-2054.688756			0.194805
120000			-2054.688756			0.176266
121000			-2054.688756			0.159491
122000			-2054.688756			0.144313
123000			-2052.791646			0.130579
124000			-2052.791646			0.118152
125000			-2052.791646			0.106908
126000			-2052.791646			0.096734
127000			-2052.791646			0.087528
128000			-2052.791646			0.079198
129000			-2052.791646			0.071661
130000			-2052.791646			0.064841
131000			-2052.791646			0.058671
132000			-2052.791646			0.053087
133000			-2052.791646			0.048035
134000			-2052.791646			0.043464
135000			-2052.791646			0.039327
136000			-2052.791646			0.035585
137000			-2052.791646			0.032198
138000			-2052.791646			0.029134
139000			-2052.791646			0.026361
140000			-2052.791646			0.023853
141000			-2052.791646			0.021583
142000			-2052.791646			0.019529
143000			-2052.791646			0.017670
144000			-2052.791646			0.015989
145000			-2052.791646			0.014467
146000			-2052.791646			0.013090
147000			-2052.791646			0.011844
148000			-2052.791646			0.010717
149000			-2052.791646			0.009697
150000			-2052.791646			0.008774
151000			-2052.791646			0.007939
152000			-2052.791646			0.007184
153000			-2052.791646			0.006500
154000			-2052.791646			0.005882
155000			-2052.791646			0.005322
156000			-2052.791646			0.004815
157000			-2052.791646			0.004357
158000			-2052.791646			0.003942
159000			-2052.791646			0.003567
160000			-2052.791646			0.003228
161000			-2052.791646			0.002921
162000			-2052.791646			0.002643
163000			-2052.791646			0.002391
164000			-2052.791646			0.002164
165000			-2052.791646			0.001958
166000			-2052.791646			0.001771
167000			-2052.791646			0.001603
168000			-2052.791646			0.001450
169000			-2052.791646			0.001312
170000			-2052.791646			0.001187
171000			-2052.791646			0.001074
Iteration: 10
Step			Log-likelihood			Temperature
1			-32910.327663			99900.000000
1000			-26951.270253			36769.542477
2000			-33620.782145			23501.721022
3000			-26046.290122			21265.130236
4000			-27402.169615			19241.389323
5000			-26668.187410			17410.241977
6000			-32658.184980			15753.359626
7000			-32265.392292			14254.157974
8000			-31333.019873			12897.631004
9000			-29030.494176			11670.200782
10000			-30006.344697			10559.581542
11000			-34101.739148			9554.656721
12000			-30696.623026			8645.367688
13000			-30857.114972			7822.613061
14000			-33101.533995			7078.157611
15000			-28293.459579			6404.549832
16000			-25266.469480			5795.047357
17000			-23649.902941			5243.549468
18000			-31911.148779			4744.536038
19000			-27293.905332			4293.012272
20000			-30432.182911			3884.458716
21000			-29579.119588			3514.786020
22000			-31238.674589			3180.294005
23000			-30084.067538			2877.634626
24000			-25463.613491			2603.778466
25000			-29035.100569			2355.984403
26000			-24472.764874			2131.772185
27000			-29864.867782			1928.897594
28000			-23293.809308			1745.329992
29000			-27511.668423			1579.231987
30000			-26088.827037			1428.941048
31000			-25124.359176			1292.952863
32000			-16867.326853			1169.906280
33000			-21630.852966			1058.569685
34000			-25175.921197			957.828671
35000			-27066.111442			866.674888
36000			-17580.053807			784.195947
37000			-16583.619518			709.566288
38000			-16034.577593			642.038917
39000			-16071.528835			580.937931
40000			-19478.747265			525.651749
41000			-14388.235074			475.626993
42000			-12139.737390			430.362949
43000			-14589.973800			389.406552
44000			-14614.029255			352.347857
45000			-11251.980839			318.815931
46000			-13207.851462			288.475142
47000			-10822.439326			261.021797
48000			-10422.336800			236.181108
49000			-11792.604356			213.704435
50000			-11084.161261			193.366803
51000			-10165.271029			174.964643
52000			-9421.551086			158.313765
53000			-10969.167701			143.247502
54000			-9992.994647			129.615051
55000			-9231.872341			117.279962
56000			-7651.946189			106.118767
57000			-7065.583776			96.019751
58000			-7489.794585			86.881830
59000			-6175.135458			78.613537
60000			-5516.773786			71.132114
61000			-5379.445879			64.362677
62000			-5219.062371			58.237467
63000			-4983.691720			52.695176
64000			-4558.448803			47.680328
65000			-4779.636590			43.142730
66000			-4284.948270			39.036961
67000			-3984.753346			35.321926
68000			-3956.748243			31.960441
69000			-3129.737303			28.918858
70000			-2968.999008			26.166734
71000			-2900.703049			23.676522
72000			-2805.847550			21.423296
73000			-2710.992050			19.384503
74000			-2640.798981			17.539736
75000			-2549.737702			15.870530
76000			-2360.026703			14.360177
77000			-2274.656754			12.993561
78000			-2162.727265			11.757001
79000			-2155.138825			10.638121
80000			-2151.344605			9.625722
81000			-2160.830155			8.709670
82000			-2149.447495			7.880796
83000			-2130.476395			7.130803
84000			-2134.270615			6.452185
85000			-2117.196625			5.838150
86000			-2113.402405			5.282550
87000			-2111.505295			4.779825
88000			-2109.608185			4.324943
89000			-2115.299515			3.913350
90000			-2126.682175			3.540928
91000			-2111.505295			3.203948
92000			-2102.019745			2.899038
93000			-2100.122635			2.623145
94000			-2102.019745			2.373508
95000			-2103.916855			2.147628
96000			-2098.225525			1.943244
97000			-2096.328415			1.758311
98000			-2094.431305			1.590978
99000			-2092.534195			1.439569
100000			-2090.637085			1.302570
101000			-2084.945755			1.178608
102000			-2084.945755			1.066443
103000			-2084.945755			0.964953
104000			-2083.048645			0.873121
105000			-2083.048645			0.790029
106000			-2083.048645			0.714844
107000			-2081.151535			0.646814
108000			-2075.460205			0.585259
109000			-2075.460205			0.529561
110000			-2075.460205			0.479165
111000			-2075.460205			0.433564
112000			-2075.460205			0.392303
113000			-2075.460205			0.354969
114000			-2075.460205			0.321187
115000			-2077.357315			0.290621
116000			-2077.357315			0.262963
117000			-2077.357315			0.237938
118000			-2077.357315			0.215294
119000			-2077.357315			0.194805
120000			-2077.357315			0.176266
121000			-2077.357315			0.159491
122000			-2077.357315			0.144313
123000			-2077.357315			0.130579
124000			-2075.460205			0.118152
125000			-2075.460205			0.106908
126000			-2075.460205			0.096734
127000			-2073.563095			0.087528
128000			-2073.563095			0.079198
129000			-2073.563095			0.071661
130000			-2073.563095			0.064841
131000			-2073.563095			0.058671
132000			-2073.563095			0.053087
133000			-2073.563095			0.048035
134000			-2073.563095			0.043464
135000			-2073.563095			0.039327
136000			-2073.563095			0.035585
137000			-2073.563095			0.032198
138000			-2073.563095			0.029134
139000			-2073.563095			0.026361
140000			-2073.563095			0.023853
141000			-2073.563095			0.021583
142000			-2073.563095			0.019529
143000			-2073.563095			0.017670
144000			-2073.563095			0.015989
145000			-2073.563095			0.014467
146000			-2073.563095			0.013090
147000			-2073.563095			0.011844
148000			-2073.563095			0.010717
149000			-2073.563095			0.009697
150000			-2073.563095			0.008774
151000			-2073.563095			0.007939
152000			-2073.563095			0.007184
153000			-2073.563095			0.006500
154000			-2073.563095			0.005882
155000			-2073.563095			0.005322
156000			-2073.563095			0.004815
157000			-2073.563095			0.004357
158000			-2073.563095			0.003942
159000			-2073.563095			0.003567
160000			-2073.563095			0.003228
161000			-2073.563095			0.002921
162000			-2073.563095			0.002643
163000			-2073.563095			0.002391
164000			-2073.563095			0.002164
165000			-2073.563095			0.001958
166000			-2073.563095			0.001771
167000			-2073.563095			0.001603
168000			-2073.563095			0.001450
169000			-2073.563095			0.001312
170000			-2073.563095			0.001187
171000			-2073.563095			0.001074

Maximum likelihood Tree found: -1859.996002
digraph g {
	"58" -> "59";
	"59" [label="45"];
	"57" -> "58";
	"58" [label="16"];
	"56" -> "57";
	"57" [label="43"];
	"55" -> "56";
	"56" [label="9"];
	"54" -> "55";
	"55" [label="14"];
	"53" -> "54";
	"54" [label="23"];
	"52" -> "53";
	"53" [label="38"];
	"51" -> "52";
	"52" [label="7"];
	"50" -> "51";
	"51" [label="48"];
	"49" -> "50";
	"50" [label="5"];
	"48" -> "49";
	"49" [label="6"];
	"47" -> "48";
	"48" [label="28"];
	"46" -> "47";
	"47" [label="36"];
	"44" -> "45";
	"45" [label="3"];
	"43" -> "44";
	"44" [label="21"];
	"42" -> "43";
	"43" [label="29"];
	"41" -> "42";
	"42" [label="4"];
	"40" -> "41";
	"41" [label="32"];
	"39" -> "40";
	"40" [color=indianred1, style=filled, label="1"];
	"38" -> "39";
	"39" [label="12"];
	"37" -> "38";
	"38" [color=indianred1, style=filled, label="40"];
	"35" -> "36";
	"36" [label="50"];
	"34" -> "35";
	"35" [label="26"];
	"33" -> "34";
	"34" [label="15"];
	"32" -> "33";
	"33" [color=indianred1, style=filled, label="44"];
	"30" -> "31";
	"31" [label="34"];
	"29" -> "30";
	"30" [label="8"];
	"28" -> "29";
	"29" [label="11"];
	"27" -> "28";
	"28" [label="42"];
	"26" -> "27";
	"27" [color=indianred1, style=filled, label="44"];
	"26" -> "32";
	"32" [color=indianred1, style=filled, label="40"];
	"25" -> "26";
	"26" [color=indianred1, style=filled, label="13"];
	"25" -> "37";
	"37" [color=indianred1, style=filled, label="39"];
	"24" -> "25";
	"25" [label="44"];
	"23" -> "24";
	"24" [color=indianred1, style=filled, label="22"];
	"23" -> "46";
	"46" [color=indianred1, style=filled, label="20"];
	"22" -> "23";
	"23" [label="40"];
	"21" -> "22";
	"22" [label="13"];
	"20" -> "21";
	"21" [label="37"];
	"19" -> "20";
	"20" [label="33"];
	"18" -> "19";
	"19" [label="10"];
	"17" -> "18";
	"18" [label="35"];
	"16" -> "17";
	"17" [label="30"];
	"15" -> "16";
	"16" [label="49"];
	"14" -> "15";
	"15" [label="25"];
	"13" -> "14";
	"14" [label="19"];
	"11" -> "12";
	"12" [label="18"];
	"10" -> "11";
	"11" [label="24"];
	"9" -> "10";
	"10" [label="17"];
	"8" -> "9";
	"9" [label="47"];
	"8" -> "13";
	"13" [label="2"];
	"7" -> "8";
	"8" [label="22"];
	"6" -> "7";
	"7" [label="39"];
	"5" -> "6";
	"6" [label="1"];
	"4" -> "5";
	"5" [label="41"];
	"3" -> "4";
	"4" [label="20"];
	"2" -> "3";
	"3" [label="31"];
	"1" -> "2";
	"2" [label="27"];
	"0" -> "1";
	"1" [label="46"];
	"0" [label="germline"];
	labelloc="t";
	label="Confidence score: -1859.996002";
}
Best cell assigment:
7 59 40 7 44 59 39 11 11 12 55 39 12 33 27 33 59 36 5 7 55 45 33 53 12 40 36 31 32 12 27 30 31 59 5 31 45 36 33 36 45 7 31 7 57 59 59 59 31 57 31 55 31 55 12 31 33 51 33 12 12 10 45 58 6 31 36 45 55 3 55 39 12 55 55 36 54 57 39 59 7 20 12 31 45 58 45 20 35 36 32 12 11 55 31 27 55 36 7 59 33 35 59 31 12 12 44 36 36 58 55 45 7 45 6 7 32 54 30 12 59 31 31 36 45 44 33 38 31 39 59 38 59 30 24 7 7 54 24 6 54 6 44 12 45 39 41 6 57 55 31 58 39 31 27 45 31 39 10 59 6 31 58 54 55 11 42 43 44 59 55 11 31 36 55 45 43 54 59 33 55 7 55 27 39 31 45 38 33 20 44 12 35 31 55 45 39 7 45 11 59 11 7 12 7 31 36 29 12 17 7 32 12 31 36 55 33 57 59 33 33 12 45 11 59 39 30 7 39 36 31 30 7 31 39 32 39 45 36 11 7 39 44 45 55 31 33 12 54 45 
alpha: 0.150000
beta: 0.000010
alpha: 1.000000
