Starting SASC.
Iteration: 1
Step			Log-likelihood			Temperature
1			-27755.779667			99900.000000
1000			-24000.607132			36769.542477
2000			-26011.655212			23501.721022
3000			-20569.522696			21265.130236
4000			-25617.979087			19241.389323
5000			-25756.803245			17410.241977
6000			-24512.387426			15753.359626
7000			-23511.442307			14254.157974
8000			-24401.860536			12897.631004
9000			-21311.286625			11670.200782
10000			-24054.183057			10559.581542
11000			-25756.462503			9554.656721
12000			-22664.543165			8645.367688
13000			-20213.770126			7822.613061
14000			-25205.189948			7078.157611
15000			-23716.379870			6404.549832
16000			-24253.723803			5795.047357
17000			-26715.317588			5243.549468
18000			-25140.752715			4744.536038
19000			-23308.818733			4293.012272
20000			-22695.628298			3884.458716
21000			-23668.190829			3514.786020
22000			-26711.664688			3180.294005
23000			-20812.013736			2877.634626
24000			-23891.041352			2603.778466
25000			-26653.623483			2355.984403
26000			-25266.325916			2131.772185
27000			-22218.185690			1928.897594
28000			-22830.077414			1745.329992
29000			-20969.145231			1579.231987
30000			-19893.444050			1428.941048
31000			-22054.564249			1292.952863
32000			-16214.923086			1169.906280
33000			-20953.775303			1058.569685
34000			-18194.340468			957.828671
35000			-15771.873321			866.674888
36000			-16551.889336			784.195947
37000			-15773.620981			709.566288
38000			-13149.172764			642.038917
39000			-14547.002218			580.937931
40000			-17280.049273			525.651749
41000			-17117.776236			475.626993
42000			-13729.996228			430.362949
43000			-15472.868641			389.406552
44000			-10856.402333			352.347857
45000			-11219.773122			318.815931
46000			-9973.949154			288.475142
47000			-11616.136826			261.021797
48000			-10402.343560			236.181108
49000			-9389.689966			213.704435
50000			-8412.672473			193.366803
51000			-8627.896179			174.964643
52000			-8758.227955			158.313765
53000			-8925.099302			143.247502
54000			-10555.966899			129.615051
55000			-7897.772701			117.279962
56000			-8356.706211			106.118767
57000			-8090.245811			96.019751
58000			-6708.144315			86.881830
59000			-6406.395143			78.613537
60000			-5222.096387			71.132114
61000			-4801.738831			64.362677
62000			-4054.697128			58.237467
63000			-3347.153949			52.695176
64000			-3288.192417			47.680328
65000			-2544.536784			43.142730
66000			-2520.048725			39.036961
67000			-2350.439682			35.321926
68000			-2232.851116			31.960441
69000			-2110.222064			28.918858
70000			-1999.575731			26.166734
71000			-1894.713604			23.676522
72000			-1786.783496			21.423296
73000			-1734.255726			19.384503
74000			-1728.564396			17.539736
75000			-1732.127514			15.870530
76000			-1810.022192			14.360177
77000			-1677.190582			12.993561
78000			-1629.649663			11.757001
79000			-1663.781841			10.638121
80000			-1646.648865			9.625722
81000			-1572.661576			8.709670
82000			-1557.486923			7.880796
83000			-1578.355133			7.130803
84000			-1566.972473			6.452185
85000			-1540.412933			5.838150
86000			-1506.285225			5.282550
87000			-1502.491005			4.779825
88000			-1506.285225			4.324943
89000			-1508.291034			3.913350
90000			-1500.809066			3.540928
91000			-1519.780166			3.203948
92000			-1510.401089			2.899038
93000			-1506.606869			2.623145
94000			-1497.121319			2.373508
95000			-1495.224209			2.147628
96000			-1457.282009			1.943244
97000			-1461.076229			1.758311
98000			-1462.973339			1.590978
99000			-1461.076229			1.439569
100000			-1461.076229			1.302570
101000			-1462.973339			1.178608
102000			-1455.384899			1.066443
103000			-1451.590679			0.964953
104000			-1453.487789			0.873121
105000			-1451.590679			0.790029
106000			-1451.590679			0.714844
107000			-1449.693569			0.646814
108000			-1449.693569			0.585259
109000			-1447.796459			0.529561
110000			-1442.105129			0.479165
111000			-1438.310909			0.433564
112000			-1438.310909			0.392303
113000			-1436.413799			0.354969
114000			-1434.516689			0.321187
115000			-1434.516689			0.290621
116000			-1434.516689			0.262963
117000			-1434.516689			0.237938
118000			-1434.516689			0.215294
119000			-1434.516689			0.194805
120000			-1434.516689			0.176266
121000			-1434.516689			0.159491
122000			-1434.516689			0.144313
123000			-1434.516689			0.130579
124000			-1434.516689			0.118152
125000			-1434.516689			0.106908
126000			-1434.516689			0.096734
127000			-1434.516689			0.087528
128000			-1434.516689			0.079198
129000			-1434.516689			0.071661
130000			-1434.516689			0.064841
131000			-1434.516689			0.058671
132000			-1434.516689			0.053087
133000			-1434.516689			0.048035
134000			-1434.516689			0.043464
135000			-1434.516689			0.039327
136000			-1434.516689			0.035585
137000			-1434.516689			0.032198
138000			-1434.516689			0.029134
139000			-1434.516689			0.026361
140000			-1434.516689			0.023853
141000			-1434.516689			0.021583
142000			-1434.516689			0.019529
143000			-1434.516689			0.017670
144000			-1434.516689			0.015989
145000			-1434.516689			0.014467
146000			-1434.516689			0.013090
147000			-1434.516689			0.011844
148000			-1434.516689			0.010717
149000			-1434.516689			0.009697
150000			-1434.516689			0.008774
151000			-1434.516689			0.007939
152000			-1434.516689			0.007184
153000			-1434.516689			0.006500
154000			-1434.516689			0.005882
155000			-1434.516689			0.005322
156000			-1434.516689			0.004815
157000			-1434.516689			0.004357
158000			-1434.516689			0.003942
159000			-1434.516689			0.003567
160000			-1434.516689			0.003228
161000			-1434.516689			0.002921
162000			-1434.516689			0.002643
163000			-1434.516689			0.002391
164000			-1434.516689			0.002164
165000			-1434.516689			0.001958
166000			-1434.516689			0.001771
167000			-1434.516689			0.001603
168000			-1434.516689			0.001450
169000			-1434.516689			0.001312
170000			-1434.516689			0.001187
171000			-1434.516689			0.001074
Iteration: 2
Step			Log-likelihood			Temperature
1			-28023.860941			99900.000000
1000			-25039.358401			36769.542477
2000			-21112.369928			23501.721022
3000			-26408.921807			21265.130236
4000			-26207.398004			19241.389323
5000			-25314.325072			17410.241977
6000			-26146.190236			15753.359626
7000			-24661.844032			14254.157974
8000			-25523.494345			12897.631004
9000			-24456.220171			11670.200782
10000			-21204.717869			10559.581542
11000			-22444.527023			9554.656721
12000			-23711.414237			8645.367688
13000			-25786.344832			7822.613061
14000			-25542.217354			7078.157611
15000			-24821.835502			6404.549832
16000			-21107.449332			5795.047357
17000			-22329.793756			5243.549468
18000			-26136.483603			4744.536038
19000			-21925.614165			4293.012272
20000			-23450.010671			3884.458716
21000			-21794.329668			3514.786020
22000			-19688.695221			3180.294005
23000			-25195.207543			2877.634626
24000			-23531.247095			2603.778466
25000			-23811.864231			2355.984403
26000			-18547.613975			2131.772185
27000			-18617.113093			1928.897594
28000			-20755.810011			1745.329992
29000			-23147.703921			1579.231987
30000			-20956.704310			1428.941048
31000			-25393.385038			1292.952863
32000			-16152.673244			1169.906280
33000			-23577.627790			1058.569685
34000			-14410.536820			957.828671
35000			-18540.863855			866.674888
36000			-17242.026754			784.195947
37000			-18257.203288			709.566288
38000			-15035.645488			642.038917
39000			-14081.078290			580.937931
40000			-16005.880362			525.651749
41000			-15809.171883			475.626993
42000			-12935.298491			430.362949
43000			-11567.729935			389.406552
44000			-12715.621289			352.347857
45000			-12026.068928			318.815931
46000			-11963.534645			288.475142
47000			-11445.852030			261.021797
48000			-10634.666239			236.181108
49000			-11017.702754			213.704435
50000			-10312.794125			193.366803
51000			-8604.356778			174.964643
52000			-8267.832322			158.313765
53000			-9375.416181			143.247502
54000			-8760.077104			129.615051
55000			-8004.988183			117.279962
56000			-8784.362292			106.118767
57000			-7332.552909			96.019751
58000			-7212.502542			86.881830
59000			-5915.048536			78.613537
60000			-6310.923752			71.132114
61000			-4948.919859			64.362677
62000			-4934.982383			58.237467
63000			-4331.474539			52.695176
64000			-4771.111528			47.680328
65000			-3504.867056			43.142730
66000			-2758.913319			39.036961
67000			-2823.260843			35.321926
68000			-3348.332793			31.960441
69000			-2700.480179			28.918858
70000			-2624.595780			26.166734
71000			-2323.277826			23.676522
72000			-2074.061283			21.423296
73000			-1859.687855			19.384503
74000			-1658.488836			17.539736
75000			-1573.118887			15.870530
76000			-1669.976857			14.360177
77000			-1584.501547			12.993561
78000			-1548.456457			11.757001
79000			-1552.250677			10.638121
80000			-1557.942007			9.625722
81000			-1493.327099			8.709670
82000			-1480.047329			7.880796
83000			-1476.253109			7.130803
84000			-1470.561779			6.452185
85000			-1470.561779			5.838150
86000			-1462.973339			5.282550
87000			-1474.355999			4.779825
88000			-1461.076229			4.324943
89000			-1462.973339			3.913350
90000			-1472.458889			3.540928
91000			-1464.870449			3.203948
92000			-1468.664669			2.899038
93000			-1459.179119			2.623145
94000			-1464.870449			2.373508
95000			-1462.973339			2.147628
96000			-1462.973339			1.943244
97000			-1462.973339			1.758311
98000			-1453.487789			1.590978
99000			-1459.179119			1.439569
100000			-1453.487789			1.302570
101000			-1455.384899			1.178608
102000			-1453.487789			1.066443
103000			-1449.693569			0.964953
104000			-1449.693569			0.873121
105000			-1453.487789			0.790029
106000			-1449.693569			0.714844
107000			-1447.796459			0.646814
108000			-1445.899349			0.585259
109000			-1442.105129			0.529561
110000			-1442.105129			0.479165
111000			-1440.208019			0.433564
112000			-1440.208019			0.392303
113000			-1440.208019			0.354969
114000			-1440.208019			0.321187
115000			-1440.208019			0.290621
116000			-1440.208019			0.262963
117000			-1440.208019			0.237938
118000			-1440.208019			0.215294
119000			-1440.208019			0.194805
120000			-1438.310909			0.176266
121000			-1438.310909			0.159491
122000			-1438.310909			0.144313
123000			-1438.310909			0.130579
124000			-1438.310909			0.118152
125000			-1438.310909			0.106908
126000			-1438.310909			0.096734
127000			-1438.310909			0.087528
128000			-1438.310909			0.079198
129000			-1438.310909			0.071661
130000			-1438.310909			0.064841
131000			-1438.310909			0.058671
132000			-1438.310909			0.053087
133000			-1438.310909			0.048035
134000			-1438.310909			0.043464
135000			-1438.310909			0.039327
136000			-1438.310909			0.035585
137000			-1438.310909			0.032198
138000			-1438.310909			0.029134
139000			-1438.310909			0.026361
140000			-1438.310909			0.023853
141000			-1438.310909			0.021583
142000			-1436.413799			0.019529
143000			-1436.413799			0.017670
144000			-1436.413799			0.015989
145000			-1436.413799			0.014467
146000			-1434.516689			0.013090
147000			-1432.619579			0.011844
148000			-1432.619579			0.010717
149000			-1432.619579			0.009697
150000			-1432.619579			0.008774
151000			-1432.619579			0.007939
152000			-1432.619579			0.007184
153000			-1432.619579			0.006500
154000			-1432.619579			0.005882
155000			-1432.619579			0.005322
156000			-1432.619579			0.004815
157000			-1432.619579			0.004357
158000			-1432.619579			0.003942
159000			-1432.619579			0.003567
160000			-1432.619579			0.003228
161000			-1432.619579			0.002921
162000			-1432.619579			0.002643
163000			-1432.619579			0.002391
164000			-1432.619579			0.002164
165000			-1432.619579			0.001958
166000			-1432.619579			0.001771
167000			-1432.619579			0.001603
168000			-1432.619579			0.001450
169000			-1432.619579			0.001312
170000			-1432.619579			0.001187
171000			-1432.619579			0.001074
Iteration: 3
Step			Log-likelihood			Temperature
1			-27689.380817			99900.000000
1000			-25589.271167			36769.542477
2000			-23539.175375			23501.721022
3000			-26943.923753			21265.130236
4000			-23240.760933			19241.389323
5000			-23822.155662			17410.241977
6000			-25614.297623			15753.359626
7000			-25767.482170			14254.157974
8000			-25314.853988			12897.631004
9000			-26559.145093			11670.200782
10000			-22271.905644			10559.581542
11000			-22663.938794			9554.656721
12000			-24605.856569			8645.367688
13000			-26565.665753			7822.613061
14000			-28257.696427			7078.157611
15000			-19673.661746			6404.549832
16000			-23344.646164			5795.047357
17000			-21799.015304			5243.549468
18000			-24540.482982			4744.536038
19000			-26390.116308			4293.012272
20000			-21917.522809			3884.458716
21000			-18716.105004			3514.786020
22000			-16814.946471			3180.294005
23000			-23789.138249			2877.634626
24000			-21887.481675			2603.778466
25000			-23306.390260			2355.984403
26000			-23484.976405			2131.772185
27000			-26019.457747			1928.897594
28000			-20178.543346			1745.329992
29000			-19980.264331			1579.231987
30000			-22128.613905			1428.941048
31000			-21326.887106			1292.952863
32000			-19450.093965			1169.906280
33000			-14375.781354			1058.569685
34000			-20210.034574			957.828671
35000			-21268.144281			866.674888
36000			-15888.826997			784.195947
37000			-17906.934155			709.566288
38000			-16384.507702			642.038917
39000			-11904.921099			580.937931
40000			-17066.687377			525.651749
41000			-14926.467794			475.626993
42000			-13280.955884			430.362949
43000			-14918.210561			389.406552
44000			-12627.341297			352.347857
45000			-12679.991312			318.815931
46000			-10679.725509			288.475142
47000			-13602.098261			261.021797
48000			-11667.279458			236.181108
49000			-10939.001570			213.704435
50000			-9089.230914			193.366803
51000			-8708.931581			174.964643
52000			-8480.909777			158.313765
53000			-8986.316298			143.247502
54000			-8168.124081			129.615051
55000			-8499.842784			117.279962
56000			-7580.601815			106.118767
57000			-5764.561915			96.019751
58000			-4945.090905			86.881830
59000			-4895.917155			78.613537
60000			-5734.375261			71.132114
61000			-5474.873794			64.362677
62000			-5253.197669			58.237467
63000			-5011.737624			52.695176
64000			-4391.156885			47.680328
65000			-3823.765572			43.142730
66000			-3341.099140			39.036961
67000			-3284.508375			35.321926
68000			-2941.087747			31.960441
69000			-2894.316532			28.918858
70000			-2607.650804			26.166734
71000			-2444.176811			23.676522
72000			-2383.671412			21.423296
73000			-2103.342081			19.384503
74000			-2095.753641			17.539736
75000			-2014.629459			15.870530
76000			-1957.393626			14.360177
77000			-1866.654880			12.993561
78000			-1840.159847			11.757001
79000			-1637.620626			10.638121
80000			-1601.575537			9.625722
81000			-1620.546636			8.709670
82000			-1609.163976			7.880796
83000			-1593.987097			7.130803
84000			-1605.369757			6.452185
85000			-1567.292109			5.838150
86000			-1565.500359			5.282550
87000			-1512.266991			4.779825
88000			-1531.238090			4.324943
89000			-1521.752541			3.913350
90000			-1480.016121			3.540928
91000			-1483.810341			3.203948
92000			-1481.913231			2.899038
93000			-1480.151569			2.623145
94000			-1476.357349			2.373508
95000			-1466.871799			2.147628
96000			-1466.871799			1.943244
97000			-1463.077579			1.758311
98000			-1468.768909			1.590978
99000			-1464.974689			1.439569
100000			-1468.768909			1.302570
101000			-1468.768909			1.178608
102000			-1468.768909			1.066443
103000			-1468.768909			0.964953
104000			-1461.180469			0.873121
105000			-1461.180469			0.790029
106000			-1464.974689			0.714844
107000			-1461.180469			0.646814
108000			-1459.283359			0.585259
109000			-1459.283359			0.529561
110000			-1457.386249			0.479165
111000			-1457.500538			0.433564
112000			-1457.500538			0.392303
113000			-1457.500538			0.354969
114000			-1457.500538			0.321187
115000			-1457.500538			0.290621
116000			-1457.500538			0.262963
117000			-1457.500538			0.237938
118000			-1455.603428			0.215294
119000			-1455.603428			0.194805
120000			-1455.603428			0.176266
121000			-1453.706318			0.159491
122000			-1453.706318			0.144313
123000			-1453.706318			0.130579
124000			-1453.706318			0.118152
125000			-1453.706318			0.106908
126000			-1453.706318			0.096734
127000			-1453.706318			0.087528
128000			-1453.706318			0.079198
129000			-1449.912098			0.071661
130000			-1449.912098			0.064841
131000			-1449.912098			0.058671
132000			-1449.912098			0.053087
133000			-1449.912098			0.048035
134000			-1448.014988			0.043464
135000			-1448.014988			0.039327
136000			-1448.014988			0.035585
137000			-1448.014988			0.032198
138000			-1446.117878			0.029134
139000			-1446.117878			0.026361
140000			-1446.117878			0.023853
141000			-1446.117878			0.021583
142000			-1446.117878			0.019529
143000			-1446.117878			0.017670
144000			-1446.117878			0.015989
145000			-1446.117878			0.014467
146000			-1446.117878			0.013090
147000			-1446.117878			0.011844
148000			-1446.117878			0.010717
149000			-1446.117878			0.009697
150000			-1446.117878			0.008774
151000			-1446.117878			0.007939
152000			-1446.117878			0.007184
153000			-1446.117878			0.006500
154000			-1446.117878			0.005882
155000			-1446.117878			0.005322
156000			-1446.117878			0.004815
157000			-1446.117878			0.004357
158000			-1446.117878			0.003942
159000			-1446.117878			0.003567
160000			-1446.117878			0.003228
161000			-1446.117878			0.002921
162000			-1446.117878			0.002643
163000			-1446.117878			0.002391
164000			-1446.117878			0.002164
165000			-1446.117878			0.001958
166000			-1446.117878			0.001771
167000			-1446.117878			0.001603
168000			-1446.117878			0.001450
169000			-1446.117878			0.001312
170000			-1446.117878			0.001187
171000			-1446.117878			0.001074
Iteration: 4
Step			Log-likelihood			Temperature
1			-28944.455454			99900.000000
1000			-24372.812178			36769.542477
2000			-23049.372051			23501.721022
3000			-24988.746196			21265.130236
4000			-21370.208178			19241.389323
5000			-25427.732377			17410.241977
6000			-26147.827837			15753.359626
7000			-24473.439065			14254.157974
8000			-23929.020618			12897.631004
9000			-26206.875698			11670.200782
10000			-25180.700463			10559.581542
11000			-20402.034004			9554.656721
12000			-23970.176269			8645.367688
13000			-24819.374559			7822.613061
14000			-23757.489996			7078.157611
15000			-22821.936403			6404.549832
16000			-23716.669293			5795.047357
17000			-25317.294307			5243.549468
18000			-24578.955972			4744.536038
19000			-23001.806686			4293.012272
20000			-25211.874412			3884.458716
21000			-26373.628421			3514.786020
22000			-26162.460739			3180.294005
23000			-25746.860639			2877.634626
24000			-23409.486243			2603.778466
25000			-23963.654757			2355.984403
26000			-20858.974858			2131.772185
27000			-27016.203783			1928.897594
28000			-20517.284368			1745.329992
29000			-23821.964239			1579.231987
30000			-22371.136185			1428.941048
31000			-24242.566368			1292.952863
32000			-19769.567788			1169.906280
33000			-18516.570459			1058.569685
34000			-19698.940985			957.828671
35000			-18772.203990			866.674888
36000			-15805.754305			784.195947
37000			-17240.286148			709.566288
38000			-16156.842826			642.038917
39000			-13770.662448			580.937931
40000			-17930.904825			525.651749
41000			-10665.803895			475.626993
42000			-13230.900874			430.362949
43000			-12598.767725			389.406552
44000			-14417.316577			352.347857
45000			-12613.527956			318.815931
46000			-9110.398582			288.475142
47000			-10188.538235			261.021797
48000			-10409.109510			236.181108
49000			-11550.139753			213.704435
50000			-10118.415368			193.366803
51000			-9623.320046			174.964643
52000			-9805.778073			158.313765
53000			-10038.920875			143.247502
54000			-9115.840473			129.615051
55000			-9195.731557			117.279962
56000			-6618.882202			106.118767
57000			-6259.411502			96.019751
58000			-4919.421030			86.881830
59000			-5786.397726			78.613537
60000			-5724.787112			71.132114
61000			-5143.678300			64.362677
62000			-5119.034305			58.237467
63000			-4426.883210			52.695176
64000			-4637.684423			47.680328
65000			-3509.724519			43.142730
66000			-3498.009683			39.036961
67000			-3473.574306			35.321926
68000			-2946.446397			31.960441
69000			-2855.734629			28.918858
70000			-2610.588622			26.166734
71000			-2305.983397			23.676522
72000			-2426.911652			21.423296
73000			-2097.206322			19.384503
74000			-2120.015835			17.539736
75000			-2074.570016			15.870530
76000			-2131.648104			14.360177
77000			-2107.090380			12.993561
78000			-2040.569363			11.757001
79000			-2050.947851			10.638121
80000			-1998.035760			9.625722
81000			-1992.344430			8.709670
82000			-1996.138650			7.880796
83000			-1896.676327			7.130803
84000			-1849.248577			6.452185
85000			-1862.528347			5.838150
86000			-1839.763027			5.282550
87000			-1705.989522			4.779825
88000			-1679.321283			4.324943
89000			-1658.453073			3.913350
90000			-1656.603763			3.540928
91000			-1619.677675			3.203948
92000			-1489.131873			2.899038
93000			-1491.028983			2.623145
94000			-1466.366553			2.373508
95000			-1464.469443			2.147628
96000			-1464.469443			1.943244
97000			-1468.372362			1.758311
98000			-1462.681033			1.590978
99000			-1466.475253			1.439569
100000			-1462.681033			1.302570
101000			-1464.578143			1.178608
102000			-1464.578143			1.066443
103000			-1456.989703			0.964953
104000			-1455.092593			0.873121
105000			-1453.195483			0.790029
106000			-1453.195483			0.714844
107000			-1455.092593			0.646814
108000			-1453.195483			0.585259
109000			-1455.092593			0.529561
110000			-1453.195483			0.479165
111000			-1453.195483			0.433564
112000			-1453.195483			0.392303
113000			-1453.195483			0.354969
114000			-1449.401263			0.321187
115000			-1449.401263			0.290621
116000			-1447.504153			0.262963
117000			-1445.607043			0.237938
118000			-1443.709933			0.215294
119000			-1443.709933			0.194805
120000			-1443.709933			0.176266
121000			-1443.709933			0.159491
122000			-1443.709933			0.144313
123000			-1443.709933			0.130579
124000			-1443.709933			0.118152
125000			-1443.709933			0.106908
126000			-1443.709933			0.096734
127000			-1443.709933			0.087528
128000			-1443.709933			0.079198
129000			-1443.709933			0.071661
130000			-1443.709933			0.064841
131000			-1443.709933			0.058671
132000			-1443.709933			0.053087
133000			-1443.709933			0.048035
134000			-1443.709933			0.043464
135000			-1443.709933			0.039327
136000			-1443.709933			0.035585
137000			-1443.709933			0.032198
138000			-1443.709933			0.029134
139000			-1443.709933			0.026361
140000			-1443.709933			0.023853
141000			-1443.709933			0.021583
142000			-1443.709933			0.019529
143000			-1443.709933			0.017670
144000			-1443.709933			0.015989
145000			-1443.709933			0.014467
146000			-1443.709933			0.013090
147000			-1443.709933			0.011844
148000			-1443.709933			0.010717
149000			-1443.709933			0.009697
150000			-1443.709933			0.008774
151000			-1443.709933			0.007939
152000			-1443.709933			0.007184
153000			-1443.709933			0.006500
154000			-1443.709933			0.005882
155000			-1443.709933			0.005322
156000			-1443.709933			0.004815
157000			-1443.709933			0.004357
158000			-1443.709933			0.003942
159000			-1443.709933			0.003567
160000			-1443.709933			0.003228
161000			-1443.709933			0.002921
162000			-1443.709933			0.002643
163000			-1443.709933			0.002391
164000			-1443.709933			0.002164
165000			-1443.709933			0.001958
166000			-1443.709933			0.001771
167000			-1443.709933			0.001603
168000			-1443.709933			0.001450
169000			-1443.709933			0.001312
170000			-1443.709933			0.001187
171000			-1443.709933			0.001074
Iteration: 5
Step			Log-likelihood			Temperature
1			-26390.269354			99900.000000
1000			-24336.625257			36769.542477
2000			-25705.422150			23501.721022
3000			-26256.092119			21265.130236
4000			-25361.010994			19241.389323
5000			-26285.742144			17410.241977
6000			-22230.413960			15753.359626
7000			-23445.706771			14254.157974
8000			-25039.566658			12897.631004
9000			-23471.228364			11670.200782
10000			-25067.357665			10559.581542
11000			-27874.353351			9554.656721
12000			-23446.205308			8645.367688
13000			-23956.345763			7822.613061
14000			-22556.510495			7078.157611
15000			-21622.041607			6404.549832
16000			-18068.621112			5795.047357
17000			-23015.660067			5243.549468
18000			-25030.317217			4744.536038
19000			-26231.445958			4293.012272
20000			-25749.632461			3884.458716
21000			-19506.643581			3514.786020
22000			-25069.376816			3180.294005
23000			-24826.656985			2877.634626
24000			-24738.222289			2603.778466
25000			-21458.341841			2355.984403
26000			-24043.273060			2131.772185
27000			-23624.737690			1928.897594
28000			-23127.515752			1745.329992
29000			-19160.680564			1579.231987
30000			-20030.919785			1428.941048
31000			-25930.542708			1292.952863
32000			-20901.488761			1169.906280
33000			-18557.821961			1058.569685
34000			-16766.344496			957.828671
35000			-16716.812185			866.674888
36000			-19105.972948			784.195947
37000			-19113.930136			709.566288
38000			-18423.936248			642.038917
39000			-13916.677152			580.937931
40000			-17185.542932			525.651749
41000			-15487.679055			475.626993
42000			-15028.592690			430.362949
43000			-11249.728592			389.406552
44000			-13495.173884			352.347857
45000			-11935.259527			318.815931
46000			-12823.687870			288.475142
47000			-10051.458817			261.021797
48000			-9319.774582			236.181108
49000			-11162.195520			213.704435
50000			-10422.571122			193.366803
51000			-10742.291293			174.964643
52000			-9222.492100			158.313765
53000			-8548.636854			143.247502
54000			-9841.621436			129.615051
55000			-8126.096220			117.279962
56000			-5864.592690			106.118767
57000			-7632.645825			96.019751
58000			-7035.490752			86.881830
59000			-6502.322471			78.613537
60000			-6002.540553			71.132114
61000			-4055.414294			64.362677
62000			-4462.059529			58.237467
63000			-4368.107124			52.695176
64000			-3809.426775			47.680328
65000			-3933.803279			43.142730
66000			-3464.895090			39.036961
67000			-3525.725784			35.321926
68000			-3076.972958			31.960441
69000			-2904.563733			28.918858
70000			-2617.289020			26.166734
71000			-2375.795259			23.676522
72000			-2328.472870			21.423296
73000			-1896.354266			19.384503
74000			-1792.916159			17.539736
75000			-1855.788275			15.870530
76000			-1777.998957			14.360177
77000			-1540.649488			12.993561
78000			-1567.314388			11.757001
79000			-1559.725948			10.638121
80000			-1601.575537			9.625722
81000			-1508.503979			8.709670
82000			-1535.063518			7.880796
83000			-1506.606869			7.130803
84000			-1500.915539			6.452185
85000			-1510.401089			5.838150
86000			-1510.401089			5.282550
87000			-1514.195309			4.779825
88000			-1516.197779			4.324943
89000			-1472.564249			3.913350
90000			-1466.872919			3.540928
91000			-1470.667139			3.203948
92000			-1470.667139			2.899038
93000			-1476.358469			2.623145
94000			-1476.358469			2.373508
95000			-1474.461359			2.147628
96000			-1461.181589			1.943244
97000			-1468.770029			1.758311
98000			-1464.975809			1.590978
99000			-1457.387370			1.439569
100000			-1451.696040			1.302570
101000			-1453.593150			1.178608
102000			-1451.696040			1.066443
103000			-1449.798930			0.964953
104000			-1451.696040			0.873121
105000			-1449.798930			0.790029
106000			-1449.798930			0.714844
107000			-1447.901820			0.646814
108000			-1447.901820			0.585259
109000			-1447.901820			0.529561
110000			-1447.901820			0.479165
111000			-1447.901820			0.433564
112000			-1447.901820			0.392303
113000			-1447.901820			0.354969
114000			-1444.107600			0.321187
115000			-1444.107600			0.290621
116000			-1444.107600			0.262963
117000			-1444.107600			0.237938
118000			-1444.107600			0.215294
119000			-1444.107600			0.194805
120000			-1444.107600			0.176266
121000			-1444.107600			0.159491
122000			-1444.107600			0.144313
123000			-1444.107600			0.130579
124000			-1444.107600			0.118152
125000			-1444.107600			0.106908
126000			-1442.210490			0.096734
127000			-1442.210490			0.087528
128000			-1440.313380			0.079198
129000			-1440.313380			0.071661
130000			-1440.313380			0.064841
131000			-1440.313380			0.058671
132000			-1440.313380			0.053087
133000			-1440.313380			0.048035
134000			-1440.313380			0.043464
135000			-1440.313380			0.039327
136000			-1440.313380			0.035585
137000			-1440.313380			0.032198
138000			-1440.313380			0.029134
139000			-1438.416270			0.026361
140000			-1438.416270			0.023853
141000			-1438.416270			0.021583
142000			-1438.416270			0.019529
143000			-1438.416270			0.017670
144000			-1438.416270			0.015989
145000			-1438.416270			0.014467
146000			-1438.416270			0.013090
147000			-1438.416270			0.011844
148000			-1438.416270			0.010717
149000			-1438.416270			0.009697
150000			-1438.416270			0.008774
151000			-1438.416270			0.007939
152000			-1438.416270			0.007184
153000			-1438.416270			0.006500
154000			-1438.416270			0.005882
155000			-1438.416270			0.005322
156000			-1438.416270			0.004815
157000			-1438.416270			0.004357
158000			-1438.416270			0.003942
159000			-1438.416270			0.003567
160000			-1438.416270			0.003228
161000			-1438.416270			0.002921
162000			-1438.416270			0.002643
163000			-1438.416270			0.002391
164000			-1438.416270			0.002164
165000			-1438.416270			0.001958
166000			-1438.416270			0.001771
167000			-1438.416270			0.001603
168000			-1438.416270			0.001450
169000			-1438.416270			0.001312
170000			-1438.416270			0.001187
171000			-1438.416270			0.001074
Iteration: 6
Step			Log-likelihood			Temperature
1			-25863.152901			99900.000000
1000			-23429.310399			36769.542477
2000			-26240.396540			23501.721022
3000			-24626.526554			21265.130236
4000			-27085.272933			19241.389323
5000			-26642.657028			17410.241977
6000			-25428.538754			15753.359626
7000			-25416.187715			14254.157974
8000			-25749.054722			12897.631004
9000			-22224.122748			11670.200782
10000			-26377.533573			10559.581542
11000			-23619.335507			9554.656721
12000			-22859.839022			8645.367688
13000			-23834.830554			7822.613061
14000			-20803.076494			7078.157611
15000			-21887.373139			6404.549832
16000			-24880.088193			5795.047357
17000			-24886.663140			5243.549468
18000			-27569.343265			4744.536038
19000			-20317.441619			4293.012272
20000			-24878.313957			3884.458716
21000			-24094.972333			3514.786020
22000			-22885.976706			3180.294005
23000			-23151.416881			2877.634626
24000			-21838.827495			2603.778466
25000			-23054.717222			2355.984403
26000			-22966.765369			2131.772185
27000			-23365.430885			1928.897594
28000			-22909.232261			1745.329992
29000			-24636.918608			1579.231987
30000			-17148.494719			1428.941048
31000			-25913.075838			1292.952863
32000			-18669.076890			1169.906280
33000			-17404.979929			1058.569685
34000			-19655.019936			957.828671
35000			-13762.519861			866.674888
36000			-18483.327218			784.195947
37000			-18115.874281			709.566288
38000			-16831.043962			642.038917
39000			-14328.858491			580.937931
40000			-14520.808685			525.651749
41000			-15192.238061			475.626993
42000			-10794.128278			430.362949
43000			-14744.410660			389.406552
44000			-13609.935831			352.347857
45000			-10819.175547			318.815931
46000			-11819.709073			288.475142
47000			-10315.392884			261.021797
48000			-10074.250551			236.181108
49000			-11033.613482			213.704435
50000			-11778.611882			193.366803
51000			-9909.325157			174.964643
52000			-10365.212114			158.313765
53000			-9135.664909			143.247502
54000			-7260.112133			129.615051
55000			-8187.808550			117.279962
56000			-7520.908114			106.118767
57000			-7067.773875			96.019751
58000			-7229.409426			86.881830
59000			-7135.547942			78.613537
60000			-6671.820357			71.132114
61000			-5990.293730			64.362677
62000			-5302.554622			58.237467
63000			-4489.338037			52.695176
64000			-3532.057858			47.680328
65000			-3612.573549			43.142730
66000			-3530.707540			39.036961
67000			-2969.362344			35.321926
68000			-2965.535870			31.960441
69000			-2914.313901			28.918858
70000			-2775.921632			26.166734
71000			-2561.999751			23.676522
72000			-2455.826098			21.423296
73000			-2588.591544			19.384503
74000			-2370.456149			17.539736
75000			-2324.925509			15.870530
76000			-2073.061429			14.360177
77000			-1940.424997			12.993561
78000			-1862.530319			11.757001
79000			-1680.813456			10.638121
80000			-1821.455375			9.625722
81000			-1630.137547			8.709670
82000			-1537.032077			7.880796
83000			-1529.443637			7.130803
84000			-1512.369648			6.452185
85000			-1518.060977			5.838150
86000			-1512.369648			5.282550
87000			-1508.575428			4.779825
88000			-1514.266757			4.324943
89000			-1523.752307			3.913350
90000			-1512.369648			3.540928
91000			-1508.575428			3.203948
92000			-1512.369648			2.899038
93000			-1514.266757			2.623145
94000			-1512.369648			2.373508
95000			-1506.678318			2.147628
96000			-1502.918009			1.943244
97000			-1501.020899			1.758311
98000			-1455.490260			1.590978
99000			-1457.387370			1.439569
100000			-1455.490260			1.302570
101000			-1451.696040			1.178608
102000			-1451.696040			1.066443
103000			-1451.696040			0.964953
104000			-1449.798930			0.873121
105000			-1449.798930			0.790029
106000			-1447.901820			0.714844
107000			-1446.004710			0.646814
108000			-1446.004710			0.585259
109000			-1446.004710			0.529561
110000			-1446.004710			0.479165
111000			-1444.107600			0.433564
112000			-1440.313380			0.392303
113000			-1440.313380			0.354969
114000			-1440.313380			0.321187
115000			-1440.313380			0.290621
116000			-1440.313380			0.262963
117000			-1440.313380			0.237938
118000			-1440.313380			0.215294
119000			-1440.313380			0.194805
120000			-1440.313380			0.176266
121000			-1440.313380			0.159491
122000			-1440.313380			0.144313
123000			-1440.313380			0.130579
124000			-1440.313380			0.118152
125000			-1440.313380			0.106908
126000			-1440.313380			0.096734
127000			-1440.313380			0.087528
128000			-1440.313380			0.079198
129000			-1440.313380			0.071661
130000			-1440.313380			0.064841
131000			-1440.313380			0.058671
132000			-1440.313380			0.053087
133000			-1440.313380			0.048035
134000			-1440.313380			0.043464
135000			-1440.313380			0.039327
136000			-1440.313380			0.035585
137000			-1440.313380			0.032198
138000			-1440.313380			0.029134
139000			-1440.313380			0.026361
140000			-1440.313380			0.023853
141000			-1440.313380			0.021583
142000			-1440.313380			0.019529
143000			-1440.313380			0.017670
144000			-1440.313380			0.015989
145000			-1440.313380			0.014467
146000			-1440.313380			0.013090
147000			-1440.313380			0.011844
148000			-1440.313380			0.010717
149000			-1440.313380			0.009697
150000			-1440.313380			0.008774
151000			-1440.313380			0.007939
152000			-1440.313380			0.007184
153000			-1440.313380			0.006500
154000			-1440.313380			0.005882
155000			-1440.313380			0.005322
156000			-1440.313380			0.004815
157000			-1440.313380			0.004357
158000			-1440.313380			0.003942
159000			-1440.313380			0.003567
160000			-1440.313380			0.003228
161000			-1440.313380			0.002921
162000			-1440.313380			0.002643
163000			-1440.313380			0.002391
164000			-1440.313380			0.002164
165000			-1440.313380			0.001958
166000			-1440.313380			0.001771
167000			-1440.313380			0.001603
168000			-1440.313380			0.001450
169000			-1440.313380			0.001312
170000			-1440.313380			0.001187
171000			-1440.313380			0.001074
Iteration: 7
Step			Log-likelihood			Temperature
1			-26360.899452			99900.000000
1000			-25867.770972			36769.542477
2000			-23718.600328			23501.721022
3000			-26545.781064			21265.130236
4000			-27256.502471			19241.389323
5000			-23796.728736			17410.241977
6000			-22739.137430			15753.359626
7000			-25227.099009			14254.157974
8000			-26660.428734			12897.631004
9000			-24171.595754			11670.200782
10000			-25444.183841			10559.581542
11000			-23686.809903			9554.656721
12000			-27089.325180			8645.367688
13000			-22678.907872			7822.613061
14000			-24007.848548			7078.157611
15000			-21972.856211			6404.549832
16000			-23212.123133			5795.047357
17000			-23365.828792			5243.549468
18000			-24335.060660			4744.536038
19000			-21835.362352			4293.012272
20000			-27645.152998			3884.458716
21000			-26597.157052			3514.786020
22000			-24824.831957			3180.294005
23000			-20426.519208			2877.634626
24000			-24408.092899			2603.778466
25000			-27941.366241			2355.984403
26000			-25337.354258			2131.772185
27000			-23946.971998			1928.897594
28000			-18685.634826			1745.329992
29000			-19045.882151			1579.231987
30000			-21257.353586			1428.941048
31000			-22980.916965			1292.952863
32000			-18378.147581			1169.906280
33000			-21470.667916			1058.569685
34000			-16687.136366			957.828671
35000			-22303.485293			866.674888
36000			-17348.415578			784.195947
37000			-16074.661412			709.566288
38000			-14385.832981			642.038917
39000			-14046.499959			580.937931
40000			-12977.980412			525.651749
41000			-14609.146968			475.626993
42000			-14785.857853			430.362949
43000			-12201.558970			389.406552
44000			-12657.463444			352.347857
45000			-11190.971012			318.815931
46000			-11630.413177			288.475142
47000			-12019.041481			261.021797
48000			-10231.978713			236.181108
49000			-10881.807384			213.704435
50000			-8786.247724			193.366803
51000			-8721.321960			174.964643
52000			-9332.411734			158.313765
53000			-8074.004570			143.247502
54000			-9115.054727			129.615051
55000			-8240.984899			117.279962
56000			-7936.321876			106.118767
57000			-8340.954610			96.019751
58000			-6766.468212			86.881830
59000			-6667.580429			78.613537
60000			-5107.930248			71.132114
61000			-4064.757208			64.362677
62000			-4317.550797			58.237467
63000			-4159.064400			52.695176
64000			-3818.423190			47.680328
65000			-3559.507509			43.142730
66000			-3300.211314			39.036961
67000			-2780.974740			35.321926
68000			-2839.268089			31.960441
69000			-2554.482663			28.918858
70000			-2645.905703			26.166734
71000			-2081.082981			23.676522
72000			-1839.367448			21.423296
73000			-1830.309676			19.384503
74000			-1775.454753			17.539736
75000			-1691.868745			15.870530
76000			-1720.601857			14.360177
77000			-1741.583235			12.993561
78000			-1682.805079			11.757001
79000			-1682.708319			10.638121
80000			-1612.612010			9.625722
81000			-1633.480220			8.709670
82000			-1637.274440			7.880796
83000			-1625.988540			7.130803
84000			-1627.885650			6.452185
85000			-1482.162968			5.838150
86000			-1478.368748			5.282550
87000			-1474.574528			4.779825
88000			-1470.780308			4.324943
89000			-1465.088978			3.913350
90000			-1461.294758			3.540928
91000			-1461.294758			3.203948
92000			-1461.294758			2.899038
93000			-1466.986088			2.623145
94000			-1465.088978			2.373508
95000			-1465.088978			2.147628
96000			-1468.883198			1.943244
97000			-1468.883198			1.758311
98000			-1470.780308			1.590978
99000			-1468.883198			1.439569
100000			-1466.986088			1.302570
101000			-1472.677418			1.178608
102000			-1476.471638			1.066443
103000			-1472.677418			0.964953
104000			-1470.780308			0.873121
105000			-1468.883198			0.790029
106000			-1466.986088			0.714844
107000			-1465.088978			0.646814
108000			-1461.294758			0.585259
109000			-1459.397648			0.529561
110000			-1457.500538			0.479165
111000			-1457.500538			0.433564
112000			-1457.500538			0.392303
113000			-1453.706318			0.354969
114000			-1453.706318			0.321187
115000			-1449.912098			0.290621
116000			-1448.014988			0.262963
117000			-1448.014988			0.237938
118000			-1446.117878			0.215294
119000			-1446.117878			0.194805
120000			-1446.117878			0.176266
121000			-1446.117878			0.159491
122000			-1446.117878			0.144313
123000			-1446.117878			0.130579
124000			-1446.117878			0.118152
125000			-1446.117878			0.106908
126000			-1446.117878			0.096734
127000			-1446.117878			0.087528
128000			-1446.117878			0.079198
129000			-1446.117878			0.071661
130000			-1446.117878			0.064841
131000			-1446.117878			0.058671
132000			-1446.117878			0.053087
133000			-1446.117878			0.048035
134000			-1446.117878			0.043464
135000			-1446.117878			0.039327
136000			-1446.117878			0.035585
137000			-1446.117878			0.032198
138000			-1446.117878			0.029134
139000			-1446.117878			0.026361
140000			-1446.117878			0.023853
141000			-1446.117878			0.021583
142000			-1446.117878			0.019529
143000			-1446.117878			0.017670
144000			-1446.117878			0.015989
145000			-1446.117878			0.014467
146000			-1446.117878			0.013090
147000			-1446.117878			0.011844
148000			-1446.117878			0.010717
149000			-1446.117878			0.009697
150000			-1446.117878			0.008774
151000			-1446.117878			0.007939
152000			-1446.117878			0.007184
153000			-1446.117878			0.006500
154000			-1446.117878			0.005882
155000			-1446.117878			0.005322
156000			-1446.117878			0.004815
157000			-1446.117878			0.004357
158000			-1446.117878			0.003942
159000			-1446.117878			0.003567
160000			-1446.117878			0.003228
161000			-1446.117878			0.002921
162000			-1446.117878			0.002643
163000			-1446.117878			0.002391
164000			-1446.117878			0.002164
165000			-1446.117878			0.001958
166000			-1446.117878			0.001771
167000			-1446.117878			0.001603
168000			-1446.117878			0.001450
169000			-1446.117878			0.001312
170000			-1446.117878			0.001187
171000			-1446.117878			0.001074
Iteration: 8
Step			Log-likelihood			Temperature
1			-25401.580453			99900.000000
1000			-23643.604584			36769.542477
2000			-24378.841593			23501.721022
3000			-24210.868121			21265.130236
4000			-25541.642924			19241.389323
5000			-24778.131945			17410.241977
6000			-25993.864675			15753.359626
7000			-24408.056772			14254.157974
8000			-25359.194235			12897.631004
9000			-26321.614332			11670.200782
10000			-25022.346752			10559.581542
11000			-26224.738505			9554.656721
12000			-22891.881656			8645.367688
13000			-25621.120236			7822.613061
14000			-23049.411327			7078.157611
15000			-23634.543014			6404.549832
16000			-25514.813946			5795.047357
17000			-24463.744393			5243.549468
18000			-19528.983768			4744.536038
19000			-28007.672100			4293.012272
20000			-26743.134463			3884.458716
21000			-25409.418023			3514.786020
22000			-25200.894727			3180.294005
23000			-24697.060591			2877.634626
24000			-24487.797015			2603.778466
25000			-25345.219306			2355.984403
26000			-20890.284885			2131.772185
27000			-20264.981327			1928.897594
28000			-22241.100598			1745.329992
29000			-24123.913441			1579.231987
30000			-19262.180259			1428.941048
31000			-19396.223872			1292.952863
32000			-14415.312686			1169.906280
33000			-19367.054239			1058.569685
34000			-19029.232204			957.828671
35000			-20038.022057			866.674888
36000			-20645.533025			784.195947
37000			-16784.431444			709.566288
38000			-14604.983007			642.038917
39000			-15851.779255			580.937931
40000			-16039.819399			525.651749
41000			-12500.537299			475.626993
42000			-13324.674268			430.362949
43000			-14248.558161			389.406552
44000			-12537.596567			352.347857
45000			-11454.686817			318.815931
46000			-10353.889654			288.475142
47000			-10855.440571			261.021797
48000			-9682.580892			236.181108
49000			-9028.400481			213.704435
50000			-7901.135949			193.366803
51000			-9452.746143			174.964643
52000			-7521.585763			158.313765
53000			-7608.643741			143.247502
54000			-8319.400595			129.615051
55000			-8349.155864			117.279962
56000			-7910.826697			106.118767
57000			-7350.572277			96.019751
58000			-5821.577814			86.881830
59000			-6635.974626			78.613537
60000			-5661.317481			71.132114
61000			-4544.827772			64.362677
62000			-4191.837162			58.237467
63000			-3361.824165			52.695176
64000			-3886.098003			47.680328
65000			-3762.196693			43.142730
66000			-3799.782560			39.036961
67000			-3126.808301			35.321926
68000			-2921.506347			31.960441
69000			-2574.539519			28.918858
70000			-2309.742822			26.166734
71000			-2369.926479			23.676522
72000			-2272.345667			21.423296
73000			-2413.438266			19.384503
74000			-2228.262459			17.539736
75000			-2098.055874			15.870530
76000			-2067.702114			14.360177
77000			-2046.833904			12.993561
78000			-1790.919824			11.757001
79000			-1805.987551			10.638121
80000			-1732.801047			9.625722
81000			-1700.463992			8.709670
82000			-1687.456006			7.880796
83000			-1607.779619			7.130803
84000			-1573.430174			6.452185
85000			-1580.986361			5.838150
86000			-1588.607054			5.282550
87000			-1588.607054			4.779825
88000			-1577.224394			4.324943
89000			-1575.327284			3.913350
90000			-1544.973524			3.540928
91000			-1539.282194			3.203948
92000			-1527.899534			2.899038
93000			-1529.796644			2.623145
94000			-1533.590864			2.373508
95000			-1493.751555			2.147628
96000			-1478.574675			1.943244
97000			-1448.220915			1.758311
98000			-1438.735365			1.590978
99000			-1440.632475			1.439569
100000			-1438.735365			1.302570
101000			-1434.941145			1.178608
102000			-1433.044035			1.066443
103000			-1429.249815			0.964953
104000			-1433.044035			0.873121
105000			-1433.044035			0.790029
106000			-1431.146925			0.714844
107000			-1431.146925			0.646814
108000			-1433.044035			0.585259
109000			-1431.146925			0.529561
110000			-1429.249815			0.479165
111000			-1429.249815			0.433564
112000			-1431.146925			0.392303
113000			-1429.249815			0.354969
114000			-1427.352705			0.321187
115000			-1427.352705			0.290621
116000			-1427.352705			0.262963
117000			-1427.352705			0.237938
118000			-1427.352705			0.215294
119000			-1427.352705			0.194805
120000			-1427.352705			0.176266
121000			-1427.352705			0.159491
122000			-1425.455595			0.144313
123000			-1425.455595			0.130579
124000			-1423.558485			0.118152
125000			-1423.558485			0.106908
126000			-1423.558485			0.096734
127000			-1423.558485			0.087528
128000			-1423.558485			0.079198
129000			-1423.558485			0.071661
130000			-1423.558485			0.064841
131000			-1423.558485			0.058671
132000			-1423.558485			0.053087
133000			-1423.558485			0.048035
134000			-1423.558485			0.043464
135000			-1423.558485			0.039327
136000			-1423.558485			0.035585
137000			-1423.558485			0.032198
138000			-1423.558485			0.029134
139000			-1423.558485			0.026361
140000			-1423.558485			0.023853
141000			-1423.558485			0.021583
142000			-1423.558485			0.019529
143000			-1423.558485			0.017670
144000			-1423.558485			0.015989
145000			-1423.558485			0.014467
146000			-1423.558485			0.013090
147000			-1423.558485			0.011844
148000			-1423.558485			0.010717
149000			-1423.558485			0.009697
150000			-1423.558485			0.008774
151000			-1423.558485			0.007939
152000			-1423.558485			0.007184
153000			-1423.558485			0.006500
154000			-1423.558485			0.005882
155000			-1423.558485			0.005322
156000			-1423.558485			0.004815
157000			-1423.558485			0.004357
158000			-1423.558485			0.003942
159000			-1423.558485			0.003567
160000			-1423.558485			0.003228
161000			-1423.558485			0.002921
162000			-1423.558485			0.002643
163000			-1423.558485			0.002391
164000			-1423.558485			0.002164
165000			-1423.558485			0.001958
166000			-1423.558485			0.001771
167000			-1423.558485			0.001603
168000			-1423.558485			0.001450
169000			-1423.558485			0.001312
170000			-1423.558485			0.001187
171000			-1423.558485			0.001074
Iteration: 9
Step			Log-likelihood			Temperature
1			-27946.807215			99900.000000
1000			-23792.182427			36769.542477
2000			-26404.979116			23501.721022
3000			-24926.326458			21265.130236
4000			-21195.675649			19241.389323
5000			-22299.958855			17410.241977
6000			-24097.353902			15753.359626
7000			-24913.955622			14254.157974
8000			-23713.433950			12897.631004
9000			-25235.370260			11670.200782
10000			-24104.598758			10559.581542
11000			-24179.630605			9554.656721
12000			-24115.763700			8645.367688
13000			-25524.954191			7822.613061
14000			-26312.178509			7078.157611
15000			-19404.214378			6404.549832
16000			-23487.486307			5795.047357
17000			-21718.395498			5243.549468
18000			-24321.986961			4744.536038
19000			-22360.038463			4293.012272
20000			-26731.638043			3884.458716
21000			-26374.475341			3514.786020
22000			-24173.102757			3180.294005
23000			-24326.329488			2877.634626
24000			-22280.126358			2603.778466
25000			-23145.828541			2355.984403
26000			-26922.766541			2131.772185
27000			-24788.097981			1928.897594
28000			-24421.832558			1745.329992
29000			-22017.334173			1579.231987
30000			-19972.939757			1428.941048
31000			-18648.152154			1292.952863
32000			-20711.504999			1169.906280
33000			-24736.867149			1058.569685
34000			-22078.142660			957.828671
35000			-21029.009958			866.674888
36000			-15478.755229			784.195947
37000			-14438.890870			709.566288
38000			-13418.327723			642.038917
39000			-14421.262734			580.937931
40000			-15460.034579			525.651749
41000			-12843.066586			475.626993
42000			-13438.178561			430.362949
43000			-11481.016144			389.406552
44000			-11039.650062			352.347857
45000			-12376.911101			318.815931
46000			-9778.881954			288.475142
47000			-10348.906366			261.021797
48000			-10497.517680			236.181108
49000			-10240.012292			213.704435
50000			-10479.636219			193.366803
51000			-8943.250467			174.964643
52000			-10013.736552			158.313765
53000			-8887.245505			143.247502
54000			-6908.416637			129.615051
55000			-7340.661594			117.279962
56000			-6439.428547			106.118767
57000			-6528.081400			96.019751
58000			-6534.169916			86.881830
59000			-5843.296702			78.613537
60000			-5899.637925			71.132114
61000			-5896.028005			64.362677
62000			-4760.410172			58.237467
63000			-4700.579333			52.695176
64000			-4443.909238			47.680328
65000			-3536.049922			43.142730
66000			-3184.468378			39.036961
67000			-3039.361893			35.321926
68000			-3147.400402			31.960441
69000			-3243.563850			28.918858
70000			-3070.190853			26.166734
71000			-2692.399909			23.676522
72000			-2753.139744			21.423296
73000			-2417.469823			19.384503
74000			-2024.896593			17.539736
75000			-2103.423817			15.870530
76000			-1847.872863			14.360177
77000			-1865.055553			12.993561
78000			-1884.223649			11.757001
79000			-1813.906873			10.638121
80000			-1787.476346			9.625722
81000			-1730.449878			8.709670
82000			-1731.121438			7.880796
83000			-1557.720139			7.130803
84000			-1510.292389			6.452185
85000			-1534.954819			5.838150
86000			-1480.047329			5.282550
87000			-1489.532879			4.779825
88000			-1474.355999			4.324943
89000			-1472.572058			3.913350
90000			-1464.983618			3.540928
91000			-1472.572058			3.203948
92000			-1474.469168			2.899038
93000			-1464.983618			2.623145
94000			-1463.086508			2.373508
95000			-1453.600958			2.147628
96000			-1453.600958			1.943244
97000			-1455.498068			1.758311
98000			-1453.600958			1.590978
99000			-1455.498068			1.439569
100000			-1459.292288			1.302570
101000			-1461.189398			1.178608
102000			-1459.292288			1.066443
103000			-1461.189398			0.964953
104000			-1463.086508			0.873121
105000			-1464.983618			0.790029
106000			-1461.189398			0.714844
107000			-1457.395178			0.646814
108000			-1457.395178			0.585259
109000			-1455.498068			0.529561
110000			-1451.703848			0.479165
111000			-1451.703848			0.433564
112000			-1451.703848			0.392303
113000			-1444.115408			0.354969
114000			-1444.115408			0.321187
115000			-1444.115408			0.290621
116000			-1444.115408			0.262963
117000			-1444.115408			0.237938
118000			-1444.115408			0.215294
119000			-1442.218298			0.194805
120000			-1442.218298			0.176266
121000			-1442.218298			0.159491
122000			-1442.218298			0.144313
123000			-1440.321188			0.130579
124000			-1440.321188			0.118152
125000			-1440.321188			0.106908
126000			-1440.321188			0.096734
127000			-1440.321188			0.087528
128000			-1440.321188			0.079198
129000			-1440.321188			0.071661
130000			-1440.321188			0.064841
131000			-1440.321188			0.058671
132000			-1440.321188			0.053087
133000			-1440.321188			0.048035
134000			-1440.321188			0.043464
135000			-1440.321188			0.039327
136000			-1440.321188			0.035585
137000			-1440.321188			0.032198
138000			-1440.321188			0.029134
139000			-1440.321188			0.026361
140000			-1440.321188			0.023853
141000			-1440.321188			0.021583
142000			-1440.321188			0.019529
143000			-1440.321188			0.017670
144000			-1440.321188			0.015989
145000			-1440.321188			0.014467
146000			-1440.321188			0.013090
147000			-1440.321188			0.011844
148000			-1440.321188			0.010717
149000			-1440.321188			0.009697
150000			-1440.321188			0.008774
151000			-1440.321188			0.007939
152000			-1440.321188			0.007184
153000			-1440.321188			0.006500
154000			-1440.321188			0.005882
155000			-1440.321188			0.005322
156000			-1440.321188			0.004815
157000			-1440.321188			0.004357
158000			-1440.321188			0.003942
159000			-1440.321188			0.003567
160000			-1440.321188			0.003228
161000			-1440.321188			0.002921
162000			-1440.321188			0.002643
163000			-1440.321188			0.002391
164000			-1440.321188			0.002164
165000			-1440.321188			0.001958
166000			-1440.321188			0.001771
167000			-1440.321188			0.001603
168000			-1440.321188			0.001450
169000			-1440.321188			0.001312
170000			-1440.321188			0.001187
171000			-1440.321188			0.001074
Iteration: 10
Step			Log-likelihood			Temperature
1			-27850.377139			99900.000000
1000			-24972.581147			36769.542477
2000			-24938.216572			23501.721022
3000			-25526.835385			21265.130236
4000			-25919.954704			19241.389323
5000			-25059.376345			17410.241977
6000			-23380.413433			15753.359626
7000			-25610.678787			14254.157974
8000			-25881.283362			12897.631004
9000			-23928.248667			11670.200782
10000			-24087.820858			10559.581542
11000			-23584.998220			9554.656721
12000			-24260.537614			8645.367688
13000			-22542.861812			7822.613061
14000			-23101.256404			7078.157611
15000			-23810.298751			6404.549832
16000			-21546.620433			5795.047357
17000			-22325.450118			5243.549468
18000			-26251.030694			4744.536038
19000			-25908.195162			4293.012272
20000			-23933.794827			3884.458716
21000			-20483.282919			3514.786020
22000			-20498.621065			3180.294005
23000			-19947.762794			2877.634626
24000			-20308.737333			2603.778466
25000			-22114.445777			2355.984403
26000			-25889.415404			2131.772185
27000			-25979.590380			1928.897594
28000			-23917.386480			1745.329992
29000			-23587.083139			1579.231987
30000			-20835.629322			1428.941048
31000			-23606.397175			1292.952863
32000			-12445.615599			1169.906280
33000			-18111.874862			1058.569685
34000			-16424.833716			957.828671
35000			-21906.332981			866.674888
36000			-15007.890893			784.195947
37000			-16091.302006			709.566288
38000			-13461.536119			642.038917
39000			-16118.202730			580.937931
40000			-18656.823389			525.651749
41000			-13539.557221			475.626993
42000			-12762.094485			430.362949
43000			-10983.969643			389.406552
44000			-13236.348914			352.347857
45000			-11753.818071			318.815931
46000			-13050.311066			288.475142
47000			-12924.994571			261.021797
48000			-10362.605430			236.181108
49000			-11251.408826			213.704435
50000			-9633.184714			193.366803
51000			-9935.834946			174.964643
52000			-10970.926829			158.313765
53000			-8542.629520			143.247502
54000			-7235.429128			129.615051
55000			-8069.258454			117.279962
56000			-7786.089561			106.118767
57000			-8779.082545			96.019751
58000			-6905.759265			86.881830
59000			-4817.489043			78.613537
60000			-5310.870175			71.132114
61000			-4917.843887			64.362677
62000			-4499.098634			58.237467
63000			-4084.018588			52.695176
64000			-3682.009287			47.680328
65000			-3657.326958			43.142730
66000			-2885.018438			39.036961
67000			-2645.085550			35.321926
68000			-2488.625275			31.960441
69000			-2331.423174			28.918858
70000			-2249.838844			26.166734
71000			-2230.940851			23.676522
72000			-2090.715979			21.423296
73000			-1968.635805			19.384503
74000			-1869.068044			17.539736
75000			-1783.484035			15.870530
76000			-1876.333951			14.360177
77000			-1768.392245			12.993561
78000			-1804.566305			11.757001
79000			-1663.652523			10.638121
80000			-1726.679435			9.625722
81000			-1606.591916			8.709670
82000			-1614.421154			7.880796
83000			-1595.441126			7.130803
84000			-1563.190256			6.452185
85000			-1524.915377			5.838150
86000			-1523.018267			5.282550
87000			-1479.591361			4.779825
88000			-1475.797141			4.324943
89000			-1483.718261			3.913350
90000			-1481.821151			3.540928
91000			-1472.335601			3.203948
92000			-1464.747161			2.899038
93000			-1460.952941			2.623145
94000			-1468.646741			2.373508
95000			-1457.500538			2.147628
96000			-1459.397648			1.943244
97000			-1457.500538			1.758311
98000			-1449.912098			1.590978
99000			-1449.912098			1.439569
100000			-1453.706318			1.302570
101000			-1451.809208			1.178608
102000			-1455.603428			1.066443
103000			-1463.191868			0.964953
104000			-1465.088978			0.873121
105000			-1465.088978			0.790029
106000			-1461.294758			0.714844
107000			-1459.397648			0.646814
108000			-1461.294758			0.585259
109000			-1453.706318			0.529561
110000			-1455.603428			0.479165
111000			-1455.603428			0.433564
112000			-1449.912098			0.392303
113000			-1449.912098			0.354969
114000			-1449.912098			0.321187
115000			-1449.912098			0.290621
116000			-1449.912098			0.262963
117000			-1449.912098			0.237938
118000			-1449.912098			0.215294
119000			-1449.912098			0.194805
120000			-1449.912098			0.176266
121000			-1449.912098			0.159491
122000			-1449.912098			0.144313
123000			-1449.912098			0.130579
124000			-1449.912098			0.118152
125000			-1449.912098			0.106908
126000			-1449.912098			0.096734
127000			-1449.912098			0.087528
128000			-1449.912098			0.079198
129000			-1448.014988			0.071661
130000			-1448.014988			0.064841
131000			-1448.014988			0.058671
132000			-1448.014988			0.053087
133000			-1448.014988			0.048035
134000			-1448.014988			0.043464
135000			-1448.014988			0.039327
136000			-1448.014988			0.035585
137000			-1448.014988			0.032198
138000			-1448.014988			0.029134
139000			-1446.117878			0.026361
140000			-1446.117878			0.023853
141000			-1446.117878			0.021583
142000			-1446.117878			0.019529
143000			-1446.117878			0.017670
144000			-1446.117878			0.015989
145000			-1446.117878			0.014467
146000			-1446.117878			0.013090
147000			-1446.117878			0.011844
148000			-1446.117878			0.010717
149000			-1446.117878			0.009697
150000			-1446.117878			0.008774
151000			-1446.117878			0.007939
152000			-1446.117878			0.007184
153000			-1446.117878			0.006500
154000			-1446.117878			0.005882
155000			-1446.117878			0.005322
156000			-1446.117878			0.004815
157000			-1446.117878			0.004357
158000			-1446.117878			0.003942
159000			-1446.117878			0.003567
160000			-1446.117878			0.003228
161000			-1446.117878			0.002921
162000			-1446.117878			0.002643
163000			-1446.117878			0.002391
164000			-1446.117878			0.002164
165000			-1446.117878			0.001958
166000			-1446.117878			0.001771
167000			-1446.117878			0.001603
168000			-1446.117878			0.001450
169000			-1446.117878			0.001312
170000			-1446.117878			0.001187
171000			-1446.117878			0.001074

Maximum likelihood Tree found: -1430.940998
digraph g {
	"54" -> "55";
	"55" [label="10"];
	"53" -> "54";
	"54" [label="21"];
	"52" -> "53";
	"53" [label="41"];
	"51" -> "52";
	"52" [label="34"];
	"50" -> "51";
	"51" [label="30"];
	"49" -> "50";
	"50" [label="8"];
	"47" -> "48";
	"48" [label="17"];
	"46" -> "47";
	"47" [color=indianred1, style=filled, label="28"];
	"45" -> "46";
	"46" [color=indianred1, style=filled, label="39"];
	"44" -> "45";
	"45" [color=indianred1, style=filled, label="37"];
	"42" -> "43";
	"43" [label="45"];
	"40" -> "41";
	"41" [label="47"];
	"39" -> "40";
	"40" [label="20"];
	"38" -> "39";
	"39" [label="29"];
	"37" -> "38";
	"38" [label="44"];
	"36" -> "37";
	"37" [label="38"];
	"35" -> "36";
	"36" [label="13"];
	"34" -> "35";
	"35" [label="36"];
	"33" -> "34";
	"34" [label="2"];
	"32" -> "33";
	"33" [label="18"];
	"31" -> "32";
	"32" [label="5"];
	"30" -> "31";
	"31" [label="3"];
	"29" -> "30";
	"30" [label="33"];
	"28" -> "29";
	"29" [label="15"];
	"27" -> "28";
	"28" [label="23"];
	"27" -> "42";
	"42" [label="31"];
	"25" -> "26";
	"26" [label="42"];
	"24" -> "25";
	"25" [label="32"];
	"23" -> "24";
	"24" [label="22"];
	"22" -> "23";
	"23" [color=indianred1, style=filled, label="19"];
	"21" -> "22";
	"22" [label="35"];
	"20" -> "21";
	"21" [label="24"];
	"19" -> "20";
	"20" [label="50"];
	"18" -> "19";
	"19" [label="48"];
	"17" -> "18";
	"18" [label="26"];
	"16" -> "17";
	"17" [label="14"];
	"15" -> "16";
	"16" [label="40"];
	"14" -> "15";
	"15" [label="19"];
	"13" -> "14";
	"14" [label="4"];
	"12" -> "13";
	"13" [label="1"];
	"11" -> "12";
	"12" [label="46"];
	"11" -> "27";
	"27" [label="11"];
	"10" -> "11";
	"11" [label="16"];
	"9" -> "10";
	"10" [label="49"];
	"8" -> "9";
	"9" [label="27"];
	"8" -> "44";
	"44" [color=indianred1, style=filled, label="9"];
	"8" -> "49";
	"49" [label="6"];
	"7" -> "8";
	"8" [label="25"];
	"6" -> "7";
	"7" [label="43"];
	"5" -> "6";
	"6" [label="39"];
	"4" -> "5";
	"5" [label="9"];
	"3" -> "4";
	"4" [label="37"];
	"2" -> "3";
	"3" [label="28"];
	"1" -> "2";
	"2" [label="12"];
	"0" -> "1";
	"1" [label="7"];
	"0" [label="germline"];
	labelloc="t";
	label="Confidence score: -1430.940998";
}
Best cell assigment:
18 48 55 34 47 55 30 18 43 48 8 48 18 10 18 48 11 34 44 8 25 26 27 7 26 33 47 17 26 17 25 8 26 40 47 48 32 43 46 27 43 55 41 34 42 48 18 7 41 27 43 48 8 55 18 8 55 52 8 48 27 31 8 48 33 8 8 42 5 18 27 27 41 26 8 41 48 43 34 34 18 48 27 8 48 27 55 48 34 8 27 18 47 6 8 8 42 47 43 41 43 18 27 43 27 48 43 27 44 41 27 34 41 24 48 27 25 25 8 26 9 41 26 41 25 40 18 42 2 41 27 10 18 10 41 34 40 26 34 55 8 18 43 39 55 34 8 18 43 54 43 26 18 18 55 27 25 27 16 38 47 55 25 34 26 17 42 26 54 13 27 34 40 42 34 41 41 26 21 7 34 47 43 34 26 26 33 11 41 26 34 55 40 43 10 34 41 34 24 43 34 55 55 18 17 42 41 6 11 18 8 34 18 48 18 55 34 40 48 18 26 32 34 43 33 8 26 48 27 26 18 26 55 27 39 25 47 48 27 6 41 26 26 54 55 8 34 43 5 34 
alpha: 0.150000
beta: 0.000010
alpha: 0.113000
