Starting SASC.
Iteration: 1
Step			Log-likelihood			Temperature
1			-24593.984332			99900.000000
1000			-21726.873365			36769.542477
2000			-19541.244177			23501.721022
3000			-20299.416689			21265.130236
4000			-20350.260515			19241.389323
5000			-20450.813184			17410.241977
6000			-20580.971945			15753.359626
7000			-22332.690679			14254.157974
8000			-22631.788989			12897.631004
9000			-23278.961521			11670.200782
10000			-23362.809723			10559.581542
11000			-21974.820052			9554.656721
12000			-20815.489273			8645.367688
13000			-22042.224595			7822.613061
14000			-22281.313281			7078.157611
15000			-21748.295722			6404.549832
16000			-22192.154951			5795.047357
17000			-21856.425152			5243.549468
18000			-19447.558696			4744.536038
19000			-22761.760069			4293.012272
20000			-22720.475197			3884.458716
21000			-24019.242031			3514.786020
22000			-16902.501821			3180.294005
23000			-20448.256270			2877.634626
24000			-21452.622108			2603.778466
25000			-21813.067166			2355.984403
26000			-22143.044187			2131.772185
27000			-18721.563650			1928.897594
28000			-19272.795746			1745.329992
29000			-20537.886723			1579.231987
30000			-22377.479491			1428.941048
31000			-20550.896787			1292.952863
32000			-17667.550418			1169.906280
33000			-20993.515653			1058.569685
34000			-17139.532131			957.828671
35000			-17818.782588			866.674888
36000			-15791.155997			784.195947
37000			-14763.799065			709.566288
38000			-13998.812194			642.038917
39000			-13300.526131			580.937931
40000			-16291.960779			525.651749
41000			-13000.674315			475.626993
42000			-16374.630342			430.362949
43000			-12873.981401			389.406552
44000			-12998.176069			352.347857
45000			-12581.225327			318.815931
46000			-12220.017866			288.475142
47000			-10646.158406			261.021797
48000			-10677.324339			236.181108
49000			-10335.527847			213.704435
50000			-11890.501289			193.366803
51000			-11471.846958			174.964643
52000			-10276.421318			158.313765
53000			-7536.243776			143.247502
54000			-8770.159922			129.615051
55000			-8563.961333			117.279962
56000			-8319.410148			106.118767
57000			-6645.396739			96.019751
58000			-5641.262513			86.881830
59000			-5653.606935			78.613537
60000			-4318.789173			71.132114
61000			-4686.344709			64.362677
62000			-4057.697569			58.237467
63000			-4548.178214			52.695176
64000			-2803.493774			47.680328
65000			-2734.332812			43.142730
66000			-3190.278437			39.036961
67000			-2650.892226			35.321926
68000			-2571.213607			31.960441
69000			-2561.728057			28.918858
70000			-2259.416087			26.166734
71000			-2005.203350			23.676522
72000			-2136.103938			21.423296
73000			-2050.733989			19.384503
74000			-1988.129360			17.539736
75000			-1900.862300			15.870530
76000			-1807.903911			14.360177
77000			-1760.476161			12.993561
78000			-1502.469204			11.757001
79000			-1517.646083			10.638121
80000			-1489.189434			9.625722
81000			-1521.440303			8.709670
82000			-1506.263423			7.880796
83000			-1506.263423			7.130803
84000			-1496.777874			6.452185
85000			-1441.761684			5.838150
86000			-1401.922374			5.282550
87000			-1407.613704			4.779825
88000			-1386.745494			4.324943
89000			-1384.848384			3.913350
90000			-1329.832195			3.540928
91000			-1320.346645			3.203948
92000			-1326.037975			2.899038
93000			-1326.037975			2.623145
94000			-1322.243755			2.373508
95000			-1329.832195			2.147628
96000			-1217.902706			1.943244
97000			-1216.005596			1.758311
98000			-1216.005596			1.590978
99000			-1214.108486			1.439569
100000			-1208.417156			1.302570
101000			-1206.520046			1.178608
102000			-1208.417156			1.066443
103000			-1206.520046			0.964953
104000			-1197.034496			0.873121
105000			-1193.240276			0.790029
106000			-1193.240276			0.714844
107000			-1191.343166			0.646814
108000			-1191.343166			0.585259
109000			-1191.343166			0.529561
110000			-1191.343166			0.479165
111000			-1191.343166			0.433564
112000			-1191.343166			0.392303
113000			-1191.343166			0.354969
114000			-1191.343166			0.321187
115000			-1191.343166			0.290621
116000			-1191.343166			0.262963
117000			-1191.343166			0.237938
118000			-1191.343166			0.215294
119000			-1191.343166			0.194805
120000			-1191.343166			0.176266
121000			-1191.343166			0.159491
122000			-1191.343166			0.144313
123000			-1191.343166			0.130579
124000			-1191.343166			0.118152
125000			-1191.343166			0.106908
126000			-1191.343166			0.096734
127000			-1191.343166			0.087528
128000			-1191.343166			0.079198
129000			-1191.343166			0.071661
130000			-1191.343166			0.064841
131000			-1191.343166			0.058671
132000			-1191.343166			0.053087
133000			-1191.343166			0.048035
134000			-1191.343166			0.043464
135000			-1191.343166			0.039327
136000			-1191.343166			0.035585
137000			-1191.343166			0.032198
138000			-1191.343166			0.029134
139000			-1191.343166			0.026361
140000			-1191.343166			0.023853
141000			-1191.343166			0.021583
142000			-1191.343166			0.019529
143000			-1191.343166			0.017670
144000			-1191.343166			0.015989
145000			-1191.343166			0.014467
146000			-1191.343166			0.013090
147000			-1191.343166			0.011844
148000			-1191.343166			0.010717
149000			-1191.343166			0.009697
150000			-1191.343166			0.008774
151000			-1191.343166			0.007939
152000			-1191.343166			0.007184
153000			-1191.343166			0.006500
154000			-1191.343166			0.005882
155000			-1191.343166			0.005322
156000			-1191.343166			0.004815
157000			-1191.343166			0.004357
158000			-1191.343166			0.003942
159000			-1191.343166			0.003567
160000			-1191.343166			0.003228
161000			-1191.343166			0.002921
162000			-1191.343166			0.002643
163000			-1191.343166			0.002391
164000			-1191.343166			0.002164
165000			-1191.343166			0.001958
166000			-1191.343166			0.001771
167000			-1191.343166			0.001603
168000			-1191.343166			0.001450
169000			-1191.343166			0.001312
170000			-1191.343166			0.001187
171000			-1191.343166			0.001074
Iteration: 2
Step			Log-likelihood			Temperature
1			-22170.172610			99900.000000
1000			-23104.576991			36769.542477
2000			-23182.047645			23501.721022
3000			-22948.380583			21265.130236
4000			-20940.918466			19241.389323
5000			-20448.916074			17410.241977
6000			-23648.499249			15753.359626
7000			-20292.746080			14254.157974
8000			-22541.786232			12897.631004
9000			-20960.414517			11670.200782
10000			-19969.049847			10559.581542
11000			-20799.300860			9554.656721
12000			-20095.968534			8645.367688
13000			-20455.891699			7822.613061
14000			-21209.651338			7078.157611
15000			-22266.033802			6404.549832
16000			-17786.854252			5795.047357
17000			-20502.647967			5243.549468
18000			-22809.827047			4744.536038
19000			-20165.976981			4293.012272
20000			-21543.316922			3884.458716
21000			-22246.493820			3514.786020
22000			-22023.828217			3180.294005
23000			-18825.728696			2877.634626
24000			-21377.978073			2603.778466
25000			-23557.534730			2355.984403
26000			-19221.922724			2131.772185
27000			-23327.351033			1928.897594
28000			-22487.910589			1745.329992
29000			-19777.948895			1579.231987
30000			-18744.812770			1428.941048
31000			-15040.856366			1292.952863
32000			-22674.363996			1169.906280
33000			-17460.325561			1058.569685
34000			-20231.754119			957.828671
35000			-19623.330121			866.674888
36000			-15323.924472			784.195947
37000			-15884.349057			709.566288
38000			-15868.538787			642.038917
39000			-13438.428760			580.937931
40000			-15012.077182			525.651749
41000			-15542.279801			475.626993
42000			-15591.044676			430.362949
43000			-12673.254207			389.406552
44000			-14055.300360			352.347857
45000			-12546.379451			318.815931
46000			-11672.559415			288.475142
47000			-11421.689349			261.021797
48000			-11276.042853			236.181108
49000			-10866.539859			213.704435
50000			-12249.075652			193.366803
51000			-10884.297009			174.964643
52000			-10822.035488			158.313765
53000			-8642.763273			143.247502
54000			-7375.918936			129.615051
55000			-8375.044991			117.279962
56000			-5488.854486			106.118767
57000			-7342.501105			96.019751
58000			-6516.657126			86.881830
59000			-6750.963416			78.613537
60000			-4699.527719			71.132114
61000			-4644.065821			64.362677
62000			-3469.056845			58.237467
63000			-2901.439758			52.695176
64000			-2787.387385			47.680328
65000			-2678.096833			43.142730
66000			-2956.552707			39.036961
67000			-2797.259975			35.321926
68000			-2694.267729			31.960441
69000			-2830.891901			28.918858
70000			-2381.986409			26.166734
71000			-2366.809529			23.676522
72000			-2209.639681			21.423296
73000			-1974.849590			19.384503
74000			-1993.820690			17.539736
75000			-1906.553630			15.870530
76000			-1842.051891			14.360177
77000			-1591.633373			12.993561
78000			-1621.987133			11.757001
79000			-1521.440303			10.638121
80000			-1513.851863			9.625722
81000			-1504.366314			8.709670
82000			-1458.835674			7.880796
83000			-1464.527004			7.130803
84000			-1470.218334			6.452185
85000			-1458.835674			5.838150
86000			-1474.012554			5.282550
87000			-1460.732784			4.779825
88000			-1333.626415			4.324943
89000			-1333.626415			3.913350
90000			-1225.491146			3.540928
91000			-1221.696926			3.203948
92000			-1223.594036			2.899038
93000			-1217.902706			2.623145
94000			-1216.005596			2.373508
95000			-1210.314266			2.147628
96000			-1210.314266			1.943244
97000			-1206.520046			1.758311
98000			-1212.211376			1.590978
99000			-1206.520046			1.439569
100000			-1206.520046			1.302570
101000			-1216.005596			1.178608
102000			-1216.005596			1.066443
103000			-1210.314266			0.964953
104000			-1208.417156			0.873121
105000			-1202.725826			0.790029
106000			-1200.828716			0.714844
107000			-1195.137386			0.646814
108000			-1193.240276			0.585259
109000			-1193.240276			0.529561
110000			-1191.343166			0.479165
111000			-1193.240276			0.433564
112000			-1193.240276			0.392303
113000			-1193.240276			0.354969
114000			-1193.240276			0.321187
115000			-1193.240276			0.290621
116000			-1193.240276			0.262963
117000			-1193.240276			0.237938
118000			-1191.343166			0.215294
119000			-1191.343166			0.194805
120000			-1191.343166			0.176266
121000			-1191.343166			0.159491
122000			-1191.343166			0.144313
123000			-1191.343166			0.130579
124000			-1191.343166			0.118152
125000			-1191.343166			0.106908
126000			-1191.343166			0.096734
127000			-1191.343166			0.087528
128000			-1191.343166			0.079198
129000			-1191.343166			0.071661
130000			-1191.343166			0.064841
131000			-1191.343166			0.058671
132000			-1191.343166			0.053087
133000			-1191.343166			0.048035
134000			-1191.343166			0.043464
135000			-1191.343166			0.039327
136000			-1191.343166			0.035585
137000			-1191.343166			0.032198
138000			-1191.343166			0.029134
139000			-1191.343166			0.026361
140000			-1191.343166			0.023853
141000			-1191.343166			0.021583
142000			-1191.343166			0.019529
143000			-1191.343166			0.017670
144000			-1191.343166			0.015989
145000			-1191.343166			0.014467
146000			-1191.343166			0.013090
147000			-1191.343166			0.011844
148000			-1191.343166			0.010717
149000			-1191.343166			0.009697
150000			-1191.343166			0.008774
151000			-1191.343166			0.007939
152000			-1191.343166			0.007184
153000			-1191.343166			0.006500
154000			-1191.343166			0.005882
155000			-1191.343166			0.005322
156000			-1191.343166			0.004815
157000			-1191.343166			0.004357
158000			-1191.343166			0.003942
159000			-1191.343166			0.003567
160000			-1191.343166			0.003228
161000			-1191.343166			0.002921
162000			-1191.343166			0.002643
163000			-1191.343166			0.002391
164000			-1191.343166			0.002164
165000			-1191.343166			0.001958
166000			-1191.343166			0.001771
167000			-1191.343166			0.001603
168000			-1191.343166			0.001450
169000			-1191.343166			0.001312
170000			-1191.343166			0.001187
171000			-1191.343166			0.001074
Iteration: 3
Step			Log-likelihood			Temperature
1			-24370.383381			99900.000000
1000			-22380.124268			36769.542477
2000			-22018.538663			23501.721022
3000			-20891.710942			21265.130236
4000			-19562.138801			19241.389323
5000			-19395.360228			17410.241977
6000			-21907.996069			15753.359626
7000			-22153.986978			14254.157974
8000			-22033.785889			12897.631004
9000			-22465.772819			11670.200782
10000			-22328.257231			10559.581542
11000			-19796.644451			9554.656721
12000			-19989.841872			8645.367688
13000			-21828.516809			7822.613061
14000			-18904.046835			7078.157611
15000			-22981.341027			6404.549832
16000			-20285.119547			5795.047357
17000			-20890.910447			5243.549468
18000			-20610.660062			4744.536038
19000			-21033.231788			4293.012272
20000			-19618.723728			3884.458716
21000			-21717.038867			3514.786020
22000			-18513.033921			3180.294005
23000			-20250.256154			2877.634626
24000			-19155.098742			2603.778466
25000			-21152.377413			2355.984403
26000			-20802.159732			2131.772185
27000			-22721.539558			1928.897594
28000			-18672.411735			1745.329992
29000			-23111.854575			1579.231987
30000			-15427.506176			1428.941048
31000			-17107.114156			1292.952863
32000			-18725.803578			1169.906280
33000			-20195.134308			1058.569685
34000			-17550.961707			957.828671
35000			-14402.154793			866.674888
36000			-14511.891053			784.195947
37000			-17830.508357			709.566288
38000			-14619.058721			642.038917
39000			-17550.272708			580.937931
40000			-13561.031334			525.651749
41000			-13633.625890			475.626993
42000			-12738.433268			430.362949
43000			-11937.503906			389.406552
44000			-14403.761623			352.347857
45000			-11807.699932			318.815931
46000			-12176.492775			288.475142
47000			-11779.765175			261.021797
48000			-11114.911678			236.181108
49000			-11166.101395			213.704435
50000			-11556.313813			193.366803
51000			-10793.989235			174.964643
52000			-10335.715529			158.313765
53000			-8800.255655			143.247502
54000			-9223.970985			129.615051
55000			-7846.551801			117.279962
56000			-6755.311783			106.118767
57000			-6750.678975			96.019751
58000			-5341.879762			86.881830
59000			-5021.558455			78.613537
60000			-5289.851458			71.132114
61000			-4490.045125			64.362677
62000			-3900.914761			58.237467
63000			-3520.724522			52.695176
64000			-2663.784956			47.680328
65000			-2752.529831			43.142730
66000			-2979.731482			39.036961
67000			-2305.392435			35.321926
68000			-2613.911789			31.960441
69000			-2400.280188			28.918858
70000			-2136.904434			26.166734
71000			-1955.201169			23.676522
72000			-1739.059644			21.423296
73000			-1598.673505			19.384503
74000			-1642.307035			17.539736
75000			-1697.323225			15.870530
76000			-1691.631895			14.360177
77000			-1632.950499			12.993561
78000			-1678.352125			11.757001
79000			-1684.043455			10.638121
80000			-1661.407148			9.625722
81000			-1525.234523			8.709670
82000			-1529.028743			7.880796
83000			-1523.337413			7.130803
84000			-1472.115444			6.452185
85000			-1483.498104			5.838150
86000			-1358.288845			5.282550
87000			-1363.980175			4.779825
88000			-1377.259945			4.324943
89000			-1363.980175			3.913350
90000			-1286.198665			3.540928
91000			-1280.507335			3.203948
92000			-1288.095775			2.899038
93000			-1282.404445			2.623145
94000			-1272.918895			2.373508
95000			-1280.507335			2.147628
96000			-1267.227565			1.943244
97000			-1269.124675			1.758311
98000			-1265.330455			1.590978
99000			-1261.536235			1.439569
100000			-1252.050686			1.302570
101000			-1250.153576			1.178608
102000			-1206.520046			1.066443
103000			-1202.725826			0.964953
104000			-1197.034496			0.873121
105000			-1198.931606			0.790029
106000			-1200.828716			0.714844
107000			-1197.034496			0.646814
108000			-1193.240276			0.585259
109000			-1193.240276			0.529561
110000			-1191.343166			0.479165
111000			-1193.240276			0.433564
112000			-1193.240276			0.392303
113000			-1193.240276			0.354969
114000			-1193.240276			0.321187
115000			-1191.343166			0.290621
116000			-1191.343166			0.262963
117000			-1191.343166			0.237938
118000			-1191.343166			0.215294
119000			-1191.343166			0.194805
120000			-1191.343166			0.176266
121000			-1191.343166			0.159491
122000			-1191.343166			0.144313
123000			-1191.343166			0.130579
124000			-1191.343166			0.118152
125000			-1191.343166			0.106908
126000			-1191.343166			0.096734
127000			-1191.343166			0.087528
128000			-1191.343166			0.079198
129000			-1191.343166			0.071661
130000			-1191.343166			0.064841
131000			-1191.343166			0.058671
132000			-1191.343166			0.053087
133000			-1191.343166			0.048035
134000			-1191.343166			0.043464
135000			-1191.343166			0.039327
136000			-1191.343166			0.035585
137000			-1191.343166			0.032198
138000			-1191.343166			0.029134
139000			-1191.343166			0.026361
140000			-1191.343166			0.023853
141000			-1191.343166			0.021583
142000			-1191.343166			0.019529
143000			-1191.343166			0.017670
144000			-1191.343166			0.015989
145000			-1191.343166			0.014467
146000			-1191.343166			0.013090
147000			-1191.343166			0.011844
148000			-1191.343166			0.010717
149000			-1191.343166			0.009697
150000			-1191.343166			0.008774
151000			-1191.343166			0.007939
152000			-1191.343166			0.007184
153000			-1191.343166			0.006500
154000			-1191.343166			0.005882
155000			-1191.343166			0.005322
156000			-1191.343166			0.004815
157000			-1191.343166			0.004357
158000			-1191.343166			0.003942
159000			-1191.343166			0.003567
160000			-1191.343166			0.003228
161000			-1191.343166			0.002921
162000			-1191.343166			0.002643
163000			-1191.343166			0.002391
164000			-1191.343166			0.002164
165000			-1191.343166			0.001958
166000			-1191.343166			0.001771
167000			-1191.343166			0.001603
168000			-1191.343166			0.001450
169000			-1191.343166			0.001312
170000			-1191.343166			0.001187
171000			-1191.343166			0.001074
Iteration: 4
Step			Log-likelihood			Temperature
1			-24185.079417			99900.000000
1000			-22446.678545			36769.542477
2000			-22681.887930			23501.721022
3000			-21666.552886			21265.130236
4000			-21412.856202			19241.389323
5000			-20811.683374			17410.241977
6000			-24052.583676			15753.359626
7000			-22111.778436			14254.157974
8000			-23679.166646			12897.631004
9000			-18928.342799			11670.200782
10000			-22068.062882			10559.581542
11000			-21938.865883			9554.656721
12000			-19476.897865			8645.367688
13000			-21883.518263			7822.613061
14000			-21142.800942			7078.157611
15000			-20813.650830			6404.549832
16000			-21990.894187			5795.047357
17000			-22566.932462			5243.549468
18000			-22235.137574			4744.536038
19000			-19173.184265			4293.012272
20000			-22122.369498			3884.458716
21000			-21544.278684			3514.786020
22000			-20887.051720			3180.294005
23000			-22554.696479			2877.634626
24000			-17363.534859			2603.778466
25000			-19651.898267			2355.984403
26000			-19868.224415			2131.772185
27000			-21287.072222			1928.897594
28000			-16841.433676			1745.329992
29000			-16510.814645			1579.231987
30000			-18262.372113			1428.941048
31000			-18608.672399			1292.952863
32000			-22095.229397			1169.906280
33000			-18592.211223			1058.569685
34000			-17744.795299			957.828671
35000			-16820.682801			866.674888
36000			-17061.202315			784.195947
37000			-18090.655716			709.566288
38000			-14613.006764			642.038917
39000			-14955.351564			580.937931
40000			-13507.906416			525.651749
41000			-13431.511802			475.626993
42000			-15664.894054			430.362949
43000			-12375.050095			389.406552
44000			-11912.061556			352.347857
45000			-12713.196116			318.815931
46000			-11834.763847			288.475142
47000			-11210.975289			261.021797
48000			-10877.793505			236.181108
49000			-10565.383172			213.704435
50000			-9901.368263			193.366803
51000			-10075.468352			174.964643
52000			-11135.973408			158.313765
53000			-8301.761437			143.247502
54000			-7416.693593			129.615051
55000			-7797.819180			117.279962
56000			-8233.535823			106.118767
57000			-6931.156611			96.019751
58000			-8362.753398			86.881830
59000			-5939.651249			78.613537
60000			-5681.198583			71.132114
61000			-5186.891465			64.362677
62000			-3788.023510			58.237467
63000			-3504.166586			52.695176
64000			-3352.655815			47.680328
65000			-2867.834246			43.142730
66000			-2635.263799			39.036961
67000			-2811.082214			35.321926
68000			-2585.906686			31.960441
69000			-2396.905262			28.918858
70000			-2322.950226			26.166734
71000			-2086.359785			23.676522
72000			-2024.174449			21.423296
73000			-1935.010280			19.384503
74000			-1923.627620			17.539736
75000			-1663.723552			15.870530
76000			-1489.189434			14.360177
77000			-1451.247234			12.993561
78000			-1373.465725			11.757001
79000			-1388.642604			10.638121
80000			-1333.626415			9.625722
81000			-1326.037975			8.709670
82000			-1324.140865			7.880796
83000			-1282.404445			7.130803
84000			-1259.639125			6.452185
85000			-1278.610225			5.838150
86000			-1282.404445			5.282550
87000			-1276.713115			4.779825
88000			-1280.507335			4.324943
89000			-1278.610225			3.913350
90000			-1225.491146			3.540928
91000			-1225.491146			3.203948
92000			-1233.079586			2.899038
93000			-1225.491146			2.623145
94000			-1217.902706			2.373508
95000			-1227.388256			2.147628
96000			-1225.491146			1.943244
97000			-1231.182476			1.758311
98000			-1221.696926			1.590978
99000			-1212.211376			1.439569
100000			-1195.137386			1.302570
101000			-1198.931606			1.178608
102000			-1200.828716			1.066443
103000			-1197.034496			0.964953
104000			-1198.931606			0.873121
105000			-1198.931606			0.790029
106000			-1195.137386			0.714844
107000			-1197.034496			0.646814
108000			-1195.137386			0.585259
109000			-1193.240276			0.529561
110000			-1191.343166			0.479165
111000			-1191.343166			0.433564
112000			-1191.343166			0.392303
113000			-1191.343166			0.354969
114000			-1191.343166			0.321187
115000			-1191.343166			0.290621
116000			-1191.343166			0.262963
117000			-1191.343166			0.237938
118000			-1191.343166			0.215294
119000			-1191.343166			0.194805
120000			-1191.343166			0.176266
121000			-1191.343166			0.159491
122000			-1191.343166			0.144313
123000			-1191.343166			0.130579
124000			-1191.343166			0.118152
125000			-1191.343166			0.106908
126000			-1191.343166			0.096734
127000			-1191.343166			0.087528
128000			-1191.343166			0.079198
129000			-1191.343166			0.071661
130000			-1191.343166			0.064841
131000			-1191.343166			0.058671
132000			-1191.343166			0.053087
133000			-1191.343166			0.048035
134000			-1191.343166			0.043464
135000			-1191.343166			0.039327
136000			-1191.343166			0.035585
137000			-1191.343166			0.032198
138000			-1191.343166			0.029134
139000			-1191.343166			0.026361
140000			-1191.343166			0.023853
141000			-1191.343166			0.021583
142000			-1191.343166			0.019529
143000			-1191.343166			0.017670
144000			-1191.343166			0.015989
145000			-1191.343166			0.014467
146000			-1191.343166			0.013090
147000			-1191.343166			0.011844
148000			-1191.343166			0.010717
149000			-1191.343166			0.009697
150000			-1191.343166			0.008774
151000			-1191.343166			0.007939
152000			-1191.343166			0.007184
153000			-1191.343166			0.006500
154000			-1191.343166			0.005882
155000			-1191.343166			0.005322
156000			-1191.343166			0.004815
157000			-1191.343166			0.004357
158000			-1191.343166			0.003942
159000			-1191.343166			0.003567
160000			-1191.343166			0.003228
161000			-1191.343166			0.002921
162000			-1191.343166			0.002643
163000			-1191.343166			0.002391
164000			-1191.343166			0.002164
165000			-1191.343166			0.001958
166000			-1191.343166			0.001771
167000			-1191.343166			0.001603
168000			-1191.343166			0.001450
169000			-1191.343166			0.001312
170000			-1191.343166			0.001187
171000			-1191.343166			0.001074
Iteration: 5
Step			Log-likelihood			Temperature
1			-21765.158674			99900.000000
1000			-24463.192181			36769.542477
2000			-24316.604498			23501.721022
3000			-19423.617519			21265.130236
4000			-20006.610845			19241.389323
5000			-23948.887694			17410.241977
6000			-24695.182068			15753.359626
7000			-21236.533412			14254.157974
8000			-21369.712312			12897.631004
9000			-23286.248002			11670.200782
10000			-22923.685900			10559.581542
11000			-22975.397509			9554.656721
12000			-21186.912433			8645.367688
13000			-20033.739267			7822.613061
14000			-21979.989489			7078.157611
15000			-23964.011746			6404.549832
16000			-22487.033909			5795.047357
17000			-22085.781940			5243.549468
18000			-17774.026029			4744.536038
19000			-23246.393956			4293.012272
20000			-21563.416890			3884.458716
21000			-20043.010722			3514.786020
22000			-20195.993471			3180.294005
23000			-19047.071911			2877.634626
24000			-21596.339242			2603.778466
25000			-23406.894799			2355.984403
26000			-18020.122595			2131.772185
27000			-22500.706558			1928.897594
28000			-21480.313574			1745.329992
29000			-20383.569907			1579.231987
30000			-21342.707064			1428.941048
31000			-18696.487765			1292.952863
32000			-21699.261142			1169.906280
33000			-19996.893682			1058.569685
34000			-17350.642130			957.828671
35000			-16044.248764			866.674888
36000			-14688.542216			784.195947
37000			-12184.025605			709.566288
38000			-12550.076911			642.038917
39000			-16542.162421			580.937931
40000			-14503.302758			525.651749
41000			-14913.245621			475.626993
42000			-12410.523521			430.362949
43000			-14998.486557			389.406552
44000			-13141.104385			352.347857
45000			-12087.193753			318.815931
46000			-12169.370618			288.475142
47000			-10938.609463			261.021797
48000			-10267.704010			236.181108
49000			-10445.173186			213.704435
50000			-11110.692325			193.366803
51000			-10144.306779			174.964643
52000			-10539.882155			158.313765
53000			-9121.770337			143.247502
54000			-8205.724241			129.615051
55000			-7773.596619			117.279962
56000			-6492.871376			106.118767
57000			-6646.015392			96.019751
58000			-5545.632933			86.881830
59000			-4308.831500			78.613537
60000			-4606.800942			71.132114
61000			-4177.344512			64.362677
62000			-3471.496423			58.237467
63000			-3717.862694			52.695176
64000			-3371.691421			47.680328
65000			-3591.820686			43.142730
66000			-3404.458345			39.036961
67000			-2910.280240			35.321926
68000			-2880.216761			31.960441
69000			-2656.777076			28.918858
70000			-2236.650768			26.166734
71000			-2010.894679			23.676522
72000			-2048.836879			21.423296
73000			-2105.750179			19.384503
74000			-1902.759410			17.539736
75000			-1750.990612			15.870530
76000			-1694.077312			14.360177
77000			-1658.032222			12.993561
78000			-1665.620662			11.757001
79000			-1477.806774			10.638121
80000			-1297.581325			9.625722
81000			-1274.816005			8.709670
82000			-1278.610225			7.880796
83000			-1291.889995			7.130803
84000			-1297.581325			6.452185
85000			-1246.359356			5.838150
86000			-1253.947796			5.282550
87000			-1250.153576			4.779825
88000			-1229.285366			4.324943
89000			-1238.770916			3.913350
90000			-1231.182476			3.540928
91000			-1231.182476			3.203948
92000			-1233.079586			2.899038
93000			-1219.799816			2.623145
94000			-1233.079586			2.373508
95000			-1238.770916			2.147628
96000			-1227.388256			1.943244
97000			-1221.696926			1.758311
98000			-1212.211376			1.590978
99000			-1204.622936			1.439569
100000			-1200.828716			1.302570
101000			-1198.931606			1.178608
102000			-1206.520046			1.066443
103000			-1204.622936			0.964953
104000			-1202.725826			0.873121
105000			-1200.828716			0.790029
106000			-1197.034496			0.714844
107000			-1193.240276			0.646814
108000			-1191.343166			0.585259
109000			-1191.343166			0.529561
110000			-1191.343166			0.479165
111000			-1191.343166			0.433564
112000			-1191.343166			0.392303
113000			-1191.343166			0.354969
114000			-1191.343166			0.321187
115000			-1191.343166			0.290621
116000			-1191.343166			0.262963
117000			-1191.343166			0.237938
118000			-1191.343166			0.215294
119000			-1191.343166			0.194805
120000			-1191.343166			0.176266
121000			-1191.343166			0.159491
122000			-1191.343166			0.144313
123000			-1191.343166			0.130579
124000			-1191.343166			0.118152
125000			-1191.343166			0.106908
126000			-1191.343166			0.096734
127000			-1191.343166			0.087528
128000			-1191.343166			0.079198
129000			-1191.343166			0.071661
130000			-1191.343166			0.064841
131000			-1191.343166			0.058671
132000			-1191.343166			0.053087
133000			-1191.343166			0.048035
134000			-1191.343166			0.043464
135000			-1191.343166			0.039327
136000			-1191.343166			0.035585
137000			-1191.343166			0.032198
138000			-1191.343166			0.029134
139000			-1191.343166			0.026361
140000			-1191.343166			0.023853
141000			-1191.343166			0.021583
142000			-1191.343166			0.019529
143000			-1191.343166			0.017670
144000			-1191.343166			0.015989
145000			-1191.343166			0.014467
146000			-1191.343166			0.013090
147000			-1191.343166			0.011844
148000			-1191.343166			0.010717
149000			-1191.343166			0.009697
150000			-1191.343166			0.008774
151000			-1191.343166			0.007939
152000			-1191.343166			0.007184
153000			-1191.343166			0.006500
154000			-1191.343166			0.005882
155000			-1191.343166			0.005322
156000			-1191.343166			0.004815
157000			-1191.343166			0.004357
158000			-1191.343166			0.003942
159000			-1191.343166			0.003567
160000			-1191.343166			0.003228
161000			-1191.343166			0.002921
162000			-1191.343166			0.002643
163000			-1191.343166			0.002391
164000			-1191.343166			0.002164
165000			-1191.343166			0.001958
166000			-1191.343166			0.001771
167000			-1191.343166			0.001603
168000			-1191.343166			0.001450
169000			-1191.343166			0.001312
170000			-1191.343166			0.001187
171000			-1191.343166			0.001074
Iteration: 6
Step			Log-likelihood			Temperature
1			-22334.930898			99900.000000
1000			-21041.705805			36769.542477
2000			-19582.059985			23501.721022
3000			-21143.375663			21265.130236
4000			-23899.046781			19241.389323
5000			-21789.096793			17410.241977
6000			-22696.317143			15753.359626
7000			-20884.110824			14254.157974
8000			-22825.739916			12897.631004
9000			-23169.799983			11670.200782
10000			-23437.609185			10559.581542
11000			-20277.091238			9554.656721
12000			-19806.845414			8645.367688
13000			-20530.969764			7822.613061
14000			-20461.970070			7078.157611
15000			-23622.423510			6404.549832
16000			-24402.012539			5795.047357
17000			-22226.135825			5243.549468
18000			-20226.980620			4744.536038
19000			-22578.191948			4293.012272
20000			-22519.188018			3884.458716
21000			-24071.147160			3514.786020
22000			-20118.373228			3180.294005
23000			-19910.626478			2877.634626
24000			-23316.801121			2603.778466
25000			-21520.346404			2355.984403
26000			-20914.262166			2131.772185
27000			-19390.211367			1928.897594
28000			-19514.086559			1745.329992
29000			-19367.736327			1579.231987
30000			-21469.098020			1428.941048
31000			-15162.025056			1292.952863
32000			-18409.552035			1169.906280
33000			-19719.554998			1058.569685
34000			-22953.840300			957.828671
35000			-14925.595882			866.674888
36000			-18074.080262			784.195947
37000			-14600.545007			709.566288
38000			-14523.311805			642.038917
39000			-13787.529250			580.937931
40000			-13156.178666			525.651749
41000			-14145.077344			475.626993
42000			-14907.316839			430.362949
43000			-14495.113182			389.406552
44000			-11107.628255			352.347857
45000			-12861.352537			318.815931
46000			-13211.678656			288.475142
47000			-12486.472427			261.021797
48000			-12366.942820			236.181108
49000			-9901.303756			213.704435
50000			-10209.087121			193.366803
51000			-11620.821391			174.964643
52000			-10110.654278			158.313765
53000			-9264.209013			143.247502
54000			-9056.101637			129.615051
55000			-9823.818366			117.279962
56000			-9040.511302			106.118767
57000			-7750.165657			96.019751
58000			-6408.979243			86.881830
59000			-5989.723776			78.613537
60000			-5654.999670			71.132114
61000			-4741.630604			64.362677
62000			-4198.288906			58.237467
63000			-3974.462181			52.695176
64000			-2971.600574			47.680328
65000			-2934.845910			43.142730
66000			-2421.503185			39.036961
67000			-2231.566413			35.321926
68000			-2237.193236			31.960441
69000			-2095.135761			28.918858
70000			-2150.151950			26.166734
71000			-1938.094926			23.676522
72000			-1854.751100			21.423296
73000			-1661.826442			19.384503
74000			-1460.732784			17.539736
75000			-1523.337413			15.870530
76000			-1417.099254			14.360177
77000			-1358.288845			12.993561
78000			-1301.375545			11.757001
79000			-1252.050686			10.638121
80000			-1253.947796			9.625722
81000			-1259.639125			8.709670
82000			-1261.536235			7.880796
83000			-1261.536235			7.130803
84000			-1261.536235			6.452185
85000			-1248.256466			5.838150
86000			-1238.770916			5.282550
87000			-1242.565136			4.779825
88000			-1240.668026			4.324943
89000			-1240.668026			3.913350
90000			-1223.594036			3.540928
91000			-1231.182476			3.203948
92000			-1223.594036			2.899038
93000			-1216.005596			2.623145
94000			-1212.211376			2.373508
95000			-1206.520046			2.147628
96000			-1202.725826			1.943244
97000			-1214.108486			1.758311
98000			-1216.005596			1.590978
99000			-1214.108486			1.439569
100000			-1212.211376			1.302570
101000			-1210.314266			1.178608
102000			-1210.314266			1.066443
103000			-1210.314266			0.964953
104000			-1204.622936			0.873121
105000			-1202.725826			0.790029
106000			-1202.725826			0.714844
107000			-1200.828716			0.646814
108000			-1200.828716			0.585259
109000			-1197.034496			0.529561
110000			-1193.240276			0.479165
111000			-1193.240276			0.433564
112000			-1191.343166			0.392303
113000			-1191.343166			0.354969
114000			-1191.343166			0.321187
115000			-1191.343166			0.290621
116000			-1191.343166			0.262963
117000			-1191.343166			0.237938
118000			-1191.343166			0.215294
119000			-1191.343166			0.194805
120000			-1191.343166			0.176266
121000			-1191.343166			0.159491
122000			-1191.343166			0.144313
123000			-1191.343166			0.130579
124000			-1191.343166			0.118152
125000			-1191.343166			0.106908
126000			-1191.343166			0.096734
127000			-1191.343166			0.087528
128000			-1191.343166			0.079198
129000			-1191.343166			0.071661
130000			-1191.343166			0.064841
131000			-1191.343166			0.058671
132000			-1191.343166			0.053087
133000			-1191.343166			0.048035
134000			-1191.343166			0.043464
135000			-1191.343166			0.039327
136000			-1191.343166			0.035585
137000			-1191.343166			0.032198
138000			-1191.343166			0.029134
139000			-1191.343166			0.026361
140000			-1191.343166			0.023853
141000			-1191.343166			0.021583
142000			-1191.343166			0.019529
143000			-1191.343166			0.017670
144000			-1191.343166			0.015989
145000			-1191.343166			0.014467
146000			-1191.343166			0.013090
147000			-1191.343166			0.011844
148000			-1191.343166			0.010717
149000			-1191.343166			0.009697
150000			-1191.343166			0.008774
151000			-1191.343166			0.007939
152000			-1191.343166			0.007184
153000			-1191.343166			0.006500
154000			-1191.343166			0.005882
155000			-1191.343166			0.005322
156000			-1191.343166			0.004815
157000			-1191.343166			0.004357
158000			-1191.343166			0.003942
159000			-1191.343166			0.003567
160000			-1191.343166			0.003228
161000			-1191.343166			0.002921
162000			-1191.343166			0.002643
163000			-1191.343166			0.002391
164000			-1191.343166			0.002164
165000			-1191.343166			0.001958
166000			-1191.343166			0.001771
167000			-1191.343166			0.001603
168000			-1191.343166			0.001450
169000			-1191.343166			0.001312
170000			-1191.343166			0.001187
171000			-1191.343166			0.001074
Iteration: 7
Step			Log-likelihood			Temperature
1			-22909.910651			99900.000000
1000			-20378.755257			36769.542477
2000			-20839.263344			23501.721022
3000			-20707.814448			21265.130236
4000			-21794.492004			19241.389323
5000			-20162.103518			17410.241977
6000			-21918.610487			15753.359626
7000			-22973.913854			14254.157974
8000			-18667.327380			12897.631004
9000			-20881.559749			11670.200782
10000			-23147.119745			10559.581542
11000			-19919.719148			9554.656721
12000			-21307.867028			8645.367688
13000			-23257.958458			7822.613061
14000			-20781.411639			7078.157611
15000			-23289.441086			6404.549832
16000			-20948.295869			5795.047357
17000			-19471.819349			5243.549468
18000			-23234.064271			4744.536038
19000			-20519.393584			4293.012272
20000			-22610.029363			3884.458716
21000			-21487.758264			3514.786020
22000			-18321.634069			3180.294005
23000			-18971.401607			2877.634626
24000			-20525.858995			2603.778466
25000			-19183.619899			2355.984403
26000			-19163.036130			2131.772185
27000			-19891.068978			1928.897594
28000			-20235.102631			1745.329992
29000			-17344.261801			1579.231987
30000			-23687.737423			1428.941048
31000			-16009.795767			1292.952863
32000			-16975.084699			1169.906280
33000			-21866.277167			1058.569685
34000			-14502.487527			957.828671
35000			-15485.832785			866.674888
36000			-16609.528871			784.195947
37000			-15890.348184			709.566288
38000			-17589.768909			642.038917
39000			-15854.118471			580.937931
40000			-13667.037881			525.651749
41000			-13816.393516			475.626993
42000			-12550.941913			430.362949
43000			-12704.472969			389.406552
44000			-12202.852955			352.347857
45000			-15539.306652			318.815931
46000			-11426.671105			288.475142
47000			-11884.689843			261.021797
48000			-11678.708131			236.181108
49000			-12381.008349			213.704435
50000			-12412.185960			193.366803
51000			-10716.325061			174.964643
52000			-10029.969965			158.313765
53000			-11613.878019			143.247502
54000			-8915.011763			129.615051
55000			-7949.485379			117.279962
56000			-6736.238084			106.118767
57000			-5461.424105			96.019751
58000			-5463.895937			86.881830
59000			-5523.319161			78.613537
60000			-5673.830078			71.132114
61000			-4828.627958			64.362677
62000			-4022.426560			58.237467
63000			-2944.363713			52.695176
64000			-2514.300307			47.680328
65000			-2448.062725			43.142730
66000			-2400.054414			39.036961
67000			-2035.202322			35.321926
68000			-2175.298181			31.960441
69000			-2070.860371			28.918858
70000			-1686.488872			26.166734
71000			-1694.077312			23.676522
72000			-1601.118923			21.423296
73000			-1534.720073			19.384503
74000			-1519.543193			17.539736
75000			-1551.794063			15.870530
76000			-1494.880764			14.360177
77000			-1489.189434			12.993561
78000			-1492.983654			11.757001
79000			-1510.057643			10.638121
80000			-1403.819484			9.625722
81000			-1354.494625			8.709670
82000			-1339.317745			7.880796
83000			-1333.626415			7.130803
84000			-1333.626415			6.452185
85000			-1322.243755			5.838150
86000			-1310.861095			5.282550
87000			-1322.243755			4.779825
88000			-1316.552425			4.324943
89000			-1280.507335			3.913350
90000			-1293.787105			3.540928
91000			-1236.873806			3.203948
92000			-1238.770916			2.899038
93000			-1217.902706			2.623145
94000			-1216.005596			2.373508
95000			-1208.417156			2.147628
96000			-1214.108486			1.943244
97000			-1217.902706			1.758311
98000			-1206.520046			1.590978
99000			-1212.211376			1.439569
100000			-1198.931606			1.302570
101000			-1206.520046			1.178608
102000			-1206.520046			1.066443
103000			-1204.622936			0.964953
104000			-1200.828716			0.873121
105000			-1197.034496			0.790029
106000			-1197.034496			0.714844
107000			-1191.343166			0.646814
108000			-1191.343166			0.585259
109000			-1191.343166			0.529561
110000			-1191.343166			0.479165
111000			-1191.343166			0.433564
112000			-1191.343166			0.392303
113000			-1191.343166			0.354969
114000			-1191.343166			0.321187
115000			-1191.343166			0.290621
116000			-1191.343166			0.262963
117000			-1191.343166			0.237938
118000			-1191.343166			0.215294
119000			-1191.343166			0.194805
120000			-1191.343166			0.176266
121000			-1191.343166			0.159491
122000			-1191.343166			0.144313
123000			-1191.343166			0.130579
124000			-1191.343166			0.118152
125000			-1191.343166			0.106908
126000			-1191.343166			0.096734
127000			-1191.343166			0.087528
128000			-1191.343166			0.079198
129000			-1191.343166			0.071661
130000			-1191.343166			0.064841
131000			-1191.343166			0.058671
132000			-1191.343166			0.053087
133000			-1191.343166			0.048035
134000			-1191.343166			0.043464
135000			-1191.343166			0.039327
136000			-1191.343166			0.035585
137000			-1191.343166			0.032198
138000			-1191.343166			0.029134
139000			-1191.343166			0.026361
140000			-1191.343166			0.023853
141000			-1191.343166			0.021583
142000			-1191.343166			0.019529
143000			-1191.343166			0.017670
144000			-1191.343166			0.015989
145000			-1191.343166			0.014467
146000			-1191.343166			0.013090
147000			-1191.343166			0.011844
148000			-1191.343166			0.010717
149000			-1191.343166			0.009697
150000			-1191.343166			0.008774
151000			-1191.343166			0.007939
152000			-1191.343166			0.007184
153000			-1191.343166			0.006500
154000			-1191.343166			0.005882
155000			-1191.343166			0.005322
156000			-1191.343166			0.004815
157000			-1191.343166			0.004357
158000			-1191.343166			0.003942
159000			-1191.343166			0.003567
160000			-1191.343166			0.003228
161000			-1191.343166			0.002921
162000			-1191.343166			0.002643
163000			-1191.343166			0.002391
164000			-1191.343166			0.002164
165000			-1191.343166			0.001958
166000			-1191.343166			0.001771
167000			-1191.343166			0.001603
168000			-1191.343166			0.001450
169000			-1191.343166			0.001312
170000			-1191.343166			0.001187
171000			-1191.343166			0.001074
Iteration: 8
Step			Log-likelihood			Temperature
1			-22989.460257			99900.000000
1000			-22946.729822			36769.542477
2000			-20154.553170			23501.721022
3000			-21957.901490			21265.130236
4000			-23312.141899			19241.389323
5000			-22891.493698			17410.241977
6000			-21372.066809			15753.359626
7000			-22948.708956			14254.157974
8000			-21784.701437			12897.631004
9000			-23466.710903			11670.200782
10000			-21847.816282			10559.581542
11000			-20953.811196			9554.656721
12000			-21836.970251			8645.367688
13000			-21741.035654			7822.613061
14000			-24338.364124			7078.157611
15000			-23616.087113			6404.549832
16000			-21581.795751			5795.047357
17000			-22525.072868			5243.549468
18000			-21788.612993			4744.536038
19000			-18002.758325			4293.012272
20000			-23587.480874			3884.458716
21000			-20380.992418			3514.786020
22000			-21979.156740			3180.294005
23000			-18966.677878			2877.634626
24000			-20942.809737			2603.778466
25000			-18846.139520			2355.984403
26000			-16899.986058			2131.772185
27000			-21750.579872			1928.897594
28000			-19132.720463			1745.329992
29000			-18072.619964			1579.231987
30000			-14879.854205			1428.941048
31000			-23215.925919			1292.952863
32000			-18285.723832			1169.906280
33000			-21167.565971			1058.569685
34000			-17009.690065			957.828671
35000			-16564.728381			866.674888
36000			-18697.824890			784.195947
37000			-14032.540880			709.566288
38000			-17384.661096			642.038917
39000			-15033.021577			580.937931
40000			-14336.878972			525.651749
41000			-13517.177870			475.626993
42000			-14413.144573			430.362949
43000			-11141.213191			389.406552
44000			-12040.897929			352.347857
45000			-13876.801858			318.815931
46000			-12363.902105			288.475142
47000			-12473.603054			261.021797
48000			-10814.490980			236.181108
49000			-10715.685833			213.704435
50000			-11017.165054			193.366803
51000			-10351.194367			174.964643
52000			-10083.109620			158.313765
53000			-7534.798213			143.247502
54000			-9055.682343			129.615051
55000			-7579.296744			117.279962
56000			-8127.954410			106.118767
57000			-6992.133836			96.019751
58000			-6454.767910			86.881830
59000			-5397.024965			78.613537
60000			-5986.284343			71.132114
61000			-5560.144170			64.362677
62000			-4878.146338			58.237467
63000			-4280.562532			52.695176
64000			-3561.531433			47.680328
65000			-3198.860892			43.142730
66000			-2975.969515			39.036961
67000			-2705.134335			35.321926
68000			-2404.396942			31.960441
69000			-2137.581755			28.918858
70000			-2090.121752			26.166734
71000			-1796.521251			23.676522
72000			-1739.607952			21.423296
73000			-1631.472682			19.384503
74000			-1601.118923			17.539736
75000			-1474.012554			15.870530
76000			-1508.160533			14.360177
77000			-1513.851863			12.993561
78000			-1511.922500			11.757001
79000			-1492.983654			10.638121
80000			-1382.951274			9.625722
81000			-1375.362835			8.709670
82000			-1348.803295			7.880796
83000			-1354.494625			7.130803
84000			-1343.111965			6.452185
85000			-1307.066875			5.838150
86000			-1307.066875			5.282550
87000			-1299.478435			4.779825
88000			-1295.684215			4.324943
89000			-1288.095775			3.913350
90000			-1284.301555			3.540928
91000			-1295.684215			3.203948
92000			-1286.198665			2.899038
93000			-1278.610225			2.623145
94000			-1265.330455			2.373508
95000			-1265.330455			2.147628
96000			-1223.594036			1.943244
97000			-1204.622936			1.758311
98000			-1202.725826			1.590978
99000			-1198.931606			1.439569
100000			-1202.725826			1.302570
101000			-1198.931606			1.178608
102000			-1198.931606			1.066443
103000			-1193.240276			0.964953
104000			-1193.240276			0.873121
105000			-1191.343166			0.790029
106000			-1191.343166			0.714844
107000			-1193.240276			0.646814
108000			-1193.240276			0.585259
109000			-1193.240276			0.529561
110000			-1195.137386			0.479165
111000			-1193.240276			0.433564
112000			-1191.343166			0.392303
113000			-1191.343166			0.354969
114000			-1191.343166			0.321187
115000			-1191.343166			0.290621
116000			-1191.343166			0.262963
117000			-1191.343166			0.237938
118000			-1191.343166			0.215294
119000			-1191.343166			0.194805
120000			-1191.343166			0.176266
121000			-1191.343166			0.159491
122000			-1191.343166			0.144313
123000			-1191.343166			0.130579
124000			-1191.343166			0.118152
125000			-1191.343166			0.106908
126000			-1191.343166			0.096734
127000			-1191.343166			0.087528
128000			-1191.343166			0.079198
129000			-1191.343166			0.071661
130000			-1191.343166			0.064841
131000			-1191.343166			0.058671
132000			-1191.343166			0.053087
133000			-1191.343166			0.048035
134000			-1191.343166			0.043464
135000			-1191.343166			0.039327
136000			-1191.343166			0.035585
137000			-1191.343166			0.032198
138000			-1191.343166			0.029134
139000			-1191.343166			0.026361
140000			-1191.343166			0.023853
141000			-1191.343166			0.021583
142000			-1191.343166			0.019529
143000			-1191.343166			0.017670
144000			-1191.343166			0.015989
145000			-1191.343166			0.014467
146000			-1191.343166			0.013090
147000			-1191.343166			0.011844
148000			-1191.343166			0.010717
149000			-1191.343166			0.009697
150000			-1191.343166			0.008774
151000			-1191.343166			0.007939
152000			-1191.343166			0.007184
153000			-1191.343166			0.006500
154000			-1191.343166			0.005882
155000			-1191.343166			0.005322
156000			-1191.343166			0.004815
157000			-1191.343166			0.004357
158000			-1191.343166			0.003942
159000			-1191.343166			0.003567
160000			-1191.343166			0.003228
161000			-1191.343166			0.002921
162000			-1191.343166			0.002643
163000			-1191.343166			0.002391
164000			-1191.343166			0.002164
165000			-1191.343166			0.001958
166000			-1191.343166			0.001771
167000			-1191.343166			0.001603
168000			-1191.343166			0.001450
169000			-1191.343166			0.001312
170000			-1191.343166			0.001187
171000			-1191.343166			0.001074
Iteration: 9
Step			Log-likelihood			Temperature
1			-23384.537095			99900.000000
1000			-23063.690837			36769.542477
2000			-22220.799282			23501.721022
3000			-22219.213028			21265.130236
4000			-18029.065677			19241.389323
5000			-23435.958424			17410.241977
6000			-22184.689686			15753.359626
7000			-21004.001057			14254.157974
8000			-21150.697179			12897.631004
9000			-22096.428611			11670.200782
10000			-25216.333167			10559.581542
11000			-22698.569040			9554.656721
12000			-20433.868207			8645.367688
13000			-20479.425261			7822.613061
14000			-23190.178553			7078.157611
15000			-23403.918592			6404.549832
16000			-23927.327427			5795.047357
17000			-18870.951538			5243.549468
18000			-24193.705803			4744.536038
19000			-22388.023563			4293.012272
20000			-19377.339212			3884.458716
21000			-20958.540763			3514.786020
22000			-16677.297099			3180.294005
23000			-21578.640760			2877.634626
24000			-15686.996789			2603.778466
25000			-19103.903187			2355.984403
26000			-22244.834162			2131.772185
27000			-20808.619304			1928.897594
28000			-21943.730303			1745.329992
29000			-21085.436095			1579.231987
30000			-20009.877333			1428.941048
31000			-19493.558400			1292.952863
32000			-16097.288600			1169.906280
33000			-14078.367639			1058.569685
34000			-18220.776384			957.828671
35000			-17533.345249			866.674888
36000			-17594.348888			784.195947
37000			-14061.431559			709.566288
38000			-12687.146791			642.038917
39000			-14041.677481			580.937931
40000			-15128.542719			525.651749
41000			-13769.047790			475.626993
42000			-12585.682132			430.362949
43000			-11926.766314			389.406552
44000			-11851.230862			352.347857
45000			-11910.762524			318.815931
46000			-15004.714516			288.475142
47000			-11842.331712			261.021797
48000			-10879.977838			236.181108
49000			-11637.933473			213.704435
50000			-11736.656597			193.366803
51000			-10237.426435			174.964643
52000			-10425.384074			158.313765
53000			-9707.552189			143.247502
54000			-9244.754113			129.615051
55000			-8166.776348			117.279962
56000			-6767.978738			106.118767
57000			-6724.054928			96.019751
58000			-4887.444207			86.881830
59000			-5130.165846			78.613537
60000			-5626.472674			71.132114
61000			-3905.837849			64.362677
62000			-3903.333764			58.237467
63000			-3238.700202			52.695176
64000			-2581.693172			47.680328
65000			-2465.453409			43.142730
66000			-2302.301950			39.036961
67000			-2300.888641			35.321926
68000			-2356.066098			31.960441
69000			-2450.986104			28.918858
70000			-2472.080087			26.166734
71000			-1983.367538			23.676522
72000			-1852.886243			21.423296
73000			-1888.931333			19.384503
74000			-1746.648084			17.539736
75000			-1589.187955			15.870530
76000			-1413.305034			14.360177
77000			-1365.877285			12.993561
78000			-1322.243755			11.757001
79000			-1314.655315			10.638121
80000			-1318.449535			9.625722
81000			-1310.861095			8.709670
82000			-1318.449535			7.880796
83000			-1326.037975			7.130803
84000			-1331.729305			6.452185
85000			-1316.552425			5.838150
86000			-1295.684215			5.282550
87000			-1299.478435			4.779825
88000			-1301.375545			4.324943
89000			-1303.272655			3.913350
90000			-1327.935085			3.540928
91000			-1331.729305			3.203948
92000			-1314.655315			2.899038
93000			-1310.861095			2.623145
94000			-1303.272655			2.373508
95000			-1307.066875			2.147628
96000			-1282.404445			1.943244
97000			-1286.198665			1.758311
98000			-1276.713115			1.590978
99000			-1282.404445			1.439569
100000			-1278.610225			1.302570
101000			-1274.816005			1.178608
102000			-1272.918895			1.066443
103000			-1274.816005			0.964953
104000			-1240.668026			0.873121
105000			-1238.770916			0.790029
106000			-1198.931606			0.714844
107000			-1195.137386			0.646814
108000			-1195.137386			0.585259
109000			-1193.240276			0.529561
110000			-1193.240276			0.479165
111000			-1193.240276			0.433564
112000			-1193.240276			0.392303
113000			-1193.240276			0.354969
114000			-1197.034496			0.321187
115000			-1193.240276			0.290621
116000			-1193.240276			0.262963
117000			-1193.240276			0.237938
118000			-1191.343166			0.215294
119000			-1191.343166			0.194805
120000			-1191.343166			0.176266
121000			-1191.343166			0.159491
122000			-1191.343166			0.144313
123000			-1191.343166			0.130579
124000			-1191.343166			0.118152
125000			-1191.343166			0.106908
126000			-1191.343166			0.096734
127000			-1191.343166			0.087528
128000			-1191.343166			0.079198
129000			-1191.343166			0.071661
130000			-1191.343166			0.064841
131000			-1191.343166			0.058671
132000			-1191.343166			0.053087
133000			-1191.343166			0.048035
134000			-1191.343166			0.043464
135000			-1191.343166			0.039327
136000			-1191.343166			0.035585
137000			-1191.343166			0.032198
138000			-1191.343166			0.029134
139000			-1191.343166			0.026361
140000			-1191.343166			0.023853
141000			-1191.343166			0.021583
142000			-1191.343166			0.019529
143000			-1191.343166			0.017670
144000			-1191.343166			0.015989
145000			-1191.343166			0.014467
146000			-1191.343166			0.013090
147000			-1191.343166			0.011844
148000			-1191.343166			0.010717
149000			-1191.343166			0.009697
150000			-1191.343166			0.008774
151000			-1191.343166			0.007939
152000			-1191.343166			0.007184
153000			-1191.343166			0.006500
154000			-1191.343166			0.005882
155000			-1191.343166			0.005322
156000			-1191.343166			0.004815
157000			-1191.343166			0.004357
158000			-1191.343166			0.003942
159000			-1191.343166			0.003567
160000			-1191.343166			0.003228
161000			-1191.343166			0.002921
162000			-1191.343166			0.002643
163000			-1191.343166			0.002391
164000			-1191.343166			0.002164
165000			-1191.343166			0.001958
166000			-1191.343166			0.001771
167000			-1191.343166			0.001603
168000			-1191.343166			0.001450
169000			-1191.343166			0.001312
170000			-1191.343166			0.001187
171000			-1191.343166			0.001074
Iteration: 10
Step			Log-likelihood			Temperature
1			-23698.747779			99900.000000
1000			-22341.724682			36769.542477
2000			-21948.190166			23501.721022
3000			-23587.932421			21265.130236
4000			-24312.449652			19241.389323
5000			-23276.697946			17410.241977
6000			-21520.906389			15753.359626
7000			-21893.997828			14254.157974
8000			-23608.208392			12897.631004
9000			-23586.137911			11670.200782
10000			-20612.519079			10559.581542
11000			-22783.628134			9554.656721
12000			-20595.058049			8645.367688
13000			-19524.337293			7822.613061
14000			-23408.454639			7078.157611
15000			-23541.627701			6404.549832
16000			-21801.963108			5795.047357
17000			-24497.571774			5243.549468
18000			-21572.717817			4744.536038
19000			-23604.947744			4293.012272
20000			-24094.454948			3884.458716
21000			-20489.330105			3514.786020
22000			-23325.518429			3180.294005
23000			-24123.932028			2877.634626
24000			-22138.642992			2603.778466
25000			-17294.869376			2355.984403
26000			-22200.499955			2131.772185
27000			-20046.379809			1928.897594
28000			-17405.819586			1745.329992
29000			-21494.094662			1579.231987
30000			-23263.811055			1428.941048
31000			-18606.845634			1292.952863
32000			-18855.801073			1169.906280
33000			-18189.035730			1058.569685
34000			-16964.783917			957.828671
35000			-19659.483649			866.674888
36000			-14472.529704			784.195947
37000			-16695.549727			709.566288
38000			-16134.166439			642.038917
39000			-15639.375520			580.937931
40000			-11609.201280			525.651749
41000			-12289.425176			475.626993
42000			-15330.774142			430.362949
43000			-12856.746144			389.406552
44000			-13378.990800			352.347857
45000			-12024.641952			318.815931
46000			-11911.686194			288.475142
47000			-12086.537007			261.021797
48000			-11868.949920			236.181108
49000			-11443.868270			213.704435
50000			-10562.245698			193.366803
51000			-10016.872038			174.964643
52000			-11374.900828			158.313765
53000			-9614.324095			143.247502
54000			-6876.114008			129.615051
55000			-7134.431821			117.279962
56000			-8658.509035			106.118767
57000			-6753.602354			96.019751
58000			-5361.361077			86.881830
59000			-4984.765699			78.613537
60000			-2934.716896			71.132114
61000			-3445.614204			64.362677
62000			-3745.674276			58.237467
63000			-3251.979972			52.695176
64000			-2632.211407			47.680328
65000			-3077.483946			43.142730
66000			-2573.400997			39.036961
67000			-2815.682768			35.321926
68000			-2690.376749			31.960441
69000			-2457.580528			28.918858
70000			-2189.991260			26.166734
71000			-1870.508541			23.676522
72000			-1830.669231			21.423296
73000			-1828.772121			19.384503
74000			-1787.035701			17.539736
75000			-1695.974422			15.870530
76000			-1709.254192			14.360177
77000			-1705.459972			12.993561
78000			-1631.472682			11.757001
79000			-1623.884243			10.638121
80000			-1625.781353			9.625722
81000			-1606.810253			8.709670
82000			-1621.987133			7.880796
83000			-1565.073833			7.130803
84000			-1508.160533			6.452185
85000			-1449.350124			5.838150
86000			-1413.305034			5.282550
87000			-1400.025264			4.779825
88000			-1400.025264			4.324943
89000			-1407.613704			3.913350
90000			-1369.671505			3.540928
91000			-1352.597515			3.203948
92000			-1346.906185			2.899038
93000			-1291.889995			2.623145
94000			-1280.507335			2.373508
95000			-1280.507335			2.147628
96000			-1216.005596			1.943244
97000			-1210.314266			1.758311
98000			-1216.005596			1.590978
99000			-1206.520046			1.439569
100000			-1204.622936			1.302570
101000			-1212.211376			1.178608
102000			-1208.417156			1.066443
103000			-1197.034496			0.964953
104000			-1197.034496			0.873121
105000			-1200.828716			0.790029
106000			-1197.034496			0.714844
107000			-1195.137386			0.646814
108000			-1193.240276			0.585259
109000			-1193.240276			0.529561
110000			-1195.137386			0.479165
111000			-1191.343166			0.433564
112000			-1191.343166			0.392303
113000			-1191.343166			0.354969
114000			-1191.343166			0.321187
115000			-1191.343166			0.290621
116000			-1191.343166			0.262963
117000			-1191.343166			0.237938
118000			-1191.343166			0.215294
119000			-1191.343166			0.194805
120000			-1191.343166			0.176266
121000			-1191.343166			0.159491
122000			-1191.343166			0.144313
123000			-1191.343166			0.130579
124000			-1191.343166			0.118152
125000			-1191.343166			0.106908
126000			-1191.343166			0.096734
127000			-1191.343166			0.087528
128000			-1191.343166			0.079198
129000			-1191.343166			0.071661
130000			-1191.343166			0.064841
131000			-1191.343166			0.058671
132000			-1191.343166			0.053087
133000			-1191.343166			0.048035
134000			-1191.343166			0.043464
135000			-1191.343166			0.039327
136000			-1191.343166			0.035585
137000			-1191.343166			0.032198
138000			-1191.343166			0.029134
139000			-1191.343166			0.026361
140000			-1191.343166			0.023853
141000			-1191.343166			0.021583
142000			-1191.343166			0.019529
143000			-1191.343166			0.017670
144000			-1191.343166			0.015989
145000			-1191.343166			0.014467
146000			-1191.343166			0.013090
147000			-1191.343166			0.011844
148000			-1191.343166			0.010717
149000			-1191.343166			0.009697
150000			-1191.343166			0.008774
151000			-1191.343166			0.007939
152000			-1191.343166			0.007184
153000			-1191.343166			0.006500
154000			-1191.343166			0.005882
155000			-1191.343166			0.005322
156000			-1191.343166			0.004815
157000			-1191.343166			0.004357
158000			-1191.343166			0.003942
159000			-1191.343166			0.003567
160000			-1191.343166			0.003228
161000			-1191.343166			0.002921
162000			-1191.343166			0.002643
163000			-1191.343166			0.002391
164000			-1191.343166			0.002164
165000			-1191.343166			0.001958
166000			-1191.343166			0.001771
167000			-1191.343166			0.001603
168000			-1191.343166			0.001450
169000			-1191.343166			0.001312
170000			-1191.343166			0.001187
171000			-1191.343166			0.001074

Maximum likelihood Tree found: -1191.343166
digraph g {
	"49" -> "50";
	"50" [label="40"];
	"47" -> "48";
	"48" [label="41"];
	"46" -> "47";
	"47" [label="43"];
	"45" -> "46";
	"46" [label="45"];
	"44" -> "45";
	"45" [label="8"];
	"43" -> "44";
	"44" [label="10"];
	"42" -> "43";
	"43" [label="27"];
	"42" -> "49";
	"49" [label="39"];
	"41" -> "42";
	"42" [label="21"];
	"40" -> "41";
	"41" [label="30"];
	"39" -> "40";
	"40" [label="6"];
	"38" -> "39";
	"39" [label="13"];
	"37" -> "38";
	"38" [label="17"];
	"35" -> "36";
	"36" [label="50"];
	"34" -> "35";
	"35" [label="25"];
	"33" -> "34";
	"34" [label="36"];
	"32" -> "33";
	"33" [label="42"];
	"31" -> "32";
	"32" [label="24"];
	"29" -> "30";
	"30" [label="2"];
	"28" -> "29";
	"29" [label="3"];
	"27" -> "28";
	"28" [label="18"];
	"26" -> "27";
	"27" [label="14"];
	"25" -> "26";
	"26" [label="32"];
	"25" -> "31";
	"31" [label="23"];
	"23" -> "24";
	"24" [label="15"];
	"22" -> "23";
	"23" [label="4"];
	"21" -> "22";
	"22" [label="19"];
	"19" -> "20";
	"20" [label="44"];
	"18" -> "19";
	"19" [label="34"];
	"17" -> "18";
	"18" [label="29"];
	"16" -> "17";
	"17" [label="9"];
	"15" -> "16";
	"16" [label="48"];
	"14" -> "15";
	"15" [label="16"];
	"13" -> "14";
	"14" [label="47"];
	"12" -> "13";
	"13" [label="20"];
	"11" -> "12";
	"12" [label="11"];
	"11" -> "21";
	"21" [label="5"];
	"10" -> "11";
	"11" [label="26"];
	"9" -> "10";
	"10" [label="35"];
	"8" -> "9";
	"9" [label="22"];
	"7" -> "8";
	"8" [label="46"];
	"6" -> "7";
	"7" [label="38"];
	"6" -> "25";
	"25" [label="37"];
	"6" -> "37";
	"37" [label="7"];
	"5" -> "6";
	"6" [label="49"];
	"4" -> "5";
	"5" [label="33"];
	"3" -> "4";
	"4" [label="28"];
	"2" -> "3";
	"3" [label="31"];
	"1" -> "2";
	"2" [label="1"];
	"0" -> "1";
	"1" [label="12"];
	"0" [label="germline"];
	labelloc="t";
	label="Confidence score: -1191.343166";
}
Best cell assigment:
24 20 11 20 23 20 42 30 48 47 30 24 23 24 23 50 30 40 48 30 36 5 48 5 50 49 30 30 35 10 30 24 11 11 48 20 30 6 42 49 24 10 11 50 24 48 39 30 24 47 49 36 24 30 50 35 42 19 35 6 50 36 50 30 35 20 36 6 36 30 24 6 20 5 46 48 6 42 30 23 42 48 18 24 42 30 48 30 36 50 36 6 10 48 42 45 20 6 36 48 20 45 42 29 24 30 50 36 50 41 22 9 20 50 20 50 3 46 28 48 35 21 20 11 19 29 42 30 41 4 5 11 48 42 41 20 9 42 20 50 20 36 50 42 19 24 7 49 35 20 30 20 8 44 30 19 42 50 48 50 34 50 30 34 30 11 50 10 30 11 6 41 6 24 36 27 30 20 50 30 50 24 36 6 30 24 6 46 35 19 24 30 30 11 9 20 11 22 36 29 24 30 42 42 50 24 47 22 30 9 10 42 24 36 29 49 30 6 50 36 20 18 30 40 29 24 20 24 11 50 11 10 50 36 42 35 36 29 35 42 42 47 19 33 24 24 6 20 28 20 
alpha: 0.150000
beta: 0.000010
alpha: 1.000000
