Starting SASC.
Iteration: 1
Step			Log-likelihood			Temperature
1			-23971.072330			99900.000000
1000			-22384.278990			36769.542477
2000			-25306.573253			23501.721022
3000			-21637.339549			21265.130236
4000			-22425.730969			19241.389323
5000			-20283.814553			17410.241977
6000			-23456.339652			15753.359626
7000			-21851.454951			14254.157974
8000			-21352.154399			12897.631004
9000			-21768.465912			11670.200782
10000			-24251.527913			10559.581542
11000			-22405.674932			9554.656721
12000			-23141.246450			8645.367688
13000			-24858.216068			7822.613061
14000			-20008.874297			7078.157611
15000			-21283.321810			6404.549832
16000			-22685.784625			5795.047357
17000			-23431.955825			5243.549468
18000			-20682.879132			4744.536038
19000			-21334.253499			4293.012272
20000			-17703.747755			3884.458716
21000			-22296.404956			3514.786020
22000			-24487.989341			3180.294005
23000			-21975.368236			2877.634626
24000			-22846.297147			2603.778466
25000			-22083.735118			2355.984403
26000			-23622.866037			2131.772185
27000			-18705.263618			1928.897594
28000			-17290.532565			1745.329992
29000			-17927.671239			1579.231987
30000			-19114.288650			1428.941048
31000			-21054.809449			1292.952863
32000			-20845.192003			1169.906280
33000			-19253.458058			1058.569685
34000			-20922.392951			957.828671
35000			-16857.413709			866.674888
36000			-16812.982742			784.195947
37000			-18243.359739			709.566288
38000			-16698.865862			642.038917
39000			-16961.983589			580.937931
40000			-16074.109702			525.651749
41000			-13709.592190			475.626993
42000			-12729.894620			430.362949
43000			-11846.647702			389.406552
44000			-12041.941592			352.347857
45000			-11492.688630			318.815931
46000			-11662.021058			288.475142
47000			-12613.467176			261.021797
48000			-11318.617737			236.181108
49000			-9616.003928			213.704435
50000			-11026.823425			193.366803
51000			-9371.743023			174.964643
52000			-10232.127862			158.313765
53000			-10095.277916			143.247502
54000			-11175.328794			129.615051
55000			-8253.679599			117.279962
56000			-7758.217199			106.118767
57000			-7530.429148			96.019751
58000			-6712.716077			86.881830
59000			-7003.135171			78.613537
60000			-5157.006646			71.132114
61000			-4349.998914			64.362677
62000			-4389.934984			58.237467
63000			-3529.711412			52.695176
64000			-3445.309064			47.680328
65000			-2824.438045			43.142730
66000			-2865.916438			39.036961
67000			-2517.461015			35.321926
68000			-2481.383671			31.960441
69000			-2551.963781			28.918858
70000			-2389.070350			26.166734
71000			-2313.605244			23.676522
72000			-2281.257614			21.423296
73000			-2028.941986			19.384503
74000			-1987.205567			17.539736
75000			-1809.522296			15.870530
76000			-1684.313037			14.360177
77000			-1648.267947			12.993561
78000			-1600.840197			11.757001
79000			-1606.531527			10.638121
80000			-1589.457537			9.625722
81000			-1597.045977			8.709670
82000			-1471.836718			7.880796
83000			-1477.528048			7.130803
84000			-1492.704928			6.452185
85000			-1462.351168			5.838150
86000			-1466.145388			5.282550
87000			-1479.425158			4.779825
88000			-1487.013598			4.324943
89000			-1479.425158			3.913350
90000			-1492.704928			3.540928
91000			-1481.322268			3.203948
92000			-1456.659838			2.899038
93000			-1449.071398			2.623145
94000			-1449.071398			2.373508
95000			-1458.556948			2.147628
96000			-1456.659838			1.943244
97000			-1449.071398			1.758311
98000			-1441.482958			1.590978
99000			-1439.585848			1.439569
100000			-1443.380068			1.302570
101000			-1439.585848			1.178608
102000			-1439.585848			1.066443
103000			-1431.997409			0.964953
104000			-1431.997409			0.873121
105000			-1428.203189			0.790029
106000			-1426.306079			0.714844
107000			-1424.408969			0.646814
108000			-1424.408969			0.585259
109000			-1428.203189			0.529561
110000			-1426.306079			0.479165
111000			-1424.408969			0.433564
112000			-1424.408969			0.392303
113000			-1424.408969			0.354969
114000			-1424.408969			0.321187
115000			-1422.511859			0.290621
116000			-1422.511859			0.262963
117000			-1422.511859			0.237938
118000			-1422.511859			0.215294
119000			-1422.511859			0.194805
120000			-1422.511859			0.176266
121000			-1422.511859			0.159491
122000			-1422.511859			0.144313
123000			-1422.511859			0.130579
124000			-1422.511859			0.118152
125000			-1422.511859			0.106908
126000			-1422.511859			0.096734
127000			-1422.511859			0.087528
128000			-1422.511859			0.079198
129000			-1422.511859			0.071661
130000			-1422.511859			0.064841
131000			-1422.511859			0.058671
132000			-1422.511859			0.053087
133000			-1422.511859			0.048035
134000			-1422.511859			0.043464
135000			-1422.511859			0.039327
136000			-1422.511859			0.035585
137000			-1422.511859			0.032198
138000			-1422.511859			0.029134
139000			-1422.511859			0.026361
140000			-1422.511859			0.023853
141000			-1422.511859			0.021583
142000			-1422.511859			0.019529
143000			-1422.511859			0.017670
144000			-1422.511859			0.015989
145000			-1422.511859			0.014467
146000			-1422.511859			0.013090
147000			-1422.511859			0.011844
148000			-1422.511859			0.010717
149000			-1422.511859			0.009697
150000			-1422.511859			0.008774
151000			-1422.511859			0.007939
152000			-1422.511859			0.007184
153000			-1422.511859			0.006500
154000			-1422.511859			0.005882
155000			-1422.511859			0.005322
156000			-1422.511859			0.004815
157000			-1422.511859			0.004357
158000			-1422.511859			0.003942
159000			-1422.511859			0.003567
160000			-1422.511859			0.003228
161000			-1422.511859			0.002921
162000			-1422.511859			0.002643
163000			-1422.511859			0.002391
164000			-1422.511859			0.002164
165000			-1422.511859			0.001958
166000			-1422.511859			0.001771
167000			-1422.511859			0.001603
168000			-1422.511859			0.001450
169000			-1422.511859			0.001312
170000			-1422.511859			0.001187
171000			-1422.511859			0.001074
Iteration: 2
Step			Log-likelihood			Temperature
1			-22347.099194			99900.000000
1000			-20798.022280			36769.542477
2000			-21142.258350			23501.721022
3000			-21759.405495			21265.130236
4000			-20279.580464			19241.389323
5000			-22407.560364			17410.241977
6000			-23643.701993			15753.359626
7000			-22276.316666			14254.157974
8000			-21856.190358			12897.631004
9000			-23455.328119			11670.200782
10000			-23873.692171			10559.581542
11000			-23933.883636			9554.656721
12000			-20937.569831			8645.367688
13000			-20192.237220			7822.613061
14000			-22079.474614			7078.157611
15000			-24004.173466			6404.549832
16000			-24557.930222			5795.047357
17000			-19408.097407			5243.549468
18000			-19423.227297			4744.536038
19000			-22880.316113			4293.012272
20000			-19594.427640			3884.458716
21000			-22602.370454			3514.786020
22000			-22149.708834			3180.294005
23000			-23891.469896			2877.634626
24000			-22158.587409			2603.778466
25000			-20015.489296			2355.984403
26000			-19562.710341			2131.772185
27000			-19262.283804			1928.897594
28000			-17088.412638			1745.329992
29000			-18604.218252			1579.231987
30000			-21938.012436			1428.941048
31000			-22261.397813			1292.952863
32000			-21224.672667			1169.906280
33000			-19421.726125			1058.569685
34000			-21446.279748			957.828671
35000			-20235.806243			866.674888
36000			-16851.435156			784.195947
37000			-12436.305798			709.566288
38000			-16697.537635			642.038917
39000			-12819.041273			580.937931
40000			-14772.129209			525.651749
41000			-14834.883427			475.626993
42000			-14382.822944			430.362949
43000			-14361.300769			389.406552
44000			-11356.683111			352.347857
45000			-10975.202737			318.815931
46000			-12774.193793			288.475142
47000			-11412.370782			261.021797
48000			-10850.186998			236.181108
49000			-11900.895649			213.704435
50000			-10428.568137			193.366803
51000			-11938.022618			174.964643
52000			-10276.212939			158.313765
53000			-8194.772430			143.247502
54000			-7614.972188			129.615051
55000			-8535.311040			117.279962
56000			-7919.078668			106.118767
57000			-7323.198451			96.019751
58000			-7114.709873			86.881830
59000			-6645.071024			78.613537
60000			-5244.810335			71.132114
61000			-3472.507832			64.362677
62000			-3514.496440			58.237467
63000			-3685.107325			52.695176
64000			-3118.038545			47.680328
65000			-3023.699100			43.142730
66000			-2401.995332			39.036961
67000			-2396.433016			35.321926
68000			-2026.561076			31.960441
69000			-2388.360775			28.918858
70000			-2192.958447			26.166734
71000			-1898.267171			23.676522
72000			-1757.881032			21.423296
73000			-1892.382321			19.384503
74000			-1888.555847			17.539736
75000			-1890.485211			15.870530
76000			-1848.748791			14.360177
77000			-1742.510632			12.993561
78000			-1536.338458			11.757001
79000			-1568.589327			10.638121
80000			-1572.383547			9.625722
81000			-1597.045977			8.709670
82000			-1587.560427			7.880796
83000			-1595.148867			7.130803
84000			-1562.897998			6.452185
85000			-1500.293368			5.838150
86000			-1498.396258			5.282550
87000			-1488.910708			4.779825
88000			-1498.396258			4.324943
89000			-1490.807818			3.913350
90000			-1498.396258			3.540928
91000			-1458.556948			3.203948
92000			-1454.762728			2.899038
93000			-1433.894519			2.623145
94000			-1431.997409			2.373508
95000			-1443.380068			2.147628
96000			-1437.688739			1.943244
97000			-1435.791629			1.758311
98000			-1433.894519			1.590978
99000			-1430.100299			1.439569
100000			-1424.408969			1.302570
101000			-1437.688739			1.178608
102000			-1431.997409			1.066443
103000			-1422.511859			0.964953
104000			-1422.511859			0.873121
105000			-1420.614749			0.790029
106000			-1418.717639			0.714844
107000			-1414.923419			0.646814
108000			-1414.923419			0.585259
109000			-1414.923419			0.529561
110000			-1416.820529			0.479165
111000			-1414.923419			0.433564
112000			-1413.026309			0.392303
113000			-1413.026309			0.354969
114000			-1413.026309			0.321187
115000			-1413.026309			0.290621
116000			-1413.026309			0.262963
117000			-1413.026309			0.237938
118000			-1413.026309			0.215294
119000			-1413.026309			0.194805
120000			-1413.026309			0.176266
121000			-1413.026309			0.159491
122000			-1413.026309			0.144313
123000			-1413.026309			0.130579
124000			-1413.026309			0.118152
125000			-1413.026309			0.106908
126000			-1413.026309			0.096734
127000			-1413.026309			0.087528
128000			-1413.026309			0.079198
129000			-1413.026309			0.071661
130000			-1413.026309			0.064841
131000			-1413.026309			0.058671
132000			-1413.026309			0.053087
133000			-1413.026309			0.048035
134000			-1413.026309			0.043464
135000			-1413.026309			0.039327
136000			-1413.026309			0.035585
137000			-1413.026309			0.032198
138000			-1413.026309			0.029134
139000			-1413.026309			0.026361
140000			-1413.026309			0.023853
141000			-1413.026309			0.021583
142000			-1413.026309			0.019529
143000			-1413.026309			0.017670
144000			-1413.026309			0.015989
145000			-1413.026309			0.014467
146000			-1413.026309			0.013090
147000			-1413.026309			0.011844
148000			-1413.026309			0.010717
149000			-1413.026309			0.009697
150000			-1413.026309			0.008774
151000			-1413.026309			0.007939
152000			-1413.026309			0.007184
153000			-1413.026309			0.006500
154000			-1413.026309			0.005882
155000			-1413.026309			0.005322
156000			-1413.026309			0.004815
157000			-1413.026309			0.004357
158000			-1413.026309			0.003942
159000			-1413.026309			0.003567
160000			-1413.026309			0.003228
161000			-1413.026309			0.002921
162000			-1413.026309			0.002643
163000			-1413.026309			0.002391
164000			-1413.026309			0.002164
165000			-1413.026309			0.001958
166000			-1413.026309			0.001771
167000			-1413.026309			0.001603
168000			-1413.026309			0.001450
169000			-1413.026309			0.001312
170000			-1413.026309			0.001187
171000			-1413.026309			0.001074
Iteration: 3
Step			Log-likelihood			Temperature
1			-23325.480214			99900.000000
1000			-23967.858671			36769.542477
2000			-23300.577274			23501.721022
3000			-21977.916252			21265.130236
4000			-21966.771044			19241.389323
5000			-24934.546175			17410.241977
6000			-20471.085973			15753.359626
7000			-21873.677802			14254.157974
8000			-20227.428985			12897.631004
9000			-20829.891948			11670.200782
10000			-22876.263866			10559.581542
11000			-22131.227374			9554.656721
12000			-25274.859012			8645.367688
13000			-23179.968569			7822.613061
14000			-24763.134795			7078.157611
15000			-17796.002409			6404.549832
16000			-22367.140494			5795.047357
17000			-23882.855187			5243.549468
18000			-20843.714186			4744.536038
19000			-21053.305218			4293.012272
20000			-21547.471645			3884.458716
21000			-23197.133480			3514.786020
22000			-21522.073227			3180.294005
23000			-22909.895792			2877.634626
24000			-23799.866148			2603.778466
25000			-20784.478644			2355.984403
26000			-23469.962531			2131.772185
27000			-22611.803175			1928.897594
28000			-22221.470641			1745.329992
29000			-21997.983967			1579.231987
30000			-19036.785743			1428.941048
31000			-19632.827226			1292.952863
32000			-19290.197985			1169.906280
33000			-17163.464288			1058.569685
34000			-18410.331832			957.828671
35000			-20855.850352			866.674888
36000			-15764.860199			784.195947
37000			-15125.457950			709.566288
38000			-18407.783815			642.038917
39000			-17468.875640			580.937931
40000			-14964.924853			525.651749
41000			-13542.356231			475.626993
42000			-13277.546592			430.362949
43000			-15077.725184			389.406552
44000			-15375.474691			352.347857
45000			-12657.959869			318.815931
46000			-13299.520314			288.475142
47000			-11501.191842			261.021797
48000			-11535.462997			236.181108
49000			-11599.002974			213.704435
50000			-10377.120394			193.366803
51000			-9632.523771			174.964643
52000			-9902.089392			158.313765
53000			-8143.491792			143.247502
54000			-8671.334076			129.615051
55000			-7101.564956			117.279962
56000			-8148.241935			106.118767
57000			-7267.672047			96.019751
58000			-6675.817663			86.881830
59000			-6469.440290			78.613537
60000			-6125.224796			71.132114
61000			-4236.876050			64.362677
62000			-3924.852757			58.237467
63000			-3359.068274			52.695176
64000			-3253.829969			47.680328
65000			-3097.718643			43.142730
66000			-3263.251012			39.036961
67000			-3479.612472			35.321926
68000			-3033.249157			31.960441
69000			-2538.877532			28.918858
70000			-2150.969839			26.166734
71000			-2073.220583			23.676522
72000			-2073.220583			21.423296
73000			-2087.752396			19.384503
74000			-1951.224984			17.539736
75000			-1727.366005			15.870530
76000			-1653.959277			14.360177
77000			-1549.618228			12.993561
78000			-1562.897998			11.757001
79000			-1561.000888			10.638121
80000			-1555.309558			9.625722
81000			-1568.589327			8.709670
82000			-1566.692217			7.880796
83000			-1551.515338			7.130803
84000			-1542.029788			6.452185
85000			-1477.528048			5.838150
86000			-1481.322268			5.282550
87000			-1477.528048			4.779825
88000			-1466.145388			4.324943
89000			-1460.454058			3.913350
90000			-1449.071398			3.540928
91000			-1452.865618			3.203948
92000			-1452.865618			2.899038
93000			-1456.659838			2.623145
94000			-1447.174288			2.373508
95000			-1450.968508			2.147628
96000			-1456.659838			1.943244
97000			-1456.659838			1.758311
98000			-1454.762728			1.590978
99000			-1439.585848			1.439569
100000			-1439.585848			1.302570
101000			-1437.688739			1.178608
102000			-1441.482958			1.066443
103000			-1441.482958			0.964953
104000			-1441.482958			0.873121
105000			-1441.482958			0.790029
106000			-1439.585848			0.714844
107000			-1435.791629			0.646814
108000			-1437.688739			0.585259
109000			-1435.791629			0.529561
110000			-1435.791629			0.479165
111000			-1435.791629			0.433564
112000			-1431.997409			0.392303
113000			-1428.203189			0.354969
114000			-1426.306079			0.321187
115000			-1426.306079			0.290621
116000			-1426.306079			0.262963
117000			-1426.306079			0.237938
118000			-1426.306079			0.215294
119000			-1426.306079			0.194805
120000			-1426.306079			0.176266
121000			-1422.511859			0.159491
122000			-1422.511859			0.144313
123000			-1422.511859			0.130579
124000			-1422.511859			0.118152
125000			-1422.511859			0.106908
126000			-1422.511859			0.096734
127000			-1422.511859			0.087528
128000			-1422.511859			0.079198
129000			-1422.511859			0.071661
130000			-1422.511859			0.064841
131000			-1422.511859			0.058671
132000			-1422.511859			0.053087
133000			-1422.511859			0.048035
134000			-1422.511859			0.043464
135000			-1422.511859			0.039327
136000			-1422.511859			0.035585
137000			-1422.511859			0.032198
138000			-1422.511859			0.029134
139000			-1422.511859			0.026361
140000			-1422.511859			0.023853
141000			-1422.511859			0.021583
142000			-1422.511859			0.019529
143000			-1422.511859			0.017670
144000			-1422.511859			0.015989
145000			-1422.511859			0.014467
146000			-1422.511859			0.013090
147000			-1422.511859			0.011844
148000			-1422.511859			0.010717
149000			-1422.511859			0.009697
150000			-1422.511859			0.008774
151000			-1422.511859			0.007939
152000			-1422.511859			0.007184
153000			-1422.511859			0.006500
154000			-1422.511859			0.005882
155000			-1422.511859			0.005322
156000			-1422.511859			0.004815
157000			-1422.511859			0.004357
158000			-1422.511859			0.003942
159000			-1422.511859			0.003567
160000			-1422.511859			0.003228
161000			-1422.511859			0.002921
162000			-1422.511859			0.002643
163000			-1422.511859			0.002391
164000			-1422.511859			0.002164
165000			-1422.511859			0.001958
166000			-1422.511859			0.001771
167000			-1422.511859			0.001603
168000			-1422.511859			0.001450
169000			-1422.511859			0.001312
170000			-1422.511859			0.001187
171000			-1422.511859			0.001074
Iteration: 4
Step			Log-likelihood			Temperature
1			-24009.911785			99900.000000
1000			-24098.313552			36769.542477
2000			-22627.625122			23501.721022
3000			-21747.172569			21265.130236
4000			-21541.484196			19241.389323
5000			-21870.587317			17410.241977
6000			-19655.662892			15753.359626
7000			-25690.267431			14254.157974
8000			-23879.597596			12897.631004
9000			-20601.798881			11670.200782
10000			-21220.315404			10559.581542
11000			-21802.877758			9554.656721
12000			-22154.713946			8645.367688
13000			-20835.073063			7822.613061
14000			-22526.444904			7078.157611
15000			-22984.689415			6404.549832
16000			-22808.070506			5795.047357
17000			-22360.411217			5243.549468
18000			-23332.054063			4744.536038
19000			-18611.651264			4293.012272
20000			-20754.717123			3884.458716
21000			-22584.384472			3514.786020
22000			-23116.015137			3180.294005
23000			-19454.724661			2877.634626
24000			-19352.635509			2603.778466
25000			-20087.881434			2355.984403
26000			-19736.625807			2131.772185
27000			-22645.602207			1928.897594
28000			-20717.419991			1745.329992
29000			-22900.718039			1579.231987
30000			-18603.895718			1428.941048
31000			-16975.295613			1292.952863
32000			-20575.723142			1169.906280
33000			-19982.083144			1058.569685
34000			-19724.216878			957.828671
35000			-16736.083752			866.674888
36000			-20853.812550			784.195947
37000			-18449.552488			709.566288
38000			-17444.133967			642.038917
39000			-15002.969652			580.937931
40000			-18430.393707			525.651749
41000			-11880.144775			475.626993
42000			-15562.121619			430.362949
43000			-13184.098563			389.406552
44000			-13477.649293			352.347857
45000			-12117.564906			318.815931
46000			-12729.959127			288.475142
47000			-12545.540740			261.021797
48000			-10839.648765			236.181108
49000			-10551.340876			213.704435
50000			-9855.060361			193.366803
51000			-11697.995802			174.964643
52000			-10222.944270			158.313765
53000			-9033.992939			143.247502
54000			-8735.158495			129.615051
55000			-8425.375421			117.279962
56000			-5778.253028			106.118767
57000			-5922.078599			96.019751
58000			-5229.955989			86.881830
59000			-4343.946958			78.613537
60000			-5816.893123			71.132114
61000			-5123.879096			64.362677
62000			-3838.515207			58.237467
63000			-3694.721888			52.695176
64000			-2994.887663			47.680328
65000			-2742.894569			43.142730
66000			-2964.533904			39.036961
67000			-2386.882959			35.321926
68000			-2261.673700			31.960441
69000			-2272.991854			28.918858
70000			-1972.028687			26.166734
71000			-1674.827487			23.676522
72000			-1589.457537			21.423296
73000			-1591.354647			19.384503
74000			-1585.663317			17.539736
75000			-1585.663317			15.870530
76000			-1549.618228			14.360177
77000			-1521.161578			12.993561
78000			-1542.029788			11.757001
79000			-1490.807818			10.638121
80000			-1557.206668			9.625722
81000			-1530.647128			8.709670
82000			-1526.852908			7.880796
83000			-1494.602038			7.130803
84000			-1509.778918			6.452185
85000			-1492.704928			5.838150
86000			-1504.087588			5.282550
87000			-1485.116488			4.779825
88000			-1475.630938			4.324943
89000			-1428.203189			3.913350
90000			-1411.129199			3.540928
91000			-1409.232089			3.203948
92000			-1405.437869			2.899038
93000			-1411.129199			2.623145
94000			-1414.923419			2.373508
95000			-1411.129199			2.147628
96000			-1397.849429			1.943244
97000			-1401.643649			1.758311
98000			-1395.952319			1.590978
99000			-1397.849429			1.439569
100000			-1390.260989			1.302570
101000			-1392.158099			1.178608
102000			-1388.363879			1.066443
103000			-1388.363879			0.964953
104000			-1384.569659			0.873121
105000			-1386.466769			0.790029
106000			-1380.775439			0.714844
107000			-1382.672549			0.646814
108000			-1382.672549			0.585259
109000			-1384.569659			0.529561
110000			-1384.569659			0.479165
111000			-1384.569659			0.433564
112000			-1382.672549			0.392303
113000			-1382.672549			0.354969
114000			-1382.672549			0.321187
115000			-1382.672549			0.290621
116000			-1382.672549			0.262963
117000			-1382.672549			0.237938
118000			-1382.672549			0.215294
119000			-1380.775439			0.194805
120000			-1380.775439			0.176266
121000			-1380.775439			0.159491
122000			-1380.775439			0.144313
123000			-1380.775439			0.130579
124000			-1380.775439			0.118152
125000			-1380.775439			0.106908
126000			-1380.775439			0.096734
127000			-1380.775439			0.087528
128000			-1380.775439			0.079198
129000			-1380.775439			0.071661
130000			-1380.775439			0.064841
131000			-1380.775439			0.058671
132000			-1380.775439			0.053087
133000			-1380.775439			0.048035
134000			-1380.775439			0.043464
135000			-1380.775439			0.039327
136000			-1380.775439			0.035585
137000			-1380.775439			0.032198
138000			-1380.775439			0.029134
139000			-1380.775439			0.026361
140000			-1380.775439			0.023853
141000			-1380.775439			0.021583
142000			-1380.775439			0.019529
143000			-1380.775439			0.017670
144000			-1380.775439			0.015989
145000			-1380.775439			0.014467
146000			-1380.775439			0.013090
147000			-1380.775439			0.011844
148000			-1380.775439			0.010717
149000			-1380.775439			0.009697
150000			-1380.775439			0.008774
151000			-1380.775439			0.007939
152000			-1380.775439			0.007184
153000			-1380.775439			0.006500
154000			-1380.775439			0.005882
155000			-1380.775439			0.005322
156000			-1380.775439			0.004815
157000			-1380.775439			0.004357
158000			-1380.775439			0.003942
159000			-1380.775439			0.003567
160000			-1380.775439			0.003228
161000			-1380.775439			0.002921
162000			-1380.775439			0.002643
163000			-1380.775439			0.002391
164000			-1380.775439			0.002164
165000			-1380.775439			0.001958
166000			-1380.775439			0.001771
167000			-1380.775439			0.001603
168000			-1380.775439			0.001450
169000			-1380.775439			0.001312
170000			-1380.775439			0.001187
171000			-1380.775439			0.001074
Iteration: 5
Step			Log-likelihood			Temperature
1			-23573.517821			99900.000000
1000			-22619.719988			36769.542477
2000			-24160.563394			23501.721022
3000			-22994.019537			21265.130236
4000			-23655.712204			19241.389323
5000			-23057.612343			17410.241977
6000			-19857.738887			15753.359626
7000			-19818.362803			14254.157974
8000			-20820.626333			12897.631004
9000			-18508.793870			11670.200782
10000			-19006.883530			10559.581542
11000			-21809.627610			9554.656721
12000			-20630.663146			8645.367688
13000			-19350.662214			7822.613061
14000			-22785.504545			7078.157611
15000			-21743.589387			6404.549832
16000			-24406.032410			5795.047357
17000			-23987.776797			5243.549468
18000			-21971.650201			4744.536038
19000			-23629.275838			4293.012272
20000			-23746.682562			3884.458716
21000			-21497.108838			3514.786020
22000			-20887.503144			3180.294005
23000			-22274.472385			2877.634626
24000			-17272.238786			2603.778466
25000			-21936.141740			2355.984403
26000			-19604.725363			2131.772185
27000			-18853.449234			1928.897594
28000			-21876.859208			1745.329992
29000			-18269.139359			1579.231987
30000			-21944.123060			1428.941048
31000			-18482.319412			1292.952863
32000			-16602.054585			1169.906280
33000			-19084.439266			1058.569685
34000			-18999.605946			957.828671
35000			-21315.519851			866.674888
36000			-18664.576823			784.195947
37000			-20747.729819			709.566288
38000			-15598.366068			642.038917
39000			-14994.917987			580.937931
40000			-14729.709630			525.651749
41000			-13940.400380			475.626993
42000			-15804.699509			430.362949
43000			-13454.702131			389.406552
44000			-12751.809674			352.347857
45000			-13477.731317			318.815931
46000			-15046.166371			288.475142
47000			-12271.524154			261.021797
48000			-10714.014373			236.181108
49000			-11625.040621			213.704435
50000			-10390.156873			193.366803
51000			-9880.007232			174.964643
52000			-6305.391576			158.313765
53000			-6807.609668			143.247502
54000			-7050.299055			129.615051
55000			-7378.440415			117.279962
56000			-7586.063991			106.118767
57000			-6868.155921			96.019751
58000			-6704.778689			86.881830
59000			-5822.698731			78.613537
60000			-5053.724119			71.132114
61000			-3818.292064			64.362677
62000			-4141.536750			58.237467
63000			-4273.146914			52.695176
64000			-3302.671028			47.680328
65000			-3145.178646			43.142730
66000			-3137.493446			39.036961
67000			-2618.298124			35.321926
68000			-2072.704529			31.960441
69000			-2025.309033			28.918858
70000			-1847.464495			26.166734
71000			-1839.876055			23.676522
72000			-1655.856387			21.423296
73000			-1718.461016			19.384503
74000			-1693.798586			17.539736
75000			-1581.869097			15.870530
76000			-1568.589327			14.360177
77000			-1578.074877			12.993561
78000			-1578.074877			11.757001
79000			-1534.441348			10.638121
80000			-1557.206668			9.625722
81000			-1555.309558			8.709670
82000			-1576.177767			7.880796
83000			-1500.293368			7.130803
84000			-1481.322268			6.452185
85000			-1471.836718			5.838150
86000			-1473.733828			5.282550
87000			-1458.556948			4.779825
88000			-1452.865618			4.324943
89000			-1454.762728			3.913350
90000			-1462.351168			3.540928
91000			-1460.454058			3.203948
92000			-1454.762728			2.899038
93000			-1454.762728			2.623145
94000			-1456.659838			2.373508
95000			-1441.482958			2.147628
96000			-1450.968508			1.943244
97000			-1441.482958			1.758311
98000			-1447.174288			1.590978
99000			-1445.277178			1.439569
100000			-1443.380068			1.302570
101000			-1445.277178			1.178608
102000			-1437.688739			1.066443
103000			-1433.894519			0.964953
104000			-1437.688739			0.873121
105000			-1433.894519			0.790029
106000			-1430.100299			0.714844
107000			-1430.100299			0.646814
108000			-1428.203189			0.585259
109000			-1426.306079			0.529561
110000			-1424.408969			0.479165
111000			-1424.408969			0.433564
112000			-1424.408969			0.392303
113000			-1424.408969			0.354969
114000			-1424.408969			0.321187
115000			-1424.408969			0.290621
116000			-1424.408969			0.262963
117000			-1424.408969			0.237938
118000			-1424.408969			0.215294
119000			-1424.408969			0.194805
120000			-1424.408969			0.176266
121000			-1424.408969			0.159491
122000			-1424.408969			0.144313
123000			-1424.408969			0.130579
124000			-1424.408969			0.118152
125000			-1424.408969			0.106908
126000			-1424.408969			0.096734
127000			-1424.408969			0.087528
128000			-1422.511859			0.079198
129000			-1422.511859			0.071661
130000			-1422.511859			0.064841
131000			-1422.511859			0.058671
132000			-1422.511859			0.053087
133000			-1422.511859			0.048035
134000			-1422.511859			0.043464
135000			-1422.511859			0.039327
136000			-1422.511859			0.035585
137000			-1422.511859			0.032198
138000			-1422.511859			0.029134
139000			-1422.511859			0.026361
140000			-1422.511859			0.023853
141000			-1422.511859			0.021583
142000			-1422.511859			0.019529
143000			-1422.511859			0.017670
144000			-1422.511859			0.015989
145000			-1422.511859			0.014467
146000			-1422.511859			0.013090
147000			-1422.511859			0.011844
148000			-1422.511859			0.010717
149000			-1422.511859			0.009697
150000			-1422.511859			0.008774
151000			-1422.511859			0.007939
152000			-1422.511859			0.007184
153000			-1422.511859			0.006500
154000			-1422.511859			0.005882
155000			-1422.511859			0.005322
156000			-1422.511859			0.004815
157000			-1422.511859			0.004357
158000			-1422.511859			0.003942
159000			-1422.511859			0.003567
160000			-1422.511859			0.003228
161000			-1422.511859			0.002921
162000			-1422.511859			0.002643
163000			-1422.511859			0.002391
164000			-1422.511859			0.002164
165000			-1422.511859			0.001958
166000			-1422.511859			0.001771
167000			-1422.511859			0.001603
168000			-1422.511859			0.001450
169000			-1422.511859			0.001312
170000			-1422.511859			0.001187
171000			-1422.511859			0.001074
Iteration: 6
Step			Log-likelihood			Temperature
1			-24277.049506			99900.000000
1000			-23943.847148			36769.542477
2000			-23944.976016			23501.721022
3000			-21102.166853			21265.130236
4000			-20949.861424			19241.389323
5000			-23337.739554			17410.241977
6000			-24402.496217			15753.359626
7000			-22013.284021			14254.157974
8000			-22862.113255			12897.631004
9000			-23618.652523			11670.200782
10000			-21186.399037			10559.581542
11000			-23998.578896			9554.656721
12000			-23889.165170			8645.367688
13000			-23441.098265			7822.613061
14000			-22491.742778			7078.157611
15000			-21247.367641			6404.549832
16000			-20353.368394			5795.047357
17000			-19028.247219			5243.549468
18000			-21564.299286			4744.536038
19000			-22160.581279			4293.012272
20000			-23306.881418			3884.458716
21000			-22222.191893			3514.786020
22000			-21550.626637			3180.294005
23000			-21394.606231			2877.634626
24000			-19778.936948			2603.778466
25000			-15804.133685			2355.984403
26000			-21743.041079			2131.772185
27000			-17194.694728			1928.897594
28000			-22318.595554			1745.329992
29000			-25288.886449			1579.231987
30000			-18734.629201			1428.941048
31000			-19278.410768			1292.952863
32000			-18610.754008			1169.906280
33000			-17011.979931			1058.569685
34000			-19134.623288			957.828671
35000			-18517.789780			866.674888
36000			-17449.238897			784.195947
37000			-15757.931563			709.566288
38000			-18311.661537			642.038917
39000			-15688.195880			580.937931
40000			-14094.157209			525.651749
41000			-12608.667263			475.626993
42000			-14736.169201			430.362949
43000			-14470.025496			389.406552
44000			-13218.783172			352.347857
45000			-13881.757076			318.815931
46000			-11372.944927			288.475142
47000			-11031.309702			261.021797
48000			-12510.876706			236.181108
49000			-9871.181486			213.704435
50000			-9781.776807			193.366803
51000			-10668.167039			174.964643
52000			-9307.214869			158.313765
53000			-8499.556231			143.247502
54000			-9104.998182			129.615051
55000			-5911.695794			117.279962
56000			-5508.836995			106.118767
57000			-6188.732519			96.019751
58000			-5515.774529			86.881830
59000			-6073.841559			78.613537
60000			-4940.052948			71.132114
61000			-3661.154469			64.362677
62000			-4455.914540			58.237467
63000			-3001.836875			52.695176
64000			-2569.650585			47.680328
65000			-2302.190331			43.142730
66000			-2203.605118			39.036961
67000			-2190.196335			35.321926
68000			-2106.723496			31.960441
69000			-2103.026036			28.918858
70000			-2059.424760			26.166734
71000			-1874.024035			23.676522
72000			-1765.888766			21.423296
73000			-1686.210147			19.384503
74000			-1650.165057			17.539736
75000			-1701.387026			15.870530
76000			-1726.049456			14.360177
77000			-1536.338458			12.993561
78000			-1545.824008			11.757001
79000			-1502.190478			10.638121
80000			-1462.351168			9.625722
81000			-1466.145388			8.709670
82000			-1466.145388			7.880796
83000			-1468.042498			7.130803
84000			-1477.528048			6.452185
85000			-1469.939608			5.838150
86000			-1468.042498			5.282550
87000			-1485.116488			4.779825
88000			-1475.630938			4.324943
89000			-1462.351168			3.913350
90000			-1445.277178			3.540928
91000			-1435.791629			3.203948
92000			-1441.482958			2.899038
93000			-1452.865618			2.623145
94000			-1454.762728			2.373508
95000			-1447.174288			2.147628
96000			-1452.865618			1.943244
97000			-1452.865618			1.758311
98000			-1449.071398			1.590978
99000			-1443.380068			1.439569
100000			-1443.380068			1.302570
101000			-1439.585848			1.178608
102000			-1433.894519			1.066443
103000			-1441.482958			0.964953
104000			-1433.894519			0.873121
105000			-1431.997409			0.790029
106000			-1430.100299			0.714844
107000			-1430.100299			0.646814
108000			-1428.203189			0.585259
109000			-1430.100299			0.529561
110000			-1430.100299			0.479165
111000			-1426.306079			0.433564
112000			-1424.408969			0.392303
113000			-1424.408969			0.354969
114000			-1424.408969			0.321187
115000			-1426.306079			0.290621
116000			-1424.408969			0.262963
117000			-1424.408969			0.237938
118000			-1424.408969			0.215294
119000			-1424.408969			0.194805
120000			-1424.408969			0.176266
121000			-1424.408969			0.159491
122000			-1422.511859			0.144313
123000			-1422.511859			0.130579
124000			-1422.511859			0.118152
125000			-1422.511859			0.106908
126000			-1422.511859			0.096734
127000			-1422.511859			0.087528
128000			-1422.511859			0.079198
129000			-1422.511859			0.071661
130000			-1422.511859			0.064841
131000			-1422.511859			0.058671
132000			-1422.511859			0.053087
133000			-1422.511859			0.048035
134000			-1422.511859			0.043464
135000			-1422.511859			0.039327
136000			-1422.511859			0.035585
137000			-1422.511859			0.032198
138000			-1422.511859			0.029134
139000			-1422.511859			0.026361
140000			-1422.511859			0.023853
141000			-1422.511859			0.021583
142000			-1422.511859			0.019529
143000			-1422.511859			0.017670
144000			-1422.511859			0.015989
145000			-1422.511859			0.014467
146000			-1422.511859			0.013090
147000			-1422.511859			0.011844
148000			-1422.511859			0.010717
149000			-1422.511859			0.009697
150000			-1422.511859			0.008774
151000			-1422.511859			0.007939
152000			-1422.511859			0.007184
153000			-1422.511859			0.006500
154000			-1422.511859			0.005882
155000			-1422.511859			0.005322
156000			-1422.511859			0.004815
157000			-1422.511859			0.004357
158000			-1422.511859			0.003942
159000			-1422.511859			0.003567
160000			-1422.511859			0.003228
161000			-1422.511859			0.002921
162000			-1422.511859			0.002643
163000			-1422.511859			0.002391
164000			-1422.511859			0.002164
165000			-1422.511859			0.001958
166000			-1422.511859			0.001771
167000			-1422.511859			0.001603
168000			-1422.511859			0.001450
169000			-1422.511859			0.001312
170000			-1422.511859			0.001187
171000			-1422.511859			0.001074
Iteration: 7
Step			Log-likelihood			Temperature
1			-24889.041950			99900.000000
1000			-23221.027668			36769.542477
2000			-21154.673118			23501.721022
3000			-23593.113413			21265.130236
4000			-24749.913693			19241.389323
5000			-21010.240571			17410.241977
6000			-23384.786102			15753.359626
7000			-23578.388080			14254.157974
8000			-24686.713766			12897.631004
9000			-23301.216502			11670.200782
10000			-23123.603577			10559.581542
11000			-24179.695761			9554.656721
12000			-22247.810246			8645.367688
13000			-22420.356334			7822.613061
14000			-21402.329524			7078.157611
15000			-25150.371006			6404.549832
16000			-23229.733298			5795.047357
17000			-22739.490105			5243.549468
18000			-20358.221136			4744.536038
19000			-22417.465208			4293.012272
20000			-22500.668342			3884.458716
21000			-23014.661974			3514.786020
22000			-20751.400865			3180.294005
23000			-20784.760027			2877.634626
24000			-17657.551472			2603.778466
25000			-23280.219279			2355.984403
26000			-22198.587986			2131.772185
27000			-20577.544067			1928.897594
28000			-23596.816712			1745.329992
29000			-20493.329400			1579.231987
30000			-19129.840892			1428.941048
31000			-18752.134163			1292.952863
32000			-21424.572951			1169.906280
33000			-20388.284616			1058.569685
34000			-17733.559046			957.828671
35000			-17153.547766			866.674888
36000			-16132.017017			784.195947
37000			-15680.311321			709.566288
38000			-12289.861864			642.038917
39000			-15284.970616			580.937931
40000			-17608.757403			525.651749
41000			-15813.126537			475.626993
42000			-15759.588163			430.362949
43000			-14492.254187			389.406552
44000			-13980.315874			352.347857
45000			-13180.084409			318.815931
46000			-11205.688393			288.475142
47000			-11628.093013			261.021797
48000			-12033.136144			236.181108
49000			-10347.400024			213.704435
50000			-12349.167752			193.366803
51000			-9802.386990			174.964643
52000			-9322.127883			158.313765
53000			-10895.497703			143.247502
54000			-8068.047262			129.615051
55000			-8659.209589			117.279962
56000			-7353.434876			106.118767
57000			-8035.646804			96.019751
58000			-6831.632870			86.881830
59000			-5695.516177			78.613537
60000			-4791.181114			71.132114
61000			-4116.073825			64.362677
62000			-3357.332430			58.237467
63000			-2705.081383			52.695176
64000			-2697.879983			47.680328
65000			-2461.354049			43.142730
66000			-2383.540287			39.036961
67000			-2392.542036			35.321926
68000			-2551.899275			31.960441
69000			-2338.041900			28.918858
70000			-2334.408947			26.166734
71000			-2520.164459			23.676522
72000			-2440.679360			21.423296
73000			-2011.964757			19.384503
74000			-1756.403216			17.539736
75000			-1782.962756			15.870530
76000			-1650.165057			14.360177
77000			-1646.370837			12.993561
78000			-1616.017077			11.757001
79000			-1608.428637			10.638121
80000			-1657.753497			9.625722
81000			-1517.367358			8.709670
82000			-1485.116488			7.880796
83000			-1485.116488			7.130803
84000			-1466.145388			6.452185
85000			-1460.454058			5.838150
86000			-1462.351168			5.282550
87000			-1458.556948			4.779825
88000			-1456.659838			4.324943
89000			-1483.219378			3.913350
90000			-1483.219378			3.540928
91000			-1464.248278			3.203948
92000			-1454.762728			2.899038
93000			-1456.659838			2.623145
94000			-1447.174288			2.373508
95000			-1458.556948			2.147628
96000			-1449.071398			1.943244
97000			-1450.968508			1.758311
98000			-1447.174288			1.590978
99000			-1450.968508			1.439569
100000			-1443.380068			1.302570
101000			-1447.174288			1.178608
102000			-1441.482958			1.066443
103000			-1433.894519			0.964953
104000			-1431.997409			0.873121
105000			-1435.791629			0.790029
106000			-1435.791629			0.714844
107000			-1435.791629			0.646814
108000			-1430.100299			0.585259
109000			-1428.203189			0.529561
110000			-1428.203189			0.479165
111000			-1426.306079			0.433564
112000			-1424.408969			0.392303
113000			-1424.408969			0.354969
114000			-1424.408969			0.321187
115000			-1424.408969			0.290621
116000			-1424.408969			0.262963
117000			-1422.511859			0.237938
118000			-1422.511859			0.215294
119000			-1422.511859			0.194805
120000			-1422.511859			0.176266
121000			-1422.511859			0.159491
122000			-1422.511859			0.144313
123000			-1422.511859			0.130579
124000			-1422.511859			0.118152
125000			-1422.511859			0.106908
126000			-1422.511859			0.096734
127000			-1422.511859			0.087528
128000			-1422.511859			0.079198
129000			-1422.511859			0.071661
130000			-1422.511859			0.064841
131000			-1422.511859			0.058671
132000			-1422.511859			0.053087
133000			-1422.511859			0.048035
134000			-1422.511859			0.043464
135000			-1422.511859			0.039327
136000			-1422.511859			0.035585
137000			-1422.511859			0.032198
138000			-1422.511859			0.029134
139000			-1422.511859			0.026361
140000			-1422.511859			0.023853
141000			-1422.511859			0.021583
142000			-1422.511859			0.019529
143000			-1422.511859			0.017670
144000			-1422.511859			0.015989
145000			-1422.511859			0.014467
146000			-1422.511859			0.013090
147000			-1422.511859			0.011844
148000			-1422.511859			0.010717
149000			-1422.511859			0.009697
150000			-1422.511859			0.008774
151000			-1422.511859			0.007939
152000			-1422.511859			0.007184
153000			-1422.511859			0.006500
154000			-1422.511859			0.005882
155000			-1422.511859			0.005322
156000			-1422.511859			0.004815
157000			-1422.511859			0.004357
158000			-1422.511859			0.003942
159000			-1422.511859			0.003567
160000			-1422.511859			0.003228
161000			-1422.511859			0.002921
162000			-1422.511859			0.002643
163000			-1422.511859			0.002391
164000			-1422.511859			0.002164
165000			-1422.511859			0.001958
166000			-1422.511859			0.001771
167000			-1422.511859			0.001603
168000			-1422.511859			0.001450
169000			-1422.511859			0.001312
170000			-1422.511859			0.001187
171000			-1422.511859			0.001074
Iteration: 8
Step			Log-likelihood			Temperature
1			-24650.199612			99900.000000
1000			-23227.094360			36769.542477
2000			-23296.750801			23501.721022
3000			-23344.914539			21265.130236
4000			-22434.571451			19241.389323
5000			-23987.680037			17410.241977
6000			-22973.764142			15753.359626
7000			-21562.713032			14254.157974
8000			-23885.925096			12897.631004
9000			-23558.771913			11670.200782
10000			-22127.884701			10559.581542
11000			-22351.770094			9554.656721
12000			-22108.177613			8645.367688
13000			-21093.320531			7822.613061
14000			-20567.580555			7078.157611
15000			-24311.842553			6404.549832
16000			-21946.987771			5795.047357
17000			-23193.048980			5243.549468
18000			-24295.624668			4744.536038
19000			-19213.249225			4293.012272
20000			-21409.525084			3884.458716
21000			-24272.487044			3514.786020
22000			-24077.064140			3180.294005
23000			-20440.236735			2877.634626
24000			-23988.228344			2603.778466
25000			-23213.116694			2355.984403
26000			-23003.692769			2131.772185
27000			-22418.174782			1928.897594
28000			-18524.190684			1745.329992
29000			-20439.339479			1579.231987
30000			-18489.031172			1428.941048
31000			-21552.819866			1292.952863
32000			-20578.910387			1169.906280
33000			-19582.760539			1058.569685
34000			-19271.188793			957.828671
35000			-15464.530422			866.674888
36000			-16544.490379			784.195947
37000			-12425.137234			709.566288
38000			-17752.512629			642.038917
39000			-16123.188213			580.937931
40000			-14765.842582			525.651749
41000			-15826.066256			475.626993
42000			-12462.434366			430.362949
43000			-11476.072026			389.406552
44000			-14649.585302			352.347857
45000			-13986.930874			318.815931
46000			-11023.771033			288.475142
47000			-11735.589054			261.021797
48000			-12175.809491			236.181108
49000			-10930.431442			213.704435
50000			-12661.953448			193.366803
51000			-10297.526857			174.964643
52000			-9565.306909			158.313765
53000			-7684.971737			143.247502
54000			-7578.185270			129.615051
55000			-7109.593265			117.279962
56000			-7005.618681			106.118767
57000			-7342.755951			96.019751
58000			-7611.183807			86.881830
59000			-6559.507554			78.613537
60000			-6587.448150			71.132114
61000			-4065.819457			64.362677
62000			-3421.318116			58.237467
63000			-3461.125172			52.695176
64000			-3125.981772			47.680328
65000			-2971.799810			43.142730
66000			-2463.922641			39.036961
67000			-2161.030111			35.321926
68000			-2147.879355			31.960441
69000			-1947.430764			28.918858
70000			-1973.990303			26.166734
71000			-1827.912835			23.676522
72000			-1835.501275			21.423296
73000			-1721.674676			19.384503
74000			-1689.423806			17.539736
75000			-1691.320916			15.870530
76000			-1534.441348			14.360177
77000			-1487.013598			12.993561
78000			-1500.293368			11.757001
79000			-1435.791629			10.638121
80000			-1441.482958			9.625722
81000			-1452.865618			8.709670
82000			-1431.997409			7.880796
83000			-1437.688739			7.130803
84000			-1430.100299			6.452185
85000			-1426.306079			5.838150
86000			-1435.791629			5.282550
87000			-1430.100299			4.779825
88000			-1426.306079			4.324943
89000			-1430.100299			3.913350
90000			-1428.203189			3.540928
91000			-1420.614749			3.203948
92000			-1416.820529			2.899038
93000			-1424.408969			2.623145
94000			-1411.129199			2.373508
95000			-1399.746539			2.147628
96000			-1403.540759			1.943244
97000			-1409.232089			1.758311
98000			-1405.437869			1.590978
99000			-1401.643649			1.439569
100000			-1401.643649			1.302570
101000			-1401.643649			1.178608
102000			-1399.746539			1.066443
103000			-1394.055209			0.964953
104000			-1395.952319			0.873121
105000			-1392.158099			0.790029
106000			-1388.363879			0.714844
107000			-1390.260989			0.646814
108000			-1388.363879			0.585259
109000			-1386.466769			0.529561
110000			-1386.466769			0.479165
111000			-1386.466769			0.433564
112000			-1386.466769			0.392303
113000			-1386.466769			0.354969
114000			-1386.466769			0.321187
115000			-1384.569659			0.290621
116000			-1384.569659			0.262963
117000			-1384.569659			0.237938
118000			-1384.569659			0.215294
119000			-1382.672549			0.194805
120000			-1382.672549			0.176266
121000			-1382.672549			0.159491
122000			-1382.672549			0.144313
123000			-1382.672549			0.130579
124000			-1382.672549			0.118152
125000			-1382.672549			0.106908
126000			-1382.672549			0.096734
127000			-1382.672549			0.087528
128000			-1382.672549			0.079198
129000			-1382.672549			0.071661
130000			-1382.672549			0.064841
131000			-1382.672549			0.058671
132000			-1382.672549			0.053087
133000			-1382.672549			0.048035
134000			-1382.672549			0.043464
135000			-1382.672549			0.039327
136000			-1382.672549			0.035585
137000			-1382.672549			0.032198
138000			-1382.672549			0.029134
139000			-1382.672549			0.026361
140000			-1382.672549			0.023853
141000			-1380.775439			0.021583
142000			-1380.775439			0.019529
143000			-1380.775439			0.017670
144000			-1380.775439			0.015989
145000			-1380.775439			0.014467
146000			-1380.775439			0.013090
147000			-1380.775439			0.011844
148000			-1380.775439			0.010717
149000			-1380.775439			0.009697
150000			-1380.775439			0.008774
151000			-1380.775439			0.007939
152000			-1380.775439			0.007184
153000			-1380.775439			0.006500
154000			-1380.775439			0.005882
155000			-1380.775439			0.005322
156000			-1380.775439			0.004815
157000			-1380.775439			0.004357
158000			-1380.775439			0.003942
159000			-1380.775439			0.003567
160000			-1380.775439			0.003228
161000			-1380.775439			0.002921
162000			-1380.775439			0.002643
163000			-1380.775439			0.002391
164000			-1380.775439			0.002164
165000			-1380.775439			0.001958
166000			-1380.775439			0.001771
167000			-1380.775439			0.001603
168000			-1380.775439			0.001450
169000			-1380.775439			0.001312
170000			-1380.775439			0.001187
171000			-1380.775439			0.001074
Iteration: 9
Step			Log-likelihood			Temperature
1			-25393.570607			99900.000000
1000			-24042.329761			36769.542477
2000			-23638.450533			23501.721022
3000			-23358.640017			21265.130236
4000			-20754.884229			19241.389323
5000			-21714.728179			17410.241977
6000			-24343.723900			15753.359626
7000			-22638.652995			14254.157974
8000			-23462.884306			12897.631004
9000			-21034.882426			11670.200782
10000			-22891.188558			10559.581542
11000			-24433.102164			9554.656721
12000			-23996.546933			8645.367688
13000			-21440.717432			7822.613061
14000			-24009.187475			7078.157611
15000			-20756.892835			6404.549832
16000			-21578.625900			5795.047357
17000			-21769.899797			5243.549468
18000			-21024.526035			4744.536038
19000			-24120.665417			4293.012272
20000			-20287.834547			3884.458716
21000			-23843.590599			3514.786020
22000			-23705.353758			3180.294005
23000			-23324.116675			2877.634626
24000			-22374.256811			2603.778466
25000			-19667.948646			2355.984403
26000			-23489.836725			2131.772185
27000			-20872.842318			1928.897594
28000			-19857.346008			1745.329992
29000			-20881.345530			1579.231987
30000			-18265.383231			1428.941048
31000			-21207.501917			1292.952863
32000			-19459.750348			1169.906280
33000			-20460.310288			1058.569685
34000			-19660.204778			957.828671
35000			-17379.180680			866.674888
36000			-16478.698505			784.195947
37000			-13666.454139			709.566288
38000			-18817.817599			642.038917
39000			-16508.832330			580.937931
40000			-13467.858726			525.651749
41000			-15531.219552			475.626993
42000			-13654.910212			430.362949
43000			-12192.593201			389.406552
44000			-10916.289728			352.347857
45000			-11684.194139			318.815931
46000			-10349.097774			288.475142
47000			-13279.953917			261.021797
48000			-11537.612295			236.181108
49000			-10878.236032			213.704435
50000			-9867.463451			193.366803
51000			-12350.581062			174.964643
52000			-10763.984300			158.313765
53000			-9643.390377			143.247502
54000			-8576.510830			129.615051
55000			-9380.255133			117.279962
56000			-6746.289335			106.118767
57000			-5241.983716			96.019751
58000			-4026.716136			86.881830
59000			-5152.910468			78.613537
60000			-5270.666139			71.132114
61000			-4901.181240			64.362677
62000			-4076.815076			58.237467
63000			-3765.527772			52.695176
64000			-3241.060414			47.680328
65000			-3082.412750			43.142730
66000			-2413.603766			39.036961
67000			-2317.399464			35.321926
68000			-2319.199814			31.960441
69000			-2127.656212			28.918858
70000			-2019.585450			26.166734
71000			-1904.377795			23.676522
72000			-1870.229815			21.423296
73000			-1847.464495			19.384503
74000			-1813.316516			17.539736
75000			-1904.377795			15.870530
76000			-1917.657565			14.360177
77000			-1674.827487			12.993561
78000			-1693.798586			11.757001
79000			-1616.017077			10.638121
80000			-1562.897998			9.625722
81000			-1545.824008			8.709670
82000			-1528.750018			7.880796
83000			-1517.367358			7.130803
84000			-1524.955798			6.452185
85000			-1511.676028			5.838150
86000			-1487.013598			5.282550
87000			-1468.042498			4.779825
88000			-1469.939608			4.324943
89000			-1477.528048			3.913350
90000			-1471.836718			3.540928
91000			-1456.659838			3.203948
92000			-1458.556948			2.899038
93000			-1462.351168			2.623145
94000			-1443.380068			2.373508
95000			-1437.688739			2.147628
96000			-1435.791629			1.943244
97000			-1435.791629			1.758311
98000			-1437.688739			1.590978
99000			-1445.277178			1.439569
100000			-1437.688739			1.302570
101000			-1441.482958			1.178608
102000			-1441.482958			1.066443
103000			-1431.997409			0.964953
104000			-1428.203189			0.873121
105000			-1428.203189			0.790029
106000			-1428.203189			0.714844
107000			-1428.203189			0.646814
108000			-1424.408969			0.585259
109000			-1422.511859			0.529561
110000			-1422.511859			0.479165
111000			-1424.408969			0.433564
112000			-1422.511859			0.392303
113000			-1422.511859			0.354969
114000			-1422.511859			0.321187
115000			-1422.511859			0.290621
116000			-1422.511859			0.262963
117000			-1422.511859			0.237938
118000			-1422.511859			0.215294
119000			-1422.511859			0.194805
120000			-1422.511859			0.176266
121000			-1422.511859			0.159491
122000			-1422.511859			0.144313
123000			-1422.511859			0.130579
124000			-1422.511859			0.118152
125000			-1422.511859			0.106908
126000			-1422.511859			0.096734
127000			-1422.511859			0.087528
128000			-1422.511859			0.079198
129000			-1422.511859			0.071661
130000			-1422.511859			0.064841
131000			-1422.511859			0.058671
132000			-1422.511859			0.053087
133000			-1422.511859			0.048035
134000			-1422.511859			0.043464
135000			-1422.511859			0.039327
136000			-1422.511859			0.035585
137000			-1422.511859			0.032198
138000			-1422.511859			0.029134
139000			-1422.511859			0.026361
140000			-1422.511859			0.023853
141000			-1422.511859			0.021583
142000			-1422.511859			0.019529
143000			-1422.511859			0.017670
144000			-1422.511859			0.015989
145000			-1422.511859			0.014467
146000			-1422.511859			0.013090
147000			-1422.511859			0.011844
148000			-1422.511859			0.010717
149000			-1422.511859			0.009697
150000			-1422.511859			0.008774
151000			-1422.511859			0.007939
152000			-1422.511859			0.007184
153000			-1422.511859			0.006500
154000			-1422.511859			0.005882
155000			-1422.511859			0.005322
156000			-1422.511859			0.004815
157000			-1422.511859			0.004357
158000			-1422.511859			0.003942
159000			-1422.511859			0.003567
160000			-1422.511859			0.003228
161000			-1422.511859			0.002921
162000			-1422.511859			0.002643
163000			-1422.511859			0.002391
164000			-1422.511859			0.002164
165000			-1422.511859			0.001958
166000			-1422.511859			0.001771
167000			-1422.511859			0.001603
168000			-1422.511859			0.001450
169000			-1422.511859			0.001312
170000			-1422.511859			0.001187
171000			-1422.511859			0.001074
Iteration: 10
Step			Log-likelihood			Temperature
1			-24682.805269			99900.000000
1000			-21963.985576			36769.542477
2000			-19410.607331			23501.721022
3000			-23382.707150			21265.130236
4000			-24437.972424			19241.389323
5000			-22369.714925			17410.241977
6000			-24349.775856			15753.359626
7000			-22824.144641			14254.157974
8000			-24909.303185			12897.631004
9000			-21023.596526			11670.200782
10000			-22987.656726			10559.581542
11000			-23458.236762			9554.656721
12000			-21837.729473			8645.367688
13000			-23412.506763			7822.613061
14000			-21080.498147			7078.157611
15000			-22586.695037			6404.549832
16000			-23342.436868			5795.047357
17000			-20712.379567			5243.549468
18000			-19489.286095			4744.536038
19000			-20504.014164			4293.012272
20000			-20273.018293			3884.458716
21000			-21646.939377			3514.786020
22000			-24029.797658			3180.294005
23000			-23161.120644			2877.634626
24000			-21993.588611			2603.778466
25000			-17197.225228			2355.984403
26000			-21571.198727			2131.772185
27000			-19775.207235			1928.897594
28000			-18259.061570			1745.329992
29000			-20507.518103			1579.231987
30000			-23623.854213			1428.941048
31000			-22378.754766			1292.952863
32000			-19920.097168			1169.906280
33000			-17615.976319			1058.569685
34000			-16884.568545			957.828671
35000			-19255.114658			866.674888
36000			-15653.435086			784.195947
37000			-15214.246757			709.566288
38000			-14080.071105			642.038917
39000			-14800.993475			580.937931
40000			-15965.141684			525.651749
41000			-16017.360451			475.626993
42000			-15517.086458			430.362949
43000			-13147.710364			389.406552
44000			-12629.039994			352.347857
45000			-12744.772323			318.815931
46000			-14577.360270			288.475142
47000			-10930.677791			261.021797
48000			-11990.124326			236.181108
49000			-11493.597563			213.704435
50000			-10799.202480			193.366803
51000			-8149.939686			174.964643
52000			-9566.945992			158.313765
53000			-7960.234527			143.247502
54000			-6690.460972			129.615051
55000			-7703.124824			117.279962
56000			-7439.593642			106.118767
57000			-6870.375565			96.019751
58000			-6386.445413			86.881830
59000			-5443.399908			78.613537
60000			-5091.440545			71.132114
61000			-5003.367152			64.362677
62000			-4150.931379			58.237467
63000			-3368.940864			52.695176
64000			-3164.794813			47.680328
65000			-2801.098004			43.142730
66000			-2681.644581			39.036961
67000			-2548.879136			35.321926
68000			-2412.287217			31.960441
69000			-2315.502354			28.918858
70000			-2404.505257			26.166734
71000			-2201.708008			23.676522
72000			-2192.222458			21.423296
73000			-2133.412049			19.384503
74000			-2015.791230			17.539736
75000			-2010.615954			15.870530
76000			-1955.599764			14.360177
77000			-1970.776644			12.993561
78000			-1936.628665			11.757001
79000			-1788.654086			10.638121
80000			-1701.387026			9.625722
81000			-1714.666796			8.709670
82000			-1705.181246			7.880796
83000			-1676.724597			7.130803
84000			-1648.267947			6.452185
85000			-1661.547717			5.838150
86000			-1650.165057			5.282550
87000			-1657.753497			4.779825
88000			-1650.165057			4.324943
89000			-1648.267947			3.913350
90000			-1617.914187			3.540928
91000			-1631.193957			3.203948
92000			-1625.502627			2.899038
93000			-1623.605517			2.623145
94000			-1606.531527			2.373508
95000			-1606.531527			2.147628
96000			-1597.045977			1.943244
97000			-1589.457537			1.758311
98000			-1595.148867			1.590978
99000			-1587.560427			1.439569
100000			-1583.766207			1.302570
101000			-1585.663317			1.178608
102000			-1583.766207			1.066443
103000			-1581.869097			0.964953
104000			-1585.663317			0.873121
105000			-1583.766207			0.790029
106000			-1578.074877			0.714844
107000			-1576.177767			0.646814
108000			-1574.280657			0.585259
109000			-1574.280657			0.529561
110000			-1382.672549			0.479165
111000			-1382.672549			0.433564
112000			-1382.672549			0.392303
113000			-1382.672549			0.354969
114000			-1382.672549			0.321187
115000			-1382.672549			0.290621
116000			-1382.672549			0.262963
117000			-1382.672549			0.237938
118000			-1380.775439			0.215294
119000			-1380.775439			0.194805
120000			-1380.775439			0.176266
121000			-1380.775439			0.159491
122000			-1380.775439			0.144313
123000			-1380.775439			0.130579
124000			-1380.775439			0.118152
125000			-1380.775439			0.106908
126000			-1380.775439			0.096734
127000			-1380.775439			0.087528
128000			-1380.775439			0.079198
129000			-1380.775439			0.071661
130000			-1380.775439			0.064841
131000			-1380.775439			0.058671
132000			-1380.775439			0.053087
133000			-1380.775439			0.048035
134000			-1380.775439			0.043464
135000			-1380.775439			0.039327
136000			-1380.775439			0.035585
137000			-1380.775439			0.032198
138000			-1380.775439			0.029134
139000			-1380.775439			0.026361
140000			-1380.775439			0.023853
141000			-1380.775439			0.021583
142000			-1380.775439			0.019529
143000			-1380.775439			0.017670
144000			-1380.775439			0.015989
145000			-1380.775439			0.014467
146000			-1380.775439			0.013090
147000			-1380.775439			0.011844
148000			-1380.775439			0.010717
149000			-1380.775439			0.009697
150000			-1380.775439			0.008774
151000			-1380.775439			0.007939
152000			-1380.775439			0.007184
153000			-1380.775439			0.006500
154000			-1380.775439			0.005882
155000			-1380.775439			0.005322
156000			-1380.775439			0.004815
157000			-1380.775439			0.004357
158000			-1380.775439			0.003942
159000			-1380.775439			0.003567
160000			-1380.775439			0.003228
161000			-1380.775439			0.002921
162000			-1380.775439			0.002643
163000			-1380.775439			0.002391
164000			-1380.775439			0.002164
165000			-1380.775439			0.001958
166000			-1380.775439			0.001771
167000			-1380.775439			0.001603
168000			-1380.775439			0.001450
169000			-1380.775439			0.001312
170000			-1380.775439			0.001187
171000			-1380.775439			0.001074

Maximum likelihood Tree found: -1380.775439
digraph g {
	"49" -> "50";
	"50" [label="1"];
	"48" -> "49";
	"49" [label="9"];
	"47" -> "48";
	"48" [label="46"];
	"46" -> "47";
	"47" [label="32"];
	"45" -> "46";
	"46" [label="11"];
	"44" -> "45";
	"45" [label="23"];
	"43" -> "44";
	"44" [label="13"];
	"42" -> "43";
	"43" [label="6"];
	"41" -> "42";
	"42" [label="48"];
	"40" -> "41";
	"41" [label="34"];
	"39" -> "40";
	"40" [label="10"];
	"37" -> "38";
	"38" [label="38"];
	"36" -> "37";
	"37" [label="37"];
	"35" -> "36";
	"36" [label="4"];
	"35" -> "39";
	"39" [label="14"];
	"33" -> "34";
	"34" [label="25"];
	"32" -> "33";
	"33" [label="41"];
	"31" -> "32";
	"32" [label="24"];
	"30" -> "31";
	"31" [label="28"];
	"29" -> "30";
	"30" [label="8"];
	"28" -> "29";
	"29" [label="18"];
	"27" -> "28";
	"28" [label="20"];
	"26" -> "27";
	"27" [label="17"];
	"25" -> "26";
	"26" [label="42"];
	"24" -> "25";
	"25" [label="33"];
	"23" -> "24";
	"24" [label="45"];
	"22" -> "23";
	"23" [label="40"];
	"21" -> "22";
	"22" [label="30"];
	"20" -> "21";
	"21" [label="43"];
	"19" -> "20";
	"20" [label="7"];
	"18" -> "19";
	"19" [label="12"];
	"17" -> "18";
	"18" [label="29"];
	"17" -> "35";
	"35" [label="3"];
	"16" -> "17";
	"17" [label="31"];
	"14" -> "15";
	"15" [label="47"];
	"13" -> "14";
	"14" [label="27"];
	"12" -> "13";
	"13" [label="26"];
	"11" -> "12";
	"12" [label="39"];
	"10" -> "11";
	"11" [label="21"];
	"9" -> "10";
	"10" [label="2"];
	"8" -> "9";
	"9" [label="15"];
	"7" -> "8";
	"8" [label="16"];
	"6" -> "7";
	"7" [label="50"];
	"5" -> "6";
	"6" [label="35"];
	"5" -> "16";
	"16" [label="22"];
	"4" -> "5";
	"5" [label="44"];
	"3" -> "4";
	"4" [label="5"];
	"2" -> "3";
	"3" [label="49"];
	"1" -> "2";
	"2" [label="19"];
	"0" -> "1";
	"1" [label="36"];
	"0" [label="germline"];
	labelloc="t";
	label="Confidence score: -1380.775439";
}
Best cell assigment:
40 34 41 32 38 29 34 22 41 21 49 34 15 22 33 41 5 41 21 31 38 15 37 44 34 15 34 44 44 33 44 40 5 50 22 48 48 15 34 40 41 49 34 21 29 29 44 15 5 50 49 28 44 14 5 38 50 46 43 36 50 15 41 5 22 38 5 37 5 22 29 5 13 29 15 11 44 3 38 28 40 43 41 41 50 50 43 5 50 15 40 5 38 43 50 40 34 5 44 5 21 41 22 50 50 5 41 5 34 44 34 49 44 48 15 15 37 44 15 41 28 41 5 43 15 41 29 38 29 41 22 43 29 13 2 41 34 40 50 15 21 44 29 50 38 34 44 42 5 21 50 12 50 41 41 50 34 44 15 34 5 38 50 41 29 44 4 20 29 4 40 29 22 38 5 5 5 34 15 3 39 29 41 43 5 50 33 14 34 50 43 22 33 38 33 38 27 43 4 22 34 14 4 29 22 22 15 49 50 44 44 15 50 44 50 12 14 38 26 34 44 50 34 24 4 38 12 29 22 39 5 20 50 34 29 44 37 42 38 14 40 38 34 44 50 5 5 38 5 49 
alpha: 0.150000
beta: 0.000010
alpha: 1.000000
