Starting SASC.
Iteration: 1
Step			Log-likelihood			Temperature
1			-26793.940671			99900.000000
1000			-25455.313952			36769.542477
2000			-24496.376154			23501.721022
3000			-19226.494619			21265.130236
4000			-26126.820541			19241.389323
5000			-24763.933169			17410.241977
6000			-25443.435813			15753.359626
7000			-21576.758922			14254.157974
8000			-27042.177637			12897.631004
9000			-23501.566211			11670.200782
10000			-22873.420389			10559.581542
11000			-21701.736568			9554.656721
12000			-23147.548472			8645.367688
13000			-22801.834586			7822.613061
14000			-22466.389227			7078.157611
15000			-24079.398998			6404.549832
16000			-20699.531706			5795.047357
17000			-24073.159360			5243.549468
18000			-22288.104820			4744.536038
19000			-23735.286102			4293.012272
20000			-25337.171240			3884.458716
21000			-23686.579896			3514.786020
22000			-25255.047203			3180.294005
23000			-23922.912309			2877.634626
24000			-22010.830643			2603.778466
25000			-22352.149173			2355.984403
26000			-25276.636665			2131.772185
27000			-20593.358053			1928.897594
28000			-22441.565531			1745.329992
29000			-16930.912295			1579.231987
30000			-18988.083253			1428.941048
31000			-18732.266744			1292.952863
32000			-17998.586498			1169.906280
33000			-18775.879698			1058.569685
34000			-20355.412971			957.828671
35000			-18345.209317			866.674888
36000			-16115.360200			784.195947
37000			-16446.987982			709.566288
38000			-16123.980747			642.038917
39000			-16245.615721			580.937931
40000			-13918.110899			525.651749
41000			-13910.768808			475.626993
42000			-11450.290285			430.362949
43000			-13287.024181			389.406552
44000			-11770.168942			352.347857
45000			-10475.498286			318.815931
46000			-12218.678496			288.475142
47000			-10493.443117			261.021797
48000			-9525.697090			236.181108
49000			-10136.845108			213.704435
50000			-8182.188434			193.366803
51000			-10398.995234			174.964643
52000			-9332.288632			158.313765
53000			-9285.500111			143.247502
54000			-7530.098653			129.615051
55000			-7308.948958			117.279962
56000			-5572.653453			106.118767
57000			-6453.868409			96.019751
58000			-5565.452054			86.881830
59000			-5265.966703			78.613537
60000			-5154.198481			71.132114
61000			-5113.133543			64.362677
62000			-5446.250819			58.237467
63000			-4969.114451			52.695176
64000			-4720.786563			47.680328
65000			-4666.899242			43.142730
66000			-4289.825902			39.036961
67000			-3680.504649			35.321926
68000			-3517.417697			31.960441
69000			-3042.533226			28.918858
70000			-2894.784420			26.166734
71000			-2779.383245			23.676522
72000			-2779.221978			21.423296
73000			-2565.074324			19.384503
74000			-2360.702499			17.539736
75000			-2336.169083			15.870530
76000			-2294.432663			14.360177
77000			-2290.638443			12.993561
78000			-2120.350092			11.757001
79000			-1800.286812			10.638121
80000			-1758.550392			9.625722
81000			-1684.563103			8.709670
82000			-1618.164253			7.880796
83000			-1616.267143			7.130803
84000			-1616.267143			6.452185
85000			-1593.501823			5.838150
86000			-1595.398933			5.282550
87000			-1585.913383			4.779825
88000			-1591.604713			4.324943
89000			-1582.119163			3.913350
90000			-1582.119163			3.540928
91000			-1591.604713			3.203948
92000			-1584.016273			2.899038
93000			-1587.810493			2.623145
94000			-1585.913383			2.373508
95000			-1578.324944			2.147628
96000			-1576.427834			1.943244
97000			-1570.736504			1.758311
98000			-1563.148064			1.590978
99000			-1563.148064			1.439569
100000			-1566.942284			1.302570
101000			-1565.045174			1.178608
102000			-1563.148064			1.066443
103000			-1557.456734			0.964953
104000			-1555.559624			0.873121
105000			-1557.456734			0.790029
106000			-1557.456734			0.714844
107000			-1555.559624			0.646814
108000			-1555.559624			0.585259
109000			-1555.559624			0.529561
110000			-1555.559624			0.479165
111000			-1515.720314			0.433564
112000			-1515.720314			0.392303
113000			-1513.823204			0.354969
114000			-1513.823204			0.321187
115000			-1513.823204			0.290621
116000			-1513.823204			0.262963
117000			-1513.823204			0.237938
118000			-1513.823204			0.215294
119000			-1511.926094			0.194805
120000			-1511.926094			0.176266
121000			-1511.926094			0.159491
122000			-1511.926094			0.144313
123000			-1511.926094			0.130579
124000			-1511.926094			0.118152
125000			-1511.926094			0.106908
126000			-1511.926094			0.096734
127000			-1511.926094			0.087528
128000			-1511.926094			0.079198
129000			-1511.926094			0.071661
130000			-1511.926094			0.064841
131000			-1511.926094			0.058671
132000			-1511.926094			0.053087
133000			-1511.926094			0.048035
134000			-1511.926094			0.043464
135000			-1511.926094			0.039327
136000			-1511.926094			0.035585
137000			-1511.926094			0.032198
138000			-1511.926094			0.029134
139000			-1511.926094			0.026361
140000			-1511.926094			0.023853
141000			-1511.926094			0.021583
142000			-1511.926094			0.019529
143000			-1511.926094			0.017670
144000			-1511.926094			0.015989
145000			-1511.926094			0.014467
146000			-1511.926094			0.013090
147000			-1511.926094			0.011844
148000			-1511.926094			0.010717
149000			-1511.926094			0.009697
150000			-1511.926094			0.008774
151000			-1511.926094			0.007939
152000			-1511.926094			0.007184
153000			-1511.926094			0.006500
154000			-1511.926094			0.005882
155000			-1511.926094			0.005322
156000			-1511.926094			0.004815
157000			-1511.926094			0.004357
158000			-1511.926094			0.003942
159000			-1511.926094			0.003567
160000			-1511.926094			0.003228
161000			-1511.926094			0.002921
162000			-1511.926094			0.002643
163000			-1511.926094			0.002391
164000			-1511.926094			0.002164
165000			-1511.926094			0.001958
166000			-1511.926094			0.001771
167000			-1511.926094			0.001603
168000			-1511.926094			0.001450
169000			-1511.926094			0.001312
170000			-1511.926094			0.001187
171000			-1511.926094			0.001074
Iteration: 2
Step			Log-likelihood			Temperature
1			-26858.216636			99900.000000
1000			-24275.924355			36769.542477
2000			-26442.374187			23501.721022
3000			-19884.290466			21265.130236
4000			-22789.097284			19241.389323
5000			-24758.306345			17410.241977
6000			-21599.401067			15753.359626
7000			-24729.591669			14254.157974
8000			-24909.107543			12897.631004
9000			-20386.927852			11670.200782
10000			-24870.133235			10559.581542
11000			-26250.030090			9554.656721
12000			-25365.665982			8645.367688
13000			-23951.703171			7822.613061
14000			-23877.548776			7078.157611
15000			-23794.037844			6404.549832
16000			-23854.229309			5795.047357
17000			-20400.535995			5243.549468
18000			-24925.633225			4744.536038
19000			-25283.896732			4293.012272
20000			-19492.180938			3884.458716
21000			-25229.009556			3514.786020
22000			-24021.943230			3180.294005
23000			-23919.241264			2877.634626
24000			-24246.189249			2603.778466
25000			-22577.969768			2355.984403
26000			-19586.397209			2131.772185
27000			-24810.947463			1928.897594
28000			-19348.619233			1745.329992
29000			-19249.603048			1579.231987
30000			-17839.364111			1428.941048
31000			-21053.737127			1292.952863
32000			-15040.725107			1169.906280
33000			-21947.651292			1058.569685
34000			-21016.988302			957.828671
35000			-18928.777365			866.674888
36000			-18952.923741			784.195947
37000			-20440.809335			709.566288
38000			-19237.123773			642.038917
39000			-18326.716179			580.937931
40000			-16126.956955			525.651749
41000			-16464.416759			475.626993
42000			-11385.556933			430.362949
43000			-11601.660365			389.406552
44000			-11762.076126			352.347857
45000			-12345.438975			318.815931
46000			-10630.732932			288.475142
47000			-9916.017947			261.021797
48000			-10467.619566			236.181108
49000			-12882.127581			213.704435
50000			-11248.023827			193.366803
51000			-8192.506733			174.964643
52000			-7381.097806			158.313765
53000			-7693.326297			143.247502
54000			-8133.218362			129.615051
55000			-7414.676903			117.279962
56000			-7440.236588			106.118767
57000			-6345.835739			96.019751
58000			-6651.006581			86.881830
59000			-6869.426417			78.613537
60000			-5642.292376			71.132114
61000			-5304.252012			64.362677
62000			-4885.157811			58.237467
63000			-4240.210762			52.695176
64000			-3791.756817			47.680328
65000			-3552.817719			43.142730
66000			-3223.881703			39.036961
67000			-3034.299718			35.321926
68000			-2703.498846			31.960441
69000			-3031.698873			28.918858
70000			-2879.672047			26.166734
71000			-2316.552916			23.676522
72000			-1970.446150			21.423296
73000			-1945.815973			19.384503
74000			-1762.344612			17.539736
75000			-1697.842873			15.870530
76000			-1703.534203			14.360177
77000			-1678.871773			12.993561
78000			-1629.546913			11.757001
79000			-1631.444023			10.638121
80000			-1620.061363			9.625722
81000			-1608.678703			8.709670
82000			-1604.884483			7.880796
83000			-1625.752693			7.130803
84000			-1572.633614			6.452185
85000			-1561.250954			5.838150
86000			-1576.427834			5.282550
87000			-1559.353844			4.779825
88000			-1570.736504			4.324943
89000			-1561.250954			3.913350
90000			-1549.868294			3.540928
91000			-1557.456734			3.203948
92000			-1549.868294			2.899038
93000			-1547.971184			2.623145
94000			-1546.074074			2.373508
95000			-1542.279854			2.147628
96000			-1555.559624			1.943244
97000			-1547.971184			1.758311
98000			-1538.485634			1.590978
99000			-1519.514534			1.439569
100000			-1515.720314			1.302570
101000			-1515.720314			1.178608
102000			-1517.617424			1.066443
103000			-1519.514534			0.964953
104000			-1515.720314			0.873121
105000			-1515.720314			0.790029
106000			-1517.617424			0.714844
107000			-1515.720314			0.646814
108000			-1515.720314			0.585259
109000			-1515.720314			0.529561
110000			-1513.823204			0.479165
111000			-1513.823204			0.433564
112000			-1513.823204			0.392303
113000			-1513.823204			0.354969
114000			-1513.823204			0.321187
115000			-1511.926094			0.290621
116000			-1511.926094			0.262963
117000			-1511.926094			0.237938
118000			-1511.926094			0.215294
119000			-1511.926094			0.194805
120000			-1511.926094			0.176266
121000			-1511.926094			0.159491
122000			-1511.926094			0.144313
123000			-1511.926094			0.130579
124000			-1511.926094			0.118152
125000			-1511.926094			0.106908
126000			-1511.926094			0.096734
127000			-1511.926094			0.087528
128000			-1511.926094			0.079198
129000			-1511.926094			0.071661
130000			-1511.926094			0.064841
131000			-1511.926094			0.058671
132000			-1511.926094			0.053087
133000			-1511.926094			0.048035
134000			-1511.926094			0.043464
135000			-1511.926094			0.039327
136000			-1511.926094			0.035585
137000			-1511.926094			0.032198
138000			-1511.926094			0.029134
139000			-1511.926094			0.026361
140000			-1511.926094			0.023853
141000			-1511.926094			0.021583
142000			-1511.926094			0.019529
143000			-1511.926094			0.017670
144000			-1511.926094			0.015989
145000			-1511.926094			0.014467
146000			-1511.926094			0.013090
147000			-1511.926094			0.011844
148000			-1511.926094			0.010717
149000			-1511.926094			0.009697
150000			-1511.926094			0.008774
151000			-1511.926094			0.007939
152000			-1511.926094			0.007184
153000			-1511.926094			0.006500
154000			-1511.926094			0.005882
155000			-1511.926094			0.005322
156000			-1511.926094			0.004815
157000			-1511.926094			0.004357
158000			-1511.926094			0.003942
159000			-1511.926094			0.003567
160000			-1511.926094			0.003228
161000			-1511.926094			0.002921
162000			-1511.926094			0.002643
163000			-1511.926094			0.002391
164000			-1511.926094			0.002164
165000			-1511.926094			0.001958
166000			-1511.926094			0.001771
167000			-1511.926094			0.001603
168000			-1511.926094			0.001450
169000			-1511.926094			0.001312
170000			-1511.926094			0.001187
171000			-1511.926094			0.001074
Iteration: 3
Step			Log-likelihood			Temperature
1			-25452.147282			99900.000000
1000			-23480.047095			36769.542477
2000			-24550.952474			23501.721022
3000			-26455.170157			21265.130236
4000			-23987.601730			19241.389323
5000			-24577.210056			17410.241977
6000			-20684.806373			15753.359626
7000			-27495.258551			14254.157974
8000			-23178.192512			12897.631004
9000			-22128.721167			11670.200782
10000			-22718.408736			10559.581542
11000			-20900.748539			9554.656721
12000			-19777.946650			8645.367688
13000			-24813.322535			7822.613061
14000			-22810.314442			7078.157611
15000			-23206.655001			6404.549832
16000			-23989.718775			5795.047357
17000			-24186.249971			5243.549468
18000			-24428.258979			4744.536038
19000			-24402.681776			4293.012272
20000			-22106.202196			3884.458716
21000			-23023.855121			3514.786020
22000			-22611.833307			3180.294005
23000			-25245.599745			2877.634626
24000			-24105.034868			2603.778466
25000			-25505.961200			2355.984403
26000			-22272.567314			2131.772185
27000			-19268.902521			1928.897594
28000			-18821.738711			1745.329992
29000			-22506.518817			1579.231987
30000			-16291.650737			1428.941048
31000			-23705.492328			1292.952863
32000			-21522.452306			1169.906280
33000			-19235.754396			1058.569685
34000			-19608.253595			957.828671
35000			-19285.815244			866.674888
36000			-16911.243299			784.195947
37000			-16815.593143			709.566288
38000			-19040.486920			642.038917
39000			-19388.452703			580.937931
40000			-16481.141800			525.651749
41000			-11340.601015			475.626993
42000			-12850.483686			430.362949
43000			-11270.504705			389.406552
44000			-11417.866470			352.347857
45000			-9635.251508			318.815931
46000			-10056.952393			288.475142
47000			-8357.561140			261.021797
48000			-9394.177848			236.181108
49000			-9885.942789			213.704435
50000			-9500.281155			193.366803
51000			-8290.376532			174.964643
52000			-8377.713937			158.313765
53000			-9653.791636			143.247502
54000			-8701.486355			129.615051
55000			-8554.570298			117.279962
56000			-6815.055295			106.118767
57000			-7324.694721			96.019751
58000			-6380.526187			86.881830
59000			-7024.317954			78.613537
60000			-6345.416445			71.132114
61000			-5020.981488			64.362677
62000			-4651.599187			58.237467
63000			-3650.118636			52.695176
64000			-4002.916586			47.680328
65000			-3450.186099			43.142730
66000			-3406.584823			39.036961
67000			-3489.638368			35.321926
68000			-3578.963804			31.960441
69000			-3394.240400			28.918858
70000			-3391.504703			26.166734
71000			-3150.636241			23.676522
72000			-3247.356597			21.423296
73000			-2927.035290			19.384503
74000			-2391.507806			17.539736
75000			-2431.347116			15.870530
76000			-2412.376016			14.360177
77000			-2363.051156			12.993561
78000			-2304.240747			11.757001
79000			-2129.706628			10.638121
80000			-2125.912408			9.625722
81000			-2108.838418			8.709670
82000			-2065.204889			7.880796
83000			-1966.555170			7.130803
84000			-1873.596780			6.452185
85000			-1886.876550			5.838150
86000			-1871.699670			5.282550
87000			-1875.493890			4.779825
88000			-1898.259210			4.324943
89000			-1873.596780			3.913350
90000			-1883.082330			3.540928
91000			-1877.391000			3.203948
92000			-1862.214120			2.899038
93000			-1864.111230			2.623145
94000			-1864.111230			2.373508
95000			-1795.815271			2.147628
96000			-1740.799081			1.943244
97000			-1740.799081			1.758311
98000			-1748.387521			1.590978
99000			-1752.181741			1.439569
100000			-1746.490411			1.302570
101000			-1748.387521			1.178608
102000			-1742.696191			1.066443
103000			-1738.901971			0.964953
104000			-1738.901971			0.873121
105000			-1737.004861			0.790029
106000			-1655.429132			0.714844
107000			-1649.737802			0.646814
108000			-1649.737802			0.585259
109000			-1647.840692			0.529561
110000			-1647.840692			0.479165
111000			-1645.943582			0.433564
112000			-1645.943582			0.392303
113000			-1609.898492			0.354969
114000			-1609.898492			0.321187
115000			-1611.795602			0.290621
116000			-1609.898492			0.262963
117000			-1606.104272			0.237938
118000			-1606.104272			0.215294
119000			-1606.104272			0.194805
120000			-1606.104272			0.176266
121000			-1606.104272			0.159491
122000			-1606.104272			0.144313
123000			-1606.104272			0.130579
124000			-1606.104272			0.118152
125000			-1604.207162			0.106908
126000			-1604.207162			0.096734
127000			-1604.207162			0.087528
128000			-1604.207162			0.079198
129000			-1604.207162			0.071661
130000			-1604.207162			0.064841
131000			-1604.207162			0.058671
132000			-1604.207162			0.053087
133000			-1604.207162			0.048035
134000			-1604.207162			0.043464
135000			-1604.207162			0.039327
136000			-1604.207162			0.035585
137000			-1604.207162			0.032198
138000			-1604.207162			0.029134
139000			-1604.207162			0.026361
140000			-1604.207162			0.023853
141000			-1604.207162			0.021583
142000			-1604.207162			0.019529
143000			-1604.207162			0.017670
144000			-1604.207162			0.015989
145000			-1604.207162			0.014467
146000			-1604.207162			0.013090
147000			-1604.207162			0.011844
148000			-1604.207162			0.010717
149000			-1604.207162			0.009697
150000			-1604.207162			0.008774
151000			-1604.207162			0.007939
152000			-1604.207162			0.007184
153000			-1604.207162			0.006500
154000			-1604.207162			0.005882
155000			-1604.207162			0.005322
156000			-1604.207162			0.004815
157000			-1604.207162			0.004357
158000			-1604.207162			0.003942
159000			-1604.207162			0.003567
160000			-1604.207162			0.003228
161000			-1604.207162			0.002921
162000			-1604.207162			0.002643
163000			-1604.207162			0.002391
164000			-1604.207162			0.002164
165000			-1604.207162			0.001958
166000			-1604.207162			0.001771
167000			-1604.207162			0.001603
168000			-1604.207162			0.001450
169000			-1604.207162			0.001312
170000			-1604.207162			0.001187
171000			-1604.207162			0.001074
Iteration: 4
Step			Log-likelihood			Temperature
1			-26714.520078			99900.000000
1000			-23708.049241			36769.542477
2000			-23242.436225			23501.721022
3000			-26385.853767			21265.130236
4000			-22010.971335			19241.389323
5000			-23996.351291			17410.241977
6000			-25370.938018			15753.359626
7000			-24803.030651			14254.157974
8000			-24786.982930			12897.631004
9000			-24726.210903			11670.200782
10000			-21585.077511			10559.581542
11000			-22283.451437			9554.656721
12000			-24296.637137			8645.367688
13000			-25271.874844			7822.613061
14000			-23960.493883			7078.157611
15000			-24366.029711			6404.549832
16000			-23767.091264			5795.047357
17000			-24616.442390			5243.549468
18000			-22233.921379			4744.536038
19000			-26139.003696			4293.012272
20000			-23872.077380			3884.458716
21000			-22618.486399			3514.786020
22000			-21526.369701			3180.294005
23000			-20833.672368			2877.634626
24000			-21559.878452			2603.778466
25000			-18577.483645			2355.984403
26000			-22004.957471			2131.772185
27000			-22602.406424			1928.897594
28000			-23488.641229			1745.329992
29000			-16549.115226			1579.231987
30000			-20641.726990			1428.941048
31000			-19310.134565			1292.952863
32000			-21588.217766			1169.906280
33000			-20214.387604			1058.569685
34000			-15316.231188			957.828671
35000			-17241.580946			866.674888
36000			-14036.227197			784.195947
37000			-14691.636295			709.566288
38000			-14928.704697			642.038917
39000			-17286.815466			580.937931
40000			-13394.353116			525.651749
41000			-14708.807045			475.626993
42000			-12225.563201			430.362949
43000			-11985.005595			389.406552
44000			-10876.879269			352.347857
45000			-11720.242946			318.815931
46000			-11991.852208			288.475142
47000			-8772.861121			261.021797
48000			-9969.184016			236.181108
49000			-8711.728469			213.704435
50000			-9711.215150			193.366803
51000			-9643.144965			174.964643
52000			-9163.149724			158.313765
53000			-8841.318348			143.247502
54000			-8799.098127			129.615051
55000			-7478.973444			117.279962
56000			-6736.441037			106.118767
57000			-7131.834570			96.019751
58000			-6435.864911			86.881830
59000			-6111.077902			78.613537
60000			-5929.761678			71.132114
61000			-5884.805760			64.362677
62000			-5675.575354			58.237467
63000			-5060.498264			52.695176
64000			-4765.129667			47.680328
65000			-4136.036819			43.142730
66000			-3743.399559			39.036961
67000			-3659.668692			35.321926
68000			-2967.229387			31.960441
69000			-2709.802990			28.918858
70000			-2228.517614			26.166734
71000			-2160.189402			23.676522
72000			-2082.407892			21.423296
73000			-2074.819452			19.384503
74000			-1985.655283			17.539736
75000			-1737.682182			15.870530
76000			-1652.312233			14.360177
77000			-1601.090263			12.993561
78000			-1599.193153			11.757001
79000			-1602.987373			10.638121
80000			-1640.929573			9.625722
81000			-1642.826683			8.709670
82000			-1644.723793			7.880796
83000			-1646.620903			7.130803
84000			-1625.752693			6.452185
85000			-1639.032463			5.838150
86000			-1627.649803			5.282550
87000			-1627.649803			4.779825
88000			-1625.752693			4.324943
89000			-1616.267143			3.913350
90000			-1618.164253			3.540928
91000			-1610.575813			3.203948
92000			-1608.678703			2.899038
93000			-1608.678703			2.623145
94000			-1570.736504			2.373508
95000			-1574.530724			2.147628
96000			-1565.045174			1.943244
97000			-1559.353844			1.758311
98000			-1563.148064			1.590978
99000			-1559.353844			1.439569
100000			-1523.308754			1.302570
101000			-1521.411644			1.178608
102000			-1517.617424			1.066443
103000			-1519.514534			0.964953
104000			-1515.720314			0.873121
105000			-1515.720314			0.790029
106000			-1517.617424			0.714844
107000			-1517.617424			0.646814
108000			-1515.720314			0.585259
109000			-1515.720314			0.529561
110000			-1513.823204			0.479165
111000			-1513.823204			0.433564
112000			-1513.823204			0.392303
113000			-1513.823204			0.354969
114000			-1513.823204			0.321187
115000			-1513.823204			0.290621
116000			-1513.823204			0.262963
117000			-1513.823204			0.237938
118000			-1513.823204			0.215294
119000			-1513.823204			0.194805
120000			-1513.823204			0.176266
121000			-1513.823204			0.159491
122000			-1513.823204			0.144313
123000			-1511.926094			0.130579
124000			-1511.926094			0.118152
125000			-1511.926094			0.106908
126000			-1511.926094			0.096734
127000			-1511.926094			0.087528
128000			-1511.926094			0.079198
129000			-1511.926094			0.071661
130000			-1511.926094			0.064841
131000			-1511.926094			0.058671
132000			-1511.926094			0.053087
133000			-1511.926094			0.048035
134000			-1511.926094			0.043464
135000			-1511.926094			0.039327
136000			-1511.926094			0.035585
137000			-1511.926094			0.032198
138000			-1511.926094			0.029134
139000			-1511.926094			0.026361
140000			-1511.926094			0.023853
141000			-1511.926094			0.021583
142000			-1511.926094			0.019529
143000			-1511.926094			0.017670
144000			-1511.926094			0.015989
145000			-1511.926094			0.014467
146000			-1511.926094			0.013090
147000			-1511.926094			0.011844
148000			-1511.926094			0.010717
149000			-1511.926094			0.009697
150000			-1511.926094			0.008774
151000			-1511.926094			0.007939
152000			-1511.926094			0.007184
153000			-1511.926094			0.006500
154000			-1511.926094			0.005882
155000			-1511.926094			0.005322
156000			-1511.926094			0.004815
157000			-1511.926094			0.004357
158000			-1511.926094			0.003942
159000			-1511.926094			0.003567
160000			-1511.926094			0.003228
161000			-1511.926094			0.002921
162000			-1511.926094			0.002643
163000			-1511.926094			0.002391
164000			-1511.926094			0.002164
165000			-1511.926094			0.001958
166000			-1511.926094			0.001771
167000			-1511.926094			0.001603
168000			-1511.926094			0.001450
169000			-1511.926094			0.001312
170000			-1511.926094			0.001187
171000			-1511.926094			0.001074
Iteration: 5
Step			Log-likelihood			Temperature
1			-26985.258499			99900.000000
1000			-24703.445584			36769.542477
2000			-22262.949693			23501.721022
3000			-24483.360250			21265.130236
4000			-23050.646274			19241.389323
5000			-22338.778482			17410.241977
6000			-26497.900592			15753.359626
7000			-22684.310527			14254.157974
8000			-21814.548576			12897.631004
9000			-25147.375159			11670.200782
10000			-23268.667392			10559.581542
11000			-23502.205440			9554.656721
12000			-24358.892819			8645.367688
13000			-22940.323614			7822.613061
14000			-21579.353928			7078.157611
15000			-24863.614996			6404.549832
16000			-21429.268143			5795.047357
17000			-22553.398260			5243.549468
18000			-21941.611014			4744.536038
19000			-24750.421786			4293.012272
20000			-18100.171274			3884.458716
21000			-21554.896696			3514.786020
22000			-23424.939984			3180.294005
23000			-24916.927596			2877.634626
24000			-18676.177296			2603.778466
25000			-25803.564176			2355.984403
26000			-18898.341581			2131.772185
27000			-20627.259684			1928.897594
28000			-24299.663115			1745.329992
29000			-16854.200986			1579.231987
30000			-24255.287758			1428.941048
31000			-18746.519954			1292.952863
32000			-25366.827103			1169.906280
33000			-22722.886116			1058.569685
34000			-15598.921151			957.828671
35000			-16971.971393			866.674888
36000			-16133.014750			784.195947
37000			-20596.856154			709.566288
38000			-15960.861542			642.038917
39000			-17751.619091			580.937931
40000			-14794.306007			525.651749
41000			-16023.325480			475.626993
42000			-17349.581362			430.362949
43000			-12790.664525			389.406552
44000			-10828.070463			352.347857
45000			-13414.414991			318.815931
46000			-11106.010283			288.475142
47000			-10799.452547			261.021797
48000			-10324.729342			236.181108
49000			-11812.477025			213.704435
50000			-9790.163620			193.366803
51000			-10206.431202			174.964643
52000			-9931.564350			158.313765
53000			-8041.265666			143.247502
54000			-7387.788990			129.615051
55000			-7333.197933			117.279962
56000			-6804.839596			106.118767
57000			-7696.405104			96.019751
58000			-6736.828077			86.881830
59000			-5935.382662			78.613537
60000			-5363.106353			71.132114
61000			-4785.519915			64.362677
62000			-5669.696343			58.237467
63000			-4659.665589			52.695176
64000			-4492.203856			47.680328
65000			-4367.381638			43.142730
66000			-3541.693086			39.036961
67000			-3152.501098			35.321926
68000			-2912.116437			31.960441
69000			-2618.806217			28.918858
70000			-2565.009817			26.166734
71000			-2439.800558			23.676522
72000			-2384.816622			21.423296
73000			-2350.733149			19.384503
74000			-2363.948412			17.539736
75000			-2152.020401			15.870530
76000			-1987.423379			14.360177
77000			-1837.551691			12.993561
78000			-1820.477701			11.757001
79000			-1795.815271			10.638121
80000			-1807.197931			9.625722
81000			-1776.844171			8.709670
82000			-1748.387521			7.880796
83000			-1702.856882			7.130803
84000			-1657.326242			6.452185
85000			-1655.429132			5.838150
86000			-1638.355142			5.282550
87000			-1651.634912			4.779825
88000			-1647.840692			4.324943
89000			-1647.840692			3.913350
90000			-1644.046472			3.540928
91000			-1655.429132			3.203948
92000			-1649.737802			2.899038
93000			-1645.943582			2.623145
94000			-1634.560922			2.373508
95000			-1632.663812			2.147628
96000			-1632.663812			1.943244
97000			-1621.281152			1.758311
98000			-1617.486932			1.590978
99000			-1617.486932			1.439569
100000			-1609.898492			1.302570
101000			-1611.795602			1.178608
102000			-1611.795602			1.066443
103000			-1608.001382			0.964953
104000			-1617.486932			0.873121
105000			-1615.589822			0.790029
106000			-1615.589822			0.714844
107000			-1613.692712			0.646814
108000			-1609.898492			0.585259
109000			-1608.001382			0.529561
110000			-1604.207162			0.479165
111000			-1604.207162			0.433564
112000			-1604.207162			0.392303
113000			-1604.207162			0.354969
114000			-1604.207162			0.321187
115000			-1604.207162			0.290621
116000			-1604.207162			0.262963
117000			-1604.207162			0.237938
118000			-1604.207162			0.215294
119000			-1604.207162			0.194805
120000			-1604.207162			0.176266
121000			-1604.207162			0.159491
122000			-1604.207162			0.144313
123000			-1604.207162			0.130579
124000			-1604.207162			0.118152
125000			-1604.207162			0.106908
126000			-1604.207162			0.096734
127000			-1604.207162			0.087528
128000			-1604.207162			0.079198
129000			-1604.207162			0.071661
130000			-1604.207162			0.064841
131000			-1604.207162			0.058671
132000			-1604.207162			0.053087
133000			-1604.207162			0.048035
134000			-1604.207162			0.043464
135000			-1604.207162			0.039327
136000			-1604.207162			0.035585
137000			-1604.207162			0.032198
138000			-1604.207162			0.029134
139000			-1604.207162			0.026361
140000			-1604.207162			0.023853
141000			-1604.207162			0.021583
142000			-1604.207162			0.019529
143000			-1604.207162			0.017670
144000			-1604.207162			0.015989
145000			-1604.207162			0.014467
146000			-1604.207162			0.013090
147000			-1604.207162			0.011844
148000			-1604.207162			0.010717
149000			-1604.207162			0.009697
150000			-1604.207162			0.008774
151000			-1604.207162			0.007939
152000			-1604.207162			0.007184
153000			-1604.207162			0.006500
154000			-1604.207162			0.005882
155000			-1604.207162			0.005322
156000			-1604.207162			0.004815
157000			-1604.207162			0.004357
158000			-1604.207162			0.003942
159000			-1604.207162			0.003567
160000			-1604.207162			0.003228
161000			-1604.207162			0.002921
162000			-1604.207162			0.002643
163000			-1604.207162			0.002391
164000			-1604.207162			0.002164
165000			-1604.207162			0.001958
166000			-1604.207162			0.001771
167000			-1604.207162			0.001603
168000			-1604.207162			0.001450
169000			-1604.207162			0.001312
170000			-1604.207162			0.001187
171000			-1604.207162			0.001074
Iteration: 6
Step			Log-likelihood			Temperature
1			-24445.045746			99900.000000
1000			-24728.468640			36769.542477
2000			-25046.538050			23501.721022
3000			-22813.217245			21265.130236
4000			-21747.047273			19241.389323
5000			-25315.180001			17410.241977
6000			-23183.658068			15753.359626
7000			-26159.194585			14254.157974
8000			-22543.596015			12897.631004
9000			-27109.253808			11670.200782
10000			-24794.442356			10559.581542
11000			-20920.913013			9554.656721
12000			-23407.194513			8645.367688
13000			-25523.985274			7822.613061
14000			-22517.423516			7078.157611
15000			-21077.185606			6404.549832
16000			-25036.911808			5795.047357
17000			-24220.591471			5243.549468
18000			-25106.014102			4744.536038
19000			-20836.815682			4293.012272
20000			-24405.218115			3884.458716
21000			-22473.983506			3514.786020
22000			-22037.783062			3180.294005
23000			-22951.210796			2877.634626
24000			-23746.352067			2603.778466
25000			-22705.114230			2355.984403
26000			-25044.409327			2131.772185
27000			-24554.128041			1928.897594
28000			-18418.454779			1745.329992
29000			-21206.054233			1579.231987
30000			-18308.583667			1428.941048
31000			-21681.228984			1292.952863
32000			-15361.858588			1169.906280
33000			-16563.614785			1058.569685
34000			-14958.445643			957.828671
35000			-16142.210020			866.674888
36000			-16566.860698			784.195947
37000			-19087.316591			709.566288
38000			-12096.644804			642.038917
39000			-14993.367703			580.937931
40000			-12973.303137			525.651749
41000			-13601.170358			475.626993
42000			-15315.070066			430.362949
43000			-14491.859185			389.406552
44000			-11761.727178			352.347857
45000			-10703.236567			318.815931
46000			-9863.731616			288.475142
47000			-12219.596327			261.021797
48000			-9093.698482			236.181108
49000			-8965.507177			213.704435
50000			-10039.221658			193.366803
51000			-9481.735188			174.964643
52000			-8675.656965			158.313765
53000			-9500.744380			143.247502
54000			-8836.697218			129.615051
55000			-6803.742981			117.279962
56000			-6808.982764			106.118767
57000			-6818.049020			96.019751
58000			-6380.971896			86.881830
59000			-6505.316152			78.613537
60000			-6426.115495			71.132114
61000			-5421.814163			64.362677
62000			-4571.366422			58.237467
63000			-4985.962667			52.695176
64000			-4736.441405			47.680328
65000			-4215.096785			43.142730
66000			-4003.459054			39.036961
67000			-3665.037489			35.321926
68000			-3212.692564			31.960441
69000			-3087.354291			28.918858
70000			-2744.686958			26.166734
71000			-2513.529820			23.676522
72000			-2322.566779			21.423296
73000			-2226.039944			19.384503
74000			-2220.348614			17.539736
75000			-2210.863064			15.870530
76000			-1987.713660			14.360177
77000			-1995.302100			12.993561
78000			-1919.417700			11.757001
79000			-1934.594580			10.638121
80000			-1785.109932			9.625722
81000			-1665.592003			8.709670
82000			-1661.797783			7.880796
83000			-1646.620903			7.130803
84000			-1563.148064			6.452185
85000			-1574.530724			5.838150
86000			-1574.530724			5.282550
87000			-1574.530724			4.779825
88000			-1559.353844			4.324943
89000			-1553.662514			3.913350
90000			-1542.279854			3.540928
91000			-1547.971184			3.203948
92000			-1546.074074			2.899038
93000			-1551.765404			2.623145
94000			-1536.588524			2.373508
95000			-1538.485634			2.147628
96000			-1538.485634			1.943244
97000			-1538.485634			1.758311
98000			-1536.588524			1.590978
99000			-1527.102974			1.439569
100000			-1529.000084			1.302570
101000			-1534.691414			1.178608
102000			-1530.897194			1.066443
103000			-1534.691414			0.964953
104000			-1530.897194			0.873121
105000			-1527.102974			0.790029
106000			-1527.102974			0.714844
107000			-1525.205864			0.646814
108000			-1525.205864			0.585259
109000			-1525.205864			0.529561
110000			-1517.617424			0.479165
111000			-1515.720314			0.433564
112000			-1515.720314			0.392303
113000			-1515.720314			0.354969
114000			-1513.823204			0.321187
115000			-1511.926094			0.290621
116000			-1511.926094			0.262963
117000			-1511.926094			0.237938
118000			-1511.926094			0.215294
119000			-1511.926094			0.194805
120000			-1511.926094			0.176266
121000			-1511.926094			0.159491
122000			-1511.926094			0.144313
123000			-1511.926094			0.130579
124000			-1511.926094			0.118152
125000			-1511.926094			0.106908
126000			-1511.926094			0.096734
127000			-1511.926094			0.087528
128000			-1511.926094			0.079198
129000			-1511.926094			0.071661
130000			-1511.926094			0.064841
131000			-1511.926094			0.058671
132000			-1511.926094			0.053087
133000			-1511.926094			0.048035
134000			-1511.926094			0.043464
135000			-1511.926094			0.039327
136000			-1511.926094			0.035585
137000			-1511.926094			0.032198
138000			-1511.926094			0.029134
139000			-1511.926094			0.026361
140000			-1511.926094			0.023853
141000			-1511.926094			0.021583
142000			-1511.926094			0.019529
143000			-1511.926094			0.017670
144000			-1511.926094			0.015989
145000			-1511.926094			0.014467
146000			-1511.926094			0.013090
147000			-1511.926094			0.011844
148000			-1511.926094			0.010717
149000			-1511.926094			0.009697
150000			-1511.926094			0.008774
151000			-1511.926094			0.007939
152000			-1511.926094			0.007184
153000			-1511.926094			0.006500
154000			-1511.926094			0.005882
155000			-1511.926094			0.005322
156000			-1511.926094			0.004815
157000			-1511.926094			0.004357
158000			-1511.926094			0.003942
159000			-1511.926094			0.003567
160000			-1511.926094			0.003228
161000			-1511.926094			0.002921
162000			-1511.926094			0.002643
163000			-1511.926094			0.002391
164000			-1511.926094			0.002164
165000			-1511.926094			0.001958
166000			-1511.926094			0.001771
167000			-1511.926094			0.001603
168000			-1511.926094			0.001450
169000			-1511.926094			0.001312
170000			-1511.926094			0.001187
171000			-1511.926094			0.001074
Iteration: 7
Step			Log-likelihood			Temperature
1			-26401.658198			99900.000000
1000			-24091.142284			36769.542477
2000			-23856.965007			23501.721022
3000			-23642.263206			21265.130236
4000			-26863.274577			19241.389323
5000			-23593.046785			17410.241977
6000			-21920.769218			15753.359626
7000			-24015.580418			14254.157974
8000			-21394.636363			12897.631004
9000			-23370.155408			11670.200782
10000			-25190.067502			10559.581542
11000			-24662.096204			9554.656721
12000			-23590.149820			8645.367688
13000			-23477.446250			7822.613061
14000			-21489.013901			7078.157611
15000			-23231.332167			6404.549832
16000			-23629.956876			5795.047357
17000			-24018.116757			5243.549468
18000			-19114.972746			4744.536038
19000			-24260.850075			4293.012272
20000			-20823.553429			3884.458716
21000			-22081.636526			3514.786020
22000			-24008.883395			3180.294005
23000			-22194.372350			2877.634626
24000			-21507.372187			2603.778466
25000			-22169.645413			2355.984403
26000			-22491.051657			2131.772185
27000			-20491.488836			1928.897594
28000			-23782.939625			1745.329992
29000			-23612.791965			1579.231987
30000			-19833.956855			1428.941048
31000			-20469.787877			1292.952863
32000			-21557.556209			1169.906280
33000			-20870.567724			1058.569685
34000			-16416.554979			957.828671
35000			-17552.894665			866.674888
36000			-17368.414552			784.195947
37000			-15485.590030			709.566288
38000			-12877.113572			642.038917
39000			-18559.195705			580.937931
40000			-10570.858161			525.651749
41000			-13481.549829			475.626993
42000			-15344.048609			430.362949
43000			-11101.500650			389.406552
44000			-11182.152709			352.347857
45000			-11450.108443			318.815931
46000			-11979.648477			288.475142
47000			-10221.801602			261.021797
48000			-8260.324731			236.181108
49000			-9837.611945			213.704435
50000			-9207.240640			193.366803
51000			-9006.179235			174.964643
52000			-9171.937378			158.313765
53000			-8138.502076			143.247502
54000			-9015.219077			129.615051
55000			-7201.936718			117.279962
56000			-6715.889522			106.118767
57000			-5556.283199			96.019751
58000			-5930.137040			86.881830
59000			-5655.190945			78.613537
60000			-6042.131036			71.132114
61000			-5677.020917			64.362677
62000			-4924.551413			58.237467
63000			-4201.532574			52.695176
64000			-3721.434734			47.680328
65000			-3366.261712			43.142730
66000			-3262.339957			39.036961
67000			-3166.103402			35.321926
68000			-2970.281779			31.960441
69000			-2686.360349			28.918858
70000			-2614.237916			26.166734
71000			-2333.852679			23.676522
72000			-2362.309329			21.423296
73000			-2116.426858			19.384503
74000			-2118.323968			17.539736
75000			-1998.257732			15.870530
76000			-1939.511829			14.360177
77000			-1897.743156			12.993561
78000			-1865.492286			11.757001
79000			-1899.640266			10.638121
80000			-1854.238640			9.625722
81000			-1844.753090			8.709670
82000			-1861.827080			7.880796
83000			-1858.032860			7.130803
84000			-1716.136652			6.452185
85000			-1700.959772			5.838150
86000			-1674.400232			5.282550
87000			-1680.091562			4.779825
88000			-1683.885782			4.324943
89000			-1670.606012			3.913350
90000			-1680.091562			3.540928
91000			-1668.708902			3.203948
92000			-1663.017572			2.899038
93000			-1681.988672			2.623145
94000			-1678.194452			2.373508
95000			-1678.194452			2.147628
96000			-1615.589822			1.943244
97000			-1609.898492			1.758311
98000			-1613.692712			1.590978
99000			-1611.795602			1.439569
100000			-1613.692712			1.302570
101000			-1609.898492			1.178608
102000			-1613.692712			1.066443
103000			-1609.898492			0.964953
104000			-1609.898492			0.873121
105000			-1608.001382			0.790029
106000			-1608.001382			0.714844
107000			-1609.898492			0.646814
108000			-1608.001382			0.585259
109000			-1606.104272			0.529561
110000			-1606.104272			0.479165
111000			-1606.104272			0.433564
112000			-1606.104272			0.392303
113000			-1606.104272			0.354969
114000			-1606.104272			0.321187
115000			-1606.104272			0.290621
116000			-1606.104272			0.262963
117000			-1606.104272			0.237938
118000			-1606.104272			0.215294
119000			-1606.104272			0.194805
120000			-1606.104272			0.176266
121000			-1606.104272			0.159491
122000			-1604.207162			0.144313
123000			-1604.207162			0.130579
124000			-1604.207162			0.118152
125000			-1604.207162			0.106908
126000			-1604.207162			0.096734
127000			-1604.207162			0.087528
128000			-1604.207162			0.079198
129000			-1604.207162			0.071661
130000			-1604.207162			0.064841
131000			-1604.207162			0.058671
132000			-1604.207162			0.053087
133000			-1604.207162			0.048035
134000			-1604.207162			0.043464
135000			-1604.207162			0.039327
136000			-1604.207162			0.035585
137000			-1604.207162			0.032198
138000			-1604.207162			0.029134
139000			-1604.207162			0.026361
140000			-1604.207162			0.023853
141000			-1604.207162			0.021583
142000			-1604.207162			0.019529
143000			-1604.207162			0.017670
144000			-1604.207162			0.015989
145000			-1604.207162			0.014467
146000			-1604.207162			0.013090
147000			-1604.207162			0.011844
148000			-1604.207162			0.010717
149000			-1604.207162			0.009697
150000			-1604.207162			0.008774
151000			-1604.207162			0.007939
152000			-1604.207162			0.007184
153000			-1604.207162			0.006500
154000			-1604.207162			0.005882
155000			-1604.207162			0.005322
156000			-1604.207162			0.004815
157000			-1604.207162			0.004357
158000			-1604.207162			0.003942
159000			-1604.207162			0.003567
160000			-1604.207162			0.003228
161000			-1604.207162			0.002921
162000			-1604.207162			0.002643
163000			-1604.207162			0.002391
164000			-1604.207162			0.002164
165000			-1604.207162			0.001958
166000			-1604.207162			0.001771
167000			-1604.207162			0.001603
168000			-1604.207162			0.001450
169000			-1604.207162			0.001312
170000			-1604.207162			0.001187
171000			-1604.207162			0.001074
Iteration: 8
Step			Log-likelihood			Temperature
1			-26536.514273			99900.000000
1000			-26942.786090			36769.542477
2000			-23961.983377			23501.721022
3000			-20510.330922			21265.130236
4000			-25925.973231			19241.389323
5000			-22194.082070			17410.241977
6000			-23076.710335			15753.359626
7000			-21817.433863			14254.157974
8000			-23955.007751			12897.631004
9000			-24760.068603			11670.200782
10000			-23902.715581			10559.581542
11000			-24152.430364			9554.656721
12000			-23339.886730			8645.367688
13000			-26066.843170			7822.613061
14000			-21206.403181			7078.157611
15000			-24171.266611			6404.549832
16000			-23264.357118			5795.047357
17000			-25901.929454			5243.549468
18000			-22621.629712			4744.536038
19000			-18400.348681			4293.012272
20000			-24325.216961			3884.458716
21000			-24058.085080			3514.786020
22000			-25124.014542			3180.294005
23000			-22975.729476			2877.634626
24000			-19180.867220			2603.778466
25000			-19439.991367			2355.984403
26000			-18313.958302			2131.772185
27000			-23002.057403			1928.897594
28000			-21087.949613			1745.329992
29000			-23841.486169			1579.231987
30000			-17207.277538			1428.941048
31000			-24666.799358			1292.952863
32000			-19522.610883			1169.906280
33000			-21696.910240			1058.569685
34000			-21234.736656			957.828671
35000			-15314.812039			866.674888
36000			-18166.778380			784.195947
37000			-15694.582984			709.566288
38000			-16118.043069			642.038917
39000			-13031.333627			580.937931
40000			-16853.453319			525.651749
41000			-15831.846385			475.626993
42000			-15130.534344			430.362949
43000			-12137.407784			389.406552
44000			-12358.633663			352.347857
45000			-13018.235699			318.815931
46000			-12485.830953			288.475142
47000			-11877.644407			261.021797
48000			-10547.318761			236.181108
49000			-9992.547414			213.704435
50000			-8003.511147			193.366803
51000			-8845.860234			174.964643
52000			-9277.196258			158.313765
53000			-7467.977824			143.247502
54000			-7322.389995			129.615051
55000			-7543.744888			117.279962
56000			-6210.179168			106.118767
57000			-6711.848953			96.019751
58000			-5789.182018			86.881830
59000			-6077.794924			78.613537
60000			-5429.305843			71.132114
61000			-5424.517608			64.362677
62000			-5452.909751			58.237467
63000			-5528.858657			52.695176
64000			-5180.693514			47.680328
65000			-4695.904199			43.142730
66000			-4512.432838			39.036961
67000			-4295.007017			35.321926
68000			-3938.382593			31.960441
69000			-3872.435291			28.918858
70000			-3735.585345			26.166734
71000			-3629.669720			23.676522
72000			-3620.184170			21.423296
73000			-3567.032837			19.384503
74000			-3481.824154			17.539736
75000			-3334.172109			15.870530
76000			-3177.357048			14.360177
77000			-3071.151142			12.993561
78000			-3074.816349			11.757001
79000			-2774.014449			10.638121
80000			-2391.894847			9.625722
81000			-2374.853110			8.709670
82000			-2376.750220			7.880796
83000			-2389.965483			7.130803
84000			-2329.257964			6.452185
85000			-2135.752745			5.838150
86000			-2135.752745			5.282550
87000			-2105.398986			4.779825
88000			-2090.222106			4.324943
89000			-2080.736556			3.913350
90000			-2065.624183			3.540928
91000			-2063.727073			3.203948
92000			-2039.096896			2.899038
93000			-1925.496071			2.623145
94000			-1917.907631			2.373508
95000			-1906.524971			2.147628
96000			-1914.113411			1.943244
97000			-1904.627861			1.758311
98000			-1898.936531			1.590978
99000			-1891.348091			1.439569
100000			-1887.553871			1.302570
101000			-1807.875252			1.178608
102000			-1811.669472			1.066443
103000			-1809.772362			0.964953
104000			-1804.081032			0.873121
105000			-1802.183922			0.790029
106000			-1690.254433			0.714844
107000			-1688.357323			0.646814
108000			-1648.518013			0.585259
109000			-1646.620903			0.529561
110000			-1555.559624			0.479165
111000			-1555.559624			0.433564
112000			-1515.720314			0.392303
113000			-1515.720314			0.354969
114000			-1515.720314			0.321187
115000			-1515.720314			0.290621
116000			-1515.720314			0.262963
117000			-1515.720314			0.237938
118000			-1515.720314			0.215294
119000			-1515.720314			0.194805
120000			-1515.720314			0.176266
121000			-1513.823204			0.159491
122000			-1513.823204			0.144313
123000			-1513.823204			0.130579
124000			-1513.823204			0.118152
125000			-1511.926094			0.106908
126000			-1511.926094			0.096734
127000			-1511.926094			0.087528
128000			-1511.926094			0.079198
129000			-1511.926094			0.071661
130000			-1511.926094			0.064841
131000			-1511.926094			0.058671
132000			-1511.926094			0.053087
133000			-1511.926094			0.048035
134000			-1511.926094			0.043464
135000			-1511.926094			0.039327
136000			-1511.926094			0.035585
137000			-1511.926094			0.032198
138000			-1511.926094			0.029134
139000			-1511.926094			0.026361
140000			-1511.926094			0.023853
141000			-1511.926094			0.021583
142000			-1511.926094			0.019529
143000			-1511.926094			0.017670
144000			-1511.926094			0.015989
145000			-1511.926094			0.014467
146000			-1511.926094			0.013090
147000			-1511.926094			0.011844
148000			-1511.926094			0.010717
149000			-1511.926094			0.009697
150000			-1511.926094			0.008774
151000			-1511.926094			0.007939
152000			-1511.926094			0.007184
153000			-1511.926094			0.006500
154000			-1511.926094			0.005882
155000			-1511.926094			0.005322
156000			-1511.926094			0.004815
157000			-1511.926094			0.004357
158000			-1511.926094			0.003942
159000			-1511.926094			0.003567
160000			-1511.926094			0.003228
161000			-1511.926094			0.002921
162000			-1511.926094			0.002643
163000			-1511.926094			0.002391
164000			-1511.926094			0.002164
165000			-1511.926094			0.001958
166000			-1511.926094			0.001771
167000			-1511.926094			0.001603
168000			-1511.926094			0.001450
169000			-1511.926094			0.001312
170000			-1511.926094			0.001187
171000			-1511.926094			0.001074
Iteration: 9
Step			Log-likelihood			Temperature
1			-26547.864680			99900.000000
1000			-25743.416642			36769.542477
2000			-20617.865055			23501.721022
3000			-27379.927721			21265.130236
4000			-23846.936989			19241.389323
5000			-23299.806910			17410.241977
6000			-24530.884760			15753.359626
7000			-24956.766905			14254.157974
8000			-23481.847445			12897.631004
9000			-24087.019691			11670.200782
10000			-19203.588608			10559.581542
11000			-24479.035240			9554.656721
12000			-23876.897869			8645.367688
13000			-18447.298469			7822.613061
14000			-22190.454955			7078.157611
15000			-24539.171096			6404.549832
16000			-20929.747657			5795.047357
17000			-16300.690578			5243.549468
18000			-23825.321112			4744.536038
19000			-21741.232769			4293.012272
20000			-26530.699769			3884.458716
21000			-23151.632972			3514.786020
22000			-25269.230067			3180.294005
23000			-23336.866591			2877.634626
24000			-22686.465664			2603.778466
25000			-21988.824668			2355.984403
26000			-22580.963493			2131.772185
27000			-20112.729424			1928.897594
28000			-22497.593253			1745.329992
29000			-18982.218978			1579.231987
30000			-24964.446266			1428.941048
31000			-17421.134913			1292.952863
32000			-22494.367915			1169.906280
33000			-16117.444991			1058.569685
34000			-16166.549916			957.828671
35000			-15750.173896			866.674888
36000			-15942.922550			784.195947
37000			-16505.379097			709.566288
38000			-13747.617350			642.038917
39000			-15985.776160			580.937931
40000			-14758.143582			525.651749
41000			-10713.244010			475.626993
42000			-12281.400461			430.362949
43000			-13388.081225			389.406552
44000			-11242.951150			352.347857
45000			-15132.906357			318.815931
46000			-13284.443911			288.475142
47000			-11159.607324			261.021797
48000			-10270.325967			236.181108
49000			-9652.442833			213.704435
50000			-8987.137789			193.366803
51000			-9045.883692			174.964643
52000			-8531.585044			158.313765
53000			-8673.352239			143.247502
54000			-7642.453275			129.615051
55000			-8647.373260			117.279962
56000			-8105.702899			106.118767
57000			-7689.532077			96.019751
58000			-7634.058501			86.881830
59000			-6211.355026			78.613537
60000			-5210.686648			71.132114
61000			-5014.612837			64.362677
62000			-4626.904504			58.237467
63000			-4601.338980			52.695176
64000			-4660.794457			47.680328
65000			-3935.840416			43.142730
66000			-3500.988775			39.036961
67000			-3162.341435			35.321926
68000			-2966.971360			31.960441
69000			-2584.722744			28.918858
70000			-2593.982521			26.166734
71000			-2203.693918			23.676522
72000			-2171.507555			21.423296
73000			-2146.877378			19.384503
74000			-2014.176439			17.539736
75000			-2002.761526			15.870530
76000			-1959.095743			14.360177
77000			-1860.639544			12.993561
78000			-1733.887962			11.757001
79000			-1697.842873			10.638121
80000			-1688.357323			9.625722
81000			-1686.460213			8.709670
82000			-1675.077553			7.880796
83000			-1646.620903			7.130803
84000			-1673.180443			6.452185
85000			-1642.826683			5.838150
86000			-1631.444023			5.282550
87000			-1637.135353			4.779825
88000			-1604.884483			4.324943
89000			-1599.193153			3.913350
90000			-1593.501823			3.540928
91000			-1576.427834			3.203948
92000			-1580.222054			2.899038
93000			-1584.016273			2.623145
94000			-1574.530724			2.373508
95000			-1572.633614			2.147628
96000			-1566.942284			1.943244
97000			-1529.000084			1.758311
98000			-1525.205864			1.590978
99000			-1523.308754			1.439569
100000			-1523.308754			1.302570
101000			-1523.308754			1.178608
102000			-1515.720314			1.066443
103000			-1515.720314			0.964953
104000			-1515.720314			0.873121
105000			-1517.617424			0.790029
106000			-1517.617424			0.714844
107000			-1517.617424			0.646814
108000			-1515.720314			0.585259
109000			-1511.926094			0.529561
110000			-1511.926094			0.479165
111000			-1511.926094			0.433564
112000			-1511.926094			0.392303
113000			-1511.926094			0.354969
114000			-1511.926094			0.321187
115000			-1511.926094			0.290621
116000			-1511.926094			0.262963
117000			-1511.926094			0.237938
118000			-1511.926094			0.215294
119000			-1511.926094			0.194805
120000			-1511.926094			0.176266
121000			-1511.926094			0.159491
122000			-1511.926094			0.144313
123000			-1511.926094			0.130579
124000			-1511.926094			0.118152
125000			-1511.926094			0.106908
126000			-1511.926094			0.096734
127000			-1511.926094			0.087528
128000			-1511.926094			0.079198
129000			-1511.926094			0.071661
130000			-1511.926094			0.064841
131000			-1511.926094			0.058671
132000			-1511.926094			0.053087
133000			-1511.926094			0.048035
134000			-1511.926094			0.043464
135000			-1511.926094			0.039327
136000			-1511.926094			0.035585
137000			-1511.926094			0.032198
138000			-1511.926094			0.029134
139000			-1511.926094			0.026361
140000			-1511.926094			0.023853
141000			-1511.926094			0.021583
142000			-1511.926094			0.019529
143000			-1511.926094			0.017670
144000			-1511.926094			0.015989
145000			-1511.926094			0.014467
146000			-1511.926094			0.013090
147000			-1511.926094			0.011844
148000			-1511.926094			0.010717
149000			-1511.926094			0.009697
150000			-1511.926094			0.008774
151000			-1511.926094			0.007939
152000			-1511.926094			0.007184
153000			-1511.926094			0.006500
154000			-1511.926094			0.005882
155000			-1511.926094			0.005322
156000			-1511.926094			0.004815
157000			-1511.926094			0.004357
158000			-1511.926094			0.003942
159000			-1511.926094			0.003567
160000			-1511.926094			0.003228
161000			-1511.926094			0.002921
162000			-1511.926094			0.002643
163000			-1511.926094			0.002391
164000			-1511.926094			0.002164
165000			-1511.926094			0.001958
166000			-1511.926094			0.001771
167000			-1511.926094			0.001603
168000			-1511.926094			0.001450
169000			-1511.926094			0.001312
170000			-1511.926094			0.001187
171000			-1511.926094			0.001074
Iteration: 10
Step			Log-likelihood			Temperature
1			-27462.330360			99900.000000
1000			-22749.993963			36769.542477
2000			-24501.331495			23501.721022
3000			-23545.000382			21265.130236
4000			-22103.885792			19241.389323
5000			-23774.330755			17410.241977
6000			-19695.623254			15753.359626
7000			-25025.320892			14254.157974
8000			-25172.773577			12897.631004
9000			-25325.046752			11670.200782
10000			-24463.260282			10559.581542
11000			-26249.191503			9554.656721
12000			-24610.015072			8645.367688
13000			-22891.336025			7822.613061
14000			-24102.331424			7078.157611
15000			-25304.351487			6404.549832
16000			-26210.739088			5795.047357
17000			-21351.164100			5243.549468
18000			-23474.083002			4744.536038
19000			-25145.639316			4293.012272
20000			-20367.989006			3884.458716
21000			-23019.002379			3514.786020
22000			-24133.039970			3180.294005
23000			-23246.849098			2877.634626
24000			-23836.612851			2603.778466
25000			-26529.066525			2355.984403
26000			-21221.283941			2131.772185
27000			-22336.843280			1928.897594
28000			-18119.898937			1745.329992
29000			-22145.557705			1579.231987
30000			-21725.733355			1428.941048
31000			-21885.052501			1292.952863
32000			-17589.036514			1169.906280
33000			-20350.941430			1058.569685
34000			-19501.537475			957.828671
35000			-14097.465507			866.674888
36000			-14476.893343			784.195947
37000			-19108.630509			709.566288
38000			-19307.891565			642.038917
39000			-13031.708989			580.937931
40000			-9750.447485			525.651749
41000			-12545.119324			475.626993
42000			-13120.034571			430.362949
43000			-11332.115319			389.406552
44000			-13647.108613			352.347857
45000			-11140.029249			318.815931
46000			-11923.368567			288.475142
47000			-9990.398116			261.021797
48000			-9914.449210			236.181108
49000			-9732.347226			213.704435
50000			-9265.664009			193.366803
51000			-8588.149396			174.964643
52000			-8989.111084			158.313765
53000			-7062.309924			143.247502
54000			-8470.716258			129.615051
55000			-7469.719507			117.279962
56000			-6586.182308			106.118767
57000			-5981.520276			96.019751
58000			-5518.496427			86.881830
59000			-4821.682341			78.613537
60000			-4951.105113			71.132114
61000			-5425.350356			64.362677
62000			-5922.290573			58.237467
63000			-5040.495056			52.695176
64000			-4827.315003			47.680328
65000			-4070.696492			43.142730
66000			-3782.464787			39.036961
67000			-3627.514583			35.321926
68000			-3340.734280			31.960441
69000			-3350.219830			28.918858
70000			-3175.685712			26.166734
71000			-2806.394332			23.676522
72000			-2420.797205			21.423296
73000			-2439.768304			19.384503
74000			-2352.501245			17.539736
75000			-2157.582717			15.870530
76000			-2085.492538			14.360177
77000			-2098.772308			12.993561
78000			-1812.889261			11.757001
79000			-1828.066141			10.638121
80000			-1776.844171			9.625722
81000			-1784.432611			8.709670
82000			-1820.477701			7.880796
83000			-1773.049951			7.130803
84000			-1776.844171			6.452185
85000			-1740.799081			5.838150
86000			-1700.959772			5.282550
87000			-1691.474222			4.779825
88000			-1699.062662			4.324943
89000			-1687.680002			3.913350
90000			-1685.782892			3.540928
91000			-1685.782892			3.203948
92000			-1680.091562			2.899038
93000			-1674.400232			2.623145
94000			-1668.708902			2.373508
95000			-1634.560922			2.147628
96000			-1626.972482			1.943244
97000			-1626.972482			1.758311
98000			-1619.384042			1.590978
99000			-1619.384042			1.439569
100000			-1617.486932			1.302570
101000			-1611.795602			1.178608
102000			-1611.795602			1.066443
103000			-1611.795602			0.964953
104000			-1611.795602			0.873121
105000			-1611.795602			0.790029
106000			-1609.898492			0.714844
107000			-1608.001382			0.646814
108000			-1606.104272			0.585259
109000			-1606.104272			0.529561
110000			-1606.104272			0.479165
111000			-1604.207162			0.433564
112000			-1604.207162			0.392303
113000			-1604.207162			0.354969
114000			-1604.207162			0.321187
115000			-1604.207162			0.290621
116000			-1604.207162			0.262963
117000			-1604.207162			0.237938
118000			-1604.207162			0.215294
119000			-1604.207162			0.194805
120000			-1604.207162			0.176266
121000			-1604.207162			0.159491
122000			-1604.207162			0.144313
123000			-1604.207162			0.130579
124000			-1604.207162			0.118152
125000			-1604.207162			0.106908
126000			-1604.207162			0.096734
127000			-1604.207162			0.087528
128000			-1604.207162			0.079198
129000			-1604.207162			0.071661
130000			-1604.207162			0.064841
131000			-1604.207162			0.058671
132000			-1604.207162			0.053087
133000			-1604.207162			0.048035
134000			-1604.207162			0.043464
135000			-1604.207162			0.039327
136000			-1604.207162			0.035585
137000			-1604.207162			0.032198
138000			-1604.207162			0.029134
139000			-1604.207162			0.026361
140000			-1604.207162			0.023853
141000			-1604.207162			0.021583
142000			-1604.207162			0.019529
143000			-1604.207162			0.017670
144000			-1604.207162			0.015989
145000			-1604.207162			0.014467
146000			-1604.207162			0.013090
147000			-1604.207162			0.011844
148000			-1604.207162			0.010717
149000			-1604.207162			0.009697
150000			-1604.207162			0.008774
151000			-1604.207162			0.007939
152000			-1604.207162			0.007184
153000			-1604.207162			0.006500
154000			-1604.207162			0.005882
155000			-1604.207162			0.005322
156000			-1604.207162			0.004815
157000			-1604.207162			0.004357
158000			-1604.207162			0.003942
159000			-1604.207162			0.003567
160000			-1604.207162			0.003228
161000			-1604.207162			0.002921
162000			-1604.207162			0.002643
163000			-1604.207162			0.002391
164000			-1604.207162			0.002164
165000			-1604.207162			0.001958
166000			-1604.207162			0.001771
167000			-1604.207162			0.001603
168000			-1604.207162			0.001450
169000			-1604.207162			0.001312
170000			-1604.207162			0.001187
171000			-1604.207162			0.001074

Maximum likelihood Tree found: -1511.926094
digraph g {
	"49" -> "50";
	"50" [label="33"];
	"48" -> "49";
	"49" [label="8"];
	"47" -> "48";
	"48" [label="5"];
	"46" -> "47";
	"47" [label="43"];
	"45" -> "46";
	"46" [label="13"];
	"44" -> "45";
	"45" [label="9"];
	"43" -> "44";
	"44" [label="16"];
	"42" -> "43";
	"43" [label="45"];
	"41" -> "42";
	"42" [label="24"];
	"40" -> "41";
	"41" [label="42"];
	"39" -> "40";
	"40" [label="18"];
	"38" -> "39";
	"39" [label="20"];
	"36" -> "37";
	"37" [label="32"];
	"35" -> "36";
	"36" [label="19"];
	"34" -> "35";
	"35" [label="41"];
	"33" -> "34";
	"34" [label="7"];
	"32" -> "33";
	"33" [label="29"];
	"31" -> "32";
	"32" [label="37"];
	"30" -> "31";
	"31" [label="44"];
	"29" -> "30";
	"30" [label="22"];
	"28" -> "29";
	"29" [label="34"];
	"28" -> "38";
	"38" [label="31"];
	"27" -> "28";
	"28" [label="25"];
	"26" -> "27";
	"27" [label="28"];
	"25" -> "26";
	"26" [label="27"];
	"24" -> "25";
	"25" [label="50"];
	"23" -> "24";
	"24" [label="12"];
	"22" -> "23";
	"23" [label="15"];
	"21" -> "22";
	"22" [label="4"];
	"20" -> "21";
	"21" [label="21"];
	"18" -> "19";
	"19" [label="11"];
	"17" -> "18";
	"18" [label="38"];
	"16" -> "17";
	"17" [label="40"];
	"15" -> "16";
	"16" [label="14"];
	"14" -> "15";
	"15" [label="47"];
	"13" -> "14";
	"14" [label="23"];
	"13" -> "20";
	"20" [label="49"];
	"12" -> "13";
	"13" [label="36"];
	"11" -> "12";
	"12" [label="35"];
	"10" -> "11";
	"11" [label="3"];
	"9" -> "10";
	"10" [label="26"];
	"7" -> "8";
	"8" [label="17"];
	"6" -> "7";
	"7" [label="6"];
	"5" -> "6";
	"6" [label="46"];
	"4" -> "5";
	"5" [label="30"];
	"3" -> "4";
	"4" [label="10"];
	"3" -> "9";
	"9" [label="48"];
	"2" -> "3";
	"3" [label="39"];
	"1" -> "2";
	"2" [label="2"];
	"0" -> "1";
	"1" [label="1"];
	"0" [label="germline"];
	labelloc="t";
	label="Confidence score: -1511.926094";
}
Best cell assignment:
12 50 7 18 12 46 34 37 28 28 24 2 11 45 42 50 19 24 45 1 2 12 19 24 12 37 41 7 49 28 12 37 24 50 45 12 24 6 2 27 12 7 17 28 2 37 8 19 50 27 28 28 28 45 2 10 49 8 12 37 12 28 35 50 24 17 2 23 35 2 7 19 18 28 8 50 1 8 41 49 19 43 19 37 8 2 45 12 8 24 50 45 24 2 36 2 50 24 2 0 45 21 28 19 49 23 45 27 16 45 19 45 28 24 8 11 37 19 27 36 28 19 2 48 45 28 28 50 37 49 19 11 28 24 12 2 28 49 23 12 23 8 28 7 6 24 24 8 50 25 7 1 12 12 19 49 50 27 8 37 37 12 27 11 12 28 47 24 24 24 11 49 22 49 24 2 19 44 11 8 37 8 49 37 8 24 1 27 45 24 24 37 27 11 50 50 45 19 27 44 8 12 28 2 19 50 45 50 19 50 49 28 19 2 12 24 37 18 2 37 23 19 36 8 45 2 6 44 17 23 28 26 8 2 28 12 34 12 49 49 8 24 2 50 36 22 2 2 8 24 
alpha: 0.150000
beta: 0.000010
gamma: 1.000000
delta: 1.000000
