Starting SASC.
Iteration: 1
Step			Log-likelihood			Temperature
1			-39754.528593			99900.000000
1000			-34359.824840			36769.542477
2000			-38688.047765			23501.721022
3000			-35610.615617			21265.130236
4000			-34330.239322			19241.389323
5000			-38260.526537			17410.241977
6000			-38132.097780			15753.359626
7000			-33424.426443			14254.157974
8000			-33292.235719			12897.631004
9000			-37538.888754			11670.200782
10000			-30665.697094			10559.581542
11000			-34934.637487			9554.656721
12000			-37357.062315			8645.367688
13000			-34587.788894			7822.613061
14000			-30282.744743			7078.157611
15000			-29706.287174			6404.549832
16000			-37293.721697			5795.047357
17000			-32846.807752			5243.549468
18000			-35029.595586			4744.536038
19000			-35592.289585			4293.012272
20000			-37353.183013			3884.458716
21000			-32173.301454			3514.786020
22000			-32230.871500			3180.294005
23000			-29038.859247			2877.634626
24000			-30451.722385			2603.778466
25000			-32931.602980			2355.984403
26000			-32428.261859			2131.772185
27000			-30715.919209			1928.897594
28000			-27176.319316			1745.329992
29000			-30139.763598			1579.231987
30000			-32577.520734			1428.941048
31000			-28868.608988			1292.952863
32000			-23798.047176			1169.906280
33000			-28576.137355			1058.569685
34000			-21951.285261			957.828671
35000			-23644.756629			866.674888
36000			-20195.508441			784.195947
37000			-16037.975644			709.566288
38000			-18505.033856			642.038917
39000			-16954.713797			580.937931
40000			-15087.283032			525.651749
41000			-13883.752899			475.626993
42000			-16129.418125			430.362949
43000			-10767.636723			389.406552
44000			-12897.282121			352.347857
45000			-11414.152510			318.815931
46000			-12253.211752			288.475142
47000			-10067.479964			261.021797
48000			-9566.384901			236.181108
49000			-9109.433583			213.704435
50000			-10044.134084			193.366803
51000			-7000.008547			174.964643
52000			-5981.556604			158.313765
53000			-7043.325382			143.247502
54000			-5862.812756			129.615051
55000			-6215.455279			117.279962
56000			-6099.151009			106.118767
57000			-5568.347254			96.019751
58000			-6133.228643			86.881830
59000			-5890.726938			78.613537
60000			-5256.227201			71.132114
61000			-4920.406480			64.362677
62000			-4009.644099			58.237467
63000			-3936.038011			52.695176
64000			-3798.677850			47.680328
65000			-3831.154493			43.142730
66000			-3624.498518			39.036961
67000			-3053.500666			35.321926
68000			-3064.883326			31.960441
69000			-3030.638586			28.918858
70000			-2841.475895			26.166734
71000			-2981.862034			23.676522
72000			-2473.436558			21.423296
73000			-2492.407658			19.384503
74000			-2465.848118			17.539736
75000			-2369.095509			15.870530
76000			-2327.359089			14.360177
77000			-2323.564869			12.993561
78000			-2234.400700			11.757001
79000			-2223.018040			10.638121
80000			-2241.989140			9.625722
81000			-2259.063130			8.709670
82000			-2232.503590			7.880796
83000			-2223.018040			7.130803
84000			-2243.886250			6.452185
85000			-2236.297810			5.838150
86000			-2272.342900			5.282550
87000			-2257.166020			4.779825
88000			-2245.783360			4.324943
89000			-2219.223820			3.913350
90000			-2217.326710			3.540928
91000			-2209.738270			3.203948
92000			-2217.326710			2.899038
93000			-2209.738270			2.623145
94000			-2209.738270			2.373508
95000			-2202.149830			2.147628
96000			-2202.149830			1.943244
97000			-2202.149830			1.758311
98000			-2192.664280			1.590978
99000			-2190.767170			1.439569
100000			-2186.972950			1.302570
101000			-2190.767170			1.178608
102000			-2186.972950			1.066443
103000			-2185.075840			0.964953
104000			-2183.178730			0.873121
105000			-2185.075840			0.790029
106000			-2181.281620			0.714844
107000			-2179.384510			0.646814
108000			-2179.384510			0.585259
109000			-2181.281620			0.529561
110000			-2181.281620			0.479165
111000			-2181.281620			0.433564
112000			-2179.384510			0.392303
113000			-2179.384510			0.354969
114000			-2177.487401			0.321187
115000			-2177.487401			0.290621
116000			-2175.590291			0.262963
117000			-2175.590291			0.237938
118000			-2175.590291			0.215294
119000			-2175.590291			0.194805
120000			-2175.590291			0.176266
121000			-2175.590291			0.159491
122000			-2175.590291			0.144313
123000			-2175.590291			0.130579
124000			-2175.590291			0.118152
125000			-2175.590291			0.106908
126000			-2175.590291			0.096734
127000			-2175.590291			0.087528
128000			-2175.590291			0.079198
129000			-2175.590291			0.071661
130000			-2175.590291			0.064841
131000			-2175.590291			0.058671
132000			-2175.590291			0.053087
133000			-2175.590291			0.048035
134000			-2175.590291			0.043464
135000			-2175.590291			0.039327
136000			-2175.590291			0.035585
137000			-2175.590291			0.032198
138000			-2175.590291			0.029134
139000			-2175.590291			0.026361
140000			-2175.590291			0.023853
141000			-2175.590291			0.021583
142000			-2175.590291			0.019529
143000			-2175.590291			0.017670
144000			-2175.590291			0.015989
145000			-2175.590291			0.014467
146000			-2175.590291			0.013090
147000			-2175.590291			0.011844
148000			-2175.590291			0.010717
149000			-2175.590291			0.009697
150000			-2175.590291			0.008774
151000			-2175.590291			0.007939
152000			-2175.590291			0.007184
153000			-2175.590291			0.006500
154000			-2175.590291			0.005882
155000			-2175.590291			0.005322
156000			-2175.590291			0.004815
157000			-2175.590291			0.004357
158000			-2175.590291			0.003942
159000			-2175.590291			0.003567
160000			-2175.590291			0.003228
161000			-2175.590291			0.002921
162000			-2175.590291			0.002643
163000			-2175.590291			0.002391
164000			-2175.590291			0.002164
165000			-2175.590291			0.001958
166000			-2175.590291			0.001771
167000			-2175.590291			0.001603
168000			-2175.590291			0.001450
169000			-2175.590291			0.001312
170000			-2175.590291			0.001187
171000			-2175.590291			0.001074
Iteration: 2
Step			Log-likelihood			Temperature
1			-39871.794625			99900.000000
1000			-35024.607991			36769.542477
2000			-31515.344341			23501.721022
3000			-35740.284739			21265.130236
4000			-33616.873139			19241.389323
5000			-35481.999179			17410.241977
6000			-35621.449970			15753.359626
7000			-36164.527801			14254.157974
8000			-36187.873682			12897.631004
9000			-32850.730986			11670.200782
10000			-31919.112073			10559.581542
11000			-32947.521688			9554.656721
12000			-31389.237826			8645.367688
13000			-33723.803356			7822.613061
14000			-35107.726043			7078.157611
15000			-31352.515416			6404.549832
16000			-36567.585959			5795.047357
17000			-32937.584590			5243.549468
18000			-36948.802467			4744.536038
19000			-26607.728789			4293.012272
20000			-35697.780077			3884.458716
21000			-24697.602900			3514.786020
22000			-34747.914375			3180.294005
23000			-34029.888970			2877.634626
24000			-32086.304100			2603.778466
25000			-33024.690383			2355.984403
26000			-29722.050454			2131.772185
27000			-31137.561427			1928.897594
28000			-31577.987062			1745.329992
29000			-23640.103246			1579.231987
30000			-25044.738716			1428.941048
31000			-26533.090593			1292.952863
32000			-20960.923503			1169.906280
33000			-20247.267040			1058.569685
34000			-28461.058714			957.828671
35000			-20003.926747			866.674888
36000			-22248.803156			784.195947
37000			-15382.537352			709.566288
38000			-18283.162909			642.038917
39000			-18512.563628			580.937931
40000			-15405.927164			525.651749
41000			-12847.845765			475.626993
42000			-15274.671788			430.362949
43000			-13392.976134			389.406552
44000			-13535.781276			352.347857
45000			-12178.837422			318.815931
46000			-10454.569644			288.475142
47000			-10611.106103			261.021797
48000			-9589.795289			236.181108
49000			-10131.008264			213.704435
50000			-10653.373313			193.366803
51000			-8149.044384			174.964643
52000			-7635.642991			158.313765
53000			-6819.466404			143.247502
54000			-6123.103865			129.615051
55000			-6255.708043			117.279962
56000			-6696.488466			106.118767
57000			-6295.321579			96.019751
58000			-5938.670741			86.881830
59000			-5752.012135			78.613537
60000			-5466.774156			71.132114
61000			-4499.415169			64.362677
62000			-4242.214546			58.237467
63000			-4332.598504			52.695176
64000			-4250.190026			47.680328
65000			-3804.336926			43.142730
66000			-3578.129291			39.036961
67000			-3402.085103			35.321926
68000			-3321.664656			31.960441
69000			-3071.246138			28.918858
70000			-3150.989264			26.166734
71000			-2974.558035			23.676522
72000			-2957.484046			21.423296
73000			-2762.984812			19.384503
74000			-2859.705167			17.539736
75000			-2852.342501			15.870530
76000			-2558.774254			14.360177
77000			-2498.098988			12.993561
78000			-2395.655049			11.757001
79000			-2465.848118			10.638121
80000			-2439.288578			9.625722
81000			-2388.066609			8.709670
82000			-2386.169499			7.880796
83000			-2386.169499			7.130803
84000			-2217.326710			6.452185
85000			-2213.532490			5.838150
86000			-2211.635380			5.282550
87000			-2209.738270			4.779825
88000			-2207.841160			4.324943
89000			-2223.018040			3.913350
90000			-2221.120930			3.540928
91000			-2200.252720			3.203948
92000			-2205.944050			2.899038
93000			-2217.326710			2.623145
94000			-2196.458500			2.373508
95000			-2200.252720			2.147628
96000			-2204.046940			1.943244
97000			-2202.149830			1.758311
98000			-2202.149830			1.590978
99000			-2188.870060			1.439569
100000			-2186.972950			1.302570
101000			-2186.972950			1.178608
102000			-2181.281620			1.066443
103000			-2190.767170			0.964953
104000			-2179.384510			0.873121
105000			-2179.384510			0.790029
106000			-2179.384510			0.714844
107000			-2179.384510			0.646814
108000			-2181.281620			0.585259
109000			-2177.487401			0.529561
110000			-2175.590291			0.479165
111000			-2175.590291			0.433564
112000			-2175.590291			0.392303
113000			-2175.590291			0.354969
114000			-2175.590291			0.321187
115000			-2175.590291			0.290621
116000			-2175.590291			0.262963
117000			-2175.590291			0.237938
118000			-2175.590291			0.215294
119000			-2175.590291			0.194805
120000			-2175.590291			0.176266
121000			-2175.590291			0.159491
122000			-2175.590291			0.144313
123000			-2175.590291			0.130579
124000			-2175.590291			0.118152
125000			-2175.590291			0.106908
126000			-2175.590291			0.096734
127000			-2175.590291			0.087528
128000			-2175.590291			0.079198
129000			-2175.590291			0.071661
130000			-2175.590291			0.064841
131000			-2175.590291			0.058671
132000			-2175.590291			0.053087
133000			-2175.590291			0.048035
134000			-2175.590291			0.043464
135000			-2175.590291			0.039327
136000			-2175.590291			0.035585
137000			-2175.590291			0.032198
138000			-2175.590291			0.029134
139000			-2175.590291			0.026361
140000			-2175.590291			0.023853
141000			-2175.590291			0.021583
142000			-2175.590291			0.019529
143000			-2175.590291			0.017670
144000			-2175.590291			0.015989
145000			-2175.590291			0.014467
146000			-2175.590291			0.013090
147000			-2175.590291			0.011844
148000			-2175.590291			0.010717
149000			-2175.590291			0.009697
150000			-2175.590291			0.008774
151000			-2175.590291			0.007939
152000			-2175.590291			0.007184
153000			-2175.590291			0.006500
154000			-2175.590291			0.005882
155000			-2175.590291			0.005322
156000			-2175.590291			0.004815
157000			-2175.590291			0.004357
158000			-2175.590291			0.003942
159000			-2175.590291			0.003567
160000			-2175.590291			0.003228
161000			-2175.590291			0.002921
162000			-2175.590291			0.002643
163000			-2175.590291			0.002391
164000			-2175.590291			0.002164
165000			-2175.590291			0.001958
166000			-2175.590291			0.001771
167000			-2175.590291			0.001603
168000			-2175.590291			0.001450
169000			-2175.590291			0.001312
170000			-2175.590291			0.001187
171000			-2175.590291			0.001074
Iteration: 3
Step			Log-likelihood			Temperature
1			-39180.671869			99900.000000
1000			-31710.154430			36769.542477
2000			-36401.898162			23501.721022
3000			-33111.661323			21265.130236
4000			-35922.122856			19241.389323
5000			-33155.848999			17410.241977
6000			-38583.782901			15753.359626
7000			-36174.497152			14254.157974
8000			-32056.138022			12897.631004
9000			-35071.358420			11670.200782
10000			-37303.582609			10559.581542
11000			-33841.784801			9554.656721
12000			-35245.338392			8645.367688
13000			-33733.074810			7822.613061
14000			-37314.331880			7078.157611
15000			-33509.468020			6404.549832
16000			-32288.520788			5795.047357
17000			-32322.744952			5243.549468
18000			-35138.112056			4744.536038
19000			-31723.569053			4293.012272
20000			-38923.063630			3884.458716
21000			-32950.837946			3514.786020
22000			-33216.034625			3180.294005
23000			-32047.329793			2877.634626
24000			-26891.398031			2603.778466
25000			-34365.554263			2355.984403
26000			-34811.078990			2131.772185
27000			-26795.349157			1928.897594
28000			-31696.059429			1745.329992
29000			-28552.990834			1579.231987
30000			-29623.104615			1428.941048
31000			-26672.429888			1292.952863
32000			-28383.728751			1169.906280
33000			-19946.599993			1058.569685
34000			-23254.421037			957.828671
35000			-22322.828538			866.674888
36000			-30227.095165			784.195947
37000			-14190.187461			709.566288
38000			-20135.962043			642.038917
39000			-18134.941981			580.937931
40000			-22725.444046			525.651749
41000			-17440.690648			475.626993
42000			-14228.337917			430.362949
43000			-13845.799021			389.406552
44000			-12871.678504			352.347857
45000			-12225.948477			318.815931
46000			-10533.210317			288.475142
47000			-11584.376354			261.021797
48000			-9332.712001			236.181108
49000			-9892.198179			213.704435
50000			-9758.110345			193.366803
51000			-8151.507318			174.964643
52000			-8465.545056			158.313765
53000			-7962.758082			143.247502
54000			-7354.161139			129.615051
55000			-7400.890992			117.279962
56000			-6242.627633			106.118767
57000			-6025.911386			96.019751
58000			-6141.597003			86.881830
59000			-5157.583321			78.613537
60000			-6069.823518			71.132114
61000			-5065.360920			64.362677
62000			-4099.995804			58.237467
63000			-3702.312281			52.695176
64000			-3564.274799			47.680328
65000			-3791.863491			43.142730
66000			-3491.733073			39.036961
67000			-3023.598454			35.321926
68000			-3027.360420			31.960441
69000			-2776.974156			28.918858
70000			-2666.941777			26.166734
71000			-2592.954487			23.676522
72000			-2746.620396			21.423296
73000			-2587.263157			19.384503
74000			-2501.893208			17.539736
75000			-2492.407658			15.870530
76000			-2515.140724			14.360177
77000			-2488.613438			12.993561
78000			-2556.877144			11.757001
79000			-2490.510548			10.638121
80000			-2382.375279			9.625722
81000			-2388.066609			8.709670
82000			-2291.314000			7.880796
83000			-2276.137120			7.130803
84000			-2266.651570			6.452185
85000			-2268.548680			5.838150
86000			-2264.754460			5.282550
87000			-2276.137120			4.779825
88000			-2262.857350			4.324943
89000			-2251.474690			3.913350
90000			-2251.474690			3.540928
91000			-2255.268910			3.203948
92000			-2264.754460			2.899038
93000			-2270.445790			2.623145
94000			-2257.166020			2.373508
95000			-2255.268910			2.147628
96000			-2192.664280			1.943244
97000			-2183.178730			1.758311
98000			-2190.767170			1.590978
99000			-2194.561390			1.439569
100000			-2198.355610			1.302570
101000			-2192.664280			1.178608
102000			-2185.075840			1.066443
103000			-2186.972950			0.964953
104000			-2186.972950			0.873121
105000			-2185.075840			0.790029
106000			-2183.178730			0.714844
107000			-2183.178730			0.646814
108000			-2183.178730			0.585259
109000			-2183.178730			0.529561
110000			-2181.281620			0.479165
111000			-2177.487401			0.433564
112000			-2175.590291			0.392303
113000			-2175.590291			0.354969
114000			-2175.590291			0.321187
115000			-2175.590291			0.290621
116000			-2175.590291			0.262963
117000			-2175.590291			0.237938
118000			-2175.590291			0.215294
119000			-2175.590291			0.194805
120000			-2175.590291			0.176266
121000			-2175.590291			0.159491
122000			-2175.590291			0.144313
123000			-2175.590291			0.130579
124000			-2175.590291			0.118152
125000			-2175.590291			0.106908
126000			-2175.590291			0.096734
127000			-2175.590291			0.087528
128000			-2175.590291			0.079198
129000			-2175.590291			0.071661
130000			-2175.590291			0.064841
131000			-2175.590291			0.058671
132000			-2175.590291			0.053087
133000			-2175.590291			0.048035
134000			-2175.590291			0.043464
135000			-2175.590291			0.039327
136000			-2175.590291			0.035585
137000			-2175.590291			0.032198
138000			-2175.590291			0.029134
139000			-2175.590291			0.026361
140000			-2175.590291			0.023853
141000			-2175.590291			0.021583
142000			-2175.590291			0.019529
143000			-2175.590291			0.017670
144000			-2175.590291			0.015989
145000			-2175.590291			0.014467
146000			-2175.590291			0.013090
147000			-2175.590291			0.011844
148000			-2175.590291			0.010717
149000			-2175.590291			0.009697
150000			-2175.590291			0.008774
151000			-2175.590291			0.007939
152000			-2175.590291			0.007184
153000			-2175.590291			0.006500
154000			-2175.590291			0.005882
155000			-2175.590291			0.005322
156000			-2175.590291			0.004815
157000			-2175.590291			0.004357
158000			-2175.590291			0.003942
159000			-2175.590291			0.003567
160000			-2175.590291			0.003228
161000			-2175.590291			0.002921
162000			-2175.590291			0.002643
163000			-2175.590291			0.002391
164000			-2175.590291			0.002164
165000			-2175.590291			0.001958
166000			-2175.590291			0.001771
167000			-2175.590291			0.001603
168000			-2175.590291			0.001450
169000			-2175.590291			0.001312
170000			-2175.590291			0.001187
171000			-2175.590291			0.001074
Iteration: 4
Step			Log-likelihood			Temperature
1			-40150.153739			99900.000000
1000			-35123.870524			36769.542477
2000			-34033.483830			23501.721022
3000			-33165.199696			21265.130236
4000			-30936.189166			19241.389323
5000			-36858.864217			17410.241977
6000			-37003.437455			15753.359626
7000			-31627.977565			14254.157974
8000			-35000.822241			12897.631004
9000			-35474.674605			11670.200782
10000			-38548.661481			10559.581542
11000			-36727.658611			9554.656721
12000			-36345.043530			8645.367688
13000			-34249.141555			7822.613061
14000			-34711.939631			7078.157611
15000			-37801.205986			6404.549832
16000			-34976.218479			5795.047357
17000			-34183.226506			5243.549468
18000			-32541.003522			4744.536038
19000			-36285.620306			4293.012272
20000			-33917.566601			3884.458716
21000			-32516.458427			3514.786020
22000			-32176.397778			3180.294005
23000			-28127.044182			2877.634626
24000			-34575.734752			2603.778466
25000			-33871.816027			2355.984403
26000			-34837.723611			2131.772185
27000			-29224.072290			1928.897594
28000			-34090.015928			1745.329992
29000			-31201.391684			1579.231987
30000			-24844.867905			1428.941048
31000			-26442.873741			1292.952863
32000			-26094.300982			1169.906280
33000			-28024.547414			1058.569685
34000			-27388.725289			957.828671
35000			-23698.086746			866.674888
36000			-17263.335749			784.195947
37000			-24926.622418			709.566288
38000			-15577.485075			642.038917
39000			-19647.340416			580.937931
40000			-18772.687631			525.651749
41000			-12913.840057			475.626993
42000			-15237.207549			430.362949
43000			-12703.747430			389.406552
44000			-13935.619936			352.347857
45000			-14876.343198			318.815931
46000			-14787.586644			288.475142
47000			-10456.311327			261.021797
48000			-11487.139944			236.181108
49000			-11271.772501			213.704435
50000			-7040.692283			193.366803
51000			-8282.138202			174.964643
52000			-7348.320220			158.313765
53000			-7617.677585			143.247502
54000			-7051.424037			129.615051
55000			-8443.800166			117.279962
56000			-6980.242791			106.118767
57000			-6409.347538			96.019751
58000			-6322.370759			86.881830
59000			-6512.791332			78.613537
60000			-6433.687434			71.132114
61000			-5216.071196			64.362677
62000			-4709.994378			58.237467
63000			-3906.232558			52.695176
64000			-3938.870468			47.680328
65000			-3874.917036			43.142730
66000			-3241.733849			39.036961
67000			-3089.997303			35.321926
68000			-3004.595101			31.960441
69000			-2888.903645			28.918858
70000			-2919.257405			26.166734
71000			-2850.961445			23.676522
72000			-2740.929066			21.423296
73000			-2526.555638			19.384503
74000			-2505.687428			17.539736
75000			-2515.172978			15.870530
76000			-2446.877018			14.360177
77000			-2388.066609			12.993561
78000			-2414.626149			11.757001
79000			-2355.815739			10.638121
80000			-2295.108220			9.625722
81000			-2228.709370			8.709670
82000			-2221.120930			7.880796
83000			-2226.812260			7.130803
84000			-2209.738270			6.452185
85000			-2217.326710			5.838150
86000			-2217.326710			5.282550
87000			-2219.223820			4.779825
88000			-2230.606480			4.324943
89000			-2213.532490			3.913350
90000			-2215.429600			3.540928
91000			-2215.429600			3.203948
92000			-2221.120930			2.899038
93000			-2200.252720			2.623145
94000			-2198.355610			2.373508
95000			-2196.458500			2.147628
96000			-2200.252720			1.943244
97000			-2192.664280			1.758311
98000			-2192.664280			1.590978
99000			-2192.664280			1.439569
100000			-2188.870060			1.302570
101000			-2185.075840			1.178608
102000			-2185.075840			1.066443
103000			-2186.972950			0.964953
104000			-2181.281620			0.873121
105000			-2183.178730			0.790029
106000			-2185.075840			0.714844
107000			-2181.281620			0.646814
108000			-2179.384510			0.585259
109000			-2177.487401			0.529561
110000			-2177.487401			0.479165
111000			-2179.384510			0.433564
112000			-2177.487401			0.392303
113000			-2177.487401			0.354969
114000			-2177.487401			0.321187
115000			-2177.487401			0.290621
116000			-2177.487401			0.262963
117000			-2177.487401			0.237938
118000			-2177.487401			0.215294
119000			-2177.487401			0.194805
120000			-2177.487401			0.176266
121000			-2175.590291			0.159491
122000			-2175.590291			0.144313
123000			-2175.590291			0.130579
124000			-2175.590291			0.118152
125000			-2175.590291			0.106908
126000			-2175.590291			0.096734
127000			-2175.590291			0.087528
128000			-2175.590291			0.079198
129000			-2175.590291			0.071661
130000			-2175.590291			0.064841
131000			-2175.590291			0.058671
132000			-2175.590291			0.053087
133000			-2175.590291			0.048035
134000			-2175.590291			0.043464
135000			-2175.590291			0.039327
136000			-2175.590291			0.035585
137000			-2175.590291			0.032198
138000			-2175.590291			0.029134
139000			-2175.590291			0.026361
140000			-2175.590291			0.023853
141000			-2175.590291			0.021583
142000			-2175.590291			0.019529
143000			-2175.590291			0.017670
144000			-2175.590291			0.015989
145000			-2175.590291			0.014467
146000			-2175.590291			0.013090
147000			-2175.590291			0.011844
148000			-2175.590291			0.010717
149000			-2175.590291			0.009697
150000			-2175.590291			0.008774
151000			-2175.590291			0.007939
152000			-2175.590291			0.007184
153000			-2175.590291			0.006500
154000			-2175.590291			0.005882
155000			-2175.590291			0.005322
156000			-2175.590291			0.004815
157000			-2175.590291			0.004357
158000			-2175.590291			0.003942
159000			-2175.590291			0.003567
160000			-2175.590291			0.003228
161000			-2175.590291			0.002921
162000			-2175.590291			0.002643
163000			-2175.590291			0.002391
164000			-2175.590291			0.002164
165000			-2175.590291			0.001958
166000			-2175.590291			0.001771
167000			-2175.590291			0.001603
168000			-2175.590291			0.001450
169000			-2175.590291			0.001312
170000			-2175.590291			0.001187
171000			-2175.590291			0.001074
Iteration: 5
Step			Log-likelihood			Temperature
1			-40666.742377			99900.000000
1000			-33598.767042			36769.542477
2000			-31962.179778			23501.721022
3000			-32499.583797			21265.130236
4000			-37430.501297			19241.389323
5000			-37436.482907			17410.241977
6000			-34226.162139			15753.359626
7000			-35918.328636			14254.157974
8000			-34156.763726			12897.631004
9000			-28939.394296			11670.200782
10000			-33927.547630			10559.581542
11000			-35582.566583			9554.656721
12000			-37290.115158			8645.367688
13000			-31520.132576			7822.613061
14000			-31003.221405			7078.157611
15000			-29300.355408			6404.549832
16000			-34451.557601			5795.047357
17000			-34215.477375			5243.549468
18000			-33750.793867			4744.536038
19000			-32484.530091			4293.012272
20000			-34103.999434			3884.458716
21000			-33853.619008			3514.786020
22000			-33838.248608			3180.294005
23000			-31138.652202			2877.634626
24000			-31872.150606			2603.778466
25000			-28838.900295			2355.984403
26000			-36521.436666			2131.772185
27000			-34645.798808			1928.897594
28000			-23640.425780			1745.329992
29000			-33148.770774			1579.231987
30000			-28202.896328			1428.941048
31000			-27533.829317			1292.952863
32000			-22642.091323			1169.906280
33000			-21241.798380			1058.569685
34000			-20626.598116			957.828671
35000			-18476.184327			866.674888
36000			-19203.572107			784.195947
37000			-23003.158092			709.566288
38000			-18620.869061			642.038917
39000			-14155.253722			580.937931
40000			-17684.124643			525.651749
41000			-12854.531111			475.626993
42000			-15446.851410			430.362949
43000			-16248.663291			389.406552
44000			-14526.333773			352.347857
45000			-11328.723893			318.815931
46000			-12758.637664			288.475142
47000			-9092.160234			261.021797
48000			-11243.257183			236.181108
49000			-10748.724291			213.704435
50000			-9213.323085			193.366803
51000			-8894.259660			174.964643
52000			-8869.732082			158.313765
53000			-9004.045690			143.247502
54000			-7200.474655			129.615051
55000			-6724.332302			117.279962
56000			-6468.002520			106.118767
57000			-6334.424901			96.019751
58000			-6059.253032			86.881830
59000			-6052.180646			78.613537
60000			-6230.884347			71.132114
61000			-5372.983018			64.362677
62000			-4074.016825			58.237467
63000			-4505.783820			52.695176
64000			-4751.505024			47.680328
65000			-4388.130748			43.142730
66000			-3847.809189			39.036961
67000			-3755.786148			35.321926
68000			-3205.172705			31.960441
69000			-3078.614643			28.918858
70000			-3114.627480			26.166734
71000			-3012.183540			23.676522
72000			-2496.201878			21.423296
73000			-2518.967198			19.384503
74000			-2517.070088			17.539736
75000			-2376.683949			15.870530
76000			-2378.581059			14.360177
77000			-2363.404179			12.993561
78000			-2414.626149			11.757001
79000			-2279.931340			10.638121
80000			-2217.326710			9.625722
81000			-2232.503590			8.709670
82000			-2251.474690			7.880796
83000			-2224.915150			7.130803
84000			-2230.606480			6.452185
85000			-2238.194920			5.838150
86000			-2245.783360			5.282550
87000			-2211.635380			4.779825
88000			-2207.841160			4.324943
89000			-2192.664280			3.913350
90000			-2205.944050			3.540928
91000			-2211.635380			3.203948
92000			-2211.635380			2.899038
93000			-2205.944050			2.623145
94000			-2209.738270			2.373508
95000			-2196.458500			2.147628
96000			-2188.870060			1.943244
97000			-2190.767170			1.758311
98000			-2192.664280			1.590978
99000			-2190.767170			1.439569
100000			-2188.870060			1.302570
101000			-2185.075840			1.178608
102000			-2192.664280			1.066443
103000			-2186.972950			0.964953
104000			-2185.075840			0.873121
105000			-2186.972950			0.790029
106000			-2183.178730			0.714844
107000			-2183.178730			0.646814
108000			-2181.281620			0.585259
109000			-2181.281620			0.529561
110000			-2181.281620			0.479165
111000			-2183.178730			0.433564
112000			-2179.384510			0.392303
113000			-2175.590291			0.354969
114000			-2175.590291			0.321187
115000			-2175.590291			0.290621
116000			-2175.590291			0.262963
117000			-2175.590291			0.237938
118000			-2175.590291			0.215294
119000			-2175.590291			0.194805
120000			-2175.590291			0.176266
121000			-2175.590291			0.159491
122000			-2175.590291			0.144313
123000			-2175.590291			0.130579
124000			-2175.590291			0.118152
125000			-2175.590291			0.106908
126000			-2175.590291			0.096734
127000			-2175.590291			0.087528
128000			-2175.590291			0.079198
129000			-2175.590291			0.071661
130000			-2175.590291			0.064841
131000			-2175.590291			0.058671
132000			-2175.590291			0.053087
133000			-2175.590291			0.048035
134000			-2175.590291			0.043464
135000			-2175.590291			0.039327
136000			-2175.590291			0.035585
137000			-2175.590291			0.032198
138000			-2175.590291			0.029134
139000			-2175.590291			0.026361
140000			-2175.590291			0.023853
141000			-2175.590291			0.021583
142000			-2175.590291			0.019529
143000			-2175.590291			0.017670
144000			-2175.590291			0.015989
145000			-2175.590291			0.014467
146000			-2175.590291			0.013090
147000			-2175.590291			0.011844
148000			-2175.590291			0.010717
149000			-2175.590291			0.009697
150000			-2175.590291			0.008774
151000			-2175.590291			0.007939
152000			-2175.590291			0.007184
153000			-2175.590291			0.006500
154000			-2175.590291			0.005882
155000			-2175.590291			0.005322
156000			-2175.590291			0.004815
157000			-2175.590291			0.004357
158000			-2175.590291			0.003942
159000			-2175.590291			0.003567
160000			-2175.590291			0.003228
161000			-2175.590291			0.002921
162000			-2175.590291			0.002643
163000			-2175.590291			0.002391
164000			-2175.590291			0.002164
165000			-2175.590291			0.001958
166000			-2175.590291			0.001771
167000			-2175.590291			0.001603
168000			-2175.590291			0.001450
169000			-2175.590291			0.001312
170000			-2175.590291			0.001187
171000			-2175.590291			0.001074
Iteration: 6
Step			Log-likelihood			Temperature
1			-39122.313007			99900.000000
1000			-35560.812796			36769.542477
2000			-34730.426930			23501.721022
3000			-31024.508908			21265.130236
4000			-32874.024038			19241.389323
5000			-34671.622359			17410.241977
6000			-37285.353337			15753.359626
7000			-33739.760155			14254.157974
8000			-35233.122983			12897.631004
9000			-31597.650219			11670.200782
10000			-30816.149344			10559.581542
11000			-36973.250801			9554.656721
12000			-35199.400137			8645.367688
13000			-35025.059538			7822.613061
14000			-36230.900236			7078.157611
15000			-27373.091023			6404.549832
16000			-36158.126897			5795.047357
17000			-33170.471732			5243.549468
18000			-35449.232255			4744.536038
19000			-35237.761630			4293.012272
20000			-34111.148004			3884.458716
21000			-32691.599521			3514.786020
22000			-28957.391955			3180.294005
23000			-31138.297415			2877.634626
24000			-35254.486672			2603.778466
25000			-18510.783854			2355.984403
26000			-29524.900604			2131.772185
27000			-32465.907939			1928.897594
28000			-34277.469191			1745.329992
29000			-25348.769011			1579.231987
30000			-20623.352203			1428.941048
31000			-29603.532379			1292.952863
32000			-28998.102106			1169.906280
33000			-25476.444263			1058.569685
34000			-24116.433280			957.828671
35000			-21739.248812			866.674888
36000			-22728.384942			784.195947
37000			-18247.891900			709.566288
38000			-17155.613935			642.038917
39000			-16230.815220			580.937931
40000			-21416.502663			525.651749
41000			-16697.738947			475.626993
42000			-16660.136798			430.362949
43000			-9500.968389			389.406552
44000			-13102.639064			352.347857
45000			-11560.895621			318.815931
46000			-11395.650474			288.475142
47000			-9923.674968			261.021797
48000			-9713.342109			236.181108
49000			-9401.975561			213.704435
50000			-9170.006250			193.366803
51000			-7754.586198			174.964643
52000			-7716.805265			158.313765
53000			-7523.719341			143.247502
54000			-8129.536654			129.615051
55000			-6309.129081			117.279962
56000			-6835.713484			106.118767
57000			-6436.326371			96.019751
58000			-6586.036793			86.881830
59000			-5427.585753			78.613537
60000			-6089.768058			71.132114
61000			-5236.713633			64.362677
62000			-4703.083259			58.237467
63000			-5084.499126			52.695176
64000			-4335.140682			47.680328
65000			-4310.607265			43.142730
66000			-3577.457809			39.036961
67000			-3384.565405			35.321926
68000			-3520.867043			31.960441
69000			-3500.289114			28.918858
70000			-3466.108881			26.166734
71000			-3414.919165			23.676522
72000			-3156.879953			21.423296
73000			-3232.796606			19.384503
74000			-3113.278677			17.539736
75000			-3082.892664			15.870530
76000			-3003.246298			14.360177
77000			-2694.017370			12.993561
78000			-2646.589621			11.757001
79000			-2639.001181			10.638121
80000			-2625.721411			9.625722
81000			-2591.573431			8.709670
82000			-2538.454352			7.880796
83000			-2504.306372			7.130803
84000			-2483.438162			6.452185
85000			-2485.335272			5.838150
86000			-2479.643942			5.282550
87000			-2485.335272			4.779825
88000			-2441.701742			4.324943
89000			-2426.524863			3.913350
90000			-2432.216192			3.540928
91000			-2436.010412			3.203948
92000			-2445.495962			2.899038
93000			-2422.730643			2.623145
94000			-2417.039313			2.373508
95000			-2417.039313			2.147628
96000			-2373.405783			1.943244
97000			-2377.200003			1.758311
98000			-2371.508673			1.590978
99000			-2318.389593			1.439569
100000			-2310.801153			1.302570
101000			-2308.904043			1.178608
102000			-2316.492483			1.066443
103000			-2316.492483			0.964953
104000			-2325.978033			0.873121
105000			-2322.183813			0.790029
106000			-2322.183813			0.714844
107000			-2316.492483			0.646814
108000			-2310.801153			0.585259
109000			-2308.904043			0.529561
110000			-2305.109823			0.479165
111000			-2307.006933			0.433564
112000			-2305.109823			0.392303
113000			-2305.109823			0.354969
114000			-2305.109823			0.321187
115000			-2305.109823			0.290621
116000			-2305.109823			0.262963
117000			-2305.109823			0.237938
118000			-2303.212713			0.215294
119000			-2303.212713			0.194805
120000			-2303.212713			0.176266
121000			-2303.212713			0.159491
122000			-2303.212713			0.144313
123000			-2303.212713			0.130579
124000			-2303.212713			0.118152
125000			-2303.212713			0.106908
126000			-2303.212713			0.096734
127000			-2303.212713			0.087528
128000			-2303.212713			0.079198
129000			-2303.212713			0.071661
130000			-2303.212713			0.064841
131000			-2303.212713			0.058671
132000			-2303.212713			0.053087
133000			-2303.212713			0.048035
134000			-2303.212713			0.043464
135000			-2303.212713			0.039327
136000			-2303.212713			0.035585
137000			-2303.212713			0.032198
138000			-2303.212713			0.029134
139000			-2303.212713			0.026361
140000			-2303.212713			0.023853
141000			-2303.212713			0.021583
142000			-2303.212713			0.019529
143000			-2303.212713			0.017670
144000			-2303.212713			0.015989
145000			-2303.212713			0.014467
146000			-2303.212713			0.013090
147000			-2303.212713			0.011844
148000			-2303.212713			0.010717
149000			-2303.212713			0.009697
150000			-2303.212713			0.008774
151000			-2303.212713			0.007939
152000			-2303.212713			0.007184
153000			-2303.212713			0.006500
154000			-2303.212713			0.005882
155000			-2303.212713			0.005322
156000			-2303.212713			0.004815
157000			-2303.212713			0.004357
158000			-2303.212713			0.003942
159000			-2303.212713			0.003567
160000			-2303.212713			0.003228
161000			-2303.212713			0.002921
162000			-2303.212713			0.002643
163000			-2303.212713			0.002391
164000			-2303.212713			0.002164
165000			-2303.212713			0.001958
166000			-2303.212713			0.001771
167000			-2303.212713			0.001603
168000			-2303.212713			0.001450
169000			-2303.212713			0.001312
170000			-2303.212713			0.001187
171000			-2303.212713			0.001074
Iteration: 7
Step			Log-likelihood			Temperature
1			-40291.791920			99900.000000
1000			-29029.030588			36769.542477
2000			-31141.593098			23501.721022
3000			-36376.746092			21265.130236
4000			-37875.199114			19241.389323
5000			-36285.110092			17410.241977
6000			-32018.163569			15753.359626
7000			-35608.551401			14254.157974
8000			-37728.804951			12897.631004
9000			-35210.621530			11670.200782
10000			-32766.231878			10559.581542
11000			-38224.287927			9554.656721
12000			-28260.020665			8645.367688
13000			-33988.765364			7822.613061
14000			-36909.156677			7078.157611
15000			-30362.177014			6404.549832
16000			-36908.259422			5795.047357
17000			-34180.206367			5243.549468
18000			-32574.468341			4744.536038
19000			-33514.385269			4293.012272
20000			-32207.203085			3884.458716
21000			-35598.561475			3514.786020
22000			-29932.876011			3180.294005
23000			-32115.089123			2877.634626
24000			-30747.917891			2603.778466
25000			-36274.882714			2355.984403
26000			-31537.787127			2131.772185
27000			-29180.374253			1928.897594
28000			-32196.186891			1745.329992
29000			-29944.296763			1579.231987
30000			-27191.018235			1428.941048
31000			-25797.609997			1292.952863
32000			-24264.020819			1169.906280
33000			-24560.324763			1058.569685
34000			-23198.668859			957.828671
35000			-28536.503244			866.674888
36000			-26118.769892			784.195947
37000			-25464.234694			709.566288
38000			-22485.950801			642.038917
39000			-20627.425026			580.937931
40000			-14329.605999			525.651749
41000			-18907.977737			475.626993
42000			-14015.486236			430.362949
43000			-15703.515404			389.406552
44000			-10627.840042			352.347857
45000			-12849.112544			318.815931
46000			-9060.560271			288.475142
47000			-11468.640967			261.021797
48000			-11432.912572			236.181108
49000			-11225.617369			213.704435
50000			-8397.222683			193.366803
51000			-7729.439968			174.964643
52000			-7812.584434			158.313765
53000			-8210.719504			143.247502
54000			-8161.555912			129.615051
55000			-7086.287430			117.279962
56000			-5677.385617			106.118767
57000			-5853.107272			96.019751
58000			-4801.410444			86.881830
59000			-4355.686358			78.613537
60000			-4776.328720			71.132114
61000			-5404.239872			64.362677
62000			-5406.846556			58.237467
63000			-5121.828511			52.695176
64000			-4140.512434			47.680328
65000			-4108.745365			43.142730
66000			-3606.495020			39.036961
67000			-3792.379545			35.321926
68000			-3192.441242			31.960441
69000			-3201.894539			28.918858
70000			-3258.840092			26.166734
71000			-2974.757395			23.676522
72000			-2747.136450			21.423296
73000			-2640.898291			19.384503
74000			-2623.792048			17.539736
75000			-2491.026602			15.870530
76000			-2502.409262			14.360177
77000			-2487.232382			12.993561
78000			-2464.467062			11.757001
79000			-2432.216192			10.638121
80000			-2454.981512			9.625722
81000			-2439.804632			8.709670
82000			-2437.907522			7.880796
83000			-2441.701742			7.130803
84000			-2420.833533			6.452185
85000			-2396.171103			5.838150
86000			-2405.656653			5.282550
87000			-2407.553763			4.779825
88000			-2401.862433			4.324943
89000			-2399.965323			3.913350
90000			-2356.331793			3.540928
91000			-2339.257803			3.203948
92000			-2350.640463			2.899038
93000			-2341.154913			2.623145
94000			-2329.772253			2.373508
95000			-2316.492483			2.147628
96000			-2331.669363			1.943244
97000			-2333.566473			1.758311
98000			-2320.286703			1.590978
99000			-2316.492483			1.439569
100000			-2318.389593			1.302570
101000			-2314.595373			1.178608
102000			-2314.595373			1.066443
103000			-2314.595373			0.964953
104000			-2312.698263			0.873121
105000			-2316.492483			0.790029
106000			-2314.595373			0.714844
107000			-2314.595373			0.646814
108000			-2307.006933			0.585259
109000			-2305.109823			0.529561
110000			-2305.109823			0.479165
111000			-2305.109823			0.433564
112000			-2303.212713			0.392303
113000			-2303.212713			0.354969
114000			-2303.212713			0.321187
115000			-2303.212713			0.290621
116000			-2303.212713			0.262963
117000			-2303.212713			0.237938
118000			-2303.212713			0.215294
119000			-2303.212713			0.194805
120000			-2303.212713			0.176266
121000			-2303.212713			0.159491
122000			-2303.212713			0.144313
123000			-2303.212713			0.130579
124000			-2303.212713			0.118152
125000			-2303.212713			0.106908
126000			-2303.212713			0.096734
127000			-2303.212713			0.087528
128000			-2303.212713			0.079198
129000			-2303.212713			0.071661
130000			-2303.212713			0.064841
131000			-2303.212713			0.058671
132000			-2303.212713			0.053087
133000			-2303.212713			0.048035
134000			-2303.212713			0.043464
135000			-2303.212713			0.039327
136000			-2303.212713			0.035585
137000			-2303.212713			0.032198
138000			-2303.212713			0.029134
139000			-2303.212713			0.026361
140000			-2303.212713			0.023853
141000			-2303.212713			0.021583
142000			-2303.212713			0.019529
143000			-2303.212713			0.017670
144000			-2303.212713			0.015989
145000			-2303.212713			0.014467
146000			-2303.212713			0.013090
147000			-2303.212713			0.011844
148000			-2303.212713			0.010717
149000			-2303.212713			0.009697
150000			-2303.212713			0.008774
151000			-2303.212713			0.007939
152000			-2303.212713			0.007184
153000			-2303.212713			0.006500
154000			-2303.212713			0.005882
155000			-2303.212713			0.005322
156000			-2303.212713			0.004815
157000			-2303.212713			0.004357
158000			-2303.212713			0.003942
159000			-2303.212713			0.003567
160000			-2303.212713			0.003228
161000			-2303.212713			0.002921
162000			-2303.212713			0.002643
163000			-2303.212713			0.002391
164000			-2303.212713			0.002164
165000			-2303.212713			0.001958
166000			-2303.212713			0.001771
167000			-2303.212713			0.001603
168000			-2303.212713			0.001450
169000			-2303.212713			0.001312
170000			-2303.212713			0.001187
171000			-2303.212713			0.001074
Iteration: 8
Step			Log-likelihood			Temperature
1			-38540.131854			99900.000000
1000			-31377.559047			36769.542477
2000			-34343.266904			23501.721022
3000			-32114.458791			21265.130236
4000			-34391.005510			19241.389323
5000			-36663.558648			17410.241977
6000			-38292.293606			15753.359626
7000			-32776.163136			14254.157974
8000			-30454.768938			12897.631004
9000			-32362.830611			11670.200782
10000			-30498.349639			10559.581542
11000			-29695.350222			9554.656721
12000			-37847.091413			8645.367688
13000			-36415.559133			7822.613061
14000			-32484.873200			7078.157611
15000			-31554.823024			6404.549832
16000			-29382.526434			5795.047357
17000			-35746.298602			5243.549468
18000			-34935.669595			4744.536038
19000			-38199.953870			4293.012272
20000			-29666.324690			3884.458716
21000			-33123.366516			3514.786020
22000			-31676.754117			3180.294005
23000			-31627.235737			2877.634626
24000			-35569.969973			2603.778466
25000			-30920.812927			2355.984403
26000			-24303.344074			2131.772185
27000			-31923.680374			1928.897594
28000			-31343.636841			1745.329992
29000			-35588.747553			1579.231987
30000			-30443.113515			1428.941048
31000			-27721.455525			1292.952863
32000			-31615.589211			1169.906280
33000			-24295.987247			1058.569685
34000			-26773.126306			957.828671
35000			-23201.451546			866.674888
36000			-23373.733768			784.195947
37000			-20536.428253			709.566288
38000			-15478.231439			642.038917
39000			-15107.773099			580.937931
40000			-15657.058314			525.651749
41000			-15626.443469			475.626993
42000			-15119.689330			430.362949
43000			-10327.560035			389.406552
44000			-12471.637427			352.347857
45000			-11290.737761			318.815931
46000			-11884.081639			288.475142
47000			-11289.040011			261.021797
48000			-10372.703635			236.181108
49000			-7165.256475			213.704435
50000			-7313.166547			193.366803
51000			-7725.962443			174.964643
52000			-8037.663202			158.313765
53000			-8329.947153			143.247502
54000			-7452.171630			129.615051
55000			-6643.782842			117.279962
56000			-7066.935128			106.118767
57000			-5659.795574			96.019751
58000			-5760.342403			86.881830
59000			-4985.133993			78.613537
60000			-4862.724939			71.132114
61000			-4967.517535			64.362677
62000			-4233.400478			58.237467
63000			-3544.303845			52.695176
64000			-3521.570779			47.680328
65000			-3142.245542			43.142730
66000			-3326.265210			39.036961
67000			-3286.329140			35.321926
68000			-3303.306370			31.960441
69000			-2854.755665			28.918858
70000			-2830.093235			26.166734
71000			-2881.282952			23.676522
72000			-2782.665486			21.423296
73000			-2739.031956			19.384503
74000			-2547.423848			17.539736
75000			-2348.227299			15.870530
76000			-2276.137120			14.360177
77000			-2279.931340			12.993561
78000			-2215.429600			11.757001
79000			-2221.120930			10.638121
80000			-2213.532490			9.625722
81000			-2213.532490			8.709670
82000			-2205.944050			7.880796
83000			-2215.429600			7.130803
84000			-2219.223820			6.452185
85000			-2241.956887			5.838150
86000			-2217.326710			5.282550
87000			-2202.149830			4.779825
88000			-2219.223820			4.324943
89000			-2217.326710			3.913350
90000			-2207.841160			3.540928
91000			-2207.841160			3.203948
92000			-2196.458500			2.899038
93000			-2198.355610			2.623145
94000			-2196.458500			2.373508
95000			-2200.252720			2.147628
96000			-2209.738270			1.943244
97000			-2196.458500			1.758311
98000			-2190.767170			1.590978
99000			-2192.664280			1.439569
100000			-2198.355610			1.302570
101000			-2198.355610			1.178608
102000			-2202.149830			1.066443
103000			-2181.281620			0.964953
104000			-2183.178730			0.873121
105000			-2183.178730			0.790029
106000			-2181.281620			0.714844
107000			-2183.178730			0.646814
108000			-2183.178730			0.585259
109000			-2177.487401			0.529561
110000			-2177.487401			0.479165
111000			-2177.487401			0.433564
112000			-2177.487401			0.392303
113000			-2177.487401			0.354969
114000			-2177.487401			0.321187
115000			-2177.487401			0.290621
116000			-2177.487401			0.262963
117000			-2177.487401			0.237938
118000			-2177.487401			0.215294
119000			-2175.590291			0.194805
120000			-2175.590291			0.176266
121000			-2175.590291			0.159491
122000			-2175.590291			0.144313
123000			-2175.590291			0.130579
124000			-2175.590291			0.118152
125000			-2175.590291			0.106908
126000			-2175.590291			0.096734
127000			-2175.590291			0.087528
128000			-2175.590291			0.079198
129000			-2175.590291			0.071661
130000			-2175.590291			0.064841
131000			-2175.590291			0.058671
132000			-2175.590291			0.053087
133000			-2175.590291			0.048035
134000			-2175.590291			0.043464
135000			-2175.590291			0.039327
136000			-2175.590291			0.035585
137000			-2175.590291			0.032198
138000			-2175.590291			0.029134
139000			-2175.590291			0.026361
140000			-2175.590291			0.023853
141000			-2175.590291			0.021583
142000			-2175.590291			0.019529
143000			-2175.590291			0.017670
144000			-2175.590291			0.015989
145000			-2175.590291			0.014467
146000			-2175.590291			0.013090
147000			-2175.590291			0.011844
148000			-2175.590291			0.010717
149000			-2175.590291			0.009697
150000			-2175.590291			0.008774
151000			-2175.590291			0.007939
152000			-2175.590291			0.007184
153000			-2175.590291			0.006500
154000			-2175.590291			0.005882
155000			-2175.590291			0.005322
156000			-2175.590291			0.004815
157000			-2175.590291			0.004357
158000			-2175.590291			0.003942
159000			-2175.590291			0.003567
160000			-2175.590291			0.003228
161000			-2175.590291			0.002921
162000			-2175.590291			0.002643
163000			-2175.590291			0.002391
164000			-2175.590291			0.002164
165000			-2175.590291			0.001958
166000			-2175.590291			0.001771
167000			-2175.590291			0.001603
168000			-2175.590291			0.001450
169000			-2175.590291			0.001312
170000			-2175.590291			0.001187
171000			-2175.590291			0.001074
Iteration: 9
Step			Log-likelihood			Temperature
1			-39665.493438			99900.000000
1000			-37011.116816			36769.542477
2000			-39757.366890			23501.721022
3000			-32364.367095			21265.130236
4000			-30208.763293			19241.389323
5000			-38243.162267			17410.241977
6000			-32482.606567			15753.359626
7000			-36109.414851			14254.157974
8000			-35290.423324			12897.631004
9000			-38494.612893			11670.200782
10000			-35942.604025			10559.581542
11000			-34251.372876			9554.656721
12000			-36900.219435			8645.367688
13000			-36907.259567			7822.613061
14000			-32750.409930			7078.157611
15000			-35111.804705			6404.549832
16000			-32002.051341			5795.047357
17000			-34268.247507			5243.549468
18000			-31980.452982			4744.536038
19000			-36733.112489			4293.012272
20000			-27397.850213			3884.458716
21000			-29087.506785			3514.786020
22000			-36973.013349			3180.294005
23000			-31771.674123			2877.634626
24000			-29371.413479			2603.778466
25000			-34217.916954			2355.984403
26000			-32195.368878			2131.772185
27000			-27104.428496			1928.897594
28000			-31248.916194			1745.329992
29000			-29854.126900			1579.231987
30000			-30536.769800			1428.941048
31000			-24391.842601			1292.952863
32000			-31770.164054			1169.906280
33000			-26957.597522			1058.569685
34000			-23174.440459			957.828671
35000			-22189.617384			866.674888
36000			-25090.090572			784.195947
37000			-20758.202440			709.566288
38000			-17607.158365			642.038917
39000			-18675.166780			580.937931
40000			-16465.244685			525.651749
41000			-18678.799733			475.626993
42000			-13656.609916			430.362949
43000			-10544.642747			389.406552
44000			-13896.639789			352.347857
45000			-10727.888335			318.815931
46000			-11669.972077			288.475142
47000			-7944.962840			261.021797
48000			-10209.402587			236.181108
49000			-7883.481239			213.704435
50000			-9854.417246			193.366803
51000			-9002.969650			174.964643
52000			-8399.468741			158.313765
53000			-6644.422070			143.247502
54000			-7425.418570			129.615051
55000			-6968.569850			117.279962
56000			-7427.761388			106.118767
57000			-6030.183568			96.019751
58000			-5741.409395			86.881830
59000			-4950.030090			78.613537
60000			-4306.748539			71.132114
61000			-4189.772787			64.362677
62000			-4789.124690			58.237467
63000			-4256.036784			52.695176
64000			-4093.756166			47.680328
65000			-3667.164447			43.142730
66000			-3487.777586			39.036961
67000			-3211.412342			35.321926
68000			-2942.022724			31.960441
69000			-3074.820423			28.918858
70000			-2938.228504			26.166734
71000			-2737.134846			23.676522
72000			-2642.247093			21.423296
73000			-2811.122135			19.384503
74000			-2714.369526			17.539736
75000			-2579.674717			15.870530
76000			-2477.230778			14.360177
77000			-2378.581059			12.993561
78000			-2382.375279			11.757001
79000			-2331.153309			10.638121
80000			-2310.285099			9.625722
81000			-2281.828450			8.709670
82000			-2236.297810			7.880796
83000			-2223.018040			7.130803
84000			-2221.120930			6.452185
85000			-2207.841160			5.838150
86000			-2205.944050			5.282550
87000			-2215.429600			4.779825
88000			-2205.944050			4.324943
89000			-2209.738270			3.913350
90000			-2217.326710			3.540928
91000			-2215.429600			3.203948
92000			-2194.561390			2.899038
93000			-2185.075840			2.623145
94000			-2196.458500			2.373508
95000			-2194.561390			2.147628
96000			-2204.046940			1.943244
97000			-2194.561390			1.758311
98000			-2185.075840			1.590978
99000			-2183.178730			1.439569
100000			-2190.767170			1.302570
101000			-2185.075840			1.178608
102000			-2190.767170			1.066443
103000			-2192.664280			0.964953
104000			-2185.075840			0.873121
105000			-2181.281620			0.790029
106000			-2181.281620			0.714844
107000			-2177.487401			0.646814
108000			-2177.487401			0.585259
109000			-2177.487401			0.529561
110000			-2177.487401			0.479165
111000			-2177.487401			0.433564
112000			-2177.487401			0.392303
113000			-2177.487401			0.354969
114000			-2177.487401			0.321187
115000			-2177.487401			0.290621
116000			-2177.487401			0.262963
117000			-2177.487401			0.237938
118000			-2177.487401			0.215294
119000			-2175.590291			0.194805
120000			-2175.590291			0.176266
121000			-2175.590291			0.159491
122000			-2175.590291			0.144313
123000			-2175.590291			0.130579
124000			-2175.590291			0.118152
125000			-2175.590291			0.106908
126000			-2175.590291			0.096734
127000			-2175.590291			0.087528
128000			-2175.590291			0.079198
129000			-2175.590291			0.071661
130000			-2175.590291			0.064841
131000			-2175.590291			0.058671
132000			-2175.590291			0.053087
133000			-2175.590291			0.048035
134000			-2175.590291			0.043464
135000			-2175.590291			0.039327
136000			-2175.590291			0.035585
137000			-2175.590291			0.032198
138000			-2175.590291			0.029134
139000			-2175.590291			0.026361
140000			-2175.590291			0.023853
141000			-2175.590291			0.021583
142000			-2175.590291			0.019529
143000			-2175.590291			0.017670
144000			-2175.590291			0.015989
145000			-2175.590291			0.014467
146000			-2175.590291			0.013090
147000			-2175.590291			0.011844
148000			-2175.590291			0.010717
149000			-2175.590291			0.009697
150000			-2175.590291			0.008774
151000			-2175.590291			0.007939
152000			-2175.590291			0.007184
153000			-2175.590291			0.006500
154000			-2175.590291			0.005882
155000			-2175.590291			0.005322
156000			-2175.590291			0.004815
157000			-2175.590291			0.004357
158000			-2175.590291			0.003942
159000			-2175.590291			0.003567
160000			-2175.590291			0.003228
161000			-2175.590291			0.002921
162000			-2175.590291			0.002643
163000			-2175.590291			0.002391
164000			-2175.590291			0.002164
165000			-2175.590291			0.001958
166000			-2175.590291			0.001771
167000			-2175.590291			0.001603
168000			-2175.590291			0.001450
169000			-2175.590291			0.001312
170000			-2175.590291			0.001187
171000			-2175.590291			0.001074
Iteration: 10
Step			Log-likelihood			Temperature
1			-39939.542277			99900.000000
1000			-36599.546548			36769.542477
2000			-33225.004121			23501.721022
3000			-37679.667773			21265.130236
4000			-36153.590849			19241.389323
5000			-37336.710159			17410.241977
6000			-35697.102756			15753.359626
7000			-35854.471964			14254.157974
8000			-35270.619475			12897.631004
9000			-37274.105530			11670.200782
10000			-35693.933029			10559.581542
11000			-35861.136734			9554.656721
12000			-33330.764319			8645.367688
13000			-30820.122348			7822.613061
14000			-32414.460196			7078.157611
15000			-36008.868022			6404.549832
16000			-32015.826589			5795.047357
17000			-34542.161494			5243.549468
18000			-37989.697195			4744.536038
19000			-35027.956503			4293.012272
20000			-38186.732768			3884.458716
21000			-28318.834132			3514.786020
22000			-26148.645690			3180.294005
23000			-32119.962440			2877.634626
24000			-23996.780499			2603.778466
25000			-26282.431565			2355.984403
26000			-28379.295303			2131.772185
27000			-28967.865682			1928.897594
28000			-30230.405584			1745.329992
29000			-26364.555602			1579.231987
30000			-36011.990760			1428.941048
31000			-25038.164867			1292.952863
32000			-19636.784665			1169.906280
33000			-24017.499120			1058.569685
34000			-26489.113955			957.828671
35000			-23084.933181			866.674888
36000			-24209.365255			784.195947
37000			-21196.739863			709.566288
38000			-19817.317912			642.038917
39000			-15599.426543			580.937931
40000			-16807.410700			525.651749
41000			-16212.401325			475.626993
42000			-11468.717152			430.362949
43000			-12752.468373			389.406552
44000			-12940.261686			352.347857
45000			-11844.720291			318.815931
46000			-10390.727709			288.475142
47000			-8653.960081			261.021797
48000			-11417.694542			236.181108
49000			-9332.336638			213.704435
50000			-9495.077700			193.366803
51000			-9294.145309			174.964643
52000			-9305.211274			158.313765
53000			-8260.361059			143.247502
54000			-6533.724048			129.615051
55000			-6843.263831			117.279962
56000			-5404.776501			106.118767
57000			-5258.479098			96.019751
58000			-5105.877550			86.881830
59000			-5263.686627			78.613537
60000			-4994.942077			71.132114
61000			-4947.133126			64.362677
62000			-4606.266143			58.237467
63000			-4308.903676			52.695176
64000			-4192.663913			47.680328
65000			-3821.152889			43.142730
66000			-3273.984718			39.036961
67000			-3368.291910			35.321926
68000			-3446.073420			31.960441
69000			-3230.480202			28.918858
70000			-3074.788170			26.166734
71000			-3072.923313			23.676522
72000			-2877.488732			21.423296
73000			-2849.032082			19.384503
74000			-2805.398552			17.539736
75000			-2750.382363			15.870530
76000			-2867.261354			14.360177
77000			-2696.779482			12.993561
78000			-2558.290453			11.757001
79000			-2455.846514			10.638121
80000			-2472.920504			9.625722
81000			-2433.081194			8.709670
82000			-2404.624545			7.880796
83000			-2381.859225			7.130803
84000			-2385.653445			6.452185
85000			-2389.447665			5.838150
86000			-2226.812260			5.282550
87000			-2217.326710			4.779825
88000			-2226.812260			4.324943
89000			-2234.400700			3.913350
90000			-2223.018040			3.540928
91000			-2207.841160			3.203948
92000			-2200.252720			2.899038
93000			-2200.252720			2.623145
94000			-2196.458500			2.373508
95000			-2188.870060			2.147628
96000			-2188.870060			1.943244
97000			-2194.561390			1.758311
98000			-2192.664280			1.590978
99000			-2198.355610			1.439569
100000			-2192.664280			1.302570
101000			-2181.281620			1.178608
102000			-2181.281620			1.066443
103000			-2181.281620			0.964953
104000			-2179.384510			0.873121
105000			-2175.590291			0.790029
106000			-2177.487401			0.714844
107000			-2175.590291			0.646814
108000			-2175.590291			0.585259
109000			-2175.590291			0.529561
110000			-2175.590291			0.479165
111000			-2175.590291			0.433564
112000			-2175.590291			0.392303
113000			-2175.590291			0.354969
114000			-2175.590291			0.321187
115000			-2175.590291			0.290621
116000			-2175.590291			0.262963
117000			-2175.590291			0.237938
118000			-2175.590291			0.215294
119000			-2175.590291			0.194805
120000			-2175.590291			0.176266
121000			-2175.590291			0.159491
122000			-2175.590291			0.144313
123000			-2175.590291			0.130579
124000			-2175.590291			0.118152
125000			-2175.590291			0.106908
126000			-2175.590291			0.096734
127000			-2175.590291			0.087528
128000			-2175.590291			0.079198
129000			-2175.590291			0.071661
130000			-2175.590291			0.064841
131000			-2175.590291			0.058671
132000			-2175.590291			0.053087
133000			-2175.590291			0.048035
134000			-2175.590291			0.043464
135000			-2175.590291			0.039327
136000			-2175.590291			0.035585
137000			-2175.590291			0.032198
138000			-2175.590291			0.029134
139000			-2175.590291			0.026361
140000			-2175.590291			0.023853
141000			-2175.590291			0.021583
142000			-2175.590291			0.019529
143000			-2175.590291			0.017670
144000			-2175.590291			0.015989
145000			-2175.590291			0.014467
146000			-2175.590291			0.013090
147000			-2175.590291			0.011844
148000			-2175.590291			0.010717
149000			-2175.590291			0.009697
150000			-2175.590291			0.008774
151000			-2175.590291			0.007939
152000			-2175.590291			0.007184
153000			-2175.590291			0.006500
154000			-2175.590291			0.005882
155000			-2175.590291			0.005322
156000			-2175.590291			0.004815
157000			-2175.590291			0.004357
158000			-2175.590291			0.003942
159000			-2175.590291			0.003567
160000			-2175.590291			0.003228
161000			-2175.590291			0.002921
162000			-2175.590291			0.002643
163000			-2175.590291			0.002391
164000			-2175.590291			0.002164
165000			-2175.590291			0.001958
166000			-2175.590291			0.001771
167000			-2175.590291			0.001603
168000			-2175.590291			0.001450
169000			-2175.590291			0.001312
170000			-2175.590291			0.001187
171000			-2175.590291			0.001074

Maximum likelihood Tree found: -2175.590291
digraph g {
	"49" -> "50";
	"50" [label="29"];
	"48" -> "49";
	"49" [label="25"];
	"47" -> "48";
	"48" [label="45"];
	"46" -> "47";
	"47" [label="16"];
	"45" -> "46";
	"46" [label="36"];
	"44" -> "45";
	"45" [label="39"];
	"43" -> "44";
	"44" [label="49"];
	"42" -> "43";
	"43" [label="34"];
	"41" -> "42";
	"42" [label="42"];
	"40" -> "41";
	"41" [label="11"];
	"39" -> "40";
	"40" [label="46"];
	"38" -> "39";
	"39" [label="43"];
	"37" -> "38";
	"38" [label="8"];
	"36" -> "37";
	"37" [label="5"];
	"35" -> "36";
	"36" [label="2"];
	"34" -> "35";
	"35" [label="22"];
	"33" -> "34";
	"34" [label="23"];
	"32" -> "33";
	"33" [label="40"];
	"31" -> "32";
	"32" [label="20"];
	"30" -> "31";
	"31" [label="24"];
	"29" -> "30";
	"30" [label="14"];
	"28" -> "29";
	"29" [label="18"];
	"27" -> "28";
	"28" [label="30"];
	"26" -> "27";
	"27" [label="9"];
	"25" -> "26";
	"26" [label="37"];
	"24" -> "25";
	"25" [label="32"];
	"23" -> "24";
	"24" [label="19"];
	"22" -> "23";
	"23" [label="26"];
	"21" -> "22";
	"22" [label="21"];
	"20" -> "21";
	"21" [label="10"];
	"18" -> "19";
	"19" [label="35"];
	"17" -> "18";
	"18" [label="13"];
	"16" -> "17";
	"17" [label="27"];
	"15" -> "16";
	"16" [label="6"];
	"13" -> "14";
	"14" [label="50"];
	"12" -> "13";
	"13" [label="28"];
	"11" -> "12";
	"12" [label="12"];
	"10" -> "11";
	"11" [label="33"];
	"10" -> "15";
	"15" [label="48"];
	"9" -> "10";
	"10" [label="38"];
	"8" -> "9";
	"9" [label="31"];
	"7" -> "8";
	"8" [label="17"];
	"7" -> "20";
	"20" [label="4"];
	"6" -> "7";
	"7" [label="41"];
	"5" -> "6";
	"6" [label="3"];
	"4" -> "5";
	"5" [label="47"];
	"3" -> "4";
	"4" [label="44"];
	"2" -> "3";
	"3" [label="7"];
	"1" -> "2";
	"2" [label="1"];
	"0" -> "1";
	"1" [label="15"];
	"0" [label="germline"];
	labelloc="t";
	label="Confidence score: -2175.590291";
}
Best cell assigment:
10 25 44 50 43 48 19 44 44 50 50 43 25 25 5 17 43 10 50 25 13 44 25 6 9 36 50 48 47 48 10 6 47 32 50 48 10 46 44 47 50 9 37 10 48 14 14 50 6 14 44 49 44 50 42 19 44 48 13 14 19 6 25 43 6 50 14 25 14 13 5 19 43 6 10 6 37 14 10 14 19 10 37 6 18 13 49 9 14 10 24 50 25 37 46 48 6 35 49 14 14 37 50 25 48 48 10 37 50 44 50 48 9 48 10 9 14 43 50 50 48 37 37 44 36 10 19 19 23 5 50 44 14 10 19 6 8 48 40 14 47 44 50 25 9 50 13 44 48 50 13 9 6 48 35 23 48 24 18 50 37 24 50 44 36 50 37 19 9 43 14 4 10 14 19 50 36 36 6 19 43 14 22 5 10 44 50 3 37 43 43 35 50 10 14 8 8 14 37 37 13 37 14 45 10 12 9 25 19 14 14 6 25 44 50 48 19 49 36 10 47 37 18 37 25 22 24 6 37 50 19 48 48 14 19 49 48 48 48 37 19 9 18 9 19 14 19 17 37 42 
alpha: 0.150000
beta: 0.000010
alpha: 1.000000
