Starting SASC.
Iteration: 1
Step			Log-likelihood			Temperature
1			-36708.644288			9900.000000
1000			-27622.703914			1054.648417
2000			-17080.096709			387.789398
3000			-12972.744877			142.588387
4000			-8459.892527			52.429098
5000			-5238.300595			19.277939
6000			-4423.962450			7.088410
7000			-3777.563999			2.606376
8000			-3523.093234			0.958353
9000			-3237.081174			0.352382
10000			-3083.415265			0.129569
11000			-3026.501966			0.047642
12000			-2927.852246			0.017518
13000			-2742.451522			0.006441
14000			-2110.713897			0.002368

Maximum likelihood Tree found: -2042.417937
digraph g {
	"49" -> "50";
	"50" [label="6"];
	"48" -> "49";
	"49" [label="32"];
	"47" -> "48";
	"48" [label="42"];
	"46" -> "47";
	"47" [label="19"];
	"45" -> "46";
	"46" [label="45"];
	"44" -> "45";
	"45" [label="10"];
	"43" -> "44";
	"44" [label="31"];
	"42" -> "43";
	"43" [label="29"];
	"41" -> "42";
	"42" [label="24"];
	"40" -> "41";
	"41" [label="30"];
	"39" -> "40";
	"40" [label="38"];
	"38" -> "39";
	"39" [label="9"];
	"37" -> "38";
	"38" [label="17"];
	"36" -> "37";
	"37" [label="33"];
	"35" -> "36";
	"36" [label="46"];
	"34" -> "35";
	"35" [label="35"];
	"33" -> "34";
	"34" [label="7"];
	"32" -> "33";
	"33" [label="41"];
	"31" -> "32";
	"32" [label="1"];
	"30" -> "31";
	"31" [label="15"];
	"29" -> "30";
	"30" [label="39"];
	"28" -> "29";
	"29" [label="18"];
	"27" -> "28";
	"28" [label="23"];
	"25" -> "26";
	"26" [label="21"];
	"24" -> "25";
	"25" [label="12"];
	"22" -> "23";
	"23" [label="22"];
	"21" -> "22";
	"22" [label="50"];
	"20" -> "21";
	"21" [label="5"];
	"19" -> "20";
	"20" [label="26"];
	"18" -> "19";
	"19" [label="37"];
	"17" -> "18";
	"18" [label="13"];
	"16" -> "17";
	"17" [label="28"];
	"15" -> "16";
	"16" [label="43"];
	"14" -> "15";
	"15" [label="34"];
	"13" -> "14";
	"14" [label="20"];
	"12" -> "13";
	"13" [label="47"];
	"11" -> "12";
	"12" [label="8"];
	"10" -> "11";
	"11" [label="49"];
	"10" -> "24";
	"24" [label="40"];
	"10" -> "27";
	"27" [label="3"];
	"9" -> "10";
	"10" [label="44"];
	"8" -> "9";
	"9" [label="2"];
	"7" -> "8";
	"8" [label="16"];
	"6" -> "7";
	"7" [label="4"];
	"5" -> "6";
	"6" [label="48"];
	"4" -> "5";
	"5" [label="14"];
	"3" -> "4";
	"4" [label="36"];
	"2" -> "3";
	"3" [label="25"];
	"1" -> "2";
	"2" [label="11"];
	"0" -> "1";
	"1" [label="27"];
	"0" [label="germline"];
	labelloc="t";
	label="Confidence score: -2042.417937";
}
Best cell assignment:
26 46 50 37 48 19 50 46 31 2 38 38 33 6 20 23 26 49 6 23 26 50 20 50 10 19 24 50 3 26 48 31 5 36 10 26 10 9 26 22 7 21 50 23 48 48 50 38 33 6 37 10 49 20 46 48 20 10 23 6 49 31 49 38 26 44 38 19 38 20 19 50 46 48 33 23 6 33 38 9 35 16 23 33 10 3 20 38 37 10 50 26 23 23 48 38 26 50 6 23 49 38 23 23 26 33 25 33 10 26 8 22 33 8 22 50 50 10 48 38 6 26 50 6 19 20 36 6 33 49 30 6 38 23 6 48 10 10 23 9 38 5 46 37 33 50 20 48 17 24 49 50 38 34 37 24 20 50 48 50 38 50 33 26 23 18 33 33 5 50 9 48 21 6 48 17 26 10 48 10 48 37 33 6 37 20 9 23 6 5 20 25 23 50 50 50 38 10 31 50 38 6 26 50 20 48 33 10 50 23 26 31 10 50 37 50 36 48 48 48 19 38 50 20 6 23 26 20 10 10 6 50 10 19 23 20 38 38 36 6 6 50 20 6 21 48 5 29 6 6 
alpha: 0.150000
beta: 0.000010
gamma: 1.000000
delta: 1.000000
