Starting SASC.
Iteration: 1
Step			Log-likelihood			Temperature
1			-28390.509521			99900.000000
1000			-25819.611578			36769.542477
2000			-26110.051248			23501.721022
3000			-25823.244531			21265.130236
4000			-23800.728709			19241.389323
5000			-24288.139444			17410.241977
6000			-23835.697759			15753.359626
7000			-25776.274168			14254.157974
8000			-26778.854392			12897.631004
9000			-24918.695373			11670.200782
10000			-24010.366730			10559.581542
11000			-26014.814547			9554.656721
12000			-22155.048775			8645.367688
13000			-24846.373580			7822.613061
14000			-27312.942153			7078.157611
15000			-23434.999937			6404.549832
16000			-24882.779296			5795.047357
17000			-20424.702626			5243.549468
18000			-27285.667199			4744.536038
19000			-25641.250986			4293.012272
20000			-23247.303383			3884.458716
21000			-20634.302555			3514.786020
22000			-23912.787211			3180.294005
23000			-20806.080401			2877.634626
24000			-25215.582936			2603.778466
25000			-25710.992508			2355.984403
26000			-25807.900545			2131.772185
27000			-26228.129453			1928.897594
28000			-25879.937896			1745.329992
29000			-19691.107462			1579.231987
30000			-21676.182402			1428.941048
31000			-20325.595521			1292.952863
32000			-21403.153992			1169.906280
33000			-23575.069381			1058.569685
34000			-18546.355485			957.828671
35000			-20974.430492			866.674888
36000			-17679.851125			784.195947
37000			-16034.552393			709.566288
38000			-21002.203982			642.038917
39000			-14680.936475			580.937931
40000			-16659.340806			525.651749
41000			-12734.275857			475.626993
42000			-14790.828163			430.362949
43000			-14222.829874			389.406552
44000			-13049.697432			352.347857
45000			-14711.466238			318.815931
46000			-15280.437966			288.475142
47000			-14689.222811			261.021797
48000			-13779.002898			236.181108
49000			-12896.090191			213.704435
50000			-13241.003582			193.366803
51000			-11253.999279			174.964643
52000			-12142.389220			158.313765
53000			-11895.744347			143.247502
54000			-10367.292352			129.615051
55000			-8578.129955			117.279962
56000			-8370.060671			106.118767
57000			-8228.223130			96.019751
58000			-8485.004460			86.881830
59000			-6922.990885			78.613537
60000			-6961.411047			71.132114
61000			-6252.472473			64.362677
62000			-6005.273453			58.237467
63000			-5191.128828			52.695176
64000			-4358.142117			47.680328
65000			-4576.954833			43.142730
66000			-4130.172224			39.036961
67000			-3273.807379			35.321926
68000			-3461.460001			31.960441
69000			-3080.753708			28.918858
70000			-2591.912146			26.166734
71000			-1951.753333			23.676522
72000			-1987.798422			21.423296
73000			-2003.394596			19.384503
74000			-1851.658051			17.539736
75000			-1711.271912			15.870530
76000			-1747.317001			14.360177
77000			-1682.815262			12.993561
78000			-1652.461502			11.757001
79000			-1699.889252			10.638121
80000			-1550.017563			9.625722
81000			-1532.943573			8.709670
82000			-1536.737793			7.880796
83000			-1519.663803			7.130803
84000			-1506.384033			6.452185
85000			-1508.281143			5.838150
86000			-1495.001373			5.282550
87000			-1500.692703			4.779825
88000			-1502.589813			4.324943
89000			-1483.618714			3.913350
90000			-1504.486923			3.540928
91000			-1487.412933			3.203948
92000			-1466.544724			2.899038
93000			-1464.647614			2.623145
94000			-1464.647614			2.373508
95000			-1458.956284			2.147628
96000			-1458.956284			1.943244
97000			-1460.853394			1.758311
98000			-1460.853394			1.590978
99000			-1466.544724			1.439569
100000			-1441.882294			1.302570
101000			-1439.985184			1.178608
102000			-1441.882294			1.066443
103000			-1436.190964			0.964953
104000			-1428.602524			0.873121
105000			-1428.602524			0.790029
106000			-1426.705414			0.714844
107000			-1426.705414			0.646814
108000			-1426.705414			0.585259
109000			-1426.705414			0.529561
110000			-1426.705414			0.479165
111000			-1426.705414			0.433564
112000			-1426.705414			0.392303
113000			-1424.808304			0.354969
114000			-1424.808304			0.321187
115000			-1422.911194			0.290621
116000			-1422.911194			0.262963
117000			-1421.014084			0.237938
118000			-1421.014084			0.215294
119000			-1421.014084			0.194805
120000			-1421.014084			0.176266
121000			-1421.014084			0.159491
122000			-1421.014084			0.144313
123000			-1421.014084			0.130579
124000			-1421.014084			0.118152
125000			-1421.014084			0.106908
126000			-1421.014084			0.096734
127000			-1421.014084			0.087528
128000			-1419.116974			0.079198
129000			-1419.116974			0.071661
130000			-1419.116974			0.064841
131000			-1419.116974			0.058671
132000			-1419.116974			0.053087
133000			-1419.116974			0.048035
134000			-1419.116974			0.043464
135000			-1419.116974			0.039327
136000			-1419.116974			0.035585
137000			-1419.116974			0.032198
138000			-1417.219864			0.029134
139000			-1417.219864			0.026361
140000			-1417.219864			0.023853
141000			-1417.219864			0.021583
142000			-1417.219864			0.019529
143000			-1417.219864			0.017670
144000			-1417.219864			0.015989
145000			-1417.219864			0.014467
146000			-1417.219864			0.013090
147000			-1417.219864			0.011844
148000			-1417.219864			0.010717
149000			-1417.219864			0.009697
150000			-1417.219864			0.008774
151000			-1417.219864			0.007939
152000			-1417.219864			0.007184
153000			-1417.219864			0.006500
154000			-1417.219864			0.005882
155000			-1417.219864			0.005322
156000			-1417.219864			0.004815
157000			-1417.219864			0.004357
158000			-1417.219864			0.003942
159000			-1417.219864			0.003567
160000			-1417.219864			0.003228
161000			-1417.219864			0.002921
162000			-1417.219864			0.002643
163000			-1417.219864			0.002391
164000			-1417.219864			0.002164
165000			-1417.219864			0.001958
166000			-1417.219864			0.001771
167000			-1417.219864			0.001603
168000			-1417.219864			0.001450
169000			-1417.219864			0.001312
170000			-1417.219864			0.001187
171000			-1417.219864			0.001074
Iteration: 2
Step			Log-likelihood			Temperature
1			-28773.435458			99900.000000
1000			-25938.070985			36769.542477
2000			-27307.928143			23501.721022
3000			-27571.690938			21265.130236
4000			-26677.894108			19241.389323
5000			-26277.061433			17410.241977
6000			-26105.585546			15753.359626
7000			-26108.154138			14254.157974
8000			-24797.714364			12897.631004
9000			-21272.059883			11670.200782
10000			-26535.868886			10559.581542
11000			-25433.530650			9554.656721
12000			-23536.857476			8645.367688
13000			-26952.781536			7822.613061
14000			-27196.341763			7078.157611
15000			-22499.548711			6404.549832
16000			-17794.132330			5795.047357
17000			-27192.741064			5243.549468
18000			-24740.205767			4744.536038
19000			-27447.346681			4293.012272
20000			-23633.712684			3884.458716
21000			-24446.561335			3514.786020
22000			-23835.562907			3180.294005
23000			-26555.549560			2877.634626
24000			-23082.981906			2603.778466
25000			-27280.008123			2355.984403
26000			-25481.958254			2131.772185
27000			-24652.862523			1928.897594
28000			-25226.118111			1745.329992
29000			-20173.199172			1579.231987
30000			-19159.825745			1428.941048
31000			-23325.134663			1292.952863
32000			-18585.916192			1169.906280
33000			-21080.431199			1058.569685
34000			-16276.397352			957.828671
35000			-17052.429613			866.674888
36000			-21323.056079			784.195947
37000			-17110.181501			709.566288
38000			-21877.850782			642.038917
39000			-15987.265335			580.937931
40000			-19146.985844			525.651749
41000			-18941.013029			475.626993
42000			-16846.934760			430.362949
43000			-14061.446512			389.406552
44000			-15087.964856			352.347857
45000			-13402.026318			318.815931
46000			-14142.969413			288.475142
47000			-14840.507809			261.021797
48000			-12266.050317			236.181108
49000			-9698.310423			213.704435
50000			-10944.641338			193.366803
51000			-11571.740316			174.964643
52000			-10436.931275			158.313765
53000			-7401.288375			143.247502
54000			-7270.549053			129.615051
55000			-5921.774200			117.279962
56000			-6908.878367			106.118767
57000			-8460.863923			96.019751
58000			-7097.079296			86.881830
59000			-6163.572170			78.613537
60000			-4845.737476			71.132114
61000			-4186.091508			64.362677
62000			-4514.549563			58.237467
63000			-4041.491856			52.695176
64000			-4145.929665			47.680328
65000			-3478.695258			43.142730
66000			-2867.380134			39.036961
67000			-3027.221174			35.321926
68000			-2776.963923			31.960441
69000			-2723.651323			28.918858
70000			-2654.710296			26.166734
71000			-2347.991292			23.676522
72000			-2001.529739			21.423296
73000			-2337.318207			19.384503
74000			-2050.854599			17.539736
75000			-1864.937820			15.870530
76000			-1775.773651			14.360177
77000			-1796.641861			12.993561
78000			-1694.197922			11.757001
79000			-1633.490402			10.638121
80000			-1646.770172			9.625722
81000			-1679.021042			8.709670
82000			-1680.918152			7.880796
83000			-1523.458023			7.130803
84000			-1487.412933			6.452185
85000			-1474.133164			5.838150
86000			-1464.647614			5.282550
87000			-1462.750504			4.779825
88000			-1483.618714			4.324943
89000			-1489.310043			3.913350
90000			-1472.236054			3.540928
91000			-1470.338944			3.203948
92000			-1470.338944			2.899038
93000			-1468.441834			2.623145
94000			-1458.956284			2.373508
95000			-1430.499634			2.147628
96000			-1424.808304			1.943244
97000			-1421.014084			1.758311
98000			-1419.116974			1.590978
99000			-1409.631424			1.439569
100000			-1415.322754			1.302570
101000			-1417.219864			1.178608
102000			-1407.734314			1.066443
103000			-1405.837204			0.964953
104000			-1405.837204			0.873121
105000			-1407.734314			0.790029
106000			-1402.042984			0.714844
107000			-1403.940094			0.646814
108000			-1396.351654			0.585259
109000			-1392.557434			0.529561
110000			-1392.557434			0.479165
111000			-1392.557434			0.433564
112000			-1390.660324			0.392303
113000			-1390.660324			0.354969
114000			-1390.660324			0.321187
115000			-1388.763214			0.290621
116000			-1388.763214			0.262963
117000			-1388.763214			0.237938
118000			-1388.763214			0.215294
119000			-1388.763214			0.194805
120000			-1388.763214			0.176266
121000			-1388.763214			0.159491
122000			-1386.866104			0.144313
123000			-1386.866104			0.130579
124000			-1386.866104			0.118152
125000			-1386.866104			0.106908
126000			-1386.866104			0.096734
127000			-1386.866104			0.087528
128000			-1386.866104			0.079198
129000			-1386.866104			0.071661
130000			-1386.866104			0.064841
131000			-1386.866104			0.058671
132000			-1386.866104			0.053087
133000			-1386.866104			0.048035
134000			-1386.866104			0.043464
135000			-1386.866104			0.039327
136000			-1386.866104			0.035585
137000			-1386.866104			0.032198
138000			-1386.866104			0.029134
139000			-1386.866104			0.026361
140000			-1386.866104			0.023853
141000			-1386.866104			0.021583
142000			-1386.866104			0.019529
143000			-1386.866104			0.017670
144000			-1386.866104			0.015989
145000			-1386.866104			0.014467
146000			-1386.866104			0.013090
147000			-1386.866104			0.011844
148000			-1386.866104			0.010717
149000			-1386.866104			0.009697
150000			-1386.866104			0.008774
151000			-1386.866104			0.007939
152000			-1386.866104			0.007184
153000			-1386.866104			0.006500
154000			-1386.866104			0.005882
155000			-1386.866104			0.005322
156000			-1386.866104			0.004815
157000			-1386.866104			0.004357
158000			-1386.866104			0.003942
159000			-1386.866104			0.003567
160000			-1386.866104			0.003228
161000			-1386.866104			0.002921
162000			-1386.866104			0.002643
163000			-1386.866104			0.002391
164000			-1386.866104			0.002164
165000			-1386.866104			0.001958
166000			-1386.866104			0.001771
167000			-1386.866104			0.001603
168000			-1386.866104			0.001450
169000			-1386.866104			0.001312
170000			-1386.866104			0.001187
171000			-1386.866104			0.001074
Iteration: 3
Step			Log-likelihood			Temperature
1			-28163.823924			99900.000000
1000			-25492.206207			36769.542477
2000			-24431.223188			23501.721022
3000			-27680.782130			21265.130236
4000			-24477.785936			19241.389323
5000			-25432.703740			17410.241977
6000			-23961.707513			15753.359626
7000			-22824.109946			14254.157974
8000			-23393.418945			12897.631004
9000			-27351.722940			11670.200782
10000			-28148.846404			10559.581542
11000			-26113.206239			9554.656721
12000			-23789.302117			8645.367688
13000			-25764.557296			7822.613061
14000			-25982.112130			7078.157611
15000			-26352.673069			6404.549832
16000			-24744.214083			5795.047357
17000			-26928.339041			5243.549468
18000			-21578.503342			4744.536038
19000			-24139.461130			4293.012272
20000			-19342.754638			3884.458716
21000			-25394.755701			3514.786020
22000			-21993.498307			3180.294005
23000			-26410.213919			2877.634626
24000			-26138.771764			2603.778466
25000			-25215.568200			2355.984403
26000			-26730.787414			2131.772185
27000			-23061.512560			1928.897594
28000			-23824.552551			1745.329992
29000			-24566.821092			1579.231987
30000			-22413.070469			1428.941048
31000			-24671.748541			1292.952863
32000			-19132.949511			1169.906280
33000			-16936.421463			1058.569685
34000			-18859.621923			957.828671
35000			-19850.582036			866.674888
36000			-20604.637795			784.195947
37000			-15756.946784			709.566288
38000			-17129.909164			642.038917
39000			-21216.738677			580.937931
40000			-19146.739496			525.651749
41000			-17744.347026			475.626993
42000			-16080.001008			430.362949
43000			-16016.941773			389.406552
44000			-14728.610574			352.347857
45000			-14205.377741			318.815931
46000			-11206.958569			288.475142
47000			-12489.469426			261.021797
48000			-10846.921127			236.181108
49000			-11245.276132			213.704435
50000			-12530.000793			193.366803
51000			-11087.103370			174.964643
52000			-10158.545747			158.313765
53000			-10602.695257			143.247502
54000			-8686.658104			129.615051
55000			-8839.764027			117.279962
56000			-9057.157594			106.118767
57000			-7606.498787			96.019751
58000			-7304.658940			86.881830
59000			-7178.622772			78.613537
60000			-5857.433727			71.132114
61000			-4826.282575			64.362677
62000			-5222.262508			58.237467
63000			-5773.735114			52.695176
64000			-5593.805785			47.680328
65000			-4488.338971			43.142730
66000			-4395.154808			39.036961
67000			-3491.529319			35.321926
68000			-3436.384116			31.960441
69000			-3101.176210			28.918858
70000			-3019.568227			26.166734
71000			-2604.133394			23.676522
72000			-2900.114805			21.423296
73000			-2465.837885			19.384503
74000			-2036.962015			17.539736
75000			-1825.098511			15.870530
76000			-1828.892731			14.360177
77000			-1741.625671			12.993561
78000			-1762.493881			11.757001
79000			-1766.288101			10.638121
80000			-1749.214111			9.625722
81000			-1734.037232			8.709670
82000			-1642.975952			7.880796
83000			-1553.811783			7.130803
84000			-1546.223343			6.452185
85000			-1548.120453			5.838150
86000			-1536.737793			5.282550
87000			-1527.252243			4.779825
88000			-1525.355133			4.324943
89000			-1529.149353			3.913350
90000			-1525.355133			3.540928
91000			-1515.869583			3.203948
92000			-1502.589813			2.899038
93000			-1495.001373			2.623145
94000			-1498.795593			2.373508
95000			-1462.750504			2.147628
96000			-1468.441834			1.943244
97000			-1462.750504			1.758311
98000			-1451.367844			1.590978
99000			-1449.470734			1.439569
100000			-1447.573624			1.302570
101000			-1447.573624			1.178608
102000			-1438.088074			1.066443
103000			-1432.396744			0.964953
104000			-1413.425644			0.873121
105000			-1417.219864			0.790029
106000			-1419.116974			0.714844
107000			-1407.734314			0.646814
108000			-1407.734314			0.585259
109000			-1405.837204			0.529561
110000			-1403.940094			0.479165
111000			-1402.042984			0.433564
112000			-1402.042984			0.392303
113000			-1396.351654			0.354969
114000			-1365.997894			0.321187
115000			-1365.997894			0.290621
116000			-1365.997894			0.262963
117000			-1365.997894			0.237938
118000			-1365.997894			0.215294
119000			-1365.997894			0.194805
120000			-1362.203674			0.176266
121000			-1360.306565			0.159491
122000			-1358.409455			0.144313
123000			-1358.409455			0.130579
124000			-1358.409455			0.118152
125000			-1358.409455			0.106908
126000			-1358.409455			0.096734
127000			-1358.409455			0.087528
128000			-1358.409455			0.079198
129000			-1343.232575			0.071661
130000			-1337.541245			0.064841
131000			-1303.393265			0.058671
132000			-1284.422165			0.053087
133000			-1263.553955			0.048035
134000			-1225.611756			0.043464
135000			-1191.463776			0.039327
136000			-1153.521576			0.035585
137000			-1130.756256			0.032198
138000			-1117.476486			0.029134
139000			-1098.505387			0.026361
140000			-1092.814057			0.023853
141000			-1083.328507			0.021583
142000			-1079.534287			0.019529
143000			-1056.768967			0.017670
144000			-1049.180527			0.015989
145000			-1030.209427			0.014467
146000			-1020.723877			0.013090
147000			-1011.238327			0.011844
148000			-996.061447			0.010717
149000			-982.781678			0.009697
150000			-978.987458			0.008774
151000			-973.296128			0.007939
152000			-967.604798			0.007184
153000			-958.119248			0.006500
154000			-954.325028			0.005882
155000			-952.427918			0.005322
156000			-950.530808			0.004815
157000			-946.736588			0.004357
158000			-937.251038			0.003942
159000			-931.559708			0.003567
160000			-929.662598			0.003228
161000			-925.868378			0.002921
162000			-922.074158			0.002643
163000			-920.177048			0.002391
164000			-920.177048			0.002164
165000			-918.279938			0.001958
166000			-918.279938			0.001771
167000			-914.485718			0.001603
168000			-914.485718			0.001450
169000			-912.588608			0.001312
170000			-910.691498			0.001187
171000			-908.794388			0.001074
Iteration: 4
Step			Log-likelihood			Temperature
1			-27217.881455			99900.000000
1000			-24251.197099			36769.542477
2000			-26369.665035			23501.721022
3000			-27223.256090			21265.130236
4000			-26309.505823			19241.389323
5000			-25201.417589			17410.241977
6000			-26225.115153			15753.359626
7000			-25238.327681			14254.157974
8000			-19607.356020			12897.631004
9000			-26260.568004			11670.200782
10000			-28502.154569			10559.581542
11000			-27203.968296			9554.656721
12000			-25161.862721			8645.367688
13000			-26422.338407			7822.613061
14000			-27840.875358			7078.157611
15000			-25935.819088			6404.549832
16000			-21803.115826			5795.047357
17000			-21097.918644			5243.549468
18000			-26032.894231			4744.536038
19000			-23690.394371			4293.012272
20000			-24080.592053			3884.458716
21000			-26459.430341			3514.786020
22000			-25458.257586			3180.294005
23000			-23575.896290			2877.634626
24000			-21550.005542			2603.778466
25000			-25570.374757			2355.984403
26000			-25810.738842			2131.772185
27000			-22528.111018			1928.897594
28000			-21680.126211			1745.329992
29000			-24396.526901			1579.231987
30000			-22536.825268			1428.941048
31000			-21337.250622			1292.952863
32000			-23872.871717			1169.906280
33000			-21136.576257			1058.569685
34000			-23711.429687			957.828671
35000			-17577.072974			866.674888
36000			-17731.829659			784.195947
37000			-15945.446891			709.566288
38000			-19376.025938			642.038917
39000			-18274.209594			580.937931
40000			-14684.871387			525.651749
41000			-17154.668354			475.626993
42000			-15531.152604			430.362949
43000			-13121.324386			389.406552
44000			-13125.763674			352.347857
45000			-14178.706705			318.815931
46000			-12728.590366			288.475142
47000			-10686.226764			261.021797
48000			-13536.507032			236.181108
49000			-12804.093564			213.704435
50000			-13255.620477			193.366803
51000			-13291.032177			174.964643
52000			-10775.068399			158.313765
53000			-9564.847082			143.247502
54000			-8821.766367			129.615051
55000			-8418.655381			117.279962
56000			-7701.670981			106.118767
57000			-6795.594236			96.019751
58000			-5844.444237			86.881830
59000			-5482.192990			78.613537
60000			-5533.033759			71.132114
61000			-5368.146457			64.362677
62000			-4353.069440			58.237467
63000			-3213.809434			52.695176
64000			-3403.197899			47.680328
65000			-3223.585264			43.142730
66000			-2776.480122			39.036961
67000			-2677.862656			35.321926
68000			-2759.438385			31.960441
69000			-2636.126236			28.918858
70000			-2573.618367			26.166734
71000			-2342.170949			23.676522
72000			-2266.286550			21.423296
73000			-2087.958211			19.384503
74000			-1978.022592			17.539736
75000			-1548.120453			15.870530
76000			-1692.300812			14.360177
77000			-1716.963242			12.993561
78000			-1608.827973			11.757001
79000			-1561.400223			10.638121
80000			-1525.355133			9.625722
81000			-1563.297333			8.709670
82000			-1468.441834			7.880796
83000			-1462.750504			7.130803
84000			-1457.059174			6.452185
85000			-1426.705414			5.838150
86000			-1434.293854			5.282550
87000			-1426.705414			4.779825
88000			-1443.779404			4.324943
89000			-1441.882294			3.913350
90000			-1434.293854			3.540928
91000			-1434.293854			3.203948
92000			-1424.808304			2.899038
93000			-1426.705414			2.623145
94000			-1417.219864			2.373508
95000			-1424.808304			2.147628
96000			-1417.219864			1.943244
97000			-1409.631424			1.758311
98000			-1405.837204			1.590978
99000			-1407.734314			1.439569
100000			-1405.837204			1.302570
101000			-1407.734314			1.178608
102000			-1405.837204			1.066443
103000			-1403.940094			0.964953
104000			-1405.837204			0.873121
105000			-1400.145874			0.790029
106000			-1405.837204			0.714844
107000			-1403.940094			0.646814
108000			-1402.042984			0.585259
109000			-1396.351654			0.529561
110000			-1398.248764			0.479165
111000			-1398.248764			0.433564
112000			-1392.557434			0.392303
113000			-1390.660324			0.354969
114000			-1390.660324			0.321187
115000			-1388.763214			0.290621
116000			-1386.866104			0.262963
117000			-1386.866104			0.237938
118000			-1386.866104			0.215294
119000			-1386.866104			0.194805
120000			-1386.866104			0.176266
121000			-1384.968994			0.159491
122000			-1384.968994			0.144313
123000			-1384.968994			0.130579
124000			-1384.968994			0.118152
125000			-1384.968994			0.106908
126000			-1384.968994			0.096734
127000			-1384.968994			0.087528
128000			-1384.968994			0.079198
129000			-1384.968994			0.071661
130000			-1384.968994			0.064841
131000			-1384.968994			0.058671
132000			-1384.968994			0.053087
133000			-1384.968994			0.048035
134000			-1384.968994			0.043464
135000			-1384.968994			0.039327
136000			-1384.968994			0.035585
137000			-1384.968994			0.032198
138000			-1384.968994			0.029134
139000			-1384.968994			0.026361
140000			-1384.968994			0.023853
141000			-1384.968994			0.021583
142000			-1384.968994			0.019529
143000			-1384.968994			0.017670
144000			-1384.968994			0.015989
145000			-1384.968994			0.014467
146000			-1384.968994			0.013090
147000			-1384.968994			0.011844
148000			-1384.968994			0.010717
149000			-1384.968994			0.009697
150000			-1384.968994			0.008774
151000			-1384.968994			0.007939
152000			-1384.968994			0.007184
153000			-1384.968994			0.006500
154000			-1384.968994			0.005882
155000			-1384.968994			0.005322
156000			-1384.968994			0.004815
157000			-1384.968994			0.004357
158000			-1384.968994			0.003942
159000			-1384.968994			0.003567
160000			-1384.968994			0.003228
161000			-1384.968994			0.002921
162000			-1384.968994			0.002643
163000			-1384.968994			0.002391
164000			-1384.968994			0.002164
165000			-1384.968994			0.001958
166000			-1384.968994			0.001771
167000			-1384.968994			0.001603
168000			-1384.968994			0.001450
169000			-1384.968994			0.001312
170000			-1384.968994			0.001187
171000			-1384.968994			0.001074
Iteration: 5
Step			Log-likelihood			Temperature
1			-28102.987391			99900.000000
1000			-23764.581020			36769.542477
2000			-25373.758478			23501.721022
3000			-26674.809462			21265.130236
4000			-24346.600906			19241.389323
5000			-27643.737186			17410.241977
6000			-26405.812724			15753.359626
7000			-25470.628423			14254.157974
8000			-20612.059129			12897.631004
9000			-27687.112689			11670.200782
10000			-26780.440647			10559.581542
11000			-26814.749893			9554.656721
12000			-22731.591426			8645.367688
13000			-18947.161746			7822.613061
14000			-23560.971598			7078.157611
15000			-25061.993212			6404.549832
16000			-23964.223277			5795.047357
17000			-24004.954003			5243.549468
18000			-26766.574477			4744.536038
19000			-20969.786006			4293.012272
20000			-23514.731385			3884.458716
21000			-20414.308143			3514.786020
22000			-25067.625874			3180.294005
23000			-23683.257479			2877.634626
24000			-23449.197537			2603.778466
25000			-22131.063666			2355.984403
26000			-24216.462720			2131.772185
27000			-21033.041542			1928.897594
28000			-24246.619901			1745.329992
29000			-23734.453034			1579.231987
30000			-20934.503319			1428.941048
31000			-22312.775828			1292.952863
32000			-19882.237609			1169.906280
33000			-18599.448150			1058.569685
34000			-19479.405225			957.828671
35000			-21150.811950			866.674888
36000			-23119.402358			784.195947
37000			-17546.387784			709.566288
38000			-20898.115121			642.038917
39000			-16755.087722			580.937931
40000			-15138.919901			525.651749
41000			-16312.181357			475.626993
42000			-17489.779501			430.362949
43000			-14848.735478			389.406552
44000			-14040.669223			352.347857
45000			-16380.207611			318.815931
46000			-13431.192542			288.475142
47000			-13524.957266			261.021797
48000			-13154.692446			236.181108
49000			-12270.683125			213.704435
50000			-11006.193284			193.366803
51000			-11947.063076			174.964643
52000			-11418.156431			158.313765
53000			-8008.518998			143.247502
54000			-7647.138592			129.615051
55000			-8248.801060			117.279962
56000			-6135.244533			106.118767
57000			-6135.174188			96.019751
58000			-5997.212891			86.881830
59000			-5740.548896			78.613537
60000			-5122.161387			71.132114
61000			-4110.620564			64.362677
62000			-3947.120157			58.237467
63000			-3782.200602			52.695176
64000			-3210.273241			47.680328
65000			-2649.309246			43.142730
66000			-2721.173652			39.036961
67000			-2544.742423			35.321926
68000			-2535.256874			31.960441
69000			-2434.710044			28.918858
70000			-2362.619865			26.166734
71000			-2005.291706			23.676522
72000			-2103.941425			21.423296
73000			-1944.584186			19.384503
74000			-1915.740496			17.539736
75000			-1896.769396			15.870530
76000			-1849.341647			14.360177
77000			-1862.621417			12.993561
78000			-1902.460726			11.757001
79000			-1748.794818			10.638121
80000			-1803.811007			9.625722
81000			-1777.251467			8.709670
82000			-1665.741272			7.880796
83000			-1650.564392			7.130803
84000			-1548.120453			6.452185
85000			-1542.429123			5.838150
86000			-1538.634903			5.282550
87000			-1502.589813			4.779825
88000			-1491.207153			4.324943
89000			-1493.104263			3.913350
90000			-1493.104263			3.540928
91000			-1479.824494			3.203948
92000			-1481.721604			2.899038
93000			-1487.412933			2.623145
94000			-1449.470734			2.373508
95000			-1443.779404			2.147628
96000			-1434.293854			1.943244
97000			-1439.985184			1.758311
98000			-1439.985184			1.590978
99000			-1432.396744			1.439569
100000			-1432.396744			1.302570
101000			-1436.190964			1.178608
102000			-1432.396744			1.066443
103000			-1430.499634			0.964953
104000			-1428.602524			0.873121
105000			-1426.705414			0.790029
106000			-1424.808304			0.714844
107000			-1419.116974			0.646814
108000			-1421.014084			0.585259
109000			-1419.116974			0.529561
110000			-1417.219864			0.479165
111000			-1417.219864			0.433564
112000			-1415.322754			0.392303
113000			-1415.322754			0.354969
114000			-1415.322754			0.321187
115000			-1413.425644			0.290621
116000			-1413.425644			0.262963
117000			-1413.425644			0.237938
118000			-1413.425644			0.215294
119000			-1413.425644			0.194805
120000			-1413.425644			0.176266
121000			-1413.425644			0.159491
122000			-1413.425644			0.144313
123000			-1413.425644			0.130579
124000			-1413.425644			0.118152
125000			-1413.425644			0.106908
126000			-1413.425644			0.096734
127000			-1413.425644			0.087528
128000			-1413.425644			0.079198
129000			-1413.425644			0.071661
130000			-1413.425644			0.064841
131000			-1413.425644			0.058671
132000			-1413.425644			0.053087
133000			-1413.425644			0.048035
134000			-1413.425644			0.043464
135000			-1413.425644			0.039327
136000			-1413.425644			0.035585
137000			-1413.425644			0.032198
138000			-1413.425644			0.029134
139000			-1413.425644			0.026361
140000			-1413.425644			0.023853
141000			-1413.425644			0.021583
142000			-1413.425644			0.019529
143000			-1413.425644			0.017670
144000			-1413.425644			0.015989
145000			-1413.425644			0.014467
146000			-1413.425644			0.013090
147000			-1413.425644			0.011844
148000			-1413.425644			0.010717
149000			-1413.425644			0.009697
150000			-1413.425644			0.008774
151000			-1413.425644			0.007939
152000			-1413.425644			0.007184
153000			-1413.425644			0.006500
154000			-1413.425644			0.005882
155000			-1413.425644			0.005322
156000			-1413.425644			0.004815
157000			-1413.425644			0.004357
158000			-1413.425644			0.003942
159000			-1413.425644			0.003567
160000			-1413.425644			0.003228
161000			-1413.425644			0.002921
162000			-1413.425644			0.002643
163000			-1413.425644			0.002391
164000			-1413.425644			0.002164
165000			-1413.425644			0.001958
166000			-1413.425644			0.001771
167000			-1413.425644			0.001603
168000			-1413.425644			0.001450
169000			-1413.425644			0.001312
170000			-1413.425644			0.001187
171000			-1413.425644			0.001074
Iteration: 6
Step			Log-likelihood			Temperature
1			-27988.618324			99900.000000
1000			-21865.720456			36769.542477
2000			-25169.263479			23501.721022
3000			-26421.731432			21265.130236
4000			-24976.720023			19241.389323
5000			-25405.261681			17410.241977
6000			-26167.248989			15753.359626
7000			-25051.320126			14254.157974
8000			-26790.333812			12897.631004
9000			-26592.626758			11670.200782
10000			-26531.036719			10559.581542
11000			-25220.925318			9554.656721
12000			-21988.097257			8645.367688
13000			-25129.778957			7822.613061
14000			-27037.635431			7078.157611
15000			-26416.996025			6404.549832
16000			-25294.886193			5795.047357
17000			-27424.736789			5243.549468
18000			-25591.436487			4744.536038
19000			-26191.025841			4293.012272
20000			-24365.029537			3884.458716
21000			-24036.732750			3514.786020
22000			-23454.126464			3180.294005
23000			-22312.658492			2877.634626
24000			-25567.081854			2603.778466
25000			-26157.188717			2355.984403
26000			-22756.028082			2131.772185
27000			-24622.837136			1928.897594
28000			-25029.510730			1745.329992
29000			-25953.488374			1579.231987
30000			-18882.032456			1428.941048
31000			-26600.828012			1292.952863
32000			-22864.512299			1169.906280
33000			-18592.220336			1058.569685
34000			-22524.636274			957.828671
35000			-16625.096066			866.674888
36000			-17478.874802			784.195947
37000			-17357.471441			709.566288
38000			-18281.754103			642.038917
39000			-19833.933179			580.937931
40000			-18535.828930			525.651749
41000			-19367.487414			475.626993
42000			-17100.942300			430.362949
43000			-17633.986274			389.406552
44000			-14405.494901			352.347857
45000			-12622.853525			318.815931
46000			-13452.732234			288.475142
47000			-10000.988858			261.021797
48000			-11257.916673			236.181108
49000			-13404.116948			213.704435
50000			-14424.776857			193.366803
51000			-11729.824937			174.964643
52000			-10223.144246			158.313765
53000			-11620.947840			143.247502
54000			-12104.426445			129.615051
55000			-10767.996014			117.279962
56000			-10409.184199			106.118767
57000			-8067.619688			96.019751
58000			-6384.411009			86.881830
59000			-5816.251454			78.613537
60000			-5050.883381			71.132114
61000			-5104.776542			64.362677
62000			-3966.478297			58.237467
63000			-3967.149779			52.695176
64000			-3579.209833			47.680328
65000			-4012.551405			43.142730
66000			-3220.462526			39.036961
67000			-3140.590387			35.321926
68000			-3092.007354			31.960441
69000			-2914.582110			28.918858
70000			-2575.773504			26.166734
71000			-2368.924009			23.676522
72000			-2238.023420			21.423296
73000			-2175.418791			19.384503
74000			-2033.135542			17.539736
75000			-2076.704565			15.870530
76000			-1781.464981			14.360177
77000			-1904.777130			12.993561
78000			-1902.880020			11.757001
79000			-1891.497360			10.638121
80000			-1826.995621			9.625722
81000			-1694.197922			8.709670
82000			-1673.329712			7.880796
83000			-1624.004852			7.130803
84000			-1557.606003			6.452185
85000			-1548.120453			5.838150
86000			-1538.634903			5.282550
87000			-1532.943573			4.779825
88000			-1532.943573			4.324943
89000			-1521.560913			3.913350
90000			-1493.104263			3.540928
91000			-1495.001373			3.203948
92000			-1483.618714			2.899038
93000			-1479.824494			2.623145
94000			-1476.030274			2.373508
95000			-1468.441834			2.147628
96000			-1470.338944			1.943244
97000			-1464.647614			1.758311
98000			-1455.162064			1.590978
99000			-1445.676514			1.439569
100000			-1445.676514			1.302570
101000			-1417.219864			1.178608
102000			-1415.322754			1.066443
103000			-1411.528534			0.964953
104000			-1415.322754			0.873121
105000			-1413.425644			0.790029
106000			-1413.425644			0.714844
107000			-1411.528534			0.646814
108000			-1403.940094			0.585259
109000			-1403.940094			0.529561
110000			-1403.940094			0.479165
111000			-1400.145874			0.433564
112000			-1400.145874			0.392303
113000			-1398.248764			0.354969
114000			-1398.248764			0.321187
115000			-1398.248764			0.290621
116000			-1398.248764			0.262963
117000			-1398.248764			0.237938
118000			-1398.248764			0.215294
119000			-1396.351654			0.194805
120000			-1392.557434			0.176266
121000			-1390.660324			0.159491
122000			-1390.660324			0.144313
123000			-1390.660324			0.130579
124000			-1390.660324			0.118152
125000			-1390.660324			0.106908
126000			-1388.763214			0.096734
127000			-1388.763214			0.087528
128000			-1388.763214			0.079198
129000			-1386.866104			0.071661
130000			-1386.866104			0.064841
131000			-1386.866104			0.058671
132000			-1384.968994			0.053087
133000			-1384.968994			0.048035
134000			-1384.968994			0.043464
135000			-1384.968994			0.039327
136000			-1383.071884			0.035585
137000			-1383.071884			0.032198
138000			-1383.071884			0.029134
139000			-1383.071884			0.026361
140000			-1383.071884			0.023853
141000			-1383.071884			0.021583
142000			-1383.071884			0.019529
143000			-1383.071884			0.017670
144000			-1383.071884			0.015989
145000			-1383.071884			0.014467
146000			-1383.071884			0.013090
147000			-1383.071884			0.011844
148000			-1383.071884			0.010717
149000			-1383.071884			0.009697
150000			-1383.071884			0.008774
151000			-1383.071884			0.007939
152000			-1383.071884			0.007184
153000			-1383.071884			0.006500
154000			-1383.071884			0.005882
155000			-1383.071884			0.005322
156000			-1383.071884			0.004815
157000			-1383.071884			0.004357
158000			-1383.071884			0.003942
159000			-1383.071884			0.003567
160000			-1383.071884			0.003228
161000			-1383.071884			0.002921
162000			-1383.071884			0.002643
163000			-1383.071884			0.002391
164000			-1383.071884			0.002164
165000			-1383.071884			0.001958
166000			-1383.071884			0.001771
167000			-1383.071884			0.001603
168000			-1383.071884			0.001450
169000			-1383.071884			0.001312
170000			-1383.071884			0.001187
171000			-1383.071884			0.001074
Iteration: 7
Step			Log-likelihood			Temperature
1			-26559.203089			99900.000000
1000			-25119.777353			36769.542477
2000			-25522.662566			23501.721022
3000			-26666.200593			21265.130236
4000			-24346.976268			19241.389323
5000			-26334.097907			17410.241977
6000			-26103.483238			15753.359626
7000			-22732.790640			14254.157974
8000			-23524.281441			12897.631004
9000			-22859.117089			11670.200782
10000			-25555.268223			10559.581542
11000			-24740.516623			9554.656721
12000			-24925.181359			8645.367688
13000			-24001.338567			7822.613061
14000			-21920.730806			7078.157611
15000			-24488.491275			6404.549832
16000			-23770.137497			5795.047357
17000			-27141.073386			5243.549468
18000			-27593.101616			4744.536038
19000			-24839.192756			4293.012272
20000			-24015.111034			3884.458716
21000			-24113.347299			3514.786020
22000			-25638.154662			3180.294005
23000			-24845.153791			2877.634626
24000			-21712.324252			2603.778466
25000			-23977.599807			2355.984403
26000			-24604.338159			2131.772185
27000			-24747.465834			1928.897594
28000			-25244.535065			1745.329992
29000			-24064.770106			1579.231987
30000			-23791.973308			1428.941048
31000			-25228.422837			1292.952863
32000			-22777.412346			1169.906280
33000			-18326.560432			1058.569685
34000			-17413.572568			957.828671
35000			-21536.558666			866.674888
36000			-18799.509701			784.195947
37000			-17604.465263			709.566288
38000			-17476.203611			642.038917
39000			-14129.337914			580.937931
40000			-18829.546766			525.651749
41000			-15056.144958			475.626993
42000			-13472.342562			430.362949
43000			-15479.344235			389.406552
44000			-14116.365941			352.347857
45000			-13784.151760			318.815931
46000			-13991.640483			288.475142
47000			-11565.905236			261.021797
48000			-12932.844855			236.181108
49000			-13740.142868			213.704435
50000			-12120.166368			193.366803
51000			-10323.787836			174.964643
52000			-10124.119165			158.313765
53000			-10483.860488			143.247502
54000			-11434.268659			129.615051
55000			-8991.034289			117.279962
56000			-8283.336080			106.118767
57000			-8234.049313			96.019751
58000			-7873.630669			86.881830
59000			-6504.412739			78.613537
60000			-6667.725464			71.132114
61000			-5358.951187			64.362677
62000			-4315.062734			58.237467
63000			-3867.538298			52.695176
64000			-3472.552380			47.680328
65000			-3002.907692			43.142730
66000			-3041.204679			39.036961
67000			-2919.886400			35.321926
68000			-2823.101537			31.960441
69000			-2864.805704			28.918858
70000			-2469.083798			26.166734
71000			-2179.342024			23.676522
72000			-2188.730814			21.423296
73000			-2237.636380			19.384503
74000			-2256.607479			17.539736
75000			-2269.887249			15.870530
76000			-2150.369320			14.360177
77000			-2152.298684			12.993561
78000			-1900.982910			11.757001
79000			-1754.905441			10.638121
80000			-1637.284622			9.625722
81000			-1646.770172			8.709670
82000			-1591.753983			7.880796
83000			-1498.795593			7.130803
84000			-1513.972473			6.452185
85000			-1515.869583			5.838150
86000			-1519.663803			5.282550
87000			-1506.384033			4.779825
88000			-1508.281143			4.324943
89000			-1502.589813			3.913350
90000			-1489.310043			3.540928
91000			-1491.207153			3.203948
92000			-1493.104263			2.899038
93000			-1493.104263			2.623145
94000			-1493.104263			2.373508
95000			-1487.412933			2.147628
96000			-1491.207153			1.943244
97000			-1476.030274			1.758311
98000			-1464.647614			1.590978
99000			-1460.853394			1.439569
100000			-1449.470734			1.302570
101000			-1447.573624			1.178608
102000			-1445.676514			1.066443
103000			-1447.573624			0.964953
104000			-1447.573624			0.873121
105000			-1443.779404			0.790029
106000			-1443.779404			0.714844
107000			-1447.573624			0.646814
108000			-1447.573624			0.585259
109000			-1449.470734			0.529561
110000			-1449.470734			0.479165
111000			-1421.014084			0.433564
112000			-1421.014084			0.392303
113000			-1421.014084			0.354969
114000			-1421.014084			0.321187
115000			-1419.116974			0.290621
116000			-1417.219864			0.262963
117000			-1417.219864			0.237938
118000			-1417.219864			0.215294
119000			-1417.219864			0.194805
120000			-1417.219864			0.176266
121000			-1415.322754			0.159491
122000			-1413.425644			0.144313
123000			-1413.425644			0.130579
124000			-1413.425644			0.118152
125000			-1413.425644			0.106908
126000			-1413.425644			0.096734
127000			-1413.425644			0.087528
128000			-1413.425644			0.079198
129000			-1413.425644			0.071661
130000			-1413.425644			0.064841
131000			-1413.425644			0.058671
132000			-1413.425644			0.053087
133000			-1413.425644			0.048035
134000			-1413.425644			0.043464
135000			-1413.425644			0.039327
136000			-1413.425644			0.035585
137000			-1413.425644			0.032198
138000			-1413.425644			0.029134
139000			-1413.425644			0.026361
140000			-1413.425644			0.023853
141000			-1413.425644			0.021583
142000			-1413.425644			0.019529
143000			-1413.425644			0.017670
144000			-1413.425644			0.015989
145000			-1413.425644			0.014467
146000			-1413.425644			0.013090
147000			-1413.425644			0.011844
148000			-1413.425644			0.010717
149000			-1413.425644			0.009697
150000			-1413.425644			0.008774
151000			-1413.425644			0.007939
152000			-1413.425644			0.007184
153000			-1413.425644			0.006500
154000			-1413.425644			0.005882
155000			-1413.425644			0.005322
156000			-1413.425644			0.004815
157000			-1413.425644			0.004357
158000			-1413.425644			0.003942
159000			-1413.425644			0.003567
160000			-1413.425644			0.003228
161000			-1413.425644			0.002921
162000			-1413.425644			0.002643
163000			-1413.425644			0.002391
164000			-1413.425644			0.002164
165000			-1413.425644			0.001958
166000			-1413.425644			0.001771
167000			-1413.425644			0.001603
168000			-1413.425644			0.001450
169000			-1413.425644			0.001312
170000			-1413.425644			0.001187
171000			-1413.425644			0.001074
Iteration: 8
Step			Log-likelihood			Temperature
1			-27930.640663			99900.000000
1000			-25732.538039			36769.542477
2000			-26879.407060			23501.721022
3000			-23356.810811			21265.130236
4000			-26127.207261			19241.389323
5000			-23153.342082			17410.241977
6000			-25721.246300			15753.359626
7000			-27106.737725			14254.157974
8000			-20482.272671			12897.631004
9000			-23374.550444			11670.200782
10000			-27932.458530			10559.581542
11000			-25463.465116			9554.656721
12000			-26264.840186			8645.367688
13000			-26036.016969			7822.613061
14000			-25744.301900			7078.157611
15000			-25752.723089			6404.549832
16000			-25662.919691			5795.047357
17000			-25266.236023			5243.549468
18000			-24810.827028			4744.536038
19000			-23632.138108			4293.012272
20000			-23304.067094			3884.458716
21000			-24799.790258			3514.786020
22000			-26173.617639			3180.294005
23000			-26638.995985			2877.634626
24000			-24368.677227			2603.778466
25000			-22718.329173			2355.984403
26000			-16966.602278			2131.772185
27000			-24949.043293			1928.897594
28000			-21390.964998			1745.329992
29000			-22202.793219			1579.231987
30000			-20782.804866			1428.941048
31000			-18800.556545			1292.952863
32000			-22662.198852			1169.906280
33000			-16661.334676			1058.569685
34000			-26356.036317			957.828671
35000			-22274.399598			866.674888
36000			-22416.547994			784.195947
37000			-17303.927229			709.566288
38000			-17538.517960			642.038917
39000			-18588.279586			580.937931
40000			-15513.034828			525.651749
41000			-15601.850049			475.626993
42000			-16602.137226			430.362949
43000			-15138.500608			389.406552
44000			-14731.589562			352.347857
45000			-12977.516332			318.815931
46000			-14428.442063			288.475142
47000			-11615.502859			261.021797
48000			-13167.945802			236.181108
49000			-13065.947571			213.704435
50000			-11379.912273			193.366803
51000			-9531.558265			174.964643
52000			-9948.599928			158.313765
53000			-8647.258663			143.247502
54000			-6486.080867			129.615051
55000			-6224.273850			117.279962
56000			-6404.209018			106.118767
57000			-4993.706216			96.019751
58000			-6147.395435			86.881830
59000			-5320.557440			78.613537
60000			-5132.039817			71.132114
61000			-4715.889570			64.362677
62000			-4336.924959			58.237467
63000			-4398.084026			52.695176
64000			-4273.036034			47.680328
65000			-3320.015340			43.142730
66000			-2953.808606			39.036961
67000			-2671.848792			35.321926
68000			-2593.615736			31.960441
69000			-2499.663331			28.918858
70000			-2559.564516			26.166734
71000			-2524.771469			23.676522
72000			-2458.372620			21.423296
73000			-2388.179550			19.384503
74000			-2350.205097			17.539736
75000			-2312.327404			15.870530
76000			-2176.348299			14.360177
77000			-2001.814181			12.993561
78000			-2022.682391			11.757001
79000			-2094.869330			10.638121
80000			-1757.893327			9.625722
81000			-1761.687547			8.709670
82000			-1716.156907			7.880796
83000			-1674.420488			7.130803
84000			-1663.037828			6.452185
85000			-1693.391588			5.838150
86000			-1683.906038			5.282550
87000			-1683.906038			4.779825
88000			-1674.420488			4.324943
89000			-1645.963838			3.913350
90000			-1649.758058			3.540928
91000			-1645.963838			3.203948
92000			-1628.889848			2.899038
93000			-1636.478288			2.623145
94000			-1632.684068			2.373508
95000			-1628.889848			2.147628
96000			-1619.404298			1.943244
97000			-1628.889848			1.758311
98000			-1626.992738			1.590978
99000			-1630.786958			1.439569
100000			-1634.581178			1.302570
101000			-1632.684068			1.178608
102000			-1628.889848			1.066443
103000			-1626.992738			0.964953
104000			-1625.095628			0.873121
105000			-1615.610078			0.790029
106000			-1613.712968			0.714844
107000			-1613.712968			0.646814
108000			-1609.918748			0.585259
109000			-1608.021638			0.529561
110000			-1609.918748			0.479165
111000			-1609.918748			0.433564
112000			-1609.918748			0.392303
113000			-1609.918748			0.354969
114000			-1608.021638			0.321187
115000			-1608.021638			0.290621
116000			-1608.021638			0.262963
117000			-1608.021638			0.237938
118000			-1608.021638			0.215294
119000			-1608.021638			0.194805
120000			-1606.124528			0.176266
121000			-1604.227418			0.159491
122000			-1604.227418			0.144313
123000			-1604.227418			0.130579
124000			-1604.227418			0.118152
125000			-1604.227418			0.106908
126000			-1604.227418			0.096734
127000			-1604.227418			0.087528
128000			-1604.227418			0.079198
129000			-1600.433198			0.071661
130000			-1600.433198			0.064841
131000			-1600.433198			0.058671
132000			-1600.433198			0.053087
133000			-1600.433198			0.048035
134000			-1600.433198			0.043464
135000			-1600.433198			0.039327
136000			-1600.433198			0.035585
137000			-1600.433198			0.032198
138000			-1600.433198			0.029134
139000			-1600.433198			0.026361
140000			-1600.433198			0.023853
141000			-1600.433198			0.021583
142000			-1600.433198			0.019529
143000			-1600.433198			0.017670
144000			-1600.433198			0.015989
145000			-1600.433198			0.014467
146000			-1600.433198			0.013090
147000			-1600.433198			0.011844
148000			-1600.433198			0.010717
149000			-1600.433198			0.009697
150000			-1600.433198			0.008774
151000			-1600.433198			0.007939
152000			-1600.433198			0.007184
153000			-1600.433198			0.006500
154000			-1600.433198			0.005882
155000			-1600.433198			0.005322
156000			-1600.433198			0.004815
157000			-1600.433198			0.004357
158000			-1600.433198			0.003942
159000			-1600.433198			0.003567
160000			-1600.433198			0.003228
161000			-1600.433198			0.002921
162000			-1600.433198			0.002643
163000			-1600.433198			0.002391
164000			-1600.433198			0.002164
165000			-1600.433198			0.001958
166000			-1600.433198			0.001771
167000			-1600.433198			0.001603
168000			-1600.433198			0.001450
169000			-1600.433198			0.001312
170000			-1600.433198			0.001187
171000			-1600.433198			0.001074
Iteration: 9
Step			Log-likelihood			Temperature
1			-28248.903593			99900.000000
1000			-24112.321030			36769.542477
2000			-27562.290470			23501.721022
3000			-27430.299106			21265.130236
4000			-22638.160914			19241.389323
5000			-24981.229656			17410.241977
6000			-27051.967884			15753.359626
7000			-26255.888207			14254.157974
8000			-24535.880932			12897.631004
9000			-26431.313742			11670.200782
10000			-22843.230635			10559.581542
11000			-22706.398206			9554.656721
12000			-26001.379349			8645.367688
13000			-20960.326871			7822.613061
14000			-24408.979762			7078.157611
15000			-25337.874655			6404.549832
16000			-27612.040463			5795.047357
17000			-26959.510813			5243.549468
18000			-27238.465223			4744.536038
19000			-26144.166974			4293.012272
20000			-23980.420586			3884.458716
21000			-18789.862884			3514.786020
22000			-23565.595509			3180.294005
23000			-25816.934548			2877.634626
24000			-25949.840685			2603.778466
25000			-21539.402802			2355.984403
26000			-20005.168557			2131.772185
27000			-25150.705834			1928.897594
28000			-20663.615310			1745.329992
29000			-23105.794216			1579.231987
30000			-26186.091075			1428.941048
31000			-20831.543326			1292.952863
32000			-25124.914536			1169.906280
33000			-21933.259851			1058.569685
34000			-18714.306857			957.828671
35000			-20119.558199			866.674888
36000			-24354.420958			784.195947
37000			-19943.009635			709.566288
38000			-15842.615911			642.038917
39000			-15351.372863			580.937931
40000			-15567.203533			525.651749
41000			-19153.480451			475.626993
42000			-16534.776614			430.362949
43000			-14728.927268			389.406552
44000			-15005.705967			352.347857
45000			-13153.214630			318.815931
46000			-13351.851193			288.475142
47000			-13410.233411			261.021797
48000			-15105.833502			236.181108
49000			-12912.985397			213.704435
50000			-14897.479777			193.366803
51000			-10794.646474			174.964643
52000			-9796.681540			158.313765
53000			-10273.521789			143.247502
54000			-10470.897413			129.615051
55000			-9347.497446			117.279962
56000			-6624.118349			106.118767
57000			-5314.699004			96.019751
58000			-5113.095131			86.881830
59000			-4949.717899			78.613537
60000			-4668.139287			71.132114
61000			-4999.488467			64.362677
62000			-5088.400448			58.237467
63000			-4506.058028			52.695176
64000			-4321.683573			47.680328
65000			-4090.300661			43.142730
66000			-4169.721254			39.036961
67000			-3572.776676			35.321926
68000			-3358.822542			31.960441
69000			-2814.003028			28.918858
70000			-2429.050968			26.166734
71000			-2174.934990			23.676522
72000			-2184.420540			21.423296
73000			-1995.128835			19.384503
74000			-2034.968145			17.539736
75000			-1845.450667			15.870530
76000			-1909.952406			14.360177
77000			-1881.463503			12.993561
78000			-1768.185211			11.757001
79000			-1745.419891			10.638121
80000			-1555.708893			9.625722
81000			-1705.580582			8.709670
82000			-1582.268433			7.880796
83000			-1614.519302			7.130803
84000			-1489.310043			6.452185
85000			-1510.178253			5.838150
86000			-1474.133164			5.282550
87000			-1476.030274			4.779825
88000			-1474.133164			4.324943
89000			-1483.618714			3.913350
90000			-1451.367844			3.540928
91000			-1453.264954			3.203948
92000			-1445.676514			2.899038
93000			-1438.088074			2.623145
94000			-1438.088074			2.373508
95000			-1438.088074			2.147628
96000			-1430.499634			1.943244
97000			-1432.396744			1.758311
98000			-1434.293854			1.590978
99000			-1432.396744			1.439569
100000			-1430.499634			1.302570
101000			-1432.396744			1.178608
102000			-1428.602524			1.066443
103000			-1430.499634			0.964953
104000			-1426.705414			0.873121
105000			-1422.911194			0.790029
106000			-1421.014084			0.714844
107000			-1421.014084			0.646814
108000			-1419.116974			0.585259
109000			-1419.116974			0.529561
110000			-1419.116974			0.479165
111000			-1419.116974			0.433564
112000			-1417.219864			0.392303
113000			-1417.219864			0.354969
114000			-1415.322754			0.321187
115000			-1413.425644			0.290621
116000			-1413.425644			0.262963
117000			-1413.425644			0.237938
118000			-1413.425644			0.215294
119000			-1413.425644			0.194805
120000			-1413.425644			0.176266
121000			-1413.425644			0.159491
122000			-1413.425644			0.144313
123000			-1413.425644			0.130579
124000			-1413.425644			0.118152
125000			-1413.425644			0.106908
126000			-1413.425644			0.096734
127000			-1413.425644			0.087528
128000			-1413.425644			0.079198
129000			-1413.425644			0.071661
130000			-1413.425644			0.064841
131000			-1413.425644			0.058671
132000			-1413.425644			0.053087
133000			-1413.425644			0.048035
134000			-1413.425644			0.043464
135000			-1413.425644			0.039327
136000			-1413.425644			0.035585
137000			-1413.425644			0.032198
138000			-1413.425644			0.029134
139000			-1413.425644			0.026361
140000			-1413.425644			0.023853
141000			-1413.425644			0.021583
142000			-1413.425644			0.019529
143000			-1413.425644			0.017670
144000			-1413.425644			0.015989
145000			-1413.425644			0.014467
146000			-1413.425644			0.013090
147000			-1413.425644			0.011844
148000			-1413.425644			0.010717
149000			-1413.425644			0.009697
150000			-1413.425644			0.008774
151000			-1413.425644			0.007939
152000			-1413.425644			0.007184
153000			-1413.425644			0.006500
154000			-1413.425644			0.005882
155000			-1413.425644			0.005322
156000			-1413.425644			0.004815
157000			-1413.425644			0.004357
158000			-1413.425644			0.003942
159000			-1413.425644			0.003567
160000			-1413.425644			0.003228
161000			-1413.425644			0.002921
162000			-1413.425644			0.002643
163000			-1413.425644			0.002391
164000			-1413.425644			0.002164
165000			-1413.425644			0.001958
166000			-1413.425644			0.001771
167000			-1413.425644			0.001603
168000			-1413.425644			0.001450
169000			-1413.425644			0.001312
170000			-1413.425644			0.001187
171000			-1413.425644			0.001074
Iteration: 10
Step			Log-likelihood			Temperature
1			-26930.004538			99900.000000
1000			-22945.627584			36769.542477
2000			-24674.762841			23501.721022
3000			-25589.061415			21265.130236
4000			-26338.537195			19241.389323
5000			-27473.970728			17410.241977
6000			-24930.975288			15753.359626
7000			-25493.927314			14254.157974
8000			-24500.029363			12897.631004
9000			-27015.767367			11670.200782
10000			-25463.013568			10559.581542
11000			-24060.615260			9554.656721
12000			-27519.108488			8645.367688
13000			-23336.039362			7822.613061
14000			-25171.057990			7078.157611
15000			-23094.531672			6404.549832
16000			-22169.865028			5795.047357
17000			-23680.263754			5243.549468
18000			-27354.485052			4744.536038
19000			-22777.160158			4293.012272
20000			-24461.201586			3884.458716
21000			-25820.321152			3514.786020
22000			-26632.234455			3180.294005
23000			-24296.636818			2877.634626
24000			-26237.963951			2603.778466
25000			-26033.946914			2355.984403
26000			-25321.085107			2131.772185
27000			-19700.754279			1928.897594
28000			-24608.874206			1745.329992
29000			-25188.170072			1579.231987
30000			-23063.676594			1428.941048
31000			-23019.770302			1292.952863
32000			-21483.762120			1169.906280
33000			-17046.462739			1058.569685
34000			-19437.009001			957.828671
35000			-23967.592364			866.674888
36000			-21843.201485			784.195947
37000			-19064.143336			709.566288
38000			-20662.480603			642.038917
39000			-17869.119474			580.937931
40000			-18408.306325			525.651749
41000			-17086.545340			475.626993
42000			-14260.056661			430.362949
43000			-13362.295447			389.406552
44000			-13688.689285			352.347857
45000			-15380.506834			318.815931
46000			-14351.587004			288.475142
47000			-14817.587062			261.021797
48000			-13335.498455			236.181108
49000			-12671.360372			213.704435
50000			-13897.913852			193.366803
51000			-11120.380509			174.964643
52000			-12306.701800			158.313765
53000			-8909.033427			143.247502
54000			-7955.915972			129.615051
55000			-8810.744334			117.279962
56000			-8433.316207			106.118767
57000			-7896.950135			96.019751
58000			-7200.103796			86.881830
59000			-6350.005002			78.613537
60000			-6087.822623			71.132114
61000			-6076.821164			64.362677
62000			-4492.224112			58.237467
63000			-3682.744548			52.695176
64000			-3648.622983			47.680328
65000			-4054.572266			43.142730
66000			-3559.845854			39.036961
67000			-3455.859592			35.321926
68000			-3277.466747			31.960441
69000			-3105.281285			28.918858
70000			-2904.639174			26.166734
71000			-2639.656590			23.676522
72000			-2494.127429			21.423296
73000			-2473.259219			19.384503
74000			-1979.242381			17.539736
75000			-2075.994990			15.870530
76000			-2019.146198			14.360177
77000			-2068.374297			12.993561
78000			-1979.306888			11.757001
79000			-1958.470931			10.638121
80000			-1824.292176			9.625722
81000			-1818.600846			8.709670
82000			-1774.967317			7.880796
83000			-1773.070207			7.130803
84000			-1661.140718			6.452185
85000			-1697.185807			5.838150
86000			-1689.597368			5.282550
87000			-1647.860948			4.779825
88000			-1630.786958			4.324943
89000			-1638.375398			3.913350
90000			-1642.169618			3.540928
91000			-1640.272508			3.203948
92000			-1636.478288			2.899038
93000			-1638.375398			2.623145
94000			-1634.581178			2.373508
95000			-1642.169618			2.147628
96000			-1636.478288			1.943244
97000			-1632.684068			1.758311
98000			-1634.581178			1.590978
99000			-1634.581178			1.439569
100000			-1634.581178			1.302570
101000			-1632.684068			1.178608
102000			-1628.889848			1.066443
103000			-1632.684068			0.964953
104000			-1626.992738			0.873121
105000			-1626.992738			0.790029
106000			-1623.198518			0.714844
107000			-1611.815858			0.646814
108000			-1609.918748			0.585259
109000			-1608.021638			0.529561
110000			-1608.021638			0.479165
111000			-1606.124528			0.433564
112000			-1602.330308			0.392303
113000			-1602.330308			0.354969
114000			-1602.330308			0.321187
115000			-1600.433198			0.290621
116000			-1600.433198			0.262963
117000			-1598.536088			0.237938
118000			-1598.536088			0.215294
119000			-1598.536088			0.194805
120000			-1598.536088			0.176266
121000			-1596.638978			0.159491
122000			-1596.638978			0.144313
123000			-1596.638978			0.130579
124000			-1596.638978			0.118152
125000			-1596.638978			0.106908
126000			-1596.638978			0.096734
127000			-1596.638978			0.087528
128000			-1596.638978			0.079198
129000			-1596.638978			0.071661
130000			-1596.638978			0.064841
131000			-1596.638978			0.058671
132000			-1596.638978			0.053087
133000			-1596.638978			0.048035
134000			-1596.638978			0.043464
135000			-1596.638978			0.039327
136000			-1596.638978			0.035585
137000			-1596.638978			0.032198
138000			-1596.638978			0.029134
139000			-1596.638978			0.026361
140000			-1596.638978			0.023853
141000			-1596.638978			0.021583
142000			-1596.638978			0.019529
143000			-1596.638978			0.017670
144000			-1596.638978			0.015989
145000			-1596.638978			0.014467
146000			-1596.638978			0.013090
147000			-1596.638978			0.011844
148000			-1596.638978			0.010717
149000			-1596.638978			0.009697
150000			-1596.638978			0.008774
151000			-1596.638978			0.007939
152000			-1596.638978			0.007184
153000			-1596.638978			0.006500
154000			-1596.638978			0.005882
155000			-1596.638978			0.005322
156000			-1596.638978			0.004815
157000			-1596.638978			0.004357
158000			-1596.638978			0.003942
159000			-1596.638978			0.003567
160000			-1596.638978			0.003228
161000			-1596.638978			0.002921
162000			-1596.638978			0.002643
163000			-1596.638978			0.002391
164000			-1596.638978			0.002164
165000			-1596.638978			0.001958
166000			-1596.638978			0.001771
167000			-1596.638978			0.001603
168000			-1596.638978			0.001450
169000			-1596.638978			0.001312
170000			-1596.638978			0.001187
171000			-1596.638978			0.001074

Maximum likelihood Tree found: -906.897278
digraph g {
	"173" -> "174";
	"174" [color=indianred1, style=filled, label="46"];
	"173" -> "175";
	"175" [color=indianred1, style=filled, label="33"];
	"171" -> "172";
	"172" [color=indianred1, style=filled, label="30"];
	"167" -> "168";
	"168" [color=indianred1, style=filled, label="37"];
	"167" -> "169";
	"169" [color=indianred1, style=filled, label="26"];
	"167" -> "170";
	"170" [color=indianred1, style=filled, label="28"];
	"165" -> "166";
	"166" [color=indianred1, style=filled, label="44"];
	"162" -> "163";
	"163" [color=indianred1, style=filled, label="24"];
	"161" -> "162";
	"162" [color=indianred1, style=filled, label="43"];
	"161" -> "164";
	"164" [color=indianred1, style=filled, label="6"];
	"158" -> "159";
	"159" [color=indianred1, style=filled, label="43"];
	"157" -> "158";
	"158" [color=indianred1, style=filled, label="45"];
	"156" -> "157";
	"157" [color=indianred1, style=filled, label="10"];
	"156" -> "160";
	"160" [color=indianred1, style=filled, label="38"];
	"155" -> "156";
	"156" [color=indianred1, style=filled, label="19"];
	"155" -> "161";
	"161" [color=indianred1, style=filled, label="26"];
	"155" -> "165";
	"165" [color=indianred1, style=filled, label="45"];
	"153" -> "154";
	"154" [color=indianred1, style=filled, label="38"];
	"152" -> "153";
	"153" [color=indianred1, style=filled, label="45"];
	"151" -> "152";
	"152" [color=indianred1, style=filled, label="43"];
	"150" -> "151";
	"151" [color=indianred1, style=filled, label="26"];
	"149" -> "150";
	"150" [color=indianred1, style=filled, label="36"];
	"146" -> "147";
	"147" [color=indianred1, style=filled, label="19"];
	"144" -> "145";
	"145" [color=indianred1, style=filled, label="19"];
	"143" -> "144";
	"144" [color=indianred1, style=filled, label="28"];
	"142" -> "143";
	"143" [color=indianred1, style=filled, label="30"];
	"142" -> "146";
	"146" [color=indianred1, style=filled, label="46"];
	"138" -> "139";
	"139" [color=indianred1, style=filled, label="45"];
	"137" -> "138";
	"138" [color=indianred1, style=filled, label="20"];
	"136" -> "137";
	"137" [color=indianred1, style=filled, label="32"];
	"134" -> "135";
	"135" [color=indianred1, style=filled, label="38"];
	"133" -> "134";
	"134" [color=indianred1, style=filled, label="6"];
	"133" -> "136";
	"136" [color=indianred1, style=filled, label="44"];
	"133" -> "140";
	"140" [color=indianred1, style=filled, label="30"];
	"133" -> "141";
	"141" [color=indianred1, style=filled, label="46"];
	"133" -> "142";
	"142" [color=indianred1, style=filled, label="24"];
	"132" -> "133";
	"133" [label="31"];
	"132" -> "148";
	"148" [color=indianred1, style=filled, label="43"];
	"132" -> "149";
	"149" [color=indianred1, style=filled, label="20"];
	"131" -> "132";
	"132" [label="50"];
	"131" -> "155";
	"155" [color=indianred1, style=filled, label="32"];
	"130" -> "131";
	"131" [label="43"];
	"129" -> "130";
	"130" [label="38"];
	"128" -> "129";
	"129" [label="20"];
	"127" -> "128";
	"128" [label="6"];
	"126" -> "127";
	"127" [label="44"];
	"125" -> "126";
	"126" [label="19"];
	"124" -> "125";
	"125" [label="36"];
	"123" -> "124";
	"124" [label="45"];
	"121" -> "122";
	"122" [color=indianred1, style=filled, label="25"];
	"117" -> "118";
	"118" [color=indianred1, style=filled, label="39"];
	"115" -> "116";
	"116" [color=indianred1, style=filled, label="32"];
	"114" -> "115";
	"115" [color=indianred1, style=filled, label="41"];
	"114" -> "117";
	"117" [color=indianred1, style=filled, label="35"];
	"113" -> "114";
	"114" [label="29"];
	"112" -> "113";
	"113" [label="48"];
	"110" -> "111";
	"111" [color=indianred1, style=filled, label="39"];
	"109" -> "110";
	"110" [color=indianred1, style=filled, label="10"];
	"109" -> "112";
	"112" [color=indianred1, style=filled, label="26"];
	"109" -> "119";
	"119" [color=indianred1, style=filled, label="24"];
	"107" -> "108";
	"108" [color=indianred1, style=filled, label="1"];
	"106" -> "107";
	"107" [color=indianred1, style=filled, label="2"];
	"104" -> "105";
	"105" [color=indianred1, style=filled, label="39"];
	"103" -> "104";
	"104" [color=indianred1, style=filled, label="35"];
	"102" -> "103";
	"103" [color=indianred1, style=filled, label="14"];
	"100" -> "101";
	"101" [color=indianred1, style=filled, label="41"];
	"97" -> "98";
	"98" [color=indianred1, style=filled, label="47"];
	"96" -> "97";
	"97" [color=indianred1, style=filled, label="16"];
	"94" -> "95";
	"95" [color=indianred1, style=filled, label="2"];
	"93" -> "94";
	"94" [color=indianred1, style=filled, label="15"];
	"90" -> "91";
	"91" [color=indianred1, style=filled, label="4"];
	"90" -> "92";
	"92" [color=indianred1, style=filled, label="47"];
	"88" -> "89";
	"89" [color=indianred1, style=filled, label="23"];
	"86" -> "87";
	"87" [color=indianred1, style=filled, label="10"];
	"83" -> "84";
	"84" [color=indianred1, style=filled, label="49"];
	"82" -> "83";
	"83" [color=indianred1, style=filled, label="22"];
	"81" -> "82";
	"82" [color=indianred1, style=filled, label="41"];
	"81" -> "85";
	"85" [color=indianred1, style=filled, label="16"];
	"80" -> "81";
	"81" [color=indianred1, style=filled, label="21"];
	"78" -> "79";
	"79" [color=indianred1, style=filled, label="25"];
	"77" -> "78";
	"78" [color=indianred1, style=filled, label="18"];
	"76" -> "77";
	"77" [color=indianred1, style=filled, label="23"];
	"75" -> "76";
	"76" [color=indianred1, style=filled, label="5"];
	"73" -> "74";
	"74" [color=indianred1, style=filled, label="25"];
	"72" -> "73";
	"73" [color=indianred1, style=filled, label="41"];
	"72" -> "75";
	"75" [color=indianred1, style=filled, label="15"];
	"69" -> "70";
	"70" [color=indianred1, style=filled, label="16"];
	"69" -> "71";
	"71" [color=indianred1, style=filled, label="39"];
	"68" -> "69";
	"69" [color=indianred1, style=filled, label="24"];
	"68" -> "72";
	"72" [color=indianred1, style=filled, label="47"];
	"68" -> "80";
	"80" [color=indianred1, style=filled, label="14"];
	"68" -> "86";
	"86" [color=indianred1, style=filled, label="8"];
	"68" -> "88";
	"88" [color=indianred1, style=filled, label="5"];
	"68" -> "90";
	"90" [color=indianred1, style=filled, label="49"];
	"67" -> "68";
	"68" [label="18"];
	"67" -> "93";
	"93" [color=indianred1, style=filled, label="8"];
	"66" -> "67";
	"67" [label="22"];
	"66" -> "96";
	"96" [color=indianred1, style=filled, label="14"];
	"65" -> "66";
	"66" [label="23"];
	"64" -> "65";
	"65" [label="40"];
	"63" -> "64";
	"64" [label="21"];
	"62" -> "63";
	"63" [label="5"];
	"61" -> "62";
	"62" [label="49"];
	"61" -> "99";
	"99" [color=indianred1, style=filled, label="10"];
	"58" -> "59";
	"59" [color=indianred1, style=filled, label="14"];
	"56" -> "57";
	"57" [color=indianred1, style=filled, label="47"];
	"55" -> "56";
	"56" [color=indianred1, style=filled, label="8"];
	"54" -> "55";
	"55" [color=indianred1, style=filled, label="26"];
	"53" -> "54";
	"54" [color=indianred1, style=filled, label="25"];
	"53" -> "58";
	"58" [color=indianred1, style=filled, label="47"];
	"53" -> "60";
	"60" [color=indianred1, style=filled, label="39"];
	"53" -> "61";
	"61" [color=indianred1, style=filled, label="13"];
	"53" -> "100";
	"100" [color=indianred1, style=filled, label="8"];
	"53" -> "102";
	"102" [color=indianred1, style=filled, label="16"];
	"52" -> "53";
	"53" [label="4"];
	"52" -> "106";
	"106" [color=indianred1, style=filled, label="41"];
	"51" -> "52";
	"52" [label="47"];
	"50" -> "51";
	"51" [label="7"];
	"49" -> "50";
	"50" [label="16"];
	"48" -> "49";
	"49" [label="8"];
	"47" -> "48";
	"48" [label="14"];
	"46" -> "47";
	"47" [label="15"];
	"45" -> "46";
	"46" [label="1"];
	"45" -> "109";
	"109" [color=indianred1, style=filled, label="37"];
	"45" -> "120";
	"120" [color=indianred1, style=filled, label="35"];
	"45" -> "121";
	"121" [color=indianred1, style=filled, label="32"];
	"44" -> "45";
	"45" [label="2"];
	"43" -> "44";
	"44" [label="41"];
	"42" -> "43";
	"43" [label="35"];
	"41" -> "42";
	"42" [label="13"];
	"40" -> "41";
	"41" [label="39"];
	"39" -> "40";
	"40" [color=indianred1, style=filled, label="46"];
	"38" -> "39";
	"39" [color=indianred1, style=filled, label="33"];
	"38" -> "123";
	"123" [color=indianred1, style=filled, label="25"];
	"37" -> "38";
	"38" [label="32"];
	"37" -> "167";
	"167" [color=indianred1, style=filled, label="33"];
	"33" -> "34";
	"34" [color=indianred1, style=filled, label="17"];
	"33" -> "35";
	"35" [color=indianred1, style=filled, label="28"];
	"32" -> "33";
	"33" [color=indianred1, style=filled, label="30"];
	"31" -> "32";
	"32" [color=indianred1, style=filled, label="27"];
	"28" -> "29";
	"29" [color=indianred1, style=filled, label="9"];
	"28" -> "30";
	"30" [color=indianred1, style=filled, label="17"];
	"26" -> "27";
	"27" [color=indianred1, style=filled, label="11"];
	"24" -> "25";
	"25" [color=indianred1, style=filled, label="24"];
	"23" -> "24";
	"24" [color=indianred1, style=filled, label="3"];
	"20" -> "21";
	"21" [color=indianred1, style=filled, label="9"];
	"18" -> "19";
	"19" [color=indianred1, style=filled, label="28"];
	"18" -> "20";
	"20" [color=indianred1, style=filled, label="11"];
	"17" -> "18";
	"18" [color=indianred1, style=filled, label="37"];
	"16" -> "17";
	"17" [color=indianred1, style=filled, label="30"];
	"16" -> "22";
	"22" [color=indianred1, style=filled, label="17"];
	"16" -> "23";
	"23" [color=indianred1, style=filled, label="12"];
	"16" -> "26";
	"26" [color=indianred1, style=filled, label="37"];
	"16" -> "28";
	"28" [color=indianred1, style=filled, label="34"];
	"15" -> "16";
	"16" [label="42"];
	"15" -> "31";
	"31" [color=indianred1, style=filled, label="33"];
	"14" -> "15";
	"15" [label="11"];
	"13" -> "14";
	"14" [label="3"];
	"13" -> "36";
	"36" [color=indianred1, style=filled, label="33"];
	"12" -> "13";
	"13" [label="17"];
	"11" -> "12";
	"12" [label="9"];
	"10" -> "11";
	"11" [label="27"];
	"9" -> "10";
	"10" [label="34"];
	"8" -> "9";
	"9" [label="12"];
	"8" -> "37";
	"37" [label="25"];
	"8" -> "171";
	"171" [color=indianred1, style=filled, label="28"];
	"8" -> "173";
	"173" [color=indianred1, style=filled, label="10"];
	"8" -> "176";
	"176" [color=indianred1, style=filled, label="46"];
	"7" -> "8";
	"8" [label="24"];
	"6" -> "7";
	"7" [label="33"];
	"5" -> "6";
	"6" [label="37"];
	"4" -> "5";
	"5" [label="30"];
	"3" -> "4";
	"4" [label="10"];
	"2" -> "3";
	"3" [label="26"];
	"1" -> "2";
	"2" [label="28"];
	"0" -> "1";
	"1" [label="46"];
	"0" [label="germline"];
	labelloc="t";
	label="Confidence score: -906.897278";
}
Best cell assigment:
7 119 60 95 45 136 118 95 132 17 121 117 114 8 167 80 115 120 132 45 170 148 167 169 122 115 155 126 43 173 55 159 68 8 88 119 113 141 149 40 28 101 26 35 16 23 22 167 114 70 163 109 167 172 57 140 99 121 98 91 103 150 172 31 175 113 118 164 29 8 54 37 45 52 109 22 176 142 7 68 169 155 69 159 166 175 60 8 16 133 118 154 14 53 44 22 116 80 160 75 99 13 17 151 127 44 167 8 42 173 133 60 19 147 140 61 16 140 16 2 174 165 169 161 146 167 173 167 32 68 132 5 14 87 58 167 174 176 18 111 161 16 157 167 8 74 117 54 142 8 70 110 101 44 36 168 113 53 135 113 171 50 163 75 55 166 116 34 161 45 160 134 16 141 131 79 174 7 176 113 161 171 8 139 18 133 42 142 168 136 120 45 22 45 15 166 165 133 68 114 53 16 100 82 155 54 114 25 25 27 106 45 114 176 8 145 8 8 146 21 167 53 131 108 71 111 118 84 155 30 144 45 176 52 17 85 155 89 105 55 168 88 27 140 136 92 59 137 148 19 
alpha: 0.150000
beta: 0.000010
alpha: 1.000000
